[12/28/2022 12:07:28 PM] [Info] Steam servers ready!
[12/28/2022 12:07:28 PM] [Info] Workshop install folder: C:\Program Files (x86)\Steam\steamapps\common\U3DS/Servers/LFO/Workshop/Steam
[12/28/2022 12:07:28 PM] [Info] 1 workshop item(s) requested
[12/28/2022 12:07:28 PM] [Info] Submitting workshop query for 1 item(s)...
[12/28/2022 12:07:28 PM] [Info] Workshop query yielded 1 result(s)
[12/28/2022 12:07:28 PM] [Info] This server's allowed IP for Workshop downloads: 73.253.101.49
[12/28/2022 12:07:28 PM] [Info] 2899517511 'LFO Mods' has 10 children
[12/28/2022 12:07:28 PM] [Info] 	1232252658
[12/28/2022 12:07:28 PM] [Info] 	2528363491
[12/28/2022 12:07:28 PM] [Info] 	2309977886
[12/28/2022 12:07:28 PM] [Info] 	1727733956
[12/28/2022 12:07:28 PM] [Info] 	2069342497
[12/28/2022 12:07:28 PM] [Info] 	1717095606
[12/28/2022 12:07:28 PM] [Info] 	2796081018
[12/28/2022 12:07:28 PM] [Info] 	2454681372
[12/28/2022 12:07:28 PM] [Info] 	1909152337
[12/28/2022 12:07:28 PM] [Info] 	2480988643
[12/28/2022 12:07:28 PM] [Info] Submitting workshop query for 10 item(s)...
[12/28/2022 12:07:28 PM] [Info] Workshop query yielded 10 result(s)
[12/28/2022 12:07:28 PM] [Info] This server's allowed IP for Workshop downloads: 73.253.101.49
[12/28/2022 12:07:28 PM] [Info] 1232252658 'More Farming Mod' queued for download
[12/28/2022 12:08:04 PM] [Info] 2528363491 'Wind Vehicles' queued for download
[12/28/2022 12:08:04 PM] [Info] 2309977886 'Wind Cars 2.0' queued for download
[12/28/2022 12:08:04 PM] [Info] 1727733956 'Pento's Tactical Apparel' queued for download
[12/28/2022 12:08:04 PM] [Info] Authorized to download 2069342497 'Survivor's Expansion'
[12/28/2022 12:08:04 PM] [Info] 2069342497 'Survivor's Expansion' queued for download
[12/28/2022 12:08:04 PM] [Info] 1717095606 'Creator Tools' queued for download
[12/28/2022 12:08:04 PM] [Info] 2796081018 'Nordic Compatable Arid' queued for download
[12/28/2022 12:08:04 PM] [Info] 2454681372 'Raum's Lockers' queued for download
[12/28/2022 12:08:04 PM] [Info] 1909152337 'California Assets' queued for download
[12/28/2022 12:08:04 PM] [Info] 2480988643 'LFO Washington' queued for download
[12/28/2022 12:08:04 PM] [Info] 10 workshop item(s) to download...
[12/28/2022 12:08:04 PM] [Info] Workshop item found in cache: 1232252658
[12/28/2022 12:08:04 PM] [Info] Installing workshop item: 1232252658
[12/28/2022 12:08:04 PM] [Info] Installed workshop item: 1232252658
[12/28/2022 12:08:04 PM] [Info] Workshop item found in cache: 2528363491
[12/28/2022 12:08:04 PM] [Info] Installing workshop item: 2528363491
[12/28/2022 12:08:04 PM] [Info] Installed workshop item: 2528363491
[12/28/2022 12:08:04 PM] [Info] Workshop item found in cache: 2309977886
[12/28/2022 12:08:04 PM] [Info] Installing workshop item: 2309977886
[12/28/2022 12:08:04 PM] [Info] Installed workshop item: 2309977886
[12/28/2022 12:08:04 PM] [Info] Workshop item found in cache: 1727733956
[12/28/2022 12:08:04 PM] [Info] Installing workshop item: 1727733956
[12/28/2022 12:08:04 PM] [Info] Installed workshop item: 1727733956
[12/28/2022 12:08:04 PM] [Info] Workshop item found in cache: 2069342497
[12/28/2022 12:08:04 PM] [Info] Installing workshop item: 2069342497
[12/28/2022 12:08:04 PM] [Info] Installed workshop item: 2069342497
[12/28/2022 12:08:04 PM] [Info] Workshop item found in cache: 1717095606
[12/28/2022 12:08:04 PM] [Info] Installing workshop item: 1717095606
[12/28/2022 12:08:04 PM] [Info] Installed workshop item: 1717095606
[12/28/2022 12:08:04 PM] [Info] Workshop item found in cache: 2796081018
[12/28/2022 12:08:04 PM] [Info] Installing workshop item: 2796081018
[12/28/2022 12:08:04 PM] [Info] Installed workshop item: 2796081018
[12/28/2022 12:08:04 PM] [Info] Workshop item found in cache: 2454681372
[12/28/2022 12:08:04 PM] [Info] Installing workshop item: 2454681372
[12/28/2022 12:08:04 PM] [Info] Installed workshop item: 2454681372
[12/28/2022 12:08:04 PM] [Info] Workshop item found in cache: 1909152337
[12/28/2022 12:08:04 PM] [Info] Installing workshop item: 1909152337
[12/28/2022 12:08:04 PM] [Info] Installed workshop item: 1909152337
[12/28/2022 12:08:04 PM] [Info] Workshop item 2480988643 found in cache, but remote (12/28/2022 12:06:24 PM) is newer than local (12/28/2022 10:23:22 AM)
[12/28/2022 12:08:04 PM] [Info] Downloading workshop item: 2480988643
[12/28/2022 12:08:04 PM] [Info] Successfully downloaded workshop item: 2480988643
[12/28/2022 12:08:04 PM] [Info] Installing workshop item: 2480988643
[12/28/2022 12:08:04 PM] [Info] Installed workshop item: 2480988643
[12/28/2022 12:08:04 PM] [Info] Monitoring workshop map 'LFO Washington' (2480988643) for changes
[12/28/2022 12:08:04 PM] [Info] Loading level: 8%
[12/28/2022 12:08:06 PM] [Info] Loading level: 16%
[12/28/2022 12:08:06 PM] [Info] Loading level: 25%
[12/28/2022 12:08:06 PM] [Info] Loading level: 33%
[12/28/2022 12:08:06 PM] [Info] Loading level: 41%
[12/28/2022 12:08:06 PM] [Info] Loading level: 50%
[12/28/2022 12:08:06 PM] [Info] Loading level: 58%
[12/28/2022 12:08:06 PM] [Info] Loading level: 66%
[12/28/2022 12:08:06 PM] [Info] Loading level: 75%
[12/28/2022 12:08:06 PM] [Info] Loading level: 83%
[12/28/2022 12:08:06 PM] [Info] Loading level: 91%
[12/28/2022 12:08:06 PM] [Info] Loading level: 100%
[12/28/2022 12:11:18 PM] [Info] BattlEye Server: Player #0 Red__Bear (73.253.101.49:49535) connected
[12/28/2022 12:11:18 PM] [Info] BattlEye Server: Player #0 Red__Bear - BE GUID: f4abbf8aa333c3b24b5656c70080f342
[12/28/2022 12:11:19 PM] [Info] Connecting: PlayerID: 76561199035738472 Name: Red__Bear Character: Red__Bear
[12/28/2022 12:11:19 PM] [Info] BattlEye Server: Connected to BE Master
[12/28/2022 12:12:51 PM] [Info] Disconnecting: PlayerID: 76561199035738472 Name: Red__Bear Character: Red__Bear
[12/28/2022 1:45:25 PM] [Info] BattlEye Server: Player #0 Red__Bear disconnected
[12/28/2022 1:45:25 PM] [Info] BattlEye Server: Failed to receive from BE Master (10054)
[12/28/2022 1:45:25 PM] [Info] BattlEye Server: Disconnected from BE Master
[12/28/2022 1:45:25 PM] [Info] Lost connection to Steam servers because k_EResultNoConnection
[12/28/2022 1:45:41 PM] [Info] Lost connection to Steam servers because k_EResultNoConnection
[12/28/2022 1:45:41 PM] [Info] Failed to connect to Steam servers because k_EResultNoConnection, still retrying
[12/28/2022 1:53:12 PM] [Info] Detected an update to 'LFO Washington' (2480988643)
[12/28/2022 1:58:15 PM] [Info] 
[unloading] InfiniteEnergy
