[2/13/2023 6:02:59 PM] [Info] Steam servers ready!
[2/13/2023 6:02:59 PM] [Info] Workshop install folder: C:\Program Files (x86)\Steam\steamapps\common\U3DS/Servers/LFO/Workshop/Steam
[2/13/2023 6:02:59 PM] [Info] 8 workshop item(s) requested
[2/13/2023 6:02:59 PM] [Info] Submitting workshop query for 8 item(s)...
[2/13/2023 6:02:59 PM] [Info] Workshop query yielded 8 result(s)
[2/13/2023 6:05:31 PM] [Info] This server's allowed IP for Workshop downloads: 73.253.101.49
[2/13/2023 6:05:31 PM] [Info] 877777769 'Furniture Expansion' queued for download
[2/13/2023 6:05:31 PM] [Info] 1717095606 'Creator Tools' queued for download
[2/13/2023 6:05:31 PM] [Info] Authorized to download 2069342497 'Survivor's Expansion'
[2/13/2023 6:05:31 PM] [Info] 2069342497 'Survivor's Expansion' queued for download
[2/13/2023 6:05:31 PM] [Info] 2133808330 'Music Remaster 3.0' queued for download
[2/13/2023 6:05:31 PM] [Info] 1232252658 'More Farming Mod' queued for download
[2/13/2023 6:05:31 PM] [Info] 1909152337 'California Assets' queued for download
[2/13/2023 6:05:31 PM] [Info] Authorized to download 2802239233 'UDarkRP Vehicles'
[2/13/2023 6:05:31 PM] [Info] 2802239233 'UDarkRP Vehicles' queued for download
[2/13/2023 6:05:31 PM] [Info] 2683620106 'Arid' queued for download
[2/13/2023 6:05:31 PM] [Info] 8 workshop item(s) to download...
[2/13/2023 6:05:31 PM] [Info] Workshop item found in cache: 877777769
[2/13/2023 6:05:31 PM] [Info] Installing workshop item: 877777769
[2/13/2023 6:05:31 PM] [Info] Installed workshop item: 877777769
[2/13/2023 6:05:31 PM] [Info] Workshop item found in cache: 1717095606
[2/13/2023 6:05:31 PM] [Info] Installing workshop item: 1717095606
[2/13/2023 6:05:31 PM] [Info] Installed workshop item: 1717095606
[2/13/2023 6:05:31 PM] [Info] Workshop item found in cache: 2069342497
[2/13/2023 6:05:31 PM] [Info] Installing workshop item: 2069342497
[2/13/2023 6:05:31 PM] [Info] Installed workshop item: 2069342497
[2/13/2023 6:05:31 PM] [Info] Workshop item found in cache: 2133808330
[2/13/2023 6:05:31 PM] [Info] Installing workshop item: 2133808330
[2/13/2023 6:05:31 PM] [Info] Installed workshop item: 2133808330
[2/13/2023 6:05:31 PM] [Info] Workshop item 1232252658 found in cache, but remote (2/12/2023 9:30:42 AM) is newer than local (2/9/2023 4:27:30 PM)
[2/13/2023 6:05:31 PM] [Info] Downloading workshop item: 1232252658
[2/13/2023 6:05:31 PM] [Info] Successfully downloaded workshop item: 1232252658
[2/13/2023 6:05:31 PM] [Info] Installing workshop item: 1232252658
[2/13/2023 6:06:41 PM] [Info] Installed workshop item: 1232252658
[2/13/2023 6:06:41 PM] [Info] Workshop item found in cache: 1909152337
[2/13/2023 6:06:41 PM] [Info] Installing workshop item: 1909152337
[2/13/2023 6:06:41 PM] [Info] Installed workshop item: 1909152337
[2/13/2023 6:06:41 PM] [Info] Workshop item found in cache: 2802239233
[2/13/2023 6:06:41 PM] [Info] Installing workshop item: 2802239233
[2/13/2023 6:06:41 PM] [Info] Installed workshop item: 2802239233
[2/13/2023 6:06:41 PM] [Info] Workshop item found in cache: 2683620106
[2/13/2023 6:06:41 PM] [Info] Installing workshop item: 2683620106
[2/13/2023 6:06:41 PM] [Info] Installed workshop item: 2683620106
[2/13/2023 6:06:41 PM] [Info] Loading level: 8%
[2/13/2023 6:06:45 PM] [Info] Loading level: 16%
[2/13/2023 6:06:47 PM] [Info] Loading level: 25%
[2/13/2023 6:06:47 PM] [Info] Loading level: 33%
[2/13/2023 6:06:47 PM] [Info] Loading level: 41%
[2/13/2023 6:06:47 PM] [Info] Loading level: 50%
[2/13/2023 6:06:48 PM] [Info] Loading level: 58%
[2/13/2023 6:06:48 PM] [Info] Loading level: 66%
[2/13/2023 6:06:48 PM] [Info] Loading level: 75%
[2/13/2023 6:06:48 PM] [Info] Loading level: 83%
[2/13/2023 6:06:48 PM] [Info] Loading level: 91%
[2/13/2023 6:06:48 PM] [Info] Loading level: 100%
[2/13/2023 6:07:21 PM] [Info] BattlEye Server: Player #0 Shake (10.16.17.81:65243) connected
[2/13/2023 6:07:21 PM] [Info] BattlEye Server: Player #0 Shake - BE GUID: f4abbf8aa333c3b24b5656c70080f342
[2/13/2023 6:07:21 PM] [Info] Connecting: PlayerID: 76561199035738472 Name: Shake Character: Shake
[2/13/2023 6:07:21 PM] [Info] BattlEye Server: Connected to BE Master
[2/13/2023 6:08:13 PM] [Info] Successfully admined 76561199035738472!
[2/13/2023 6:08:21 PM] [Info] [Group] Shake [Shake]: "/pointtool jump"
[2/13/2023 6:08:32 PM] [Info] [Group] Shake [Shake]: "/heal"
[2/13/2023 6:08:33 PM] [Info] [Group] Shake [Shake]: "/i 1176"
[2/13/2023 6:08:40 PM] [Info] [Group] Shake [Shake]: "/teleport wp"
[2/13/2023 6:08:40 PM] [Error] Failed to find anyone or anywhere called wp.
[2/13/2023 6:08:43 PM] [Info] [World] Shake [Shake]: "/teleport wp"
[2/13/2023 6:08:43 PM] [Info] Successfully teleported Shake to waypoint!
[2/13/2023 6:08:48 PM] [Info] [Group] Shake [Shake]: "/god"
[2/13/2023 6:09:20 PM] [Info] Disconnecting: PlayerID: 76561199035738472 Name: Shake Character: Shake
[2/13/2023 6:09:20 PM] [Info] BattlEye Server: Player #0 Shake disconnected
[2/13/2023 8:47:40 PM] [Info] BattlEye Server: Player #0 Shake (10.16.17.81:52117) connected
[2/13/2023 8:47:40 PM] [Info] BattlEye Server: Player #0 Shake - BE GUID: f4abbf8aa333c3b24b5656c70080f342
[2/13/2023 8:48:14 PM] [Info] Connecting: PlayerID: 76561199035738472 Name: Shake Character: Shake
[2/13/2023 8:48:14 PM] [Info] [Group] Shake [Shake]: "/experience 2000"
[2/13/2023 8:48:15 PM] [Info] Successfully gave Shake +2000 experience!
[2/13/2023 8:48:37 PM] [Info] [Area] Shake [Shake]: "/experience 1000"
[2/13/2023 8:48:37 PM] [Info] Successfully gave Shake +1000 experience!
[2/13/2023 8:49:02 PM] [Info] [Group] Shake [Shake]: "/exit"
[2/13/2023 8:49:02 PM] [Info] BattlEye Server: Player #0 Shake disconnected
[2/13/2023 10:57:07 PM] [Info] Lost connection to Steam servers because k_EResultOK
[2/26/2023 2:16:29 PM] [Info] BattlEye Server: Failed to receive from BE Master (10054)
[2/26/2023 2:16:29 PM] [Info] BattlEye Server: Disconnected from BE Master
[3/6/2023 3:07:11 AM] [Info] Failed to connect to Steam servers because k_EResultNoConnection, still retrying
[3/6/2023 3:07:26 AM] [Info] Failed to connect to Steam servers because k_EResultNoConnection, still retrying
[3/6/2023 3:07:40 AM] [Info] Failed to connect to Steam servers because k_EResultNoConnection, still retrying
[3/6/2023 3:07:51 AM] [Info] Failed to connect to Steam servers because k_EResultNoConnection, still retrying
[3/6/2023 3:08:04 AM] [Info] Failed to connect to Steam servers because k_EResultNoConnection, still retrying
[3/6/2023 3:09:08 AM] [Info] Failed to connect to Steam servers because k_EResultNoConnection, still retrying
[3/6/2023 3:11:25 AM] [Info] Lost connection to Steam servers because k_EResultNoConnection
[3/6/2023 3:11:26 AM] [Info] Failed to connect to Steam servers because k_EResultNoConnection, still retrying
[3/6/2023 3:11:35 AM] [Info] Failed to connect to Steam servers because k_EResultNoConnection, still retrying
[3/6/2023 3:11:51 AM] [Info] Failed to connect to Steam servers because k_EResultNoConnection, still retrying
[3/6/2023 3:12:10 AM] [Info] Lost connection to Steam servers because k_EResultNoConnection
[3/6/2023 3:12:10 AM] [Info] Failed to connect to Steam servers because k_EResultNoConnection, still retrying
[3/6/2023 3:12:14 AM] [Info] Failed to connect to Steam servers because k_EResultNoConnection, still retrying
[3/6/2023 3:12:34 AM] [Info] Failed to connect to Steam servers because k_EResultNoConnection, still retrying
[3/6/2023 3:12:35 AM] [Info] Failed to connect to Steam servers because k_EResultNoConnection, still retrying
[3/6/2023 3:12:44 AM] [Info] Failed to connect to Steam servers because k_EResultNoConnection, still retrying
[3/6/2023 3:13:09 AM] [Info] ShimmysAdminTools >> 
[unloading] ShimmysAdminTools
