[12/23/2022 7:58:48 PM] [Info] [registered] /more (Rocket.Unturned.Commands.CommandMore/more)
[12/23/2022 7:58:48 PM] [Info] [registered] /admin (Rocket.Unturned.Commands.CommandAdmin/admin)
[12/23/2022 7:58:48 PM] [Info] [registered] /broadcast (Rocket.Unturned.Commands.CommandBroadcast/broadcast)
[12/23/2022 7:58:48 PM] [Info] [registered] /compass (Rocket.Unturned.Commands.CommandCompass/compass)
[12/23/2022 7:58:48 PM] [Info] [registered] /effect (Rocket.Unturned.Commands.CommandEffect/effect)
[12/23/2022 7:58:48 PM] [Info] [registered] /exit (Rocket.Unturned.Commands.CommandExit/exit)
[12/23/2022 7:58:48 PM] [Info] [registered] /god (Rocket.Unturned.Commands.CommandGod/god)
[12/23/2022 7:58:48 PM] [Info] [registered] /heal (Rocket.Unturned.Commands.CommandHeal/heal)
[12/23/2022 7:58:48 PM] [Info] [registered] /help (Rocket.Unturned.Commands.CommandHelp/help)
[12/23/2022 7:58:48 PM] [Info] [registered] /home (Rocket.Unturned.Commands.CommandHome/home)
[12/23/2022 7:58:48 PM] [Info] [registered] /i (Rocket.Unturned.Commands.CommandI/i)
[12/23/2022 7:58:48 PM] [Info] [registered] /item (Rocket.Unturned.Commands.CommandI/item)
[12/23/2022 7:58:48 PM] [Info] [registered] /investigate (Rocket.Unturned.Commands.CommandInvestigate/investigate)
[12/23/2022 7:58:48 PM] [Info] [registered] /p (Rocket.Unturned.Commands.CommandP/p)
[12/23/2022 7:58:48 PM] [Info] [registered] /permissions (Rocket.Unturned.Commands.CommandP/permissions)
[12/23/2022 7:58:48 PM] [Info] [registered] /rocket (Rocket.Unturned.Commands.CommandRocket/rocket)
[12/23/2022 7:58:48 PM] [Info] [registered] /tp (Rocket.Unturned.Commands.CommandTp/tp)
[12/23/2022 7:58:48 PM] [Info] [registered] /tphere (Rocket.Unturned.Commands.CommandTphere/tphere)
[12/23/2022 7:58:48 PM] [Info] [registered] /unadmin (Rocket.Unturned.Commands.CommandUnadmin/unadmin)
[12/23/2022 7:58:48 PM] [Info] [registered] /v (Rocket.Unturned.Commands.CommandV/v)
[12/23/2022 7:58:48 PM] [Info] [registered] /vanish (Rocket.Unturned.Commands.CommandVanish/vanish)
[12/23/2022 7:58:48 PM] [Info] Loading InfiniteEnergy from C:\Program Files (x86)\Steam\steamapps\common\U3DS\Servers\MyServer\Rocket\Plugins\InfiniteEnergy.dll
[12/23/2022 7:58:48 PM] [Info] Loading MoreHomes from C:\Program Files (x86)\Steam\steamapps\common\U3DS\Servers\MyServer\Rocket\Plugins\MoreHomes.dll
[12/23/2022 7:58:48 PM] [Info] Loading ReponseMod_HiddenName from C:\Program Files (x86)\Steam\steamapps\common\U3DS\Servers\MyServer\Rocket\Plugins\ReponseMod_HiddenName.dll
[12/23/2022 7:58:48 PM] [Info] Loading Teleportation from C:\Program Files (x86)\Steam\steamapps\common\U3DS\Servers\MyServer\Rocket\Plugins\Teleportation.dll
[12/23/2022 7:58:48 PM] [Info] Loading uEssentials from C:\Program Files (x86)\Steam\steamapps\common\U3DS\Servers\MyServer\Rocket\Plugins\uEssentials.dll
[12/23/2022 7:58:49 PM] [Info] 
[loading] InfiniteEnergy
[12/23/2022 7:58:49 PM] [Error] Could not find dependency: 0Harmony, Version=2.1.1.0, Culture=neutral, PublicKeyToken=null
[12/23/2022 7:58:49 PM] [Error] Could not find dependency: 0Harmony, Version=2.1.1.0, Culture=neutral, PublicKeyToken=null
[12/23/2022 7:58:49 PM] [Info] 
[loading] ReponseMod_HiddenName
[12/23/2022 7:58:49 PM] [Info] 
[loading] Teleportation
[12/23/2022 7:58:49 PM] [Info] [registered] /tpa (RestoreMonarchy.Teleportation.Commands.TPACommand/tpa)
[12/23/2022 7:58:49 PM] [Info] Teleportation >> Teleportation 1.7.0.0 has been loaded!
[12/23/2022 7:58:49 PM] [Info] 
[loading] uEssentials
[12/23/2022 7:58:49 PM] [Error] Failed to load uEssentials, unloading now... :System.TypeLoadException: Could not resolve type with token 010000ed (from typeref, class/assembly SDG.Unturned.ConsoleInput, Assembly-CSharp-firstpass, Version=0.0.0.0, Culture=neutral, PublicKeyToken=null)
  at Rocket.Core.Plugins.RocketPlugin.LoadPlugin () [0x00033] in <59a13feb721848c8b0cd173f6d0e820b>:0 
[12/23/2022 7:58:49 PM] [Info] 
[unloading] uEssentials
[12/23/2022 7:58:49 PM] [Error] Failed to unload uEssentials:System.TypeLoadException: Could not resolve type with token 010000ed (from typeref, class/assembly SDG.Unturned.ConsoleInput, Assembly-CSharp-firstpass, Version=0.0.0.0, Culture=neutral, PublicKeyToken=null)
  at Rocket.Core.Plugins.RocketPlugin.UnloadPlugin (Rocket.API.PluginState state) [0x0003b] in <59a13feb721848c8b0cd173f6d0e820b>:0 
  at Rocket.Core.Plugins.RocketPlugin.LoadPlugin () [0x0005c] in <59a13feb721848c8b0cd173f6d0e820b>:0 
[12/23/2022 7:58:49 PM] [Info] This server will automatically save every 1800 seconds
[12/23/2022 7:58:49 PM] [Info] Steam servers ready!
[12/23/2022 7:58:49 PM] [Info] Workshop install folder: C:\Program Files (x86)\Steam\steamapps\common\U3DS/Servers/MyServer/Workshop/Steam
[12/23/2022 7:58:49 PM] [Info] 4 workshop item(s) requested
[12/23/2022 7:58:49 PM] [Info] Submitting workshop query for 4 item(s)...
[12/23/2022 7:58:49 PM] [Info] Workshop query yielded 4 result(s)
[12/23/2022 7:58:49 PM] [Info] This server's allowed IP for Workshop downloads: 73.253.101.49
[12/23/2022 7:58:57 PM] [Info] 2898548949 'A6 Polaris' queued for download
[12/23/2022 7:58:57 PM] [Info] 1717095606 'Creator Tools' queued for download
[12/23/2022 7:58:57 PM] [Info] 2796081018 'Nordic Compatable Arid' queued for download
[12/23/2022 7:58:57 PM] [Info] 2902515278 'A6 Polaris+ Mod [Spawn in map]' queued for download
[12/23/2022 7:58:57 PM] [Info] 2902515278 'A6 Polaris+ Mod [Spawn in map]' has 1 children
[12/23/2022 7:58:57 PM] [Info] 	2898548949 (already queued)
[12/23/2022 7:58:57 PM] [Info] 4 workshop item(s) to download...
[12/23/2022 7:58:57 PM] [Info] Workshop item 2898548949 found in cache, but remote (12/23/2022 7:07:11 PM) is newer than local (12/19/2022 12:57:42 PM)
[12/23/2022 7:58:57 PM] [Info] Downloading workshop item: 2898548949
[12/23/2022 7:58:57 PM] [Info] 
[unloading] InfiniteEnergy
[12/23/2022 7:58:57 PM] [Info] 
[unloading] Teleportation
[12/23/2022 7:58:57 PM] [Info] Teleportation >> Teleportation has been unloaded!
