[12/24/2022 12:28:08 PM] [Info] Steam servers ready!
[12/24/2022 12:28:08 PM] [Info] Workshop install folder: C:\Program Files (x86)\Steam\steamapps\common\U3DS/Servers/MyServer/Workshop/Steam
[12/24/2022 12:28:08 PM] [Info] 4 workshop item(s) requested
[12/24/2022 12:28:08 PM] [Info] Submitting workshop query for 4 item(s)...
[12/24/2022 12:28:08 PM] [Info] Workshop query yielded 4 result(s)
[12/24/2022 12:28:08 PM] [Info] This server's allowed IP for Workshop downloads: 73.253.101.49
[12/24/2022 12:28:33 PM] [Info] 2898548949 'A6 Polaris' queued for download
[12/24/2022 12:28:33 PM] [Info] 1717095606 'Creator Tools' queued for download
[12/24/2022 12:28:33 PM] [Info] 2796081018 'Nordic Compatable Arid' queued for download
[12/24/2022 12:28:33 PM] [Info] 2902515278 'A6 Polaris+ Mod [Spawn in map]' queued for download
[12/24/2022 12:28:33 PM] [Info] 2902515278 'A6 Polaris+ Mod [Spawn in map]' has 1 children
[12/24/2022 12:28:33 PM] [Info] 	2898548949 (already queued)
[12/24/2022 12:28:33 PM] [Info] 4 workshop item(s) to download...
[12/24/2022 12:28:33 PM] [Info] Workshop item found in cache: 2898548949
[12/24/2022 12:28:33 PM] [Info] Installing workshop item: 2898548949
[12/24/2022 12:28:33 PM] [Info] Installed workshop item: 2898548949
[12/24/2022 12:28:33 PM] [Info] Workshop item found in cache: 1717095606
[12/24/2022 12:28:33 PM] [Info] Installing workshop item: 1717095606
[12/24/2022 12:28:33 PM] [Info] Installed workshop item: 1717095606
[12/24/2022 12:28:33 PM] [Info] Workshop item found in cache: 2796081018
[12/24/2022 12:28:33 PM] [Info] Installing workshop item: 2796081018
[12/24/2022 12:28:33 PM] [Info] Installed workshop item: 2796081018
[12/24/2022 12:28:33 PM] [Info] Workshop item found in cache: 2902515278
[12/24/2022 12:28:33 PM] [Info] Installing workshop item: 2902515278
[12/24/2022 12:28:33 PM] [Info] Installed workshop item: 2902515278
[12/24/2022 12:28:33 PM] [Info] Skipping level config override Animals.Max_Instances_Medium because server value (50) is not the default (16)
[12/24/2022 12:28:33 PM] [Info] Skipping level config override Items.Quality_Full_Chance because server value (1) is not the default (0.1)
[12/24/2022 12:28:33 PM] [Info] Level overrides config Barricades.Allow_Item_Placement_On_Vehicle: False (Default: True)
[12/24/2022 12:28:33 PM] [Info] Level overrides config Barricades.Allow_Trap_Placement_On_Vehicle: False (Default: True)
[12/24/2022 12:28:33 PM] [Info] Skipping level config override Barricades.Gun_Lowcal_Damage_Multiplier because server value (0.01) is not the default (1)
[12/24/2022 12:28:33 PM] [Info] Skipping level config override Barricades.Gun_Highcal_Damage_Multiplier because server value (0.01) is not the default (1)
[12/24/2022 12:28:33 PM] [Info] Skipping level config override Barricades.Armor_Lowtier_Multiplier because server value (100) is not the default (1)
[12/24/2022 12:28:33 PM] [Info] Skipping level config override Barricades.Armor_Hightier_Multiplier because server value (100) is not the default (0.5)
[12/24/2022 12:28:33 PM] [Info] Skipping level config override Structures.Gun_Lowcal_Damage_Multiplier because server value (0.01) is not the default (1)
[12/24/2022 12:28:33 PM] [Info] Skipping level config override Structures.Gun_Highcal_Damage_Multiplier because server value (0.01) is not the default (1)
[12/24/2022 12:28:33 PM] [Info] Skipping level config override Structures.Armor_Lowtier_Multiplier because server value (0.01) is not the default (1)
[12/24/2022 12:28:33 PM] [Info] Skipping level config override Structures.Armor_Hightier_Multiplier because server value (0.01) is not the default (0.5)
[12/24/2022 12:28:33 PM] [Info] Skipping level config override Structures.Melee_Damage_Multiplier because server value (0.01) is not the default (1)
[12/24/2022 12:28:33 PM] [Info] Skipping level config override Structures.Melee_Repair_Multiplier because server value (5) is not the default (1)
[12/24/2022 12:28:33 PM] [Info] Skipping level config override Events.Airdrop_Speed because server value (1) is not the default (128)
[12/24/2022 12:28:33 PM] [Info] Skipping level config override Events.Airdrop_Force because server value (1) is not the default (9.5)
[12/24/2022 12:28:33 PM] [Info] Skipping level config override Vehicles.Gun_Lowcal_Damage_Multiplier because server value (0.5) is not the default (1)
[12/24/2022 12:28:33 PM] [Info] Skipping level config override Vehicles.Melee_Damage_Multiplier because server value (0.5) is not the default (1)
[12/24/2022 12:28:33 PM] [Info] Skipping level config override Vehicles.Min_Battery_Charge because server value (1) is not the default (0.5)
[12/24/2022 12:28:33 PM] [Info] Skipping level config override Vehicles.Max_Battery_Charge because server value (1) is not the default (0.75)
[12/24/2022 12:28:33 PM] [Info] Skipping level config override Vehicles.Has_Battery_Chance because server value (1) is not the default (0.8)
[12/24/2022 12:28:33 PM] [Info] Skipping level config override Vehicles.Max_Instances_Medium because server value (40) is not the default (16)
[12/24/2022 12:28:33 PM] [Info] Level overrides config Vehicles.Armor_Multiplier: 0.375 (Default: 1)
[12/24/2022 12:28:33 PM] [Info] Level overrides config Players.Experience_Multiplier: 1 (Default: 1)
[12/24/2022 12:28:33 PM] [Info] Skipping level config override Players.Lose_Skills_PvP because server value (1) is not the default (0.75)
[12/24/2022 12:28:33 PM] [Info] Skipping level config override Players.Lose_Skills_PvE because server value (1) is not the default (0.75)
[12/24/2022 12:28:33 PM] [Info] Skipping level config override Players.Virus_Infect because server value (90) is not the default (50)
[12/24/2022 12:28:33 PM] [Info] Level overrides config Zombies.Armor_Multiplier: 1 (Default: 1)
[12/24/2022 12:28:33 PM] [Info] Skipping level config override Zombies.Full_Moon_Experience_Multiplier because server value (5) is not the default (2)
[12/24/2022 12:28:33 PM] [Info] Skipping level config override Zombies.Spawn_Chance because server value (1) is not the default (0.25)
[12/24/2022 12:28:33 PM] [Info] Level overrides config Zombies.Min_Mega_Drops: 1 (Default: 5)
[12/24/2022 12:28:33 PM] [Info] Skipping level config override Zombies.Max_Mega_Drops because server value (10) is not the default (5)
[12/24/2022 12:28:33 PM] [Info] Skipping level config override Zombies.Min_Boss_Drops because server value (5) is not the default (8)
[12/24/2022 12:28:33 PM] [Info] Level overrides config Zombies.Max_Boss_Drops: 1 (Default: 10)
[12/24/2022 12:28:33 PM] [Info] Skipping level config override Zombies.Loot_Chance because server value (1) is not the default (0.5)
[12/24/2022 12:28:33 PM] [Info] Level overrides config Gameplay.Chart: True (Default: False)
[12/24/2022 12:28:33 PM] [Info] Monitoring workshop map 'A6 Polaris' (2898548949) for changes
[12/24/2022 12:28:33 PM] [Info] Loading level: 8%
[12/24/2022 12:28:36 PM] [Info] Loading level: 16%
[12/24/2022 12:28:36 PM] [Info] Loading level: 25%
[12/24/2022 12:28:36 PM] [Info] Loading level: 33%
[12/24/2022 12:28:36 PM] [Info] Loading level: 41%
[12/24/2022 12:28:36 PM] [Info] Loading level: 50%
[12/24/2022 12:28:36 PM] [Info] Loading level: 58%
[12/24/2022 12:28:36 PM] [Info] Loading level: 66%
[12/24/2022 12:28:36 PM] [Info] Loading level: 75%
[12/24/2022 12:28:36 PM] [Info] Loading level: 83%
[12/24/2022 12:28:36 PM] [Info] Loading level: 91%
[12/24/2022 12:28:36 PM] [Info] Loading level: 100%
[12/24/2022 1:38:30 PM] [Info] Lost connection to Steam servers because k_EResultNoConnection
[12/24/2022 2:04:15 PM] [Info] Lost connection to Steam servers because k_EResultNoConnection
[12/24/2022 2:04:15 PM] [Info] Failed to connect to Steam servers because k_EResultNoConnection, still retrying
[12/24/2022 4:39:47 PM] [Info] Lost connection to Steam servers because k_EResultNoConnection
[12/24/2022 9:57:16 PM] [Info] Lost connection to Steam servers because k_EResultNoConnection
[12/24/2022 10:59:07 PM] [Info] Lost connection to Steam servers because k_EResultNoConnection
[12/24/2022 10:59:07 PM] [Info] Failed to connect to Steam servers because k_EResultNoConnection, still retrying
[12/24/2022 10:59:34 PM] [Info] Failed to connect to Steam servers because k_EResultNoConnection, still retrying
[12/25/2022 3:14:00 AM] [Info] Lost connection to Steam servers because k_EResultNoConnection
[12/25/2022 3:44:04 AM] [Info] Lost connection to Steam servers because k_EResultNoConnection
[12/25/2022 3:44:40 AM] [Info] Failed to connect to Steam servers because k_EResultNoConnection, still retrying
[12/25/2022 5:11:16 AM] [Info] Lost connection to Steam servers because k_EResultNoConnection
[12/25/2022 5:11:16 AM] [Info] Failed to connect to Steam servers because k_EResultNoConnection, still retrying
[12/25/2022 5:11:26 AM] [Info] Failed to connect to Steam servers because k_EResultNoConnection, still retrying
[12/25/2022 5:11:35 AM] [Info] Failed to connect to Steam servers because k_EResultNoConnection, still retrying
[12/25/2022 7:05:47 AM] [Info] Lost connection to Steam servers because k_EResultNoConnection
[12/25/2022 7:05:47 AM] [Info] Failed to connect to Steam servers because k_EResultNoConnection, still retrying
[12/25/2022 7:05:54 AM] [Info] Failed to connect to Steam servers because k_EResultNoConnection, still retrying
[12/25/2022 7:05:58 AM] [Info] Failed to connect to Steam servers because k_EResultNoConnection, still retrying
[12/25/2022 7:06:25 AM] [Info] Failed to connect to Steam servers because k_EResultNoConnection, still retrying
[12/25/2022 9:20:26 AM] [Info] Lost connection to Steam servers because k_EResultNoConnection
[12/25/2022 9:20:26 AM] [Info] Failed to connect to Steam servers because k_EResultNoConnection, still retrying
[12/25/2022 9:20:41 AM] [Info] Failed to connect to Steam servers because k_EResultNoConnection, still retrying
[12/25/2022 3:43:36 PM] [Info] BattlEye Server: Player #0 JACK THE RIPPER (108.90.241.159:53060) connected
[12/25/2022 3:43:36 PM] [Info] BattlEye Server: Player #0 JACK THE RIPPER - BE GUID: 0b39942d7d9a57c3719c1f802044c592
[12/25/2022 3:43:36 PM] [Info] Connecting: PlayerID: 76561199074224396 Name: JACK THE RIPPER Character: reaper
[12/25/2022 3:43:36 PM] [Info] BattlEye Server: Connected to BE Master
[12/25/2022 3:44:02 PM] [Info] [World] reaper [JACK THE RIPPER]: "/i "cat""
[12/25/2022 3:44:08 PM] [Info] [World] reaper [JACK THE RIPPER]: "/i cat"
[12/25/2022 3:44:13 PM] [Info] [World] reaper [JACK THE RIPPER]: "/home"
[12/25/2022 3:44:24 PM] [Info] [World] reaper [JACK THE RIPPER]: "/teleport wp"
[12/25/2022 3:44:24 PM] [Info] Successfully teleported JACK THE RIPPER to waypoint!
[12/25/2022 3:44:37 PM] [Info] [World] reaper [JACK THE RIPPER]: "/home"
[12/25/2022 3:44:42 PM] [Error] Exception invoking SDG.Unturned.InteractableBed.ReceiveClaimRequest from client steamid:76561199074224396:
[12/25/2022 3:44:44 PM] [Error] Object reference not set to an instance of an object
[12/25/2022 3:44:44 PM] [Error]   at RestoreMonarchy.MoreHomes.Patches.InteractableBed_ReceiveClaimRequest_Patch.ReceiveClaimRequest_Prefix (SDG.Unturned.InteractableBed __instance, SDG.Unturned.ServerInvocationContext& context) [0x000d5] in <c1083bde738642a1802c0bf4335a26c2>:0 
  at (wrapper dynamic-method) SDG.Unturned.InteractableBed.SDG.Unturned.InteractableBed.ReceiveClaimRequest_Patch1(SDG.Unturned.InteractableBed,SDG.Unturned.ServerInvocationContext&)
  at SDG.Unturned.InteractableBed_NetMethods.ReceiveClaimRequest_Read (SDG.Unturned.ServerInvocationContext& context) [0x0002c] in <326a21567897492a8423232d65c99596>:0 
  at SDG.Unturned.ServerMessageHandler_InvokeMethod.ReadMessage (SDG.NetTransport.ITransportConnection transportConnection, SDG.NetPak.NetPakReader reader) [0x00112] in <326a21567897492a8423232d65c99596>:0 
[12/25/2022 3:44:44 PM] [Error] Exception invoking SDG.Unturned.InteractableBed.ReceiveClaimRequest from client steamid:76561199074224396:
[12/25/2022 3:44:44 PM] [Error] Object reference not set to an instance of an object
[12/25/2022 3:44:44 PM] [Error]   at RestoreMonarchy.MoreHomes.Patches.InteractableBed_ReceiveClaimRequest_Patch.ReceiveClaimRequest_Prefix (SDG.Unturned.InteractableBed __instance, SDG.Unturned.ServerInvocationContext& context) [0x000d5] in <c1083bde738642a1802c0bf4335a26c2>:0 
  at (wrapper dynamic-method) SDG.Unturned.InteractableBed.SDG.Unturned.InteractableBed.ReceiveClaimRequest_Patch1(SDG.Unturned.InteractableBed,SDG.Unturned.ServerInvocationContext&)
  at SDG.Unturned.InteractableBed_NetMethods.ReceiveClaimRequest_Read (SDG.Unturned.ServerInvocationContext& context) [0x0002c] in <326a21567897492a8423232d65c99596>:0 
  at SDG.Unturned.ServerMessageHandler_InvokeMethod.ReadMessage (SDG.NetTransport.ITransportConnection transportConnection, SDG.NetPak.NetPakReader reader) [0x00112] in <326a21567897492a8423232d65c99596>:0 
[12/25/2022 3:44:45 PM] [Error] Exception invoking SDG.Unturned.InteractableBed.ReceiveClaimRequest from client steamid:76561199074224396:
[12/25/2022 3:44:45 PM] [Error] Object reference not set to an instance of an object
[12/25/2022 3:44:45 PM] [Error]   at RestoreMonarchy.MoreHomes.Patches.InteractableBed_ReceiveClaimRequest_Patch.ReceiveClaimRequest_Prefix (SDG.Unturned.InteractableBed __instance, SDG.Unturned.ServerInvocationContext& context) [0x000d5] in <c1083bde738642a1802c0bf4335a26c2>:0 
  at (wrapper dynamic-method) SDG.Unturned.InteractableBed.SDG.Unturned.InteractableBed.ReceiveClaimRequest_Patch1(SDG.Unturned.InteractableBed,SDG.Unturned.ServerInvocationContext&)
  at SDG.Unturned.InteractableBed_NetMethods.ReceiveClaimRequest_Read (SDG.Unturned.ServerInvocationContext& context) [0x0002c] in <326a21567897492a8423232d65c99596>:0 
  at SDG.Unturned.ServerMessageHandler_InvokeMethod.ReadMessage (SDG.NetTransport.ITransportConnection transportConnection, SDG.NetPak.NetPakReader reader) [0x00112] in <326a21567897492a8423232d65c99596>:0 
[12/25/2022 3:45:06 PM] [Info] [World] reaper [JACK THE RIPPER]: "/home"
[12/25/2022 3:45:20 PM] [Info] [World] reaper [JACK THE RIPPER]: "/bed"
[12/25/2022 3:45:41 PM] [Info] [World] reaper [JACK THE RIPPER]: "/i "wal locker""
[12/25/2022 3:51:31 PM] [Info] [World] reaper [JACK THE RIPPER]: "/teleport wp"
[12/25/2022 3:51:31 PM] [Info] Successfully teleported JACK THE RIPPER to waypoint!
[12/25/2022 3:55:56 PM] [Info] [World] reaper [JACK THE RIPPER]: "/god"
[12/25/2022 3:56:00 PM] [Info] [World] reaper [JACK THE RIPPER]: "/teleport wp"
[12/25/2022 3:56:00 PM] [Info] Successfully teleported JACK THE RIPPER to waypoint!
[12/25/2022 3:56:11 PM] [Info] [World] reaper [JACK THE RIPPER]: "/bed 1"
[12/25/2022 3:56:14 PM] [Info] [World] reaper [JACK THE RIPPER]: "/home 1"
[12/25/2022 3:56:25 PM] [Info] [World] reaper [JACK THE RIPPER]: "/home1"
[12/25/2022 3:56:26 PM] [Info] [World] reaper [JACK THE RIPPER]: "/home"
[12/25/2022 3:57:04 PM] [Info] [World] reaper [JACK THE RIPPER]: "/teleport wp"
[12/25/2022 3:57:04 PM] [Info] Successfully teleported JACK THE RIPPER to waypoint!
[12/25/2022 3:58:24 PM] [Info] [World] reaper [JACK THE RIPPER]: "/teleport wp"
[12/25/2022 3:58:24 PM] [Info] Successfully teleported JACK THE RIPPER to waypoint!
[12/25/2022 4:04:01 PM] [Info] BattlEye Server: Ban check timed out, no response from BE Master
[12/25/2022 4:11:51 PM] [Info] [World] reaper [JACK THE RIPPER]: "/teleport wp"
[12/25/2022 4:11:52 PM] [Info] Successfully teleported JACK THE RIPPER to waypoint!
[12/25/2022 4:13:25 PM] [Info] [World] reaper [JACK THE RIPPER]: "nugget"
[12/25/2022 4:13:41 PM] [Info] Disconnecting: PlayerID: 76561199074224396 Name: JACK THE RIPPER Character: reaper
[12/25/2022 4:13:41 PM] [Info] BattlEye Server: Player #0 JACK THE RIPPER disconnected
[12/25/2022 4:14:12 PM] [Info] BattlEye Server: Player #0 JACK THE RIPPER (108.90.241.159:58268) connected
[12/25/2022 4:14:12 PM] [Info] BattlEye Server: Player #0 JACK THE RIPPER - BE GUID: 0b39942d7d9a57c3719c1f802044c592
[12/25/2022 4:14:29 PM] [Info] Connecting: PlayerID: 76561199074224396 Name: JACK THE RIPPER Character: reaper
[12/25/2022 4:14:29 PM] [Info] [World] reaper [JACK THE RIPPER]: "NUGGET"
[12/25/2022 4:14:36 PM] [Info] [World] reaper [JACK THE RIPPER]: "/i gold nugget"
[12/25/2022 4:14:45 PM] [Info] [World] reaper [JACK THE RIPPER]: "/i "gold nugget""
[12/25/2022 4:15:09 PM] [Info] [World] reaper [JACK THE RIPPER]: "ingot"
[12/25/2022 4:15:18 PM] [Info] [World] reaper [JACK THE RIPPER]: "/i "gold ingot""
[12/25/2022 4:18:02 PM] [Info] [World] reaper [JACK THE RIPPER]: "/teleport wp"
[12/25/2022 4:18:02 PM] [Info] Successfully teleported JACK THE RIPPER to waypoint!
[12/25/2022 4:22:26 PM] [Info] [World] reaper [JACK THE RIPPER]: "/teleport wp"
[12/25/2022 4:22:26 PM] [Error] Unable to teleport JACK THE RIPPER because waypoint was obstructed.
[12/25/2022 4:22:33 PM] [Info] [World] reaper [JACK THE RIPPER]: "/teleport wp"
[12/25/2022 4:22:33 PM] [Error] Unable to teleport JACK THE RIPPER because waypoint was obstructed.
[12/25/2022 4:22:36 PM] [Info] [World] reaper [JACK THE RIPPER]: "/telepot wp"
[12/25/2022 4:22:39 PM] [Info] [World] reaper [JACK THE RIPPER]: "/teleport wp"
[12/25/2022 4:22:39 PM] [Error] Unable to teleport JACK THE RIPPER because waypoint was obstructed.
[12/25/2022 4:22:49 PM] [Info] [World] reaper [JACK THE RIPPER]: "/teleport wp"
[12/25/2022 4:22:49 PM] [Info] Successfully teleported JACK THE RIPPER to waypoint!
[12/25/2022 4:24:34 PM] [Info] [World] reaper [JACK THE RIPPER]: "/god"
[12/25/2022 4:32:03 PM] [Info] [World] reaper [JACK THE RIPPER]: "/teleport wp"
[12/25/2022 4:32:03 PM] [Info] Successfully teleported JACK THE RIPPER to waypoint!
[12/25/2022 4:37:18 PM] [Info] [World] reaper [JACK THE RIPPER]: "/teleport wp"
[12/25/2022 4:37:18 PM] [Info] Successfully teleported JACK THE RIPPER to waypoint!
[12/25/2022 4:37:45 PM] [Info] Disconnecting: PlayerID: 76561199074224396 Name: JACK THE RIPPER Character: reaper
[12/25/2022 4:37:45 PM] [Info] BattlEye Server: Player #0 JACK THE RIPPER disconnected
[12/25/2022 5:18:49 PM] [Info] Lost connection to Steam servers because k_EResultNoConnection
[12/25/2022 5:44:06 PM] [Info] BattlEye Server: Failed to receive from BE Master (10054)
[12/25/2022 5:44:06 PM] [Info] BattlEye Server: Disconnected from BE Master
[12/25/2022 5:44:06 PM] [Info] Lost connection to Steam servers because k_EResultNoConnection
[12/25/2022 5:44:06 PM] [Info] Failed to connect to Steam servers because k_EResultNoConnection, still retrying
[12/25/2022 5:44:17 PM] [Info] Failed to connect to Steam servers because k_EResultNoConnection, still retrying
[12/25/2022 5:44:18 PM] [Info] Failed to connect to Steam servers because k_EResultNoConnection, still retrying
[12/25/2022 5:44:47 PM] [Info] Failed to connect to Steam servers because k_EResultNoConnection, still retrying
[12/25/2022 7:55:02 PM] [Info] BattlEye Server: Player #0 Red__Bear (73.253.101.49:59811) connected
[12/25/2022 7:55:02 PM] [Info] BattlEye Server: Player #0 Red__Bear - BE GUID: f4abbf8aa333c3b24b5656c70080f342
[12/25/2022 7:55:02 PM] [Info] Connecting: PlayerID: 76561199035738472 Name: Red__Bear Character: Red__Bear
[12/25/2022 7:55:02 PM] [Info] BattlEye Server: Connected to BE Master
[12/25/2022 7:55:45 PM] [Info] [Group] Red__Bear [Red__Bear]: "/i flare 10"
[12/25/2022 7:57:16 PM] [Info] Disconnecting: PlayerID: 76561199035738472 Name: Red__Bear Character: Red__Bear
[12/25/2022 7:57:16 PM] [Info] BattlEye Server: Player #0 Red__Bear disconnected
[12/25/2022 10:20:34 PM] [Info] Lost connection to Steam servers because k_EResultNoConnection
[12/26/2022 2:06:35 AM] [Info] BattlEye Server: Failed to receive from BE Master (10054)
[12/26/2022 2:06:35 AM] [Info] BattlEye Server: Disconnected from BE Master
[12/26/2022 2:28:38 AM] [Info] Lost connection to Steam servers because k_EResultNoConnection
[12/26/2022 2:28:38 AM] [Info] Failed to connect to Steam servers because k_EResultNoConnection, still retrying
[12/26/2022 2:28:53 AM] [Info] Failed to connect to Steam servers because k_EResultNoConnection, still retrying
[12/26/2022 2:29:13 AM] [Info] Failed to connect to Steam servers because k_EResultNoConnection, still retrying
[12/26/2022 3:37:46 AM] [Info] Lost connection to Steam servers because k_EResultNoConnection
[12/26/2022 3:38:02 AM] [Info] Failed to connect to Steam servers because k_EResultNoConnection, still retrying
[12/26/2022 4:37:27 AM] [Info] Lost connection to Steam servers because k_EResultNoConnection
[12/26/2022 6:53:06 AM] [Info] Lost connection to Steam servers because k_EResultNoConnection
[12/26/2022 7:23:16 AM] [Info] Lost connection to Steam servers because k_EResultNoConnection
[12/26/2022 1:25:07 PM] [Info] Lost connection to Steam servers because k_EResultNoConnection
[12/26/2022 1:26:01 PM] [Info] Failed to connect to Steam servers because k_EResultNoConnection, still retrying
[12/26/2022 2:28:45 PM] [Info] Lost connection to Steam servers because k_EResultNoConnection
[12/27/2022 4:35:04 AM] [Info] Lost connection to Steam servers because k_EResultNoConnection
[12/27/2022 4:35:12 AM] [Info] Failed to connect to Steam servers because k_EResultNoConnection, still retrying
[12/27/2022 8:00:28 AM] [Info] Lost connection to Steam servers because k_EResultNoConnection
[12/27/2022 8:00:28 AM] [Info] Failed to connect to Steam servers because k_EResultNoConnection, still retrying
[12/27/2022 10:34:25 AM] [Info] Lost connection to Steam servers because k_EResultNoConnection
[12/27/2022 10:34:25 AM] [Info] Failed to connect to Steam servers because k_EResultNoConnection, still retrying
[12/27/2022 12:02:30 PM] [Info] Lost connection to Steam servers because k_EResultNoConnection
[12/27/2022 2:27:04 PM] [Info] Lost connection to Steam servers because k_EResultNoConnection
[12/27/2022 2:28:01 PM] [Info] Failed to connect to Steam servers because k_EResultNoConnection, still retrying
[12/27/2022 2:28:55 PM] [Info] Failed to connect to Steam servers because k_EResultNoConnection, still retrying
[12/27/2022 3:49:02 PM] [Info] Lost connection to Steam servers because k_EResultNoConnection
[12/27/2022 3:49:46 PM] [Info] Failed to connect to Steam servers because k_EResultNoConnection, still retrying
[12/27/2022 3:59:53 PM] [Info] Lost connection to Steam servers because k_EResultNoConnection
[12/27/2022 6:34:48 PM] [Info] Lost connection to Steam servers because k_EResultNoConnection
[12/27/2022 6:35:51 PM] [Info] Lost connection to Steam servers because k_EResultNoConnection
[12/27/2022 6:36:01 PM] [Info] Failed to connect to Steam servers because k_EResultNoConnection, still retrying
[12/27/2022 10:48:24 PM] [Info] 
[unloading] ReponseMod_HiddenName
