[1/20/2023 6:04:17 PM] [Info] Steam servers ready!
[1/20/2023 6:04:18 PM] [Info] Workshop install folder: C:\Program Files (x86)\Steam\steamapps\common\U3DS/Servers/LFO/Workshop/Steam
[1/20/2023 6:04:18 PM] [Info] 9 workshop item(s) requested
[1/20/2023 6:04:18 PM] [Info] Submitting workshop query for 9 item(s)...
[1/20/2023 6:04:18 PM] [Info] Workshop query yielded 9 result(s)
[1/20/2023 6:04:18 PM] [Info] This server's allowed IP for Workshop downloads: 73.253.101.49
[1/20/2023 6:05:05 PM] [Info] 2683620106 'Arid' queued for download
[1/20/2023 6:05:05 PM] [Info] 1232252658 'More Farming Mod' queued for download
[1/20/2023 6:05:05 PM] [Info] Authorized to download 2069342497 'Survivor's Expansion'
[1/20/2023 6:05:05 PM] [Info] 2069342497 'Survivor's Expansion' queued for download
[1/20/2023 6:05:05 PM] [Info] 2133808330 'Music Remaster 3.0' queued for download
[1/20/2023 6:05:05 PM] [Info] 1727733956 'Pento's Tactical Apparel' queued for download
[1/20/2023 6:05:05 PM] [Info] 1909152337 'California Assets' queued for download
[1/20/2023 6:05:05 PM] [Info] 2480988643 'LFO Washington' queued for download
[1/20/2023 6:05:05 PM] [Info] 2363811642 'Uncreated Armory 2021 | The Uncreated Project™' queued for download
[1/20/2023 6:05:05 PM] [Info] 1629300697 '[Discontinued]Nordic Studios™ | Nordic Armory 2.0 [3.28+]' queued for download
[1/20/2023 6:05:05 PM] [Info] 9 workshop item(s) to download...
[1/20/2023 6:05:05 PM] [Info] Workshop item found in cache: 2683620106
[1/20/2023 6:05:05 PM] [Info] Installing workshop item: 2683620106
[1/20/2023 6:05:05 PM] [Info] Installed workshop item: 2683620106
[1/20/2023 6:05:05 PM] [Info] Workshop item found in cache: 1232252658
[1/20/2023 6:05:05 PM] [Info] Installing workshop item: 1232252658
[1/20/2023 6:05:05 PM] [Info] Installed workshop item: 1232252658
[1/20/2023 6:05:05 PM] [Info] Workshop item found in cache: 2069342497
[1/20/2023 6:05:05 PM] [Info] Installing workshop item: 2069342497
[1/20/2023 6:05:05 PM] [Info] Installed workshop item: 2069342497
[1/20/2023 6:05:05 PM] [Info] Workshop item found in cache: 2133808330
[1/20/2023 6:05:05 PM] [Info] Installing workshop item: 2133808330
[1/20/2023 6:05:05 PM] [Info] Installed workshop item: 2133808330
[1/20/2023 6:05:05 PM] [Info] Workshop item found in cache: 1727733956
[1/20/2023 6:05:05 PM] [Info] Installing workshop item: 1727733956
[1/20/2023 6:05:05 PM] [Info] Installed workshop item: 1727733956
[1/20/2023 6:05:05 PM] [Info] Workshop item found in cache: 1909152337
[1/20/2023 6:05:05 PM] [Info] Installing workshop item: 1909152337
[1/20/2023 6:05:05 PM] [Info] Installed workshop item: 1909152337
[1/20/2023 6:05:05 PM] [Info] Workshop item found in cache: 2480988643
[1/20/2023 6:05:06 PM] [Info] Installing workshop item: 2480988643
[1/20/2023 6:05:06 PM] [Info] Installed workshop item: 2480988643
[1/20/2023 6:05:06 PM] [Info] Workshop item found in cache: 2363811642
[1/20/2023 6:05:06 PM] [Info] Installing workshop item: 2363811642
[1/20/2023 6:05:06 PM] [Info] Installed workshop item: 2363811642
[1/20/2023 6:05:06 PM] [Info] Workshop item found in cache: 1629300697
[1/20/2023 6:05:06 PM] [Info] Installing workshop item: 1629300697
[1/20/2023 6:05:06 PM] [Info] Installed workshop item: 1629300697
[1/20/2023 6:05:06 PM] [Info] Skipping level config override Items.Quality_Full_Chance because server value (1) is not the default (0.1)
[1/20/2023 6:05:06 PM] [Info] Level overrides config Items.Quality_Multiplier: 1 (Default: 1)
[1/20/2023 6:05:06 PM] [Info] Skipping level config override Items.Gun_Bullets_Full_Chance because server value (1) is not the default (0.05)
[1/20/2023 6:05:06 PM] [Info] Skipping level config override Items.Gun_Bullets_Multiplier because server value (1) is not the default (0.25)
[1/20/2023 6:05:06 PM] [Info] Skipping level config override Items.Magazine_Bullets_Full_Chance because server value (1) is not the default (0.05)
[1/20/2023 6:05:06 PM] [Info] Skipping level config override Items.Magazine_Bullets_Multiplier because server value (1) is not the default (0.5)
[1/20/2023 6:05:06 PM] [Info] Skipping level config override Items.Crate_Bullets_Full_Chance because server value (1) is not the default (0.05)
[1/20/2023 6:05:06 PM] [Info] Level overrides config Items.Crate_Bullets_Multiplier: 1 (Default: 1)
[1/20/2023 6:05:06 PM] [Info] Level overrides config Items.Despawn_Dropped_Time: 1080 (Default: 600)
[1/20/2023 6:05:06 PM] [Info] Level overrides config Items.Despawn_Natural_Time: 1080 (Default: 900)
[1/20/2023 6:05:06 PM] [Info] Level overrides config Items.Respawn_Time: 80 (Default: 100)
[1/20/2023 6:05:06 PM] [Info] Level overrides config Players.Health_Default: 100 (Default: 100)
[1/20/2023 6:05:06 PM] [Info] Level overrides config Players.Food_Default: 100 (Default: 100)
[1/20/2023 6:05:06 PM] [Info] Level overrides config Players.Water_Default: 100 (Default: 100)
[1/20/2023 6:05:06 PM] [Info] Level overrides config Players.Virus_Default: 100 (Default: 100)
[1/20/2023 6:05:06 PM] [Info] Level overrides config Players.Health_Regen_Min_Food: 70 (Default: 90)
[1/20/2023 6:05:06 PM] [Info] Level overrides config Players.Health_Regen_Min_Water: 70 (Default: 90)
[1/20/2023 6:05:06 PM] [Info] Level overrides config Players.Health_Regen_Ticks: 45 (Default: 60)
[1/20/2023 6:05:06 PM] [Info] Level overrides config Players.Food_Use_Ticks: 1400 (Default: 300)
[1/20/2023 6:05:06 PM] [Info] Level overrides config Players.Food_Damage_Ticks: 5 (Default: 15)
[1/20/2023 6:05:06 PM] [Info] Level overrides config Players.Water_Use_Ticks: 1200 (Default: 270)
[1/20/2023 6:05:06 PM] [Info] Level overrides config Players.Water_Damage_Ticks: 5 (Default: 20)
[1/20/2023 6:05:06 PM] [Info] Skipping level config override Players.Virus_Infect because server value (90) is not the default (50)
[1/20/2023 6:05:06 PM] [Info] Level overrides config Players.Virus_Use_Ticks: 60 (Default: 125)
[1/20/2023 6:05:06 PM] [Info] Level overrides config Players.Virus_Damage_Ticks: 1 (Default: 25)
[1/20/2023 6:05:06 PM] [Info] Skipping level config override Players.Detect_Radius_Multiplier because server value (5) is not the default (1)
[1/20/2023 6:05:06 PM] [Info] Skipping level config override Players.Ray_Aggressor_Distance because server value (30) is not the default (8)
[1/20/2023 6:05:06 PM] [Info] Level overrides config Players.Bleed_Damage_Ticks: 21 (Default: 10)
[1/20/2023 6:05:06 PM] [Info] Level overrides config Players.Can_Stop_Bleeding: True (Default: True)
[1/20/2023 6:05:06 PM] [Info] Level overrides config Players.Experience_Multiplier: 0 (Default: 1)
[1/20/2023 6:05:06 PM] [Info] Skipping level config override Players.Lose_Skills_PvP because server value (1) is not the default (0.75)
[1/20/2023 6:05:06 PM] [Info] Skipping level config override Players.Lose_Skills_PvE because server value (1) is not the default (0.75)
[1/20/2023 6:05:06 PM] [Error] Failed to find mode config for level override: Platers
[1/20/2023 6:05:06 PM] [Error] Failed to find mode config for level override: Platers
[1/20/2023 6:05:06 PM] [Info] Skipping level config override Zombies.Slow_Movement because server value (True) is not the default (False)
[1/20/2023 6:05:06 PM] [Info] Skipping level config override Zombies.Acid_Chance because server value (0) is not the default (0.025)
[1/20/2023 6:05:06 PM] [Info] Skipping level config override Zombies.Loot_Chance because server value (1) is not the default (0.5)
[1/20/2023 6:05:06 PM] [Info] Level overrides config Zombies.Min_Mega_Drops: 5 (Default: 5)
[1/20/2023 6:05:06 PM] [Info] Skipping level config override Zombies.Max_Mega_Drops because server value (10) is not the default (5)
[1/20/2023 6:05:06 PM] [Info] Skipping level config override Zombies.Min_Boss_Drops because server value (5) is not the default (8)
[1/20/2023 6:05:06 PM] [Info] Level overrides config Zombies.Max_Boss_Drops: 15 (Default: 10)
[1/20/2023 6:05:06 PM] [Info] Skipping level config override Zombies.Respawn_Day_Time because server value (600) is not the default (360)
[1/20/2023 6:05:06 PM] [Info] Level overrides config Zombies.Respawn_Night_Time: 180 (Default: 30)
[1/20/2023 6:05:06 PM] [Info] Level overrides config Gameplay.Chart: False (Default: False)
[1/20/2023 6:05:06 PM] [Info] Level overrides config Gameplay.Satellite: False (Default: False)
[1/20/2023 6:05:06 PM] [Info] Level overrides config Gameplay.Compass: True (Default: False)
[1/20/2023 6:05:06 PM] [Info] Level overrides config Gameplay.Ballistics: True (Default: True)
[1/20/2023 6:05:06 PM] [Info] Level overrides config Gameplay.Group_Map: True (Default: True)
[1/20/2023 6:05:06 PM] [Info] Skipping level config override Gameplay.Timer_Home because server value (10) is not the default (30)
[1/20/2023 6:05:06 PM] [Info] Skipping level config override Events.Airdrop_Frequency_Min because server value (0) is not the default (0.8)
[1/20/2023 6:05:06 PM] [Info] Skipping level config override Events.Airdrop_Frequency_Max because server value (5) is not the default (6.5)
[1/20/2023 6:05:06 PM] [Info] Skipping level config override Events.Airdrop_Speed because server value (1) is not the default (128)
[1/20/2023 6:05:06 PM] [Info] Skipping level config override Events.Airdrop_Force because server value (1) is not the default (9.5)
[1/20/2023 6:05:06 PM] [Info] Skipping level config override Vehicles.Min_Battery_Charge because server value (1) is not the default (0.5)
[1/20/2023 6:05:06 PM] [Info] Skipping level config override Vehicles.Max_Battery_Charge because server value (1) is not the default (0.75)
[1/20/2023 6:05:06 PM] [Info] Skipping level config override Vehicles.Has_Battery_Chance because server value (1) is not the default (0.8)
[1/20/2023 6:05:06 PM] [Info] Skipping level config override Vehicles.Max_Instances_Large because server value (60) is not the default (32)
[1/20/2023 6:05:06 PM] [Info] Skipping level config override Vehicles.Decay_Time because server value (0) is not the default (604800)
[1/20/2023 6:05:06 PM] [Info] Skipping level config override Vehicles.Decay_Damage_Per_Second because server value (0) is not the default (0.1)
[1/20/2023 6:05:06 PM] [Info] Skipping level config override Barricades.Armor_Lowtier_Multiplier because server value (100) is not the default (1)
[1/20/2023 6:05:06 PM] [Info] Skipping level config override Barricades.Armor_Hightier_Multiplier because server value (100) is not the default (0.5)
[1/20/2023 6:05:06 PM] [Info] Skipping level config override Structures.Armor_Lowtier_Multiplier because server value (0.01) is not the default (1)
[1/20/2023 6:05:06 PM] [Info] Skipping level config override Structures.Armor_Hightier_Multiplier because server value (0.01) is not the default (0.5)
[1/20/2023 6:05:06 PM] [Info] Skipping level config override Barricades.Gun_Lowcal_Damage_Multiplier because server value (0.01) is not the default (1)
[1/20/2023 6:05:06 PM] [Info] Skipping level config override Barricades.Gun_Highcal_Damage_Multiplier because server value (0.01) is not the default (1)
[1/20/2023 6:05:06 PM] [Info] Skipping level config override Structures.Gun_Lowcal_Damage_Multiplier because server value (0.01) is not the default (1)
[1/20/2023 6:05:06 PM] [Info] Skipping level config override Structures.Gun_Highcal_Damage_Multiplier because server value (0.01) is not the default (1)
[1/20/2023 6:05:06 PM] [Info] Skipping level config override Barricades.Decay_Time because server value (0) is not the default (604800)
[1/20/2023 6:05:06 PM] [Info] Skipping level config override Structures.Decay_Time because server value (0) is not the default (604800)
[1/20/2023 6:05:06 PM] [Info] Level overrides config Barricades.Allow_Item_Placement_On_Vehicle: True (Default: True)
[1/20/2023 6:05:06 PM] [Info] Level overrides config Barricades.Allow_Trap_Placement_On_Vehicle: True (Default: True)
[1/20/2023 6:05:06 PM] [Info] Monitoring workshop map 'LFO Washington' (2480988643) for changes
[1/20/2023 6:05:06 PM] [Info] Loading level: 8%
[1/20/2023 6:05:07 PM] [Info] Loading level: 16%
[1/20/2023 6:05:08 PM] [Info] Loading level: 25%
[1/20/2023 6:05:09 PM] [Info] Loading level: 33%
[1/20/2023 6:05:09 PM] [Info] Loading level: 41%
[1/20/2023 6:05:09 PM] [Info] Loading level: 50%
[1/20/2023 6:05:09 PM] [Info] Loading level: 58%
[1/20/2023 6:05:09 PM] [Info] Loading level: 66%
[1/20/2023 6:05:09 PM] [Info] Loading level: 75%
[1/20/2023 6:05:09 PM] [Info] Loading level: 83%
[1/20/2023 6:05:09 PM] [Info] Loading level: 91%
[1/20/2023 6:10:58 PM] [Info] Loading level: 100%
[1/20/2023 6:10:58 PM] [Info] BattlEye Server: Player #0 Delta.97 (73.253.101.49:54889) connected
[1/20/2023 6:10:58 PM] [Info] BattlEye Server: Player #0 Delta.97 - BE GUID: f4abbf8aa333c3b24b5656c70080f342
[1/20/2023 6:11:02 PM] [Info] Connecting: PlayerID: 76561199035738472 Name: Delta.97 Character: Shake
[1/20/2023 6:11:02 PM] [Info] BattlEye Server: Connected to BE Master
[1/20/2023 6:11:03 PM] [Info] [Group] Shake [Delta.97]: "/i 5700"
[1/20/2023 6:11:05 PM] [Info] [World] Shake [Delta.97]: "/i 57000"
[1/20/2023 6:11:17 PM] [Info] [Group] Shake [Delta.97]: "/god"
[1/20/2023 6:12:35 PM] [Info] [Group] Shake [Delta.97]: "/i 57001"
[1/20/2023 6:12:47 PM] [Info] [Area] Shake [Delta.97]: "/i 57002"
[1/20/2023 6:12:49 PM] [Info] [Area] Shake [Delta.97]: "/i 57003"
[1/20/2023 6:12:51 PM] [Info] [World] Shake [Delta.97]: "/i 57004"
[1/20/2023 6:12:53 PM] [Info] [World] Shake [Delta.97]: "/i 57005"
[1/20/2023 6:13:02 PM] [Info] [Area] Shake [Delta.97]: "/i 57006"
[1/20/2023 6:13:04 PM] [Info] [Area] Shake [Delta.97]: "/i 57007"
[1/20/2023 6:13:07 PM] [Info] [Area] Shake [Delta.97]: "/i 57008"
[1/20/2023 6:13:13 PM] [Info] [Area] Shake [Delta.97]: "/i 57009"
[1/20/2023 6:13:15 PM] [Info] [Group] Shake [Delta.97]: "/i 57010"
[1/20/2023 6:13:17 PM] [Info] [Area] Shake [Delta.97]: "/i 57011"
[1/20/2023 6:13:18 PM] [Info] [Area] Shake [Delta.97]: "/i 57012"
[1/20/2023 6:13:20 PM] [Info] [Area] Shake [Delta.97]: "/i 57013"
[1/20/2023 6:13:27 PM] [Info] [Area] Shake [Delta.97]: "/i 57014"
[1/20/2023 6:13:29 PM] [Info] [Area] Shake [Delta.97]: "/i 57015"
[1/20/2023 6:13:31 PM] [Info] [Area] Shake [Delta.97]: "/i 57016"
[1/20/2023 6:13:33 PM] [Info] [Area] Shake [Delta.97]: "/i 57017"
[1/20/2023 6:13:35 PM] [Info] [Area] Shake [Delta.97]: "/i 57018"
[1/20/2023 6:13:38 PM] [Info] [Area] Shake [Delta.97]: "/i 57019"
[1/20/2023 6:13:41 PM] [Info] [Area] Shake [Delta.97]: "/i 57020"
[1/20/2023 6:13:43 PM] [Info] [World] Shake [Delta.97]: "/i 57021"
[1/20/2023 6:14:04 PM] [Info] [Area] Shake [Delta.97]: "/i 57022"
[1/20/2023 6:14:05 PM] [Info] [Area] Shake [Delta.97]: "/i 57024"
[1/20/2023 6:14:07 PM] [Info] [World] Shake [Delta.97]: "/i 57024"
[1/20/2023 6:14:09 PM] [Info] [World] Shake [Delta.97]: "/i 57025"
[1/20/2023 6:14:11 PM] [Info] [World] Shake [Delta.97]: "/i 57026"
[1/20/2023 6:14:13 PM] [Info] [Area] Shake [Delta.97]: "/i 57027"
[1/20/2023 6:14:15 PM] [Info] [Area] Shake [Delta.97]: "/i 57028"
[1/20/2023 6:14:25 PM] [Info] [Area] Shake [Delta.97]: "/i 57029"
[1/20/2023 6:14:28 PM] [Info] [Area] Shake [Delta.97]: "/i 57030"
[1/20/2023 6:14:30 PM] [Info] Disconnecting: PlayerID: 76561199035738472 Name: Delta.97 Character: Shake
[1/20/2023 6:15:17 PM] [Info] BattlEye Server: Player #0 Delta.97 disconnected
[1/20/2023 6:15:17 PM] [Info] BattlEye Server: Player #0 Delta.97 (73.253.101.49:51754) connected
[1/20/2023 6:15:17 PM] [Info] BattlEye Server: Player #0 Delta.97 - BE GUID: f4abbf8aa333c3b24b5656c70080f342
[1/20/2023 6:16:43 PM] [Info] Connecting: PlayerID: 76561199035738472 Name: Delta.97 Character: Shake
[1/20/2023 6:16:43 PM] [Info] [Area] Shake [Delta.97]: "/i 57031"
[1/20/2023 6:16:45 PM] [Info] [World] Shake [Delta.97]: "/i 57032"
[1/20/2023 6:16:46 PM] [Info] [World] Shake [Delta.97]: "/i 57033"
[1/20/2023 6:16:48 PM] [Info] [World] Shake [Delta.97]: "/i 57034"
[1/20/2023 6:16:50 PM] [Info] [World] Shake [Delta.97]: "/i 57035"
[1/20/2023 6:16:52 PM] [Info] [World] Shake [Delta.97]: "/i 57036"
[1/20/2023 6:16:54 PM] [Info] [Area] Shake [Delta.97]: "/i 57037"
[1/20/2023 6:17:24 PM] [Info] [Area] Shake [Delta.97]: "/i 57038"
[1/20/2023 6:17:26 PM] [Info] [Area] Shake [Delta.97]: "/i 57039"
[1/20/2023 6:17:28 PM] [Info] [Area] Shake [Delta.97]: "/i 57040"
[1/20/2023 6:17:30 PM] [Info] [Area] Shake [Delta.97]: "/i 57041"
[1/20/2023 6:18:00 PM] [Info] [Group] Shake [Delta.97]: "/i 57042"
[1/20/2023 6:18:01 PM] [Info] [Area] Shake [Delta.97]: "/i 57043"
[1/20/2023 6:18:03 PM] [Info] [World] Shake [Delta.97]: "/i 57044"
[1/20/2023 6:18:05 PM] [Info] [Area] Shake [Delta.97]: "/i 57045"
[1/20/2023 6:18:07 PM] [Info] [Area] Shake [Delta.97]: "/i 57046"
[1/20/2023 6:18:09 PM] [Info] [Area] Shake [Delta.97]: "/i 57047"
[1/20/2023 6:18:10 PM] [Info] [Area] Shake [Delta.97]: "/i 57048"
[1/20/2023 6:18:12 PM] [Info] [Area] Shake [Delta.97]: "/i 57049"
[1/20/2023 6:18:14 PM] [Info] [Area] Shake [Delta.97]: "/i 57050"
[1/20/2023 6:18:49 PM] [Info] [Group] Shake [Delta.97]: "/i 57051"
[1/20/2023 6:18:51 PM] [Info] [Area] Shake [Delta.97]: "/i 57052"
[1/20/2023 6:18:53 PM] [Info] [Area] Shake [Delta.97]: "/i 57054"
[1/20/2023 6:18:55 PM] [Info] [Area] Shake [Delta.97]: "/i 57055"
[1/20/2023 6:18:57 PM] [Info] [Area] Shake [Delta.97]: "/i 57056"
[1/20/2023 6:18:59 PM] [Info] [Area] Shake [Delta.97]: "/i 57057"
[1/20/2023 6:19:23 PM] [Info] [Area] Shake [Delta.97]: "/i 57058"
[1/20/2023 6:19:26 PM] [Info] [Group] Shake [Delta.97]: "/i 57059"
[1/20/2023 6:19:28 PM] [Info] [Group] Shake [Delta.97]: "/i 57060"
[1/20/2023 6:19:29 PM] [Info] [Area] Shake [Delta.97]: "/i 57061"
[1/20/2023 6:19:31 PM] [Info] [Area] Shake [Delta.97]: "/i 57062"
[1/20/2023 6:19:33 PM] [Info] [Area] Shake [Delta.97]: "/i 57063"
[1/20/2023 6:19:35 PM] [Info] [World] Shake [Delta.97]: "/i 57064"
[1/20/2023 6:19:36 PM] [Info] [Area] Shake [Delta.97]: "/i 57065"
[1/20/2023 6:20:30 PM] [Info] [Group] Shake [Delta.97]: "/i 57066"
[1/20/2023 6:20:32 PM] [Info] [Area] Shake [Delta.97]: "/i 57067"
[1/20/2023 6:20:34 PM] [Info] [Area] Shake [Delta.97]: "/i 57068"
[1/20/2023 6:20:36 PM] [Info] [Area] Shake [Delta.97]: "/i 57069"
[1/20/2023 6:20:39 PM] [Info] [Group] Shake [Delta.97]: "/i 57070"
[1/20/2023 6:21:17 PM] [Info] [Group] Shake [Delta.97]: "/i 57071"
[1/20/2023 6:21:18 PM] [Info] [Area] Shake [Delta.97]: "/i 57072"
[1/20/2023 6:21:20 PM] [Info] [Area] Shake [Delta.97]: "/i 57073"
[1/20/2023 6:21:22 PM] [Info] [Area] Shake [Delta.97]: "/i 57074"
[1/20/2023 6:21:23 PM] [Info] [World] Shake [Delta.97]: "/i 57075"
[1/20/2023 6:21:25 PM] [Info] [Area] Shake [Delta.97]: "/i 57076"
[1/20/2023 6:21:27 PM] [Info] [Area] Shake [Delta.97]: "/i 57077"
[1/20/2023 6:21:29 PM] [Info] [Area] Shake [Delta.97]: "/i 57078"
[1/20/2023 6:21:31 PM] [Info] Disconnecting: PlayerID: 76561199035738472 Name: Delta.97 Character: Shake
[1/20/2023 6:21:31 PM] [Info] BattlEye Server: Player #0 Delta.97 disconnected
[1/20/2023 6:21:51 PM] [Info] BattlEye Server: Player #0 Delta.97 (73.253.101.49:52532) connected
[1/20/2023 6:21:51 PM] [Info] BattlEye Server: Player #0 Delta.97 - BE GUID: f4abbf8aa333c3b24b5656c70080f342
[1/20/2023 6:23:11 PM] [Info] Connecting: PlayerID: 76561199035738472 Name: Delta.97 Character: Shake
[1/20/2023 6:23:11 PM] [Info] [Group] Shake [Delta.97]: "/i 57079"
[1/20/2023 6:23:14 PM] [Info] [Group] Shake [Delta.97]: "/i 57080"
[1/20/2023 6:23:15 PM] [Info] [Area] Shake [Delta.97]: "/i 57081"
[1/20/2023 6:23:17 PM] [Info] [Area] Shake [Delta.97]: "/i 57082"
[1/20/2023 6:35:21 PM] [Info] [Group] Shake [Delta.97]: "/day"
[1/20/2023 6:35:21 PM] [Info] Successfully set time to day!
[1/20/2023 6:35:40 PM] [Info] [Group] Shake [Delta.97]: "/i 57083"
[1/20/2023 6:35:42 PM] [Info] [Area] Shake [Delta.97]: "/i 57084"
[1/20/2023 6:35:44 PM] [Info] [Area] Shake [Delta.97]: "/i 57085"
[1/20/2023 6:36:18 PM] [Info] [Group] Shake [Delta.97]: "/i 57086"
[1/20/2023 6:36:20 PM] [Info] [Area] Shake [Delta.97]: "/i 57087"
[1/20/2023 6:36:22 PM] [Info] [Area] Shake [Delta.97]: "/i 57088"
[1/20/2023 6:36:24 PM] [Info] [Area] Shake [Delta.97]: "/i 57089"
[1/20/2023 6:36:26 PM] [Info] [Group] Shake [Delta.97]: "/i 57090"
[1/20/2023 6:36:45 PM] [Info] [Area] Shake [Delta.97]: "/i 57091"
[1/20/2023 6:36:47 PM] [Info] [World] Shake [Delta.97]: "/i 57092"
[1/20/2023 6:36:47 PM] [Info] Disconnecting: PlayerID: 76561199035738472 Name: Delta.97 Character: Shake
[1/20/2023 6:36:47 PM] [Info] BattlEye Server: Player #0 Delta.97 disconnected
[1/20/2023 6:37:09 PM] [Info] BattlEye Server: Player #0 Delta.97 (73.253.101.49:56539) connected
[1/20/2023 6:37:09 PM] [Info] BattlEye Server: Player #0 Delta.97 - BE GUID: f4abbf8aa333c3b24b5656c70080f342
[1/20/2023 6:37:28 PM] [Info] Connecting: PlayerID: 76561199035738472 Name: Delta.97 Character: Shake
[1/20/2023 6:37:28 PM] [Info] [Group] Shake [Delta.97]: "/i 57093"
[1/20/2023 6:37:30 PM] [Info] [World] Shake [Delta.97]: "/i 57094"
[1/20/2023 6:37:32 PM] [Info] [World] Shake [Delta.97]: "/i 57095"
[1/20/2023 6:37:34 PM] [Info] [World] Shake [Delta.97]: "/i 57096"
[1/20/2023 6:37:35 PM] [Info] [World] Shake [Delta.97]: "/i 57097"
[1/20/2023 6:38:08 PM] [Info] [Group] Shake [Delta.97]: "/i 57098"
[1/20/2023 6:38:10 PM] [Info] [Area] Shake [Delta.97]: "/i 57099"
[1/20/2023 6:38:13 PM] [Info] [Area] Shake [Delta.97]: "/i 57100"
[1/20/2023 6:38:32 PM] [Info] [Group] Shake [Delta.97]: "/i 57101"
[1/20/2023 6:38:34 PM] [Info] [World] Shake [Delta.97]: "/i 57102"
[1/20/2023 6:38:36 PM] [Info] [World] Shake [Delta.97]: "/i 57103"
[1/20/2023 6:38:38 PM] [Info] [Area] Shake [Delta.97]: "/i 57104"
[1/20/2023 6:38:40 PM] [Info] [World] Shake [Delta.97]: "/i 57105"
[1/20/2023 6:39:01 PM] [Info] [Group] Shake [Delta.97]: "/i 57106"
[1/20/2023 6:39:10 PM] [Info] [Area] Shake [Delta.97]: "/i 57107"
[1/20/2023 6:39:12 PM] [Info] [Area] Shake [Delta.97]: "/i 57108"
[1/20/2023 6:39:14 PM] [Info] [Area] Shake [Delta.97]: "/i 57109"
[1/20/2023 6:39:16 PM] [Info] [Area] Shake [Delta.97]: "/i 57110"
[1/20/2023 6:39:18 PM] [Info] [Area] Shake [Delta.97]: "/i 57111"
[1/20/2023 6:39:20 PM] [Info] [World] Shake [Delta.97]: "/i 57112"
[1/20/2023 6:39:21 PM] [Info] [World] Shake [Delta.97]: "/i 57113"
[1/20/2023 6:39:27 PM] [Info] Disconnecting: PlayerID: 76561199035738472 Name: Delta.97 Character: Shake
[1/20/2023 6:39:27 PM] [Info] BattlEye Server: Player #0 Delta.97 disconnected
[1/20/2023 9:33:18 PM] [Info] BattlEye Server: Failed to receive from BE Master (10054)
[1/20/2023 9:33:18 PM] [Info] BattlEye Server: Disconnected from BE Master
[1/20/2023 9:33:18 PM] [Info] Lost connection to Steam servers because k_EResultNoConnection
[1/20/2023 9:33:34 PM] [Info] Failed to connect to Steam servers because k_EResultNoConnection, still retrying
[1/20/2023 10:23:16 PM] [Error] Failed to respawn an item with ID 31368 from type Police [0]
[1/20/2023 10:37:21 PM] [Error] Failed to respawn an item with ID 31368 from type Military_America [2]
[1/20/2023 11:04:07 PM] [Info] Lost connection to Steam servers because k_EResultNoConnection
[1/20/2023 11:04:07 PM] [Info] Failed to connect to Steam servers because k_EResultNoConnection, still retrying
[1/20/2023 11:04:22 PM] [Info] Lost connection to Steam servers because k_EResultNoConnection
[1/20/2023 11:04:30 PM] [Info] Failed to connect to Steam servers because k_EResultNoConnection, still retrying
[1/20/2023 11:04:38 PM] [Info] Failed to connect to Steam servers because k_EResultNoConnection, still retrying
[1/20/2023 11:07:16 PM] [Error] Failed to respawn an item with ID 31368 from type Police [0]
[1/20/2023 11:47:18 PM] [Error] Failed to respawn an item with ID 31368 from type Guns_America [16]
[1/20/2023 11:51:58 PM] [Error] Failed to respawn an item with ID 31368 from type Guns_America [16]
[1/20/2023 11:53:18 PM] [Error] Failed to respawn an item with ID 31368 from type Guns_America [16]
[1/21/2023 12:48:37 AM] [Info] Lost connection to Steam servers because k_EResultNoConnection
[1/21/2023 12:49:37 AM] [Info] Failed to connect to Steam servers because k_EResultNoConnection, still retrying
[1/21/2023 1:03:59 AM] [Info] Lost connection to Steam servers because k_EResultNoConnection
[1/21/2023 1:07:58 AM] [Error] Failed to respawn an item with ID 31368 from type Police [0]
[1/21/2023 2:32:00 AM] [Info] Lost connection to Steam servers because k_EResultNoConnection
[1/21/2023 2:32:50 AM] [Info] Failed to connect to Steam servers because k_EResultNoConnection, still retrying
[1/21/2023 2:33:40 AM] [Info] Failed to connect to Steam servers because k_EResultNoConnection, still retrying
[1/21/2023 2:34:38 AM] [Info] Failed to connect to Steam servers because k_EResultNoConnection, still retrying
[1/21/2023 2:36:38 AM] [Info] Failed to connect to Steam servers because k_EResultNoConnection, still retrying
[1/21/2023 2:38:35 AM] [Info] Failed to connect to Steam servers because k_EResultNoConnection, still retrying
[1/21/2023 12:08:51 PM] [Error] Failed to respawn an item with ID 31368 from type Guns_America [16]
[1/21/2023 12:09:02 PM] [Info] ShimmysAdminTools >> 
[unloading] ShimmysAdminTools
