[4/25/2023 9:13:08 AM] [Info] [registered] /more (Rocket.Unturned.Commands.CommandMore/more)
[4/25/2023 9:13:08 AM] [Info] [registered] /admin (Rocket.Unturned.Commands.CommandAdmin/admin)
[4/25/2023 9:13:09 AM] [Info] [registered] /broadcast (Rocket.Unturned.Commands.CommandBroadcast/broadcast)
[4/25/2023 9:13:09 AM] [Info] [registered] /compass (Rocket.Unturned.Commands.CommandCompass/compass)
[4/25/2023 9:13:09 AM] [Info] [registered] /effect (Rocket.Unturned.Commands.CommandEffect/effect)
[4/25/2023 9:13:09 AM] [Info] [registered] /exit (Rocket.Unturned.Commands.CommandExit/exit)
[4/25/2023 9:13:09 AM] [Info] [registered] /god (Rocket.Unturned.Commands.CommandGod/god)
[4/25/2023 9:13:09 AM] [Info] [registered] /heal (Rocket.Unturned.Commands.CommandHeal/heal)
[4/25/2023 9:13:09 AM] [Info] [registered] /help (Rocket.Unturned.Commands.CommandHelp/help)
[4/25/2023 9:13:09 AM] [Info] [registered] /i (Rocket.Unturned.Commands.CommandI/i)
[4/25/2023 9:13:09 AM] [Info] [registered] /item (Rocket.Unturned.Commands.CommandI/item)
[4/25/2023 9:13:09 AM] [Info] [registered] /investigate (Rocket.Unturned.Commands.CommandInvestigate/investigate)
[4/25/2023 9:13:09 AM] [Info] [registered] /p (Rocket.Unturned.Commands.CommandP/p)
[4/25/2023 9:13:09 AM] [Info] [registered] /permissions (Rocket.Unturned.Commands.CommandP/permissions)
[4/25/2023 9:13:09 AM] [Info] [registered] /rocket (Rocket.Unturned.Commands.CommandRocket/rocket)
[4/25/2023 9:13:09 AM] [Info] [registered] /tp (Rocket.Unturned.Commands.CommandTp/tp)
[4/25/2023 9:13:09 AM] [Info] [registered] /tphere (Rocket.Unturned.Commands.CommandTphere/tphere)
[4/25/2023 9:13:09 AM] [Info] [registered] /unadmin (Rocket.Unturned.Commands.CommandUnadmin/unadmin)
[4/25/2023 9:13:09 AM] [Info] [registered] /v (Rocket.Unturned.Commands.CommandV/v)
[4/25/2023 9:13:09 AM] [Info] [registered] /vanish (Rocket.Unturned.Commands.CommandVanish/vanish)
[4/25/2023 9:13:09 AM] [Error] Invalid or outdated plugin assembly: Assembly-CSharp
[4/25/2023 9:13:09 AM] [Info] This server will automatically save every 1800 seconds
[4/25/2023 9:13:09 AM] [Info] Steam servers ready!
[4/25/2023 9:13:09 AM] [Info] Workshop install folder: D:\Steam\steamapps\common\U3DS/Servers/LFO/Workshop/Steam
[4/25/2023 9:13:09 AM] [Info] 10 workshop item(s) requested
[4/25/2023 9:13:09 AM] [Info] Submitting workshop query for 10 item(s)...
[4/25/2023 9:13:09 AM] [Info] Workshop query yielded 10 result(s)
[4/25/2023 9:15:55 AM] [Info] This server's allowed IP for Workshop downloads: 50.235.87.42
[4/25/2023 9:15:55 AM] [Info] 877777769 'Furniture Expansion' queued for download
[4/25/2023 9:15:55 AM] [Info] 1717095606 'Creator Tools' queued for download
[4/25/2023 9:15:55 AM] [Info] Authorized to download 2069342497 'Survivor's Expansion'
[4/25/2023 9:15:55 AM] [Info] 2069342497 'Survivor's Expansion' queued for download
[4/25/2023 9:15:55 AM] [Info] 2133808330 'Music Remaster 3.0' queued for download
[4/25/2023 9:15:55 AM] [Info] 1232252658 'More Farming Mod' queued for download
[4/25/2023 9:15:55 AM] [Info] 1909152337 'California Assets' queued for download
[4/25/2023 9:15:55 AM] [Info] Authorized to download 2802239233 'UDarkRP Vehicles'
[4/25/2023 9:15:55 AM] [Info] 2802239233 'UDarkRP Vehicles' queued for download
[4/25/2023 9:15:55 AM] [Info] 2683620106 'Arid' queued for download
[4/25/2023 9:15:55 AM] [Info] 2839462324 'Uncreated Content' queued for download
[4/25/2023 9:15:55 AM] [Info] 1727733956 'Pento's Tactical Apparel' queued for download
[4/25/2023 9:15:55 AM] [Info] 10 workshop item(s) to download...
[4/25/2023 9:15:55 AM] [Info] Workshop item found in cache: 877777769
[4/25/2023 9:15:55 AM] [Info] Installing workshop item: 877777769
[4/25/2023 9:15:55 AM] [Info] Installed workshop item: 877777769
[4/25/2023 9:15:55 AM] [Info] Workshop item found in cache: 1717095606
[4/25/2023 9:15:55 AM] [Info] Installing workshop item: 1717095606
[4/25/2023 9:15:55 AM] [Info] Installed workshop item: 1717095606
[4/25/2023 9:15:55 AM] [Info] Workshop item found in cache: 2069342497
[4/25/2023 9:15:55 AM] [Info] Installing workshop item: 2069342497
[4/25/2023 9:15:55 AM] [Info] Installed workshop item: 2069342497
[4/25/2023 9:15:55 AM] [Info] Workshop item found in cache: 2133808330
[4/25/2023 9:15:55 AM] [Info] Installing workshop item: 2133808330
[4/25/2023 9:15:55 AM] [Info] Installed workshop item: 2133808330
[4/25/2023 9:15:55 AM] [Info] Workshop item found in cache: 1232252658
[4/25/2023 9:15:55 AM] [Info] Installing workshop item: 1232252658
[4/25/2023 9:15:55 AM] [Info] Installed workshop item: 1232252658
[4/25/2023 9:15:55 AM] [Info] Workshop item found in cache: 1909152337
[4/25/2023 9:15:55 AM] [Info] Installing workshop item: 1909152337
[4/25/2023 9:15:55 AM] [Info] Installed workshop item: 1909152337
[4/25/2023 9:15:55 AM] [Info] Workshop item found in cache: 2802239233
[4/25/2023 9:15:55 AM] [Info] Installing workshop item: 2802239233
[4/25/2023 9:15:55 AM] [Info] Installed workshop item: 2802239233
[4/25/2023 9:15:55 AM] [Info] Workshop item found in cache: 2683620106
[4/25/2023 9:15:55 AM] [Info] Installing workshop item: 2683620106
[4/25/2023 9:15:55 AM] [Info] Installed workshop item: 2683620106
[4/25/2023 9:15:55 AM] [Info] Workshop item found in cache: 2839462324
[4/25/2023 9:15:55 AM] [Info] Installing workshop item: 2839462324
[4/25/2023 9:15:55 AM] [Error] Missing effect gameobject
[4/25/2023 9:15:55 AM] [Error]   at SDG.Unturned.EffectAsset.PopulateAsset (SDG.Unturned.Bundle bundle, SDG.Unturned.DatDictionary data, SDG.Unturned.Local localization) [0x00055] in <92cd15f8f69f4be2b774ed1e0c34e0c2>:0 
  at SDG.Unturned.Assets.loadFile (SDG.Unturned.Assets+ScannedFileInfo file) [0x005a1] in <92cd15f8f69f4be2b774ed1e0c34e0c2>:0 
[4/25/2023 9:15:55 AM] [Error] Missing effect gameobject
[4/25/2023 9:15:55 AM] [Error]   at SDG.Unturned.EffectAsset.PopulateAsset (SDG.Unturned.Bundle bundle, SDG.Unturned.DatDictionary data, SDG.Unturned.Local localization) [0x00055] in <92cd15f8f69f4be2b774ed1e0c34e0c2>:0 
  at SDG.Unturned.Assets.loadFile (SDG.Unturned.Assets+ScannedFileInfo file) [0x005a1] in <92cd15f8f69f4be2b774ed1e0c34e0c2>:0 
[4/25/2023 9:15:55 AM] [Error] Missing effect gameobject
[4/25/2023 9:15:55 AM] [Error]   at SDG.Unturned.EffectAsset.PopulateAsset (SDG.Unturned.Bundle bundle, SDG.Unturned.DatDictionary data, SDG.Unturned.Local localization) [0x00055] in <92cd15f8f69f4be2b774ed1e0c34e0c2>:0 
  at SDG.Unturned.Assets.loadFile (SDG.Unturned.Assets+ScannedFileInfo file) [0x005a1] in <92cd15f8f69f4be2b774ed1e0c34e0c2>:0 
[4/25/2023 9:15:55 AM] [Error] Missing effect gameobject
[4/25/2023 9:15:55 AM] [Error]   at SDG.Unturned.EffectAsset.PopulateAsset (SDG.Unturned.Bundle bundle, SDG.Unturned.DatDictionary data, SDG.Unturned.Local localization) [0x00055] in <92cd15f8f69f4be2b774ed1e0c34e0c2>:0 
  at SDG.Unturned.Assets.loadFile (SDG.Unturned.Assets+ScannedFileInfo file) [0x005a1] in <92cd15f8f69f4be2b774ed1e0c34e0c2>:0 
[4/25/2023 9:15:55 AM] [Error] Missing effect gameobject
[4/25/2023 9:15:55 AM] [Error]   at SDG.Unturned.EffectAsset.PopulateAsset (SDG.Unturned.Bundle bundle, SDG.Unturned.DatDictionary data, SDG.Unturned.Local localization) [0x00055] in <92cd15f8f69f4be2b774ed1e0c34e0c2>:0 
  at SDG.Unturned.Assets.loadFile (SDG.Unturned.Assets+ScannedFileInfo file) [0x005a1] in <92cd15f8f69f4be2b774ed1e0c34e0c2>:0 
[4/25/2023 9:15:55 AM] [Error] Missing effect gameobject
[4/25/2023 9:15:55 AM] [Error]   at SDG.Unturned.EffectAsset.PopulateAsset (SDG.Unturned.Bundle bundle, SDG.Unturned.DatDictionary data, SDG.Unturned.Local localization) [0x00055] in <92cd15f8f69f4be2b774ed1e0c34e0c2>:0 
  at SDG.Unturned.Assets.loadFile (SDG.Unturned.Assets+ScannedFileInfo file) [0x005a1] in <92cd15f8f69f4be2b774ed1e0c34e0c2>:0 
[4/25/2023 9:15:55 AM] [Error] Missing effect gameobject
[4/25/2023 9:15:55 AM] [Error]   at SDG.Unturned.EffectAsset.PopulateAsset (SDG.Unturned.Bundle bundle, SDG.Unturned.DatDictionary data, SDG.Unturned.Local localization) [0x00055] in <92cd15f8f69f4be2b774ed1e0c34e0c2>:0 
  at SDG.Unturned.Assets.loadFile (SDG.Unturned.Assets+ScannedFileInfo file) [0x005a1] in <92cd15f8f69f4be2b774ed1e0c34e0c2>:0 
[4/25/2023 9:15:55 AM] [Error] Missing effect gameobject
[4/25/2023 9:15:55 AM] [Error]   at SDG.Unturned.EffectAsset.PopulateAsset (SDG.Unturned.Bundle bundle, SDG.Unturned.DatDictionary data, SDG.Unturned.Local localization) [0x00055] in <92cd15f8f69f4be2b774ed1e0c34e0c2>:0 
  at SDG.Unturned.Assets.loadFile (SDG.Unturned.Assets+ScannedFileInfo file) [0x005a1] in <92cd15f8f69f4be2b774ed1e0c34e0c2>:0 
[4/25/2023 9:15:55 AM] [Info] Installed workshop item: 2839462324
[4/25/2023 9:15:55 AM] [Info] Workshop item found in cache: 1727733956
[4/25/2023 9:15:55 AM] [Info] Installing workshop item: 1727733956
[4/25/2023 9:15:55 AM] [Info] Installed workshop item: 1727733956
[4/25/2023 9:15:55 AM] [Info] Loading level: 8%
[4/25/2023 9:16:04 AM] [Info] Loading level: 16%
[4/25/2023 9:16:07 AM] [Info] Loading level: 25%
[4/25/2023 9:16:07 AM] [Info] Loading level: 33%
[4/25/2023 9:16:10 AM] [Info] Loading level: 41%
[4/25/2023 9:16:10 AM] [Info] Loading level: 50%
[4/25/2023 9:16:10 AM] [Info] Loading level: 58%
[4/25/2023 9:16:11 AM] [Info] Loading level: 66%
[4/25/2023 9:16:11 AM] [Info] Loading level: 75%
[4/25/2023 9:16:11 AM] [Info] Loading level: 83%
[4/25/2023 9:16:11 AM] [Info] Loading level: 91%
[4/25/2023 9:16:11 AM] [Info] Loading level: 100%
[4/25/2023 9:16:28 AM] [Error] Failed to generate an item with ID 31368 from type Military_Low_Peaks [2]
[4/25/2023 9:16:28 AM] [Error] Failed to generate an item with ID 31368 from type Military_Low_Peaks [2]
[4/25/2023 9:16:28 AM] [Error] Failed to generate an item with ID 31368 from type Police_Low_Peaks [0]
[4/25/2023 9:16:28 AM] [Error] Failed to generate an item with ID 31368 from type Military_High_Peaks [3]
[4/25/2023 9:16:28 AM] [Error] Failed to generate an item with ID 31368 from type Military_High_Peaks [3]
