[12/29/2022 1:14:05 AM] [Info] Steam servers ready!
[12/29/2022 1:14:05 AM] [Info] Workshop install folder: C:\Program Files (x86)\Steam\steamapps\common\U3DS/Servers/LFO/Workshop/Steam
[12/29/2022 1:14:05 AM] [Info] 2 workshop item(s) requested
[12/29/2022 1:14:05 AM] [Info] Submitting workshop query for 2 item(s)...
[12/29/2022 1:14:05 AM] [Info] Workshop query yielded 2 result(s)
[12/29/2022 1:14:05 AM] [Info] This server's allowed IP for Workshop downloads: 73.253.101.49
[12/29/2022 1:14:05 AM] [Info] 2899517511 'LFO Mods' has 10 children
[12/29/2022 1:14:05 AM] [Info] 	1232252658
[12/29/2022 1:14:05 AM] [Info] 	2528363491
[12/29/2022 1:14:05 AM] [Info] 	2309977886
[12/29/2022 1:14:05 AM] [Info] 	1727733956
[12/29/2022 1:14:05 AM] [Info] 	2069342497
[12/29/2022 1:14:05 AM] [Info] 	1717095606
[12/29/2022 1:14:05 AM] [Info] 	2796081018
[12/29/2022 1:14:05 AM] [Info] 	2454681372
[12/29/2022 1:14:05 AM] [Info] 	1909152337
[12/29/2022 1:14:05 AM] [Info] 	2480988643
[12/29/2022 1:14:05 AM] [Info] 2683620106 'Arid' queued for download
[12/29/2022 1:14:05 AM] [Info] Submitting workshop query for 10 item(s)...
[12/29/2022 1:16:20 AM] [Info] Workshop query yielded 10 result(s)
[12/29/2022 1:16:20 AM] [Info] This server's allowed IP for Workshop downloads: 73.253.101.49
[12/29/2022 1:16:20 AM] [Info] 1232252658 'More Farming Mod' queued for download
[12/29/2022 1:16:20 AM] [Info] 2528363491 'Wind Vehicles' queued for download
[12/29/2022 1:16:20 AM] [Info] 2309977886 'Wind Cars 2.0' queued for download
[12/29/2022 1:16:20 AM] [Info] 1727733956 'Pento's Tactical Apparel' queued for download
[12/29/2022 1:16:20 AM] [Info] Authorized to download 2069342497 'Survivor's Expansion'
[12/29/2022 1:16:20 AM] [Info] 2069342497 'Survivor's Expansion' queued for download
[12/29/2022 1:16:20 AM] [Info] 1717095606 'Creator Tools' queued for download
[12/29/2022 1:16:20 AM] [Info] 2796081018 'Nordic Compatable Arid' queued for download
[12/29/2022 1:16:20 AM] [Info] 2454681372 'Raum's Lockers' queued for download
[12/29/2022 1:16:20 AM] [Info] 1909152337 'California Assets' queued for download
[12/29/2022 1:16:20 AM] [Info] 2480988643 'LFO Washington' queued for download
[12/29/2022 1:16:20 AM] [Info] 11 workshop item(s) to download...
[12/29/2022 1:16:20 AM] [Info] Downloading workshop item: 2683620106
[12/29/2022 1:16:20 AM] [Info] Successfully downloaded workshop item: 2683620106
[12/29/2022 1:16:20 AM] [Info] Installing workshop item: 2683620106
[12/29/2022 1:16:55 AM] [Info] Installed workshop item: 2683620106
[12/29/2022 1:16:55 AM] [Info] Workshop item found in cache: 1232252658
[12/29/2022 1:16:55 AM] [Info] Installing workshop item: 1232252658
[12/29/2022 1:16:55 AM] [Info] Installed workshop item: 1232252658
[12/29/2022 1:16:55 AM] [Info] Workshop item found in cache: 2528363491
[12/29/2022 1:16:55 AM] [Info] Installing workshop item: 2528363491
[12/29/2022 1:16:55 AM] [Info] Installed workshop item: 2528363491
[12/29/2022 1:16:55 AM] [Info] Workshop item found in cache: 2309977886
[12/29/2022 1:16:55 AM] [Info] Installing workshop item: 2309977886
[12/29/2022 1:16:55 AM] [Info] Installed workshop item: 2309977886
[12/29/2022 1:16:55 AM] [Info] Workshop item found in cache: 1727733956
[12/29/2022 1:16:55 AM] [Info] Installing workshop item: 1727733956
[12/29/2022 1:16:55 AM] [Info] Installed workshop item: 1727733956
[12/29/2022 1:16:55 AM] [Info] Workshop item found in cache: 2069342497
[12/29/2022 1:16:55 AM] [Info] Installing workshop item: 2069342497
[12/29/2022 1:16:55 AM] [Info] Installed workshop item: 2069342497
[12/29/2022 1:16:55 AM] [Info] Workshop item found in cache: 1717095606
[12/29/2022 1:16:55 AM] [Info] Installing workshop item: 1717095606
[12/29/2022 1:16:55 AM] [Info] Installed workshop item: 1717095606
[12/29/2022 1:16:55 AM] [Info] Workshop item found in cache: 2796081018
[12/29/2022 1:16:55 AM] [Info] Installing workshop item: 2796081018
[12/29/2022 1:16:55 AM] [Info] Installed workshop item: 2796081018
[12/29/2022 1:16:55 AM] [Info] Workshop item found in cache: 2454681372
[12/29/2022 1:16:55 AM] [Info] Installing workshop item: 2454681372
[12/29/2022 1:16:55 AM] [Info] Installed workshop item: 2454681372
[12/29/2022 1:16:55 AM] [Info] Workshop item found in cache: 1909152337
[12/29/2022 1:16:55 AM] [Info] Installing workshop item: 1909152337
[12/29/2022 1:16:55 AM] [Info] Installed workshop item: 1909152337
[12/29/2022 1:16:55 AM] [Info] Workshop item found in cache: 2480988643
[12/29/2022 1:16:55 AM] [Info] Installing workshop item: 2480988643
[12/29/2022 1:16:55 AM] [Info] Installed workshop item: 2480988643
[12/29/2022 1:16:55 AM] [Info] Skipping level config override Items.Quality_Full_Chance because server value (1) is not the default (0.1)
[12/29/2022 1:16:55 AM] [Info] Level overrides config Items.Quality_Multiplier: 1 (Default: 1)
[12/29/2022 1:16:55 AM] [Info] Skipping level config override Items.Gun_Bullets_Full_Chance because server value (1) is not the default (0.05)
[12/29/2022 1:16:55 AM] [Info] Skipping level config override Items.Gun_Bullets_Multiplier because server value (1) is not the default (0.25)
[12/29/2022 1:16:55 AM] [Info] Skipping level config override Items.Magazine_Bullets_Full_Chance because server value (1) is not the default (0.05)
[12/29/2022 1:16:55 AM] [Info] Skipping level config override Items.Magazine_Bullets_Multiplier because server value (1) is not the default (0.5)
[12/29/2022 1:16:55 AM] [Info] Skipping level config override Items.Crate_Bullets_Full_Chance because server value (1) is not the default (0.05)
[12/29/2022 1:16:55 AM] [Info] Level overrides config Items.Crate_Bullets_Multiplier: 0.5 (Default: 1)
[12/29/2022 1:16:55 AM] [Info] Level overrides config Items.Despawn_Dropped_Time: 1080 (Default: 600)
[12/29/2022 1:16:55 AM] [Info] Level overrides config Items.Despawn_Natural_Time: 1080 (Default: 900)
[12/29/2022 1:16:55 AM] [Info] Level overrides config Items.Respawn_Time: 80 (Default: 100)
[12/29/2022 1:16:55 AM] [Info] Level overrides config Players.Health_Default: 65 (Default: 100)
[12/29/2022 1:16:55 AM] [Info] Level overrides config Players.Food_Default: 50 (Default: 100)
[12/29/2022 1:16:55 AM] [Info] Level overrides config Players.Water_Default: 50 (Default: 100)
[12/29/2022 1:16:55 AM] [Info] Level overrides config Players.Virus_Default: 30 (Default: 100)
[12/29/2022 1:16:55 AM] [Info] Level overrides config Players.Health_Regen_Min_Food: 70 (Default: 90)
[12/29/2022 1:16:55 AM] [Info] Level overrides config Players.Health_Regen_Min_Water: 70 (Default: 90)
[12/29/2022 1:16:55 AM] [Info] Level overrides config Players.Health_Regen_Ticks: 45 (Default: 60)
[12/29/2022 1:16:55 AM] [Info] Level overrides config Players.Food_Use_Ticks: 1400 (Default: 300)
[12/29/2022 1:16:55 AM] [Info] Level overrides config Players.Food_Damage_Ticks: 5 (Default: 15)
[12/29/2022 1:16:55 AM] [Info] Level overrides config Players.Water_Use_Ticks: 1200 (Default: 270)
[12/29/2022 1:16:55 AM] [Info] Level overrides config Players.Water_Damage_Ticks: 5 (Default: 20)
[12/29/2022 1:16:55 AM] [Info] Skipping level config override Players.Virus_Infect because server value (90) is not the default (50)
[12/29/2022 1:16:55 AM] [Info] Level overrides config Players.Virus_Use_Ticks: 60 (Default: 125)
[12/29/2022 1:16:55 AM] [Info] Level overrides config Players.Virus_Damage_Ticks: 1 (Default: 25)
[12/29/2022 1:16:55 AM] [Info] Skipping level config override Players.Detect_Radius_Multiplier because server value (5) is not the default (1)
[12/29/2022 1:16:55 AM] [Info] Skipping level config override Players.Ray_Aggressor_Distance because server value (30) is not the default (8)
[12/29/2022 1:16:55 AM] [Info] Level overrides config Players.Bleed_Damage_Ticks: 21 (Default: 10)
[12/29/2022 1:16:55 AM] [Info] Level overrides config Players.Can_Stop_Bleeding: False (Default: True)
[12/29/2022 1:16:55 AM] [Info] Level overrides config Players.Experience_Multiplier: 0 (Default: 1)
[12/29/2022 1:16:55 AM] [Info] Skipping level config override Players.Lose_Skills_PvP because server value (1) is not the default (0.75)
[12/29/2022 1:16:55 AM] [Info] Skipping level config override Players.Lose_Skills_PvE because server value (1) is not the default (0.75)
[12/29/2022 1:16:56 AM] [Info] Skipping level config override Zombies.Slow_Movement because server value (True) is not the default (False)
[12/29/2022 1:16:56 AM] [Info] Skipping level config override Zombies.Acid_Chance because server value (0) is not the default (0.025)
[12/29/2022 1:16:56 AM] [Info] Skipping level config override Zombies.Loot_Chance because server value (1) is not the default (0.5)
[12/29/2022 1:16:56 AM] [Info] Level overrides config Zombies.Min_Mega_Drops: 6 (Default: 5)
[12/29/2022 1:16:56 AM] [Info] Skipping level config override Zombies.Max_Mega_Drops because server value (10) is not the default (5)
[12/29/2022 1:16:56 AM] [Info] Skipping level config override Zombies.Min_Boss_Drops because server value (5) is not the default (8)
[12/29/2022 1:16:56 AM] [Info] Level overrides config Zombies.Max_Boss_Drops: 7 (Default: 10)
[12/29/2022 1:16:56 AM] [Info] Skipping level config override Zombies.Respawn_Day_Time because server value (600) is not the default (360)
[12/29/2022 1:16:56 AM] [Info] Level overrides config Zombies.Respawn_Night_Time: 180 (Default: 30)
[12/29/2022 1:16:56 AM] [Info] Level overrides config Gameplay.Chart: True (Default: False)
[12/29/2022 1:16:56 AM] [Info] Level overrides config Gameplay.Satellite: True (Default: False)
[12/29/2022 1:16:56 AM] [Info] Level overrides config Gameplay.Ballistics: True (Default: True)
[12/29/2022 1:16:56 AM] [Info] Level overrides config Gameplay.Group_Map: True (Default: True)
[12/29/2022 1:16:56 AM] [Info] Skipping level config override Gameplay.Timer_Home because server value (10) is not the default (30)
[12/29/2022 1:16:56 AM] [Info] Skipping level config override Events.Airdrop_Frequency_Min because server value (0) is not the default (0.8)
[12/29/2022 1:16:56 AM] [Info] Skipping level config override Events.Airdrop_Frequency_Max because server value (5) is not the default (6.5)
[12/29/2022 1:16:56 AM] [Info] Skipping level config override Events.Airdrop_Speed because server value (1) is not the default (128)
[12/29/2022 1:16:56 AM] [Info] Skipping level config override Events.Airdrop_Force because server value (1) is not the default (9.5)
[12/29/2022 1:16:56 AM] [Info] Skipping level config override Vehicles.Min_Battery_Charge because server value (1) is not the default (0.5)
[12/29/2022 1:16:56 AM] [Info] Skipping level config override Vehicles.Max_Battery_Charge because server value (1) is not the default (0.75)
[12/29/2022 1:16:56 AM] [Info] Skipping level config override Vehicles.Has_Battery_Chance because server value (1) is not the default (0.8)
[12/29/2022 1:16:56 AM] [Info] Skipping level config override Vehicles.Max_Instances_Large because server value (60) is not the default (32)
[12/29/2022 1:16:56 AM] [Info] Skipping level config override Vehicles.Decay_Time because server value (0) is not the default (604800)
[12/29/2022 1:16:56 AM] [Info] Skipping level config override Vehicles.Decay_Damage_Per_Second because server value (0) is not the default (0.1)
[12/29/2022 1:16:56 AM] [Info] Skipping level config override Barricades.Armor_Lowtier_Multiplier because server value (100) is not the default (1)
[12/29/2022 1:16:56 AM] [Info] Skipping level config override Barricades.Armor_Hightier_Multiplier because server value (100) is not the default (0.5)
[12/29/2022 1:16:56 AM] [Info] Skipping level config override Structures.Armor_Lowtier_Multiplier because server value (0.01) is not the default (1)
[12/29/2022 1:16:56 AM] [Info] Skipping level config override Structures.Armor_Hightier_Multiplier because server value (0.01) is not the default (0.5)
[12/29/2022 1:16:56 AM] [Info] Skipping level config override Barricades.Gun_Lowcal_Damage_Multiplier because server value (0.01) is not the default (1)
[12/29/2022 1:16:56 AM] [Info] Skipping level config override Barricades.Gun_Highcal_Damage_Multiplier because server value (0.01) is not the default (1)
[12/29/2022 1:16:56 AM] [Info] Skipping level config override Structures.Gun_Lowcal_Damage_Multiplier because server value (0.01) is not the default (1)
[12/29/2022 1:16:56 AM] [Info] Skipping level config override Structures.Gun_Highcal_Damage_Multiplier because server value (0.01) is not the default (1)
[12/29/2022 1:16:56 AM] [Info] Skipping level config override Barricades.Decay_Time because server value (0) is not the default (604800)
[12/29/2022 1:16:56 AM] [Info] Skipping level config override Structures.Decay_Time because server value (0) is not the default (604800)
[12/29/2022 1:16:56 AM] [Info] Level overrides config Barricades.Allow_Item_Placement_On_Vehicle: False (Default: True)
[12/29/2022 1:16:56 AM] [Info] Level overrides config Barricades.Allow_Trap_Placement_On_Vehicle: False (Default: True)
[12/29/2022 1:16:56 AM] [Info] Monitoring workshop map 'Arid' (2683620106) for changes
[12/29/2022 1:16:56 AM] [Info] Loading level: 8%
[12/29/2022 1:16:58 AM] [Info] Loading level: 16%
[12/29/2022 1:16:59 AM] [Info] Loading level: 25%
[12/29/2022 1:16:59 AM] [Info] Loading level: 33%
[12/29/2022 1:16:59 AM] [Info] Loading level: 41%
[12/29/2022 1:16:59 AM] [Info] Loading level: 50%
[12/29/2022 1:16:59 AM] [Info] Loading level: 58%
[12/29/2022 1:16:59 AM] [Info] Loading level: 66%
[12/29/2022 1:16:59 AM] [Info] Loading level: 75%
[12/29/2022 1:16:59 AM] [Info] Loading level: 83%
[12/29/2022 1:16:59 AM] [Info] Loading level: 91%
[12/29/2022 1:16:59 AM] [Info] Loading level: 100%
[12/29/2022 1:21:00 AM] [Info] BattlEye Server: Player #0 Red__Bear (73.253.101.49:62669) connected
[12/29/2022 1:21:00 AM] [Info] BattlEye Server: Player #0 Red__Bear - BE GUID: f4abbf8aa333c3b24b5656c70080f342
[12/29/2022 1:21:00 AM] [Info] Connecting: PlayerID: 76561199035738472 Name: Red__Bear Character: Red__Bear
[12/29/2022 1:21:00 AM] [Info] BattlEye Server: Connected to BE Master
[12/29/2022 1:22:39 AM] [Info] [Group] Red__Bear [Red__Bear]: "/heal"
[12/29/2022 1:22:54 AM] [Info] BattlEye Server: Player #1 Lagunastudios (24.10.47.186:53904) connected
[12/29/2022 1:22:54 AM] [Info] BattlEye Server: Player #1 Lagunastudios - BE GUID: 93a5fd09183ed672330b59dd16bb82ae
[12/29/2022 1:23:23 AM] [Info] Connecting: PlayerID: 76561198334369190 Name: Lagunastudios Character: [Delta 5] Kaboomo Blastkerov
[12/29/2022 1:23:23 AM] [Info] [World] [Delta 5] Kaboomo Blastkerov [Lagunastudios]: "/tp red"
[12/29/2022 1:24:15 AM] [Info] [World] [Delta 5] Kaboomo Blastkerov [Lagunastudios]: "/heal"
[12/29/2022 1:24:55 AM] [Info] [World] [Delta 5] Kaboomo Blastkerov [Lagunastudios]: "/heal"
[12/29/2022 1:25:28 AM] [Info] [World] [Delta 5] Kaboomo Blastkerov [Lagunastudios]: "/heal"
[12/29/2022 1:25:46 AM] [Info] [World] [Delta 5] Kaboomo Blastkerov [Lagunastudios]: "/heal"
[12/29/2022 1:25:58 AM] [Info] Red__Bear [Red__Bear] was shot in the head by [Delta 5] Kaboomo Blastkerov [Lagunastudios]!
[12/29/2022 1:26:04 AM] [Info] [World] [Delta 5] Kaboomo Blastkerov [Lagunastudios]: "sorry"
[12/29/2022 1:26:25 AM] [Info] [World] [Delta 5] Kaboomo Blastkerov [Lagunastudios]: "/tp red kab"
[12/29/2022 1:26:33 AM] [Info] [Group] Red__Bear [Red__Bear]: "/heal"
[12/29/2022 1:26:37 AM] [Info] [World] [Delta 5] Kaboomo Blastkerov [Lagunastudios]: "/teleport red wp"
[12/29/2022 1:26:37 AM] [Error] Failed to find anyone or anywhere called red wp.
[12/29/2022 1:27:15 AM] [Info] [World] [Delta 5] Kaboomo Blastkerov [Lagunastudios]: "/i "ar magazine" 5"
[12/29/2022 1:27:24 AM] [Info] [Group] Red__Bear [Red__Bear]: "/p"
[12/29/2022 1:29:36 AM] [Info] [World] [Delta 5] Kaboomo Blastkerov [Lagunastudios]: "/kick kab"
[12/29/2022 1:29:37 AM] [Info] BattlEye Server: Player #1 Lagunastudios disconnected
[12/29/2022 1:35:17 AM] [Info] Successfully kicked Lagunastudios!
[12/29/2022 1:35:17 AM] [Info] [Group] Red__Bear [Red__Bear]: "/heal"
[12/29/2022 1:37:57 AM] [Info] Disconnecting: PlayerID: 76561199035738472 Name: Red__Bear Character: Red__Bear
[12/29/2022 1:37:57 AM] [Info] BattlEye Server: Player #0 Red__Bear disconnected
[12/29/2022 3:14:46 AM] [Info] Lost connection to Steam servers because k_EResultNoConnection
[12/29/2022 3:14:47 AM] [Info] BattlEye Server: Failed to receive from BE Master (10054)
[12/29/2022 3:14:47 AM] [Info] BattlEye Server: Disconnected from BE Master
[12/29/2022 3:32:34 AM] [Info] Lost connection to Steam servers because k_EResultNoConnection
[12/29/2022 3:32:34 AM] [Info] Failed to connect to Steam servers because k_EResultNoConnection, still retrying
[12/29/2022 11:35:14 AM] [Info] BattlEye Server: Player #0 Cheese Boi (173.3.120.91:49530) connected
[12/29/2022 11:35:14 AM] [Info] BattlEye Server: Player #0 Cheese Boi - BE GUID: 2b512fb04534f10758ddfe662a41a811
[12/29/2022 11:35:14 AM] [Info] Connecting: PlayerID: 76561199129498897 Name: Cheese Boi Character: Soprano
[12/29/2022 11:35:14 AM] [Info] BattlEye Server: Connected to BE Master
[12/29/2022 11:38:17 AM] [Info] [World] Soprano [Cheese Boi]: "/heal"
[12/29/2022 11:54:09 AM] [Info] BattlEye Server: Player #1 Red__Bear (73.253.101.49:50946) connected
[12/29/2022 11:54:09 AM] [Info] BattlEye Server: Player #1 Red__Bear - BE GUID: f4abbf8aa333c3b24b5656c70080f342
[12/29/2022 11:54:26 AM] [Info] Connecting: PlayerID: 76561199035738472 Name: Red__Bear Character: Red__Bear
[12/29/2022 11:54:26 AM] [Info] Red__Bear [Red__Bear] was shredded to bits!
[12/29/2022 11:54:33 AM] [Info] [Group] Red__Bear [Red__Bear]: "/teleport wp"
[12/29/2022 11:54:33 AM] [Info] Successfully teleported Red__Bear to waypoint!
[12/29/2022 11:54:37 AM] [Info] [World] Soprano [Cheese Boi]: "/day"
[12/29/2022 11:54:37 AM] [Info] Successfully set time to day!
[12/29/2022 11:55:36 AM] [Info] [Group] Red__Bear [Red__Bear]: "/heal"
[12/29/2022 11:56:42 AM] [Info] [Group] Red__Bear [Red__Bear]: "/v 59030"
[12/29/2022 12:06:51 PM] [Info] [World] Soprano [Cheese Boi]: "/tp red"
[12/29/2022 12:11:27 PM] [Info] [Group] Red__Bear [Red__Bear]: "/heal"
[12/29/2022 12:12:28 PM] [Info] [World] Soprano [Cheese Boi]: "/heal"
[12/29/2022 12:19:58 PM] [Info] [World] Soprano [Cheese Boi]: "/tp west"
[12/29/2022 12:23:49 PM] [Info] [Group] Red__Bear [Red__Bear]: "/heak"
[12/29/2022 12:23:57 PM] [Info] [Group] Red__Bear [Red__Bear]: ".heal"
[12/29/2022 12:24:06 PM] [Info] [Group] Red__Bear [Red__Bear]: "/heal"
[12/29/2022 12:26:06 PM] [Info] [World] Soprano [Cheese Boi]: "/i "dog tag" 30"
[12/29/2022 12:26:12 PM] [Info] [World] Soprano [Cheese Boi]: "/i "dogtag" 30"
[12/29/2022 12:30:20 PM] [Info] [World] Soprano [Cheese Boi]: "/day"
[12/29/2022 12:30:20 PM] [Info] Successfully set time to day!
[12/29/2022 12:30:27 PM] [Info] [World] Soprano [Cheese Boi]: "/day"
[12/29/2022 12:30:27 PM] [Info] Successfully set time to day!
[12/29/2022 12:35:48 PM] [Info] [Group] Red__Bear [Red__Bear]: "/kick red"
[12/29/2022 12:35:48 PM] [Info] BattlEye Server: Player #1 Red__Bear disconnected
[12/29/2022 12:35:48 PM] [Info] Successfully kicked Red__Bear!
[12/29/2022 12:43:41 PM] [Info] [World] Soprano [Cheese Boi]: "/heal"
[12/29/2022 12:46:47 PM] [Info] [World] Soprano [Cheese Boi]: "/tp fort"
[12/29/2022 12:46:54 PM] [Info] [World] Soprano [Cheese Boi]: "/tp west"
[12/29/2022 12:46:55 PM] [Info] [World] Soprano [Cheese Boi]: "/heal"
[12/29/2022 12:48:56 PM] [Info] Soprano [Cheese Boi] was blown up by a landmine!
[12/29/2022 12:49:00 PM] [Info] [World] Soprano [Cheese Boi]: "/back"
[12/29/2022 12:49:05 PM] [Info] [World] Soprano [Cheese Boi]: "/tp air"
[12/29/2022 12:51:35 PM] [Info] Soprano [Cheese Boi] was infected to death!
[12/29/2022 12:51:40 PM] [Info] [World] Soprano [Cheese Boi]: "/heal"
[12/29/2022 12:51:43 PM] [Info] [World] Soprano [Cheese Boi]: "/tp air"
[12/29/2022 12:54:23 PM] [Info] [World] Soprano [Cheese Boi]: "/i "wooden crate""
[12/29/2022 12:54:29 PM] [Info] [World] Soprano [Cheese Boi]: "/i "wooden crate" 3"
[12/29/2022 12:54:41 PM] [Info] [World] Soprano [Cheese Boi]: "/teleport wp"
[12/29/2022 12:54:41 PM] [Info] Successfully teleported Cheese Boi to waypoint!
[12/29/2022 12:56:31 PM] [Info] [World] Soprano [Cheese Boi]: "/tp air"
[12/29/2022 1:01:32 PM] [Info] [World] Soprano [Cheese Boi]: "/i "rescue saw""
[12/29/2022 1:03:51 PM] [Info] [World] Soprano [Cheese Boi]: "/heal"
[12/29/2022 1:05:04 PM] [Info] [World] Soprano [Cheese Boi]: "/i "sterile bandage" 15"
[12/29/2022 1:06:00 PM] [Info] [World] Soprano [Cheese Boi]: "/teleport wp"
[12/29/2022 1:06:00 PM] [Info] Successfully teleported Cheese Boi to waypoint!
[12/29/2022 1:07:00 PM] [Info] [World] Soprano [Cheese Boi]: "/i "blowtorch""
[12/29/2022 1:07:51 PM] [Info] [World] Soprano [Cheese Boi]: "/teleport west"
[12/29/2022 1:07:51 PM] [Info] Successfully teleported Cheese Boi to Location!
[12/29/2022 1:10:21 PM] [Info] [World] Soprano [Cheese Boi]: "/day"
[12/29/2022 1:10:21 PM] [Info] Successfully set time to day!
[12/29/2022 1:13:55 PM] [Info] [World] Soprano [Cheese Boi]: "/i 59003"
[12/29/2022 1:14:45 PM] [Info] [World] Soprano [Cheese Boi]: "/teleport wp"
[12/29/2022 1:14:45 PM] [Info] Successfully teleported Cheese Boi to waypoint!
[12/29/2022 1:22:09 PM] [Info] [World] Soprano [Cheese Boi]: "/v59025"
[12/29/2022 1:22:12 PM] [Info] [World] Soprano [Cheese Boi]: "/v 59025"
[12/29/2022 1:25:19 PM] [Info] [World] Soprano [Cheese Boi]: "/heal"
[12/29/2022 1:33:27 PM] [Info] BattlEye Server: Player #1 JACK THE RIPPER (108.90.241.159:54925) connected
[12/29/2022 1:33:27 PM] [Info] BattlEye Server: Player #1 JACK THE RIPPER - BE GUID: 0b39942d7d9a57c3719c1f802044c592
[12/29/2022 1:33:41 PM] [Info] Connecting: PlayerID: 76561199074224396 Name: JACK THE RIPPER Character: reaper
[12/29/2022 1:33:41 PM] [Info] [World] reaper [JACK THE RIPPER]: "/vanish"
[12/29/2022 1:33:49 PM] [Info] [World] reaper [JACK THE RIPPER]: "/tp james"
[12/29/2022 1:33:53 PM] [Info] [World] reaper [JACK THE RIPPER]: "/teleport james"
[12/29/2022 1:33:53 PM] [Error] Failed to find anyone or anywhere called james.
[12/29/2022 1:34:00 PM] [Info] [World] reaper [JACK THE RIPPER]: "/teleport sop"
[12/29/2022 1:34:00 PM] [Info] Successfully teleported JACK THE RIPPER to Cheese Boi!
[12/29/2022 1:34:14 PM] [Info] [World] reaper [JACK THE RIPPER]: "/i q-tip"
[12/29/2022 1:34:19 PM] [Info] [World] reaper [JACK THE RIPPER]: "/i pdw"
[12/29/2022 1:34:22 PM] [Info] [World] reaper [JACK THE RIPPER]: "/i 18"
[12/29/2022 1:34:27 PM] [Info] [World] reaper [JACK THE RIPPER]: "/i 17"
[12/29/2022 1:35:16 PM] [Info] [World] Soprano [Cheese Boi]: "/teleport wp"
[12/29/2022 1:35:16 PM] [Info] Successfully teleported Cheese Boi to waypoint!
[12/29/2022 1:35:43 PM] [Info] [World] reaper [JACK THE RIPPER]: "/god"
[12/29/2022 1:36:15 PM] [Info] Disconnecting: PlayerID: 76561199074224396 Name: JACK THE RIPPER Character: reaper
[12/29/2022 1:36:15 PM] [Info] BattlEye Server: Player #1 JACK THE RIPPER disconnected
[12/29/2022 1:37:32 PM] [Info] BattlEye Server: Player #1 JACK THE RIPPER (108.90.241.159:62355) connected
[12/29/2022 1:37:32 PM] [Info] BattlEye Server: Player #1 JACK THE RIPPER - BE GUID: 0b39942d7d9a57c3719c1f802044c592
[12/29/2022 1:37:38 PM] [Info] Connecting: PlayerID: 76561199074224396 Name: JACK THE RIPPER Character: reaper
[12/29/2022 1:37:38 PM] [Info] [World] reaper [JACK THE RIPPER]: "/god"
[12/29/2022 1:37:41 PM] [Info] [World] reaper [JACK THE RIPPER]: "/vanish"
[12/29/2022 1:39:17 PM] [Info] [World] reaper [JACK THE RIPPER]: "/i 34137"
[12/29/2022 1:39:29 PM] [Info] [World] reaper [JACK THE RIPPER]: "/i 34199"
[12/29/2022 1:39:48 PM] [Info] [World] reaper [JACK THE RIPPER]: "/i 34235"
[12/29/2022 1:39:55 PM] [Info] [World] reaper [JACK THE RIPPER]: "/i 34242"
[12/29/2022 1:40:06 PM] [Info] [World] reaper [JACK THE RIPPER]: "/i 34249"
[12/29/2022 1:40:25 PM] [Info] [World] reaper [JACK THE RIPPER]: "/i 34009"
[12/29/2022 1:40:39 PM] [Info] [World] reaper [JACK THE RIPPER]: "/i 34015"
[12/29/2022 1:40:49 PM] [Info] [World] reaper [JACK THE RIPPER]: "/i 34010 '"
[12/29/2022 1:41:10 PM] [Info] [World] reaper [JACK THE RIPPER]: "/i 34197"
[12/29/2022 1:41:16 PM] [Info] [World] reaper [JACK THE RIPPER]: "/i 34198"
[12/29/2022 1:42:02 PM] [Info] [World] reaper [JACK THE RIPPER]: "/i 34241"
[12/29/2022 1:42:18 PM] [Info] [World] reaper [JACK THE RIPPER]: "/teleport james"
[12/29/2022 1:42:19 PM] [Error] Failed to find anyone or anywhere called james.
[12/29/2022 1:42:23 PM] [Info] [World] reaper [JACK THE RIPPER]: "/teleport james"
[12/29/2022 1:42:23 PM] [Error] Failed to find anyone or anywhere called james.
[12/29/2022 1:42:29 PM] [Info] [World] reaper [JACK THE RIPPER]: "/teleport wp"
[12/29/2022 1:42:29 PM] [Info] Successfully teleported JACK THE RIPPER to waypoint!
[12/29/2022 1:44:45 PM] [Info] [World] reaper [JACK THE RIPPER]: "/teleport wp"
[12/29/2022 1:44:45 PM] [Info] Successfully teleported JACK THE RIPPER to waypoint!
[12/29/2022 1:45:00 PM] [Info] [World] reaper [JACK THE RIPPER]: "/vanish"
[12/29/2022 1:45:02 PM] [Info] [World] reaper [JACK THE RIPPER]: "/god"
[12/29/2022 1:46:01 PM] [Info] [World] Soprano [Cheese Boi]: "/i "cheese" 100"
[12/29/2022 1:46:04 PM] [Info] [World] reaper [JACK THE RIPPER]: "/teleport sop"
[12/29/2022 1:46:04 PM] [Info] Successfully teleported JACK THE RIPPER to Cheese Boi!
[12/29/2022 1:46:07 PM] [Info] [World] Soprano [Cheese Boi]: "/i "cheese" 1000"
[12/29/2022 1:46:14 PM] [Info] [World] Soprano [Cheese Boi]: "/i "cheese" 1000"
[12/29/2022 1:46:17 PM] [Info] [World] reaper [JACK THE RIPPER]: "/i cheese 1k"
[12/29/2022 1:46:17 PM] [Info] [World] Soprano [Cheese Boi]: "/i "cheese" 100"
[12/29/2022 1:46:19 PM] [Info] [World] Soprano [Cheese Boi]: "/i "cheese" 100"
[12/29/2022 1:46:19 PM] [Info] [World] Soprano [Cheese Boi]: "/i "cheese" 100"
[12/29/2022 1:46:19 PM] [Info] [World] Soprano [Cheese Boi]: "/i "cheese" 100"
[12/29/2022 1:46:20 PM] [Info] [World] Soprano [Cheese Boi]: "/i "cheese" 100"
[12/29/2022 1:46:21 PM] [Info] [World] Soprano [Cheese Boi]: "/i "cheese" 100"
[12/29/2022 1:46:21 PM] [Info] [World] Soprano [Cheese Boi]: "/i "cheese" 100"
[12/29/2022 1:46:21 PM] [Info] [World] Soprano [Cheese Boi]: "/i "cheese" 100"
[12/29/2022 1:46:22 PM] [Info] [World] Soprano [Cheese Boi]: "/i "cheese" 100"
[12/29/2022 1:46:23 PM] [Info] [World] Soprano [Cheese Boi]: "/i "cheese" 100"
[12/29/2022 1:46:24 PM] [Info] [World] Soprano [Cheese Boi]: "/i "cheese" 100"
[12/29/2022 1:46:25 PM] [Info] [World] Soprano [Cheese Boi]: "/i "cheese" 100"
[12/29/2022 1:46:25 PM] [Info] [World] reaper [JACK THE RIPPER]: "/cheese 500"
[12/29/2022 1:46:25 PM] [Info] [World] Soprano [Cheese Boi]: "/i "cheese" 100"
[12/29/2022 1:46:25 PM] [Info] [World] Soprano [Cheese Boi]: "/i "cheese" 100"
[12/29/2022 1:46:26 PM] [Info] [World] Soprano [Cheese Boi]: "/i "cheese" 100"
[12/29/2022 1:46:26 PM] [Info] [World] Soprano [Cheese Boi]: "/i "cheese" 100"
[12/29/2022 1:46:27 PM] [Info] [World] Soprano [Cheese Boi]: "/i "cheese" 100"
[12/29/2022 1:46:27 PM] [Info] [World] Soprano [Cheese Boi]: "/i "cheese" 100"
[12/29/2022 1:46:28 PM] [Info] [World] Soprano [Cheese Boi]: "/i "cheese" 100"
[12/29/2022 1:46:28 PM] [Info] [World] Soprano [Cheese Boi]: "/i "cheese" 100"
[12/29/2022 1:46:29 PM] [Info] [World] Soprano [Cheese Boi]: "/i "cheese" 100"
[12/29/2022 1:46:29 PM] [Info] [World] Soprano [Cheese Boi]: "/i "cheese" 100"
[12/29/2022 1:46:30 PM] [Info] [World] Soprano [Cheese Boi]: "/i "cheese" 100"
[12/29/2022 1:46:31 PM] [Info] [World] Soprano [Cheese Boi]: "/i "cheese" 100"
[12/29/2022 1:46:31 PM] [Info] [World] Soprano [Cheese Boi]: "/i "cheese" 100"
[12/29/2022 1:46:31 PM] [Info] [World] Soprano [Cheese Boi]: "/i "cheese" 100"
[12/29/2022 1:46:32 PM] [Info] [World] Soprano [Cheese Boi]: "/i "cheese" 100"
[12/29/2022 1:46:32 PM] [Info] [World] Soprano [Cheese Boi]: "/i "cheese" 100"
[12/29/2022 1:46:32 PM] [Info] [World] Soprano [Cheese Boi]: "/i "cheese" 100"
[12/29/2022 1:46:33 PM] [Info] [World] Soprano [Cheese Boi]: "/i "cheese" 100"
[12/29/2022 1:46:33 PM] [Info] [World] Soprano [Cheese Boi]: "/i "cheese" 100"
[12/29/2022 1:46:34 PM] [Info] [World] Soprano [Cheese Boi]: "/i "cheese" 100"
[12/29/2022 1:46:34 PM] [Info] [World] Soprano [Cheese Boi]: "/i "cheese" 100"
[12/29/2022 1:46:34 PM] [Info] [World] Soprano [Cheese Boi]: "/i "cheese" 100"
[12/29/2022 1:46:35 PM] [Info] [World] Soprano [Cheese Boi]: "/i "cheese" 100"
[12/29/2022 1:46:36 PM] [Info] [World] Soprano [Cheese Boi]: "/i "cheese" 100"
[12/29/2022 1:46:36 PM] [Info] [World] Soprano [Cheese Boi]: "/i "cheese" 100"
[12/29/2022 1:46:36 PM] [Info] [World] Soprano [Cheese Boi]: "/i "cheese" 100"
[12/29/2022 1:46:37 PM] [Info] [World] Soprano [Cheese Boi]: "/i "cheese" 100"
[12/29/2022 1:46:37 PM] [Info] [World] Soprano [Cheese Boi]: "/i "cheese" 100"
[12/29/2022 1:46:38 PM] [Info] [World] Soprano [Cheese Boi]: "/i "cheese" 100"
[12/29/2022 1:46:38 PM] [Info] [World] Soprano [Cheese Boi]: "/i "cheese" 100"
[12/29/2022 1:46:39 PM] [Info] [World] Soprano [Cheese Boi]: "/i "cheese" 100"
[12/29/2022 1:46:39 PM] [Info] [World] Soprano [Cheese Boi]: "/i "cheese" 100"
[12/29/2022 1:46:39 PM] [Info] [World] Soprano [Cheese Boi]: "/i "cheese" 100"
[12/29/2022 1:46:40 PM] [Info] [World] Soprano [Cheese Boi]: "/i "cheese" 100"
[12/29/2022 1:46:40 PM] [Info] [World] Soprano [Cheese Boi]: "/i "cheese" 100"
[12/29/2022 1:46:41 PM] [Info] [World] Soprano [Cheese Boi]: "/i "cheese" 100"
[12/29/2022 1:46:42 PM] [Info] [World] Soprano [Cheese Boi]: "/i "cheese" 100"
[12/29/2022 1:46:43 PM] [Info] [World] Soprano [Cheese Boi]: "/i "cheese" 100"
[12/29/2022 1:46:43 PM] [Info] [World] Soprano [Cheese Boi]: "/i "cheese" 100"
[12/29/2022 1:46:44 PM] [Info] [World] Soprano [Cheese Boi]: "/i "cheese" 100"
[12/29/2022 1:46:45 PM] [Info] [World] Soprano [Cheese Boi]: "/i "cheese" 100"
[12/29/2022 1:46:45 PM] [Info] [World] Soprano [Cheese Boi]: "/i "cheese" 100"
[12/29/2022 1:46:47 PM] [Info] [World] Soprano [Cheese Boi]: "/i "cheese" 100"
[12/29/2022 1:46:47 PM] [Info] [World] Soprano [Cheese Boi]: "/i "cheese" 100"
[12/29/2022 1:46:48 PM] [Info] [World] Soprano [Cheese Boi]: "/i "cheese" 100"
[12/29/2022 1:46:48 PM] [Info] [World] Soprano [Cheese Boi]: "/i "cheese" 100"
[12/29/2022 1:46:49 PM] [Info] [World] Soprano [Cheese Boi]: "/i "cheese" 100"
[12/29/2022 1:46:50 PM] [Info] [World] Soprano [Cheese Boi]: "/i "cheese" 100"
[12/29/2022 1:46:50 PM] [Info] [World] Soprano [Cheese Boi]: "/i "cheese" 100"
[12/29/2022 1:46:51 PM] [Info] [World] Soprano [Cheese Boi]: "/i "cheese" 100"
[12/29/2022 1:46:52 PM] [Info] [World] Soprano [Cheese Boi]: "/i "cheese" 100"
[12/29/2022 1:46:52 PM] [Info] [World] Soprano [Cheese Boi]: "/i "cheese" 100"
[12/29/2022 1:46:53 PM] [Info] [World] Soprano [Cheese Boi]: "/i "cheese" 100"
[12/29/2022 1:46:54 PM] [Info] [World] Soprano [Cheese Boi]: "/i "cheese" 100"
[12/29/2022 1:46:55 PM] [Info] [World] Soprano [Cheese Boi]: "/i "cheese" 100"
[12/29/2022 1:46:56 PM] [Info] [World] Soprano [Cheese Boi]: "/i "cheese" 100"
[12/29/2022 1:46:57 PM] [Info] [World] Soprano [Cheese Boi]: "/i "cheese" 100"
[12/29/2022 1:46:57 PM] [Info] [World] Soprano [Cheese Boi]: "/i "cheese" 100"
[12/29/2022 1:46:57 PM] [Info] [World] Soprano [Cheese Boi]: "/i "cheese" 100"
[12/29/2022 1:46:58 PM] [Info] [World] Soprano [Cheese Boi]: "/i "cheese" 100"
[12/29/2022 1:46:58 PM] [Info] [World] Soprano [Cheese Boi]: "/i "cheese" 100"
[12/29/2022 1:46:59 PM] [Info] [World] Soprano [Cheese Boi]: "/i "cheese" 100"
[12/29/2022 1:46:59 PM] [Info] [World] Soprano [Cheese Boi]: "/i "cheese" 100"
[12/29/2022 1:46:59 PM] [Info] [World] Soprano [Cheese Boi]: "/i "cheese" 100"
[12/29/2022 1:47:00 PM] [Info] [World] Soprano [Cheese Boi]: "/i "cheese" 100"
[12/29/2022 1:47:00 PM] [Info] [World] Soprano [Cheese Boi]: "/i "cheese" 100"
[12/29/2022 1:47:01 PM] [Info] [World] Soprano [Cheese Boi]: "/i "cheese" 100"
[12/29/2022 1:47:02 PM] [Info] [World] Soprano [Cheese Boi]: "/i "cheese" 100"
[12/29/2022 1:47:02 PM] [Info] [World] Soprano [Cheese Boi]: "/i "cheese" 100"
[12/29/2022 1:47:02 PM] [Info] [World] Soprano [Cheese Boi]: "/i "cheese" 100"
[12/29/2022 1:47:03 PM] [Info] [World] Soprano [Cheese Boi]: "/i "cheese" 100"
[12/29/2022 1:47:04 PM] [Info] [World] Soprano [Cheese Boi]: "/i "cheese" 100"
[12/29/2022 1:47:05 PM] [Info] [World] Soprano [Cheese Boi]: "/i "cheese" 100"
[12/29/2022 1:47:05 PM] [Info] [World] reaper [JACK THE RIPPER]: "you going to mak my computer blow up"
[12/29/2022 1:47:05 PM] [Info] [World] Soprano [Cheese Boi]: "/i "cheese" 100"
[12/29/2022 1:47:06 PM] [Info] [World] Soprano [Cheese Boi]: "/i "cheese" 100"
[12/29/2022 1:47:07 PM] [Info] [World] Soprano [Cheese Boi]: "/i "cheese" 100"
[12/29/2022 1:47:07 PM] [Info] [World] Soprano [Cheese Boi]: "/i "cheese" 100"
[12/29/2022 1:47:08 PM] [Info] [World] Soprano [Cheese Boi]: "/i "cheese" 100"
[12/29/2022 1:47:08 PM] [Info] [World] Soprano [Cheese Boi]: "/i "cheese" 100"
[12/29/2022 1:47:09 PM] [Info] [World] Soprano [Cheese Boi]: "/i "cheese" 100"
[12/29/2022 1:47:10 PM] [Info] [World] Soprano [Cheese Boi]: "/i "cheese" 100"
[12/29/2022 1:47:10 PM] [Info] [World] Soprano [Cheese Boi]: "/i "cheese" 100"
[12/29/2022 1:47:11 PM] [Info] [World] Soprano [Cheese Boi]: "/i "cheese" 100"
[12/29/2022 1:47:11 PM] [Info] [World] Soprano [Cheese Boi]: "/i "cheese" 100"
[12/29/2022 1:47:14 PM] [Info] [World] Soprano [Cheese Boi]: "/i "cheese" 100"
[12/29/2022 1:48:13 PM] [Info] [World] Soprano [Cheese Boi]: "/i "cheese" 100"
[12/29/2022 1:48:15 PM] [Info] BattlEye Server: Player #2 Red__Bear (73.253.101.49:62969) connected
[12/29/2022 1:48:15 PM] [Info] BattlEye Server: Player #2 Red__Bear - BE GUID: f4abbf8aa333c3b24b5656c70080f342
[12/29/2022 1:48:20 PM] [Info] Connecting: PlayerID: 76561199035738472 Name: Red__Bear Character: Red__Bear
[12/29/2022 1:48:20 PM] [Info] [Group] Red__Bear [Red__Bear]: "/tp reaper"
[12/29/2022 1:48:22 PM] [Info] [World] Soprano [Cheese Boi]: "/i "cheese" 100"
[12/29/2022 1:48:23 PM] [Info] [World] reaper [JACK THE RIPPER]: "my shit going to crash with 1"
[12/29/2022 1:48:23 PM] [Info] [World] Soprano [Cheese Boi]: "/i "cheese" 100"
[12/29/2022 1:48:24 PM] [Info] [World] Soprano [Cheese Boi]: "/i "cheese" 100"
[12/29/2022 1:48:25 PM] [Info] [World] Soprano [Cheese Boi]: "/i "cheese" 100"
[12/29/2022 1:48:26 PM] [Info] [World] Soprano [Cheese Boi]: "/i "cheese" 100"
[12/29/2022 1:48:26 PM] [Info] [World] Soprano [Cheese Boi]: "/i "cheese" 100"
[12/29/2022 1:48:27 PM] [Info] [World] Soprano [Cheese Boi]: "/i "cheese" 100"
[12/29/2022 1:48:28 PM] [Info] [World] Soprano [Cheese Boi]: "/i "cheese" 100"
[12/29/2022 1:48:29 PM] [Info] [World] Soprano [Cheese Boi]: "/i "cheese" 100"
[12/29/2022 1:48:29 PM] [Info] [World] Soprano [Cheese Boi]: "/i "cheese" 100"
[12/29/2022 1:48:30 PM] [Info] [World] Soprano [Cheese Boi]: "/i "cheese" 100"
[12/29/2022 1:48:31 PM] [Info] [World] Soprano [Cheese Boi]: "/i "cheese" 100"
[12/29/2022 1:48:32 PM] [Info] [World] Soprano [Cheese Boi]: "/i "cheese" 100"
[12/29/2022 1:48:34 PM] [Info] [World] Soprano [Cheese Boi]: "/i "cheese" 100"
[12/29/2022 1:48:35 PM] [Info] [World] Soprano [Cheese Boi]: "/i "cheese" 100"
[12/29/2022 1:48:35 PM] [Info] [World] Soprano [Cheese Boi]: "/i "cheese" 100"
[12/29/2022 1:48:36 PM] [Info] Disconnecting: PlayerID: 76561199074224396 Name: JACK THE RIPPER Character: reaper
[12/29/2022 1:48:36 PM] [Info] BattlEye Server: Player #1 JACK THE RIPPER disconnected
[12/29/2022 1:48:36 PM] [Info] [World] Soprano [Cheese Boi]: "/i "cheese" 100"
[12/29/2022 1:48:39 PM] [Info] [World] Soprano [Cheese Boi]: "/i "cheese" 100"
[12/29/2022 1:48:49 PM] [Info] [Group] Red__Bear [Red__Bear]: "/teleport wp"
[12/29/2022 1:48:49 PM] [Info] Successfully teleported Red__Bear to waypoint!
[12/29/2022 1:48:51 PM] [Info] [World] Soprano [Cheese Boi]: "/i "cheese" 100"
[12/29/2022 1:48:55 PM] [Info] [Group] Red__Bear [Red__Bear]: "/tphere reaper"
[12/29/2022 1:48:56 PM] [Info] [World] Soprano [Cheese Boi]: "/i "cheese" 100"
[12/29/2022 1:48:58 PM] [Info] [World] Soprano [Cheese Boi]: "/i "cheese" 100"
[12/29/2022 1:48:59 PM] [Info] [World] Soprano [Cheese Boi]: "/i "cheese" 100"
[12/29/2022 1:48:59 PM] [Info] [World] Soprano [Cheese Boi]: "/i "cheese" 100"
[12/29/2022 1:49:00 PM] [Info] [World] Soprano [Cheese Boi]: "/i "cheese" 100"
[12/29/2022 1:49:01 PM] [Info] [World] Soprano [Cheese Boi]: "/i "cheese" 100"
[12/29/2022 1:49:02 PM] [Info] [World] Soprano [Cheese Boi]: "/i "cheese" 100"
[12/29/2022 1:49:03 PM] [Info] [World] Soprano [Cheese Boi]: "/i "cheese" 100"
[12/29/2022 1:49:11 PM] [Info] Disconnecting: PlayerID: 76561199035738472 Name: Red__Bear Character: Red__Bear
[12/29/2022 1:49:11 PM] [Info] BattlEye Server: Player #2 Red__Bear disconnected
[12/29/2022 1:49:13 PM] [Info] 
[unloading] InfiniteEnergy
