[1/2/2023 3:50:13 PM] [Info] Steam servers ready!
[1/2/2023 3:50:13 PM] [Info] Workshop install folder: C:\Program Files (x86)\Steam\steamapps\common\U3DS/Servers/LFO/Workshop/Steam
[1/2/2023 3:50:13 PM] [Info] 2 workshop item(s) requested
[1/2/2023 3:50:13 PM] [Info] Submitting workshop query for 2 item(s)...
[1/2/2023 3:50:13 PM] [Info] Workshop query yielded 2 result(s)
[1/2/2023 3:50:13 PM] [Info] This server's allowed IP for Workshop downloads: 73.253.101.49
[1/2/2023 3:50:13 PM] [Info] 2899517511 'LFO Mods' has 10 children
[1/2/2023 3:50:13 PM] [Info] 	1232252658
[1/2/2023 3:50:13 PM] [Info] 	2528363491
[1/2/2023 3:50:13 PM] [Info] 	2309977886
[1/2/2023 3:50:13 PM] [Info] 	1727733956
[1/2/2023 3:50:13 PM] [Info] 	2069342497
[1/2/2023 3:50:13 PM] [Info] 	1717095606
[1/2/2023 3:50:13 PM] [Info] 	2454681372
[1/2/2023 3:50:13 PM] [Info] 	1909152337
[1/2/2023 3:50:13 PM] [Info] 	2480988643
[1/2/2023 3:50:13 PM] [Info] 	2683620106 (already queued)
[1/2/2023 3:50:13 PM] [Info] 2683620106 'Arid' queued for download
[1/2/2023 3:50:13 PM] [Info] Submitting workshop query for 9 item(s)...
[1/2/2023 3:50:13 PM] [Info] Workshop query yielded 9 result(s)
[1/2/2023 3:50:13 PM] [Info] This server's allowed IP for Workshop downloads: 73.253.101.49
[1/2/2023 3:50:13 PM] [Info] 1232252658 'More Farming Mod' queued for download
[1/2/2023 3:50:45 PM] [Info] 2528363491 'Wind Vehicles' queued for download
[1/2/2023 3:50:45 PM] [Info] 2309977886 'Wind Cars 2.0' queued for download
[1/2/2023 3:50:45 PM] [Info] 1727733956 'Pento's Tactical Apparel' queued for download
[1/2/2023 3:50:45 PM] [Info] Authorized to download 2069342497 'Survivor's Expansion'
[1/2/2023 3:50:45 PM] [Info] 2069342497 'Survivor's Expansion' queued for download
[1/2/2023 3:50:45 PM] [Info] 1717095606 'Creator Tools' queued for download
[1/2/2023 3:50:45 PM] [Info] 2454681372 'Raum's Lockers' queued for download
[1/2/2023 3:50:45 PM] [Info] 1909152337 'California Assets' queued for download
[1/2/2023 3:50:45 PM] [Info] 2480988643 'LFO Washington' queued for download
[1/2/2023 3:50:45 PM] [Info] 10 workshop item(s) to download...
[1/2/2023 3:50:45 PM] [Info] Workshop item found in cache: 2683620106
[1/2/2023 3:50:45 PM] [Info] Installing workshop item: 2683620106
[1/2/2023 3:50:45 PM] [Info] Installed workshop item: 2683620106
[1/2/2023 3:50:45 PM] [Info] Workshop item found in cache: 1232252658
[1/2/2023 3:50:45 PM] [Info] Installing workshop item: 1232252658
[1/2/2023 3:50:45 PM] [Info] Installed workshop item: 1232252658
[1/2/2023 3:50:45 PM] [Info] Workshop item found in cache: 2528363491
[1/2/2023 3:50:45 PM] [Info] Installing workshop item: 2528363491
[1/2/2023 3:50:45 PM] [Info] Installed workshop item: 2528363491
[1/2/2023 3:50:45 PM] [Info] Workshop item found in cache: 2309977886
[1/2/2023 3:50:45 PM] [Info] Installing workshop item: 2309977886
[1/2/2023 3:50:45 PM] [Info] Installed workshop item: 2309977886
[1/2/2023 3:50:45 PM] [Info] Workshop item found in cache: 1727733956
[1/2/2023 3:50:45 PM] [Info] Installing workshop item: 1727733956
[1/2/2023 3:50:45 PM] [Info] Installed workshop item: 1727733956
[1/2/2023 3:50:45 PM] [Info] Workshop item found in cache: 2069342497
[1/2/2023 3:50:45 PM] [Info] Installing workshop item: 2069342497
[1/2/2023 3:50:45 PM] [Info] Installed workshop item: 2069342497
[1/2/2023 3:50:45 PM] [Info] Workshop item found in cache: 1717095606
[1/2/2023 3:50:45 PM] [Info] Installing workshop item: 1717095606
[1/2/2023 3:50:45 PM] [Info] Installed workshop item: 1717095606
[1/2/2023 3:50:45 PM] [Info] Workshop item found in cache: 2454681372
[1/2/2023 3:50:45 PM] [Info] Installing workshop item: 2454681372
[1/2/2023 3:50:45 PM] [Info] Installed workshop item: 2454681372
[1/2/2023 3:50:45 PM] [Info] Workshop item found in cache: 1909152337
[1/2/2023 3:50:45 PM] [Info] Installing workshop item: 1909152337
[1/2/2023 3:50:45 PM] [Info] Installed workshop item: 1909152337
[1/2/2023 3:50:45 PM] [Info] Workshop item found in cache: 2480988643
[1/2/2023 3:50:45 PM] [Info] Installing workshop item: 2480988643
[1/2/2023 3:50:45 PM] [Info] Installed workshop item: 2480988643
[1/2/2023 3:50:45 PM] [Info] Monitoring workshop map 'LFO Washington' (2480988643) for changes
[1/2/2023 3:50:45 PM] [Info] Loading level: 8%
[1/2/2023 3:50:46 PM] [Info] Loading level: 16%
[1/2/2023 3:50:47 PM] [Info] Loading level: 25%
[1/2/2023 3:50:47 PM] [Info] Loading level: 33%
[1/2/2023 3:50:47 PM] [Info] Loading level: 41%
[1/2/2023 3:50:47 PM] [Info] Loading level: 50%
[1/2/2023 3:50:47 PM] [Info] Loading level: 58%
[1/2/2023 3:50:47 PM] [Info] Loading level: 66%
[1/2/2023 3:50:47 PM] [Info] Loading level: 75%
[1/2/2023 3:50:47 PM] [Info] Loading level: 83%
[1/2/2023 3:50:47 PM] [Info] Loading level: 91%
[1/2/2023 3:50:47 PM] [Info] Loading level: 100%
[1/2/2023 3:57:14 PM] [Info] 
[unloading] MoreHomes
