[12/18/2022 4:35:14 PM] [Info] [registered] /more (Rocket.Unturned.Commands.CommandMore/more)
[12/18/2022 4:35:14 PM] [Info] [registered] /admin (Rocket.Unturned.Commands.CommandAdmin/admin)
[12/18/2022 4:35:14 PM] [Info] [registered] /broadcast (Rocket.Unturned.Commands.CommandBroadcast/broadcast)
[12/18/2022 4:35:21 PM] [Info] [registered] /compass (Rocket.Unturned.Commands.CommandCompass/compass)
[12/18/2022 4:35:21 PM] [Info] [registered] /effect (Rocket.Unturned.Commands.CommandEffect/effect)
[12/18/2022 4:35:21 PM] [Info] [registered] /exit (Rocket.Unturned.Commands.CommandExit/exit)
[12/18/2022 4:35:21 PM] [Info] [registered] /god (Rocket.Unturned.Commands.CommandGod/god)
[12/18/2022 4:35:21 PM] [Info] [registered] /heal (Rocket.Unturned.Commands.CommandHeal/heal)
[12/18/2022 4:35:21 PM] [Info] [registered] /help (Rocket.Unturned.Commands.CommandHelp/help)
[12/18/2022 4:35:21 PM] [Info] [registered] /home (Rocket.Unturned.Commands.CommandHome/home)
[12/18/2022 4:35:21 PM] [Info] [registered] /i (Rocket.Unturned.Commands.CommandI/i)
[12/18/2022 4:35:21 PM] [Info] [registered] /item (Rocket.Unturned.Commands.CommandI/item)
[12/18/2022 4:35:21 PM] [Info] [registered] /investigate (Rocket.Unturned.Commands.CommandInvestigate/investigate)
[12/18/2022 4:35:21 PM] [Info] [registered] /p (Rocket.Unturned.Commands.CommandP/p)
[12/18/2022 4:35:21 PM] [Info] [registered] /permissions (Rocket.Unturned.Commands.CommandP/permissions)
[12/18/2022 4:35:21 PM] [Info] [registered] /rocket (Rocket.Unturned.Commands.CommandRocket/rocket)
[12/18/2022 4:35:21 PM] [Info] [registered] /tp (Rocket.Unturned.Commands.CommandTp/tp)
[12/18/2022 4:35:21 PM] [Info] [registered] /tphere (Rocket.Unturned.Commands.CommandTphere/tphere)
[12/18/2022 4:35:21 PM] [Info] [registered] /unadmin (Rocket.Unturned.Commands.CommandUnadmin/unadmin)
[12/18/2022 4:35:21 PM] [Info] [registered] /v (Rocket.Unturned.Commands.CommandV/v)
[12/18/2022 4:35:21 PM] [Info] [registered] /vanish (Rocket.Unturned.Commands.CommandVanish/vanish)
[12/18/2022 4:35:21 PM] [Info] Loading Feli.RocketMod.JoinLeaveMessages from C:\Program Files (x86)\Steam\steamapps\common\U3DS\Servers\MyServer\Rocket\Plugins\Feli.RocketMod.JoinLeaveMessages.dll
[12/18/2022 4:35:21 PM] [Info] Loading Feli.RocketMod.Teleporting from C:\Program Files (x86)\Steam\steamapps\common\U3DS\Servers\MyServer\Rocket\Plugins\Feli.RocketMod.Teleporting.dll
[12/18/2022 4:35:21 PM] [Info] Loading GarageLite from C:\Program Files (x86)\Steam\steamapps\common\U3DS\Servers\MyServer\Rocket\Plugins\GarageLite.dll
[12/18/2022 4:35:21 PM] [Info] Loading InfiniteEnergy from C:\Program Files (x86)\Steam\steamapps\common\U3DS\Servers\MyServer\Rocket\Plugins\InfiniteEnergy.dll
[12/18/2022 4:35:21 PM] [Info] Loading MoreHomes from C:\Program Files (x86)\Steam\steamapps\common\U3DS\Servers\MyServer\Rocket\Plugins\MoreHomes.dll
[12/18/2022 4:35:21 PM] [Info] Loading ReponseMod_HiddenName from C:\Program Files (x86)\Steam\steamapps\common\U3DS\Servers\MyServer\Rocket\Plugins\ReponseMod_HiddenName.dll
[12/18/2022 4:35:21 PM] [Info] Loading Teleportation from C:\Program Files (x86)\Steam\steamapps\common\U3DS\Servers\MyServer\Rocket\Plugins\Teleportation.dll
[12/18/2022 4:35:21 PM] [Info] Loading uEssentials from C:\Program Files (x86)\Steam\steamapps\common\U3DS\Servers\MyServer\Rocket\Plugins\uEssentials.dll
[12/18/2022 4:35:21 PM] [Error] Invalid or outdated plugin assembly: Assembly-CSharp-firstpass
[12/18/2022 4:35:21 PM] [Error] Invalid or outdated plugin assembly: Assembly-CSharp
[12/18/2022 4:35:21 PM] [Error] Invalid or outdated plugin assembly: Rocket.API
[12/18/2022 4:35:21 PM] [Error] Invalid or outdated plugin assembly: Rocket.Core
[12/18/2022 4:35:21 PM] [Error] Invalid or outdated plugin assembly: Rocket.Unturned
[12/18/2022 4:35:21 PM] [Error] Invalid or outdated plugin assembly: UnityEngine.CoreModule
[12/18/2022 4:35:21 PM] [Error] Invalid or outdated plugin assembly: UnityEngine
[12/18/2022 4:35:21 PM] [Error] Invalid or outdated plugin assembly: Newtonsoft.Json
[12/18/2022 4:35:21 PM] [Info] 
[loading] Feli.RocketMod.JoinLeaveMessages
[12/18/2022 4:35:21 PM] [Info] Feli.RocketMod.JoinLeaveMessages >> JoinLeaveMessages plugin v1.0.2 loaded !
[12/18/2022 4:35:21 PM] [Info] Feli.RocketMod.JoinLeaveMessages >> Do you want more cool plugins? Join now: https://discord.gg/4FF2548 !
[12/18/2022 4:35:21 PM] [Info] 
[loading] Feli.RocketMod.Teleporting
[12/18/2022 4:35:21 PM] [Info] [registered] /tpr (Feli.RocketMod.Teleporting.Commands.TpaCommand/tpr)
[12/18/2022 4:35:21 PM] [Info] Feli.RocketMod.Teleporting >> Teleporting plugin v1.6.4 loaded !
[12/18/2022 4:35:21 PM] [Info] Feli.RocketMod.Teleporting >> Do you want more cool plugins? Join now: https://discord.gg/4FF2548 !
[12/18/2022 4:35:21 PM] [Info] Feli.RocketMod.Teleporting >> Economy Provider: ExperienceEconomyProvider
[12/18/2022 4:35:21 PM] [Info] 
[loading] GarageLite
[12/18/2022 4:35:21 PM] [Info] [registered] /gadd (GarageLite.Code/gadd)
[12/18/2022 4:35:21 PM] [Info] [registered] /garageadd (GarageLite.Code/garageadd)
[12/18/2022 4:35:21 PM] [Info] [registered] /vadd (GarageLite.Code/vadd)
[12/18/2022 4:35:21 PM] [Info] [registered] /glist (GarageLite.Vlist/glist)
[12/18/2022 4:35:21 PM] [Info] [registered] /garagelist (GarageLite.Vlist/garagelist)
[12/18/2022 4:35:21 PM] [Info] [registered] /vlist (GarageLite.Vlist/vlist)
[12/18/2022 4:35:21 PM] [Info] [registered] /gretrieve (GarageLite.Vretrieve/gretrieve)
[12/18/2022 4:35:21 PM] [Info] [registered] /garageretrieve (GarageLite.Vretrieve/garageretrieve)
[12/18/2022 4:35:21 PM] [Info] [registered] /vretrieve (GarageLite.Vretrieve/vretrieve)
[12/18/2022 4:35:21 PM] [Warning] ++++++++++++++++++++++++++++++++++++++
[12/18/2022 4:35:21 PM] [Warning] [GarageLite] has been loaded!
[12/18/2022 4:35:21 PM] [Warning] Dev: MQS#7816
[12/18/2022 4:35:21 PM] [Warning] Join this Discord for Support: https://discord.gg/Ssbpd9cvgp
[12/18/2022 4:35:21 PM] [Warning] ++++++++++++++++++++++++++++++++++++++
[12/18/2022 4:35:21 PM] [Info] 
[loading] InfiniteEnergy
[12/18/2022 4:35:21 PM] [Error] Could not find dependency: 0Harmony, Version=2.1.1.0, Culture=neutral, PublicKeyToken=null
[12/18/2022 4:35:21 PM] [Error] Could not find dependency: 0Harmony, Version=2.1.1.0, Culture=neutral, PublicKeyToken=null
[12/18/2022 4:35:21 PM] [Info] 
[loading] ReponseMod_HiddenName
[12/18/2022 4:35:21 PM] [Info] 
[loading] Teleportation
[12/18/2022 4:35:21 PM] [Info] [registered] /tpa (RestoreMonarchy.Teleportation.Commands.TPACommand/tpa)
[12/18/2022 4:35:21 PM] [Info] Teleportation >> Teleportation 1.7.0.0 has been loaded!
[12/18/2022 4:35:21 PM] [Info] 
[loading] uEssentials
[12/18/2022 4:35:21 PM] [Error] Failed to load uEssentials, unloading now... :System.MissingMethodException: SDG.Unturned.ConsoleInput SDG.Unturned.CommandWindow.get_input()
  at Rocket.Core.Plugins.RocketPlugin.LoadPlugin () [0x00033] in <59a13feb721848c8b0cd173f6d0e820b>:0 
[12/18/2022 4:35:21 PM] [Info] 
[unloading] uEssentials
[12/18/2022 4:35:21 PM] [Error] Failed to unload uEssentials:System.MissingMethodException: SDG.Unturned.ConsoleInput SDG.Unturned.CommandWindow.get_input()
  at Rocket.Core.Plugins.RocketPlugin.UnloadPlugin (Rocket.API.PluginState state) [0x0003b] in <59a13feb721848c8b0cd173f6d0e820b>:0 
  at Rocket.Core.Plugins.RocketPlugin.LoadPlugin () [0x0005c] in <59a13feb721848c8b0cd173f6d0e820b>:0 
[12/18/2022 4:35:21 PM] [Info] This server will automatically save every 1800 seconds
[12/18/2022 4:35:21 PM] [Info] Steam servers ready!
[12/18/2022 4:35:21 PM] [Info] Workshop install folder: C:\Program Files (x86)\Steam\steamapps\common\U3DS/Servers/MyServer/Workshop/Steam
[12/18/2022 4:35:21 PM] [Info] 3 workshop item(s) requested
[12/18/2022 4:35:21 PM] [Info] Submitting workshop query for 3 item(s)...
[12/18/2022 4:35:21 PM] [Info] Workshop query yielded 3 result(s)
[12/18/2022 4:35:21 PM] [Info] This server's allowed IP for Workshop downloads: 73.253.101.49
[12/18/2022 4:35:21 PM] [Info] 2898548949 'A6 Polaris' queued for download
[12/18/2022 4:35:21 PM] [Info] 1717095606 'Creator Tools' queued for download
[12/18/2022 4:35:21 PM] [Info] 2796081018 'Nordic Compatable Arid' queued for download
[12/18/2022 4:35:21 PM] [Info] 3 workshop item(s) to download...
[12/18/2022 4:35:21 PM] [Info] Workshop item found in cache: 2898548949
[12/18/2022 4:35:21 PM] [Info] Installing workshop item: 2898548949
[12/18/2022 4:35:52 PM] [Info] Installed workshop item: 2898548949
[12/18/2022 4:35:52 PM] [Info] Workshop item found in cache: 1717095606
[12/18/2022 4:35:52 PM] [Info] Installing workshop item: 1717095606
[12/18/2022 4:35:52 PM] [Info] Installed workshop item: 1717095606
[12/18/2022 4:35:52 PM] [Info] Workshop item found in cache: 2796081018
[12/18/2022 4:35:52 PM] [Info] Installing workshop item: 2796081018
[12/18/2022 4:35:52 PM] [Info] Installed workshop item: 2796081018
[12/18/2022 4:35:52 PM] [Info] Skipping level config override Animals.Max_Instances_Medium because server value (50) is not the default (16)
[12/18/2022 4:35:52 PM] [Info] Skipping level config override Items.Quality_Full_Chance because server value (1) is not the default (0.1)
[12/18/2022 4:35:52 PM] [Info] Level overrides config Barricades.Allow_Item_Placement_On_Vehicle: False (Default: True)
[12/18/2022 4:35:52 PM] [Info] Level overrides config Barricades.Allow_Trap_Placement_On_Vehicle: False (Default: True)
[12/18/2022 4:35:52 PM] [Info] Skipping level config override Barricades.Gun_Lowcal_Damage_Multiplier because server value (0.5) is not the default (1)
[12/18/2022 4:35:52 PM] [Info] Skipping level config override Barricades.Gun_Highcal_Damage_Multiplier because server value (2) is not the default (1)
[12/18/2022 4:35:52 PM] [Info] Level overrides config Barricades.Armor_Lowtier_Multiplier: 1 (Default: 1)
[12/18/2022 4:35:52 PM] [Info] Level overrides config Barricades.Armor_Hightier_Multiplier: 1 (Default: 0.5)
[12/18/2022 4:35:52 PM] [Info] Skipping level config override Structures.Gun_Lowcal_Damage_Multiplier because server value (0.5) is not the default (1)
[12/18/2022 4:35:52 PM] [Info] Skipping level config override Structures.Gun_Highcal_Damage_Multiplier because server value (2) is not the default (1)
[12/18/2022 4:35:52 PM] [Info] Level overrides config Structures.Armor_Lowtier_Multiplier: 1 (Default: 1)
[12/18/2022 4:35:52 PM] [Info] Level overrides config Structures.Armor_Hightier_Multiplier: 1 (Default: 0.5)
[12/18/2022 4:35:52 PM] [Info] Skipping level config override Structures.Melee_Damage_Multiplier because server value (0.5) is not the default (1)
[12/18/2022 4:35:52 PM] [Info] Skipping level config override Structures.Melee_Repair_Multiplier because server value (2) is not the default (1)
[12/18/2022 4:35:52 PM] [Info] Skipping level config override Events.Airdrop_Speed because server value (0) is not the default (128)
[12/18/2022 4:35:52 PM] [Info] Skipping level config override Events.Airdrop_Force because server value (0) is not the default (9.5)
[12/18/2022 4:35:52 PM] [Info] Skipping level config override Vehicles.Gun_Lowcal_Damage_Multiplier because server value (0.5) is not the default (1)
[12/18/2022 4:35:52 PM] [Info] Skipping level config override Vehicles.Melee_Damage_Multiplier because server value (0.5) is not the default (1)
[12/18/2022 4:35:52 PM] [Info] Skipping level config override Vehicles.Min_Battery_Charge because server value (1) is not the default (0.5)
[12/18/2022 4:35:52 PM] [Info] Skipping level config override Vehicles.Max_Battery_Charge because server value (1) is not the default (0.75)
[12/18/2022 4:35:52 PM] [Info] Skipping level config override Vehicles.Has_Battery_Chance because server value (1) is not the default (0.8)
[12/18/2022 4:35:52 PM] [Info] Skipping level config override Vehicles.Max_Instances_Medium because server value (40) is not the default (16)
[12/18/2022 4:35:52 PM] [Info] Level overrides config Vehicles.Armor_Multiplier: 0.375 (Default: 1)
[12/18/2022 4:35:52 PM] [Info] Level overrides config Players.Experience_Multiplier: 1 (Default: 1)
[12/18/2022 4:35:52 PM] [Info] Skipping level config override Players.Lose_Skills_PvP because server value (1) is not the default (0.75)
[12/18/2022 4:35:52 PM] [Info] Skipping level config override Players.Lose_Skills_PvE because server value (1) is not the default (0.75)
[12/18/2022 4:35:52 PM] [Info] Skipping level config override Players.Virus_Infect because server value (90) is not the default (50)
[12/18/2022 4:35:52 PM] [Info] Level overrides config Zombies.Armor_Multiplier: 1 (Default: 1)
[12/18/2022 4:35:52 PM] [Info] Skipping level config override Zombies.Full_Moon_Experience_Multiplier because server value (5) is not the default (2)
[12/18/2022 4:35:52 PM] [Info] Skipping level config override Zombies.Spawn_Chance because server value (1) is not the default (0.25)
[12/18/2022 4:35:52 PM] [Info] Skipping level config override Zombies.Min_Mega_Drops because server value (10) is not the default (5)
[12/18/2022 4:35:52 PM] [Info] Skipping level config override Zombies.Max_Mega_Drops because server value (20) is not the default (5)
[12/18/2022 4:35:52 PM] [Info] Skipping level config override Zombies.Min_Boss_Drops because server value (30) is not the default (8)
[12/18/2022 4:35:52 PM] [Info] Skipping level config override Zombies.Max_Boss_Drops because server value (50) is not the default (10)
[12/18/2022 4:35:52 PM] [Info] Skipping level config override Zombies.Loot_Chance because server value (1) is not the default (0.5)
[12/18/2022 4:35:52 PM] [Info] Level overrides config Gameplay.Chart: True (Default: False)
[12/18/2022 4:35:52 PM] [Info] Monitoring workshop map 'A6 Polaris' (2898548949) for changes
[12/18/2022 4:35:52 PM] [Info] Loading level: 8%
[12/18/2022 4:35:56 PM] [Info] Loading level: 16%
[12/18/2022 4:35:56 PM] [Info] Loading level: 25%
[12/18/2022 4:35:56 PM] [Info] Loading level: 33%
[12/18/2022 4:35:56 PM] [Info] Loading level: 41%
[12/18/2022 4:35:56 PM] [Info] Loading level: 50%
[12/18/2022 4:35:56 PM] [Info] Loading level: 58%
[12/18/2022 4:35:56 PM] [Info] Loading level: 66%
[12/18/2022 4:35:56 PM] [Info] Loading level: 75%
[12/18/2022 4:35:56 PM] [Info] Loading level: 83%
[12/18/2022 4:35:57 PM] [Info] Loading level: 91%
[12/18/2022 4:35:57 PM] [Info] Loading level: 100%
[12/18/2022 4:36:34 PM] [Info] BattlEye Server: Player #0 Red__Bear (73.253.101.49:61258) connected
[12/18/2022 4:36:34 PM] [Info] BattlEye Server: Player #0 Red__Bear - BE GUID: f4abbf8aa333c3b24b5656c70080f342
[12/18/2022 4:36:34 PM] [Info] Connecting: PlayerID: 76561199035738472 Name: Red__Bear Character: Red__Bear
[12/18/2022 4:36:34 PM] [Error] Could not find dependency: System.Net.Http, Version=4.0.0.0, Culture=neutral, PublicKeyToken=b03f5f7f11d50a3a
[12/18/2022 4:36:34 PM] [Error] Could not find dependency: System.Net.Http, Version=4.0.0.0, Culture=neutral, PublicKeyToken=b03f5f7f11d50a3a
[12/18/2022 4:36:34 PM] [Error] Feli.RocketMod.JoinLeaveMessages >> There was an error during the player join -> Exception in Feli.RocketMod.JoinLeaveMessages: System.BadImageFormatException: Could not resolve field token 0x0400000a, due to: Could not load type of field 'Feli.RocketMod.JoinLeaveMessages.Helpers.IpGeolocationHelper+<GetCountryFromIp>d__0:<client>5__2' (3) due to: Could not load file or assembly 'System.Net.Http, Version=4.0.0.0, Culture=neutral, PublicKeyToken=b03f5f7f11d50a3a' or one of its dependencies. assembly:System.Net.Http, Version=4.0.0.0, Culture=neutral, PublicKeyToken=b03f5f7f11d50a3a type:<unknown type> member:(null) signature:<none> assembly:C:\Program Files (x86)\Steam\steamapps\common\U3DS\Servers\MyServer\Rocket\Plugins\Feli.RocketMod.JoinLeaveMessages.dll type:<GetCountryFromIp>d__0 member:(null) signature:<none>
File name: 'Feli.RocketMod.JoinLeaveMessages'
  at Feli.RocketMod.JoinLeaveMessages.Plugin+<>c__DisplayClass3_0+<<OnPlayerConnected>b__0>d.MoveNext () [0x00053] in <1945374a95f44307b8d70b38b6f38669>:0 
[12/18/2022 4:36:34 PM] [Info] BattlEye Server: Connected to BE Master
[12/18/2022 4:36:58 PM] [Info] BattlEye Server: Player #1 JACK THE RIPPER (108.90.241.159:64134) connected
[12/18/2022 4:36:58 PM] [Info] BattlEye Server: Player #1 JACK THE RIPPER - BE GUID: 0b39942d7d9a57c3719c1f802044c592
[12/18/2022 4:36:58 PM] [Info] Connecting: PlayerID: 76561199074224396 Name: JACK THE RIPPER Character: reaper
[12/18/2022 4:36:58 PM] [Error] Feli.RocketMod.JoinLeaveMessages >> There was an error during the player join -> Exception in Feli.RocketMod.JoinLeaveMessages: System.TypeLoadException: Failure has occurred while loading a type.
  at Feli.RocketMod.JoinLeaveMessages.Plugin+<>c__DisplayClass3_0+<<OnPlayerConnected>b__0>d.MoveNext () [0x00053] in <1945374a95f44307b8d70b38b6f38669>:0 
[12/18/2022 4:37:19 PM] [Info] [World] reaper [JACK THE RIPPER]: "red what to join me in boss fight"
[12/18/2022 4:37:26 PM] [Info] [World] reaper [JACK THE RIPPER]: "m349"
[12/18/2022 4:37:32 PM] [Info] [World] reaper [JACK THE RIPPER]: "four amm box for it"
[12/18/2022 4:37:39 PM] [Info] [World] reaper [JACK THE RIPPER]: "filter about 2"
[12/18/2022 4:37:48 PM] [Info] [World] reaper [JACK THE RIPPER]: "and that all i loss when fighting the boss"
[12/18/2022 4:37:58 PM] [Info] [World] reaper [JACK THE RIPPER]: "ya"
[12/18/2022 4:38:08 PM] [Info] [World] reaper [JACK THE RIPPER]: "but can we use admen just to find him"
[12/18/2022 4:38:38 PM] [Info] Red__Bear moved x:-738.033 y:77.21122(+18.23934) z:-1012.623 in the last second (0.05930328)
[12/18/2022 4:38:39 PM] [Info] Red__Bear moved x:-737.834 y:97.59229(+20.38107) z:-981.7002 in the last second (0.06162262)
[12/18/2022 4:38:40 PM] [Info] Red__Bear moved x:-738.9019 y:115.291(+17.69869) z:-946.3131 in the last second (0.06598663)
[12/18/2022 4:38:41 PM] [Info] Red__Bear moved x:-737.6075 y:131.4511(+16.16015) z:-902.1786 in the last second (0.07315063)
[12/18/2022 4:39:32 PM] [Info] [World] reaper [JACK THE RIPPER]: "ya"
[12/18/2022 4:39:35 PM] [Info] [World] reaper [JACK THE RIPPER]: "am in safezone"
[12/18/2022 4:39:44 PM] [Info] Red__Bear moved x:670.0157 y:58.07592(+17.10384) z:-914.6179 in the last second (0.05630875)
[12/18/2022 4:39:45 PM] [Info] Red__Bear moved x:678.7726 y:81.37918(+23.30326) z:-935.351 in the last second (0.07040405)
[12/18/2022 4:39:46 PM] [Info] Red__Bear moved x:674.7579 y:103.2153(+21.83611) z:-958.9655 in the last second (0.1212463)
[12/18/2022 4:39:47 PM] [Info] Red__Bear moved x:653.3815 y:121.2593(+18.04404) z:-982.3541 in the last second (0.07963562)
[12/18/2022 4:39:48 PM] [Info] Red__Bear moved x:619.8289 y:137.7348(+16.47549) z:-997.1746 in the last second (0.08786011)
[12/18/2022 4:40:22 PM] [Info] [World] reaper [JACK THE RIPPER]: "yes"
[12/18/2022 4:42:09 PM] [Info] Successfully admined Red__Bear
[12/18/2022 4:42:16 PM] [Info] [Group] Red__Bear [Red__Bear]: "/i dragonfang"
[12/18/2022 4:42:20 PM] [Info] Giving Red__Bear item 132:1
[12/18/2022 4:42:20 PM] [Info] [Group] Red__Bear [Red__Bear]: "/god"
[12/18/2022 4:42:20 PM] [Info] Red__Bear enabled Godmode
[12/18/2022 4:42:48 PM] [Info] [Group] Red__Bear [Red__Bear]: "/god"
[12/18/2022 4:42:48 PM] [Info] Red__Bear disabled Godmode
[12/18/2022 4:42:49 PM] [Info] [Area] Red__Bear [Red__Bear]: "/god"
[12/18/2022 4:42:49 PM] [Info] Red__Bear enabled Godmode
[12/18/2022 4:42:52 PM] [Info] [World] Red__Bear [Red__Bear]: "/god"
[12/18/2022 4:42:52 PM] [Info] Red__Bear disabled Godmode
[12/18/2022 4:42:57 PM] [Info] [Group] Red__Bear [Red__Bear]: "/teleport wp"
[12/18/2022 4:43:04 PM] [Info] Successfully teleported Red__Bear to waypoint!
[12/18/2022 4:43:04 PM] [Info] [Group] Red__Bear [Red__Bear]: "/v hh-6"
[12/18/2022 4:43:21 PM] [Info] Giving Red__Bear vehicle 59026
[12/18/2022 4:43:21 PM] [Info] [World] reaper [JACK THE RIPPER]: "/home"
[12/18/2022 4:43:21 PM] [Info] reaper moved x:-738.6047 y:76.00124(+49.83715) z:137.4911 in the last second (0.09999847)
[12/18/2022 4:45:06 PM] [Info] [Group] Red__Bear [Red__Bear]: "/unadmin red"
[12/18/2022 4:45:15 PM] [Info] [World] reaper [JACK THE RIPPER]: "/home"
[12/18/2022 4:45:15 PM] [Info] reaper moved x:-738.9688 y:76.13745(+31.72511) z:137.2266 in the last second (0.2362137)
[12/18/2022 4:46:24 PM] [Info] [World] reaper [JACK THE RIPPER]: "yes"
[12/18/2022 4:46:41 PM] [Info] [World] reaper [JACK THE RIPPER]: "i need one too"
[12/18/2022 4:46:59 PM] [Info] [World] reaper [JACK THE RIPPER]: "red what to help me in the boss fight"
[12/18/2022 4:47:07 PM] [Info] [World] reaper [JACK THE RIPPER]: "deadzone"
[12/18/2022 4:47:24 PM] [Info] [World] reaper [JACK THE RIPPER]: "wait"
[12/18/2022 4:47:36 PM] [Info] [World] reaper [JACK THE RIPPER]: "let me sell guns to get gold thin but ketcard"
[12/18/2022 4:47:40 PM] [Info] [World] reaper [JACK THE RIPPER]: "/home"
[12/18/2022 4:47:40 PM] [Info] reaper moved x:-738.9688 y:76.00124(+26.14589) z:137.2266 in the last second (0.09999847)
[12/18/2022 4:48:09 PM] [Info] Red__Bear moved x:-155.7625 y:63.36512(+17.42985) z:-891.8353 in the last second (0.06085587)
[12/18/2022 4:48:10 PM] [Info] Red__Bear moved x:-149.2604 y:80.47163(+17.10651) z:-858.8945 in the last second (0.0724411)
[12/18/2022 4:48:54 PM] [Info] reaper moved x:475.7186 y:63.6218(+37.46098) z:511.6815 in the last second (0.1040878)
[12/18/2022 4:49:04 PM] [Info] [World] reaper [JACK THE RIPPER]: "/home"
[12/18/2022 4:50:27 PM] [Info] Red__Bear moved x:-58.66365 y:76.05368(+20.7378) z:-114.2047 in the last second (0.05963898)
[12/18/2022 4:50:28 PM] [Info] Red__Bear moved x:-41.98404 y:95.53992(+19.48624) z:-137.7128 in the last second (0.06629944)
[12/18/2022 4:52:36 PM] [Info] [World] reaper [JACK THE RIPPER]: "/home"
[12/18/2022 4:52:37 PM] [Info] reaper moved x:-738.9688 y:76.00124(+35.33629) z:137.2266 in the last second (0.09999847)
[12/18/2022 4:53:22 PM] [Info] [World] reaper [JACK THE RIPPER]: "you got an gold fish"
[12/18/2022 4:55:55 PM] [Info] [World] reaper [JACK THE RIPPER]: "red i have key for deadzone boss fight"
[12/18/2022 4:55:59 PM] [Info] [World] reaper [JACK THE RIPPER]: "you can do it now"
[12/18/2022 4:56:09 PM] [Info] [World] reaper [JACK THE RIPPER]: "the key work ones time"
[12/18/2022 4:56:24 PM] [Info] [World] reaper [JACK THE RIPPER]: "ya i thoght so too"
[12/18/2022 4:56:57 PM] [Info] [World] reaper [JACK THE RIPPER]: "red ready or what?"
[12/18/2022 4:57:43 PM] [Info] [World] reaper [JACK THE RIPPER]: "/home"
[12/18/2022 4:57:43 PM] [Info] reaper moved x:-738.9688 y:76.00124(+31.5889) z:137.2266 in the last second (0.09999847)
[12/18/2022 4:58:16 PM] [Info] [World] reaper [JACK THE RIPPER]: "waht"
[12/18/2022 4:58:23 PM] [Info] [World] reaper [JACK THE RIPPER]: "that idk"
[12/18/2022 4:58:36 PM] [Info] reaper moved x:475.5115 y:63.62183(+37.47944) z:511.7682 in the last second (0.1041183)
[12/18/2022 4:59:40 PM] [Info] [World] reaper [JACK THE RIPPER]: "/home"
[12/18/2022 4:59:41 PM] [Info] reaper moved x:-738.6047 y:76.00124(+50.1969) z:137.4911 in the last second (0.09999847)
[12/18/2022 5:01:00 PM] [Info] [World] reaper [JACK THE RIPPER]: "ready red"
[12/18/2022 5:01:04 PM] [Info] [World] reaper [JACK THE RIPPER]: "to fight boss"
[12/18/2022 5:01:59 PM] [Info] [World] reaper [JACK THE RIPPER]: "red am going to deadzone to fight boss"
[12/18/2022 5:02:22 PM] [Info] [World] reaper [JACK THE RIPPER]: "/home"
[12/18/2022 5:02:22 PM] [Info] reaper moved x:-737.4189 y:76.00124(+31.58891) z:138.2286 in the last second (0.6595688)
[12/18/2022 5:02:40 PM] [Info] Red__Bear moved x:-310.8938 y:84.97407(+20.09767) z:654.2523 in the last second (0.05845642)
[12/18/2022 5:02:41 PM] [Info] Red__Bear moved x:-287.4735 y:104.2307(+19.25659) z:629.0323 in the last second (0.0708313)
[12/18/2022 5:02:42 PM] [Info] Red__Bear moved x:-260.4629 y:119.3873(+15.15662) z:595.1597 in the last second (0.1319122)
[12/18/2022 5:02:49 PM] [Info] Red__Bear moved x:-143.4417 y:83.43858(+15.76295) z:311.8391 in the last second (0.05639648)
[12/18/2022 5:02:50 PM] [Info] Red__Bear moved x:-141.7696 y:103.5214(+20.08277) z:309.9632 in the last second (0.06105804)
[12/18/2022 5:02:51 PM] [Info] Red__Bear moved x:-127.9479 y:120.5779(+17.0565) z:320.5879 in the last second (0.07791138)
[12/18/2022 5:03:24 PM] [Info] Red__Bear moved x:148.3466 y:152.7281(+16.37961) z:-425.9425 in the last second (0.06558228)
[12/18/2022 5:03:36 PM] [Info] Red__Bear moved x:-161.1107 y:116.9579(+16.29456) z:-860.8893 in the last second (0.09231567)
[12/18/2022 5:03:52 PM] [Info] Red__Bear moved x:-565.1793 y:155.7147(+16.76794) z:-779.448 in the last second (0.05700684)
[12/18/2022 5:05:21 PM] [Info] Saving server
[12/18/2022 5:05:45 PM] [Info] [World] reaper [JACK THE RIPPER]: "red tpa now"
[12/18/2022 5:05:47 PM] [Info] [World] reaper [JACK THE RIPPER]: "now"
[12/18/2022 5:05:54 PM] [Info] [World] reaper [JACK THE RIPPER]: "tpa red"
[12/18/2022 5:05:54 PM] [Info] [Group] Red__Bear [Red__Bear]: "/tpa reaper"
[12/18/2022 5:05:58 PM] [Info] [World] reaper [JACK THE RIPPER]: "/tpa a"
[12/18/2022 5:06:02 PM] [Info] [World] reaper [JACK THE RIPPER]: "take and gooo"
[12/18/2022 5:06:02 PM] [Info] Red__Bear moved x:-732.3906 y:60.83277(+35.6688) z:-22.96875 in the last second (0.1038857)
[12/18/2022 5:06:11 PM] [Info] [World] reaper [JACK THE RIPPER]: "home"
[12/18/2022 5:06:16 PM] [Info] [World] reaper [JACK THE RIPPER]: "/home"
[12/18/2022 5:06:16 PM] [Info] reaper moved x:-738.9688 y:76.00124(+15.17235) z:137.2266 in the last second (0.09999847)
[12/18/2022 5:06:19 PM] [Info] [Group] Red__Bear [Red__Bear]: "/home"
[12/18/2022 5:06:20 PM] [Info] [Area] reaper [JACK THE RIPPER]: "home"
[12/18/2022 5:06:23 PM] [Info] [World] reaper [JACK THE RIPPER]: "home"
[12/18/2022 5:06:31 PM] [Info] Red__Bear [Red__Bear] killed themself.
[12/18/2022 5:06:34 PM] [Info] [World] reaper [JACK THE RIPPER]: "i win"
[12/18/2022 5:06:48 PM] [Info] [World] reaper [JACK THE RIPPER]: "that took five ammo boxs"
[12/18/2022 5:07:04 PM] [Info] [World] reaper [JACK THE RIPPER]: "but red it's an win win"
[12/18/2022 5:07:32 PM] [Info] [World] reaper [JACK THE RIPPER]: "hey it a quest i needed to doo"
[12/18/2022 5:07:46 PM] [Info] [World] reaper [JACK THE RIPPER]: "wait"
[12/18/2022 5:07:54 PM] [Info] [World] reaper [JACK THE RIPPER]: "ok now do it"
[12/18/2022 5:08:14 PM] [Info] [World] reaper [JACK THE RIPPER]: "wait how many you have"
[12/18/2022 5:08:32 PM] [Info] [World] reaper [JACK THE RIPPER]: "i have 20 on me"
[12/18/2022 5:08:47 PM] [Info] [World] reaper [JACK THE RIPPER]: "yes i can make gasmask"
[12/18/2022 5:08:55 PM] [Info] [World] reaper [JACK THE RIPPER]: "lol"
[12/18/2022 5:09:02 PM] [Info] [World] reaper [JACK THE RIPPER]: "red i do keep the key"
[12/18/2022 5:09:11 PM] [Info] [World] reaper [JACK THE RIPPER]: "if you win the boss battle"
[12/18/2022 5:12:39 PM] [Info] Disconnecting: PlayerID: 76561199035738472 Name: Red__Bear Character: Red__Bear
[12/18/2022 5:12:39 PM] [Info] BattlEye Server: Player #0 Red__Bear disconnected
[12/18/2022 5:12:39 PM] [Info] Disconnecting: PlayerID: 76561199074224396 Name: JACK THE RIPPER Character: reaper
[12/18/2022 5:12:39 PM] [Info] BattlEye Server: Player #1 JACK THE RIPPER disconnected
[12/18/2022 5:12:40 PM] [Info] 
[unloading] Teleportation
