[1/13/2023 9:55:12 AM] [Info] Steam servers ready!
[1/13/2023 9:55:13 AM] [Info] Workshop install folder: C:\Program Files (x86)\Steam\steamapps\common\U3DS/Servers/LFO/Workshop/Steam
[1/13/2023 9:55:13 AM] [Info] 2 workshop item(s) requested
[1/13/2023 9:55:13 AM] [Info] Submitting workshop query for 2 item(s)...
[1/13/2023 9:55:13 AM] [Info] Workshop query yielded 2 result(s)
[1/13/2023 9:55:13 AM] [Info] This server's allowed IP for Workshop downloads: 73.253.101.49
[1/13/2023 9:55:13 AM] [Info] 2899517511 'LFO Mods' has 10 children
[1/13/2023 9:55:13 AM] [Info] 	1232252658
[1/13/2023 9:55:13 AM] [Info] 	2069342497
[1/13/2023 9:55:13 AM] [Info] 	1717095606
[1/13/2023 9:55:13 AM] [Info] 	1909152337
[1/13/2023 9:55:13 AM] [Info] 	2480988643
[1/13/2023 9:55:13 AM] [Info] 	2683620106 (already queued)
[1/13/2023 9:55:13 AM] [Info] 	2133808330
[1/13/2023 9:55:13 AM] [Info] 	1629300697
[1/13/2023 9:55:13 AM] [Info] 	1639364682
[1/13/2023 9:55:13 AM] [Info] 	1727733956
[1/13/2023 9:55:13 AM] [Info] 2683620106 'Arid' queued for download
[1/13/2023 9:55:13 AM] [Info] Submitting workshop query for 9 item(s)...
[1/13/2023 9:55:13 AM] [Info] Workshop query yielded 9 result(s)
[1/13/2023 9:55:13 AM] [Info] This server's allowed IP for Workshop downloads: 73.253.101.49
[1/13/2023 9:55:13 AM] [Info] 1232252658 'More Farming Mod' queued for download
[1/13/2023 9:56:10 AM] [Info] Authorized to download 2069342497 'Survivor's Expansion'
[1/13/2023 9:56:10 AM] [Info] 2069342497 'Survivor's Expansion' queued for download
[1/13/2023 9:56:10 AM] [Info] 1717095606 'Creator Tools' queued for download
[1/13/2023 9:56:10 AM] [Info] 1909152337 'California Assets' queued for download
[1/13/2023 9:56:10 AM] [Info] 2480988643 'LFO Washington' queued for download
[1/13/2023 9:56:10 AM] [Info] 2133808330 'Music Remaster 3.0' queued for download
[1/13/2023 9:56:10 AM] [Info] 1629300697 '[Discontinued]Nordic Studios™ | Nordic Armory 2.0 [3.28+]' queued for download
[1/13/2023 9:56:10 AM] [Info] 1639364682 'US Army Pack [UPDATED]' queued for download
[1/13/2023 9:56:10 AM] [Info] 1727733956 'Pento's Tactical Apparel' queued for download
[1/13/2023 9:56:10 AM] [Info] 10 workshop item(s) to download...
[1/13/2023 9:56:10 AM] [Info] Workshop item found in cache: 2683620106
[1/13/2023 9:56:10 AM] [Info] Installing workshop item: 2683620106
[1/13/2023 9:56:10 AM] [Info] Installed workshop item: 2683620106
[1/13/2023 9:56:10 AM] [Info] Workshop item found in cache: 1232252658
[1/13/2023 9:56:10 AM] [Info] Installing workshop item: 1232252658
[1/13/2023 9:56:10 AM] [Info] Installed workshop item: 1232252658
[1/13/2023 9:56:10 AM] [Info] Workshop item found in cache: 2069342497
[1/13/2023 9:56:10 AM] [Info] Installing workshop item: 2069342497
[1/13/2023 9:56:10 AM] [Info] Installed workshop item: 2069342497
[1/13/2023 9:56:10 AM] [Info] Workshop item found in cache: 1717095606
[1/13/2023 9:56:10 AM] [Info] Installing workshop item: 1717095606
[1/13/2023 9:56:10 AM] [Info] Installed workshop item: 1717095606
[1/13/2023 9:56:10 AM] [Info] Workshop item found in cache: 1909152337
[1/13/2023 9:56:10 AM] [Info] Installing workshop item: 1909152337
[1/13/2023 9:56:10 AM] [Info] Installed workshop item: 1909152337
[1/13/2023 9:56:10 AM] [Info] Workshop item 2480988643 found in cache, but remote (1/13/2023 9:52:20 AM) is newer than local (1/2/2023 3:56:10 PM)
[1/13/2023 9:56:10 AM] [Info] Downloading workshop item: 2480988643
[1/13/2023 9:56:10 AM] [Info] Successfully downloaded workshop item: 2480988643
[1/13/2023 9:56:10 AM] [Info] Installing workshop item: 2480988643
[1/13/2023 9:56:59 AM] [Info] Installed workshop item: 2480988643
[1/13/2023 9:56:59 AM] [Info] Workshop item found in cache: 2133808330
[1/13/2023 9:56:59 AM] [Info] Installing workshop item: 2133808330
[1/13/2023 9:56:59 AM] [Info] Installed workshop item: 2133808330
[1/13/2023 9:56:59 AM] [Info] Downloading workshop item: 1629300697
[1/13/2023 9:56:59 AM] [Info] Successfully downloaded workshop item: 1629300697
[1/13/2023 9:56:59 AM] [Info] Installing workshop item: 1629300697
[1/13/2023 9:57:13 AM] [Info] Installed workshop item: 1629300697
[1/13/2023 9:57:13 AM] [Info] Downloading workshop item: 1639364682
[1/13/2023 9:57:13 AM] [Info] Successfully downloaded workshop item: 1639364682
[1/13/2023 9:57:13 AM] [Info] Installing workshop item: 1639364682
[1/13/2023 9:57:18 AM] [Info] Installed workshop item: 1639364682
[1/13/2023 9:57:18 AM] [Info] Workshop item found in cache: 1727733956
[1/13/2023 9:57:18 AM] [Info] Installing workshop item: 1727733956
[1/13/2023 9:57:18 AM] [Info] Installed workshop item: 1727733956
[1/13/2023 9:57:18 AM] [Info] Skipping level config override Items.Quality_Full_Chance because server value (1) is not the default (0.1)
[1/13/2023 9:57:18 AM] [Info] Level overrides config Items.Quality_Multiplier: 1 (Default: 1)
[1/13/2023 9:57:18 AM] [Info] Skipping level config override Items.Gun_Bullets_Full_Chance because server value (1) is not the default (0.05)
[1/13/2023 9:57:18 AM] [Info] Skipping level config override Items.Gun_Bullets_Multiplier because server value (1) is not the default (0.25)
[1/13/2023 9:57:18 AM] [Info] Skipping level config override Items.Magazine_Bullets_Full_Chance because server value (1) is not the default (0.05)
[1/13/2023 9:57:18 AM] [Info] Skipping level config override Items.Magazine_Bullets_Multiplier because server value (1) is not the default (0.5)
[1/13/2023 9:57:18 AM] [Info] Skipping level config override Items.Crate_Bullets_Full_Chance because server value (1) is not the default (0.05)
[1/13/2023 9:57:18 AM] [Info] Level overrides config Items.Crate_Bullets_Multiplier: 1 (Default: 1)
[1/13/2023 9:57:18 AM] [Info] Level overrides config Items.Despawn_Dropped_Time: 1080 (Default: 600)
[1/13/2023 9:57:18 AM] [Info] Level overrides config Items.Despawn_Natural_Time: 1080 (Default: 900)
[1/13/2023 9:57:18 AM] [Info] Level overrides config Items.Respawn_Time: 80 (Default: 100)
[1/13/2023 9:57:18 AM] [Info] Level overrides config Players.Health_Default: 100 (Default: 100)
[1/13/2023 9:57:18 AM] [Info] Level overrides config Players.Food_Default: 100 (Default: 100)
[1/13/2023 9:57:18 AM] [Info] Level overrides config Players.Water_Default: 100 (Default: 100)
[1/13/2023 9:57:18 AM] [Info] Level overrides config Players.Virus_Default: 100 (Default: 100)
[1/13/2023 9:57:18 AM] [Info] Level overrides config Players.Health_Regen_Min_Food: 70 (Default: 90)
[1/13/2023 9:57:18 AM] [Info] Level overrides config Players.Health_Regen_Min_Water: 70 (Default: 90)
[1/13/2023 9:57:18 AM] [Info] Level overrides config Players.Health_Regen_Ticks: 45 (Default: 60)
[1/13/2023 9:57:18 AM] [Info] Level overrides config Players.Food_Use_Ticks: 1400 (Default: 300)
[1/13/2023 9:57:18 AM] [Info] Level overrides config Players.Food_Damage_Ticks: 5 (Default: 15)
[1/13/2023 9:57:18 AM] [Info] Level overrides config Players.Water_Use_Ticks: 1200 (Default: 270)
[1/13/2023 9:57:18 AM] [Info] Level overrides config Players.Water_Damage_Ticks: 5 (Default: 20)
[1/13/2023 9:57:18 AM] [Info] Skipping level config override Players.Virus_Infect because server value (90) is not the default (50)
[1/13/2023 9:57:18 AM] [Info] Level overrides config Players.Virus_Use_Ticks: 60 (Default: 125)
[1/13/2023 9:57:18 AM] [Info] Level overrides config Players.Virus_Damage_Ticks: 1 (Default: 25)
[1/13/2023 9:57:18 AM] [Info] Skipping level config override Players.Detect_Radius_Multiplier because server value (5) is not the default (1)
[1/13/2023 9:57:18 AM] [Info] Skipping level config override Players.Ray_Aggressor_Distance because server value (30) is not the default (8)
[1/13/2023 9:57:18 AM] [Info] Level overrides config Players.Bleed_Damage_Ticks: 21 (Default: 10)
[1/13/2023 9:57:18 AM] [Info] Level overrides config Players.Can_Stop_Bleeding: True (Default: True)
[1/13/2023 9:57:18 AM] [Info] Level overrides config Players.Experience_Multiplier: 0 (Default: 1)
[1/13/2023 9:57:18 AM] [Info] Skipping level config override Players.Lose_Skills_PvP because server value (1) is not the default (0.75)
[1/13/2023 9:57:18 AM] [Info] Skipping level config override Players.Lose_Skills_PvE because server value (1) is not the default (0.75)
[1/13/2023 9:57:18 AM] [Error] Failed to find mode config for level override: Platers
[1/13/2023 9:57:18 AM] [Error] Failed to find mode config for level override: Platers
[1/13/2023 9:57:18 AM] [Info] Skipping level config override Zombies.Slow_Movement because server value (True) is not the default (False)
[1/13/2023 9:57:18 AM] [Info] Skipping level config override Zombies.Acid_Chance because server value (0) is not the default (0.025)
[1/13/2023 9:57:18 AM] [Info] Skipping level config override Zombies.Loot_Chance because server value (1) is not the default (0.5)
[1/13/2023 9:57:18 AM] [Info] Level overrides config Zombies.Min_Mega_Drops: 5 (Default: 5)
[1/13/2023 9:57:18 AM] [Info] Skipping level config override Zombies.Max_Mega_Drops because server value (10) is not the default (5)
[1/13/2023 9:57:18 AM] [Info] Skipping level config override Zombies.Min_Boss_Drops because server value (5) is not the default (8)
[1/13/2023 9:57:18 AM] [Info] Level overrides config Zombies.Max_Boss_Drops: 15 (Default: 10)
[1/13/2023 9:57:18 AM] [Info] Skipping level config override Zombies.Respawn_Day_Time because server value (600) is not the default (360)
[1/13/2023 9:57:18 AM] [Info] Level overrides config Zombies.Respawn_Night_Time: 180 (Default: 30)
[1/13/2023 9:57:18 AM] [Info] Level overrides config Gameplay.Chart: False (Default: False)
[1/13/2023 9:57:18 AM] [Info] Level overrides config Gameplay.Satellite: False (Default: False)
[1/13/2023 9:57:18 AM] [Info] Level overrides config Gameplay.Compass: True (Default: False)
[1/13/2023 9:57:18 AM] [Info] Level overrides config Gameplay.Ballistics: True (Default: True)
[1/13/2023 9:57:18 AM] [Info] Level overrides config Gameplay.Group_Map: True (Default: True)
[1/13/2023 9:57:18 AM] [Info] Skipping level config override Gameplay.Timer_Home because server value (10) is not the default (30)
[1/13/2023 9:57:18 AM] [Info] Skipping level config override Events.Airdrop_Frequency_Min because server value (0) is not the default (0.8)
[1/13/2023 9:57:18 AM] [Info] Skipping level config override Events.Airdrop_Frequency_Max because server value (5) is not the default (6.5)
[1/13/2023 9:57:18 AM] [Info] Skipping level config override Events.Airdrop_Speed because server value (1) is not the default (128)
[1/13/2023 9:57:18 AM] [Info] Skipping level config override Events.Airdrop_Force because server value (1) is not the default (9.5)
[1/13/2023 9:57:18 AM] [Info] Skipping level config override Vehicles.Min_Battery_Charge because server value (1) is not the default (0.5)
[1/13/2023 9:57:18 AM] [Info] Skipping level config override Vehicles.Max_Battery_Charge because server value (1) is not the default (0.75)
[1/13/2023 9:57:18 AM] [Info] Skipping level config override Vehicles.Has_Battery_Chance because server value (1) is not the default (0.8)
[1/13/2023 9:57:18 AM] [Info] Skipping level config override Vehicles.Max_Instances_Large because server value (60) is not the default (32)
[1/13/2023 9:57:18 AM] [Info] Skipping level config override Vehicles.Decay_Time because server value (0) is not the default (604800)
[1/13/2023 9:57:18 AM] [Info] Skipping level config override Vehicles.Decay_Damage_Per_Second because server value (0) is not the default (0.1)
[1/13/2023 9:57:18 AM] [Info] Skipping level config override Barricades.Armor_Lowtier_Multiplier because server value (100) is not the default (1)
[1/13/2023 9:57:18 AM] [Info] Skipping level config override Barricades.Armor_Hightier_Multiplier because server value (100) is not the default (0.5)
[1/13/2023 9:57:18 AM] [Info] Skipping level config override Structures.Armor_Lowtier_Multiplier because server value (0.01) is not the default (1)
[1/13/2023 9:57:18 AM] [Info] Skipping level config override Structures.Armor_Hightier_Multiplier because server value (0.01) is not the default (0.5)
[1/13/2023 9:57:18 AM] [Info] Skipping level config override Barricades.Gun_Lowcal_Damage_Multiplier because server value (0.01) is not the default (1)
[1/13/2023 9:57:18 AM] [Info] Skipping level config override Barricades.Gun_Highcal_Damage_Multiplier because server value (0.01) is not the default (1)
[1/13/2023 9:57:18 AM] [Info] Skipping level config override Structures.Gun_Lowcal_Damage_Multiplier because server value (0.01) is not the default (1)
[1/13/2023 9:57:18 AM] [Info] Skipping level config override Structures.Gun_Highcal_Damage_Multiplier because server value (0.01) is not the default (1)
[1/13/2023 9:57:18 AM] [Info] Skipping level config override Barricades.Decay_Time because server value (0) is not the default (604800)
[1/13/2023 9:57:18 AM] [Info] Skipping level config override Structures.Decay_Time because server value (0) is not the default (604800)
[1/13/2023 9:57:18 AM] [Info] Level overrides config Barricades.Allow_Item_Placement_On_Vehicle: True (Default: True)
[1/13/2023 9:57:18 AM] [Info] Level overrides config Barricades.Allow_Trap_Placement_On_Vehicle: True (Default: True)
[1/13/2023 9:57:18 AM] [Info] Monitoring workshop map 'LFO Washington' (2480988643) for changes
[1/13/2023 9:57:18 AM] [Info] Loading level: 8%
[1/13/2023 9:57:21 AM] [Info] Loading level: 16%
[1/13/2023 9:57:22 AM] [Info] Loading level: 25%
[1/13/2023 9:57:22 AM] [Info] Loading level: 33%
[1/13/2023 9:57:22 AM] [Info] Loading level: 41%
[1/13/2023 9:57:22 AM] [Info] Loading level: 50%
[1/13/2023 9:57:22 AM] [Info] Loading level: 58%
[1/13/2023 9:57:22 AM] [Info] Loading level: 66%
[1/13/2023 9:57:22 AM] [Info] Loading level: 75%
[1/13/2023 9:57:22 AM] [Info] Loading level: 83%
[1/13/2023 9:57:22 AM] [Info] Loading level: 91%
[1/13/2023 9:57:22 AM] [Info] Loading level: 100%
[1/13/2023 9:57:26 AM] [Warning] Barricades associated with missing vehicle instance ID '4' subindex 0 were lost
[1/13/2023 9:57:26 AM] [Warning] Barricades associated with missing vehicle instance ID '6' subindex 0 were lost
[1/13/2023 9:57:26 AM] [Warning] Barricades associated with missing vehicle instance ID '7' subindex 0 were lost
[1/13/2023 9:57:26 AM] [Warning] Barricades associated with missing vehicle instance ID '9' subindex 0 were lost
[1/13/2023 9:57:26 AM] [Warning] Barricades associated with missing vehicle instance ID '11' subindex 0 were lost
[1/13/2023 9:57:26 AM] [Warning] Barricades associated with missing vehicle instance ID '12' subindex 0 were lost
[1/13/2023 9:57:26 AM] [Warning] Barricades associated with missing vehicle instance ID '13' subindex 0 were lost
[1/13/2023 9:57:26 AM] [Warning] Barricades associated with missing vehicle instance ID '14' subindex 0 were lost
[1/13/2023 9:57:26 AM] [Warning] Barricades associated with missing vehicle instance ID '18' subindex 0 were lost
[1/13/2023 9:57:26 AM] [Warning] Barricades associated with missing vehicle instance ID '19' subindex 0 were lost
[1/13/2023 9:57:26 AM] [Warning] Barricades associated with missing vehicle instance ID '23' subindex 0 were lost
[1/13/2023 9:57:26 AM] [Warning] Barricades associated with missing vehicle instance ID '26' subindex 0 were lost
[1/13/2023 9:57:26 AM] [Warning] Barricades associated with missing vehicle instance ID '30' subindex 0 were lost
[1/13/2023 9:57:26 AM] [Warning] Barricades associated with missing vehicle instance ID '31' subindex 0 were lost
[1/13/2023 9:57:26 AM] [Warning] Barricades associated with missing vehicle instance ID '33' subindex 0 were lost
[1/13/2023 9:57:26 AM] [Warning] Barricades associated with missing vehicle instance ID '35' subindex 0 were lost
[1/13/2023 9:57:26 AM] [Warning] Barricades associated with missing vehicle instance ID '38' subindex 0 were lost
[1/13/2023 9:57:26 AM] [Warning] Barricades associated with missing vehicle instance ID '42' subindex 0 were lost
[1/13/2023 9:57:26 AM] [Warning] Barricades associated with missing vehicle instance ID '43' subindex 0 were lost
[1/13/2023 9:57:26 AM] [Warning] Barricades associated with missing vehicle instance ID '50' subindex 0 were lost
[1/13/2023 9:57:26 AM] [Warning] Barricades associated with missing vehicle instance ID '52' subindex 0 were lost
[1/13/2023 9:57:26 AM] [Warning] Barricades associated with missing vehicle instance ID '53' subindex 0 were lost
[1/13/2023 9:57:26 AM] [Warning] Barricades associated with missing vehicle instance ID '55' subindex 0 were lost
[1/13/2023 9:57:26 AM] [Warning] Barricades associated with missing vehicle instance ID '56' subindex 0 were lost
[1/13/2023 9:58:12 AM] [Info] BattlEye Server: Player #0 Red__Bear (73.253.101.49:61329) connected
[1/13/2023 9:58:12 AM] [Info] BattlEye Server: Player #0 Red__Bear - BE GUID: f4abbf8aa333c3b24b5656c70080f342
[1/13/2023 9:58:12 AM] [Info] Connecting: PlayerID: 76561199035738472 Name: Red__Bear Character: Red__Bear
[1/13/2023 9:58:12 AM] [Info] BattlEye Server: Connected to BE Master
[1/13/2023 9:58:25 AM] [Info] [Group] Red__Bear [Red__Bear]: "/i 95x"
[1/13/2023 9:58:28 AM] [Info] [Group] Red__Bear [Red__Bear]: "/i pento"
[1/13/2023 10:01:39 AM] [Info] Disconnecting: PlayerID: 76561199035738472 Name: Red__Bear Character: Red__Bear
[1/13/2023 10:01:39 AM] [Info] BattlEye Server: Player #0 Red__Bear disconnected
[1/13/2023 11:03:28 AM] [Info] BattlEye Server: Failed to receive from BE Master (10054)
[1/13/2023 11:03:28 AM] [Info] BattlEye Server: Disconnected from BE Master
[1/13/2023 11:18:39 AM] [Info] Lost connection to Steam servers because k_EResultNoConnection
[1/13/2023 1:54:09 PM] [Info] Lost connection to Steam servers because k_EResultOK
[1/13/2023 8:37:10 PM] [Info] Lost connection to Steam servers because k_EResultNoConnection
[1/13/2023 11:23:17 PM] [Info] Lost connection to Steam servers because k_EResultNoConnection
[1/14/2023 2:23:52 AM] [Info] Lost connection to Steam servers because k_EResultNoConnection
[1/14/2023 2:39:42 AM] [Info] Lost connection to Steam servers because k_EResultNoConnection
[1/14/2023 4:24:35 AM] [Info] Lost connection to Steam servers because k_EResultNoConnection
[1/14/2023 8:10:19 AM] [Info] Lost connection to Steam servers because k_EResultNoConnection
[1/14/2023 8:10:29 AM] [Info] Failed to connect to Steam servers because k_EResultNoConnection, still retrying
[1/14/2023 8:55:47 AM] [Info] Lost connection to Steam servers because k_EResultNoConnection
[1/14/2023 10:03:22 AM] [Info] Lost connection to Steam servers because k_EResultNoConnection
[1/14/2023 1:12:37 PM] [Info] Lost connection to Steam servers because k_EResultNoConnection
[1/14/2023 1:42:39 PM] [Info] Lost connection to Steam servers because k_EResultNoConnection
[1/14/2023 2:49:45 PM] [Info] Lost connection to Steam servers because k_EResultNoConnection
[1/14/2023 2:50:05 PM] [Info] Lost connection to Steam servers because k_EResultNoConnection
[1/14/2023 2:50:05 PM] [Info] Failed to connect to Steam servers because k_EResultNoConnection, still retrying
[1/14/2023 4:46:31 PM] [Info] Lost connection to Steam servers because k_EResultNoConnection
[1/14/2023 4:46:31 PM] [Info] Failed to connect to Steam servers because k_EResultNoConnection, still retrying
[1/14/2023 5:29:27 PM] [Info] Lost connection to Steam servers because k_EResultNoConnection
[1/14/2023 5:49:51 PM] [Info] Lost connection to Steam servers because k_EResultNoConnection
[1/14/2023 5:49:51 PM] [Info] Failed to connect to Steam servers because k_EResultNoConnection, still retrying
[1/14/2023 5:50:07 PM] [Info] Failed to connect to Steam servers because k_EResultNoConnection, still retrying
[1/15/2023 12:16:19 AM] [Info] Lost connection to Steam servers because k_EResultNoConnection
[1/15/2023 12:17:11 AM] [Info] Failed to connect to Steam servers because k_EResultNoConnection, still retrying
[1/15/2023 12:31:29 AM] [Info] Lost connection to Steam servers because k_EResultNoConnection
[1/15/2023 12:32:28 AM] [Info] Failed to connect to Steam servers because k_EResultNoConnection, still retrying
[1/15/2023 12:33:22 AM] [Info] Failed to connect to Steam servers because k_EResultNoConnection, still retrying
[1/15/2023 12:34:14 AM] [Info] Lost connection to Steam servers because k_EResultNoConnection
[1/15/2023 12:34:14 AM] [Info] Failed to connect to Steam servers because k_EResultNoConnection, still retrying
[1/15/2023 2:04:44 AM] [Info] Lost connection to Steam servers because k_EResultNoConnection
[1/15/2023 2:04:44 AM] [Info] Failed to connect to Steam servers because k_EResultNoConnection, still retrying
[1/15/2023 8:35:32 AM] [Info] Lost connection to Steam servers because k_EResultNoConnection
[1/15/2023 8:35:32 AM] [Info] Failed to connect to Steam servers because k_EResultNoConnection, still retrying
[1/15/2023 10:06:15 AM] [Info] Lost connection to Steam servers because k_EResultNoConnection
[1/15/2023 10:06:15 AM] [Info] Failed to connect to Steam servers because k_EResultNoConnection, still retrying
[1/15/2023 1:36:59 PM] [Info] Lost connection to Steam servers because k_EResultNoConnection
[1/15/2023 1:37:09 PM] [Info] Failed to connect to Steam servers because k_EResultNoConnection, still retrying
[1/15/2023 3:23:06 PM] [Info] Lost connection to Steam servers because k_EResultNoConnection
[1/15/2023 3:23:06 PM] [Info] Failed to connect to Steam servers because k_EResultNoConnection, still retrying
[1/15/2023 10:30:30 PM] [Info] Lost connection to Steam servers because k_EResultNoConnection
[1/15/2023 10:30:30 PM] [Info] Failed to connect to Steam servers because k_EResultNoConnection, still retrying
[1/15/2023 10:30:40 PM] [Info] Lost connection to Steam servers because k_EResultNoConnection
[1/15/2023 10:30:40 PM] [Info] Failed to connect to Steam servers because k_EResultNoConnection, still retrying
[1/16/2023 4:09:23 AM] [Info] Lost connection to Steam servers because k_EResultNoConnection
[1/16/2023 4:10:27 AM] [Info] Failed to connect to Steam servers because k_EResultNoConnection, still retrying
[1/16/2023 4:11:20 AM] [Info] Failed to connect to Steam servers because k_EResultNoConnection, still retrying
[1/16/2023 9:41:06 AM] [Info] Lost connection to Steam servers because k_EResultNoConnection
[1/16/2023 10:21:01 AM] [Info] Lost connection to Steam servers because k_EResultNoConnection
[1/16/2023 10:21:01 AM] [Info] Failed to connect to Steam servers because k_EResultNoConnection, still retrying
[1/16/2023 10:21:08 AM] [Info] Failed to connect to Steam servers because k_EResultNoConnection, still retrying
[1/16/2023 3:43:47 PM] [Info] Lost connection to Steam servers because k_EResultNoConnection
[1/16/2023 4:04:00 PM] [Info] Lost connection to Steam servers because k_EResultNoConnection
[1/16/2023 4:04:00 PM] [Info] Failed to connect to Steam servers because k_EResultNoConnection, still retrying
[1/16/2023 7:05:13 PM] [Info] Lost connection to Steam servers because k_EResultNoConnection
[1/16/2023 7:05:13 PM] [Info] Failed to connect to Steam servers because k_EResultNoConnection, still retrying
[1/16/2023 9:09:22 PM] [Info] Lost connection to Steam servers because k_EResultNoConnection
[1/16/2023 9:10:06 PM] [Info] Failed to connect to Steam servers because k_EResultNoConnection, still retrying
[1/16/2023 9:10:59 PM] [Info] Failed to connect to Steam servers because k_EResultNoConnection, still retrying
[1/16/2023 9:12:24 PM] [Info] Failed to connect to Steam servers because k_EResultNoConnection, still retrying
[1/16/2023 9:14:12 PM] [Info] Failed to connect to Steam servers because k_EResultNoConnection, still retrying
[1/16/2023 9:15:45 PM] [Info] Failed to connect to Steam servers because k_EResultNoConnection, still retrying
[1/16/2023 9:20:08 PM] [Info] Failed to connect to Steam servers because k_EResultNoConnection, still retrying
[1/16/2023 9:25:52 PM] [Info] Failed to connect to Steam servers because k_EResultNoConnection, still retrying
[1/16/2023 9:30:32 PM] [Info] Failed to connect to Steam servers because k_EResultNoConnection, still retrying
[1/16/2023 9:37:29 PM] [Info] Failed to connect to Steam servers because k_EResultNoConnection, still retrying
[1/16/2023 9:50:02 PM] [Info] Failed to connect to Steam servers because k_EResultNoConnection, still retrying
[1/16/2023 9:56:45 PM] [Info] Failed to connect to Steam servers because k_EResultNoConnection, still retrying
[1/16/2023 10:39:53 PM] [Info] 
[unloading] InfiniteEnergy
