[4/25/2023 9:30:37 AM] [Info] Steam servers ready!
[4/25/2023 9:30:37 AM] [Info] Workshop install folder: D:\Steam\steamapps\common\U3DS/Servers/LetsFindOut/Workshop/Steam
[4/25/2023 9:30:37 AM] [Info] 10 workshop item(s) requested
[4/25/2023 9:30:37 AM] [Info] Submitting workshop query for 10 item(s)...
[4/25/2023 9:30:37 AM] [Info] Workshop query yielded 10 result(s)
[4/25/2023 9:30:42 AM] [Info] This server's allowed IP for Workshop downloads: 50.235.87.42
[4/25/2023 9:30:42 AM] [Info] 877777769 'Furniture Expansion' queued for download
[4/25/2023 9:30:42 AM] [Info] 1717095606 'Creator Tools' queued for download
[4/25/2023 9:30:42 AM] [Info] Authorized to download 2069342497 'Survivor's Expansion'
[4/25/2023 9:30:42 AM] [Info] 2069342497 'Survivor's Expansion' queued for download
[4/25/2023 9:30:42 AM] [Info] 2133808330 'Music Remaster 3.0' queued for download
[4/25/2023 9:30:42 AM] [Info] 1232252658 'More Farming Mod' queued for download
[4/25/2023 9:30:42 AM] [Info] 1909152337 'California Assets' queued for download
[4/25/2023 9:30:42 AM] [Info] Authorized to download 2802239233 'UDarkRP Vehicles'
[4/25/2023 9:30:42 AM] [Info] 2802239233 'UDarkRP Vehicles' queued for download
[4/25/2023 9:30:42 AM] [Info] 2683620106 'Arid' queued for download
[4/25/2023 9:30:42 AM] [Info] 2839462324 'Uncreated Content' queued for download
[4/25/2023 9:30:42 AM] [Info] 1727733956 'Pento's Tactical Apparel' queued for download
[4/25/2023 9:30:42 AM] [Info] 10 workshop item(s) to download...
[4/25/2023 9:30:42 AM] [Info] Downloading workshop item: 877777769
[4/25/2023 9:30:42 AM] [Info] Successfully downloaded workshop item: 877777769
[4/25/2023 9:30:42 AM] [Info] Installing workshop item: 877777769
[4/25/2023 9:30:43 AM] [Info] Installed workshop item: 877777769
[4/25/2023 9:30:43 AM] [Info] Downloading workshop item: 1717095606
[4/25/2023 9:30:43 AM] [Info] Successfully downloaded workshop item: 1717095606
[4/25/2023 9:30:43 AM] [Info] Installing workshop item: 1717095606
[4/25/2023 9:30:45 AM] [Info] Installed workshop item: 1717095606
[4/25/2023 9:30:45 AM] [Info] Downloading workshop item: 2069342497
[4/25/2023 9:30:45 AM] [Info] Successfully downloaded workshop item: 2069342497
[4/25/2023 9:30:45 AM] [Info] Installing workshop item: 2069342497
[4/25/2023 9:31:11 AM] [Info] Installed workshop item: 2069342497
[4/25/2023 9:31:11 AM] [Info] Downloading workshop item: 2133808330
[4/25/2023 9:31:11 AM] [Info] Successfully downloaded workshop item: 2133808330
[4/25/2023 9:31:11 AM] [Info] Installing workshop item: 2133808330
[4/25/2023 9:31:53 AM] [Info] Installed workshop item: 2133808330
[4/25/2023 9:31:53 AM] [Info] Downloading workshop item: 1232252658
[4/25/2023 9:31:53 AM] [Info] Successfully downloaded workshop item: 1232252658
[4/25/2023 9:31:53 AM] [Info] Installing workshop item: 1232252658
[4/25/2023 9:32:27 AM] [Info] Installed workshop item: 1232252658
[4/25/2023 9:32:27 AM] [Info] Downloading workshop item: 1909152337
[4/25/2023 9:32:27 AM] [Info] Successfully downloaded workshop item: 1909152337
[4/25/2023 9:32:27 AM] [Info] Installing workshop item: 1909152337
[4/25/2023 9:32:35 AM] [Info] Installed workshop item: 1909152337
[4/25/2023 9:32:35 AM] [Info] Downloading workshop item: 2802239233
[4/25/2023 9:32:35 AM] [Info] Successfully downloaded workshop item: 2802239233
[4/25/2023 9:32:35 AM] [Info] Installing workshop item: 2802239233
[4/25/2023 9:34:01 AM] [Info] Installed workshop item: 2802239233
[4/25/2023 9:34:01 AM] [Info] Downloading workshop item: 2683620106
[4/25/2023 9:34:01 AM] [Info] Successfully downloaded workshop item: 2683620106
[4/25/2023 9:34:01 AM] [Info] Installing workshop item: 2683620106
[4/25/2023 9:34:52 AM] [Info] Installed workshop item: 2683620106
[4/25/2023 9:34:52 AM] [Info] Downloading workshop item: 2839462324
[4/25/2023 9:34:52 AM] [Info] Successfully downloaded workshop item: 2839462324
[4/25/2023 9:34:52 AM] [Info] Installing workshop item: 2839462324
[4/25/2023 9:35:15 AM] [Error] Missing effect gameobject
[4/25/2023 9:35:15 AM] [Error]   at SDG.Unturned.EffectAsset.PopulateAsset (SDG.Unturned.Bundle bundle, SDG.Unturned.DatDictionary data, SDG.Unturned.Local localization) [0x00055] in <92cd15f8f69f4be2b774ed1e0c34e0c2>:0 
  at SDG.Unturned.Assets.loadFile (SDG.Unturned.Assets+ScannedFileInfo file) [0x005a1] in <92cd15f8f69f4be2b774ed1e0c34e0c2>:0 
[4/25/2023 9:35:15 AM] [Error] Missing effect gameobject
[4/25/2023 9:35:15 AM] [Error]   at SDG.Unturned.EffectAsset.PopulateAsset (SDG.Unturned.Bundle bundle, SDG.Unturned.DatDictionary data, SDG.Unturned.Local localization) [0x00055] in <92cd15f8f69f4be2b774ed1e0c34e0c2>:0 
  at SDG.Unturned.Assets.loadFile (SDG.Unturned.Assets+ScannedFileInfo file) [0x005a1] in <92cd15f8f69f4be2b774ed1e0c34e0c2>:0 
[4/25/2023 9:35:15 AM] [Error] Missing effect gameobject
[4/25/2023 9:35:15 AM] [Error]   at SDG.Unturned.EffectAsset.PopulateAsset (SDG.Unturned.Bundle bundle, SDG.Unturned.DatDictionary data, SDG.Unturned.Local localization) [0x00055] in <92cd15f8f69f4be2b774ed1e0c34e0c2>:0 
  at SDG.Unturned.Assets.loadFile (SDG.Unturned.Assets+ScannedFileInfo file) [0x005a1] in <92cd15f8f69f4be2b774ed1e0c34e0c2>:0 
[4/25/2023 9:35:15 AM] [Error] Missing effect gameobject
[4/25/2023 9:35:15 AM] [Error]   at SDG.Unturned.EffectAsset.PopulateAsset (SDG.Unturned.Bundle bundle, SDG.Unturned.DatDictionary data, SDG.Unturned.Local localization) [0x00055] in <92cd15f8f69f4be2b774ed1e0c34e0c2>:0 
  at SDG.Unturned.Assets.loadFile (SDG.Unturned.Assets+ScannedFileInfo file) [0x005a1] in <92cd15f8f69f4be2b774ed1e0c34e0c2>:0 
[4/25/2023 9:35:15 AM] [Error] Missing effect gameobject
[4/25/2023 9:35:15 AM] [Error]   at SDG.Unturned.EffectAsset.PopulateAsset (SDG.Unturned.Bundle bundle, SDG.Unturned.DatDictionary data, SDG.Unturned.Local localization) [0x00055] in <92cd15f8f69f4be2b774ed1e0c34e0c2>:0 
  at SDG.Unturned.Assets.loadFile (SDG.Unturned.Assets+ScannedFileInfo file) [0x005a1] in <92cd15f8f69f4be2b774ed1e0c34e0c2>:0 
[4/25/2023 9:35:15 AM] [Error] Missing effect gameobject
[4/25/2023 9:35:15 AM] [Error]   at SDG.Unturned.EffectAsset.PopulateAsset (SDG.Unturned.Bundle bundle, SDG.Unturned.DatDictionary data, SDG.Unturned.Local localization) [0x00055] in <92cd15f8f69f4be2b774ed1e0c34e0c2>:0 
  at SDG.Unturned.Assets.loadFile (SDG.Unturned.Assets+ScannedFileInfo file) [0x005a1] in <92cd15f8f69f4be2b774ed1e0c34e0c2>:0 
[4/25/2023 9:35:15 AM] [Error] Missing effect gameobject
[4/25/2023 9:35:15 AM] [Error]   at SDG.Unturned.EffectAsset.PopulateAsset (SDG.Unturned.Bundle bundle, SDG.Unturned.DatDictionary data, SDG.Unturned.Local localization) [0x00055] in <92cd15f8f69f4be2b774ed1e0c34e0c2>:0 
  at SDG.Unturned.Assets.loadFile (SDG.Unturned.Assets+ScannedFileInfo file) [0x005a1] in <92cd15f8f69f4be2b774ed1e0c34e0c2>:0 
[4/25/2023 9:35:15 AM] [Error] Missing effect gameobject
[4/25/2023 9:35:15 AM] [Error]   at SDG.Unturned.EffectAsset.PopulateAsset (SDG.Unturned.Bundle bundle, SDG.Unturned.DatDictionary data, SDG.Unturned.Local localization) [0x00055] in <92cd15f8f69f4be2b774ed1e0c34e0c2>:0 
  at SDG.Unturned.Assets.loadFile (SDG.Unturned.Assets+ScannedFileInfo file) [0x005a1] in <92cd15f8f69f4be2b774ed1e0c34e0c2>:0 
[4/25/2023 9:35:15 AM] [Info] Installed workshop item: 2839462324
[4/25/2023 9:35:15 AM] [Info] Downloading workshop item: 1727733956
[4/25/2023 9:35:15 AM] [Info] Successfully downloaded workshop item: 1727733956
[4/25/2023 9:35:15 AM] [Info] Installing workshop item: 1727733956
[4/25/2023 9:35:22 AM] [Info] Installed workshop item: 1727733956
[4/25/2023 9:35:22 AM] [Info] Loading level: 8%
[4/25/2023 9:35:31 AM] [Info] Loading level: 16%
[4/25/2023 9:35:33 AM] [Info] Loading level: 25%
[4/25/2023 9:35:33 AM] [Info] Loading level: 33%
[4/25/2023 9:35:34 AM] [Info] Loading level: 41%
[4/25/2023 9:35:34 AM] [Info] Loading level: 50%
[4/25/2023 9:35:35 AM] [Info] Loading level: 58%
[4/25/2023 9:35:35 AM] [Info] Loading level: 66%
[4/25/2023 9:35:35 AM] [Info] Loading level: 75%
[4/25/2023 9:35:35 AM] [Info] Loading level: 83%
[4/25/2023 9:35:35 AM] [Info] Loading level: 91%
[4/25/2023 9:35:35 AM] [Info] Loading level: 100%
[4/25/2023 9:35:45 AM] [Error] Failed to generate an item with ID 31368 from type Military_Low_Peaks [2]
[4/25/2023 9:35:45 AM] [Error] Failed to generate an item with ID 31368 from type Coalition_High_Peaks [29]
