[12/29/2022 12:34:01 AM] [Info] Steam servers ready!
[12/29/2022 12:34:02 AM] [Info] Workshop install folder: C:\Program Files (x86)\Steam\steamapps\common\U3DS/Servers/LFO/Workshop/Steam
[12/29/2022 12:34:02 AM] [Info] 1 workshop item(s) requested
[12/29/2022 12:34:02 AM] [Info] Submitting workshop query for 1 item(s)...
[12/29/2022 12:34:02 AM] [Info] Workshop query yielded 1 result(s)
[12/29/2022 12:34:02 AM] [Info] This server's allowed IP for Workshop downloads: 73.253.101.49
[12/29/2022 12:34:02 AM] [Info] 2899517511 'LFO Mods' has 10 children
[12/29/2022 12:34:02 AM] [Info] 	1232252658
[12/29/2022 12:34:02 AM] [Info] 	2528363491
[12/29/2022 12:34:02 AM] [Info] 	2309977886
[12/29/2022 12:34:02 AM] [Info] 	1727733956
[12/29/2022 12:34:02 AM] [Info] 	2069342497
[12/29/2022 12:34:02 AM] [Info] 	1717095606
[12/29/2022 12:34:02 AM] [Info] 	2796081018
[12/29/2022 12:34:02 AM] [Info] 	2454681372
[12/29/2022 12:34:02 AM] [Info] 	1909152337
[12/29/2022 12:34:02 AM] [Info] 	2480988643
[12/29/2022 12:34:02 AM] [Info] Submitting workshop query for 10 item(s)...
[12/29/2022 12:34:02 AM] [Info] Workshop query yielded 10 result(s)
[12/29/2022 12:34:02 AM] [Info] This server's allowed IP for Workshop downloads: 73.253.101.49
[12/29/2022 12:34:02 AM] [Info] 1232252658 'More Farming Mod' queued for download
[12/29/2022 12:34:02 AM] [Info] 2528363491 'Wind Vehicles' queued for download
[12/29/2022 12:34:51 AM] [Info] 2309977886 'Wind Cars 2.0' queued for download
[12/29/2022 12:34:51 AM] [Info] 1727733956 'Pento's Tactical Apparel' queued for download
[12/29/2022 12:34:51 AM] [Info] Authorized to download 2069342497 'Survivor's Expansion'
[12/29/2022 12:34:51 AM] [Info] 2069342497 'Survivor's Expansion' queued for download
[12/29/2022 12:34:51 AM] [Info] 1717095606 'Creator Tools' queued for download
[12/29/2022 12:34:51 AM] [Info] 2796081018 'Nordic Compatable Arid' queued for download
[12/29/2022 12:34:51 AM] [Info] 2454681372 'Raum's Lockers' queued for download
[12/29/2022 12:34:51 AM] [Info] 1909152337 'California Assets' queued for download
[12/29/2022 12:34:51 AM] [Info] 2480988643 'LFO Washington' queued for download
[12/29/2022 12:34:51 AM] [Info] 10 workshop item(s) to download...
[12/29/2022 12:34:51 AM] [Info] Workshop item found in cache: 1232252658
[12/29/2022 12:34:51 AM] [Info] Installing workshop item: 1232252658
[12/29/2022 12:34:51 AM] [Info] Installed workshop item: 1232252658
[12/29/2022 12:34:51 AM] [Info] Workshop item found in cache: 2528363491
[12/29/2022 12:34:51 AM] [Info] Installing workshop item: 2528363491
[12/29/2022 12:34:51 AM] [Info] Installed workshop item: 2528363491
[12/29/2022 12:34:51 AM] [Info] Workshop item found in cache: 2309977886
[12/29/2022 12:34:51 AM] [Info] Installing workshop item: 2309977886
[12/29/2022 12:34:51 AM] [Info] Installed workshop item: 2309977886
[12/29/2022 12:34:51 AM] [Info] Workshop item found in cache: 1727733956
[12/29/2022 12:34:51 AM] [Info] Installing workshop item: 1727733956
[12/29/2022 12:34:51 AM] [Info] Installed workshop item: 1727733956
[12/29/2022 12:34:51 AM] [Info] Workshop item found in cache: 2069342497
[12/29/2022 12:34:51 AM] [Info] Installing workshop item: 2069342497
[12/29/2022 12:34:51 AM] [Info] Installed workshop item: 2069342497
[12/29/2022 12:34:51 AM] [Info] Workshop item found in cache: 1717095606
[12/29/2022 12:34:51 AM] [Info] Installing workshop item: 1717095606
[12/29/2022 12:34:51 AM] [Info] Installed workshop item: 1717095606
[12/29/2022 12:34:51 AM] [Info] Workshop item found in cache: 2796081018
[12/29/2022 12:34:51 AM] [Info] Installing workshop item: 2796081018
[12/29/2022 12:34:51 AM] [Info] Installed workshop item: 2796081018
[12/29/2022 12:34:51 AM] [Info] Workshop item found in cache: 2454681372
[12/29/2022 12:34:51 AM] [Info] Installing workshop item: 2454681372
[12/29/2022 12:34:51 AM] [Info] Installed workshop item: 2454681372
[12/29/2022 12:34:51 AM] [Info] Workshop item found in cache: 1909152337
[12/29/2022 12:34:51 AM] [Info] Installing workshop item: 1909152337
[12/29/2022 12:34:51 AM] [Info] Installed workshop item: 1909152337
[12/29/2022 12:34:51 AM] [Info] Workshop item 2480988643 found in cache, but remote (12/28/2022 11:52:04 PM) is newer than local (12/28/2022 4:32:10 PM)
[12/29/2022 12:34:51 AM] [Info] Downloading workshop item: 2480988643
[12/29/2022 12:34:51 AM] [Info] Successfully downloaded workshop item: 2480988643
[12/29/2022 12:34:51 AM] [Info] Installing workshop item: 2480988643
[12/29/2022 12:34:51 AM] [Info] Installed workshop item: 2480988643
[12/29/2022 12:34:51 AM] [Info] Monitoring workshop map 'LFO Washington' (2480988643) for changes
[12/29/2022 12:34:51 AM] [Info] Loading level: 8%
[12/29/2022 12:34:53 AM] [Info] Loading level: 16%
[12/29/2022 12:34:53 AM] [Info] Loading level: 25%
[12/29/2022 12:34:53 AM] [Info] Loading level: 33%
[12/29/2022 12:34:54 AM] [Info] Loading level: 41%
[12/29/2022 12:34:54 AM] [Info] Loading level: 50%
[12/29/2022 12:34:54 AM] [Info] Loading level: 58%
[12/29/2022 12:34:54 AM] [Info] Loading level: 66%
[12/29/2022 12:34:54 AM] [Info] Loading level: 75%
[12/29/2022 12:34:54 AM] [Info] Loading level: 83%
[12/29/2022 12:34:54 AM] [Info] Loading level: 91%
[12/29/2022 12:34:54 AM] [Info] Loading level: 100%
[12/29/2022 12:56:47 AM] [Info] BattlEye Server: Player #0 Red__Bear (73.253.101.49:59304) connected
[12/29/2022 12:56:47 AM] [Info] BattlEye Server: Player #0 Red__Bear - BE GUID: f4abbf8aa333c3b24b5656c70080f342
[12/29/2022 12:56:47 AM] [Info] Connecting: PlayerID: 76561199035738472 Name: Red__Bear Character: Red__Bear
[12/29/2022 12:56:47 AM] [Info] BattlEye Server: Connected to BE Master
[12/29/2022 1:01:03 AM] [Info] [Group] Red__Bear [Red__Bear]: "/v 140"
[12/29/2022 1:01:06 AM] [Info] Red__Bear [Red__Bear] was blown up by a vehicle!
[12/29/2022 1:01:12 AM] [Info] [Group] Red__Bear [Red__Bear]: "/v 140"
[12/29/2022 1:01:34 AM] [Info] [Group] Red__Bear [Red__Bear]: "/i gps"
[12/29/2022 1:01:37 AM] [Info] [Group] Red__Bear [Red__Bear]: "/teleport wp"
[12/29/2022 1:01:38 AM] [Info] Successfully teleported Red__Bear to waypoint!
[12/29/2022 1:02:43 AM] [Info] Disconnecting: PlayerID: 76561199035738472 Name: Red__Bear Character: Red__Bear
[12/29/2022 1:02:43 AM] [Info] BattlEye Server: Player #0 Red__Bear disconnected
[12/29/2022 1:02:53 AM] [Info] 
[unloading] Teleportation
