[5/4/2023 11:34:41 AM] [Info] [registered] /more (Rocket.Unturned.Commands.CommandMore/more)
[5/4/2023 11:34:41 AM] [Info] [registered] /admin (Rocket.Unturned.Commands.CommandAdmin/admin)
[5/4/2023 11:34:41 AM] [Info] [registered] /broadcast (Rocket.Unturned.Commands.CommandBroadcast/broadcast)
[5/4/2023 11:34:41 AM] [Info] [registered] /compass (Rocket.Unturned.Commands.CommandCompass/compass)
[5/4/2023 11:34:43 AM] [Info] [registered] /effect (Rocket.Unturned.Commands.CommandEffect/effect)
[5/4/2023 11:34:43 AM] [Info] [registered] /exit (Rocket.Unturned.Commands.CommandExit/exit)
[5/4/2023 11:34:43 AM] [Info] [registered] /god (Rocket.Unturned.Commands.CommandGod/god)
[5/4/2023 11:34:43 AM] [Info] [registered] /heal (Rocket.Unturned.Commands.CommandHeal/heal)
[5/4/2023 11:34:43 AM] [Info] [registered] /help (Rocket.Unturned.Commands.CommandHelp/help)
[5/4/2023 11:34:43 AM] [Info] [registered] /home (Rocket.Unturned.Commands.CommandHome/home)
[5/4/2023 11:34:43 AM] [Info] [registered] /i (Rocket.Unturned.Commands.CommandI/i)
[5/4/2023 11:34:43 AM] [Info] [registered] /item (Rocket.Unturned.Commands.CommandI/item)
[5/4/2023 11:34:43 AM] [Info] [registered] /investigate (Rocket.Unturned.Commands.CommandInvestigate/investigate)
[5/4/2023 11:34:43 AM] [Info] [registered] /p (Rocket.Unturned.Commands.CommandP/p)
[5/4/2023 11:34:43 AM] [Info] [registered] /permissions (Rocket.Unturned.Commands.CommandP/permissions)
[5/4/2023 11:34:43 AM] [Info] [registered] /rocket (Rocket.Unturned.Commands.CommandRocket/rocket)
[5/4/2023 11:34:43 AM] [Info] [registered] /tp (Rocket.Unturned.Commands.CommandTp/tp)
[5/4/2023 11:34:43 AM] [Info] [registered] /tphere (Rocket.Unturned.Commands.CommandTphere/tphere)
[5/4/2023 11:34:43 AM] [Info] [registered] /unadmin (Rocket.Unturned.Commands.CommandUnadmin/unadmin)
[5/4/2023 11:34:43 AM] [Info] [registered] /v (Rocket.Unturned.Commands.CommandV/v)
[5/4/2023 11:34:43 AM] [Info] [registered] /vanish (Rocket.Unturned.Commands.CommandVanish/vanish)
[5/4/2023 11:34:43 AM] [Info] This server will automatically save every 1800 seconds
[5/4/2023 11:34:44 AM] [Info] Steam servers ready!
[5/4/2023 11:34:44 AM] [Info] Workshop install folder: D:\Steam\steamapps\common\U3DS/Servers/LFO/Workshop/Steam
[5/4/2023 11:34:44 AM] [Info] 9 workshop item(s) requested
[5/4/2023 11:34:44 AM] [Info] Submitting workshop query for 9 item(s)...
[5/4/2023 11:34:44 AM] [Info] Workshop query yielded 9 result(s)
[5/4/2023 11:50:14 AM] [Info] This server's allowed IP for Workshop downloads: 50.235.87.42
[5/4/2023 11:50:14 AM] [Info] 1717095606 'Creator Tools' queued for download
[5/4/2023 11:50:14 AM] [Info] Authorized to download 2069342497 'Survivor's Expansion'
[5/4/2023 11:50:14 AM] [Info] 2069342497 'Survivor's Expansion' queued for download
[5/4/2023 11:50:14 AM] [Info] 1232252658 'More Farming Mod' queued for download
[5/4/2023 11:50:14 AM] [Info] 2839462324 'Uncreated Content' queued for download
[5/4/2023 11:50:14 AM] [Info] 2943585795 'Paul's Tactical Apparel (Version 1.9)' queued for download
[5/4/2023 11:50:14 AM] [Info] 2683620106 'Arid' queued for download
[5/4/2023 11:50:14 AM] [Info] 2971117980 'LFO Test Site' queued for download
[5/4/2023 11:50:14 AM] [Info] 2971117980 'LFO Test Site' has 7 children
[5/4/2023 11:50:14 AM] [Info] 	2683620106 (already queued)
[5/4/2023 11:50:14 AM] [Info] 	1717095606 (already queued)
[5/4/2023 11:50:14 AM] [Info] 	1232252658 (already queued)
[5/4/2023 11:50:14 AM] [Info] 	2943585795 (already queued)
[5/4/2023 11:50:14 AM] [Info] 	2069342497 (already queued)
[5/4/2023 11:50:14 AM] [Info] 	2839462324 (already queued)
[5/4/2023 11:50:14 AM] [Info] 	2480988643 (already queued)
[5/4/2023 11:50:14 AM] [Warning] Error k_EResultAccessDenied querying workshop file 2480988643 ''
[5/4/2023 11:50:14 AM] [Info] 877777769 'Furniture Expansion' queued for download
[5/4/2023 11:50:14 AM] [Info] 8 workshop item(s) to download...
[5/4/2023 11:50:14 AM] [Info] Workshop item found in cache: 1717095606
[5/4/2023 11:50:14 AM] [Info] Installing workshop item: 1717095606
[5/4/2023 11:50:14 AM] [Info] Installed workshop item: 1717095606
[5/4/2023 11:50:14 AM] [Info] Workshop item found in cache: 2069342497
[5/4/2023 11:50:14 AM] [Info] Installing workshop item: 2069342497
[5/4/2023 11:50:14 AM] [Info] Installed workshop item: 2069342497
[5/4/2023 11:50:14 AM] [Info] Workshop item found in cache: 1232252658
[5/4/2023 11:50:14 AM] [Info] Installing workshop item: 1232252658
[5/4/2023 11:50:14 AM] [Info] Installed workshop item: 1232252658
[5/4/2023 11:50:14 AM] [Info] Workshop item found in cache: 2839462324
[5/4/2023 11:50:14 AM] [Info] Installing workshop item: 2839462324
[5/4/2023 11:50:14 AM] [Error] Missing effect gameobject
[5/4/2023 11:50:14 AM] [Error]   at SDG.Unturned.EffectAsset.PopulateAsset (SDG.Unturned.Bundle bundle, SDG.Unturned.DatDictionary data, SDG.Unturned.Local localization) [0x00055] in <92cd15f8f69f4be2b774ed1e0c34e0c2>:0 
  at SDG.Unturned.Assets.loadFile (SDG.Unturned.Assets+ScannedFileInfo file) [0x005a1] in <92cd15f8f69f4be2b774ed1e0c34e0c2>:0 
[5/4/2023 11:50:14 AM] [Error] Missing effect gameobject
[5/4/2023 11:50:14 AM] [Error]   at SDG.Unturned.EffectAsset.PopulateAsset (SDG.Unturned.Bundle bundle, SDG.Unturned.DatDictionary data, SDG.Unturned.Local localization) [0x00055] in <92cd15f8f69f4be2b774ed1e0c34e0c2>:0 
  at SDG.Unturned.Assets.loadFile (SDG.Unturned.Assets+ScannedFileInfo file) [0x005a1] in <92cd15f8f69f4be2b774ed1e0c34e0c2>:0 
[5/4/2023 11:50:14 AM] [Error] Missing effect gameobject
[5/4/2023 11:50:14 AM] [Error]   at SDG.Unturned.EffectAsset.PopulateAsset (SDG.Unturned.Bundle bundle, SDG.Unturned.DatDictionary data, SDG.Unturned.Local localization) [0x00055] in <92cd15f8f69f4be2b774ed1e0c34e0c2>:0 
  at SDG.Unturned.Assets.loadFile (SDG.Unturned.Assets+ScannedFileInfo file) [0x005a1] in <92cd15f8f69f4be2b774ed1e0c34e0c2>:0 
[5/4/2023 11:50:14 AM] [Error] Missing effect gameobject
[5/4/2023 11:50:14 AM] [Error]   at SDG.Unturned.EffectAsset.PopulateAsset (SDG.Unturned.Bundle bundle, SDG.Unturned.DatDictionary data, SDG.Unturned.Local localization) [0x00055] in <92cd15f8f69f4be2b774ed1e0c34e0c2>:0 
  at SDG.Unturned.Assets.loadFile (SDG.Unturned.Assets+ScannedFileInfo file) [0x005a1] in <92cd15f8f69f4be2b774ed1e0c34e0c2>:0 
[5/4/2023 11:50:14 AM] [Error] Missing effect gameobject
[5/4/2023 11:50:14 AM] [Error]   at SDG.Unturned.EffectAsset.PopulateAsset (SDG.Unturned.Bundle bundle, SDG.Unturned.DatDictionary data, SDG.Unturned.Local localization) [0x00055] in <92cd15f8f69f4be2b774ed1e0c34e0c2>:0 
  at SDG.Unturned.Assets.loadFile (SDG.Unturned.Assets+ScannedFileInfo file) [0x005a1] in <92cd15f8f69f4be2b774ed1e0c34e0c2>:0 
[5/4/2023 11:50:14 AM] [Error] Missing effect gameobject
[5/4/2023 11:50:14 AM] [Error]   at SDG.Unturned.EffectAsset.PopulateAsset (SDG.Unturned.Bundle bundle, SDG.Unturned.DatDictionary data, SDG.Unturned.Local localization) [0x00055] in <92cd15f8f69f4be2b774ed1e0c34e0c2>:0 
  at SDG.Unturned.Assets.loadFile (SDG.Unturned.Assets+ScannedFileInfo file) [0x005a1] in <92cd15f8f69f4be2b774ed1e0c34e0c2>:0 
[5/4/2023 11:50:14 AM] [Error] Missing effect gameobject
[5/4/2023 11:50:14 AM] [Error]   at SDG.Unturned.EffectAsset.PopulateAsset (SDG.Unturned.Bundle bundle, SDG.Unturned.DatDictionary data, SDG.Unturned.Local localization) [0x00055] in <92cd15f8f69f4be2b774ed1e0c34e0c2>:0 
  at SDG.Unturned.Assets.loadFile (SDG.Unturned.Assets+ScannedFileInfo file) [0x005a1] in <92cd15f8f69f4be2b774ed1e0c34e0c2>:0 
[5/4/2023 11:50:14 AM] [Error] Missing effect gameobject
[5/4/2023 11:50:14 AM] [Error]   at SDG.Unturned.EffectAsset.PopulateAsset (SDG.Unturned.Bundle bundle, SDG.Unturned.DatDictionary data, SDG.Unturned.Local localization) [0x00055] in <92cd15f8f69f4be2b774ed1e0c34e0c2>:0 
  at SDG.Unturned.Assets.loadFile (SDG.Unturned.Assets+ScannedFileInfo file) [0x005a1] in <92cd15f8f69f4be2b774ed1e0c34e0c2>:0 
[5/4/2023 11:50:14 AM] [Info] Installed workshop item: 2839462324
[5/4/2023 11:50:14 AM] [Info] Workshop item found in cache: 2943585795
[5/4/2023 11:50:14 AM] [Info] Installing workshop item: 2943585795
[5/4/2023 11:50:14 AM] [Info] Installed workshop item: 2943585795
[5/4/2023 11:50:14 AM] [Info] Workshop item found in cache: 2683620106
[5/4/2023 11:50:14 AM] [Info] Installing workshop item: 2683620106
[5/4/2023 11:50:14 AM] [Info] Installed workshop item: 2683620106
[5/4/2023 11:50:14 AM] [Info] Downloading workshop item: 2971117980
[5/4/2023 11:50:14 AM] [Info] Successfully downloaded workshop item: 2971117980
[5/4/2023 11:50:14 AM] [Info] Installing workshop item: 2971117980
[5/4/2023 11:50:14 AM] [Info] Installed workshop item: 2971117980
[5/4/2023 11:50:14 AM] [Info] Downloading workshop item: 877777769
[5/4/2023 11:50:21 AM] [Info] Successfully downloaded workshop item: 877777769
[5/4/2023 11:50:21 AM] [Info] Installing workshop item: 877777769
[5/4/2023 11:50:30 AM] [Info] Installed workshop item: 877777769
[5/4/2023 11:50:30 AM] [Info] Level overrides config Items.Quality_Full_Chance: 0 (Default: 0.1)
[5/4/2023 11:50:30 AM] [Info] Level overrides config Items.Quality_Multiplier: 1 (Default: 1)
[5/4/2023 11:50:30 AM] [Info] Level overrides config Items.Gun_Bullets_Full_Chance: 0 (Default: 0.05)
[5/4/2023 11:50:30 AM] [Info] Level overrides config Items.Gun_Bullets_Multiplier: 0 (Default: 0.25)
[5/4/2023 11:50:30 AM] [Info] Level overrides config Items.Magazine_Bullets_Full_Chance: 1 (Default: 0.05)
[5/4/2023 11:50:30 AM] [Info] Level overrides config Items.Magazine_Bullets_Multiplier: 1 (Default: 0.5)
[5/4/2023 11:50:30 AM] [Info] Level overrides config Items.Crate_Bullets_Full_Chance: 1 (Default: 0.05)
[5/4/2023 11:50:30 AM] [Info] Level overrides config Items.Crate_Bullets_Multiplier: 1 (Default: 1)
[5/4/2023 11:50:30 AM] [Info] Level overrides config Items.Despawn_Dropped_Time: 1080 (Default: 600)
[5/4/2023 11:50:30 AM] [Info] Level overrides config Items.Despawn_Natural_Time: 1080 (Default: 900)
[5/4/2023 11:50:30 AM] [Info] Level overrides config Items.Respawn_Time: 80 (Default: 100)
[5/4/2023 11:50:30 AM] [Info] Level overrides config Players.Health_Default: 100 (Default: 100)
[5/4/2023 11:50:30 AM] [Info] Level overrides config Players.Food_Default: 100 (Default: 100)
[5/4/2023 11:50:30 AM] [Info] Level overrides config Players.Water_Default: 100 (Default: 100)
[5/4/2023 11:50:30 AM] [Info] Level overrides config Players.Virus_Default: 100 (Default: 100)
[5/4/2023 11:50:30 AM] [Info] Level overrides config Players.Health_Regen_Min_Food: 70 (Default: 90)
[5/4/2023 11:50:30 AM] [Info] Level overrides config Players.Health_Regen_Min_Water: 70 (Default: 90)
[5/4/2023 11:50:30 AM] [Info] Level overrides config Players.Health_Regen_Ticks: 45 (Default: 60)
[5/4/2023 11:50:30 AM] [Info] Level overrides config Players.Food_Use_Ticks: 1400 (Default: 300)
[5/4/2023 11:50:30 AM] [Info] Level overrides config Players.Food_Damage_Ticks: 5 (Default: 15)
[5/4/2023 11:50:30 AM] [Info] Level overrides config Players.Water_Use_Ticks: 1200 (Default: 270)
[5/4/2023 11:50:30 AM] [Info] Level overrides config Players.Water_Damage_Ticks: 5 (Default: 20)
[5/4/2023 11:50:30 AM] [Info] Level overrides config Players.Virus_Infect: 0 (Default: 50)
[5/4/2023 11:50:30 AM] [Info] Level overrides config Players.Virus_Use_Ticks: 60 (Default: 125)
[5/4/2023 11:50:30 AM] [Info] Level overrides config Players.Virus_Damage_Ticks: 1 (Default: 25)
[5/4/2023 11:50:30 AM] [Info] Level overrides config Players.Detect_Radius_Multiplier: 0.9 (Default: 1)
[5/4/2023 11:50:30 AM] [Info] Level overrides config Players.Ray_Aggressor_Distance: 12 (Default: 8)
[5/4/2023 11:50:30 AM] [Info] Level overrides config Players.Bleed_Damage_Ticks: 21 (Default: 10)
[5/4/2023 11:50:30 AM] [Info] Level overrides config Players.Can_Stop_Bleeding: True (Default: True)
[5/4/2023 11:50:30 AM] [Info] Level overrides config Players.Experience_Multiplier: 0 (Default: 1)
[5/4/2023 11:50:30 AM] [Info] Level overrides config Players.Lose_Skills_PvP: 1 (Default: 0.75)
[5/4/2023 11:50:30 AM] [Info] Level overrides config Players.Lose_Skills_PvE: 1 (Default: 0.75)
[5/4/2023 11:50:30 AM] [Error] Failed to find mode config for level override: Platers
[5/4/2023 11:50:30 AM] [Error] Failed to find mode config for level override: Platers
[5/4/2023 11:50:30 AM] [Info] Level overrides config Zombies.Slow_Movement: False (Default: False)
[5/4/2023 11:50:30 AM] [Info] Level overrides config Zombies.Acid_Chance: 0 (Default: 0.025)
[5/4/2023 11:50:30 AM] [Info] Level overrides config Zombies.Loot_Chance: 0.7 (Default: 0.5)
[5/4/2023 11:50:30 AM] [Info] Level overrides config Zombies.Min_Mega_Drops: 5 (Default: 5)
[5/4/2023 11:50:30 AM] [Info] Level overrides config Zombies.Max_Mega_Drops: 10 (Default: 5)
[5/4/2023 11:50:30 AM] [Info] Level overrides config Zombies.Min_Boss_Drops: 10 (Default: 8)
[5/4/2023 11:50:30 AM] [Info] Level overrides config Zombies.Max_Boss_Drops: 15 (Default: 10)
[5/4/2023 11:50:30 AM] [Info] Level overrides config Zombies.Respawn_Day_Time: 360 (Default: 360)
[5/4/2023 11:50:30 AM] [Info] Level overrides config Zombies.Respawn_Night_Time: 180 (Default: 30)
[5/4/2023 11:50:30 AM] [Info] Level overrides config Gameplay.Chart: False (Default: False)
[5/4/2023 11:50:30 AM] [Info] Level overrides config Gameplay.Satellite: False (Default: False)
[5/4/2023 11:50:30 AM] [Info] Level overrides config Gameplay.Compass: True (Default: False)
[5/4/2023 11:50:30 AM] [Info] Level overrides config Gameplay.Ballistics: True (Default: True)
[5/4/2023 11:50:30 AM] [Info] Level overrides config Gameplay.Group_Map: True (Default: True)
[5/4/2023 11:50:30 AM] [Info] Level overrides config Gameplay.Timer_Home: 15 (Default: 30)
[5/4/2023 11:50:30 AM] [Info] Level overrides config Events.Airdrop_Frequency_Min: 1.8 (Default: 0.8)
[5/4/2023 11:50:30 AM] [Info] Level overrides config Events.Airdrop_Frequency_Max: 3.5 (Default: 6.5)
[5/4/2023 11:50:30 AM] [Info] Level overrides config Events.Airdrop_Speed: 70 (Default: 128)
[5/4/2023 11:50:30 AM] [Info] Level overrides config Events.Airdrop_Force: 11.95 (Default: 9.5)
[5/4/2023 11:50:30 AM] [Info] Level overrides config Vehicles.Min_Battery_Charge: 1 (Default: 0.5)
[5/4/2023 11:50:30 AM] [Info] Level overrides config Vehicles.Max_Battery_Charge: 1 (Default: 0.75)
[5/4/2023 11:50:30 AM] [Info] Level overrides config Vehicles.Has_Battery_Chance: 1 (Default: 0.8)
[5/4/2023 11:50:30 AM] [Info] Level overrides config Vehicles.Max_Instances_Large: 64 (Default: 32)
[5/4/2023 11:50:30 AM] [Info] Level overrides config Vehicles.Decay_Time: 0 (Default: 604800)
[5/4/2023 11:50:30 AM] [Info] Level overrides config Vehicles.Decay_Damage_Per_Second: 200 (Default: 0.1)
[5/4/2023 11:50:30 AM] [Info] Level overrides config Barricades.Armor_Lowtier_Multiplier: 1 (Default: 1)
[5/4/2023 11:50:30 AM] [Info] Level overrides config Barricades.Armor_Hightier_Multiplier: 1 (Default: 0.5)
[5/4/2023 11:50:30 AM] [Info] Level overrides config Structures.Armor_Lowtier_Multiplier: 1 (Default: 1)
[5/4/2023 11:50:30 AM] [Info] Level overrides config Structures.Armor_Hightier_Multiplier: 1 (Default: 0.5)
[5/4/2023 11:50:30 AM] [Info] Level overrides config Barricades.Gun_Lowcal_Damage_Multiplier: 1 (Default: 1)
[5/4/2023 11:50:30 AM] [Info] Level overrides config Barricades.Gun_Highcal_Damage_Multiplier: 1 (Default: 1)
[5/4/2023 11:50:30 AM] [Info] Level overrides config Structures.Gun_Lowcal_Damage_Multiplier: 1 (Default: 1)
[5/4/2023 11:50:30 AM] [Info] Level overrides config Structures.Gun_Highcal_Damage_Multiplier: 1 (Default: 1)
[5/4/2023 11:50:30 AM] [Info] Level overrides config Barricades.Decay_Time: 432000 (Default: 604800)
[5/4/2023 11:50:30 AM] [Info] Level overrides config Structures.Decay_Time: 432000 (Default: 604800)
[5/4/2023 11:50:30 AM] [Info] Level overrides config Barricades.Allow_Item_Placement_On_Vehicle: True (Default: True)
[5/4/2023 11:50:30 AM] [Info] Level overrides config Barricades.Allow_Trap_Placement_On_Vehicle: True (Default: True)
[5/4/2023 11:50:30 AM] [Info] Monitoring workshop map 'LFO Test Site' (2971117980) for changes
[5/4/2023 11:50:30 AM] [Info] Loading level: 8%
[5/4/2023 11:50:32 AM] [Error] Object with no asset in region 29, 29: 4546 ce19ea4e-cbd5-4018-8517-88380a9692c3
[5/4/2023 11:50:35 AM] [Error] Object with no asset in region 30, 30: 6923 4f1fe346-d2e2-4188-97ca-cb37d1499696
[5/4/2023 11:50:35 AM] [Error] Object with no asset in region 31, 28: 6923 4f1fe346-d2e2-4188-97ca-cb37d1499696
[5/4/2023 11:50:35 AM] [Error] Object with no asset in region 32, 34: 6923 4f1fe346-d2e2-4188-97ca-cb37d1499696
[5/4/2023 11:50:35 AM] [Error] Object with no asset in region 33, 32: 6923 4f1fe346-d2e2-4188-97ca-cb37d1499696
[5/4/2023 11:50:35 AM] [Error] Object with no asset in region 35, 33: 4480 f0853a67-acbb-475c-9047-bc85ec2aad76
[5/4/2023 11:50:35 AM] [Error] Object with no asset in region 35, 33: 4480 f0853a67-acbb-475c-9047-bc85ec2aad76
[5/4/2023 11:50:35 AM] [Error] Object with no asset in region 35, 33: 4480 f0853a67-acbb-475c-9047-bc85ec2aad76
[5/4/2023 11:50:35 AM] [Error] Object with no asset in region 35, 33: 4480 f0853a67-acbb-475c-9047-bc85ec2aad76
[5/4/2023 11:50:35 AM] [Error] Object with no asset in region 35, 33: 4458 ad68d5b7-044e-427c-8a10-6eb6e7c409e0
[5/4/2023 11:50:35 AM] [Error] Object with no asset in region 35, 33: 4516 b9ee368c-c141-4870-8f29-f0466c1ffeb9
[5/4/2023 11:50:35 AM] [Error] Object with no asset in region 35, 33: 4584 8843819d-6625-4232-811e-9b56d781ce18
[5/4/2023 11:50:35 AM] [Error] Object with no asset in region 35, 33: 4454 6ec9a05c-93c2-4902-96ef-88226d45cc16
[5/4/2023 11:50:35 AM] [Error] Object with no asset in region 35, 33: 4454 6ec9a05c-93c2-4902-96ef-88226d45cc16
[5/4/2023 11:50:35 AM] [Error] Object with no asset in region 35, 33: 4454 6ec9a05c-93c2-4902-96ef-88226d45cc16
[5/4/2023 11:50:35 AM] [Error] Object with no asset in region 35, 33: 4454 6ec9a05c-93c2-4902-96ef-88226d45cc16
[5/4/2023 11:50:35 AM] [Error] Object with no asset in region 35, 33: 4454 6ec9a05c-93c2-4902-96ef-88226d45cc16
[5/4/2023 11:50:35 AM] [Error] Object with no asset in region 35, 33: 4516 b9ee368c-c141-4870-8f29-f0466c1ffeb9
[5/4/2023 11:50:35 AM] [Error] Object with no asset in region 35, 33: 4480 f0853a67-acbb-475c-9047-bc85ec2aad76
[5/4/2023 11:50:35 AM] [Error] Object with no asset in region 35, 33: 4480 f0853a67-acbb-475c-9047-bc85ec2aad76
[5/4/2023 11:50:35 AM] [Error] Object with no asset in region 35, 33: 4454 6ec9a05c-93c2-4902-96ef-88226d45cc16
[5/4/2023 11:50:35 AM] [Error] Object with no asset in region 35, 33: 4593 3730b3c5-77b2-451d-a3b5-24d758083cfc
[5/4/2023 11:50:35 AM] [Error] Object with no asset in region 35, 33: 4462 ffa1a9fc-cb48-43b9-bc22-2e62e3d6d9a2
[5/4/2023 11:50:35 AM] [Error] Object with no asset in region 35, 33: 4454 6ec9a05c-93c2-4902-96ef-88226d45cc16
[5/4/2023 11:50:35 AM] [Error] Object with no asset in region 35, 33: 4530 8524b0ec-d879-4587-851e-03b721692caa
[5/4/2023 11:50:35 AM] [Error] Object with no asset in region 35, 33: 4516 b9ee368c-c141-4870-8f29-f0466c1ffeb9
[5/4/2023 11:50:35 AM] [Error] Object with no asset in region 35, 33: 4454 6ec9a05c-93c2-4902-96ef-88226d45cc16
[5/4/2023 11:50:35 AM] [Error] Object with no asset in region 35, 33: 4593 3730b3c5-77b2-451d-a3b5-24d758083cfc
[5/4/2023 11:50:35 AM] [Error] Object with no asset in region 35, 33: 4454 6ec9a05c-93c2-4902-96ef-88226d45cc16
[5/4/2023 11:50:35 AM] [Error] Object with no asset in region 35, 33: 6929 09e7e2d7-6d23-45b0-b8a3-f2a8a44b8b71
[5/4/2023 11:50:35 AM] [Error] Object with no asset in region 35, 33: 6929 09e7e2d7-6d23-45b0-b8a3-f2a8a44b8b71
[5/4/2023 11:50:35 AM] [Error] Object with no asset in region 35, 33: 6931 eee8fc5b-1161-4026-b234-60701ef84745
[5/4/2023 11:50:35 AM] [Error] Object with no asset in region 35, 33: 4480 f0853a67-acbb-475c-9047-bc85ec2aad76
[5/4/2023 11:50:35 AM] [Error] Object with no asset in region 35, 33: 4480 f0853a67-acbb-475c-9047-bc85ec2aad76
[5/4/2023 11:50:35 AM] [Error] Object with no asset in region 35, 33: 4480 f0853a67-acbb-475c-9047-bc85ec2aad76
[5/4/2023 11:50:35 AM] [Error] Object with no asset in region 35, 33: 6928 b77da7ae-1cb2-461e-9318-32aa33666866
[5/4/2023 11:50:35 AM] [Error] Object with no asset in region 35, 33: 6931 4813bfab-32f4-4999-a3c4-8ed05275704d
[5/4/2023 11:50:35 AM] [Error] Object with no asset in region 35, 33: 4480 f0853a67-acbb-475c-9047-bc85ec2aad76
[5/4/2023 11:50:35 AM] [Error] Object with no asset in region 35, 33: 4480 f0853a67-acbb-475c-9047-bc85ec2aad76
[5/4/2023 11:50:35 AM] [Error] Object with no asset in region 35, 33: 6923 4f1fe346-d2e2-4188-97ca-cb37d1499696
[5/4/2023 11:50:35 AM] [Error] Object with no asset in region 35, 33: 6924 43ff34fe-0938-4224-9980-db6045a42195
[5/4/2023 11:50:35 AM] [Error] Object with no asset in region 35, 33: 6927 6d78a845-a6dd-479e-9544-486468e4b164
[5/4/2023 11:50:35 AM] [Error] Object with no asset in region 35, 33: 4373 49cc0093-51b5-40b9-9758-51f37eed7400
[5/4/2023 11:50:35 AM] [Error] Object with no asset in region 35, 33: 4480 f0853a67-acbb-475c-9047-bc85ec2aad76
[5/4/2023 11:50:35 AM] [Error] Object with no asset in region 35, 33: 4464 75d98de5-1f78-4cf5-9695-873b81861d0f
[5/4/2023 11:50:35 AM] [Error] Object with no asset in region 35, 33: 4480 f0853a67-acbb-475c-9047-bc85ec2aad76
[5/4/2023 11:50:35 AM] [Error] Object with no asset in region 35, 33: 4464 75d98de5-1f78-4cf5-9695-873b81861d0f
[5/4/2023 11:50:35 AM] [Error] Object with no asset in region 35, 33: 4480 f0853a67-acbb-475c-9047-bc85ec2aad76
[5/4/2023 11:50:35 AM] [Error] Object with no asset in region 35, 33: 4480 f0853a67-acbb-475c-9047-bc85ec2aad76
[5/4/2023 11:50:35 AM] [Error] Object with no asset in region 35, 33: 4480 f0853a67-acbb-475c-9047-bc85ec2aad76
[5/4/2023 11:50:35 AM] [Error] Object with no asset in region 35, 33: 4400 d0bc4739-dfb6-4e7d-92a2-831d2170e00b
[5/4/2023 11:50:35 AM] [Error] Object with no asset in region 35, 33: 4480 f0853a67-acbb-475c-9047-bc85ec2aad76
[5/4/2023 11:50:35 AM] [Error] Object with no asset in region 35, 33: 4480 f0853a67-acbb-475c-9047-bc85ec2aad76
[5/4/2023 11:50:35 AM] [Error] Object with no asset in region 35, 33: 4480 f0853a67-acbb-475c-9047-bc85ec2aad76
[5/4/2023 11:50:35 AM] [Error] Object with no asset in region 35, 33: 4480 f0853a67-acbb-475c-9047-bc85ec2aad76
[5/4/2023 11:50:35 AM] [Error] Object with no asset in region 35, 33: 4480 f0853a67-acbb-475c-9047-bc85ec2aad76
[5/4/2023 11:50:35 AM] [Error] Object with no asset in region 35, 33: 4480 f0853a67-acbb-475c-9047-bc85ec2aad76
[5/4/2023 11:50:35 AM] [Info] Loading level: 16%
[5/4/2023 11:50:35 AM] [Info] Loading level: 25%
[5/4/2023 11:50:35 AM] [Info] Loading level: 33%
[5/4/2023 11:50:35 AM] [Info] Loading level: 41%
[5/4/2023 11:50:35 AM] [Info] Loading level: 50%
[5/4/2023 11:50:35 AM] [Info] Loading level: 58%
[5/4/2023 11:50:35 AM] [Info] Loading level: 66%
[5/4/2023 11:50:35 AM] [Info] Loading level: 75%
[5/4/2023 11:50:35 AM] [Info] Loading level: 83%
[5/4/2023 11:50:35 AM] [Info] Loading level: 91%
[5/4/2023 11:51:15 AM] [Info] Loading level: 100%
[5/4/2023 11:51:15 AM] [Info] BattlEye Server: Player #0 Shake (10.42.9.45:60568) connected
[5/4/2023 11:51:15 AM] [Info] BattlEye Server: Player #0 Shake - BE GUID: f4abbf8aa333c3b24b5656c70080f342
[5/4/2023 11:51:15 AM] [Error] Unable to find spawn table for resolve with id 0
[5/4/2023 11:51:15 AM] [Error] Unable to find spawn table for resolve with id 0
[5/4/2023 11:51:15 AM] [Error] Unable to find spawn table for resolve with id 0
[5/4/2023 11:51:15 AM] [Error] Unable to find spawn table for resolve with id 0
[5/4/2023 11:51:15 AM] [Error] Unable to find spawn table for resolve with id 0
[5/4/2023 11:51:15 AM] [Info] Connecting: PlayerID: 76561199035738472 Name: Shake Character: Shake
[5/4/2023 11:51:15 AM] [Info] BattlEye Server: Connected to BE Master
[5/4/2023 11:51:31 AM] [Info] Successfully admined Shake
[5/4/2023 11:51:50 AM] [Info] [Group] Shake [Shake]: "/i gps"
[5/4/2023 11:52:33 AM] [Info] Giving Shake item 1176:1
[5/4/2023 11:52:33 AM] [Info] [Group] Shake [Shake]: "/vehicle hh-6"
[5/4/2023 11:52:41 AM] [Error] Failed to convert hh-6 into a VehicleID.
[5/4/2023 11:52:41 AM] [Info] [Group] Shake [Shake]: "/v hh-6"
[5/4/2023 11:52:49 AM] [Info] Giving Shake vehicle 59026
[5/4/2023 11:52:49 AM] [Info] Shake moved x:12.45409 y:146.4938(+15.94234) z:245.3048 in the last second (0.05638123)
[5/4/2023 11:52:50 AM] [Info] Shake moved x:18.84532 y:168.5679(+22.07411) z:225.6516 in the last second (0.06060791)
[5/4/2023 11:52:51 AM] [Info] Shake moved x:21.10137 y:193.6817(+25.11378) z:201.315 in the last second (0.05900574)
[5/4/2023 11:52:52 AM] [Info] Shake moved x:22.0859 y:218.0547(+24.37306) z:175.6065 in the last second (0.05877686)
[5/4/2023 11:52:53 AM] [Info] Shake moved x:28.84725 y:241.067(+23.01227) z:142.1525 in the last second (0.07235718)
[5/4/2023 11:53:16 AM] [Info] [Group] Shake [Shake]: "/i rpg"
[5/4/2023 11:53:25 AM] [Info] Giving Shake item 59358:1
[5/4/2023 11:53:25 AM] [Info] [Group] Shake [Shake]: "/i "rpg rock""
[5/4/2023 11:53:33 AM] [Info] [Area] Shake [Shake]: "/i "warhead" 5"
[5/4/2023 11:54:48 AM] [Info] Giving Shake item 59357:5
[5/4/2023 11:54:48 AM] [Info] [Group] Shake [Shake]: "/i flekta"
[5/4/2023 11:54:51 AM] [Info] [Group] Shake [Shake]: "/i flek"
[5/4/2023 11:54:53 AM] [Info] [Group] Shake [Shake]: "/i tarn"
[5/4/2023 11:54:59 AM] [Info] Giving Shake item 30841:1
[5/4/2023 11:54:59 AM] [Info] [Group] Shake [Shake]: "/i 30840"
[5/4/2023 11:55:09 AM] [Info] Giving Shake item 30840:1
[5/4/2023 11:55:09 AM] [Info] [Group] Shake [Shake]: "/i g36"
[5/4/2023 11:56:56 AM] [Info] Giving Shake item 38431:1
[5/4/2023 11:56:56 AM] [Info] [Group] Shake [Shake]: "/i 20210"
[5/4/2023 11:57:16 AM] [Info] Giving Shake item 20210:1
[5/4/2023 11:57:16 AM] [Info] [Group] Shake [Shake]: "/i 20063"
[5/4/2023 11:57:24 AM] [Info] Giving Shake item 20063:1
[5/4/2023 11:57:24 AM] [Info] [Group] Shake [Shake]: "/night"
[5/4/2023 11:57:40 AM] [Info] Successfully set time to night!
[5/4/2023 11:57:40 AM] [Info] [Group] Shake [Shake]: "/i 20062"
[5/4/2023 11:58:05 AM] [Info] Giving Shake item 20062:1
[5/4/2023 11:58:05 AM] [Info] [Group] Shake [Shake]: "/i 20240"
[5/4/2023 11:58:05 AM] [Info] Giving Shake item 20240:1
[5/4/2023 11:58:22 AM] [Info] [Group] Shake [Shake]: "/i 20335"
[5/4/2023 11:58:43 AM] [Info] Giving Shake item 20335:1
[5/4/2023 11:58:43 AM] [Info] [Group] Shake [Shake]: "/i 20044"
[5/4/2023 11:58:58 AM] [Info] Giving Shake item 20044:1
[5/4/2023 11:58:58 AM] [Info] [Group] Shake [Shake]: "/day"
[5/4/2023 11:58:58 AM] [Info] Successfully set time to day!
[5/4/2023 11:59:11 AM] [Info] [Group] Shake [Shake]: "/i 31470"
[5/4/2023 11:59:11 AM] [Info] Giving Shake item 31470:1
[5/4/2023 11:59:20 AM] [Info] [Group] Shake [Shake]: "/i "36c""
[5/4/2023 12:00:01 PM] [Info] Giving Shake item 31304:1
[5/4/2023 12:00:01 PM] [Info] [Group] Shake [Shake]: "/v 32300"
[5/4/2023 12:00:05 PM] [Error] An error occured while executing v [32300]: System.NullReferenceException: Object reference not set to an instance of an object
  at Rocket.Unturned.Commands.CommandV.Execute (Rocket.API.IRocketPlayer caller, System.String[] command) [0x000f9] in <980a552ab1504dc38f2f66182fd014d8>:0 
  at Rocket.Core.Commands.RocketCommandManager+RegisteredRocketCommand.Execute (Rocket.API.IRocketPlayer caller, System.String[] command) [0x00000] in <59a13feb721848c8b0cd173f6d0e820b>:0 
  at Rocket.Core.Commands.RocketCommandManager.Execute (Rocket.API.IRocketPlayer player, System.String command) [0x00176] in <59a13feb721848c8b0cd173f6d0e820b>:0 
[5/4/2023 12:00:05 PM] [Info] [Group] Shake [Shake]: "/v humv"
[5/4/2023 12:00:11 PM] [Info] Giving Shake vehicle 38333
[5/4/2023 12:00:11 PM] [Info] [Group] Shake [Shake]: "/v 38300"
[5/4/2023 12:00:24 PM] [Info] Giving Shake vehicle 38300
[5/4/2023 12:00:24 PM] [Info] [Group] Shake [Shake]: "/god"
[5/4/2023 12:00:24 PM] [Info] Shake enabled Godmode
[5/4/2023 12:03:48 PM] [Info] [Group] Shake [Shake]: "/i scar"
[5/4/2023 12:03:55 PM] [Info] Giving Shake item 1138:1
[5/4/2023 12:03:55 PM] [Info] [Group] Shake [Shake]: "/i "scar-""
[5/4/2023 12:04:42 PM] [Info] Giving Shake item 31339:1
[5/4/2023 12:04:42 PM] [Info] [Group] Shake [Shake]: "/i 20201"
[5/4/2023 12:04:42 PM] [Info] Giving Shake item 20201:1
[5/4/2023 12:04:43 PM] [Info] Saving server
[5/4/2023 12:05:03 PM] [Info] [Group] Shake [Shake]: "/i acog"
[5/4/2023 12:05:12 PM] [Info] Giving Shake item 31464:1
[5/4/2023 12:05:12 PM] [Info] [Group] Shake [Shake]: "/i 31470"
[5/4/2023 12:09:18 PM] [Info] Giving Shake item 31470:1
[5/4/2023 12:09:18 PM] [Info] Disconnecting: PlayerID: 76561199035738472 Name: Shake Character: Shake
[5/4/2023 12:09:18 PM] [Info] BattlEye Server: Player #0 Shake disconnected
