[12/20/2022 8:21:15 AM] [Info] [registered] /more (Rocket.Unturned.Commands.CommandMore/more)
[12/20/2022 8:21:15 AM] [Info] [registered] /admin (Rocket.Unturned.Commands.CommandAdmin/admin)
[12/20/2022 8:21:15 AM] [Info] [registered] /broadcast (Rocket.Unturned.Commands.CommandBroadcast/broadcast)
[12/20/2022 8:21:15 AM] [Info] [registered] /compass (Rocket.Unturned.Commands.CommandCompass/compass)
[12/20/2022 8:21:15 AM] [Info] [registered] /effect (Rocket.Unturned.Commands.CommandEffect/effect)
[12/20/2022 8:21:17 AM] [Info] [registered] /exit (Rocket.Unturned.Commands.CommandExit/exit)
[12/20/2022 8:21:17 AM] [Info] [registered] /god (Rocket.Unturned.Commands.CommandGod/god)
[12/20/2022 8:21:17 AM] [Info] [registered] /heal (Rocket.Unturned.Commands.CommandHeal/heal)
[12/20/2022 8:21:17 AM] [Info] [registered] /help (Rocket.Unturned.Commands.CommandHelp/help)
[12/20/2022 8:21:17 AM] [Info] [registered] /home (Rocket.Unturned.Commands.CommandHome/home)
[12/20/2022 8:21:17 AM] [Info] [registered] /i (Rocket.Unturned.Commands.CommandI/i)
[12/20/2022 8:21:17 AM] [Info] [registered] /item (Rocket.Unturned.Commands.CommandI/item)
[12/20/2022 8:21:17 AM] [Info] [registered] /investigate (Rocket.Unturned.Commands.CommandInvestigate/investigate)
[12/20/2022 8:21:17 AM] [Info] [registered] /p (Rocket.Unturned.Commands.CommandP/p)
[12/20/2022 8:21:17 AM] [Info] [registered] /permissions (Rocket.Unturned.Commands.CommandP/permissions)
[12/20/2022 8:21:17 AM] [Info] [registered] /rocket (Rocket.Unturned.Commands.CommandRocket/rocket)
[12/20/2022 8:21:17 AM] [Info] [registered] /tp (Rocket.Unturned.Commands.CommandTp/tp)
[12/20/2022 8:21:17 AM] [Info] [registered] /tphere (Rocket.Unturned.Commands.CommandTphere/tphere)
[12/20/2022 8:21:17 AM] [Info] [registered] /unadmin (Rocket.Unturned.Commands.CommandUnadmin/unadmin)
[12/20/2022 8:21:17 AM] [Info] [registered] /v (Rocket.Unturned.Commands.CommandV/v)
[12/20/2022 8:21:17 AM] [Info] [registered] /vanish (Rocket.Unturned.Commands.CommandVanish/vanish)
[12/20/2022 8:21:17 AM] [Info] Loading InfiniteEnergy from C:\Program Files (x86)\Steam\steamapps\common\U3DS\Servers\MyServer\Rocket\Plugins\InfiniteEnergy.dll
[12/20/2022 8:21:17 AM] [Info] Loading MoreHomes from C:\Program Files (x86)\Steam\steamapps\common\U3DS\Servers\MyServer\Rocket\Plugins\MoreHomes.dll
[12/20/2022 8:21:17 AM] [Info] Loading ReponseMod_HiddenName from C:\Program Files (x86)\Steam\steamapps\common\U3DS\Servers\MyServer\Rocket\Plugins\ReponseMod_HiddenName.dll
[12/20/2022 8:21:17 AM] [Info] Loading uEssentials from C:\Program Files (x86)\Steam\steamapps\common\U3DS\Servers\MyServer\Rocket\Plugins\uEssentials.dll
[12/20/2022 8:21:18 AM] [Info] 
[loading] InfiniteEnergy
[12/20/2022 8:21:18 AM] [Error] Could not find dependency: 0Harmony, Version=2.1.1.0, Culture=neutral, PublicKeyToken=null
[12/20/2022 8:21:18 AM] [Error] Could not find dependency: 0Harmony, Version=2.1.1.0, Culture=neutral, PublicKeyToken=null
[12/20/2022 8:21:18 AM] [Info] 
[loading] ReponseMod_HiddenName
[12/20/2022 8:21:18 AM] [Info] 
[loading] uEssentials
[12/20/2022 8:21:18 AM] [Error] Failed to load uEssentials, unloading now... :System.TypeLoadException: Could not resolve type with token 010000ed (from typeref, class/assembly SDG.Unturned.ConsoleInput, Assembly-CSharp-firstpass, Version=0.0.0.0, Culture=neutral, PublicKeyToken=null)
  at Rocket.Core.Plugins.RocketPlugin.LoadPlugin () [0x00033] in <59a13feb721848c8b0cd173f6d0e820b>:0 
[12/20/2022 8:21:18 AM] [Info] 
[unloading] uEssentials
[12/20/2022 8:21:18 AM] [Error] Failed to unload uEssentials:System.TypeLoadException: Could not resolve type with token 010000ed (from typeref, class/assembly SDG.Unturned.ConsoleInput, Assembly-CSharp-firstpass, Version=0.0.0.0, Culture=neutral, PublicKeyToken=null)
  at Rocket.Core.Plugins.RocketPlugin.UnloadPlugin (Rocket.API.PluginState state) [0x0003b] in <59a13feb721848c8b0cd173f6d0e820b>:0 
  at Rocket.Core.Plugins.RocketPlugin.LoadPlugin () [0x0005c] in <59a13feb721848c8b0cd173f6d0e820b>:0 
[12/20/2022 8:21:18 AM] [Info] This server will automatically save every 1800 seconds
[12/20/2022 8:21:18 AM] [Info] Steam servers ready!
[12/20/2022 8:21:18 AM] [Info] Workshop install folder: C:\Program Files (x86)\Steam\steamapps\common\U3DS/Servers/MyServer/Workshop/Steam
[12/20/2022 8:21:18 AM] [Info] 3 workshop item(s) requested
[12/20/2022 8:21:18 AM] [Info] Submitting workshop query for 3 item(s)...
[12/20/2022 8:21:18 AM] [Info] Workshop query yielded 3 result(s)
[12/20/2022 8:21:18 AM] [Info] This server's allowed IP for Workshop downloads: 73.253.101.49
[12/20/2022 8:21:18 AM] [Info] 2898548949 'A6 Polaris' queued for download
[12/20/2022 8:21:46 AM] [Info] 1717095606 'Creator Tools' queued for download
[12/20/2022 8:21:46 AM] [Info] 2796081018 'Nordic Compatable Arid' queued for download
[12/20/2022 8:21:46 AM] [Info] 3 workshop item(s) to download...
[12/20/2022 8:21:46 AM] [Info] Workshop item found in cache: 2898548949
[12/20/2022 8:21:46 AM] [Info] Installing workshop item: 2898548949
[12/20/2022 8:21:46 AM] [Info] Installed workshop item: 2898548949
[12/20/2022 8:21:46 AM] [Info] Workshop item found in cache: 1717095606
[12/20/2022 8:21:46 AM] [Info] Installing workshop item: 1717095606
[12/20/2022 8:21:46 AM] [Info] Installed workshop item: 1717095606
[12/20/2022 8:21:46 AM] [Info] Workshop item found in cache: 2796081018
[12/20/2022 8:21:46 AM] [Info] Installing workshop item: 2796081018
[12/20/2022 8:21:46 AM] [Info] Installed workshop item: 2796081018
[12/20/2022 8:21:46 AM] [Info] Skipping level config override Animals.Max_Instances_Medium because server value (50) is not the default (16)
[12/20/2022 8:21:46 AM] [Info] Skipping level config override Items.Quality_Full_Chance because server value (1) is not the default (0.1)
[12/20/2022 8:21:46 AM] [Info] Level overrides config Barricades.Allow_Item_Placement_On_Vehicle: False (Default: True)
[12/20/2022 8:21:46 AM] [Info] Level overrides config Barricades.Allow_Trap_Placement_On_Vehicle: False (Default: True)
[12/20/2022 8:21:46 AM] [Info] Skipping level config override Barricades.Gun_Lowcal_Damage_Multiplier because server value (5) is not the default (1)
[12/20/2022 8:21:46 AM] [Info] Skipping level config override Barricades.Gun_Highcal_Damage_Multiplier because server value (5) is not the default (1)
[12/20/2022 8:21:46 AM] [Info] Skipping level config override Barricades.Armor_Lowtier_Multiplier because server value (5) is not the default (1)
[12/20/2022 8:21:46 AM] [Info] Skipping level config override Barricades.Armor_Hightier_Multiplier because server value (5) is not the default (0.5)
[12/20/2022 8:21:46 AM] [Info] Skipping level config override Structures.Gun_Lowcal_Damage_Multiplier because server value (5) is not the default (1)
[12/20/2022 8:21:46 AM] [Info] Skipping level config override Structures.Gun_Highcal_Damage_Multiplier because server value (5) is not the default (1)
[12/20/2022 8:21:46 AM] [Info] Skipping level config override Structures.Armor_Lowtier_Multiplier because server value (5) is not the default (1)
[12/20/2022 8:21:46 AM] [Info] Skipping level config override Structures.Armor_Hightier_Multiplier because server value (5) is not the default (0.5)
[12/20/2022 8:21:46 AM] [Info] Skipping level config override Structures.Melee_Damage_Multiplier because server value (5) is not the default (1)
[12/20/2022 8:21:46 AM] [Info] Skipping level config override Structures.Melee_Repair_Multiplier because server value (5) is not the default (1)
[12/20/2022 8:21:46 AM] [Info] Skipping level config override Events.Airdrop_Speed because server value (1) is not the default (128)
[12/20/2022 8:21:46 AM] [Info] Skipping level config override Events.Airdrop_Force because server value (1) is not the default (9.5)
[12/20/2022 8:21:46 AM] [Info] Skipping level config override Vehicles.Gun_Lowcal_Damage_Multiplier because server value (0.5) is not the default (1)
[12/20/2022 8:21:46 AM] [Info] Skipping level config override Vehicles.Melee_Damage_Multiplier because server value (0.5) is not the default (1)
[12/20/2022 8:21:46 AM] [Info] Skipping level config override Vehicles.Min_Battery_Charge because server value (1) is not the default (0.5)
[12/20/2022 8:21:46 AM] [Info] Skipping level config override Vehicles.Max_Battery_Charge because server value (1) is not the default (0.75)
[12/20/2022 8:21:46 AM] [Info] Skipping level config override Vehicles.Has_Battery_Chance because server value (1) is not the default (0.8)
[12/20/2022 8:21:46 AM] [Info] Skipping level config override Vehicles.Max_Instances_Medium because server value (40) is not the default (16)
[12/20/2022 8:21:46 AM] [Info] Level overrides config Vehicles.Armor_Multiplier: 0.375 (Default: 1)
[12/20/2022 8:21:46 AM] [Info] Level overrides config Players.Experience_Multiplier: 1 (Default: 1)
[12/20/2022 8:21:46 AM] [Info] Skipping level config override Players.Lose_Skills_PvP because server value (1) is not the default (0.75)
[12/20/2022 8:21:46 AM] [Info] Skipping level config override Players.Lose_Skills_PvE because server value (1) is not the default (0.75)
[12/20/2022 8:21:46 AM] [Info] Skipping level config override Players.Virus_Infect because server value (90) is not the default (50)
[12/20/2022 8:21:46 AM] [Info] Level overrides config Zombies.Armor_Multiplier: 1 (Default: 1)
[12/20/2022 8:21:46 AM] [Info] Skipping level config override Zombies.Full_Moon_Experience_Multiplier because server value (5) is not the default (2)
[12/20/2022 8:21:46 AM] [Info] Skipping level config override Zombies.Spawn_Chance because server value (1) is not the default (0.25)
[12/20/2022 8:21:46 AM] [Info] Level overrides config Zombies.Min_Mega_Drops: 1 (Default: 5)
[12/20/2022 8:21:46 AM] [Info] Skipping level config override Zombies.Max_Mega_Drops because server value (10) is not the default (5)
[12/20/2022 8:21:46 AM] [Info] Skipping level config override Zombies.Min_Boss_Drops because server value (5) is not the default (8)
[12/20/2022 8:21:46 AM] [Info] Level overrides config Zombies.Max_Boss_Drops: 1 (Default: 10)
[12/20/2022 8:21:46 AM] [Info] Skipping level config override Zombies.Loot_Chance because server value (1) is not the default (0.5)
[12/20/2022 8:21:46 AM] [Info] Level overrides config Gameplay.Chart: True (Default: False)
[12/20/2022 8:21:46 AM] [Info] Monitoring workshop map 'A6 Polaris' (2898548949) for changes
[12/20/2022 8:21:46 AM] [Info] Lost connection to Steam servers because k_EResultNoConnection
[12/20/2022 8:21:46 AM] [Info] Failed to connect to Steam servers because k_EResultNoConnection, still retrying
[12/20/2022 8:21:46 AM] [Info] Loading level: 8%
[12/20/2022 8:21:50 AM] [Info] Loading level: 16%
[12/20/2022 8:21:50 AM] [Info] Loading level: 25%
[12/20/2022 8:21:50 AM] [Info] Loading level: 33%
[12/20/2022 8:21:50 AM] [Info] Loading level: 41%
[12/20/2022 8:21:50 AM] [Info] Loading level: 50%
[12/20/2022 8:21:50 AM] [Info] Loading level: 58%
[12/20/2022 8:21:50 AM] [Info] Loading level: 66%
[12/20/2022 8:21:50 AM] [Info] Loading level: 75%
[12/20/2022 8:21:50 AM] [Info] Loading level: 83%
[12/20/2022 8:21:51 AM] [Info] Loading level: 91%
[12/20/2022 8:21:51 AM] [Info] Loading level: 100%
[12/20/2022 8:51:17 AM] [Info] Saving server
[12/20/2022 9:21:17 AM] [Info] Saving server
[12/20/2022 9:51:17 AM] [Info] Saving server
[12/20/2022 10:14:06 AM] [Info] Lost connection to Steam servers because k_EResultNoConnection
[12/20/2022 10:14:40 AM] [Info] Failed to connect to Steam servers because k_EResultNoConnection, still retrying
[12/20/2022 10:14:40 AM] [Info] Lost connection to Steam servers because k_EResultNoConnection
[12/20/2022 10:14:40 AM] [Info] Failed to connect to Steam servers because k_EResultNoConnection, still retrying
[12/20/2022 10:14:49 AM] [Info] Failed to connect to Steam servers because k_EResultNoConnection, still retrying
[12/20/2022 10:21:17 AM] [Info] Saving server
[12/20/2022 10:51:17 AM] [Info] Saving server
[12/20/2022 11:21:17 AM] [Info] Saving server
[12/20/2022 11:51:17 AM] [Info] Saving server
[12/20/2022 12:21:17 PM] [Info] Saving server
[12/20/2022 12:51:18 PM] [Info] Saving server
[12/20/2022 1:21:18 PM] [Info] Saving server
[12/20/2022 1:51:18 PM] [Info] Saving server
[12/20/2022 2:21:18 PM] [Info] Saving server
[12/20/2022 2:45:48 PM] [Info] 
[unloading] InfiniteEnergy
