[12/23/2022 8:39:48 PM] [Info] Steam servers ready!
[12/23/2022 8:39:48 PM] [Info] Workshop install folder: C:\Program Files (x86)\Steam\steamapps\common\U3DS/Servers/MyServer/Workshop/Steam
[12/23/2022 8:39:48 PM] [Info] 4 workshop item(s) requested
[12/23/2022 8:39:48 PM] [Info] Submitting workshop query for 4 item(s)...
[12/23/2022 8:39:48 PM] [Info] Workshop query yielded 4 result(s)
[12/23/2022 8:39:48 PM] [Info] This server's allowed IP for Workshop downloads: 73.253.101.49
[12/23/2022 8:40:20 PM] [Info] 2898548949 'A6 Polaris' queued for download
[12/23/2022 8:40:20 PM] [Info] 1717095606 'Creator Tools' queued for download
[12/23/2022 8:40:20 PM] [Info] 2796081018 'Nordic Compatable Arid' queued for download
[12/23/2022 8:40:20 PM] [Info] 2902515278 'A6 Polaris+ Mod [Spawn in map]' queued for download
[12/23/2022 8:40:20 PM] [Info] 2902515278 'A6 Polaris+ Mod [Spawn in map]' has 1 children
[12/23/2022 8:40:20 PM] [Info] 	2898548949 (already queued)
[12/23/2022 8:40:20 PM] [Info] 4 workshop item(s) to download...
[12/23/2022 8:40:20 PM] [Info] Workshop item 2898548949 found in cache, but was flagged as needing update
[12/23/2022 8:40:20 PM] [Info] Downloading workshop item: 2898548949
[12/23/2022 8:40:20 PM] [Info] Successfully downloaded workshop item: 2898548949
[12/23/2022 8:40:20 PM] [Info] Installing workshop item: 2898548949
[12/23/2022 8:40:45 PM] [Info] Installed workshop item: 2898548949
[12/23/2022 8:40:45 PM] [Info] Workshop item found in cache: 1717095606
[12/23/2022 8:40:45 PM] [Info] Installing workshop item: 1717095606
[12/23/2022 8:40:45 PM] [Info] Installed workshop item: 1717095606
[12/23/2022 8:40:45 PM] [Info] Workshop item found in cache: 2796081018
[12/23/2022 8:40:45 PM] [Info] Installing workshop item: 2796081018
[12/23/2022 8:40:45 PM] [Info] Installed workshop item: 2796081018
[12/23/2022 8:40:45 PM] [Info] Workshop item found in cache: 2902515278
[12/23/2022 8:40:45 PM] [Info] Installing workshop item: 2902515278
[12/23/2022 8:40:45 PM] [Info] Installed workshop item: 2902515278
[12/23/2022 8:40:45 PM] [Info] Skipping level config override Animals.Max_Instances_Medium because server value (50) is not the default (16)
[12/23/2022 8:40:45 PM] [Info] Skipping level config override Items.Quality_Full_Chance because server value (1) is not the default (0.1)
[12/23/2022 8:40:45 PM] [Info] Level overrides config Barricades.Allow_Item_Placement_On_Vehicle: False (Default: True)
[12/23/2022 8:40:45 PM] [Info] Level overrides config Barricades.Allow_Trap_Placement_On_Vehicle: False (Default: True)
[12/23/2022 8:40:45 PM] [Info] Skipping level config override Barricades.Gun_Lowcal_Damage_Multiplier because server value (0.01) is not the default (1)
[12/23/2022 8:40:45 PM] [Info] Skipping level config override Barricades.Gun_Highcal_Damage_Multiplier because server value (0.01) is not the default (1)
[12/23/2022 8:40:45 PM] [Info] Skipping level config override Barricades.Armor_Lowtier_Multiplier because server value (100) is not the default (1)
[12/23/2022 8:40:45 PM] [Info] Skipping level config override Barricades.Armor_Hightier_Multiplier because server value (100) is not the default (0.5)
[12/23/2022 8:40:45 PM] [Info] Skipping level config override Structures.Gun_Lowcal_Damage_Multiplier because server value (0.01) is not the default (1)
[12/23/2022 8:40:45 PM] [Info] Skipping level config override Structures.Gun_Highcal_Damage_Multiplier because server value (0.01) is not the default (1)
[12/23/2022 8:40:46 PM] [Info] Skipping level config override Structures.Armor_Lowtier_Multiplier because server value (0.01) is not the default (1)
[12/23/2022 8:40:46 PM] [Info] Skipping level config override Structures.Armor_Hightier_Multiplier because server value (0.01) is not the default (0.5)
[12/23/2022 8:40:46 PM] [Info] Skipping level config override Structures.Melee_Damage_Multiplier because server value (0.01) is not the default (1)
[12/23/2022 8:40:46 PM] [Info] Skipping level config override Structures.Melee_Repair_Multiplier because server value (5) is not the default (1)
[12/23/2022 8:40:46 PM] [Info] Skipping level config override Events.Airdrop_Speed because server value (1) is not the default (128)
[12/23/2022 8:40:46 PM] [Info] Skipping level config override Events.Airdrop_Force because server value (1) is not the default (9.5)
[12/23/2022 8:40:46 PM] [Info] Skipping level config override Vehicles.Gun_Lowcal_Damage_Multiplier because server value (0.5) is not the default (1)
[12/23/2022 8:40:46 PM] [Info] Skipping level config override Vehicles.Melee_Damage_Multiplier because server value (0.5) is not the default (1)
[12/23/2022 8:40:46 PM] [Info] Skipping level config override Vehicles.Min_Battery_Charge because server value (1) is not the default (0.5)
[12/23/2022 8:40:46 PM] [Info] Skipping level config override Vehicles.Max_Battery_Charge because server value (1) is not the default (0.75)
[12/23/2022 8:40:46 PM] [Info] Skipping level config override Vehicles.Has_Battery_Chance because server value (1) is not the default (0.8)
[12/23/2022 8:40:46 PM] [Info] Skipping level config override Vehicles.Max_Instances_Medium because server value (40) is not the default (16)
[12/23/2022 8:40:46 PM] [Info] Level overrides config Vehicles.Armor_Multiplier: 0.375 (Default: 1)
[12/23/2022 8:40:46 PM] [Info] Level overrides config Players.Experience_Multiplier: 1 (Default: 1)
[12/23/2022 8:40:46 PM] [Info] Skipping level config override Players.Lose_Skills_PvP because server value (1) is not the default (0.75)
[12/23/2022 8:40:46 PM] [Info] Skipping level config override Players.Lose_Skills_PvE because server value (1) is not the default (0.75)
[12/23/2022 8:40:46 PM] [Info] Skipping level config override Players.Virus_Infect because server value (90) is not the default (50)
[12/23/2022 8:40:46 PM] [Info] Level overrides config Zombies.Armor_Multiplier: 1 (Default: 1)
[12/23/2022 8:40:46 PM] [Info] Skipping level config override Zombies.Full_Moon_Experience_Multiplier because server value (5) is not the default (2)
[12/23/2022 8:40:46 PM] [Info] Skipping level config override Zombies.Spawn_Chance because server value (1) is not the default (0.25)
[12/23/2022 8:40:46 PM] [Info] Level overrides config Zombies.Min_Mega_Drops: 1 (Default: 5)
[12/23/2022 8:40:46 PM] [Info] Skipping level config override Zombies.Max_Mega_Drops because server value (10) is not the default (5)
[12/23/2022 8:40:46 PM] [Info] Skipping level config override Zombies.Min_Boss_Drops because server value (5) is not the default (8)
[12/23/2022 8:40:46 PM] [Info] Level overrides config Zombies.Max_Boss_Drops: 1 (Default: 10)
[12/23/2022 8:40:46 PM] [Info] Skipping level config override Zombies.Loot_Chance because server value (1) is not the default (0.5)
[12/23/2022 8:40:46 PM] [Info] Level overrides config Gameplay.Chart: True (Default: False)
[12/23/2022 8:40:46 PM] [Info] Monitoring workshop map 'A6 Polaris' (2898548949) for changes
[12/23/2022 8:40:46 PM] [Info] Loading level: 8%
[12/23/2022 8:40:49 PM] [Info] Loading level: 16%
[12/23/2022 8:40:49 PM] [Info] Loading level: 25%
[12/23/2022 8:40:49 PM] [Info] Loading level: 33%
[12/23/2022 8:40:49 PM] [Info] Loading level: 41%
[12/23/2022 8:40:49 PM] [Info] Loading level: 50%
[12/23/2022 8:40:49 PM] [Info] Loading level: 58%
[12/23/2022 8:40:49 PM] [Info] Loading level: 66%
[12/23/2022 8:40:49 PM] [Info] Loading level: 75%
[12/23/2022 8:40:49 PM] [Info] Loading level: 83%
[12/23/2022 8:40:49 PM] [Info] Loading level: 91%
[12/23/2022 8:40:49 PM] [Info] Loading level: 100%
[12/23/2022 8:43:46 PM] [Error] Failed to find anyone called red.
[12/23/2022 9:05:55 PM] [Info] BattlEye Server: Player #0 Red__Bear (73.253.101.49:57043) connected
[12/23/2022 9:05:56 PM] [Info] BattlEye Server: Player #0 Red__Bear - BE GUID: f4abbf8aa333c3b24b5656c70080f342
[12/23/2022 9:05:56 PM] [Info] Connecting: PlayerID: 76561199035738472 Name: Red__Bear Character: Red__Bear
[12/23/2022 9:05:56 PM] [Info] BattlEye Server: Connected to BE Master
[12/23/2022 9:06:07 PM] [Info] [Group] Red__Bear [Red__Bear]: "/home"
[12/23/2022 9:06:13 PM] [Info] [Group] Red__Bear [Red__Bear]: "/teleport wp"
[12/23/2022 9:06:13 PM] [Info] Successfully teleported Red__Bear to waypoint!
[12/23/2022 9:06:20 PM] [Info] [Group] Red__Bear [Red__Bear]: "/p"
[12/23/2022 9:06:30 PM] [Error] Exception invoking SDG.Unturned.InteractableBed.ReceiveClaimRequest from client steamid:76561199035738472:
[12/23/2022 9:06:32 PM] [Error] Object reference not set to an instance of an object
[12/23/2022 9:06:32 PM] [Error]   at RestoreMonarchy.MoreHomes.Patches.InteractableBed_ReceiveClaimRequest_Patch.ReceiveClaimRequest_Prefix (SDG.Unturned.InteractableBed __instance, SDG.Unturned.ServerInvocationContext& context) [0x000d5] in <c1083bde738642a1802c0bf4335a26c2>:0 
  at (wrapper dynamic-method) SDG.Unturned.InteractableBed.SDG.Unturned.InteractableBed.ReceiveClaimRequest_Patch1(SDG.Unturned.InteractableBed,SDG.Unturned.ServerInvocationContext&)
  at SDG.Unturned.InteractableBed_NetMethods.ReceiveClaimRequest_Read (SDG.Unturned.ServerInvocationContext& context) [0x0002c] in <326a21567897492a8423232d65c99596>:0 
  at SDG.Unturned.ServerMessageHandler_InvokeMethod.ReadMessage (SDG.NetTransport.ITransportConnection transportConnection, SDG.NetPak.NetPakReader reader) [0x00112] in <326a21567897492a8423232d65c99596>:0 
[12/23/2022 9:06:32 PM] [Error] Exception invoking SDG.Unturned.InteractableBed.ReceiveClaimRequest from client steamid:76561199035738472:
[12/23/2022 9:06:32 PM] [Error] Object reference not set to an instance of an object
[12/23/2022 9:06:32 PM] [Error]   at RestoreMonarchy.MoreHomes.Patches.InteractableBed_ReceiveClaimRequest_Patch.ReceiveClaimRequest_Prefix (SDG.Unturned.InteractableBed __instance, SDG.Unturned.ServerInvocationContext& context) [0x000d5] in <c1083bde738642a1802c0bf4335a26c2>:0 
  at (wrapper dynamic-method) SDG.Unturned.InteractableBed.SDG.Unturned.InteractableBed.ReceiveClaimRequest_Patch1(SDG.Unturned.InteractableBed,SDG.Unturned.ServerInvocationContext&)
  at SDG.Unturned.InteractableBed_NetMethods.ReceiveClaimRequest_Read (SDG.Unturned.ServerInvocationContext& context) [0x0002c] in <326a21567897492a8423232d65c99596>:0 
  at SDG.Unturned.ServerMessageHandler_InvokeMethod.ReadMessage (SDG.NetTransport.ITransportConnection transportConnection, SDG.NetPak.NetPakReader reader) [0x00112] in <326a21567897492a8423232d65c99596>:0 
[12/23/2022 9:06:34 PM] [Error] Exception invoking SDG.Unturned.InteractableBed.ReceiveClaimRequest from client steamid:76561199035738472:
[12/23/2022 9:06:34 PM] [Error] Object reference not set to an instance of an object
[12/23/2022 9:06:34 PM] [Error]   at RestoreMonarchy.MoreHomes.Patches.InteractableBed_ReceiveClaimRequest_Patch.ReceiveClaimRequest_Prefix (SDG.Unturned.InteractableBed __instance, SDG.Unturned.ServerInvocationContext& context) [0x000d5] in <c1083bde738642a1802c0bf4335a26c2>:0 
  at (wrapper dynamic-method) SDG.Unturned.InteractableBed.SDG.Unturned.InteractableBed.ReceiveClaimRequest_Patch1(SDG.Unturned.InteractableBed,SDG.Unturned.ServerInvocationContext&)
  at SDG.Unturned.InteractableBed_NetMethods.ReceiveClaimRequest_Read (SDG.Unturned.ServerInvocationContext& context) [0x0002c] in <326a21567897492a8423232d65c99596>:0 
  at SDG.Unturned.ServerMessageHandler_InvokeMethod.ReadMessage (SDG.NetTransport.ITransportConnection transportConnection, SDG.NetPak.NetPakReader reader) [0x00112] in <326a21567897492a8423232d65c99596>:0 
[12/23/2022 9:06:35 PM] [Error] Exception invoking SDG.Unturned.InteractableBed.ReceiveClaimRequest from client steamid:76561199035738472:
[12/23/2022 9:06:35 PM] [Error] Object reference not set to an instance of an object
[12/23/2022 9:06:35 PM] [Error]   at RestoreMonarchy.MoreHomes.Patches.InteractableBed_ReceiveClaimRequest_Patch.ReceiveClaimRequest_Prefix (SDG.Unturned.InteractableBed __instance, SDG.Unturned.ServerInvocationContext& context) [0x000d5] in <c1083bde738642a1802c0bf4335a26c2>:0 
  at (wrapper dynamic-method) SDG.Unturned.InteractableBed.SDG.Unturned.InteractableBed.ReceiveClaimRequest_Patch1(SDG.Unturned.InteractableBed,SDG.Unturned.ServerInvocationContext&)
  at SDG.Unturned.InteractableBed_NetMethods.ReceiveClaimRequest_Read (SDG.Unturned.ServerInvocationContext& context) [0x0002c] in <326a21567897492a8423232d65c99596>:0 
  at SDG.Unturned.ServerMessageHandler_InvokeMethod.ReadMessage (SDG.NetTransport.ITransportConnection transportConnection, SDG.NetPak.NetPakReader reader) [0x00112] in <326a21567897492a8423232d65c99596>:0 
[12/23/2022 9:06:37 PM] [Info] [Group] Red__Bear [Red__Bear]: "/home"
[12/23/2022 9:06:38 PM] [Error] Exception invoking SDG.Unturned.InteractableBed.ReceiveClaimRequest from client steamid:76561199035738472:
[12/23/2022 9:06:38 PM] [Error] Object reference not set to an instance of an object
[12/23/2022 9:06:38 PM] [Error]   at RestoreMonarchy.MoreHomes.Patches.InteractableBed_ReceiveClaimRequest_Patch.ReceiveClaimRequest_Prefix (SDG.Unturned.InteractableBed __instance, SDG.Unturned.ServerInvocationContext& context) [0x000d5] in <c1083bde738642a1802c0bf4335a26c2>:0 
  at (wrapper dynamic-method) SDG.Unturned.InteractableBed.SDG.Unturned.InteractableBed.ReceiveClaimRequest_Patch1(SDG.Unturned.InteractableBed,SDG.Unturned.ServerInvocationContext&)
  at SDG.Unturned.InteractableBed_NetMethods.ReceiveClaimRequest_Read (SDG.Unturned.ServerInvocationContext& context) [0x0002c] in <326a21567897492a8423232d65c99596>:0 
  at SDG.Unturned.ServerMessageHandler_InvokeMethod.ReadMessage (SDG.NetTransport.ITransportConnection transportConnection, SDG.NetPak.NetPakReader reader) [0x00112] in <326a21567897492a8423232d65c99596>:0 
[12/23/2022 9:06:47 PM] [Info] [Group] Red__Bear [Red__Bear]: "/homes"
[12/23/2022 9:09:56 PM] [Info] [Group] Red__Bear [Red__Bear]: "/exit"
[12/23/2022 9:09:56 PM] [Info] BattlEye Server: Player #0 Red__Bear disconnected
[12/23/2022 9:20:51 PM] [Info] 
[unloading] Teleportation
