[12/16/2022 4:59:05 PM] [Info] [registered] /more (Rocket.Unturned.Commands.CommandMore/more)
[12/16/2022 4:59:05 PM] [Info] [registered] /admin (Rocket.Unturned.Commands.CommandAdmin/admin)
[12/16/2022 4:59:05 PM] [Info] [registered] /broadcast (Rocket.Unturned.Commands.CommandBroadcast/broadcast)
[12/16/2022 4:59:12 PM] [Info] [registered] /compass (Rocket.Unturned.Commands.CommandCompass/compass)
[12/16/2022 4:59:12 PM] [Info] [registered] /effect (Rocket.Unturned.Commands.CommandEffect/effect)
[12/16/2022 4:59:12 PM] [Info] [registered] /exit (Rocket.Unturned.Commands.CommandExit/exit)
[12/16/2022 4:59:12 PM] [Info] [registered] /god (Rocket.Unturned.Commands.CommandGod/god)
[12/16/2022 4:59:12 PM] [Info] [registered] /heal (Rocket.Unturned.Commands.CommandHeal/heal)
[12/16/2022 4:59:12 PM] [Info] [registered] /help (Rocket.Unturned.Commands.CommandHelp/help)
[12/16/2022 4:59:12 PM] [Info] [registered] /home (Rocket.Unturned.Commands.CommandHome/home)
[12/16/2022 4:59:12 PM] [Info] [registered] /i (Rocket.Unturned.Commands.CommandI/i)
[12/16/2022 4:59:12 PM] [Info] [registered] /item (Rocket.Unturned.Commands.CommandI/item)
[12/16/2022 4:59:12 PM] [Info] [registered] /investigate (Rocket.Unturned.Commands.CommandInvestigate/investigate)
[12/16/2022 4:59:12 PM] [Info] [registered] /p (Rocket.Unturned.Commands.CommandP/p)
[12/16/2022 4:59:12 PM] [Info] [registered] /permissions (Rocket.Unturned.Commands.CommandP/permissions)
[12/16/2022 4:59:12 PM] [Info] [registered] /rocket (Rocket.Unturned.Commands.CommandRocket/rocket)
[12/16/2022 4:59:12 PM] [Info] [registered] /tp (Rocket.Unturned.Commands.CommandTp/tp)
[12/16/2022 4:59:12 PM] [Info] [registered] /tphere (Rocket.Unturned.Commands.CommandTphere/tphere)
[12/16/2022 4:59:12 PM] [Info] [registered] /unadmin (Rocket.Unturned.Commands.CommandUnadmin/unadmin)
[12/16/2022 4:59:12 PM] [Info] [registered] /v (Rocket.Unturned.Commands.CommandV/v)
[12/16/2022 4:59:12 PM] [Info] [registered] /vanish (Rocket.Unturned.Commands.CommandVanish/vanish)
[12/16/2022 4:59:12 PM] [Info] Loading Feli.RocketMod.JoinLeaveMessages from C:\Program Files (x86)\Steam\steamapps\common\U3DS\Servers\MyServer\Rocket\Plugins\Feli.RocketMod.JoinLeaveMessages.dll
[12/16/2022 4:59:12 PM] [Info] Loading Feli.RocketMod.Teleporting from C:\Program Files (x86)\Steam\steamapps\common\U3DS\Servers\MyServer\Rocket\Plugins\Feli.RocketMod.Teleporting.dll
[12/16/2022 4:59:12 PM] [Info] Loading GarageLite from C:\Program Files (x86)\Steam\steamapps\common\U3DS\Servers\MyServer\Rocket\Plugins\GarageLite.dll
[12/16/2022 4:59:12 PM] [Info] Loading InfiniteEnergy from C:\Program Files (x86)\Steam\steamapps\common\U3DS\Servers\MyServer\Rocket\Plugins\InfiniteEnergy.dll
[12/16/2022 4:59:12 PM] [Info] Loading MoreHomes from C:\Program Files (x86)\Steam\steamapps\common\U3DS\Servers\MyServer\Rocket\Plugins\MoreHomes.dll
[12/16/2022 4:59:12 PM] [Info] Loading ReponseMod_HiddenName from C:\Program Files (x86)\Steam\steamapps\common\U3DS\Servers\MyServer\Rocket\Plugins\ReponseMod_HiddenName.dll
[12/16/2022 4:59:12 PM] [Info] Loading uEssentials from C:\Program Files (x86)\Steam\steamapps\common\U3DS\Servers\MyServer\Rocket\Plugins\uEssentials.dll
[12/16/2022 4:59:13 PM] [Error] Invalid or outdated plugin assembly: Assembly-CSharp-firstpass
[12/16/2022 4:59:13 PM] [Error] Invalid or outdated plugin assembly: Assembly-CSharp
[12/16/2022 4:59:13 PM] [Error] Invalid or outdated plugin assembly: Rocket.API
[12/16/2022 4:59:13 PM] [Error] Invalid or outdated plugin assembly: Rocket.Core
[12/16/2022 4:59:13 PM] [Error] Invalid or outdated plugin assembly: Rocket.Unturned
[12/16/2022 4:59:13 PM] [Error] Invalid or outdated plugin assembly: UnityEngine.CoreModule
[12/16/2022 4:59:13 PM] [Error] Invalid or outdated plugin assembly: UnityEngine
[12/16/2022 4:59:13 PM] [Error] Invalid or outdated plugin assembly: Newtonsoft.Json
[12/16/2022 4:59:13 PM] [Info] 
[loading] Feli.RocketMod.JoinLeaveMessages
[12/16/2022 4:59:13 PM] [Info] Feli.RocketMod.JoinLeaveMessages >> JoinLeaveMessages plugin v1.0.2 loaded !
[12/16/2022 4:59:13 PM] [Info] Feli.RocketMod.JoinLeaveMessages >> Do you want more cool plugins? Join now: https://discord.gg/4FF2548 !
[12/16/2022 4:59:13 PM] [Info] 
[loading] Feli.RocketMod.Teleporting
[12/16/2022 4:59:13 PM] [Info] [registered] /tpa (Feli.RocketMod.Teleporting.Commands.TpaCommand/tpa)
[12/16/2022 4:59:13 PM] [Info] [registered] /tpr (Feli.RocketMod.Teleporting.Commands.TpaCommand/tpr)
[12/16/2022 4:59:13 PM] [Info] Feli.RocketMod.Teleporting >> Teleporting plugin v1.6.4 loaded !
[12/16/2022 4:59:13 PM] [Info] Feli.RocketMod.Teleporting >> Do you want more cool plugins? Join now: https://discord.gg/4FF2548 !
[12/16/2022 4:59:13 PM] [Info] Feli.RocketMod.Teleporting >> Economy Provider: ExperienceEconomyProvider
[12/16/2022 4:59:13 PM] [Info] 
[loading] GarageLite
[12/16/2022 4:59:13 PM] [Info] [registered] /gadd (GarageLite.Code/gadd)
[12/16/2022 4:59:13 PM] [Info] [registered] /garageadd (GarageLite.Code/garageadd)
[12/16/2022 4:59:13 PM] [Info] [registered] /vadd (GarageLite.Code/vadd)
[12/16/2022 4:59:13 PM] [Info] [registered] /glist (GarageLite.Vlist/glist)
[12/16/2022 4:59:13 PM] [Info] [registered] /garagelist (GarageLite.Vlist/garagelist)
[12/16/2022 4:59:13 PM] [Info] [registered] /vlist (GarageLite.Vlist/vlist)
[12/16/2022 4:59:13 PM] [Info] [registered] /gretrieve (GarageLite.Vretrieve/gretrieve)
[12/16/2022 4:59:13 PM] [Info] [registered] /garageretrieve (GarageLite.Vretrieve/garageretrieve)
[12/16/2022 4:59:13 PM] [Info] [registered] /vretrieve (GarageLite.Vretrieve/vretrieve)
[12/16/2022 4:59:13 PM] [Warning] ++++++++++++++++++++++++++++++++++++++
[12/16/2022 4:59:13 PM] [Warning] [GarageLite] has been loaded!
[12/16/2022 4:59:13 PM] [Warning] Dev: MQS#7816
[12/16/2022 4:59:13 PM] [Warning] Join this Discord for Support: https://discord.gg/Ssbpd9cvgp
[12/16/2022 4:59:13 PM] [Warning] ++++++++++++++++++++++++++++++++++++++
[12/16/2022 4:59:13 PM] [Info] 
[loading] InfiniteEnergy
[12/16/2022 4:59:13 PM] [Error] Could not find dependency: 0Harmony, Version=2.1.1.0, Culture=neutral, PublicKeyToken=null
[12/16/2022 4:59:13 PM] [Error] Could not find dependency: 0Harmony, Version=2.1.1.0, Culture=neutral, PublicKeyToken=null
[12/16/2022 4:59:13 PM] [Info] 
[loading] ReponseMod_HiddenName
[12/16/2022 4:59:13 PM] [Info] 
[loading] uEssentials
[12/16/2022 4:59:13 PM] [Error] Failed to load uEssentials, unloading now... :System.MissingMethodException: SDG.Unturned.ConsoleInput SDG.Unturned.CommandWindow.get_input()
  at Rocket.Core.Plugins.RocketPlugin.LoadPlugin () [0x00033] in <59a13feb721848c8b0cd173f6d0e820b>:0 
[12/16/2022 4:59:13 PM] [Info] 
[unloading] uEssentials
[12/16/2022 4:59:13 PM] [Error] Failed to unload uEssentials:System.MissingMethodException: SDG.Unturned.ConsoleInput SDG.Unturned.CommandWindow.get_input()
  at Rocket.Core.Plugins.RocketPlugin.UnloadPlugin (Rocket.API.PluginState state) [0x0003b] in <59a13feb721848c8b0cd173f6d0e820b>:0 
  at Rocket.Core.Plugins.RocketPlugin.LoadPlugin () [0x0005c] in <59a13feb721848c8b0cd173f6d0e820b>:0 
[12/16/2022 4:59:13 PM] [Info] This server will automatically save every 1800 seconds
[12/16/2022 4:59:13 PM] [Info] Steam servers ready!
[12/16/2022 4:59:13 PM] [Info] Workshop install folder: C:\Program Files (x86)\Steam\steamapps\common\U3DS/Servers/MyServer/Workshop/Steam
[12/16/2022 4:59:13 PM] [Info] 1 workshop item(s) requested
[12/16/2022 4:59:13 PM] [Info] Submitting workshop query for 1 item(s)...
[12/16/2022 4:59:13 PM] [Info] Workshop query yielded 1 result(s)
[12/16/2022 4:59:13 PM] [Info] This server's allowed IP for Workshop downloads: 73.253.101.49
[12/16/2022 4:59:13 PM] [Info] 2898548949 'A6 Polaris' queued for download
[12/16/2022 4:59:13 PM] [Info] 1 workshop item(s) to download...
[12/16/2022 4:59:13 PM] [Info] Workshop item found in cache: 2898548949
[12/16/2022 4:59:13 PM] [Info] Installing workshop item: 2898548949
[12/16/2022 4:59:21 PM] [Info] Installed workshop item: 2898548949
[12/16/2022 4:59:21 PM] [Info] Skipping level config override Animals.Max_Instances_Medium because server value (50) is not the default (16)
[12/16/2022 4:59:21 PM] [Info] Skipping level config override Items.Quality_Full_Chance because server value (1) is not the default (0.1)
[12/16/2022 4:59:21 PM] [Info] Level overrides config Barricades.Allow_Item_Placement_On_Vehicle: False (Default: True)
[12/16/2022 4:59:21 PM] [Info] Level overrides config Barricades.Allow_Trap_Placement_On_Vehicle: False (Default: True)
[12/16/2022 4:59:21 PM] [Info] Skipping level config override Barricades.Gun_Lowcal_Damage_Multiplier because server value (0.5) is not the default (1)
[12/16/2022 4:59:21 PM] [Info] Skipping level config override Barricades.Gun_Highcal_Damage_Multiplier because server value (2) is not the default (1)
[12/16/2022 4:59:21 PM] [Info] Level overrides config Barricades.Armor_Lowtier_Multiplier: 1 (Default: 1)
[12/16/2022 4:59:21 PM] [Info] Level overrides config Barricades.Armor_Hightier_Multiplier: 1 (Default: 0.5)
[12/16/2022 4:59:21 PM] [Info] Skipping level config override Structures.Gun_Lowcal_Damage_Multiplier because server value (0.5) is not the default (1)
[12/16/2022 4:59:21 PM] [Info] Skipping level config override Structures.Gun_Highcal_Damage_Multiplier because server value (2) is not the default (1)
[12/16/2022 4:59:21 PM] [Info] Level overrides config Structures.Armor_Lowtier_Multiplier: 1 (Default: 1)
[12/16/2022 4:59:21 PM] [Info] Level overrides config Structures.Armor_Hightier_Multiplier: 1 (Default: 0.5)
[12/16/2022 4:59:21 PM] [Info] Skipping level config override Structures.Melee_Damage_Multiplier because server value (0.5) is not the default (1)
[12/16/2022 4:59:21 PM] [Info] Skipping level config override Structures.Melee_Repair_Multiplier because server value (2) is not the default (1)
[12/16/2022 4:59:21 PM] [Info] Skipping level config override Events.Airdrop_Speed because server value (0) is not the default (128)
[12/16/2022 4:59:21 PM] [Info] Skipping level config override Events.Airdrop_Force because server value (0) is not the default (9.5)
[12/16/2022 4:59:21 PM] [Info] Skipping level config override Vehicles.Gun_Lowcal_Damage_Multiplier because server value (0.5) is not the default (1)
[12/16/2022 4:59:21 PM] [Info] Skipping level config override Vehicles.Melee_Damage_Multiplier because server value (0.5) is not the default (1)
[12/16/2022 4:59:21 PM] [Info] Skipping level config override Vehicles.Min_Battery_Charge because server value (1) is not the default (0.5)
[12/16/2022 4:59:21 PM] [Info] Skipping level config override Vehicles.Max_Battery_Charge because server value (1) is not the default (0.75)
[12/16/2022 4:59:21 PM] [Info] Skipping level config override Vehicles.Has_Battery_Chance because server value (1) is not the default (0.8)
[12/16/2022 4:59:21 PM] [Info] Skipping level config override Vehicles.Max_Instances_Medium because server value (40) is not the default (16)
[12/16/2022 4:59:21 PM] [Info] Level overrides config Vehicles.Armor_Multiplier: 0.375 (Default: 1)
[12/16/2022 4:59:21 PM] [Info] Level overrides config Players.Experience_Multiplier: 1 (Default: 1)
[12/16/2022 4:59:21 PM] [Info] Skipping level config override Players.Lose_Skills_PvP because server value (1) is not the default (0.75)
[12/16/2022 4:59:21 PM] [Info] Skipping level config override Players.Lose_Skills_PvE because server value (1) is not the default (0.75)
[12/16/2022 4:59:21 PM] [Info] Skipping level config override Players.Virus_Infect because server value (90) is not the default (50)
[12/16/2022 4:59:21 PM] [Info] Level overrides config Zombies.Armor_Multiplier: 1 (Default: 1)
[12/16/2022 4:59:21 PM] [Info] Skipping level config override Zombies.Full_Moon_Experience_Multiplier because server value (5) is not the default (2)
[12/16/2022 4:59:21 PM] [Info] Skipping level config override Zombies.Spawn_Chance because server value (1) is not the default (0.25)
[12/16/2022 4:59:21 PM] [Info] Skipping level config override Zombies.Min_Mega_Drops because server value (10) is not the default (5)
[12/16/2022 4:59:21 PM] [Info] Skipping level config override Zombies.Max_Mega_Drops because server value (20) is not the default (5)
[12/16/2022 4:59:21 PM] [Info] Skipping level config override Zombies.Min_Boss_Drops because server value (30) is not the default (8)
[12/16/2022 4:59:21 PM] [Info] Skipping level config override Zombies.Max_Boss_Drops because server value (50) is not the default (10)
[12/16/2022 4:59:21 PM] [Info] Skipping level config override Zombies.Loot_Chance because server value (1) is not the default (0.5)
[12/16/2022 4:59:21 PM] [Info] Level overrides config Gameplay.Chart: True (Default: False)
[12/16/2022 4:59:21 PM] [Info] Monitoring workshop map 'A6 Polaris' (2898548949) for changes
[12/16/2022 4:59:21 PM] [Info] Loading level: 8%
[12/16/2022 4:59:24 PM] [Info] Loading level: 16%
[12/16/2022 4:59:24 PM] [Info] Loading level: 25%
[12/16/2022 4:59:24 PM] [Info] Loading level: 33%
[12/16/2022 4:59:24 PM] [Info] Loading level: 41%
[12/16/2022 4:59:24 PM] [Info] Loading level: 50%
[12/16/2022 4:59:24 PM] [Info] Loading level: 58%
[12/16/2022 4:59:24 PM] [Info] Loading level: 66%
[12/16/2022 4:59:24 PM] [Info] Loading level: 75%
[12/16/2022 4:59:24 PM] [Info] Loading level: 83%
[12/16/2022 4:59:24 PM] [Info] Loading level: 91%
[12/16/2022 4:59:24 PM] [Info] Loading level: 100%
