[12/10/2022 12:35:15 PM] [Info] [registered] /more (Rocket.Unturned.Commands.CommandMore/more)
[12/10/2022 12:35:15 PM] [Info] [registered] /admin (Rocket.Unturned.Commands.CommandAdmin/admin)
[12/10/2022 12:35:15 PM] [Info] [registered] /broadcast (Rocket.Unturned.Commands.CommandBroadcast/broadcast)
[12/10/2022 12:35:15 PM] [Info] [registered] /compass (Rocket.Unturned.Commands.CommandCompass/compass)
[12/10/2022 12:35:15 PM] [Info] [registered] /effect (Rocket.Unturned.Commands.CommandEffect/effect)
[12/10/2022 12:35:15 PM] [Info] [registered] /exit (Rocket.Unturned.Commands.CommandExit/exit)
[12/10/2022 12:35:15 PM] [Info] [registered] /god (Rocket.Unturned.Commands.CommandGod/god)
[12/10/2022 12:35:15 PM] [Info] [registered] /heal (Rocket.Unturned.Commands.CommandHeal/heal)
[12/10/2022 12:35:15 PM] [Info] [registered] /help (Rocket.Unturned.Commands.CommandHelp/help)
[12/10/2022 12:35:15 PM] [Info] [registered] /home (Rocket.Unturned.Commands.CommandHome/home)
[12/10/2022 12:35:15 PM] [Info] [registered] /i (Rocket.Unturned.Commands.CommandI/i)
[12/10/2022 12:35:15 PM] [Info] [registered] /item (Rocket.Unturned.Commands.CommandI/item)
[12/10/2022 12:35:15 PM] [Info] [registered] /investigate (Rocket.Unturned.Commands.CommandInvestigate/investigate)
[12/10/2022 12:35:15 PM] [Info] [registered] /p (Rocket.Unturned.Commands.CommandP/p)
[12/10/2022 12:35:15 PM] [Info] [registered] /permissions (Rocket.Unturned.Commands.CommandP/permissions)
[12/10/2022 12:35:15 PM] [Info] [registered] /rocket (Rocket.Unturned.Commands.CommandRocket/rocket)
[12/10/2022 12:35:15 PM] [Info] [registered] /tp (Rocket.Unturned.Commands.CommandTp/tp)
[12/10/2022 12:35:15 PM] [Info] [registered] /tphere (Rocket.Unturned.Commands.CommandTphere/tphere)
[12/10/2022 12:35:15 PM] [Info] [registered] /unadmin (Rocket.Unturned.Commands.CommandUnadmin/unadmin)
[12/10/2022 12:35:15 PM] [Info] [registered] /v (Rocket.Unturned.Commands.CommandV/v)
[12/10/2022 12:35:15 PM] [Info] [registered] /vanish (Rocket.Unturned.Commands.CommandVanish/vanish)
[12/10/2022 12:35:15 PM] [Info] Loading uEssentials from C:\Program Files (x86)\Steam\steamapps\common\U3DS\Servers\MyServer\Rocket\Plugins\uEssentials.dll
[12/10/2022 12:35:15 PM] [Error] Invalid or outdated plugin assembly: Assembly-CSharp-firstpass
[12/10/2022 12:35:16 PM] [Error] Invalid or outdated plugin assembly: Assembly-CSharp
[12/10/2022 12:35:16 PM] [Error] Invalid or outdated plugin assembly: Rocket.API
[12/10/2022 12:35:16 PM] [Error] Invalid or outdated plugin assembly: Rocket.Core
[12/10/2022 12:35:16 PM] [Error] Invalid or outdated plugin assembly: Rocket.Unturned
[12/10/2022 12:35:16 PM] [Error] Invalid or outdated plugin assembly: UnityEngine.CoreModule
[12/10/2022 12:35:16 PM] [Error] Invalid or outdated plugin assembly: UnityEngine
[12/10/2022 12:35:16 PM] [Error] Invalid or outdated plugin assembly: Newtonsoft.Json
[12/10/2022 12:35:16 PM] [Info] 
[loading] uEssentials
[12/10/2022 12:35:16 PM] [Error] Failed to load uEssentials, unloading now... :System.MissingMethodException: SDG.Unturned.ConsoleInput SDG.Unturned.CommandWindow.get_input()
  at Rocket.Core.Plugins.RocketPlugin.LoadPlugin () [0x00033] in <59a13feb721848c8b0cd173f6d0e820b>:0 
[12/10/2022 12:35:16 PM] [Info] 
[unloading] uEssentials
[12/10/2022 12:35:16 PM] [Error] Failed to unload uEssentials:System.MissingMethodException: SDG.Unturned.ConsoleInput SDG.Unturned.CommandWindow.get_input()
  at Rocket.Core.Plugins.RocketPlugin.UnloadPlugin (Rocket.API.PluginState state) [0x0003b] in <59a13feb721848c8b0cd173f6d0e820b>:0 
  at Rocket.Core.Plugins.RocketPlugin.LoadPlugin () [0x0005c] in <59a13feb721848c8b0cd173f6d0e820b>:0 
[12/10/2022 12:35:16 PM] [Info] This server will automatically save every 1800 seconds
[12/10/2022 12:35:16 PM] [Info] Steam servers ready!
[12/10/2022 12:35:16 PM] [Info] Workshop install folder: C:\Program Files (x86)\Steam\steamapps\common\U3DS/Servers/MyServer/Workshop/Steam
[12/10/2022 12:35:16 PM] [Info] 1 workshop item(s) requested
[12/10/2022 12:35:16 PM] [Info] Submitting workshop query for 1 item(s)...
[12/10/2022 12:35:16 PM] [Info] Workshop query yielded 1 result(s)
[12/10/2022 12:35:16 PM] [Info] This server's allowed IP for Workshop downloads: 73.253.101.49
[12/10/2022 12:35:16 PM] [Info] 2899517511 'LFO Mods' has 15 children
[12/10/2022 12:35:16 PM] [Info] 	1905768396
[12/10/2022 12:35:16 PM] [Info] 	1232252658
[12/10/2022 12:35:16 PM] [Info] 	2528363491
[12/10/2022 12:35:16 PM] [Info] 	2309977886
[12/10/2022 12:35:16 PM] [Info] 	2407744519
[12/10/2022 12:35:16 PM] [Info] 	2407742380
[12/10/2022 12:35:16 PM] [Info] 	1959614756
[12/10/2022 12:35:16 PM] [Info] 	1727733956
[12/10/2022 12:35:16 PM] [Info] 	2069342497
[12/10/2022 12:35:16 PM] [Info] 	2463099029
[12/10/2022 12:35:16 PM] [Info] 	2519307620
[12/10/2022 12:35:16 PM] [Info] 	1717095606
[12/10/2022 12:35:16 PM] [Info] 	2796081018
[12/10/2022 12:35:16 PM] [Info] 	2427849541
[12/10/2022 12:35:16 PM] [Info] 	2454681372
[12/10/2022 12:35:16 PM] [Info] Submitting workshop query for 15 item(s)...
[12/10/2022 12:35:16 PM] [Info] Workshop query yielded 15 result(s)
[12/10/2022 12:35:16 PM] [Info] This server's allowed IP for Workshop downloads: 73.253.101.49
[12/10/2022 12:35:16 PM] [Info] 1905768396 'California' queued for download
[12/10/2022 12:35:16 PM] [Info] 1232252658 'More Farming Mod' queued for download
[12/10/2022 12:35:16 PM] [Info] 2528363491 'Wind Vehicles' queued for download
[12/10/2022 12:35:16 PM] [Info] 2309977886 'Wind Cars 2.0' queued for download
[12/10/2022 12:35:16 PM] [Info] 2407744519 'Uncreated Vehicles' queued for download
[12/10/2022 12:35:16 PM] [Info] 2407742380 'Uncreated Clothes' queued for download
[12/10/2022 12:35:16 PM] [Info] 1959614756 'The Far East Conflict | Nordic Studios™ | Nordic Armory 3.0 [3.28+]' queued for download
[12/10/2022 12:35:16 PM] [Info] 1727733956 'Pento's Tactical Apparel' queued for download
[12/10/2022 12:35:16 PM] [Info] Authorized to download 2069342497 'Survivor's Expansion'
[12/10/2022 12:35:16 PM] [Info] 2069342497 'Survivor's Expansion' queued for download
[12/10/2022 12:35:16 PM] [Info] 2463099029 'A.C.M.S. Unturnov Armors | WIP version 1.1.2' queued for download
[12/10/2022 12:35:16 PM] [Info] 2519307620 'Medicals of Unturnov II | WIP version 1.0.1' queued for download
[12/10/2022 12:35:16 PM] [Info] 1717095606 'Creator Tools' queued for download
[12/10/2022 12:35:16 PM] [Info] 2796081018 'Nordic Compatable Arid' queued for download
[12/10/2022 12:35:16 PM] [Info] 2427849541 'Dark Valley' queued for download
[12/10/2022 12:35:16 PM] [Info] 2427849541 'Dark Valley' has 9 children
[12/10/2022 12:35:16 PM] [Info] 	1232252658 (already queued)
[12/10/2022 12:35:16 PM] [Info] 	1727733956 (already queued)
[12/10/2022 12:35:16 PM] [Info] 	1905768396 (already queued)
[12/10/2022 12:35:16 PM] [Info] 	1959614756 (already queued)
[12/10/2022 12:35:16 PM] [Info] 	1975500516
[12/10/2022 12:35:16 PM] [Info] 	2069342497 (already queued)
[12/10/2022 12:35:16 PM] [Info] 	2272965541
[12/10/2022 12:35:16 PM] [Info] 	2309977886 (already queued)
[12/10/2022 12:35:16 PM] [Info] 	2528363491 (already queued)
[12/10/2022 12:35:16 PM] [Info] 2454681372 'Raum's Lockers' queued for download
[12/10/2022 12:35:16 PM] [Info] Submitting workshop query for 2 item(s)...
[12/10/2022 12:35:16 PM] [Info] Workshop query yielded 2 result(s)
[12/10/2022 12:36:20 PM] [Info] This server's allowed IP for Workshop downloads: 73.253.101.49
[12/10/2022 12:36:20 PM] [Info] 1975500516 '[Official] France (Updated June 2021)' queued for download
[12/10/2022 12:36:20 PM] [Warning] Not authorized in the IP whitelist for 2272965541 'RageLess Network Lockers'
[12/10/2022 12:36:20 PM] [Info] 16 workshop item(s) to download...
[12/10/2022 12:36:20 PM] [Info] Workshop item found in cache: 1905768396
[12/10/2022 12:36:20 PM] [Info] Installing workshop item: 1905768396
[12/10/2022 12:36:20 PM] [Info] Installed workshop item: 1905768396
[12/10/2022 12:36:20 PM] [Info] Workshop item found in cache: 1232252658
[12/10/2022 12:36:20 PM] [Info] Installing workshop item: 1232252658
[12/10/2022 12:36:20 PM] [Info] Installed workshop item: 1232252658
[12/10/2022 12:36:20 PM] [Info] Workshop item found in cache: 2528363491
[12/10/2022 12:36:20 PM] [Info] Installing workshop item: 2528363491
[12/10/2022 12:36:20 PM] [Info] Installed workshop item: 2528363491
[12/10/2022 12:36:20 PM] [Info] Workshop item found in cache: 2309977886
[12/10/2022 12:36:20 PM] [Info] Installing workshop item: 2309977886
[12/10/2022 12:36:20 PM] [Info] Installed workshop item: 2309977886
[12/10/2022 12:36:20 PM] [Info] Workshop item found in cache: 2407744519
[12/10/2022 12:36:20 PM] [Info] Installing workshop item: 2407744519
[12/10/2022 12:36:20 PM] [Info] Installed workshop item: 2407744519
[12/10/2022 12:36:20 PM] [Info] Workshop item found in cache: 2407742380
[12/10/2022 12:36:20 PM] [Info] Installing workshop item: 2407742380
[12/10/2022 12:36:20 PM] [Info] Installed workshop item: 2407742380
[12/10/2022 12:36:20 PM] [Info] Workshop item found in cache: 1959614756
[12/10/2022 12:36:20 PM] [Info] Installing workshop item: 1959614756
[12/10/2022 12:36:20 PM] [Error] Exception has been thrown by the target of an invocation.
[12/10/2022 12:36:20 PM] [Error]   at System.Reflection.MonoCMethod.InternalInvoke (System.Object obj, System.Object[] parameters) [0x00014] in <695d1cc93cca45069c528c15c9fdd749>:0 
  at System.Reflection.MonoCMethod.DoInvoke (System.Object obj, System.Reflection.BindingFlags invokeAttr, System.Reflection.Binder binder, System.Object[] parameters, System.Globalization.CultureInfo culture) [0x0007a] in <695d1cc93cca45069c528c15c9fdd749>:0 
  at System.Reflection.MonoCMethod.Invoke (System.Reflection.BindingFlags invokeAttr, System.Reflection.Binder binder, System.Object[] parameters, System.Globalization.CultureInfo culture) [0x00000] in <695d1cc93cca45069c528c15c9fdd749>:0 
  at System.RuntimeType.CreateInstanceImpl (System.Reflection.BindingFlags bindingAttr, System.Reflection.Binder binder, System.Object[] args, System.Globalization.CultureInfo culture, System.Object[] activationAttributes, System.Threading.StackCrawlMark& stackMark) [0x00213] in <695d1cc93cca45069c528c15c9fdd749>:0 
  at System.Activator.CreateInstance (System.Type type, System.Reflection.BindingFlags bindingAttr, System.Reflection.Binder binder, System.Object[] args, System.Globalization.CultureInfo culture, System.Object[] activationAttributes) [0x00095] in <695d1cc93cca45069c528c15c9fdd749>:0 
  at System.Activator.CreateInstance (System.Type type, System.Object[] args) [0x00000] in <695d1cc93cca45069c528c15c9fdd749>:0 
  at SDG.Unturned.Assets.loadFile (SDG.Unturned.Assets+ScannedFileInfo file) [0x004f6] in <affe003bba9f44acb443d5523a93208c>:0 
[12/10/2022 12:36:20 PM] [Error] Missing effect gameobject
[12/10/2022 12:36:20 PM] [Error]   at SDG.Unturned.EffectAsset..ctor (SDG.Unturned.Bundle bundle, SDG.Unturned.Data data, SDG.Unturned.Local localization, System.UInt16 id) [0x00053] in <affe003bba9f44acb443d5523a93208c>:0 
  at (wrapper managed-to-native) System.Reflection.MonoCMethod.InternalInvoke(System.Reflection.MonoCMethod,object,object[],System.Exception&)
  at System.Reflection.MonoCMethod.InternalInvoke (System.Object obj, System.Object[] parameters) [0x00002] in <695d1cc93cca45069c528c15c9fdd749>:0 
[12/10/2022 12:36:20 PM] [Info] Installed workshop item: 1959614756
[12/10/2022 12:36:20 PM] [Info] Workshop item found in cache: 1727733956
[12/10/2022 12:36:20 PM] [Info] Installing workshop item: 1727733956
[12/10/2022 12:36:20 PM] [Info] Installed workshop item: 1727733956
[12/10/2022 12:36:20 PM] [Info] Workshop item found in cache: 2069342497
[12/10/2022 12:36:20 PM] [Info] Installing workshop item: 2069342497
[12/10/2022 12:36:20 PM] [Info] Installed workshop item: 2069342497
[12/10/2022 12:36:20 PM] [Info] Workshop item found in cache: 2463099029
[12/10/2022 12:36:20 PM] [Info] Installing workshop item: 2463099029
[12/10/2022 12:36:20 PM] [Info] Installed workshop item: 2463099029
[12/10/2022 12:36:20 PM] [Info] Workshop item found in cache: 2519307620
[12/10/2022 12:36:20 PM] [Info] Installing workshop item: 2519307620
[12/10/2022 12:36:20 PM] [Info] Installed workshop item: 2519307620
[12/10/2022 12:36:20 PM] [Info] Workshop item found in cache: 1717095606
[12/10/2022 12:36:20 PM] [Info] Installing workshop item: 1717095606
[12/10/2022 12:36:20 PM] [Info] Installed workshop item: 1717095606
[12/10/2022 12:36:20 PM] [Info] Workshop item found in cache: 2796081018
[12/10/2022 12:36:20 PM] [Info] Installing workshop item: 2796081018
[12/10/2022 12:36:20 PM] [Info] Installed workshop item: 2796081018
[12/10/2022 12:36:20 PM] [Info] Workshop item found in cache: 2427849541
[12/10/2022 12:36:20 PM] [Info] Installing workshop item: 2427849541
[12/10/2022 12:36:20 PM] [Info] Installed workshop item: 2427849541
[12/10/2022 12:36:20 PM] [Info] Workshop item found in cache: 2454681372
[12/10/2022 12:36:20 PM] [Info] Installing workshop item: 2454681372
[12/10/2022 12:36:20 PM] [Info] Installed workshop item: 2454681372
[12/10/2022 12:36:20 PM] [Info] Workshop item found in cache: 1975500516
[12/10/2022 12:36:20 PM] [Info] Installing workshop item: 1975500516
[12/10/2022 12:36:20 PM] [Info] Installed workshop item: 1975500516
[12/10/2022 12:36:20 PM] [Info] Monitoring workshop map 'Dark_Valley' (2427849541) for changes
[12/10/2022 12:36:20 PM] [Error] Navigation bounds count (12) does not match graph count (14) during server load
[12/10/2022 12:36:20 PM] [Info] Loading level: 8%
[12/10/2022 12:36:20 PM] [Error] Object with no asset in region 24, 31: 57041 8df109a1-f748-494f-9230-94a47c2f7c99
[12/10/2022 12:36:20 PM] [Error] Object with no asset in region 24, 31: 57041 8df109a1-f748-494f-9230-94a47c2f7c99
[12/10/2022 12:36:20 PM] [Error] Object with no asset in region 24, 31: 57041 8df109a1-f748-494f-9230-94a47c2f7c99
[12/10/2022 12:36:20 PM] [Error] Object with no asset in region 24, 31: 57041 8df109a1-f748-494f-9230-94a47c2f7c99
[12/10/2022 12:36:20 PM] [Error] Object with no asset in region 24, 31: 57041 8df109a1-f748-494f-9230-94a47c2f7c99
[12/10/2022 12:36:21 PM] [Error] Object with no asset in region 24, 31: 57041 8df109a1-f748-494f-9230-94a47c2f7c99
[12/10/2022 12:36:21 PM] [Error] Object with no asset in region 24, 31: 57041 8df109a1-f748-494f-9230-94a47c2f7c99
[12/10/2022 12:36:21 PM] [Error] Object with no asset in region 24, 31: 57041 8df109a1-f748-494f-9230-94a47c2f7c99
[12/10/2022 12:36:21 PM] [Error] Object with no asset in region 24, 31: 57041 8df109a1-f748-494f-9230-94a47c2f7c99
[12/10/2022 12:36:21 PM] [Error] Object with no asset in region 24, 31: 57041 8df109a1-f748-494f-9230-94a47c2f7c99
[12/10/2022 12:36:21 PM] [Error] Object with no asset in region 24, 31: 57041 8df109a1-f748-494f-9230-94a47c2f7c99
[12/10/2022 12:36:21 PM] [Error] Object with no asset in region 24, 31: 57041 8df109a1-f748-494f-9230-94a47c2f7c99
[12/10/2022 12:36:21 PM] [Error] Object with no asset in region 24, 32: 57041 8df109a1-f748-494f-9230-94a47c2f7c99
[12/10/2022 12:36:21 PM] [Error] Object with no asset in region 24, 32: 57041 8df109a1-f748-494f-9230-94a47c2f7c99
[12/10/2022 12:36:21 PM] [Error] Object with no asset in region 24, 32: 57041 8df109a1-f748-494f-9230-94a47c2f7c99
[12/10/2022 12:36:21 PM] [Error] Object with no asset in region 24, 32: 57041 8df109a1-f748-494f-9230-94a47c2f7c99
[12/10/2022 12:36:21 PM] [Error] Object with no asset in region 24, 32: 57041 8df109a1-f748-494f-9230-94a47c2f7c99
[12/10/2022 12:36:21 PM] [Error] Object with no asset in region 24, 32: 57041 8df109a1-f748-494f-9230-94a47c2f7c99
[12/10/2022 12:36:21 PM] [Error] Object with no asset in region 24, 32: 57041 8df109a1-f748-494f-9230-94a47c2f7c99
[12/10/2022 12:36:21 PM] [Error] Object with no asset in region 25, 24: 30189 71ec574c-9800-4611-9eeb-0b7146d0035e
[12/10/2022 12:36:21 PM] [Error] Object with no asset in region 25, 24: 30189 71ec574c-9800-4611-9eeb-0b7146d0035e
[12/10/2022 12:36:21 PM] [Error] Object with no asset in region 25, 24: 57417 11ade410-d4e7-4e5f-96be-cdd517a45b96
[12/10/2022 12:36:21 PM] [Error] Object with no asset in region 25, 25: 30189 71ec574c-9800-4611-9eeb-0b7146d0035e
[12/10/2022 12:36:21 PM] [Error] Object with no asset in region 25, 25: 30189 71ec574c-9800-4611-9eeb-0b7146d0035e
[12/10/2022 12:36:21 PM] [Error] Object with no asset in region 25, 25: 30189 71ec574c-9800-4611-9eeb-0b7146d0035e
[12/10/2022 12:36:21 PM] [Error] Object with no asset in region 25, 25: 57417 11ade410-d4e7-4e5f-96be-cdd517a45b96
[12/10/2022 12:36:21 PM] [Error] Object with no asset in region 25, 25: 57417 11ade410-d4e7-4e5f-96be-cdd517a45b96
[12/10/2022 12:36:21 PM] [Error] Object with no asset in region 25, 25: 57417 11ade410-d4e7-4e5f-96be-cdd517a45b96
[12/10/2022 12:36:21 PM] [Error] Object with no asset in region 25, 25: 57417 11ade410-d4e7-4e5f-96be-cdd517a45b96
[12/10/2022 12:36:21 PM] [Error] Object with no asset in region 25, 27: 31521 2868eed1-17e9-4654-9e29-4889d2f2b08c
[12/10/2022 12:36:21 PM] [Error] Object with no asset in region 25, 31: 57041 8df109a1-f748-494f-9230-94a47c2f7c99
[12/10/2022 12:36:21 PM] [Error] Object with no asset in region 25, 31: 57041 8df109a1-f748-494f-9230-94a47c2f7c99
[12/10/2022 12:36:21 PM] [Error] Object with no asset in region 25, 31: 57041 8df109a1-f748-494f-9230-94a47c2f7c99
[12/10/2022 12:36:21 PM] [Error] Object with no asset in region 25, 31: 57041 8df109a1-f748-494f-9230-94a47c2f7c99
[12/10/2022 12:36:21 PM] [Error] Object with no asset in region 25, 31: 57041 8df109a1-f748-494f-9230-94a47c2f7c99
[12/10/2022 12:36:21 PM] [Error] Object with no asset in region 25, 31: 57041 8df109a1-f748-494f-9230-94a47c2f7c99
[12/10/2022 12:36:21 PM] [Error] Object with no asset in region 25, 31: 57041 8df109a1-f748-494f-9230-94a47c2f7c99
[12/10/2022 12:36:21 PM] [Error] Object with no asset in region 25, 31: 57041 8df109a1-f748-494f-9230-94a47c2f7c99
[12/10/2022 12:36:21 PM] [Error] Object with no asset in region 25, 31: 57041 8df109a1-f748-494f-9230-94a47c2f7c99
[12/10/2022 12:36:21 PM] [Error] Object with no asset in region 25, 31: 57041 8df109a1-f748-494f-9230-94a47c2f7c99
[12/10/2022 12:36:21 PM] [Error] Object with no asset in region 25, 31: 57041 8df109a1-f748-494f-9230-94a47c2f7c99
[12/10/2022 12:36:21 PM] [Error] Object with no asset in region 25, 31: 57041 8df109a1-f748-494f-9230-94a47c2f7c99
[12/10/2022 12:36:21 PM] [Error] Object with no asset in region 25, 31: 57041 8df109a1-f748-494f-9230-94a47c2f7c99
[12/10/2022 12:36:21 PM] [Error] Object with no asset in region 25, 31: 57041 8df109a1-f748-494f-9230-94a47c2f7c99
[12/10/2022 12:36:21 PM] [Error] Object with no asset in region 25, 31: 57041 8df109a1-f748-494f-9230-94a47c2f7c99
[12/10/2022 12:36:21 PM] [Error] Object with no asset in region 25, 31: 57041 8df109a1-f748-494f-9230-94a47c2f7c99
[12/10/2022 12:36:21 PM] [Error] Object with no asset in region 25, 31: 57041 8df109a1-f748-494f-9230-94a47c2f7c99
[12/10/2022 12:36:21 PM] [Error] Object with no asset in region 25, 31: 57041 8df109a1-f748-494f-9230-94a47c2f7c99
[12/10/2022 12:36:21 PM] [Error] Object with no asset in region 25, 31: 57041 8df109a1-f748-494f-9230-94a47c2f7c99
[12/10/2022 12:36:21 PM] [Error] Object with no asset in region 30, 31: 57418 0393db6c-dba0-4c6c-b624-3c3fceed76e8
[12/10/2022 12:36:21 PM] [Error] Object with no asset in region 30, 36: 57330 82c9a6f8-c852-4485-9a7c-770b5e167eb2
[12/10/2022 12:36:21 PM] [Error] Object with no asset in region 30, 36: 57330 82c9a6f8-c852-4485-9a7c-770b5e167eb2
[12/10/2022 12:36:21 PM] [Error] Object with no asset in region 31, 31: 30181 9139fa6d-8191-412c-b528-c2708937d3dd
[12/10/2022 12:36:21 PM] [Error] Object with no asset in region 31, 31: 30181 9139fa6d-8191-412c-b528-c2708937d3dd
[12/10/2022 12:36:21 PM] [Error] Object with no asset in region 32, 25: 57106 32fec7a2-25aa-4a5d-bea2-c6178afd64a3
[12/10/2022 12:36:21 PM] [Error] Object with no asset in region 32, 26: 57330 82c9a6f8-c852-4485-9a7c-770b5e167eb2
[12/10/2022 12:36:21 PM] [Error] Object with no asset in region 32, 27: 57330 82c9a6f8-c852-4485-9a7c-770b5e167eb2
[12/10/2022 12:36:21 PM] [Error] Object with no asset in region 32, 35: 57405 5ee5d3d6-9b3c-4b8f-a087-592ca586e583
[12/10/2022 12:36:21 PM] [Error] Object with no asset in region 32, 35: 57177 ce6a33c7-1469-4db4-af20-1c82f2f8ab74
[12/10/2022 12:36:21 PM] [Error] Object with no asset in region 34, 38: 45738 991654c4-c6f1-4ef5-ae40-5224d231796e
[12/10/2022 12:36:21 PM] [Error] Object with no asset in region 34, 38: 45740 338c3eff-07d0-44f3-ba73-cdc9a617abb6
[12/10/2022 12:36:21 PM] [Error] Object with no asset in region 34, 38: 30200 77b52027-c985-408a-b606-dd33cf4d5e6e
[12/10/2022 12:36:21 PM] [Error] Object with no asset in region 34, 38: 45739 e5c560ff-6848-4eab-bd57-b30fe11df489
[12/10/2022 12:36:21 PM] [Error] Object with no asset in region 34, 38: 30200 77b52027-c985-408a-b606-dd33cf4d5e6e
[12/10/2022 12:36:21 PM] [Error] Object with no asset in region 34, 38: 30200 77b52027-c985-408a-b606-dd33cf4d5e6e
[12/10/2022 12:36:21 PM] [Error] Object with no asset in region 34, 38: 30200 77b52027-c985-408a-b606-dd33cf4d5e6e
[12/10/2022 12:36:21 PM] [Error] Object with no asset in region 34, 38: 30200 77b52027-c985-408a-b606-dd33cf4d5e6e
[12/10/2022 12:36:21 PM] [Error] Object with no asset in region 34, 38: 30200 77b52027-c985-408a-b606-dd33cf4d5e6e
[12/10/2022 12:36:21 PM] [Error] Object with no asset in region 34, 38: 30200 77b52027-c985-408a-b606-dd33cf4d5e6e
[12/10/2022 12:36:21 PM] [Error] Object with no asset in region 34, 38: 57410 6770f810-f462-42fb-997b-5add7b915146
[12/10/2022 12:36:21 PM] [Error] Object with no asset in region 36, 28: 57421 6fa407f6-b4d1-4c50-9857-2e7af9c5156a
[12/10/2022 12:36:21 PM] [Error] Object with no asset in region 37, 26: 57106 32fec7a2-25aa-4a5d-bea2-c6178afd64a3
[12/10/2022 12:36:21 PM] [Error] Object with no asset in region 38, 32: 57122 4cb9a98c-64fa-4cdc-92d0-3fe3647dd33a
[12/10/2022 12:36:21 PM] [Error] Object with no asset in region 38, 32: 57122 4cb9a98c-64fa-4cdc-92d0-3fe3647dd33a
[12/10/2022 12:36:21 PM] [Error] Object with no asset in region 38, 32: 57177 ce6a33c7-1469-4db4-af20-1c82f2f8ab74
[12/10/2022 12:36:21 PM] [Error] Object with no asset in region 38, 32: 57105 22966d67-8661-481b-995f-190b4bbdb761
[12/10/2022 12:36:21 PM] [Error] Object with no asset in region 38, 33: 57122 4cb9a98c-64fa-4cdc-92d0-3fe3647dd33a
[12/10/2022 12:36:21 PM] [Error] Object with no asset in region 38, 33: 57122 4cb9a98c-64fa-4cdc-92d0-3fe3647dd33a
[12/10/2022 12:36:21 PM] [Error] Object with no asset in region 38, 33: 57122 4cb9a98c-64fa-4cdc-92d0-3fe3647dd33a
[12/10/2022 12:36:21 PM] [Error] Object with no asset in region 38, 33: 57122 4cb9a98c-64fa-4cdc-92d0-3fe3647dd33a
[12/10/2022 12:36:21 PM] [Error] Object with no asset in region 38, 33: 57122 4cb9a98c-64fa-4cdc-92d0-3fe3647dd33a
[12/10/2022 12:36:21 PM] [Error] Object with no asset in region 38, 33: 57122 4cb9a98c-64fa-4cdc-92d0-3fe3647dd33a
[12/10/2022 12:36:21 PM] [Error] Object with no asset in region 38, 33: 57122 4cb9a98c-64fa-4cdc-92d0-3fe3647dd33a
[12/10/2022 12:36:21 PM] [Error] Object with no asset in region 38, 33: 57177 ce6a33c7-1469-4db4-af20-1c82f2f8ab74
[12/10/2022 12:36:21 PM] [Error] Object with no asset in region 38, 33: 57330 82c9a6f8-c852-4485-9a7c-770b5e167eb2
[12/10/2022 12:36:21 PM] [Error] Object with no asset in region 38, 33: 57330 82c9a6f8-c852-4485-9a7c-770b5e167eb2
[12/10/2022 12:36:21 PM] [Error] Object with no asset in region 38, 33: 57404 ec4b7e5e-0cf7-4973-9d93-9d473a4460fc
[12/10/2022 12:36:21 PM] [Error] Object with no asset in region 38, 33: 57404 ec4b7e5e-0cf7-4973-9d93-9d473a4460fc
[12/10/2022 12:36:21 PM] [Error] Object with no asset in region 38, 33: 57409 07ec4513-54c4-47d0-8035-82a7b14512b1
[12/10/2022 12:36:21 PM] [Error] Object with no asset in region 38, 38: 57420 8e8ef743-fc29-4344-82f6-98dc39ba6ba0
[12/10/2022 12:36:21 PM] [Info] Loading level: 16%
[12/10/2022 12:36:21 PM] [Info] Loading level: 25%
[12/10/2022 12:36:22 PM] [Info] Loading level: 33%
[12/10/2022 12:36:22 PM] [Info] Loading level: 41%
[12/10/2022 12:36:22 PM] [Info] Loading level: 50%
[12/10/2022 12:36:22 PM] [Info] Loading level: 58%
[12/10/2022 12:36:22 PM] [Info] Loading level: 66%
[12/10/2022 12:36:22 PM] [Info] Loading level: 75%
[12/10/2022 12:36:22 PM] [Info] Loading level: 83%
[12/10/2022 12:36:22 PM] [Info] Loading level: 91%
[12/10/2022 12:38:57 PM] [Info] Loading level: 100%
[12/10/2022 12:38:57 PM] [Info] Connecting: PlayerID: 76561199035738472 Name: Delta-97 Character: Red__Bear
[12/10/2022 12:39:23 PM] [Info] [Group] Red__Bear [Delta-97]: "/weather clear"
[12/10/2022 12:39:26 PM] [Error] Failed to find weather called clear.
[12/10/2022 12:39:26 PM] [Info] [Group] Red__Bear [Delta-97]: "/weather none"
[12/10/2022 12:41:04 PM] [Info] Successfully set weather to none!
[12/10/2022 12:41:04 PM] [Info] [Group] Red__Bear [Delta-97]: "/heal"
[12/10/2022 12:41:30 PM] [Info] [Group] Red__Bear [Delta-97]: "/v lav"
[12/10/2022 12:41:54 PM] [Info] Giving Red__Bear vehicle 38335
[12/10/2022 12:41:54 PM] [Info] [Group] Red__Bear [Delta-97]: "/v m1a2"
[12/10/2022 12:46:18 PM] [Info] Giving Red__Bear vehicle 38337
[12/10/2022 12:46:18 PM] [Info] [Group] Red__Bear [Delta-97]: "/teleport wp"
[12/10/2022 12:46:20 PM] [Error] Unable to teleport Delta-97 because waypoint was obstructed.
[12/10/2022 12:46:20 PM] [Info] [Group] Red__Bear [Delta-97]: "/teleport wp"
[12/10/2022 12:46:20 PM] [Error] Unable to teleport Delta-97 because waypoint was obstructed.
[12/10/2022 12:46:23 PM] [Info] [Group] Red__Bear [Delta-97]: "/teleport wp"
[12/10/2022 12:46:44 PM] [Info] Successfully teleported Delta-97 to waypoint!
[12/10/2022 12:46:44 PM] [Info] [Group] Red__Bear [Delta-97]: "/i "pine floor" 4"
[12/10/2022 12:47:02 PM] [Info] Giving Red__Bear item 52:4
[12/10/2022 12:47:02 PM] [Info] [Area] Red__Bear [Delta-97]: "/i "pine roof" 6"
[12/10/2022 12:47:03 PM] [Info] Giving Red__Bear item 56:6
[12/10/2022 12:47:03 PM] [Info] [Area] Red__Bear [Delta-97]: "/i "pine floor" 4"
[12/10/2022 12:47:16 PM] [Info] Giving Red__Bear item 52:4
[12/10/2022 12:47:16 PM] [Info] [Area] Red__Bear [Delta-97]: "/i "pine roof" 6"
[12/10/2022 12:47:44 PM] [Info] Giving Red__Bear item 56:6
[12/10/2022 12:47:44 PM] [Info] Disconnecting: PlayerID: 76561199035738472 Name: Delta-97 Character: Red__Bear
[12/10/2022 1:05:15 PM] [Info] Saving server
[12/10/2022 1:35:15 PM] [Info] Saving server
[12/10/2022 2:05:15 PM] [Info] Saving server
[12/10/2022 2:35:15 PM] [Info] Saving server
[12/10/2022 3:05:15 PM] [Info] Saving server
[12/10/2022 3:35:15 PM] [Info] Saving server
[12/10/2022 4:05:15 PM] [Info] Saving server
[12/10/2022 4:35:15 PM] [Info] Saving server
[12/10/2022 4:49:59 PM] [Info] Connecting: PlayerID: 76561199035738472 Name: Delta-97 Character: Red__Bear
[12/10/2022 4:51:18 PM] [Info] [Group] Red__Bear [Delta-97]: "/i "woodland back""
[12/10/2022 4:51:22 PM] [Info] [Group] Red__Bear [Delta-97]: "/i "woodland""
[12/10/2022 4:51:27 PM] [Info] Giving Red__Bear item 30711:1
[12/10/2022 4:51:27 PM] [Info] [Group] Red__Bear [Delta-97]: "/i 30712"
[12/10/2022 4:51:31 PM] [Info] [Area] Red__Bear [Delta-97]: "/i 30715"
[12/10/2022 4:51:31 PM] [Info] Giving Red__Bear item 30715:1
[12/10/2022 4:51:33 PM] [Info] [World] Red__Bear [Delta-97]: "/i 30714"
[12/10/2022 4:51:33 PM] [Info] Giving Red__Bear item 30714:1
[12/10/2022 4:51:36 PM] [Info] [Area] Red__Bear [Delta-97]: "/i 30718"
[12/10/2022 4:51:36 PM] [Info] Giving Red__Bear item 30718:1
[12/10/2022 4:52:34 PM] [Info] [Group] Red__Bear [Delta-97]: "/teleport wp"
[12/10/2022 4:52:34 PM] [Info] Successfully teleported Delta-97 to waypoint!
[12/10/2022 4:52:51 PM] [Info] Connecting: PlayerID: 76561198334369190 Name: Lagunastudios Character: Kaboomo Blastkerov
[12/10/2022 4:52:58 PM] [Info] [Group] Red__Bear [Delta-97]: "/day"
[12/10/2022 4:52:59 PM] [Info] Successfully set time to day!
[12/10/2022 4:52:59 PM] [Info] [World] Kaboomo Blastkerov [Lagunastudios]: "/tpa red"
[12/10/2022 4:53:07 PM] [Info] [Group] Red__Bear [Delta-97]: "/admin kab"
[12/10/2022 4:53:10 PM] [Info] [Group] Red__Bear [Delta-97]: "/tphere kab"
[12/10/2022 4:53:10 PM] [Info] Kaboomo Blastkerov was teleported to Red__Bear
[12/10/2022 4:53:10 PM] [Info] [World] Kaboomo Blastkerov [Lagunastudios]: "/i chart"
[12/10/2022 4:54:00 PM] [Info] Giving Kaboomo Blastkerov item 1175:1
[12/10/2022 4:54:00 PM] [Info] Kaboomo Blastkerov [Lagunastudios] was blown up by a vehicle!
[12/10/2022 4:54:06 PM] [Info] [World] Kaboomo Blastkerov [Lagunastudios]: "/tp"
[12/10/2022 4:54:09 PM] [Info] [World] Kaboomo Blastkerov [Lagunastudios]: "/tp red"
[12/10/2022 4:54:09 PM] [Info] Kaboomo Blastkerov teleported to Red__Bear
[12/10/2022 4:54:24 PM] [Info] [World] Kaboomo Blastkerov [Lagunastudios]: "/i kick kaboom"
[12/10/2022 4:54:31 PM] [Info] [Area] Red__Bear [Delta-97]: "/kick kab"
[12/10/2022 4:54:57 PM] [Info] Successfully kicked Lagunastudios!
[12/10/2022 4:54:57 PM] [Info] Disconnecting: PlayerID: 76561199035738472 Name: Delta-97 Character: Red__Bear
[12/10/2022 4:56:00 PM] [Info] Connecting: PlayerID: 76561198334369190 Name: Lagunastudios Character: Kaboomo Blastkerov
[12/10/2022 4:57:02 PM] [Info] [World] Kaboomo Blastkerov [Lagunastudios]: "/i "TsKIB SOO ShAk 12 Rifle""
[12/10/2022 4:57:18 PM] [Info] Giving Kaboomo Blastkerov item 59204:1
[12/10/2022 4:57:18 PM] [Info] [World] Kaboomo Blastkerov [Lagunastudios]: "/i Tactical AS VAL"
[12/10/2022 4:57:24 PM] [Info] [World] Kaboomo Blastkerov [Lagunastudios]: "/i "Tactical AS VAL""
[12/10/2022 4:57:28 PM] [Info] [World] Kaboomo Blastkerov [Lagunastudios]: "/i "Tactical AS VAL""
[12/10/2022 4:57:45 PM] [Info] [World] Kaboomo Blastkerov [Lagunastudios]: "/i "AS VAL""
[12/10/2022 4:58:27 PM] [Info] Giving Kaboomo Blastkerov item 58189:1
[12/10/2022 4:58:27 PM] [Info] [World] Kaboomo Blastkerov [Lagunastudios]: "/exeperience 10000"
[12/10/2022 4:58:37 PM] [Info] [World] Kaboomo Blastkerov [Lagunastudios]: "/maxskills"
[12/10/2022 4:58:42 PM] [Info] [World] Kaboomo Blastkerov [Lagunastudios]: "/i experience"
[12/10/2022 4:58:47 PM] [Info] [World] Kaboomo Blastkerov [Lagunastudios]: "/experience"
[12/10/2022 4:58:51 PM] [Error] Failed to find parameters in format [SteamID | Player]/[Experience].
[12/10/2022 4:58:51 PM] [Info] [World] Kaboomo Blastkerov [Lagunastudios]: "/experience 100"
[12/10/2022 4:58:55 PM] [Info] Successfully gave Lagunastudios +100 experience!
[12/10/2022 4:58:55 PM] [Info] [World] Kaboomo Blastkerov [Lagunastudios]: "/experience 100000"
[12/10/2022 4:58:55 PM] [Info] Successfully gave Lagunastudios +100000 experience!
[12/10/2022 4:59:37 PM] [Info] [World] Kaboomo Blastkerov [Lagunastudios]: "/i Saab Bofors Dynamics NLAW Launcher"
[12/10/2022 4:59:46 PM] [Info] [World] Kaboomo Blastkerov [Lagunastudios]: "/i "Saab Bofors Dynamics NLAW Launcher""
[12/10/2022 5:00:31 PM] [Info] Giving Kaboomo Blastkerov item 59245:1
[12/10/2022 5:00:31 PM] [Info] Connecting: PlayerID: 76561199035738472 Name: Delta-97 Character: Red__Bear
[12/10/2022 5:01:00 PM] [Info] [World] Kaboomo Blastkerov [Lagunastudios]: "/i "Saab Bofors Dynamics NLAW Launcher""
[12/10/2022 5:01:10 PM] [Info] Giving Kaboomo Blastkerov item 59245:1
[12/10/2022 5:01:10 PM] [Info] [World] Kaboomo Blastkerov [Lagunastudios]: "/ammo"
[12/10/2022 5:01:16 PM] [Info] [World] Kaboomo Blastkerov [Lagunastudios]: "/i "Saab Bofors Dynamics NLAW Launcher""
[12/10/2022 5:01:33 PM] [Info] Giving Kaboomo Blastkerov item 59245:1
[12/10/2022 5:01:33 PM] [Info] [World] Kaboomo Blastkerov [Lagunastudios]: "/i alice"
[12/10/2022 5:01:37 PM] [Info] Giving Kaboomo Blastkerov item 253:1
[12/10/2022 5:01:37 PM] [Info] [World] Kaboomo Blastkerov [Lagunastudios]: "/i "Saab Bofors Dynamics NLAW Launcher""
[12/10/2022 5:01:48 PM] [Info] Giving Kaboomo Blastkerov item 59245:1
[12/10/2022 5:01:48 PM] [Info] [World] Kaboomo Blastkerov [Lagunastudios]: "/i "59246""
[12/10/2022 5:01:48 PM] [Info] Giving Kaboomo Blastkerov item 59246:1
[12/10/2022 5:01:52 PM] [Info] [Group] Red__Bear [Delta-97]: "/i "woodland mol""
[12/10/2022 5:01:56 PM] [Info] [World] Kaboomo Blastkerov [Lagunastudios]: "/i "59246" 10"
[12/10/2022 5:01:56 PM] [Info] Giving Kaboomo Blastkerov item 59246:10
[12/10/2022 5:01:58 PM] [Info] [Area] Red__Bear [Delta-97]: "/i "woodland MOLL""
[12/10/2022 5:02:02 PM] [Info] [Area] Red__Bear [Delta-97]: "/i "woodlands MOLL""
[12/10/2022 5:03:31 PM] [Info] Giving Red__Bear item 30718:1
[12/10/2022 5:03:31 PM] [Info] [World] Kaboomo Blastkerov [Lagunastudios]: "/i "Saab Bofors Dynamics NLAW Launcher""
[12/10/2022 5:04:00 PM] [Info] Giving Kaboomo Blastkerov item 59245:1
[12/10/2022 5:04:00 PM] [Info] [Group] Red__Bear [Delta-97]: "/v 59004"
[12/10/2022 5:04:12 PM] [Info] Giving Red__Bear vehicle 59004
[12/10/2022 5:04:12 PM] [Info] [World] Kaboomo Blastkerov [Lagunastudios]: "/i "Kalashnikov AN-94 Abakan Rifle Hyperburst-Only Variant""
[12/10/2022 5:04:20 PM] [Info] [World] Kaboomo Blastkerov [Lagunastudios]: "/i "Kalashnikov AN-94 Abakan Rifle Hyperburst-Only""
[12/10/2022 5:04:20 PM] [Info] [Group] Red__Bear [Delta-97]: "/v 59024"
[12/10/2022 5:04:24 PM] [Info] Giving Red__Bear vehicle 59024
[12/10/2022 5:04:24 PM] [Info] [World] Kaboomo Blastkerov [Lagunastudios]: "/i "Kalashnikov AN-94 Abakan Rifle Hyperburst""
[12/10/2022 5:04:36 PM] [Info] [World] Kaboomo Blastkerov [Lagunastudios]: "/i "AN-94 Abakan Rifle""
[12/10/2022 5:04:48 PM] [Info] Giving Kaboomo Blastkerov item 58187:1
[12/10/2022 5:04:48 PM] [Info] [Group] Red__Bear [Delta-97]: "/i 15"
[12/10/2022 5:04:48 PM] [Info] Giving Red__Bear item 15:1
[12/10/2022 5:05:07 PM] [Info] [World] Kaboomo Blastkerov [Lagunastudios]: "/i Bazalt RPG-22 Netto Launche"
[12/10/2022 5:05:13 PM] [Info] [World] Kaboomo Blastkerov [Lagunastudios]: "/i "Bazalt RPG-22 Netto Launcher""
[12/10/2022 5:05:15 PM] [Info] Giving Kaboomo Blastkerov item 58400:1
[12/10/2022 5:05:15 PM] [Info] Saving server
[12/10/2022 5:05:20 PM] [Info] [Group] Red__Bear [Delta-97]: "/i rpg"
[12/10/2022 5:05:26 PM] [Info] Giving Red__Bear item 19358:1
[12/10/2022 5:05:26 PM] [Info] [World] Kaboomo Blastkerov [Lagunastudios]: "/i "84mm HEAT""
[12/10/2022 5:05:36 PM] [Info] Giving Kaboomo Blastkerov item 58251:1
[12/10/2022 5:05:36 PM] [Info] [World] Kaboomo Blastkerov [Lagunastudios]: "/i "Bazalt RPG-22 Netto Launcher""
[12/10/2022 5:05:44 PM] [Info] Giving Kaboomo Blastkerov item 58400:1
[12/10/2022 5:05:44 PM] [Info] [Group] Red__Bear [Delta-97]: "/i law"
[12/10/2022 5:05:56 PM] [Info] Giving Red__Bear item 38321:1
[12/10/2022 5:05:56 PM] [Info] [Group] Red__Bear [Delta-97]: "/i law"
[12/10/2022 5:05:56 PM] [Info] Giving Red__Bear item 38321:1
[12/10/2022 5:05:56 PM] [Info] [Group] Red__Bear [Delta-97]: "/i law"
[12/10/2022 5:05:57 PM] [Info] Giving Red__Bear item 38321:1
[12/10/2022 5:05:57 PM] [Info] [World] Kaboomo Blastkerov [Lagunastudios]: "/i "Bazalt RPG-22 Netto Launcher""
[12/10/2022 5:06:09 PM] [Info] Giving Kaboomo Blastkerov item 58400:1
[12/10/2022 5:06:09 PM] [Info] [World] Kaboomo Blastkerov [Lagunastudios]: "/i 15"
[12/10/2022 5:06:09 PM] [Info] Giving Kaboomo Blastkerov item 15:1
[12/10/2022 5:06:11 PM] [Info] Kaboomo Blastkerov [Lagunastudios] was punched in the head by Red__Bear [Delta-97]!
[12/10/2022 5:06:34 PM] [Info] [World] Kaboomo Blastkerov [Lagunastudios]: "/i "Norinco QBU-191 Designated Marksman Rifle""
[12/10/2022 5:06:37 PM] [Info] Giving Kaboomo Blastkerov item 59201:1
[12/10/2022 5:06:37 PM] [Info] [World] Kaboomo Blastkerov [Lagunastudios]: "/tp red"
[12/10/2022 5:06:37 PM] [Info] Kaboomo Blastkerov teleported to Red__Bear
[12/10/2022 5:07:11 PM] [Info] [World] Kaboomo Blastkerov [Lagunastudios]: "/i "Norinco QBU-191 Designated Marksman Rifle""
[12/10/2022 5:07:15 PM] [Info] Giving Kaboomo Blastkerov item 59201:1
[12/10/2022 5:07:15 PM] [Info] Kaboomo Blastkerov [Lagunastudios] was shot in the head by Red__Bear [Delta-97]!
[12/10/2022 5:07:19 PM] [Info] [World] Kaboomo Blastkerov [Lagunastudios]: "/tp red"
[12/10/2022 5:07:19 PM] [Info] Kaboomo Blastkerov teleported to Red__Bear
[12/10/2022 5:07:23 PM] [Info] Kaboomo Blastkerov moved x:-346 y:68.15625(+23.55356) z:9.695313 in the last second (0.6071777)
[12/10/2022 5:07:23 PM] [Info] Red__Bear [Delta-97] was shot in the head by Kaboomo Blastkerov [Lagunastudios]!
[12/10/2022 5:07:33 PM] [Info] [Group] Red__Bear [Delta-97]: "/tp kab wp"
[12/10/2022 5:07:38 PM] [Info] [World] Kaboomo Blastkerov [Lagunastudios]: "/i "Norinco QJB-191 Light Machine Gun""
[12/10/2022 5:07:39 PM] [Info] Giving Kaboomo Blastkerov item 59203:1
[12/10/2022 5:07:39 PM] [Info] [Group] Red__Bear [Delta-97]: "/teleport wp"
[12/10/2022 5:07:39 PM] [Info] Successfully teleported Delta-97 to waypoint!
[12/10/2022 5:07:47 PM] [Info] [Group] Red__Bear [Delta-97]: "/i law 5"
[12/10/2022 5:08:06 PM] [Info] Giving Red__Bear item 38321:5
[12/10/2022 5:08:06 PM] [Info] [World] Kaboomo Blastkerov [Lagunastudios]: "/i " DIO Siyavash SWS Sniper""
[12/10/2022 5:08:25 PM] [Info] Giving Kaboomo Blastkerov item 58997:1
[12/10/2022 5:08:25 PM] [Info] [World] Kaboomo Blastkerov [Lagunastudios]: "/experience 1000"
[12/10/2022 5:08:25 PM] [Info] Successfully gave Lagunastudios +1000 experience!
[12/10/2022 5:08:29 PM] [Info] [Group] Red__Bear [Delta-97]: "/experience red 100000"
[12/10/2022 5:08:29 PM] [Info] Successfully gave Delta-97 +100000 experience!
[12/10/2022 5:09:00 PM] [Info] [World] Kaboomo Blastkerov [Lagunastudios]: "/i m27"
[12/10/2022 5:09:09 PM] [Info] Giving Kaboomo Blastkerov item 58355:1
[12/10/2022 5:09:09 PM] [Info] [World] Kaboomo Blastkerov [Lagunastudios]: "/i m72 law"
[12/10/2022 5:09:11 PM] [Info] [World] Kaboomo Blastkerov [Lagunastudios]: "/i m72"
[12/10/2022 5:09:21 PM] [Info] Giving Kaboomo Blastkerov item 38321:1
[12/10/2022 5:09:21 PM] [Info] Kaboomo Blastkerov [Lagunastudios] was shot in the arm by Red__Bear [Delta-97]!
[12/10/2022 5:09:25 PM] [Info] [World] Kaboomo Blastkerov [Lagunastudios]: "/tp red"
[12/10/2022 5:09:25 PM] [Info] Kaboomo Blastkerov teleported to Red__Bear
[12/10/2022 5:09:26 PM] [Info] Kaboomo Blastkerov moved x:-359.5938 y:64.5856(+24.82769) z:107.0547 in the last second (0.1317444)
[12/10/2022 5:09:57 PM] [Info] [Group] Red__Bear [Delta-97]: "/clear ev 10"
[12/10/2022 5:10:00 PM] [Info] [World] Kaboomo Blastkerov [Lagunastudios]: "/i "TsKIB SOO ShAk 12 Rifle""
[12/10/2022 5:10:20 PM] [Info] Giving Kaboomo Blastkerov item 59204:1
[12/10/2022 5:10:20 PM] [Info] [World] Kaboomo Blastkerov [Lagunastudios]: "/i "Saab Bofors Dynamics NLAW Launche""
[12/10/2022 5:10:36 PM] [Info] Giving Kaboomo Blastkerov item 59245:1
[12/10/2022 5:10:36 PM] [Info] [World] Kaboomo Blastkerov [Lagunastudios]: "/i "Saab Bofors Dynamics NLAW Launche""
[12/10/2022 5:10:36 PM] [Info] Giving Kaboomo Blastkerov item 59245:1
[12/10/2022 5:10:36 PM] [Info] Kaboomo Blastkerov [Lagunastudios] was chopped in the head by Red__Bear [Delta-97]!
[12/10/2022 5:10:40 PM] [Info] [World] Kaboomo Blastkerov [Lagunastudios]: "/tp red"
[12/10/2022 5:10:40 PM] [Info] Kaboomo Blastkerov teleported to Red__Bear
[12/10/2022 5:10:41 PM] [Info] Kaboomo Blastkerov moved x:-350.1406 y:59.35933(+19.60142) z:98.28125 in the last second (0.1454582)
[12/10/2022 5:10:52 PM] [Info] [World] Kaboomo Blastkerov [Lagunastudios]: "/i knife"
[12/10/2022 5:10:55 PM] [Info] Giving Kaboomo Blastkerov item 139:1
[12/10/2022 5:10:55 PM] [Info] Kaboomo Blastkerov [Lagunastudios] was chopped in the head by Red__Bear [Delta-97]!
[12/10/2022 5:11:03 PM] [Info] Disconnecting: PlayerID: 76561198334369190 Name: Lagunastudios Character: Kaboomo Blastkerov
[12/10/2022 5:11:04 PM] [Info] [Group] Red__Bear [Delta-97]: "/heal"
[12/10/2022 5:11:44 PM] [Info] [Group] Red__Bear [Delta-97]: "/i dragon"
[12/10/2022 5:12:40 PM] [Info] Giving Red__Bear item 132:1
[12/10/2022 5:12:40 PM] [Info] [Group] Red__Bear [Delta-97]: "/i dragon"
[12/10/2022 5:13:12 PM] [Info] Giving Red__Bear item 132:1
[12/10/2022 5:13:12 PM] [Info] Disconnecting: PlayerID: 76561199035738472 Name: Delta-97 Character: Red__Bear
[12/10/2022 5:35:15 PM] [Info] Saving server
[12/10/2022 6:05:15 PM] [Info] Saving server
[12/10/2022 6:35:15 PM] [Info] Saving server
[12/10/2022 7:05:15 PM] [Info] Saving server
[12/10/2022 7:33:53 PM] [Info] Lost connection to Steam servers because k_EResultNoConnection
[12/10/2022 7:35:15 PM] [Info] Saving server
[12/10/2022 7:55:08 PM] [Info] 
[unloading] uEssentials
