[12/17/2022 1:33:48 PM] [Info] [registered] /more (Rocket.Unturned.Commands.CommandMore/more)
[12/17/2022 1:33:48 PM] [Info] [registered] /admin (Rocket.Unturned.Commands.CommandAdmin/admin)
[12/17/2022 1:33:48 PM] [Info] [registered] /broadcast (Rocket.Unturned.Commands.CommandBroadcast/broadcast)
[12/17/2022 1:33:48 PM] [Info] [registered] /compass (Rocket.Unturned.Commands.CommandCompass/compass)
[12/17/2022 1:33:48 PM] [Info] [registered] /effect (Rocket.Unturned.Commands.CommandEffect/effect)
[12/17/2022 1:33:48 PM] [Info] [registered] /exit (Rocket.Unturned.Commands.CommandExit/exit)
[12/17/2022 1:33:48 PM] [Info] [registered] /god (Rocket.Unturned.Commands.CommandGod/god)
[12/17/2022 1:33:48 PM] [Info] [registered] /heal (Rocket.Unturned.Commands.CommandHeal/heal)
[12/17/2022 1:33:48 PM] [Info] [registered] /help (Rocket.Unturned.Commands.CommandHelp/help)
[12/17/2022 1:33:48 PM] [Info] [registered] /home (Rocket.Unturned.Commands.CommandHome/home)
[12/17/2022 1:33:48 PM] [Info] [registered] /i (Rocket.Unturned.Commands.CommandI/i)
[12/17/2022 1:33:48 PM] [Info] [registered] /item (Rocket.Unturned.Commands.CommandI/item)
[12/17/2022 1:33:48 PM] [Info] [registered] /investigate (Rocket.Unturned.Commands.CommandInvestigate/investigate)
[12/17/2022 1:33:48 PM] [Info] [registered] /p (Rocket.Unturned.Commands.CommandP/p)
[12/17/2022 1:33:48 PM] [Info] [registered] /permissions (Rocket.Unturned.Commands.CommandP/permissions)
[12/17/2022 1:33:48 PM] [Info] [registered] /rocket (Rocket.Unturned.Commands.CommandRocket/rocket)
[12/17/2022 1:33:48 PM] [Info] [registered] /tp (Rocket.Unturned.Commands.CommandTp/tp)
[12/17/2022 1:33:48 PM] [Info] [registered] /tphere (Rocket.Unturned.Commands.CommandTphere/tphere)
[12/17/2022 1:33:48 PM] [Info] [registered] /unadmin (Rocket.Unturned.Commands.CommandUnadmin/unadmin)
[12/17/2022 1:33:48 PM] [Info] [registered] /v (Rocket.Unturned.Commands.CommandV/v)
[12/17/2022 1:33:48 PM] [Info] [registered] /vanish (Rocket.Unturned.Commands.CommandVanish/vanish)
[12/17/2022 1:33:48 PM] [Info] Loading Feli.RocketMod.JoinLeaveMessages from C:\Program Files (x86)\Steam\steamapps\common\U3DS\Servers\MyServer\Rocket\Plugins\Feli.RocketMod.JoinLeaveMessages.dll
[12/17/2022 1:33:48 PM] [Info] Loading Feli.RocketMod.Teleporting from C:\Program Files (x86)\Steam\steamapps\common\U3DS\Servers\MyServer\Rocket\Plugins\Feli.RocketMod.Teleporting.dll
[12/17/2022 1:33:48 PM] [Info] Loading GarageLite from C:\Program Files (x86)\Steam\steamapps\common\U3DS\Servers\MyServer\Rocket\Plugins\GarageLite.dll
[12/17/2022 1:33:48 PM] [Info] Loading InfiniteEnergy from C:\Program Files (x86)\Steam\steamapps\common\U3DS\Servers\MyServer\Rocket\Plugins\InfiniteEnergy.dll
[12/17/2022 1:33:48 PM] [Info] Loading MoreHomes from C:\Program Files (x86)\Steam\steamapps\common\U3DS\Servers\MyServer\Rocket\Plugins\MoreHomes.dll
[12/17/2022 1:33:48 PM] [Info] Loading ReponseMod_HiddenName from C:\Program Files (x86)\Steam\steamapps\common\U3DS\Servers\MyServer\Rocket\Plugins\ReponseMod_HiddenName.dll
[12/17/2022 1:33:48 PM] [Info] Loading Teleportation from C:\Program Files (x86)\Steam\steamapps\common\U3DS\Servers\MyServer\Rocket\Plugins\Teleportation.dll
[12/17/2022 1:33:48 PM] [Info] Loading uEssentials from C:\Program Files (x86)\Steam\steamapps\common\U3DS\Servers\MyServer\Rocket\Plugins\uEssentials.dll
[12/17/2022 1:33:48 PM] [Error] Invalid or outdated plugin assembly: Assembly-CSharp-firstpass
[12/17/2022 1:33:49 PM] [Error] Invalid or outdated plugin assembly: Assembly-CSharp
[12/17/2022 1:33:49 PM] [Error] Invalid or outdated plugin assembly: Rocket.API
[12/17/2022 1:33:49 PM] [Error] Invalid or outdated plugin assembly: Rocket.Core
[12/17/2022 1:33:49 PM] [Error] Invalid or outdated plugin assembly: Rocket.Unturned
[12/17/2022 1:33:49 PM] [Error] Invalid or outdated plugin assembly: UnityEngine.CoreModule
[12/17/2022 1:33:49 PM] [Error] Invalid or outdated plugin assembly: UnityEngine
[12/17/2022 1:33:49 PM] [Error] Invalid or outdated plugin assembly: Newtonsoft.Json
[12/17/2022 1:33:49 PM] [Info] 
[loading] Feli.RocketMod.JoinLeaveMessages
[12/17/2022 1:33:49 PM] [Info] Feli.RocketMod.JoinLeaveMessages >> JoinLeaveMessages plugin v1.0.2 loaded !
[12/17/2022 1:33:49 PM] [Info] Feli.RocketMod.JoinLeaveMessages >> Do you want more cool plugins? Join now: https://discord.gg/4FF2548 !
[12/17/2022 1:33:49 PM] [Info] 
[loading] Feli.RocketMod.Teleporting
[12/17/2022 1:33:49 PM] [Info] [registered] /tpr (Feli.RocketMod.Teleporting.Commands.TpaCommand/tpr)
[12/17/2022 1:33:49 PM] [Info] Feli.RocketMod.Teleporting >> Teleporting plugin v1.6.4 loaded !
[12/17/2022 1:33:49 PM] [Info] Feli.RocketMod.Teleporting >> Do you want more cool plugins? Join now: https://discord.gg/4FF2548 !
[12/17/2022 1:33:49 PM] [Info] Feli.RocketMod.Teleporting >> Economy Provider: ExperienceEconomyProvider
[12/17/2022 1:33:49 PM] [Info] 
[loading] GarageLite
[12/17/2022 1:33:49 PM] [Info] [registered] /gadd (GarageLite.Code/gadd)
[12/17/2022 1:33:49 PM] [Info] [registered] /garageadd (GarageLite.Code/garageadd)
[12/17/2022 1:33:49 PM] [Info] [registered] /vadd (GarageLite.Code/vadd)
[12/17/2022 1:33:49 PM] [Info] [registered] /glist (GarageLite.Vlist/glist)
[12/17/2022 1:33:49 PM] [Info] [registered] /garagelist (GarageLite.Vlist/garagelist)
[12/17/2022 1:33:49 PM] [Info] [registered] /vlist (GarageLite.Vlist/vlist)
[12/17/2022 1:33:49 PM] [Info] [registered] /gretrieve (GarageLite.Vretrieve/gretrieve)
[12/17/2022 1:33:49 PM] [Info] [registered] /garageretrieve (GarageLite.Vretrieve/garageretrieve)
[12/17/2022 1:33:49 PM] [Info] [registered] /vretrieve (GarageLite.Vretrieve/vretrieve)
[12/17/2022 1:33:49 PM] [Warning] ++++++++++++++++++++++++++++++++++++++
[12/17/2022 1:33:49 PM] [Warning] [GarageLite] has been loaded!
[12/17/2022 1:33:49 PM] [Warning] Dev: MQS#7816
[12/17/2022 1:33:49 PM] [Warning] Join this Discord for Support: https://discord.gg/Ssbpd9cvgp
[12/17/2022 1:33:49 PM] [Warning] ++++++++++++++++++++++++++++++++++++++
[12/17/2022 1:33:49 PM] [Info] 
[loading] InfiniteEnergy
[12/17/2022 1:33:49 PM] [Error] Could not find dependency: 0Harmony, Version=2.1.1.0, Culture=neutral, PublicKeyToken=null
[12/17/2022 1:33:49 PM] [Error] Could not find dependency: 0Harmony, Version=2.1.1.0, Culture=neutral, PublicKeyToken=null
[12/17/2022 1:33:49 PM] [Info] 
[loading] ReponseMod_HiddenName
[12/17/2022 1:33:49 PM] [Info] 
[loading] Teleportation
[12/17/2022 1:33:49 PM] [Info] [registered] /tpa (RestoreMonarchy.Teleportation.Commands.TPACommand/tpa)
[12/17/2022 1:33:49 PM] [Info] Teleportation >> Teleportation 1.7.0.0 has been loaded!
[12/17/2022 1:33:49 PM] [Info] 
[loading] uEssentials
[12/17/2022 1:33:49 PM] [Error] Failed to load uEssentials, unloading now... :System.MissingMethodException: SDG.Unturned.ConsoleInput SDG.Unturned.CommandWindow.get_input()
  at Rocket.Core.Plugins.RocketPlugin.LoadPlugin () [0x00033] in <59a13feb721848c8b0cd173f6d0e820b>:0 
[12/17/2022 1:33:49 PM] [Info] 
[unloading] uEssentials
[12/17/2022 1:33:49 PM] [Error] Failed to unload uEssentials:System.MissingMethodException: SDG.Unturned.ConsoleInput SDG.Unturned.CommandWindow.get_input()
  at Rocket.Core.Plugins.RocketPlugin.UnloadPlugin (Rocket.API.PluginState state) [0x0003b] in <59a13feb721848c8b0cd173f6d0e820b>:0 
  at Rocket.Core.Plugins.RocketPlugin.LoadPlugin () [0x0005c] in <59a13feb721848c8b0cd173f6d0e820b>:0 
[12/17/2022 1:33:49 PM] [Info] This server will automatically save every 1800 seconds
[12/17/2022 1:33:49 PM] [Info] Steam servers ready!
[12/17/2022 1:33:49 PM] [Info] Workshop install folder: C:\Program Files (x86)\Steam\steamapps\common\U3DS/Servers/MyServer/Workshop/Steam
[12/17/2022 1:33:49 PM] [Info] 3 workshop item(s) requested
[12/17/2022 1:33:49 PM] [Info] Submitting workshop query for 3 item(s)...
[12/17/2022 1:33:49 PM] [Info] Workshop query yielded 3 result(s)
[12/17/2022 1:34:17 PM] [Info] This server's allowed IP for Workshop downloads: 73.253.101.49
[12/17/2022 1:34:17 PM] [Info] 2898548949 'A6 Polaris' queued for download
[12/17/2022 1:34:17 PM] [Info] 1717095606 'Creator Tools' queued for download
[12/17/2022 1:34:17 PM] [Info] 2796081018 'Nordic Compatable Arid' queued for download
[12/17/2022 1:34:17 PM] [Info] 3 workshop item(s) to download...
[12/17/2022 1:34:17 PM] [Info] Workshop item found in cache: 2898548949
[12/17/2022 1:34:17 PM] [Info] Installing workshop item: 2898548949
[12/17/2022 1:34:17 PM] [Info] Installed workshop item: 2898548949
[12/17/2022 1:34:17 PM] [Info] Workshop item found in cache: 1717095606
[12/17/2022 1:34:17 PM] [Info] Installing workshop item: 1717095606
[12/17/2022 1:34:17 PM] [Info] Installed workshop item: 1717095606
[12/17/2022 1:34:17 PM] [Info] Workshop item found in cache: 2796081018
[12/17/2022 1:34:17 PM] [Info] Installing workshop item: 2796081018
[12/17/2022 1:34:17 PM] [Info] Installed workshop item: 2796081018
[12/17/2022 1:34:17 PM] [Info] Skipping level config override Animals.Max_Instances_Medium because server value (50) is not the default (16)
[12/17/2022 1:34:17 PM] [Info] Skipping level config override Items.Quality_Full_Chance because server value (1) is not the default (0.1)
[12/17/2022 1:34:17 PM] [Info] Level overrides config Barricades.Allow_Item_Placement_On_Vehicle: False (Default: True)
[12/17/2022 1:34:17 PM] [Info] Level overrides config Barricades.Allow_Trap_Placement_On_Vehicle: False (Default: True)
[12/17/2022 1:34:17 PM] [Info] Skipping level config override Barricades.Gun_Lowcal_Damage_Multiplier because server value (0.5) is not the default (1)
[12/17/2022 1:34:17 PM] [Info] Skipping level config override Barricades.Gun_Highcal_Damage_Multiplier because server value (2) is not the default (1)
[12/17/2022 1:34:17 PM] [Info] Level overrides config Barricades.Armor_Lowtier_Multiplier: 1 (Default: 1)
[12/17/2022 1:34:17 PM] [Info] Level overrides config Barricades.Armor_Hightier_Multiplier: 1 (Default: 0.5)
[12/17/2022 1:34:17 PM] [Info] Skipping level config override Structures.Gun_Lowcal_Damage_Multiplier because server value (0.5) is not the default (1)
[12/17/2022 1:34:17 PM] [Info] Skipping level config override Structures.Gun_Highcal_Damage_Multiplier because server value (2) is not the default (1)
[12/17/2022 1:34:17 PM] [Info] Level overrides config Structures.Armor_Lowtier_Multiplier: 1 (Default: 1)
[12/17/2022 1:34:17 PM] [Info] Level overrides config Structures.Armor_Hightier_Multiplier: 1 (Default: 0.5)
[12/17/2022 1:34:17 PM] [Info] Skipping level config override Structures.Melee_Damage_Multiplier because server value (0.5) is not the default (1)
[12/17/2022 1:34:17 PM] [Info] Skipping level config override Structures.Melee_Repair_Multiplier because server value (2) is not the default (1)
[12/17/2022 1:34:17 PM] [Info] Skipping level config override Events.Airdrop_Speed because server value (0) is not the default (128)
[12/17/2022 1:34:17 PM] [Info] Skipping level config override Events.Airdrop_Force because server value (0) is not the default (9.5)
[12/17/2022 1:34:17 PM] [Info] Skipping level config override Vehicles.Gun_Lowcal_Damage_Multiplier because server value (0.5) is not the default (1)
[12/17/2022 1:34:17 PM] [Info] Skipping level config override Vehicles.Melee_Damage_Multiplier because server value (0.5) is not the default (1)
[12/17/2022 1:34:17 PM] [Info] Skipping level config override Vehicles.Min_Battery_Charge because server value (1) is not the default (0.5)
[12/17/2022 1:34:17 PM] [Info] Skipping level config override Vehicles.Max_Battery_Charge because server value (1) is not the default (0.75)
[12/17/2022 1:34:17 PM] [Info] Skipping level config override Vehicles.Has_Battery_Chance because server value (1) is not the default (0.8)
[12/17/2022 1:34:17 PM] [Info] Skipping level config override Vehicles.Max_Instances_Medium because server value (40) is not the default (16)
[12/17/2022 1:34:17 PM] [Info] Level overrides config Vehicles.Armor_Multiplier: 0.375 (Default: 1)
[12/17/2022 1:34:17 PM] [Info] Level overrides config Players.Experience_Multiplier: 1 (Default: 1)
[12/17/2022 1:34:17 PM] [Info] Skipping level config override Players.Lose_Skills_PvP because server value (1) is not the default (0.75)
[12/17/2022 1:34:17 PM] [Info] Skipping level config override Players.Lose_Skills_PvE because server value (1) is not the default (0.75)
[12/17/2022 1:34:17 PM] [Info] Skipping level config override Players.Virus_Infect because server value (90) is not the default (50)
[12/17/2022 1:34:17 PM] [Info] Level overrides config Zombies.Armor_Multiplier: 1 (Default: 1)
[12/17/2022 1:34:17 PM] [Info] Skipping level config override Zombies.Full_Moon_Experience_Multiplier because server value (5) is not the default (2)
[12/17/2022 1:34:17 PM] [Info] Skipping level config override Zombies.Spawn_Chance because server value (1) is not the default (0.25)
[12/17/2022 1:34:17 PM] [Info] Skipping level config override Zombies.Min_Mega_Drops because server value (10) is not the default (5)
[12/17/2022 1:34:17 PM] [Info] Skipping level config override Zombies.Max_Mega_Drops because server value (20) is not the default (5)
[12/17/2022 1:34:17 PM] [Info] Skipping level config override Zombies.Min_Boss_Drops because server value (30) is not the default (8)
[12/17/2022 1:34:17 PM] [Info] Skipping level config override Zombies.Max_Boss_Drops because server value (50) is not the default (10)
[12/17/2022 1:34:17 PM] [Info] Skipping level config override Zombies.Loot_Chance because server value (1) is not the default (0.5)
[12/17/2022 1:34:17 PM] [Info] Level overrides config Gameplay.Chart: True (Default: False)
[12/17/2022 1:34:17 PM] [Info] Monitoring workshop map 'A6 Polaris' (2898548949) for changes
[12/17/2022 1:34:17 PM] [Info] Loading level: 8%
[12/17/2022 1:34:20 PM] [Info] Loading level: 16%
[12/17/2022 1:34:20 PM] [Info] Loading level: 25%
[12/17/2022 1:34:20 PM] [Info] Loading level: 33%
[12/17/2022 1:34:20 PM] [Info] Loading level: 41%
[12/17/2022 1:34:20 PM] [Info] Loading level: 50%
[12/17/2022 1:34:20 PM] [Info] Loading level: 58%
[12/17/2022 1:34:20 PM] [Info] Loading level: 66%
[12/17/2022 1:34:20 PM] [Info] Loading level: 75%
[12/17/2022 1:34:20 PM] [Info] Loading level: 83%
[12/17/2022 1:34:20 PM] [Info] Loading level: 91%
[12/17/2022 1:34:20 PM] [Info] Loading level: 100%
[12/17/2022 1:36:15 PM] [Info] BattlEye Server: Player #0 Red__Bear (73.253.101.49:52550) connected
[12/17/2022 1:36:15 PM] [Info] BattlEye Server: Player #0 Red__Bear - BE GUID: f4abbf8aa333c3b24b5656c70080f342
[12/17/2022 1:36:15 PM] [Info] Connecting: PlayerID: 76561199035738472 Name: Red__Bear Character: Red__Bear
[12/17/2022 1:36:15 PM] [Error] Could not find dependency: System.Net.Http, Version=4.0.0.0, Culture=neutral, PublicKeyToken=b03f5f7f11d50a3a
[12/17/2022 1:36:15 PM] [Error] Could not find dependency: System.Net.Http, Version=4.0.0.0, Culture=neutral, PublicKeyToken=b03f5f7f11d50a3a
[12/17/2022 1:36:15 PM] [Error] Feli.RocketMod.JoinLeaveMessages >> There was an error during the player join -> Exception in Feli.RocketMod.JoinLeaveMessages: System.BadImageFormatException: Could not resolve field token 0x0400000a, due to: Could not load type of field 'Feli.RocketMod.JoinLeaveMessages.Helpers.IpGeolocationHelper+<GetCountryFromIp>d__0:<client>5__2' (3) due to: Could not load file or assembly 'System.Net.Http, Version=4.0.0.0, Culture=neutral, PublicKeyToken=b03f5f7f11d50a3a' or one of its dependencies. assembly:System.Net.Http, Version=4.0.0.0, Culture=neutral, PublicKeyToken=b03f5f7f11d50a3a type:<unknown type> member:(null) signature:<none> assembly:C:\Program Files (x86)\Steam\steamapps\common\U3DS\Servers\MyServer\Rocket\Plugins\Feli.RocketMod.JoinLeaveMessages.dll type:<GetCountryFromIp>d__0 member:(null) signature:<none>
File name: 'Feli.RocketMod.JoinLeaveMessages'
  at Feli.RocketMod.JoinLeaveMessages.Plugin+<>c__DisplayClass3_0+<<OnPlayerConnected>b__0>d.MoveNext () [0x00053] in <1945374a95f44307b8d70b38b6f38669>:0 
[12/17/2022 1:36:15 PM] [Info] BattlEye Server: Connected to BE Master
[12/17/2022 1:36:25 PM] [Info] Red__Bear [Red__Bear] was infected to death!
[12/17/2022 1:36:28 PM] [Info] Disconnecting: PlayerID: 76561199035738472 Name: Red__Bear Character: Red__Bear
[12/17/2022 1:36:28 PM] [Info] BattlEye Server: Player #0 Red__Bear disconnected
[12/17/2022 1:36:55 PM] [Info] BattlEye Server: Player #0 Red__Bear (73.253.101.49:64183) connected
[12/17/2022 1:36:55 PM] [Info] BattlEye Server: Player #0 Red__Bear - BE GUID: f4abbf8aa333c3b24b5656c70080f342
[12/17/2022 1:36:55 PM] [Info] Connecting: PlayerID: 76561199035738472 Name: Red__Bear Character: Red__Bear
[12/17/2022 1:36:55 PM] [Error] Feli.RocketMod.JoinLeaveMessages >> There was an error during the player join -> Exception in Feli.RocketMod.JoinLeaveMessages: System.TypeLoadException: Failure has occurred while loading a type.
  at Feli.RocketMod.JoinLeaveMessages.Plugin+<>c__DisplayClass3_0+<<OnPlayerConnected>b__0>d.MoveNext () [0x00053] in <1945374a95f44307b8d70b38b6f38669>:0 
[12/17/2022 1:40:20 PM] [Info] Red__Bear moved x:-73.92188 y:54.42304(+28.25896) z:-180.7266 in the last second (0.09999847)
[12/17/2022 1:51:04 PM] [Info] Successfully admined Red__Bear
[12/17/2022 1:51:06 PM] [Info] [Group] Red__Bear [Red__Bear]: "/god"
[12/17/2022 1:51:11 PM] [Info] Red__Bear enabled Godmode
[12/17/2022 1:51:11 PM] [Info] [Group] Red__Bear [Red__Bear]: "/teleport wp"
[12/17/2022 1:51:11 PM] [Info] Successfully teleported Red__Bear to waypoint!
[12/17/2022 1:51:11 PM] [Info] Red__Bear moved x:-788.8359 y:85.86401(+59.69993) z:-79.70313 in the last second (0.9992828)
[12/17/2022 1:51:25 PM] [Info] [Group] Red__Bear [Red__Bear]: "/home"
[12/17/2022 1:51:27 PM] [Info] [Group] Red__Bear [Red__Bear]: "/god"
[12/17/2022 1:51:27 PM] [Info] Red__Bear disabled Godmode
[12/17/2022 1:51:31 PM] [Info] [Group] Red__Bear [Red__Bear]: "/heal"
[12/17/2022 1:51:34 PM] [Info] [Group] Red__Bear [Red__Bear]: "/unadmin red"
[12/17/2022 1:51:58 PM] [Info] BattlEye Server: Player #1 JACK THE RIPPER (108.90.241.159:61854) connected
[12/17/2022 1:51:58 PM] [Info] BattlEye Server: Player #1 JACK THE RIPPER - BE GUID: 0b39942d7d9a57c3719c1f802044c592
[12/17/2022 1:51:58 PM] [Info] Connecting: PlayerID: 76561199074224396 Name: JACK THE RIPPER Character: reaper
[12/17/2022 1:51:58 PM] [Error] Feli.RocketMod.JoinLeaveMessages >> There was an error during the player join -> Exception in Feli.RocketMod.JoinLeaveMessages: System.TypeLoadException: Failure has occurred while loading a type.
  at Feli.RocketMod.JoinLeaveMessages.Plugin+<>c__DisplayClass3_0+<<OnPlayerConnected>b__0>d.MoveNext () [0x00053] in <1945374a95f44307b8d70b38b6f38669>:0 
[12/17/2022 1:52:13 PM] [Info] [World] reaper [JACK THE RIPPER]: "back"
[12/17/2022 1:52:19 PM] [Info] [Group] Red__Bear [Red__Bear]: "/tpa reaper"
[12/17/2022 1:52:36 PM] [Info] [World] reaper [JACK THE RIPPER]: "cant"
[12/17/2022 1:52:38 PM] [Info] [World] reaper [JACK THE RIPPER]: "am home"
[12/17/2022 1:52:47 PM] [Info] [World] reaper [JACK THE RIPPER]: "/tpa a"
[12/17/2022 1:53:13 PM] [Info] [World] reaper [JACK THE RIPPER]: "is there any cars on this map"
[12/17/2022 1:53:21 PM] [Info] [World] reaper [JACK THE RIPPER]: "where"
[12/17/2022 1:53:46 PM] [Info] [World] reaper [JACK THE RIPPER]: "/tpa red"
[12/17/2022 1:53:51 PM] [Info] [Group] Red__Bear [Red__Bear]: "/tpa a"
[12/17/2022 1:54:11 PM] [Info] [World] reaper [JACK THE RIPPER]: "am dead"
[12/17/2022 1:54:17 PM] [Info] reaper [JACK THE RIPPER] killed themself.
[12/17/2022 1:54:21 PM] [Info] [World] reaper [JACK THE RIPPER]: "/tp red"
[12/17/2022 1:54:23 PM] [Info] [World] reaper [JACK THE RIPPER]: "/tpa red"
[12/17/2022 1:54:26 PM] [Info] [World] reaper [JACK THE RIPPER]: "wtf"
[12/17/2022 1:54:28 PM] [Info] [World] reaper [JACK THE RIPPER]: "red"
[12/17/2022 1:54:32 PM] [Info] [World] reaper [JACK THE RIPPER]: "i cant"
[12/17/2022 1:54:34 PM] [Info] [World] reaper [JACK THE RIPPER]: "it 52 s"
[12/17/2022 1:54:42 PM] [Info] [World] reaper [JACK THE RIPPER]: "52s to wait"
[12/17/2022 1:54:46 PM] [Info] [World] reaper [JACK THE RIPPER]: "/tpa red"
[12/17/2022 1:54:52 PM] [Info] [World] reaper [JACK THE RIPPER]: "/tpa red"
[12/17/2022 1:54:58 PM] [Info] [World] reaper [JACK THE RIPPER]: "/tpa red"
[12/17/2022 1:55:12 PM] [Info] [World] reaper [JACK THE RIPPER]: "did you add a gasmask mkode"
[12/17/2022 1:55:15 PM] [Info] [World] reaper [JACK THE RIPPER]: "/tpa red"
[12/17/2022 1:55:18 PM] [Info] [World] reaper [JACK THE RIPPER]: "/mode"
[12/17/2022 1:55:22 PM] [Info] [World] reaper [JACK THE RIPPER]: "/tpa red"
[12/17/2022 1:55:25 PM] [Info] [Group] Red__Bear [Red__Bear]: "/tpa a"
[12/17/2022 1:55:29 PM] [Info] [World] reaper [JACK THE RIPPER]: "can we have other gasmask mode"
[12/17/2022 1:55:50 PM] [Info] [World] reaper [JACK THE RIPPER]: "i dont like this gasmask mode"
[12/17/2022 1:56:04 PM] [Info] [World] reaper [JACK THE RIPPER]: "no"
[12/17/2022 1:56:07 PM] [Info] [World] reaper [JACK THE RIPPER]: "how to work"
[12/17/2022 1:56:10 PM] [Info] [World] reaper [JACK THE RIPPER]: "and how to make it"
[12/17/2022 1:56:15 PM] [Info] [World] reaper [JACK THE RIPPER]: "take so loing"
[12/17/2022 1:57:14 PM] [Info] [World] reaper [JACK THE RIPPER]: "yellow wire"
[12/17/2022 1:57:16 PM] [Info] [World] reaper [JACK THE RIPPER]: "??"
[12/17/2022 1:57:22 PM] [Info] [World] reaper [JACK THE RIPPER]: "i have two"
[12/17/2022 1:57:55 PM] [Info] [World] reaper [JACK THE RIPPER]: "so where the car"
[12/17/2022 1:58:04 PM] [Info] [World] reaper [JACK THE RIPPER]: "no the other one"
[12/17/2022 1:58:30 PM] [Info] [World] reaper [JACK THE RIPPER]: "to hard"
[12/17/2022 1:58:47 PM] [Info] [World] reaper [JACK THE RIPPER]: "any car"
[12/17/2022 1:58:56 PM] [Info] [World] reaper [JACK THE RIPPER]: "small or big"
[12/17/2022 1:59:25 PM] [Info] [World] reaper [JACK THE RIPPER]: "is there others"
[12/17/2022 2:00:29 PM] [Info] [World] reaper [JACK THE RIPPER]: "why cant i see my player name on the map"
[12/17/2022 2:00:48 PM] [Info] [World] reaper [JACK THE RIPPER]: "i cant see myslef on the map"
[12/17/2022 2:01:08 PM] [Info] [World] reaper [JACK THE RIPPER]: "yes plz"
[12/17/2022 2:01:15 PM] [Info] [World] reaper [JACK THE RIPPER]: "i cant drive this home"
[12/17/2022 2:01:20 PM] [Info] Disconnecting: PlayerID: 76561199035738472 Name: Red__Bear Character: Red__Bear
[12/17/2022 2:01:20 PM] [Info] BattlEye Server: Player #0 Red__Bear disconnected
[12/17/2022 2:01:20 PM] [Info] Disconnecting: PlayerID: 76561199074224396 Name: JACK THE RIPPER Character: reaper
[12/17/2022 2:01:20 PM] [Info] BattlEye Server: Player #1 JACK THE RIPPER disconnected
[12/17/2022 2:01:21 PM] [Info] 
[unloading] Feli.RocketMod.JoinLeaveMessages
