[12/19/2022 4:28:28 PM] [Info] [registered] /more (Rocket.Unturned.Commands.CommandMore/more)
[12/19/2022 4:28:28 PM] [Info] [registered] /admin (Rocket.Unturned.Commands.CommandAdmin/admin)
[12/19/2022 4:28:28 PM] [Info] [registered] /broadcast (Rocket.Unturned.Commands.CommandBroadcast/broadcast)
[12/19/2022 4:28:29 PM] [Info] [registered] /compass (Rocket.Unturned.Commands.CommandCompass/compass)
[12/19/2022 4:28:29 PM] [Info] [registered] /effect (Rocket.Unturned.Commands.CommandEffect/effect)
[12/19/2022 4:28:29 PM] [Info] [registered] /exit (Rocket.Unturned.Commands.CommandExit/exit)
[12/19/2022 4:28:29 PM] [Info] [registered] /god (Rocket.Unturned.Commands.CommandGod/god)
[12/19/2022 4:28:29 PM] [Info] [registered] /heal (Rocket.Unturned.Commands.CommandHeal/heal)
[12/19/2022 4:28:29 PM] [Info] [registered] /help (Rocket.Unturned.Commands.CommandHelp/help)
[12/19/2022 4:28:29 PM] [Info] [registered] /home (Rocket.Unturned.Commands.CommandHome/home)
[12/19/2022 4:28:29 PM] [Info] [registered] /i (Rocket.Unturned.Commands.CommandI/i)
[12/19/2022 4:28:29 PM] [Info] [registered] /item (Rocket.Unturned.Commands.CommandI/item)
[12/19/2022 4:28:29 PM] [Info] [registered] /investigate (Rocket.Unturned.Commands.CommandInvestigate/investigate)
[12/19/2022 4:28:29 PM] [Info] [registered] /p (Rocket.Unturned.Commands.CommandP/p)
[12/19/2022 4:28:29 PM] [Info] [registered] /permissions (Rocket.Unturned.Commands.CommandP/permissions)
[12/19/2022 4:28:29 PM] [Info] [registered] /rocket (Rocket.Unturned.Commands.CommandRocket/rocket)
[12/19/2022 4:28:29 PM] [Info] [registered] /tp (Rocket.Unturned.Commands.CommandTp/tp)
[12/19/2022 4:28:29 PM] [Info] [registered] /tphere (Rocket.Unturned.Commands.CommandTphere/tphere)
[12/19/2022 4:28:29 PM] [Info] [registered] /unadmin (Rocket.Unturned.Commands.CommandUnadmin/unadmin)
[12/19/2022 4:28:29 PM] [Info] [registered] /v (Rocket.Unturned.Commands.CommandV/v)
[12/19/2022 4:28:29 PM] [Info] [registered] /vanish (Rocket.Unturned.Commands.CommandVanish/vanish)
[12/19/2022 4:28:29 PM] [Info] Loading InfiniteEnergy from C:\Program Files (x86)\Steam\steamapps\common\U3DS\Servers\MyServer\Rocket\Plugins\InfiniteEnergy.dll
[12/19/2022 4:28:29 PM] [Info] Loading MoreHomes from C:\Program Files (x86)\Steam\steamapps\common\U3DS\Servers\MyServer\Rocket\Plugins\MoreHomes.dll
[12/19/2022 4:28:29 PM] [Info] Loading ReponseMod_HiddenName from C:\Program Files (x86)\Steam\steamapps\common\U3DS\Servers\MyServer\Rocket\Plugins\ReponseMod_HiddenName.dll
[12/19/2022 4:28:29 PM] [Info] Loading uEssentials from C:\Program Files (x86)\Steam\steamapps\common\U3DS\Servers\MyServer\Rocket\Plugins\uEssentials.dll
[12/19/2022 4:28:29 PM] [Info] 
[loading] InfiniteEnergy
[12/19/2022 4:28:29 PM] [Error] Could not find dependency: 0Harmony, Version=2.1.1.0, Culture=neutral, PublicKeyToken=null
[12/19/2022 4:28:29 PM] [Error] Could not find dependency: 0Harmony, Version=2.1.1.0, Culture=neutral, PublicKeyToken=null
[12/19/2022 4:28:29 PM] [Info] 
[loading] ReponseMod_HiddenName
[12/19/2022 4:28:29 PM] [Info] 
[loading] uEssentials
[12/19/2022 4:28:29 PM] [Error] Failed to load uEssentials, unloading now... :System.TypeLoadException: Could not resolve type with token 010000ed (from typeref, class/assembly SDG.Unturned.ConsoleInput, Assembly-CSharp-firstpass, Version=0.0.0.0, Culture=neutral, PublicKeyToken=null)
  at Rocket.Core.Plugins.RocketPlugin.LoadPlugin () [0x00033] in <59a13feb721848c8b0cd173f6d0e820b>:0 
[12/19/2022 4:28:29 PM] [Info] 
[unloading] uEssentials
[12/19/2022 4:28:29 PM] [Error] Failed to unload uEssentials:System.TypeLoadException: Could not resolve type with token 010000ed (from typeref, class/assembly SDG.Unturned.ConsoleInput, Assembly-CSharp-firstpass, Version=0.0.0.0, Culture=neutral, PublicKeyToken=null)
  at Rocket.Core.Plugins.RocketPlugin.UnloadPlugin (Rocket.API.PluginState state) [0x0003b] in <59a13feb721848c8b0cd173f6d0e820b>:0 
  at Rocket.Core.Plugins.RocketPlugin.LoadPlugin () [0x0005c] in <59a13feb721848c8b0cd173f6d0e820b>:0 
[12/19/2022 4:28:29 PM] [Info] This server will automatically save every 1800 seconds
[12/19/2022 4:28:29 PM] [Info] Steam servers ready!
[12/19/2022 4:28:29 PM] [Info] Workshop install folder: C:\Program Files (x86)\Steam\steamapps\common\U3DS/Servers/MyServer/Workshop/Steam
[12/19/2022 4:28:29 PM] [Info] 3 workshop item(s) requested
[12/19/2022 4:28:29 PM] [Info] Submitting workshop query for 3 item(s)...
[12/19/2022 4:28:29 PM] [Info] Workshop query yielded 3 result(s)
[12/19/2022 4:28:29 PM] [Info] This server's allowed IP for Workshop downloads: 73.253.101.49
[12/19/2022 4:29:18 PM] [Info] 2898548949 'A6 Polaris' queued for download
[12/19/2022 4:29:18 PM] [Info] 1717095606 'Creator Tools' queued for download
[12/19/2022 4:29:18 PM] [Info] 2796081018 'Nordic Compatable Arid' queued for download
[12/19/2022 4:29:18 PM] [Info] 3 workshop item(s) to download...
[12/19/2022 4:29:18 PM] [Info] Workshop item found in cache: 2898548949
[12/19/2022 4:29:18 PM] [Info] Installing workshop item: 2898548949
[12/19/2022 4:29:18 PM] [Info] Installed workshop item: 2898548949
[12/19/2022 4:29:18 PM] [Info] Workshop item found in cache: 1717095606
[12/19/2022 4:29:18 PM] [Info] Installing workshop item: 1717095606
[12/19/2022 4:29:18 PM] [Info] Installed workshop item: 1717095606
[12/19/2022 4:29:18 PM] [Info] Workshop item found in cache: 2796081018
[12/19/2022 4:29:18 PM] [Info] Installing workshop item: 2796081018
[12/19/2022 4:29:18 PM] [Info] Installed workshop item: 2796081018
[12/19/2022 4:29:18 PM] [Info] Skipping level config override Animals.Max_Instances_Medium because server value (50) is not the default (16)
[12/19/2022 4:29:18 PM] [Info] Skipping level config override Items.Quality_Full_Chance because server value (1) is not the default (0.1)
[12/19/2022 4:29:18 PM] [Info] Level overrides config Barricades.Allow_Item_Placement_On_Vehicle: False (Default: True)
[12/19/2022 4:29:18 PM] [Info] Level overrides config Barricades.Allow_Trap_Placement_On_Vehicle: False (Default: True)
[12/19/2022 4:29:18 PM] [Info] Skipping level config override Barricades.Gun_Lowcal_Damage_Multiplier because server value (5) is not the default (1)
[12/19/2022 4:29:18 PM] [Info] Skipping level config override Barricades.Gun_Highcal_Damage_Multiplier because server value (5) is not the default (1)
[12/19/2022 4:29:18 PM] [Info] Skipping level config override Barricades.Armor_Lowtier_Multiplier because server value (5) is not the default (1)
[12/19/2022 4:29:18 PM] [Info] Skipping level config override Barricades.Armor_Hightier_Multiplier because server value (5) is not the default (0.5)
[12/19/2022 4:29:18 PM] [Info] Skipping level config override Structures.Gun_Lowcal_Damage_Multiplier because server value (5) is not the default (1)
[12/19/2022 4:29:18 PM] [Info] Skipping level config override Structures.Gun_Highcal_Damage_Multiplier because server value (5) is not the default (1)
[12/19/2022 4:29:18 PM] [Info] Skipping level config override Structures.Armor_Lowtier_Multiplier because server value (5) is not the default (1)
[12/19/2022 4:29:18 PM] [Info] Skipping level config override Structures.Armor_Hightier_Multiplier because server value (5) is not the default (0.5)
[12/19/2022 4:29:18 PM] [Info] Skipping level config override Structures.Melee_Damage_Multiplier because server value (5) is not the default (1)
[12/19/2022 4:29:18 PM] [Info] Skipping level config override Structures.Melee_Repair_Multiplier because server value (5) is not the default (1)
[12/19/2022 4:29:18 PM] [Info] Skipping level config override Events.Airdrop_Speed because server value (1) is not the default (128)
[12/19/2022 4:29:18 PM] [Info] Skipping level config override Events.Airdrop_Force because server value (1) is not the default (9.5)
[12/19/2022 4:29:18 PM] [Info] Skipping level config override Vehicles.Gun_Lowcal_Damage_Multiplier because server value (0.5) is not the default (1)
[12/19/2022 4:29:18 PM] [Info] Skipping level config override Vehicles.Melee_Damage_Multiplier because server value (0.5) is not the default (1)
[12/19/2022 4:29:18 PM] [Info] Skipping level config override Vehicles.Min_Battery_Charge because server value (1) is not the default (0.5)
[12/19/2022 4:29:18 PM] [Info] Skipping level config override Vehicles.Max_Battery_Charge because server value (1) is not the default (0.75)
[12/19/2022 4:29:18 PM] [Info] Skipping level config override Vehicles.Has_Battery_Chance because server value (1) is not the default (0.8)
[12/19/2022 4:29:18 PM] [Info] Skipping level config override Vehicles.Max_Instances_Medium because server value (40) is not the default (16)
[12/19/2022 4:29:18 PM] [Info] Level overrides config Vehicles.Armor_Multiplier: 0.375 (Default: 1)
[12/19/2022 4:29:18 PM] [Info] Level overrides config Players.Experience_Multiplier: 1 (Default: 1)
[12/19/2022 4:29:18 PM] [Info] Skipping level config override Players.Lose_Skills_PvP because server value (1) is not the default (0.75)
[12/19/2022 4:29:18 PM] [Info] Skipping level config override Players.Lose_Skills_PvE because server value (1) is not the default (0.75)
[12/19/2022 4:29:18 PM] [Info] Skipping level config override Players.Virus_Infect because server value (90) is not the default (50)
[12/19/2022 4:29:18 PM] [Info] Level overrides config Zombies.Armor_Multiplier: 1 (Default: 1)
[12/19/2022 4:29:18 PM] [Info] Skipping level config override Zombies.Full_Moon_Experience_Multiplier because server value (5) is not the default (2)
[12/19/2022 4:29:18 PM] [Info] Skipping level config override Zombies.Spawn_Chance because server value (1) is not the default (0.25)
[12/19/2022 4:29:18 PM] [Info] Level overrides config Zombies.Min_Mega_Drops: 1 (Default: 5)
[12/19/2022 4:29:18 PM] [Info] Skipping level config override Zombies.Max_Mega_Drops because server value (10) is not the default (5)
[12/19/2022 4:29:18 PM] [Info] Skipping level config override Zombies.Min_Boss_Drops because server value (5) is not the default (8)
[12/19/2022 4:29:18 PM] [Info] Level overrides config Zombies.Max_Boss_Drops: 1 (Default: 10)
[12/19/2022 4:29:18 PM] [Info] Skipping level config override Zombies.Loot_Chance because server value (1) is not the default (0.5)
[12/19/2022 4:29:18 PM] [Info] Level overrides config Gameplay.Chart: True (Default: False)
[12/19/2022 4:29:18 PM] [Info] Monitoring workshop map 'A6 Polaris' (2898548949) for changes
[12/19/2022 4:29:18 PM] [Info] Loading level: 8%
[12/19/2022 4:29:24 PM] [Info] Loading level: 16%
[12/19/2022 4:29:24 PM] [Info] Loading level: 25%
[12/19/2022 4:29:24 PM] [Info] Loading level: 33%
[12/19/2022 4:29:24 PM] [Info] Loading level: 41%
[12/19/2022 4:29:24 PM] [Info] Loading level: 50%
[12/19/2022 4:29:24 PM] [Info] Loading level: 58%
[12/19/2022 4:29:24 PM] [Info] Loading level: 66%
[12/19/2022 4:29:25 PM] [Info] Loading level: 75%
[12/19/2022 4:29:25 PM] [Info] Loading level: 83%
[12/19/2022 4:29:25 PM] [Info] Loading level: 91%
[12/19/2022 4:29:25 PM] [Info] Loading level: 100%
[12/19/2022 4:29:50 PM] [Info] BattlEye Server: Player #0 Red__Bear (73.253.101.49:63841) connected
[12/19/2022 4:29:50 PM] [Info] BattlEye Server: Player #0 Red__Bear - BE GUID: f4abbf8aa333c3b24b5656c70080f342
[12/19/2022 4:29:50 PM] [Info] Connecting: PlayerID: 76561199035738472 Name: Red__Bear Character: Red__Bear
[12/19/2022 4:29:50 PM] [Info] BattlEye Server: Connected to BE Master
[12/19/2022 4:30:19 PM] [Info] [Group] Red__Bear [Red__Bear]: "/p"
[12/19/2022 4:30:19 PM] [Info] BattlEye Server: Player #1 JACK THE RIPPER (108.90.241.159:58555) connected
[12/19/2022 4:30:19 PM] [Info] BattlEye Server: Player #1 JACK THE RIPPER - BE GUID: 0b39942d7d9a57c3719c1f802044c592
[12/19/2022 4:30:22 PM] [Info] Connecting: PlayerID: 76561199074224396 Name: JACK THE RIPPER Character: reaper
[12/19/2022 4:30:22 PM] [Info] [Group] Red__Bear [Red__Bear]: "/homes"
[12/19/2022 4:30:30 PM] [Info] [Group] Red__Bear [Red__Bear]: "/home 1"
[12/19/2022 4:30:33 PM] [Info] [Group] Red__Bear [Red__Bear]: "/home 2"
[12/19/2022 4:30:37 PM] [Info] [Group] Red__Bear [Red__Bear]: "/home list"
[12/19/2022 4:30:39 PM] [Info] [Group] Red__Bear [Red__Bear]: "/homelist"
[12/19/2022 4:31:32 PM] [Info] [Group] Red__Bear [Red__Bear]: "/homes"
[12/19/2022 4:31:37 PM] [Info] [Group] Red__Bear [Red__Bear]: "/sethome"
[12/19/2022 4:31:45 PM] [Info] [Group] Red__Bear [Red__Bear]: "/homerename"
[12/19/2022 4:32:00 PM] [Info] [Group] Red__Bear [Red__Bear]: "/home s s"
[12/19/2022 4:32:28 PM] [Info] [Group] Red__Bear [Red__Bear]: "/i bed"
[12/19/2022 4:33:02 PM] [Info] Giving Red__Bear item 19864:1
[12/19/2022 4:33:02 PM] [Info] [Group] Red__Bear [Red__Bear]: "/kits"
[12/19/2022 4:33:05 PM] [Info] [Group] Red__Bear [Red__Bear]: "/kit starter"
[12/19/2022 4:33:07 PM] [Info] [Group] Red__Bear [Red__Bear]: "/kit"
[12/19/2022 4:33:09 PM] [Info] [Group] Red__Bear [Red__Bear]: "/ckit"
[12/19/2022 4:33:47 PM] [Info] [Group] Red__Bear [Red__Bear]: "/teleport wp"
[12/19/2022 4:33:49 PM] [Info] Successfully teleported Red__Bear to waypoint!
[12/19/2022 4:33:49 PM] [Info] [World] reaper [JACK THE RIPPER]: "can you ask someone about it"
[12/19/2022 4:34:13 PM] [Info] [World] reaper [JACK THE RIPPER]: "what about five"
[12/19/2022 4:34:30 PM] [Info] [Group] Red__Bear [Red__Bear]: "/i 19909 4"
[12/19/2022 4:34:39 PM] [Info] Giving Red__Bear item 19909:4
[12/19/2022 4:34:39 PM] [Info] [Group] Red__Bear [Red__Bear]: "/i 19909 2"
[12/19/2022 4:34:39 PM] [Info] Giving Red__Bear item 19909:2
[12/19/2022 4:37:17 PM] [Info] [Group] Red__Bear [Red__Bear]: "/kick red"
[12/19/2022 4:37:46 PM] [Info] BattlEye Server: Player #0 Red__Bear disconnected
[12/19/2022 4:37:46 PM] [Info] Successfully kicked Red__Bear!
[12/19/2022 4:37:46 PM] [Info] [World] reaper [JACK THE RIPPER]: "/vault"
[12/19/2022 4:37:51 PM] [Info] [World] reaper [JACK THE RIPPER]: "can we have vault?"
[12/19/2022 4:57:28 PM] [Info] Disconnecting: PlayerID: 76561199074224396 Name: JACK THE RIPPER Character: reaper
[12/19/2022 4:57:28 PM] [Info] BattlEye Server: Player #1 JACK THE RIPPER disconnected
[12/19/2022 4:58:10 PM] [Info] BattlEye Server: Player #0 JACK THE RIPPER (108.90.241.159:52612) connected
[12/19/2022 4:58:10 PM] [Info] BattlEye Server: Player #0 JACK THE RIPPER - BE GUID: 0b39942d7d9a57c3719c1f802044c592
[12/19/2022 4:58:29 PM] [Info] Connecting: PlayerID: 76561199074224396 Name: JACK THE RIPPER Character: reaper
[12/19/2022 4:58:29 PM] [Info] Saving server
[12/19/2022 5:28:29 PM] [Info] Saving server
[12/19/2022 5:58:29 PM] [Info] Saving server
[12/19/2022 6:12:46 PM] [Info] [World] reaper [JACK THE RIPPER]: "/home"
[12/19/2022 6:21:31 PM] [Info] [World] reaper [JACK THE RIPPER]: "/home"
[12/19/2022 6:25:05 PM] [Info] [World] reaper [JACK THE RIPPER]: "/home"
[12/19/2022 6:28:29 PM] [Info] Saving server
[12/19/2022 6:31:34 PM] [Info] reaper [JACK THE RIPPER] was mauled by a zombie!
[12/19/2022 6:31:37 PM] [Info] [World] reaper [JACK THE RIPPER]: "/home"
[12/19/2022 6:33:12 PM] [Info] [World] reaper [JACK THE RIPPER]: "/home"
[12/19/2022 6:47:49 PM] [Info] Disconnecting: PlayerID: 76561199074224396 Name: JACK THE RIPPER Character: reaper
[12/19/2022 6:47:49 PM] [Info] BattlEye Server: Player #0 JACK THE RIPPER disconnected
[12/19/2022 6:58:29 PM] [Info] Saving server
[12/19/2022 7:28:29 PM] [Info] Saving server
[12/19/2022 7:58:29 PM] [Info] Saving server
[12/19/2022 8:04:20 PM] [Info] BattlEye Server: Player #0 JACK THE RIPPER (108.90.241.159:64553) connected
[12/19/2022 8:04:20 PM] [Info] BattlEye Server: Player #0 JACK THE RIPPER - BE GUID: 0b39942d7d9a57c3719c1f802044c592
[12/19/2022 8:10:22 PM] [Info] Connecting: PlayerID: 76561199074224396 Name: JACK THE RIPPER Character: reaper
[12/19/2022 8:10:22 PM] [Info] Lost connection to Steam servers because k_EResultOK
[12/19/2022 8:51:51 PM] [Info] Saving server
[12/19/2022 8:52:17 PM] [Info] Kicking for inactivity: PlayerID: 76561199074224396 Name: JACK THE RIPPER Character: reaper
[12/19/2022 8:52:17 PM] [Info] Disconnecting: PlayerID: 76561199074224396 Name: JACK THE RIPPER Character: reaper
[12/19/2022 8:52:17 PM] [Info] BattlEye Server: Player #0 JACK THE RIPPER disconnected
[12/19/2022 8:52:17 PM] [Info] BattlEye Server: Failed to receive from BE Master (10054)
[12/19/2022 8:52:17 PM] [Info] BattlEye Server: Disconnected from BE Master
[12/19/2022 8:53:44 PM] [Info] BattlEye Server: Player #0 Red__Bear (73.253.101.49:62646) connected
[12/19/2022 8:53:44 PM] [Info] BattlEye Server: Player #0 Red__Bear - BE GUID: f4abbf8aa333c3b24b5656c70080f342
[12/19/2022 8:54:12 PM] [Info] Connecting: PlayerID: 76561199035738472 Name: Red__Bear Character: Red__Bear
[12/19/2022 8:54:12 PM] [Info] BattlEye Server: Connected to BE Master
[12/19/2022 8:54:13 PM] [Info] [Group] Red__Bear [Red__Bear]: "/i bed"
[12/19/2022 8:54:22 PM] [Info] Giving Red__Bear item 19864:1
[12/19/2022 8:54:22 PM] [Info] BattlEye Server: Player #1 JACK THE RIPPER (108.90.241.159:57135) connected
[12/19/2022 8:54:22 PM] [Info] BattlEye Server: Player #1 JACK THE RIPPER - BE GUID: 0b39942d7d9a57c3719c1f802044c592
[12/19/2022 8:54:27 PM] [Info] Connecting: PlayerID: 76561199074224396 Name: JACK THE RIPPER Character: reaper
[12/19/2022 8:54:27 PM] [Info] BattlEye Server: Player #2 Cheese Boi (173.3.120.91:55735) connected
[12/19/2022 8:54:27 PM] [Info] BattlEye Server: Player #2 Cheese Boi - BE GUID: 2b512fb04534f10758ddfe662a41a811
[12/19/2022 8:54:57 PM] [Info] Connecting: PlayerID: 76561199129498897 Name: Cheese Boi Character: [ Sheriff ] Soprano
[12/19/2022 8:54:57 PM] [Info] [Group] Red__Bear [Red__Bear]: "/teleport wp"
[12/19/2022 8:54:57 PM] [Info] Successfully teleported Red__Bear to waypoint!
[12/19/2022 8:55:16 PM] [Info] Kicking for inactivity: PlayerID: 76561199129498897 Name: Cheese Boi Character: [ Sheriff ] Soprano
[12/19/2022 8:55:20 PM] [Info] Disconnecting: PlayerID: 76561199129498897 Name: Cheese Boi Character: [ Sheriff ] Soprano
[12/19/2022 8:55:20 PM] [Info] BattlEye Server: Player #2 Cheese Boi disconnected
[12/19/2022 8:55:20 PM] [Info] [World] reaper [JACK THE RIPPER]: "can i have admen"
[12/19/2022 8:55:29 PM] [Info] [World] reaper [JACK THE RIPPER]: "yes"
[12/19/2022 8:55:36 PM] [Info] [World] reaper [JACK THE RIPPER]: "also i need to do a trade red"
[12/19/2022 8:55:47 PM] [Info] [Group] Red__Bear [Red__Bear]: "/home"
[12/19/2022 8:55:50 PM] [Info] [Group] Red__Bear [Red__Bear]: "/tphere reaper"
[12/19/2022 8:55:55 PM] [Info] reaper was teleported to Red__Bear
[12/19/2022 8:55:55 PM] [Info] [Group] Red__Bear [Red__Bear]: "/admin reaper"
[12/19/2022 8:55:55 PM] [Info] [World] reaper [JACK THE RIPPER]: "my base"
[12/19/2022 8:56:03 PM] [Info] [World] reaper [JACK THE RIPPER]: "wtf"
[12/19/2022 8:56:05 PM] [Info] [World] reaper [JACK THE RIPPER]: "how"
[12/19/2022 8:56:10 PM] [Info] [World] reaper [JACK THE RIPPER]: "how"
[12/19/2022 8:56:19 PM] [Info] [World] reaper [JACK THE RIPPER]: "how much for this'"
[12/19/2022 8:56:57 PM] [Info] [World] reaper [JACK THE RIPPER]: "red how much for half zombie and half human???"
[12/19/2022 8:57:36 PM] [Info] [World] reaper [JACK THE RIPPER]: "how much"
[12/19/2022 8:57:51 PM] [Info] [World] reaper [JACK THE RIPPER]: "this"
[12/19/2022 8:57:52 PM] [Info] BattlEye Server: Player #2 Cheese Boi (173.3.120.91:54619) connected
[12/19/2022 8:57:52 PM] [Info] BattlEye Server: Player #2 Cheese Boi - BE GUID: 2b512fb04534f10758ddfe662a41a811
[12/19/2022 8:57:57 PM] [Info] Connecting: PlayerID: 76561199129498897 Name: Cheese Boi Character: [ Sheriff ] Soprano
[12/19/2022 8:57:57 PM] [Info] [World] reaper [JACK THE RIPPER]: "look so cool"
[12/19/2022 8:58:41 PM] [Info] [World] reaper [JACK THE RIPPER]: "/home"
[12/19/2022 8:58:48 PM] [Info] [World] reaper [JACK THE RIPPER]: "/tp red"
[12/19/2022 8:59:03 PM] [Info] reaper teleported to Red__Bear
[12/19/2022 8:59:03 PM] [Info] [World] reaper [JACK THE RIPPER]: "trade"
[12/19/2022 8:59:31 PM] [Info] [World] reaper [JACK THE RIPPER]: "i thohgt it be og"
[12/19/2022 8:59:51 PM] [Info] [World] reaper [JACK THE RIPPER]: "nothing but can i change this to a better one"
[12/19/2022 8:59:59 PM] [Info] [Group] Red__Bear [Red__Bear]: "/i "try tur""
[12/19/2022 9:00:09 PM] [Info] Giving Red__Bear item 19513:1
[12/19/2022 9:00:09 PM] [Info] [World] reaper [JACK THE RIPPER]: "i be back to do my"
[12/19/2022 9:00:12 PM] [Info] [World] reaper [JACK THE RIPPER]: "more"
[12/19/2022 9:00:14 PM] [Info] [World] reaper [JACK THE RIPPER]: "/home"
[12/19/2022 9:00:52 PM] [Info] [World] reaper [JACK THE RIPPER]: "no."
[12/19/2022 9:00:58 PM] [Info] [World] reaper [JACK THE RIPPER]: "/tp red"
[12/19/2022 9:00:58 PM] [Info] reaper teleported to Red__Bear
[12/19/2022 9:01:01 PM] [Info] [World] reaper [JACK THE RIPPER]: "show me"
[12/19/2022 9:01:06 PM] [Info] reaper [JACK THE RIPPER] was chopped in the head by Red__Bear [Red__Bear]!
[12/19/2022 9:01:11 PM] [Info] [World] reaper [JACK THE RIPPER]: "oh that"
[12/19/2022 9:01:14 PM] [Info] [World] reaper [JACK THE RIPPER]: "i have one"
[12/19/2022 9:01:15 PM] [Info] [World] reaper [JACK THE RIPPER]: "/home"
[12/19/2022 9:01:16 PM] [Info] reaper moved x:-578.5469 y:40.5989(+15.02726) z:-650.5625 in the last second (0.09999847)
[12/19/2022 9:01:31 PM] [Info] [World] reaper [JACK THE RIPPER]: "/tp red"
[12/19/2022 9:01:31 PM] [Info] reaper teleported to Red__Bear
[12/19/2022 9:01:39 PM] [Info] [World] reaper [JACK THE RIPPER]: "i got this from a zombie"
[12/19/2022 9:01:47 PM] [Info] [World] reaper [JACK THE RIPPER]: "wtf"
[12/19/2022 9:01:59 PM] [Info] [World] reaper [JACK THE RIPPER]: "/home"
[12/19/2022 9:02:02 PM] [Info] [World] reaper [JACK THE RIPPER]: "am dead"
[12/19/2022 9:02:03 PM] [Info] reaper [JACK THE RIPPER] bled to death!
[12/19/2022 9:02:06 PM] [Info] [World] reaper [JACK THE RIPPER]: "/home"
[12/19/2022 9:02:12 PM] [Info] [World] reaper [JACK THE RIPPER]: "ya"
[12/19/2022 9:02:16 PM] [Info] [World] reaper [JACK THE RIPPER]: "/tp james"
[12/19/2022 9:02:23 PM] [Info] [World] reaper [JACK THE RIPPER]: "no"
[12/19/2022 9:02:49 PM] [Info] [World] reaper [JACK THE RIPPER]: "james what your white truck back"
[12/19/2022 9:03:00 PM] [Info] [World] reaper [JACK THE RIPPER]: "come to my house"
[12/19/2022 9:04:27 PM] [Info] [World] reaper [JACK THE RIPPER]: "/teleport wp"
[12/19/2022 9:04:27 PM] [Info] Successfully teleported JACK THE RIPPER to waypoint!
[12/19/2022 9:04:49 PM] [Info] [Group] Red__Bear [Red__Bear]: "/i 19323"
[12/19/2022 9:04:49 PM] [Info] Giving Red__Bear item 19323:1
[12/19/2022 9:04:50 PM] [Info] [World] reaper [JACK THE RIPPER]: "/teleport wp"
[12/19/2022 9:04:50 PM] [Info] Successfully teleported JACK THE RIPPER to waypoint!
[12/19/2022 9:05:01 PM] [Info] [Group] Red__Bear [Red__Bear]: "/i "zolash mag""
[12/19/2022 9:05:05 PM] [Info] Giving Red__Bear item 19315:1
[12/19/2022 9:05:05 PM] [Info] [World] reaper [JACK THE RIPPER]: "can i have them"
[12/19/2022 9:05:12 PM] [Info] [Group] Red__Bear [Red__Bear]: "/kill red"
[12/19/2022 9:05:15 PM] [Info] Successfully killed Red__Bear!
[12/19/2022 9:05:15 PM] [Info] [Group] Red__Bear [Red__Bear]: "/back"
[12/19/2022 9:05:17 PM] [Info] [Group] Red__Bear [Red__Bear]: "/home"
[12/19/2022 9:05:18 PM] [Info] [World] reaper [JACK THE RIPPER]: "/home"
[12/19/2022 9:06:35 PM] [Info] [Group] Red__Bear [Red__Bear]: "/i 19498"
[12/19/2022 9:06:35 PM] [Info] Giving Red__Bear item 19498:1
[12/19/2022 9:07:02 PM] [Info] [Group] Red__Bear [Red__Bear]: "/i "zolash bra""
[12/19/2022 9:07:06 PM] [Info] [Group] Red__Bear [Red__Bear]: "/i "zolash com""
[12/19/2022 9:07:08 PM] [Info] [Group] Red__Bear [Red__Bear]: "/i compen"
[12/19/2022 9:07:12 PM] [Info] Giving Red__Bear item 36145:1
[12/19/2022 9:07:12 PM] [Info] [Group] Red__Bear [Red__Bear]: "/i brake"
[12/19/2022 9:07:19 PM] [Info] Giving Red__Bear item 36144:1
[12/19/2022 9:07:19 PM] [Info] [Group] Red__Bear [Red__Bear]: "/i "zolash sup""
[12/19/2022 9:07:22 PM] [Info] Giving Red__Bear item 19324:1
[12/19/2022 9:07:22 PM] [Info] [Group] Red__Bear [Red__Bear]: "/tp james"
[12/19/2022 9:07:26 PM] [Info] [Group] Red__Bear [Red__Bear]: "/tp sop"
[12/19/2022 9:07:26 PM] [Info] Red__Bear teleported to [ Sheriff ] Soprano
[12/19/2022 9:07:46 PM] [Info] [World] reaper [JACK THE RIPPER]: "/teleprot wp"
[12/19/2022 9:07:49 PM] [Info] [World] reaper [JACK THE RIPPER]: "/teleport wp"
[12/19/2022 9:07:49 PM] [Info] Successfully teleported JACK THE RIPPER to waypoint!
[12/19/2022 9:08:38 PM] [Info] [Group] Red__Bear [Red__Bear]: "/home"
[12/19/2022 9:08:57 PM] [Info] [World] reaper [JACK THE RIPPER]: "/teleport wp"
[12/19/2022 9:08:57 PM] [Info] Successfully teleported JACK THE RIPPER to waypoint!
[12/19/2022 9:08:59 PM] [Info] [Group] Red__Bear [Red__Bear]: "/teleport wp"
[12/19/2022 9:08:59 PM] [Info] Successfully teleported Red__Bear to waypoint!
[12/19/2022 9:09:16 PM] [Info] [Group] Red__Bear [Red__Bear]: "/kick red"
[12/19/2022 9:09:24 PM] [Info] BattlEye Server: Player #0 Red__Bear disconnected
[12/19/2022 9:09:24 PM] [Info] Successfully kicked Red__Bear!
[12/19/2022 9:09:24 PM] [Info] [World] reaper [JACK THE RIPPER]: "/teleport wp"
[12/19/2022 9:09:24 PM] [Info] Successfully teleported JACK THE RIPPER to waypoint!
[12/19/2022 9:09:51 PM] [Info] BattlEye Server: Player #3 Red__Bear (73.253.101.49:64879) connected
[12/19/2022 9:09:51 PM] [Info] BattlEye Server: Player #3 Red__Bear - BE GUID: f4abbf8aa333c3b24b5656c70080f342
[12/19/2022 9:10:03 PM] [Info] Connecting: PlayerID: 76561199035738472 Name: Red__Bear Character: Red__Bear
[12/19/2022 9:10:03 PM] [Info] [Group] Red__Bear [Red__Bear]: "/home"
[12/19/2022 9:10:12 PM] [Info] [World] reaper [JACK THE RIPPER]: "/tp sop"
[12/19/2022 9:10:12 PM] [Info] reaper teleported to [ Sheriff ] Soprano
[12/19/2022 9:10:13 PM] [Info] reaper moved x:-467.8956 y:41.97444(+17.8835) z:-181.9131 in the last second (0.09992218)
[12/19/2022 9:10:16 PM] [Info] [World] reaper [JACK THE RIPPER]: "hi"
[12/19/2022 9:10:21 PM] [Info] [World] reaper [JACK THE RIPPER]: "nice house"
[12/19/2022 9:10:24 PM] [Info] [Group] Red__Bear [Red__Bear]: "/tp reaper"
[12/19/2022 9:10:24 PM] [Info] Red__Bear teleported to reaper
[12/19/2022 9:10:28 PM] [Info] [World] reaper [JACK THE RIPPER]: "omg"
[12/19/2022 9:10:31 PM] [Info] [World] reaper [JACK THE RIPPER]: "blue man"
[12/19/2022 9:10:50 PM] [Info] [Group] Red__Bear [Red__Bear]: "/home"
[12/19/2022 9:11:21 PM] [Info] [World] reaper [JACK THE RIPPER]: "sos"
[12/19/2022 9:11:30 PM] [Info] [World] reaper [JACK THE RIPPER]: "james have rob my axe"
[12/19/2022 9:11:36 PM] [Info] [Group] Red__Bear [Red__Bear]: "/i 19358"
[12/19/2022 9:11:51 PM] [Info] Giving Red__Bear item 19358:1
[12/19/2022 9:11:51 PM] [Info] [Group] Red__Bear [Red__Bear]: "/ammo"
[12/19/2022 9:11:56 PM] [Info] [Group] Red__Bear [Red__Bear]: "/tp james"
[12/19/2022 9:11:58 PM] [Info] [Group] Red__Bear [Red__Bear]: "/tp sop"
[12/19/2022 9:11:58 PM] [Info] Red__Bear teleported to [ Sheriff ] Soprano
[12/19/2022 9:12:06 PM] [Info] [World] reaper [JACK THE RIPPER]: "/home"
[12/19/2022 9:12:07 PM] [Info] [Group] Red__Bear [Red__Bear]: "/home"
[12/19/2022 9:12:34 PM] [Info] [Group] Red__Bear [Red__Bear]: "/i "swat top""
[12/19/2022 9:12:38 PM] [Info] Giving Red__Bear item 36157:1
[12/19/2022 9:12:38 PM] [Info] [Area] Red__Bear [Red__Bear]: "/i "swat bot""
[12/19/2022 9:12:44 PM] [Info] Giving Red__Bear item 36156:1
[12/19/2022 9:12:44 PM] [Info] [Group] Red__Bear [Red__Bear]: "/i "swat helm""
[12/19/2022 9:13:11 PM] [Info] Giving Red__Bear item 36161:1
[12/19/2022 9:13:11 PM] [Info] [Group] Red__Bear [Red__Bear]: "/i "rpg rock""
[12/19/2022 9:13:31 PM] [Info] [Group] Red__Bear [Red__Bear]: "/i 19359"
[12/19/2022 9:13:31 PM] [Info] Giving Red__Bear item 19359:1
[12/19/2022 9:13:35 PM] [Info] [Group] Red__Bear [Red__Bear]: "/i 19360"
[12/19/2022 9:13:35 PM] [Info] Giving Red__Bear item 19360:1
[12/19/2022 9:13:39 PM] [Info] [Area] Red__Bear [Red__Bear]: "/i 19357"
[12/19/2022 9:13:39 PM] [Info] Giving Red__Bear item 19357:1
[12/19/2022 9:14:01 PM] [Info] [Group] Red__Bear [Red__Bear]: "/tp sher"
[12/19/2022 9:14:48 PM] [Info] Red__Bear teleported to [ Sheriff ] Soprano
[12/19/2022 9:14:48 PM] [Info] [Group] Red__Bear [Red__Bear]: "/home"
[12/19/2022 9:15:35 PM] [Info] [Group] Red__Bear [Red__Bear]: "/i 19767"
[12/19/2022 9:15:35 PM] [Info] Giving Red__Bear item 19767:1
[12/19/2022 9:15:39 PM] [Info] [Area] Red__Bear [Red__Bear]: "/i 19768"
[12/19/2022 9:15:39 PM] [Info] Giving Red__Bear item 19768:1
[12/19/2022 9:16:04 PM] [Info] [Group] Red__Bear [Red__Bear]: "/i 19747"
[12/19/2022 9:16:04 PM] [Info] Giving Red__Bear item 19747:1
[12/19/2022 9:16:07 PM] [Info] [Group] Red__Bear [Red__Bear]: "/i 19748"
[12/19/2022 9:16:07 PM] [Info] Giving Red__Bear item 19748:1
[12/19/2022 9:16:17 PM] [Info] [Group] Red__Bear [Red__Bear]: "/tp sher"
[12/19/2022 9:16:17 PM] [Info] Red__Bear teleported to [ Sheriff ] Soprano
[12/19/2022 9:16:53 PM] [Info] [World] reaper [JACK THE RIPPER]: "/tp sop"
[12/19/2022 9:16:53 PM] [Info] reaper teleported to [ Sheriff ] Soprano
[12/19/2022 9:17:12 PM] [Info] [Group] Red__Bear [Red__Bear]: "/i 19756"
[12/19/2022 9:17:12 PM] [Info] Giving Red__Bear item 19756:1
[12/19/2022 9:17:14 PM] [Info] [Group] Red__Bear [Red__Bear]: "/i 19757"
[12/19/2022 9:17:14 PM] [Info] Giving Red__Bear item 19757:1
[12/19/2022 9:17:26 PM] [Info] [World] reaper [JACK THE RIPPER]: "/teleport wp"
[12/19/2022 9:17:26 PM] [Info] Successfully teleported JACK THE RIPPER to waypoint!
[12/19/2022 9:17:57 PM] [Info] [World] reaper [JACK THE RIPPER]: "/home"
[12/19/2022 9:17:59 PM] [Info] [World] [ Sheriff ] Soprano [Cheese Boi]: "day"
[12/19/2022 9:18:00 PM] [Info] [World] [ Sheriff ] Soprano [Cheese Boi]: "/day"
[12/19/2022 9:18:09 PM] [Info] Successfully set time to day!
[12/19/2022 9:18:09 PM] [Info] [Group] Red__Bear [Red__Bear]: "/i 19869"
[12/19/2022 9:18:09 PM] [Info] Giving Red__Bear item 19869:1
[12/19/2022 9:18:25 PM] [Info] [World] reaper [JACK THE RIPPER]: "/teleport wp"
[12/19/2022 9:18:25 PM] [Info] Successfully teleported JACK THE RIPPER to waypoint!
[12/19/2022 9:18:27 PM] [Info] [Group] Red__Bear [Red__Bear]: "/i 19867"
[12/19/2022 9:18:27 PM] [Info] Giving Red__Bear item 19867:1
[12/19/2022 9:18:56 PM] [Info] [World] reaper [JACK THE RIPPER]: "/teleport wp"
[12/19/2022 9:18:56 PM] [Info] Successfully teleported JACK THE RIPPER to waypoint!
[12/19/2022 9:19:08 PM] [Info] [Group] Red__Bear [Red__Bear]: "/i deto"
[12/19/2022 9:19:22 PM] [Info] Giving Red__Bear item 1240:1
[12/19/2022 9:19:22 PM] [Info] [World] reaper [JACK THE RIPPER]: "/teleport wp"
[12/19/2022 9:19:22 PM] [Info] Successfully teleported JACK THE RIPPER to waypoint!
[12/19/2022 9:19:26 PM] [Info] [ Sheriff ] Soprano [Cheese Boi] killed themself.
[12/19/2022 9:19:30 PM] [Info] [World] [ Sheriff ] Soprano [Cheese Boi]: "/home"
[12/19/2022 9:19:31 PM] [Info] [ Sheriff ] Soprano moved x:-464.8984 y:47.1614(+21.12231) z:-168.125 in the last second (0.09999847)
[12/19/2022 9:19:37 PM] [Info] Red__Bear [Red__Bear] was blown up by a landmine!
[12/19/2022 9:19:37 PM] [Info] [World] reaper [JACK THE RIPPER]: "/tp sop"
[12/19/2022 9:19:37 PM] [Info] reaper teleported to [ Sheriff ] Soprano
[12/19/2022 9:19:42 PM] [Info] [Group] Red__Bear [Red__Bear]: "/tp sher"
[12/19/2022 9:19:42 PM] [Info] Red__Bear teleported to [ Sheriff ] Soprano
[12/19/2022 9:19:43 PM] [Info] Red__Bear moved x:-467.6328 y:41.97444(+15.93535) z:-175.6719 in the last second (0.09992218)
[12/19/2022 9:20:10 PM] [Info] [Group] Red__Bear [Red__Bear]: "/home"
[12/19/2022 9:20:23 PM] [Info] [Group] Red__Bear [Red__Bear]: "/i 19867"
[12/19/2022 9:20:23 PM] [Info] Giving Red__Bear item 19867:1
[12/19/2022 9:20:36 PM] [Info] Red__Bear [Red__Bear] was blown up by a landmine!
[12/19/2022 9:21:05 PM] [Info] [Group] Red__Bear [Red__Bear]: "/i 19855"
[12/19/2022 9:21:17 PM] [Info] Giving Red__Bear item 19855:1
[12/19/2022 9:21:17 PM] [Info] [World] reaper [JACK THE RIPPER]: "/home"
[12/19/2022 9:21:21 PM] [Info] [Group] Red__Bear [Red__Bear]: "/i 19857"
[12/19/2022 9:21:26 PM] [Info] Giving Red__Bear item 19857:1
[12/19/2022 9:21:26 PM] [Info] [Group] Red__Bear [Red__Bear]: "/i casket"
[12/19/2022 9:21:31 PM] [Info] Giving Red__Bear item 19860:1
[12/19/2022 9:21:31 PM] [Info] [Group] Red__Bear [Red__Bear]: "/i 19858"
[12/19/2022 9:21:31 PM] [Info] Giving Red__Bear item 19858:1
[12/19/2022 9:21:33 PM] [Info] [Group] Red__Bear [Red__Bear]: "/i 19856"
[12/19/2022 9:21:33 PM] [Info] Giving Red__Bear item 19856:1
[12/19/2022 9:21:41 PM] [Info] Red__Bear [Red__Bear] killed themself.
[12/19/2022 9:21:45 PM] [Info] [Group] Red__Bear [Red__Bear]: "/home"
[12/19/2022 9:21:51 PM] [Info] Saving server
[12/19/2022 9:22:04 PM] [Info] [Group] Red__Bear [Red__Bear]: "/i "ar-762""
[12/19/2022 9:22:06 PM] [Info] [Group] reaper [JACK THE RIPPER]: "am at my base"
[12/19/2022 9:22:06 PM] [Info] [World] Red__Bear [Red__Bear]: "/i "ar-7""
[12/19/2022 9:22:10 PM] [Info] [World] reaper [JACK THE RIPPER]: "am at my base"
[12/19/2022 9:22:11 PM] [Info] [Area] Red__Bear [Red__Bear]: "/i "ar 762""
[12/19/2022 9:22:15 PM] [Info] [Area] Red__Bear [Red__Bear]: "/i "ar 7""
[12/19/2022 9:22:23 PM] [Info] [World] reaper [JACK THE RIPPER]: "/tp red"
[12/19/2022 9:22:23 PM] [Info] reaper teleported to Red__Bear
[12/19/2022 9:22:26 PM] [Info] [Group] Red__Bear [Red__Bear]: "/i 19853"
[12/19/2022 9:22:35 PM] [Info] Giving Red__Bear item 19853:1
[12/19/2022 9:22:35 PM] [Info] [World] reaper [JACK THE RIPPER]: "blue"
[12/19/2022 9:22:37 PM] [Info] [Group] Red__Bear [Red__Bear]: "/i "ghost sight""
[12/19/2022 9:22:40 PM] [Info] Giving Red__Bear item 19435:1
[12/19/2022 9:22:40 PM] [Info] [World] reaper [JACK THE RIPPER]: "where are we"
[12/19/2022 9:23:15 PM] [Info] [World] reaper [JACK THE RIPPER]: "/teleprot wp"
[12/19/2022 9:23:19 PM] [Info] [World] reaper [JACK THE RIPPER]: "/teleport wp"
[12/19/2022 9:23:19 PM] [Info] Successfully teleported JACK THE RIPPER to waypoint!
[12/19/2022 9:23:40 PM] [Info] [World] reaper [JACK THE RIPPER]: "/home"
[12/19/2022 9:24:12 PM] [Info] [Group] Red__Bear [Red__Bear]: "/i "penguin low""
[12/19/2022 9:24:31 PM] [Info] Giving Red__Bear item 36584:1
[12/19/2022 9:24:31 PM] [Info] [World] [ Sheriff ] Soprano [Cheese Boi]: "/home"
[12/19/2022 9:24:32 PM] [Info] [ Sheriff ] Soprano moved x:-464.8984 y:47.1614(+17.24991) z:-168.125 in the last second (0.09999847)
[12/19/2022 9:24:38 PM] [Info] [World] reaper [JACK THE RIPPER]: "/home"
[12/19/2022 9:24:39 PM] [Info] [Area] Red__Bear [Red__Bear]: "/tp reaper"
[12/19/2022 9:24:39 PM] [Info] Red__Bear teleported to reaper
[12/19/2022 9:24:46 PM] [Info] Red__Bear [Red__Bear] was shot by a sentry gun!
[12/19/2022 9:24:49 PM] [Info] [Group] Red__Bear [Red__Bear]: "/tp reaper"
[12/19/2022 9:24:49 PM] [Info] Red__Bear teleported to reaper
[12/19/2022 9:24:49 PM] [Info] Red__Bear moved x:-582.6016 y:44.59219(+18.80137) z:-655.3984 in the last second (0.09999847)
[12/19/2022 9:25:10 PM] [Info] [World] reaper [JACK THE RIPPER]: "that why am making more"
[12/19/2022 9:25:30 PM] [Info] [World] reaper [JACK THE RIPPER]: "where the fuck are you red'"
[12/19/2022 9:25:53 PM] [Info] [World] reaper [JACK THE RIPPER]: "got you'"
[12/19/2022 9:26:10 PM] [Info] [World] reaper [JACK THE RIPPER]: "red you fuck my door"
[12/19/2022 9:26:28 PM] [Info] [World] reaper [JACK THE RIPPER]: "oh ya have you found that fucker'"
[12/19/2022 9:26:31 PM] [Info] [World] reaper [JACK THE RIPPER]: "we have to kill"
[12/19/2022 9:26:52 PM] [Info] [Group] Red__Bear [Red__Bear]: "/i "wooden bara""
[12/19/2022 9:27:09 PM] [Info] [Group] Red__Bear [Red__Bear]: "/tp sher"
[12/19/2022 9:27:09 PM] [Info] Red__Bear teleported to [ Sheriff ] Soprano
[12/19/2022 9:27:29 PM] [Info] [Group] Red__Bear [Red__Bear]: "/i bounce 5"
[12/19/2022 9:27:36 PM] [Info] Giving Red__Bear item 1691:5
[12/19/2022 9:27:36 PM] [Info] [World] reaper [JACK THE RIPPER]: "/tp sop"
[12/19/2022 9:27:36 PM] [Info] reaper teleported to [ Sheriff ] Soprano
[12/19/2022 9:27:49 PM] [Info] [World] reaper [JACK THE RIPPER]: "ez raid"
[12/19/2022 9:27:49 PM] [Info] [Group] Red__Bear [Red__Bear]: "/i para"
[12/19/2022 9:27:51 PM] [Info] Giving Red__Bear item 36373:1
[12/19/2022 9:27:51 PM] [Info] [World] reaper [JACK THE RIPPER]: "raid"
[12/19/2022 9:27:58 PM] [Info] [World] reaper [JACK THE RIPPER]: "/tp red"
[12/19/2022 9:27:58 PM] [Info] reaper teleported to Red__Bear
[12/19/2022 9:28:04 PM] [Info] [World] reaper [JACK THE RIPPER]: "oh noooooooooo"
[12/19/2022 9:28:33 PM] [Info] Red__Bear moved x:-500.3974 y:84.65216(+30.15397) z:-254.6556 in the last second (30.99945)
[12/19/2022 9:28:49 PM] [Info] [ Sheriff ] Soprano moved x:-511.4169 y:88.0522(+32.56423) z:-248.4001 in the last second (0.718483)
[12/19/2022 9:28:50 PM] [Info] [ Sheriff ] Soprano moved x:-511.6817 y:105.3335(+17.28125) z:-247.7705 in the last second (50.0356)
[12/19/2022 9:29:00 PM] [Info] [Group] Red__Bear [Red__Bear]: "/i bouce 8"
[12/19/2022 9:29:05 PM] [Info] [Group] Red__Bear [Red__Bear]: "/i bounce 8"
[12/19/2022 9:29:22 PM] [Info] Giving Red__Bear item 1691:8
[12/19/2022 9:29:22 PM] [Info] [Group] Red__Bear [Red__Bear]: "/i deto"
[12/19/2022 9:29:25 PM] [Info] Giving Red__Bear item 1240:1
[12/19/2022 9:29:25 PM] [Info] [World] [ Sheriff ] Soprano [Cheese Boi]: "/home"
[12/19/2022 9:29:45 PM] [Info] [Area] Red__Bear [Red__Bear]: "/i bounce 8"
[12/19/2022 9:29:47 PM] [Info] Giving Red__Bear item 1691:8
[12/19/2022 9:29:47 PM] [Info] [Group] Red__Bear [Red__Bear]: "/tp reaper"
[12/19/2022 9:29:47 PM] [Info] Red__Bear teleported to reaper
[12/19/2022 9:30:05 PM] [Info] [World] reaper [JACK THE RIPPER]: "red i found himmmmmm"
[12/19/2022 9:30:16 PM] [Info] [World] reaper [JACK THE RIPPER]: "an player found that funker"
[12/19/2022 9:30:18 PM] [Info] [World] reaper [JACK THE RIPPER]: "fuker"
[12/19/2022 9:30:24 PM] [Info] [World] reaper [JACK THE RIPPER]: "let goo"
[12/19/2022 9:30:31 PM] [Info] [Group] Red__Bear [Red__Bear]: "/v 140"
[12/19/2022 9:30:46 PM] [Info] Giving Red__Bear vehicle 140
[12/19/2022 9:30:46 PM] [Info] [World] reaper [JACK THE RIPPER]: "/teleport wp"
[12/19/2022 9:30:46 PM] [Info] Successfully teleported JACK THE RIPPER to waypoint!
[12/19/2022 9:30:47 PM] [Info] Red__Bear moved x:-277.235 y:126.8306(+16.86764) z:-338.0432 in the last second (91.81941)
[12/19/2022 9:31:16 PM] [Info] Red__Bear [Red__Bear] was blown up by a vehicle!
[12/19/2022 9:31:21 PM] [Info] [Group] Red__Bear [Red__Bear]: "/tp reaper"
[12/19/2022 9:31:21 PM] [Info] Red__Bear teleported to reaper
[12/19/2022 9:31:21 PM] [Info] Red__Bear moved x:363.0391 y:57.84839(+32.22658) z:-860.4844 in the last second (0.1041412)
[12/19/2022 9:31:22 PM] [Info] [World] [ Sheriff ] Soprano [Cheese Boi]: "v 140"
[12/19/2022 9:31:23 PM] [Info] [World] [ Sheriff ] Soprano [Cheese Boi]: "/v 140"
[12/19/2022 9:31:33 PM] [Info] Giving [ Sheriff ] Soprano vehicle 140
[12/19/2022 9:31:33 PM] [Info] [ Sheriff ] Soprano moved x:-575.9582 y:85.49354(+20.76237) z:-128.4218 in the last second (55.43787)
[12/19/2022 9:31:34 PM] [Info] [ Sheriff ] Soprano moved x:-595.7556 y:108.1263(+22.63278) z:-110.8885 in the last second (63.93333)
[12/19/2022 9:31:35 PM] [Info] [ Sheriff ] Soprano moved x:-614.7836 y:132.027(+23.9007) z:-90.15335 in the last second (77.94707)
[12/19/2022 9:31:36 PM] [Info] [ Sheriff ] Soprano moved x:-637.1263 y:154.3798(+22.35275) z:-64.85894 in the last second (85.82997)
[12/19/2022 9:31:37 PM] [Info] [ Sheriff ] Soprano moved x:-652.8396 y:169.6185(+15.23877) z:-37.42587 in the last second (92.78854)
[12/19/2022 9:31:41 PM] [Info] [Group] Red__Bear [Red__Bear]: "/home"
[12/19/2022 9:31:56 PM] [Info] [World] reaper [JACK THE RIPPER]: "/v 36029"
[12/19/2022 9:32:02 PM] [Info] Giving reaper vehicle 36029
[12/19/2022 9:32:02 PM] [Info] [World] reaper [JACK THE RIPPER]: "red tp to me"
[12/19/2022 9:32:03 PM] [Info] [ Sheriff ] Soprano moved x:177.6615 y:250.5105(+16.85677) z:96.07188 in the last second (201.9967)
[12/19/2022 9:32:04 PM] [Info] [ Sheriff ] Soprano moved x:211.597 y:274.0399(+23.52939) z:96.18284 in the last second (0.897644)
[12/19/2022 9:32:05 PM] [Info] [ Sheriff ] Soprano moved x:238.0576 y:299.1952(+25.15536) z:104.6627 in the last second (0.7776794)
[12/19/2022 9:32:06 PM] [Info] [ Sheriff ] Soprano moved x:253.5895 y:322.4069(+23.2117) z:118.9682 in the last second (0.6948547)
[12/19/2022 9:32:07 PM] [Info] [ Sheriff ] Soprano moved x:261.9957 y:348.8892(+26.48227) z:134.6155 in the last second (0.5582581)
[12/19/2022 9:32:08 PM] [Info] [ Sheriff ] Soprano moved x:270.6954 y:367.2744(+18.38516) z:151.143 in the last second (296.2542)
[12/19/2022 9:32:09 PM] [Info] [ Sheriff ] Soprano moved x:276.4828 y:385.246(+17.97168) z:165.5896 in the last second (318.7418)
[12/19/2022 9:32:16 PM] [Info] [World] reaper [JACK THE RIPPER]: "tp red"
[12/19/2022 9:32:22 PM] [Info] [Group] Red__Bear [Red__Bear]: "/teleport wp"
[12/19/2022 9:32:22 PM] [Info] Successfully teleported Red__Bear to waypoint!
[12/19/2022 9:32:31 PM] [Info] [World] reaper [JACK THE RIPPER]: "i have a cool car to use'"
[12/19/2022 9:32:36 PM] [Info] [Group] Red__Bear [Red__Bear]: "/tp reaper"
[12/19/2022 9:32:36 PM] [Info] Red__Bear teleported to reaper
[12/19/2022 9:32:36 PM] [Info] Red__Bear moved x:361.2422 y:60.65519(+26.95642) z:-866.6094 in the last second (0.4321785)
[12/19/2022 9:32:58 PM] [Info] [Group] Red__Bear [Red__Bear]: "/v 36026"
[12/19/2022 9:33:07 PM] [Info] Giving Red__Bear vehicle 36026
[12/19/2022 9:33:07 PM] [Info] [Group] Red__Bear [Red__Bear]: "/v minecart"
[12/19/2022 9:33:21 PM] [Info] Giving Red__Bear vehicle 36024
[12/19/2022 9:33:21 PM] [Info] reaper [JACK THE RIPPER] was chopped in the head by Red__Bear [Red__Bear]!
[12/19/2022 9:33:25 PM] [Info] [World] reaper [JACK THE RIPPER]: "/tp red"
[12/19/2022 9:33:25 PM] [Info] reaper teleported to Red__Bear
[12/19/2022 9:33:25 PM] [Info] reaper moved x:362.5938 y:57.84839(+31.507) z:-881.5938 in the last second (0.1041412)
[12/19/2022 9:33:35 PM] [Info] [World] reaper [JACK THE RIPPER]: "in the name of the law"
[12/19/2022 9:33:36 PM] [Info] [Group] Red__Bear [Red__Bear]: "/v hover"
[12/19/2022 9:33:38 PM] [Info] Giving Red__Bear vehicle 36030
[12/19/2022 9:33:38 PM] [Info] [World] reaper [JACK THE RIPPER]: "stop"
[12/19/2022 9:33:45 PM] [Info] [World] reaper [JACK THE RIPPER]: "wtf"
[12/19/2022 9:33:51 PM] [Info] [World] reaper [JACK THE RIPPER]: "/teleport wp"
[12/19/2022 9:33:51 PM] [Info] Successfully teleported JACK THE RIPPER to waypoint!
[12/19/2022 9:33:52 PM] [Info] reaper moved x:387.0547 y:58.24321(+27.39137) z:-874.2188 in the last second (0.1000481)
[12/19/2022 9:34:09 PM] [Info] [World] [ Sheriff ] Soprano [Cheese Boi]: "/tp red"
[12/19/2022 9:34:09 PM] [Info] [ Sheriff ] Soprano teleported to Red__Bear
[12/19/2022 9:34:10 PM] [Info] [ Sheriff ] Soprano moved x:323.9063 y:56.12964(+30.01914) z:-806.4375 in the last second (0.1171265)
[12/19/2022 9:35:22 PM] [Info] [World] [ Sheriff ] Soprano [Cheese Boi]: "/tp st dim"
[12/19/2022 9:35:27 PM] [Info] [World] [ Sheriff ] Soprano [Cheese Boi]: "/tp st"
[12/19/2022 9:35:36 PM] [Info] [ Sheriff ] Soprano teleported to St. Erikson
[12/19/2022 9:35:36 PM] [Info] [Group] Red__Bear [Red__Bear]: "/i dragon"
[12/19/2022 9:36:02 PM] [Info] Giving Red__Bear item 132:1
[12/19/2022 9:36:02 PM] [Info] [World] [ Sheriff ] Soprano [Cheese Boi]: "/tp dimi"
[12/19/2022 9:36:02 PM] [Info] [ Sheriff ] Soprano teleported to St. Dimitar
[12/19/2022 9:36:08 PM] [Info] [World] reaper [JACK THE RIPPER]: "ya"
[12/19/2022 9:36:10 PM] [Info] [Group] Red__Bear [Red__Bear]: "/tp reaper"
[12/19/2022 9:36:10 PM] [Info] Red__Bear teleported to reaper
[12/19/2022 9:36:17 PM] [Info] [World] reaper [JACK THE RIPPER]: "he sound be here"
[12/19/2022 9:36:27 PM] [Info] [World] reaper [JACK THE RIPPER]: "red are you sure you did't fuck the mod"
[12/19/2022 9:36:40 PM] [Info] [World] reaper [JACK THE RIPPER]: "no"
[12/19/2022 9:37:06 PM] [Info] [Group] Red__Bear [Red__Bear]: "/tp reaper"
[12/19/2022 9:37:06 PM] [Info] Red__Bear teleported to reaper
[12/19/2022 9:37:18 PM] [Info] [Group] Red__Bear [Red__Bear]: "/home"
[12/19/2022 9:37:41 PM] [Info] [Group] Red__Bear [Red__Bear]: "/i etool"
[12/19/2022 9:37:44 PM] [Info] [Group] Red__Bear [Red__Bear]: "/i "e-tool""
[12/19/2022 9:37:46 PM] [Info] [World] Red__Bear [Red__Bear]: "/i "e tool""
[12/19/2022 9:37:56 PM] [Info] [Group] Red__Bear [Red__Bear]: "/i throwable 5"
[12/19/2022 9:37:58 PM] [Info] Giving Red__Bear item 19862:5
[12/19/2022 9:37:58 PM] [Info] [Group] Red__Bear [Red__Bear]: "/tp reaper"
[12/19/2022 9:37:58 PM] [Info] Red__Bear teleported to reaper
[12/19/2022 9:38:16 PM] [Info] [World] reaper [JACK THE RIPPER]: "am look where to find him"
[12/19/2022 9:38:20 PM] [Info] [Group] Red__Bear [Red__Bear]: "/heal reaper"
[12/19/2022 9:38:24 PM] [Info] [World] reaper [JACK THE RIPPER]: "am low"
[12/19/2022 9:38:39 PM] [Info] [Group] Red__Bear [Red__Bear]: "/home"
[12/19/2022 9:38:42 PM] [Info] [World] [ Sheriff ] Soprano [Cheese Boi]: "/tp wp"
[12/19/2022 9:38:49 PM] [Info] [World] [ Sheriff ] Soprano [Cheese Boi]: "/teleport wp"
[12/19/2022 9:38:49 PM] [Info] Successfully teleported Cheese Boi to waypoint!
[12/19/2022 9:38:53 PM] [Info] [Group] Red__Bear [Red__Bear]: "/kick red"
[12/19/2022 9:39:14 PM] [Info] BattlEye Server: Player #3 Red__Bear disconnected
[12/19/2022 9:39:14 PM] [Info] Successfully kicked Red__Bear!
[12/19/2022 9:39:14 PM] [Info] [World] reaper [JACK THE RIPPER]: "/teleport wp"
[12/19/2022 9:39:14 PM] [Info] Successfully teleported JACK THE RIPPER to waypoint!
[12/19/2022 9:39:26 PM] [Info] BattlEye Server: Player #3 Red__Bear (73.253.101.49:63881) connected
[12/19/2022 9:39:26 PM] [Info] BattlEye Server: Player #3 Red__Bear - BE GUID: f4abbf8aa333c3b24b5656c70080f342
[12/19/2022 9:39:49 PM] [Info] Connecting: PlayerID: 76561199035738472 Name: Red__Bear Character: Red__Bear
[12/19/2022 9:39:49 PM] [Info] [World] reaper [JACK THE RIPPER]: "idk"
[12/19/2022 9:39:54 PM] [Info] [World] reaper [JACK THE RIPPER]: "i think red fuck the map"
[12/19/2022 9:39:57 PM] [Info] [World] reaper [JACK THE RIPPER]: "/teleport wp"
[12/19/2022 9:39:57 PM] [Info] Successfully teleported JACK THE RIPPER to waypoint!
[12/19/2022 9:40:14 PM] [Info] [Group] Red__Bear [Red__Bear]: "/tp safe"
[12/19/2022 9:40:14 PM] [Info] Red__Bear teleported to Safezone
[12/19/2022 9:40:29 PM] [Info] [Group] Red__Bear [Red__Bear]: "/i sakha"
[12/19/2022 9:40:30 PM] [Info] Giving Red__Bear item 36068:1
[12/19/2022 9:40:30 PM] [Info] [World] reaper [JACK THE RIPPER]: "/tp red"
[12/19/2022 9:40:30 PM] [Info] reaper teleported to Red__Bear
[12/19/2022 9:40:40 PM] [Info] [Group] Red__Bear [Red__Bear]: "/home"
[12/19/2022 9:40:58 PM] [Info] [World] reaper [JACK THE RIPPER]: "/i goldfish"
[12/19/2022 9:41:00 PM] [Info] Giving reaper item 36071:1
[12/19/2022 9:41:00 PM] [Info] [World] [ Sheriff ] Soprano [Cheese Boi]: "/day"
[12/19/2022 9:41:00 PM] [Info] Successfully set time to day!
[12/19/2022 9:41:00 PM] [Info] [Group] Red__Bear [Red__Bear]: "/teleport wp"
[12/19/2022 9:41:00 PM] [Info] Successfully teleported Red__Bear to waypoint!
[12/19/2022 9:41:12 PM] [Info] [Group] Red__Bear [Red__Bear]: "/tp sop"
[12/19/2022 9:41:12 PM] [Info] Red__Bear teleported to [ Sheriff ] Soprano
[12/19/2022 9:41:39 PM] [Info] [World] reaper [JACK THE RIPPER]: "/i sakhalin fish"
[12/19/2022 9:41:44 PM] [Info] [Group] Red__Bear [Red__Bear]: "/v hover"
[12/19/2022 9:41:54 PM] [Info] Giving Red__Bear vehicle 36030
[12/19/2022 9:41:54 PM] [Info] [World] reaper [JACK THE RIPPER]: "/i "sakhalin fish""
[12/19/2022 9:41:59 PM] [Info] Giving reaper item 36068:1
[12/19/2022 9:41:59 PM] [Info] [World] [ Sheriff ] Soprano [Cheese Boi]: "/tp red"
[12/19/2022 9:41:59 PM] [Info] [ Sheriff ] Soprano teleported to Red__Bear
[12/19/2022 9:42:01 PM] [Info] [World] [ Sheriff ] Soprano [Cheese Boi]: "/tp red"
[12/19/2022 9:42:01 PM] [Info] [ Sheriff ] Soprano teleported to Red__Bear
[12/19/2022 9:42:02 PM] [Info] [World] [ Sheriff ] Soprano [Cheese Boi]: "/tp red"
[12/19/2022 9:42:02 PM] [Info] [ Sheriff ] Soprano teleported to Red__Bear
[12/19/2022 9:42:03 PM] [Info] [World] [ Sheriff ] Soprano [Cheese Boi]: "/tp red"
[12/19/2022 9:42:03 PM] [Info] [ Sheriff ] Soprano teleported to Red__Bear
[12/19/2022 9:42:07 PM] [Info] [World] [ Sheriff ] Soprano [Cheese Boi]: "/tp red"
[12/19/2022 9:42:07 PM] [Info] [ Sheriff ] Soprano teleported to Red__Bear
[12/19/2022 9:42:34 PM] [Info] [World] reaper [JACK THE RIPPER]: "/tp james"
[12/19/2022 9:42:36 PM] [Info] [World] reaper [JACK THE RIPPER]: "/tpa james"
[12/19/2022 9:42:36 PM] [Info] [Group] Red__Bear [Red__Bear]: "/tp james"
[12/19/2022 9:42:38 PM] [Info] [Group] Red__Bear [Red__Bear]: "/tp sop"
[12/19/2022 9:42:38 PM] [Info] Red__Bear teleported to [ Sheriff ] Soprano
[12/19/2022 9:42:41 PM] [Info] [World] reaper [JACK THE RIPPER]: "/tp sop"
[12/19/2022 9:42:41 PM] [Info] reaper teleported to [ Sheriff ] Soprano
[12/19/2022 9:43:30 PM] [Info] [World] [ Sheriff ] Soprano [Cheese Boi]: "/tp red"
[12/19/2022 9:43:30 PM] [Info] [ Sheriff ] Soprano teleported to Red__Bear
[12/19/2022 9:43:35 PM] [Info] [Group] Red__Bear [Red__Bear]: "/v hh-6"
[12/19/2022 9:43:36 PM] [Info] Giving Red__Bear vehicle 59026
[12/19/2022 9:43:36 PM] [Info] [World] reaper [JACK THE RIPPER]: "/tp sop"
[12/19/2022 9:43:36 PM] [Info] reaper teleported to [ Sheriff ] Soprano
[12/19/2022 9:43:50 PM] [Info] [Group] Red__Bear [Red__Bear]: "/v hh-6"
[12/19/2022 9:43:53 PM] [Info] Giving Red__Bear vehicle 59026
[12/19/2022 9:43:53 PM] [Info] [Group] Red__Bear [Red__Bear]: "/i dragon"
[12/19/2022 9:43:57 PM] [Info] Giving Red__Bear item 132:1
[12/19/2022 9:43:57 PM] [Info] [World] reaper [JACK THE RIPPER]: "10 out of 10 red"
[12/19/2022 9:44:12 PM] [Info] [World] [ Sheriff ] Soprano [Cheese Boi]: "/teleport wp"
[12/19/2022 9:44:12 PM] [Info] Successfully teleported Cheese Boi to waypoint!
[12/19/2022 9:44:15 PM] [Info] Red__Bear moved x:770.1641 y:79.77087(+25.07618) z:951.9203 in the last second (0.06267548)
[12/19/2022 9:44:16 PM] [Info] Red__Bear moved x:773.9716 y:112.7835(+33.01262) z:946.0302 in the last second (0.0597229)
[12/19/2022 9:44:17 PM] [Info] Red__Bear moved x:784.5163 y:145.5834(+32.79989) z:942.0359 in the last second (0.05854797)
[12/19/2022 9:44:18 PM] [Info] Red__Bear moved x:804.6917 y:179.1398(+33.55644) z:941.0624 in the last second (0.06240845)
[12/19/2022 9:44:19 PM] [Info] Red__Bear moved x:831.2515 y:202.1483(+23.00847) z:944.114 in the last second (0.1185455)
[12/19/2022 9:44:33 PM] [Info] Red__Bear moved x:849.1315 y:120.2728(+21.97703) z:967.4637 in the last second (0.06762695)
[12/19/2022 9:44:34 PM] [Info] Red__Bear moved x:846.1323 y:147.6827(+27.40993) z:960.2366 in the last second (0.07695007)
[12/19/2022 9:44:35 PM] [Info] Red__Bear moved x:848.9562 y:180.813(+33.13029) z:946.9854 in the last second (0.08850098)
[12/19/2022 9:44:36 PM] [Info] Red__Bear moved x:852.8359 y:213.1378(+32.32483) z:925.9448 in the last second (0.09938049)
[12/19/2022 9:44:37 PM] [Info] Red__Bear moved x:847.9551 y:241.4339(+28.29602) z:899.9507 in the last second (0.07583618)
[12/19/2022 9:44:38 PM] [Info] Red__Bear moved x:834.7914 y:266.0294(+24.59552) z:879.8781 in the last second (0.0569458)
[12/19/2022 9:44:39 PM] [Info] Red__Bear moved x:820.49 y:292.0202(+25.99084) z:872.2526 in the last second (0.07174683)
[12/19/2022 9:44:40 PM] [Info] Red__Bear moved x:816.2441 y:310.0282(+18.00797) z:881.1115 in the last second (0.1557922)
[12/19/2022 9:44:52 PM] [Info] [World] reaper [JACK THE RIPPER]: "/home"
[12/19/2022 9:44:58 PM] [Info] [Group] Red__Bear [Red__Bear]: "/i bed"
[12/19/2022 9:45:54 PM] [Info] Giving Red__Bear item 19864:1
[12/19/2022 9:45:54 PM] [Info] [Group] Red__Bear [Red__Bear]: "/heal"
[12/19/2022 9:46:03 PM] [Info] [World] reaper [JACK THE RIPPER]: "/teleprot wp"
[12/19/2022 9:46:07 PM] [Info] [World] reaper [JACK THE RIPPER]: "/teleport wp"
[12/19/2022 9:46:07 PM] [Info] Successfully teleported JACK THE RIPPER to waypoint!
[12/19/2022 9:47:24 PM] [Info] [Group] Red__Bear [Red__Bear]: "/i ladd"
[12/19/2022 9:47:54 PM] [Info] Giving Red__Bear item 327:1
[12/19/2022 9:47:54 PM] [Info] [Group] Red__Bear [Red__Bear]: "/i carjack"
[12/19/2022 9:48:06 PM] [Info] Giving Red__Bear item 277:1
[12/19/2022 9:48:06 PM] [Info] [Group] Red__Bear [Red__Bear]: "/i "dpw""
[12/19/2022 9:48:09 PM] [Info] [Group] Red__Bear [Red__Bear]: "/i pdw"
[12/19/2022 9:48:13 PM] [Info] Giving Red__Bear item 116:1
[12/19/2022 9:48:13 PM] [Info] [Group] Red__Bear [Red__Bear]: "/i "explosive mag""
[12/19/2022 9:48:21 PM] [Info] [Group] Red__Bear [Red__Bear]: "/i "explosive""
[12/19/2022 9:48:27 PM] [Info] Giving Red__Bear item 73:1
[12/19/2022 9:48:27 PM] [Info] [Group] Red__Bear [Red__Bear]: "/i "demolition""
[12/19/2022 9:48:30 PM] [Info] Giving Red__Bear item 1241:1
[12/19/2022 9:48:30 PM] [Info] [Group] Red__Bear [Red__Bear]: "/i deto"
[12/19/2022 9:48:44 PM] [Info] Giving Red__Bear item 1240:1
[12/19/2022 9:48:44 PM] [Info] reaper [JACK THE RIPPER] was crushed by a zombie!
[12/19/2022 9:48:50 PM] [Info] [World] reaper [JACK THE RIPPER]: "/teleport wp"
[12/19/2022 9:48:50 PM] [Info] Successfully teleported JACK THE RIPPER to waypoint!
[12/19/2022 9:48:50 PM] [Info] reaper moved x:-344.1719 y:43.95467(+18.00474) z:59.22656 in the last second (0.1432152)
[12/19/2022 9:49:06 PM] [Info] [Group] Red__Bear [Red__Bear]: "/i "grenade la""
[12/19/2022 9:49:16 PM] [Info] Giving Red__Bear item 36002:1
[12/19/2022 9:49:16 PM] [Info] [Group] Red__Bear [Red__Bear]: "/i "40mm grenade" 20"
[12/19/2022 9:49:28 PM] [Info] Giving Red__Bear item 36571:20
[12/19/2022 9:49:28 PM] [Info] [Group] Red__Bear [Red__Bear]: "/god"
[12/19/2022 9:49:28 PM] [Info] Red__Bear enabled Godmode
[12/19/2022 9:49:37 PM] [Info] [World] reaper [JACK THE RIPPER]: "/tp red"
[12/19/2022 9:49:37 PM] [Info] reaper teleported to Red__Bear
[12/19/2022 9:49:47 PM] [Info] [Group] Red__Bear [Red__Bear]: "/tp sop"
[12/19/2022 9:49:47 PM] [Info] Red__Bear teleported to [ Sheriff ] Soprano
[12/19/2022 9:50:08 PM] [Info] [Group] Red__Bear [Red__Bear]: "/teleport wp"
[12/19/2022 9:50:08 PM] [Info] Successfully teleported Red__Bear to waypoint!
[12/19/2022 9:50:12 PM] [Info] [World] reaper [JACK THE RIPPER]: "/tp sop"
[12/19/2022 9:50:12 PM] [Info] reaper teleported to [ Sheriff ] Soprano
[12/19/2022 9:50:37 PM] [Info] [World] reaper [JACK THE RIPPER]: "/teleport wp"
[12/19/2022 9:50:38 PM] [Info] Successfully teleported JACK THE RIPPER to waypoint!
[12/19/2022 9:50:38 PM] [Info] reaper moved x:-474.8984 y:49.79128(+25.46625) z:-283.9219 in the last second (0.1047554)
[12/19/2022 9:50:42 PM] [Info] [Group] Red__Bear [Red__Bear]: "/teleport wp"
[12/19/2022 9:50:42 PM] [Info] Successfully teleported Red__Bear to waypoint!
[12/19/2022 9:50:46 PM] [Info] [World] reaper [JACK THE RIPPER]: "/teleport wp"
[12/19/2022 9:50:46 PM] [Info] Successfully teleported JACK THE RIPPER to waypoint!
[12/19/2022 9:50:55 PM] [Info] [Group] Red__Bear [Red__Bear]: "/teleport wp"
[12/19/2022 9:50:55 PM] [Info] Successfully teleported Red__Bear to waypoint!
[12/19/2022 9:51:05 PM] [Info] [World] reaper [JACK THE RIPPER]: "/teleport wp"
[12/19/2022 9:51:05 PM] [Info] Successfully teleported JACK THE RIPPER to waypoint!
[12/19/2022 9:51:28 PM] [Info] [World] [ Sheriff ] Soprano [Cheese Boi]: "/tp red"
[12/19/2022 9:51:28 PM] [Info] [ Sheriff ] Soprano teleported to Red__Bear
[12/19/2022 9:51:33 PM] [Info] [World] reaper [JACK THE RIPPER]: "/tp red"
[12/19/2022 9:51:33 PM] [Info] reaper teleported to Red__Bear
[12/19/2022 9:51:35 PM] [Info] [ Sheriff ] Soprano [Cheese Boi] was shot in the torso by Red__Bear [Red__Bear]!
[12/19/2022 9:51:41 PM] [Info] [World] [ Sheriff ] Soprano [Cheese Boi]: "/back"
[12/19/2022 9:51:41 PM] [Info] [Group] Red__Bear [Red__Bear]: "/tphere sopra"
[12/19/2022 9:51:41 PM] [Info] [ Sheriff ] Soprano was teleported to Red__Bear
[12/19/2022 9:51:51 PM] [Info] Saving server
[12/19/2022 9:52:07 PM] [Info] [World] reaper [JACK THE RIPPER]: "thansk to red we dont know where the next one is"
[12/19/2022 9:52:09 PM] [Info] [Group] Red__Bear [Red__Bear]: "/god"
[12/19/2022 9:52:09 PM] [Info] Red__Bear disabled Godmode
[12/19/2022 9:52:12 PM] [Info] Red__Bear [Red__Bear] was chopped in the head by [ Sheriff ] Soprano [Cheese Boi]!
[12/19/2022 9:52:14 PM] [Info] [Group] Red__Bear [Red__Bear]: "/tp sopra"
[12/19/2022 9:52:14 PM] [Info] Red__Bear teleported to [ Sheriff ] Soprano
[12/19/2022 9:52:19 PM] [Info] [World] reaper [JACK THE RIPPER]: "i got him"
[12/19/2022 9:53:11 PM] [Info] [World] reaper [JACK THE RIPPER]: "so it four spawn place"
[12/19/2022 9:53:15 PM] [Info] [World] reaper [JACK THE RIPPER]: "/teleport wp"
[12/19/2022 9:53:15 PM] [Info] Successfully teleported JACK THE RIPPER to waypoint!
[12/19/2022 9:53:15 PM] [Info] reaper moved x:-628.0859 y:52.12394(+23.95973) z:-279.8359 in the last second (1.327923)
[12/19/2022 9:53:48 PM] [Info] [World] reaper [JACK THE RIPPER]: "/home"
[12/19/2022 9:53:48 PM] [Info] [World] [ Sheriff ] Soprano [Cheese Boi]: "/tp safezone"
[12/19/2022 9:53:48 PM] [Info] [ Sheriff ] Soprano teleported to Safezone
[12/19/2022 9:54:01 PM] [Info] [World] reaper [JACK THE RIPPER]: "/teleport wp"
[12/19/2022 9:54:01 PM] [Info] Successfully teleported JACK THE RIPPER to waypoint!
[12/19/2022 9:54:03 PM] [Info] [Group] Red__Bear [Red__Bear]: "/home"
[12/19/2022 9:54:16 PM] [Info] [Group] Red__Bear [Red__Bear]: "/tp reaper"
[12/19/2022 9:54:16 PM] [Info] Red__Bear teleported to reaper
[12/19/2022 9:54:16 PM] [Info] Red__Bear moved x:-641.3281 y:50.88215(+21.43348) z:-292.6094 in the last second (0.1019974)
[12/19/2022 9:54:19 PM] [Info] [World] reaper [JACK THE RIPPER]: "/home"
[12/19/2022 9:54:38 PM] [Info] [World] reaper [JACK THE RIPPER]: "/tp red"
[12/19/2022 9:54:38 PM] [Info] reaper teleported to Red__Bear
[12/19/2022 9:54:51 PM] [Info] [Group] Red__Bear [Red__Bear]: "/i "pilot top""
[12/19/2022 9:55:00 PM] [Info] Giving Red__Bear item 1358:1
[12/19/2022 9:55:00 PM] [Info] [World] reaper [JACK THE RIPPER]: "red how did you got white sniper"
[12/19/2022 9:55:27 PM] [Info] [Group] Red__Bear [Red__Bear]: "/i 363"
[12/19/2022 9:55:27 PM] [Info] Giving Red__Bear item 363:1
[12/19/2022 9:55:43 PM] [Info] [Group] Red__Bear [Red__Bear]: "/i "ghost sight""
[12/19/2022 9:55:46 PM] [Info] Giving Red__Bear item 19435:1
[12/19/2022 9:55:46 PM] [Info] [World] reaper [JACK THE RIPPER]: "/i cyan"
[12/19/2022 9:55:51 PM] [Info] Giving reaper item 36017:1
[12/19/2022 9:55:51 PM] [Info] [World] reaper [JACK THE RIPPER]: "/home"
[12/19/2022 9:55:52 PM] [Info] [Group] Red__Bear [Red__Bear]: "/i dot"
[12/19/2022 9:55:58 PM] [Info] Giving Red__Bear item 146:1
[12/19/2022 9:55:58 PM] [Info] [Group] Red__Bear [Red__Bear]: "/i adapt"
[12/19/2022 9:56:03 PM] [Info] Giving Red__Bear item 1007:1
[12/19/2022 9:56:03 PM] [Info] [Group] Red__Bear [Red__Bear]: "/i #name"
[12/19/2022 9:56:08 PM] [Info] [World] reaper [JACK THE RIPPER]: "/i cyan"
[12/19/2022 9:56:10 PM] [Info] Giving reaper item 36017:1
[12/19/2022 9:56:10 PM] [Info] [Group] Red__Bear [Red__Bear]: "/i "crossbow barr""
[12/19/2022 9:56:14 PM] [Info] Giving Red__Bear item 36332:1
[12/19/2022 9:56:14 PM] [Info] [Group] Red__Bear [Red__Bear]: "/i 8"
[12/19/2022 9:56:14 PM] [Info] Giving Red__Bear item 8:1
[12/19/2022 9:56:18 PM] [Info] [Group] Red__Bear [Red__Bear]: "/i shake"
[12/19/2022 9:56:30 PM] [Info] [World] reaper [JACK THE RIPPER]: "/teleport wp"
[12/19/2022 9:56:30 PM] [Info] Successfully teleported JACK THE RIPPER to waypoint!
[12/19/2022 9:56:35 PM] [Info] [Group] Red__Bear [Red__Bear]: "/i "military mag" 10"
[12/19/2022 9:56:55 PM] [Info] Giving Red__Bear item 6:10
[12/19/2022 9:56:55 PM] [Info] [World] reaper [JACK THE RIPPER]: "/home"
[12/19/2022 9:57:03 PM] [Info] [World] [ Sheriff ] Soprano [Cheese Boi]: "/tp red"
[12/19/2022 9:57:03 PM] [Info] [ Sheriff ] Soprano teleported to Red__Bear
[12/19/2022 9:57:03 PM] [Info] [ Sheriff ] Soprano moved x:-639.8438 y:51.06714(+24.55501) z:-284.5078 in the last second (0.8167763)
[12/19/2022 9:57:10 PM] [Info] [Group] Red__Bear [Red__Bear]: "/home"
[12/19/2022 9:57:17 PM] [Info] [Group] Red__Bear [Red__Bear]: "/i nyko"
[12/19/2022 9:57:23 PM] [Info] Giving Red__Bear item 126:1
[12/19/2022 9:57:23 PM] [Info] [Group] Red__Bear [Red__Bear]: "/tp james"
[12/19/2022 9:57:26 PM] [Info] [Group] Red__Bear [Red__Bear]: "/tp sher"
[12/19/2022 9:57:26 PM] [Info] Red__Bear teleported to [ Sheriff ] Soprano
[12/19/2022 9:57:27 PM] [Info] Red__Bear moved x:-641.3282 y:50.92675(+21.04123) z:-293.1804 in the last second (0.1020393)
[12/19/2022 9:57:36 PM] [Info] [World] reaper [JACK THE RIPPER]: "/i can 3"
[12/19/2022 9:57:54 PM] [Info] Giving reaper item 36605:3
[12/19/2022 9:57:54 PM] [Info] [World] reaper [JACK THE RIPPER]: "/i copper"
[12/19/2022 9:58:00 PM] [Info] Giving reaper item 36009:1
[12/19/2022 9:58:00 PM] [Info] [World] reaper [JACK THE RIPPER]: "/i copper 10"
[12/19/2022 9:58:21 PM] [Info] Giving reaper item 36009:10
[12/19/2022 9:58:21 PM] [Info] [World] reaper [JACK THE RIPPER]: "/tpa red"
[12/19/2022 9:58:23 PM] [Info] [World] reaper [JACK THE RIPPER]: "/tp red"
[12/19/2022 9:58:23 PM] [Info] reaper teleported to Red__Bear
[12/19/2022 9:58:32 PM] [Info] [World] reaper [JACK THE RIPPER]: "red"
[12/19/2022 9:58:41 PM] [Info] [Group] Red__Bear [Red__Bear]: "/i "sentry tur" 3"
[12/19/2022 9:58:42 PM] [Info] Giving Red__Bear item 19513:3
[12/19/2022 9:58:42 PM] [Info] [World] [ Sheriff ] Soprano [Cheese Boi]: "/tp safezone"
[12/19/2022 9:58:42 PM] [Info] [ Sheriff ] Soprano teleported to Safezone
[12/19/2022 9:58:48 PM] [Info] [Area] Red__Bear [Red__Bear]: "/i "sentry tur""
[12/19/2022 9:58:50 PM] [Info] Giving Red__Bear item 19513:1
[12/19/2022 9:58:50 PM] [Info] [World] reaper [JACK THE RIPPER]: "/home"
[12/19/2022 9:59:01 PM] [Info] [Group] Red__Bear [Red__Bear]: "/tp reaper"
[12/19/2022 9:59:01 PM] [Info] Red__Bear teleported to reaper
[12/19/2022 9:59:10 PM] [Info] [Group] Red__Bear [Red__Bear]: "/god"
[12/19/2022 9:59:10 PM] [Info] Red__Bear enabled Godmode
[12/19/2022 9:59:49 PM] [Info] [Group] Red__Bear [Red__Bear]: "/i log"
[12/19/2022 9:59:57 PM] [Info] Giving Red__Bear item 36474:1
[12/19/2022 9:59:57 PM] [Info] [World] reaper [JACK THE RIPPER]: "wtf you did"
[12/19/2022 9:59:59 PM] [Info] [Group] Red__Bear [Red__Bear]: "/home"
[12/19/2022 10:00:06 PM] [Info] [Group] Red__Bear [Red__Bear]: "/tp sopra"
[12/19/2022 10:00:06 PM] [Info] Red__Bear teleported to [ Sheriff ] Soprano
[12/19/2022 10:00:42 PM] [Info] [World] [ Sheriff ] Soprano [Cheese Boi]: "/tp red"
[12/19/2022 10:00:42 PM] [Info] [ Sheriff ] Soprano teleported to Red__Bear
[12/19/2022 10:01:03 PM] [Info] [World] [ Sheriff ] Soprano [Cheese Boi]: "/tp red"
[12/19/2022 10:01:03 PM] [Info] [ Sheriff ] Soprano teleported to Red__Bear
[12/19/2022 10:01:04 PM] [Info] [ Sheriff ] Soprano moved x:-1931.212 y:70.56712(+22.36265) z:-1107.06 in the last second (0.1030045)
[12/19/2022 10:01:07 PM] [Info] [World] reaper [JACK THE RIPPER]: "/i "sentry tarret""
[12/19/2022 10:01:18 PM] [Info] [World] reaper [JACK THE RIPPER]: "/i sentry turret"
[12/19/2022 10:01:33 PM] [Info] [World] reaper [JACK THE RIPPER]: "/i "sentry turret""
[12/19/2022 10:01:43 PM] [Info] Giving reaper item 19513:1
[12/19/2022 10:01:43 PM] [Info] [Group] Red__Bear [Red__Bear]: "/v rotor"
[12/19/2022 10:02:13 PM] [Info] Giving Red__Bear vehicle 36025
[12/19/2022 10:02:13 PM] [Info] [World] [ Sheriff ] Soprano [Cheese Boi]: "/tp red"
[12/19/2022 10:02:13 PM] [Info] [ Sheriff ] Soprano teleported to Red__Bear
[12/19/2022 10:02:14 PM] [Info] [World] reaper [JACK THE RIPPER]: "home"
[12/19/2022 10:02:27 PM] [Info] [World] [ Sheriff ] Soprano [Cheese Boi]: "/tp mine"
[12/19/2022 10:03:06 PM] [Info] [World] reaper [JACK THE RIPPER]: "wtf"
[12/19/2022 10:03:16 PM] [Info] [World] [ Sheriff ] Soprano [Cheese Boi]: "/tp reaper"
[12/19/2022 10:03:16 PM] [Info] [ Sheriff ] Soprano teleported to reaper
[12/19/2022 10:03:17 PM] [Info] [ Sheriff ] Soprano moved x:-582.3828 y:49.21133(+16.67209) z:-648.4297 in the last second (0.09999847)
[12/19/2022 10:03:23 PM] [Info] [ Sheriff ] Soprano [Cheese Boi] was shot by a sentry gun!
[12/19/2022 10:03:26 PM] [Info] [World] reaper [JACK THE RIPPER]: "dma"
[12/19/2022 10:03:28 PM] [Info] [World] [ Sheriff ] Soprano [Cheese Boi]: "/tp reaper"
[12/19/2022 10:03:28 PM] [Info] [ Sheriff ] Soprano teleported to reaper
[12/19/2022 10:03:28 PM] [Info] [ Sheriff ] Soprano moved x:-586.0156 y:44.41234(+18.38164) z:-657.5625 in the last second (0.09992599)
[12/19/2022 10:03:32 PM] [Info] [ Sheriff ] Soprano [Cheese Boi] was shot by a sentry gun!
[12/19/2022 10:03:35 PM] [Info] [World] [ Sheriff ] Soprano [Cheese Boi]: "/tp reaper"
[12/19/2022 10:03:35 PM] [Info] [ Sheriff ] Soprano teleported to reaper
[12/19/2022 10:03:35 PM] [Info] [ Sheriff ] Soprano moved x:-586.1875 y:44.41233(+18.4624) z:-655.1953 in the last second (0.09992218)
[12/19/2022 10:03:36 PM] [Info] [Group] Red__Bear [Red__Bear]: "/god"
[12/19/2022 10:03:36 PM] [Info] Red__Bear disabled Godmode
[12/19/2022 10:03:37 PM] [Info] [Area] Red__Bear [Red__Bear]: "/god"
[12/19/2022 10:03:37 PM] [Info] Red__Bear enabled Godmode
[12/19/2022 10:03:39 PM] [Info] [ Sheriff ] Soprano [Cheese Boi] was shot by a sentry gun!
[12/19/2022 10:03:42 PM] [Info] [World] [ Sheriff ] Soprano [Cheese Boi]: "/tp reaper"
[12/19/2022 10:03:42 PM] [Info] [ Sheriff ] Soprano teleported to reaper
[12/19/2022 10:03:43 PM] [Info] [ Sheriff ] Soprano moved x:-578.2109 y:44.52027(+17.87485) z:-645.1719 in the last second (0.2078552)
[12/19/2022 10:03:52 PM] [Info] [World] reaper [JACK THE RIPPER]: "now you own me ammo"
[12/19/2022 10:03:58 PM] [Info] [Group] Red__Bear [Red__Bear]: "/tp safe"
[12/19/2022 10:03:58 PM] [Info] Red__Bear teleported to Safezone
[12/19/2022 10:04:16 PM] [Info] [World] reaper [JACK THE RIPPER]: "your car"
[12/19/2022 10:04:33 PM] [Info] [World] reaper [JACK THE RIPPER]: "lol"
[12/19/2022 10:04:38 PM] [Info] [World] reaper [JACK THE RIPPER]: "james jump he's guns"
[12/19/2022 10:04:44 PM] [Info] [World] reaper [JACK THE RIPPER]: "drop"
[12/19/2022 10:04:49 PM] [Info] [Group] Red__Bear [Red__Bear]: "/home"
[12/19/2022 10:04:54 PM] [Info] [ Sheriff ] Soprano [Cheese Boi] was mauled by a zombie!
[12/19/2022 10:05:00 PM] [Info] [Group] Red__Bear [Red__Bear]: "/v 36045"
[12/19/2022 10:05:01 PM] [Info] Giving Red__Bear vehicle 36045
[12/19/2022 10:05:01 PM] [Info] [World] [ Sheriff ] Soprano [Cheese Boi]: "/back"
[12/19/2022 10:05:06 PM] [Info] [World] [ Sheriff ] Soprano [Cheese Boi]: "/tp reaper"
[12/19/2022 10:05:06 PM] [Info] [ Sheriff ] Soprano teleported to reaper
[12/19/2022 10:05:06 PM] [Info] [ Sheriff ] Soprano moved x:-568.8594 y:49.16228(+23.07234) z:-655.1094 in the last second (0.09997177)
[12/19/2022 10:05:15 PM] [Info] [Group] Red__Bear [Red__Bear]: "/v 36047"
[12/19/2022 10:05:32 PM] [Info] Giving Red__Bear vehicle 36047
[12/19/2022 10:05:32 PM] [Info] [Group] Red__Bear [Red__Bear]: "/v 36021"
[12/19/2022 10:05:47 PM] [Info] Giving Red__Bear vehicle 36021
[12/19/2022 10:05:47 PM] [Info] [Group] Red__Bear [Red__Bear]: "/i dragon"
[12/19/2022 10:06:09 PM] [Info] Giving Red__Bear item 132:1
[12/19/2022 10:06:09 PM] [Info] [World] [ Sheriff ] Soprano [Cheese Boi]: "/tp red"
[12/19/2022 10:06:09 PM] [Info] [ Sheriff ] Soprano teleported to Red__Bear
[12/19/2022 10:06:17 PM] [Info] [World] [ Sheriff ] Soprano [Cheese Boi]: "/tp red"
[12/19/2022 10:06:17 PM] [Info] [ Sheriff ] Soprano teleported to Red__Bear
[12/19/2022 10:06:53 PM] [Info] [Group] Red__Bear [Red__Bear]: "/v 36027"
[12/19/2022 10:07:09 PM] [Info] Giving Red__Bear vehicle 36027
[12/19/2022 10:07:09 PM] [Info] Red__Bear moved x:-124.4629 y:122.2622(+15.98563) z:-30.2873 in the last second (95.4647)
[12/19/2022 10:07:10 PM] [Info] Red__Bear moved x:-145.7344 y:141.5946(+19.33237) z:-32.10728 in the last second (115.843)
[12/19/2022 10:07:10 PM] [Info] [World] [ Sheriff ] Soprano [Cheese Boi]: "/v 150"
[12/19/2022 10:07:11 PM] [Info] Giving [ Sheriff ] Soprano vehicle 150
[12/19/2022 10:07:11 PM] [Info] Red__Bear moved x:-166.2441 y:163.2981(+21.70357) z:-35.59352 in the last second (137.5115)
[12/19/2022 10:07:12 PM] [Info] Red__Bear moved x:-183.4322 y:184.8839(+21.58577) z:-43.30734 in the last second (1.706573)
[12/19/2022 10:07:13 PM] [Info] Red__Bear moved x:-198.7764 y:205.875(+20.99106) z:-56.89494 in the last second (1.172897)
[12/19/2022 10:07:14 PM] [Info] Red__Bear moved x:-215.9168 y:225.8347(+19.9597) z:-79.00612 in the last second (0.9666901)
[12/19/2022 10:07:21 PM] [Info] [World] [ Sheriff ] Soprano [Cheese Boi]: "/v 140"
[12/19/2022 10:07:31 PM] [Info] Giving [ Sheriff ] Soprano vehicle 140
[12/19/2022 10:07:31 PM] [Info] [World] [ Sheriff ] Soprano [Cheese Boi]: "/i "hmg box" 2"
[12/19/2022 10:07:34 PM] [Info] Giving [ Sheriff ] Soprano item 1395:2
[12/19/2022 10:07:34 PM] [Info] [World] reaper [JACK THE RIPPER]: "/i louts"
[12/19/2022 10:07:39 PM] [Info] [World] reaper [JACK THE RIPPER]: "/i "louts""
[12/19/2022 10:07:40 PM] [Info] [ Sheriff ] Soprano moved x:54.27065 y:82.94286(+21.32718) z:-19.595 in the last second (56.3717)
[12/19/2022 10:07:41 PM] [Info] [ Sheriff ] Soprano moved x:83.56023 y:105.6897(+22.7468) z:-21.67363 in the last second (73.18844)
[12/19/2022 10:07:42 PM] [Info] [ Sheriff ] Soprano moved x:115.2441 y:128.4571(+22.7674) z:-29.19924 in the last second (92.79227)
[12/19/2022 10:07:56 PM] [Info] [ Sheriff ] Soprano moved x:71.26587 y:97.6124(+15.11568) z:170.4365 in the last second (43.21042)
[12/19/2022 10:07:57 PM] [Info] [ Sheriff ] Soprano moved x:69.38059 y:112.9888(+15.37644) z:209.5461 in the last second (69.17524)
[12/19/2022 10:07:58 PM] [Info] [ Sheriff ] Soprano moved x:67.66499 y:130.5768(+17.58799) z:252.4386 in the last second (86.20341)
[12/19/2022 10:07:59 PM] [Info] [World] reaper [JACK THE RIPPER]: "/i lotus"
[12/19/2022 10:07:59 PM] [Info] Giving reaper item 36092:1
[12/19/2022 10:07:59 PM] [Info] [ Sheriff ] Soprano moved x:66.31571 y:147.358(+16.78122) z:292.3545 in the last second (94.40187)
[12/19/2022 10:08:00 PM] [Info] [ Sheriff ] Soprano moved x:65.05441 y:165.9116(+18.55353) z:335.829 in the last second (118.0581)
[12/19/2022 10:08:16 PM] [Info] [Group] Red__Bear [Red__Bear]: "/v 36027"
[12/19/2022 10:08:29 PM] [Info] Giving Red__Bear vehicle 36027
[12/19/2022 10:08:29 PM] [Info] [World] reaper [JACK THE RIPPER]: "/i banner"
[12/19/2022 10:08:59 PM] [Info] Giving reaper item 36338:1
[12/19/2022 10:08:59 PM] [Info] [Group] Red__Bear [Red__Bear]: "/teleport wp"
[12/19/2022 10:08:59 PM] [Info] Successfully teleported Red__Bear to waypoint!
[12/19/2022 10:08:59 PM] [Info] Red__Bear moved x:-200.1563 y:68.43394(+42.26986) z:266.2578 in the last second (0.1267395)
[12/19/2022 10:09:02 PM] [Info] [Group] Red__Bear [Red__Bear]: "/v zis"
[12/19/2022 10:09:13 PM] [Info] Giving Red__Bear vehicle 36000
[12/19/2022 10:09:13 PM] [Info] [Group] Red__Bear [Red__Bear]: "/i 57mm 3"
[12/19/2022 10:09:28 PM] [Info] Giving Red__Bear item 36014:3
[12/19/2022 10:09:28 PM] [Info] [Group] Red__Bear [Red__Bear]: "/tp james"
[12/19/2022 10:09:31 PM] [Info] [Group] Red__Bear [Red__Bear]: "/tp sop"
[12/19/2022 10:09:31 PM] [Info] Red__Bear teleported to [ Sheriff ] Soprano
[12/19/2022 10:09:54 PM] [Info] [Group] Red__Bear [Red__Bear]: "/teleport wp"
[12/19/2022 10:09:54 PM] [Info] Successfully teleported Red__Bear to waypoint!
[12/19/2022 10:09:55 PM] [Info] Red__Bear moved x:-200.1563 y:68.43394(+41.14474) z:266.2578 in the last second (0.1267395)
[12/19/2022 10:10:30 PM] [Info] [World] [ Sheriff ] Soprano [Cheese Boi]: "/v 140"
[12/19/2022 10:11:36 PM] [Info] Giving [ Sheriff ] Soprano vehicle 140
[12/19/2022 10:11:36 PM] [Info] [World] reaper [JACK THE RIPPER]: "/i "light" 2"
[12/19/2022 10:11:45 PM] [Info] Giving reaper item 36371:2
[12/19/2022 10:11:45 PM] [Info] [ Sheriff ] Soprano moved x:1037.213 y:85.94843(+17.95824) z:-436.6377 in the last second (60.34843)
[12/19/2022 10:11:46 PM] [Info] [ Sheriff ] Soprano moved x:1017.014 y:110.2462(+24.29781) z:-403.8616 in the last second (84.64625)
[12/19/2022 10:11:47 PM] [Info] [World] reaper [JACK THE RIPPER]: "/i light"
[12/19/2022 10:11:47 PM] [Info] Giving reaper item 36371:1
[12/19/2022 10:11:47 PM] [Info] [ Sheriff ] Soprano moved x:996.8792 y:136.4578(+26.21155) z:-371.0384 in the last second (110.8578)
[12/19/2022 10:11:48 PM] [Info] [ Sheriff ] Soprano moved x:976.0948 y:161.5102(+25.05237) z:-337.1375 in the last second (135.9102)
[12/19/2022 10:11:49 PM] [Info] [ Sheriff ] Soprano moved x:956.2655 y:182.2073(+20.69713) z:-304.6519 in the last second (156.6073)
[12/19/2022 10:11:50 PM] [Info] [ Sheriff ] Soprano moved x:934.7088 y:201.6696(+19.46228) z:-269.0698 in the last second (174.3966)
[12/19/2022 10:11:51 PM] [Info] [ Sheriff ] Soprano moved x:913.6534 y:218.1663(+16.4967) z:-233.9695 in the last second (184.8435)
[12/19/2022 10:12:11 PM] [Info] [Group] Red__Bear [Red__Bear]: "/v zis"
[12/19/2022 10:12:18 PM] [Info] Giving Red__Bear vehicle 36000
[12/19/2022 10:12:18 PM] [Info] [World] [ Sheriff ] Soprano [Cheese Boi]: "/god"
[12/19/2022 10:12:18 PM] [Info] [ Sheriff ] Soprano enabled Godmode
[12/19/2022 10:12:19 PM] [Info] [World] reaper [JACK THE RIPPER]: "/i "metal sheet" 20"
[12/19/2022 10:12:26 PM] [Info] Giving reaper item 68:20
[12/19/2022 10:12:26 PM] [Info] [ Sheriff ] Soprano moved x:156.7711 y:135.8528(+21.72259) z:-283.4764 in the last second (101.0606)
[12/19/2022 10:12:27 PM] [Info] [ Sheriff ] Soprano moved x:147.9774 y:166.161(+30.30824) z:-305.759 in the last second (131.2076)
[12/19/2022 10:12:28 PM] [Info] [ Sheriff ] Soprano moved x:145.6426 y:200.6981(+34.53714) z:-323.2969 in the last second (0.4807892)
[12/19/2022 10:12:29 PM] [Info] [ Sheriff ] Soprano moved x:146.9697 y:220.0966(+19.39845) z:-329.1742 in the last second (0.733078)
[12/19/2022 10:12:35 PM] [Info] [ Sheriff ] Soprano moved x:216.6534 y:258.1389(+16.65077) z:-423.2236 in the last second (223.8333)
[12/19/2022 10:12:36 PM] [Info] [ Sheriff ] Soprano moved x:245.5142 y:275.5344(+17.39554) z:-439.026 in the last second (241.4798)
[12/19/2022 10:12:37 PM] [Info] [ Sheriff ] Soprano moved x:276.8395 y:298.5119(+22.97751) z:-453.2667 in the last second (263.5733)
[12/19/2022 10:12:38 PM] [Info] [ Sheriff ] Soprano moved x:302.0952 y:318.9159(+20.40399) z:-455.8675 in the last second (274.1092)
[12/19/2022 10:12:53 PM] [Info] [ Sheriff ] Soprano moved x:82.78398 y:124.5859(+20.95428) z:-333.6115 in the last second (89.9526)
[12/19/2022 10:12:55 PM] [Info] [World] reaper [JACK THE RIPPER]: "/teleport wp"
[12/19/2022 10:12:55 PM] [Info] Successfully teleported JACK THE RIPPER to waypoint!
[12/19/2022 10:13:13 PM] [Info] [ Sheriff ] Soprano moved x:-112.0126 y:115.8934(+19.48224) z:-226.3859 in the last second (78.14107)
[12/19/2022 10:13:14 PM] [Info] [ Sheriff ] Soprano moved x:-111.2967 y:140.9886(+25.09523) z:-214.177 in the last second (0.5075378)
[12/19/2022 10:13:14 PM] [Info] [World] reaper [JACK THE RIPPER]: "/home"
[12/19/2022 10:13:15 PM] [Info] reaper moved x:-578.5469 y:40.5989(+18.0364) z:-650.5625 in the last second (0.09999847)
[12/19/2022 10:13:15 PM] [Info] [ Sheriff ] Soprano moved x:-104.9341 y:167.4429(+26.4543) z:-211.1046 in the last second (0.6391602)
[12/19/2022 10:13:16 PM] [Info] [ Sheriff ] Soprano moved x:-94.87057 y:199.3833(+31.94041) z:-214.1953 in the last second (0.5747833)
[12/19/2022 10:13:17 PM] [Info] [ Sheriff ] Soprano moved x:-85.7206 y:235.7653(+36.38196) z:-218.6531 in the last second (0.5607605)
[12/19/2022 10:13:18 PM] [Info] [ Sheriff ] Soprano moved x:-79.2747 y:272.8(+37.03476) z:-220.3097 in the last second (0.5674438)
[12/19/2022 10:13:19 PM] [Info] [ Sheriff ] Soprano moved x:-74.71352 y:315.4863(+42.68628) z:-218.0561 in the last second (0.5777588)
[12/19/2022 10:13:20 PM] [Info] [ Sheriff ] Soprano moved x:-72.53912 y:359.9156(+44.42932) z:-211.8673 in the last second (0.5859985)
[12/19/2022 10:13:21 PM] [Info] [ Sheriff ] Soprano moved x:-72.3726 y:405.5131(+45.59741) z:-202.5233 in the last second (0.5920105)
[12/19/2022 10:13:22 PM] [Info] [ Sheriff ] Soprano moved x:-73.61298 y:448.361(+42.84796) z:-191.8128 in the last second (0.5955811)
[12/19/2022 10:14:06 PM] [Info] [World] [ Sheriff ] Soprano [Cheese Boi]: "/god"
[12/19/2022 10:14:06 PM] [Info] [ Sheriff ] Soprano disabled Godmode
[12/19/2022 10:14:14 PM] [Info] [Group] Red__Bear [Red__Bear]: "/god"
[12/19/2022 10:14:14 PM] [Info] Red__Bear disabled Godmode
[12/19/2022 10:14:42 PM] [Info] [ Sheriff ] Soprano [Cheese Boi] was shot in the head by Red__Bear [Red__Bear]!
[12/19/2022 10:14:46 PM] [Info] [World] [ Sheriff ] Soprano [Cheese Boi]: "/tp red"
[12/19/2022 10:14:46 PM] [Info] [ Sheriff ] Soprano teleported to Red__Bear
[12/19/2022 10:14:47 PM] [Info] [ Sheriff ] Soprano moved x:-607.7734 y:42.1032(+16.30763) z:-792.7969 in the last second (5.218235)
[12/19/2022 10:15:01 PM] [Info] [World] reaper [JACK THE RIPPER]: "/i scrap metal"
[12/19/2022 10:15:07 PM] [Info] [World] reaper [JACK THE RIPPER]: "/i "scrap metal""
[12/19/2022 10:15:13 PM] [Info] Giving reaper item 36011:1
[12/19/2022 10:15:13 PM] [Info] [World] [ Sheriff ] Soprano [Cheese Boi]: "/home"
[12/19/2022 10:15:14 PM] [Info] [World] reaper [JACK THE RIPPER]: "/i 36011 10"
[12/19/2022 10:15:14 PM] [Info] Giving reaper item 36011:10
[12/19/2022 10:15:30 PM] [Info] [Group] Red__Bear [Red__Bear]: "/god"
[12/19/2022 10:15:30 PM] [Info] Red__Bear enabled Godmode
[12/19/2022 10:15:33 PM] [Info] [World] reaper [JACK THE RIPPER]: "/i 36011 50"
[12/19/2022 10:16:01 PM] [Info] Giving reaper item 36011:50
[12/19/2022 10:16:01 PM] [Info] [World] [ Sheriff ] Soprano [Cheese Boi]: "/v 140"|"
[12/19/2022 10:16:04 PM] [Info] [World] [ Sheriff ] Soprano [Cheese Boi]: "/v 140"
[12/19/2022 10:16:17 PM] [Info] Giving [ Sheriff ] Soprano vehicle 140
[12/19/2022 10:16:17 PM] [Info] [ Sheriff ] Soprano moved x:-526.2564 y:121.4652(+16.16911) z:-211.9404 in the last second (80.04391)
[12/19/2022 10:16:18 PM] [Info] [ Sheriff ] Soprano moved x:-498.4426 y:139.3694(+17.90421) z:-226.7751 in the last second (91.31885)
[12/19/2022 10:16:19 PM] [Info] [ Sheriff ] Soprano moved x:-471.4471 y:157.9609(+18.59155) z:-242.7578 in the last second (111.0942)
[12/19/2022 10:16:20 PM] [Info] [ Sheriff ] Soprano moved x:-442.0681 y:176.6037(+18.64278) z:-263.5352 in the last second (134.8288)
[12/19/2022 10:16:28 PM] [Info] [ Sheriff ] Soprano moved x:-439.3943 y:155.1228(+16.04413) z:-487.3905 in the last second (92.64198)
[12/19/2022 10:16:29 PM] [Info] [ Sheriff ] Soprano moved x:-447.2394 y:175.1227(+19.99983) z:-512.1318 in the last second (114.6586)
[12/19/2022 10:16:30 PM] [Info] [ Sheriff ] Soprano moved x:-453.6872 y:194.8972(+19.77457) z:-537.9951 in the last second (134.4019)
[12/19/2022 10:16:39 PM] [Info] [ Sheriff ] Soprano [Cheese Boi] was blown up by a vehicle!
[12/19/2022 10:16:43 PM] [Info] [World] [ Sheriff ] Soprano [Cheese Boi]: "/tp red"
[12/19/2022 10:16:43 PM] [Info] [ Sheriff ] Soprano teleported to Red__Bear
[12/19/2022 10:16:50 PM] [Info] [World] reaper [JACK THE RIPPER]: "/i 36011 100"
[12/19/2022 10:16:57 PM] [Info] Giving reaper item 36011:100
[12/19/2022 10:16:57 PM] [Info] [World] [ Sheriff ] Soprano [Cheese Boi]: "/tp reaper"
[12/19/2022 10:16:57 PM] [Info] [ Sheriff ] Soprano teleported to reaper
[12/19/2022 10:17:00 PM] [Info] [Group] Red__Bear [Red__Bear]: "/i 57mm"
[12/19/2022 10:17:03 PM] [Info] Giving Red__Bear item 36014:1
[12/19/2022 10:17:03 PM] [Info] [World] [ Sheriff ] Soprano [Cheese Boi]: "/v 140"
[12/19/2022 10:17:22 PM] [Info] Giving [ Sheriff ] Soprano vehicle 140
[12/19/2022 10:17:22 PM] [Info] [ Sheriff ] Soprano moved x:-513.886 y:90.94839(+18.58643) z:-657.5598 in the last second (0.6052933)
[12/19/2022 10:17:23 PM] [Info] [ Sheriff ] Soprano moved x:-508.5022 y:114.2696(+23.32121) z:-668.5684 in the last second (77.52985)
[12/19/2022 10:17:24 PM] [Info] [ Sheriff ] Soprano moved x:-503.9113 y:144.6892(+30.4196) z:-682.0931 in the last second (0.6217041)
[12/19/2022 10:17:25 PM] [Info] [ Sheriff ] Soprano moved x:-499.964 y:176.4936(+31.80437) z:-696.4847 in the last second (0.6160583)
[12/19/2022 10:17:26 PM] [Info] [ Sheriff ] Soprano moved x:-495.3185 y:214.1036(+37.61005) z:-713.3535 in the last second (0.6024628)
[12/19/2022 10:17:27 PM] [Info] [ Sheriff ] Soprano moved x:-490.0958 y:254.2817(+40.17812) z:-730.6207 in the last second (0.5836182)
[12/19/2022 10:17:28 PM] [Info] [ Sheriff ] Soprano moved x:-483.4073 y:296.1249(+41.84319) z:-748.3665 in the last second (0.5949402)
[12/19/2022 10:17:29 PM] [Info] [ Sheriff ] Soprano moved x:-477.8783 y:336.5216(+40.39667) z:-764.1914 in the last second (287.0857)
[12/19/2022 10:17:30 PM] [Info] [ Sheriff ] Soprano moved x:-469.9429 y:380.8495(+44.32794) z:-781.7842 in the last second (0.6282959)
[12/19/2022 10:17:30 PM] [Info] [World] [ Sheriff ] Soprano [Cheese Boi]: "/god"
[12/19/2022 10:17:30 PM] [Info] [ Sheriff ] Soprano enabled Godmode
[12/19/2022 10:17:31 PM] [Info] [ Sheriff ] Soprano moved x:-460.9283 y:425.4954(+44.64587) z:-798.1054 in the last second (0.5944214)
[12/19/2022 10:17:32 PM] [Info] [ Sheriff ] Soprano moved x:-454.2079 y:459.116(+33.62064) z:-809.9624 in the last second (0.578186)
[12/19/2022 10:17:44 PM] [Info] [World] reaper [JACK THE RIPPER]: "come in"
[12/19/2022 10:17:53 PM] [Info] [Group] Red__Bear [Red__Bear]: "/tp sop"
[12/19/2022 10:17:53 PM] [Info] Red__Bear teleported to [ Sheriff ] Soprano
[12/19/2022 10:17:57 PM] [Info] [Group] Red__Bear [Red__Bear]: "/tp reaper"
[12/19/2022 10:17:57 PM] [Info] Red__Bear teleported to reaper
[12/19/2022 10:18:03 PM] [Info] [Group] Red__Bear [Red__Bear]: "/i dragon"
[12/19/2022 10:18:08 PM] [Info] Giving Red__Bear item 132:1
[12/19/2022 10:18:08 PM] [Info] [World] reaper [JACK THE RIPPER]: "yes"
[12/19/2022 10:18:08 PM] [Info] [World] [ Sheriff ] Soprano [Cheese Boi]: "/v 140"
[12/19/2022 10:18:21 PM] [Info] Giving [ Sheriff ] Soprano vehicle 140
[12/19/2022 10:18:21 PM] [Info] [ Sheriff ] Soprano moved x:-360.2826 y:102.2582(+17.80558) z:-832.6582 in the last second (57.05081)
[12/19/2022 10:18:22 PM] [Info] [ Sheriff ] Soprano moved x:-386.3789 y:123.8392(+21.58104) z:-837.0159 in the last second (75.55275)
[12/19/2022 10:18:23 PM] [Info] [ Sheriff ] Soprano moved x:-413.3409 y:152.3828(+28.54352) z:-835.9198 in the last second (100.7133)
[12/19/2022 10:18:24 PM] [Info] [ Sheriff ] Soprano moved x:-435.3785 y:182.5867(+30.20389) z:-829.8508 in the last second (141.8736)
[12/19/2022 10:18:25 PM] [Info] [ Sheriff ] Soprano moved x:-456.1635 y:216.1833(+33.59669) z:-816.6026 in the last second (0.4777222)
[12/19/2022 10:18:26 PM] [Info] [ Sheriff ] Soprano moved x:-469.292 y:248.83(+32.64668) z:-800.3351 in the last second (201.1644)
[12/19/2022 10:18:27 PM] [Info] [ Sheriff ] Soprano moved x:-485.2435 y:278.8695(+30.03947) z:-777.8434 in the last second (0.6332703)
[12/19/2022 10:18:28 PM] [Info] [ Sheriff ] Soprano moved x:-506.0426 y:305.2238(+26.35428) z:-756.2256 in the last second (0.3833008)
[12/19/2022 10:18:29 PM] [Info] [ Sheriff ] Soprano moved x:-530.4852 y:333.0739(+27.8501) z:-740.6497 in the last second (0.6211548)
[12/19/2022 10:18:30 PM] [Info] [ Sheriff ] Soprano moved x:-551.2115 y:362.4082(+29.33429) z:-731.2975 in the last second (0.5783691)
[12/19/2022 10:18:31 PM] [Info] [ Sheriff ] Soprano moved x:-569.1685 y:398.3425(+35.9343) z:-723.7885 in the last second (0.5682373)
[12/19/2022 10:18:32 PM] [Info] [ Sheriff ] Soprano moved x:-581.4569 y:434.9644(+36.62192) z:-717.166 in the last second (398.2122)
[12/19/2022 10:18:33 PM] [Info] [ Sheriff ] Soprano moved x:-588.175 y:457.8979(+22.93353) z:-711.4738 in the last second (421.143)
[12/19/2022 10:18:56 PM] [Info] [ Sheriff ] Soprano moved x:-581.6563 y:115.0193(+22.13249) z:-544.4998 in the last second (55.20019)
[12/19/2022 10:18:57 PM] [Info] [ Sheriff ] Soprano moved x:-600.0925 y:140.2977(+25.27842) z:-543.4865 in the last second (80.12045)
[12/19/2022 10:18:58 PM] [Info] [ Sheriff ] Soprano moved x:-619.5928 y:170.548(+30.25032) z:-546.4942 in the last second (111.1091)
[12/19/2022 10:19:06 PM] [Info] [World] [ Sheriff ] Soprano [Cheese Boi]: "/i "rpg""
[12/19/2022 10:19:12 PM] [Info] Giving [ Sheriff ] Soprano item 19358:1
[12/19/2022 10:19:12 PM] [Info] [World] [ Sheriff ] Soprano [Cheese Boi]: "/ammo"
[12/19/2022 10:19:28 PM] [Info] [World] [ Sheriff ] Soprano [Cheese Boi]: "/i 19357"
[12/19/2022 10:19:28 PM] [Info] Giving [ Sheriff ] Soprano item 19357:1
[12/19/2022 10:19:48 PM] [Info] [World] [ Sheriff ] Soprano [Cheese Boi]: "/i 19357"
[12/19/2022 10:19:48 PM] [Info] Giving [ Sheriff ] Soprano item 19357:1
[12/19/2022 10:19:48 PM] [Info] [World] [ Sheriff ] Soprano [Cheese Boi]: "/i 19357"
[12/19/2022 10:19:48 PM] [Info] Giving [ Sheriff ] Soprano item 19357:1
[12/19/2022 10:19:51 PM] [Info] [World] [ Sheriff ] Soprano [Cheese Boi]: "/i 19357 10"
[12/19/2022 10:19:51 PM] [Info] Giving [ Sheriff ] Soprano item 19357:10
[12/19/2022 10:20:00 PM] [Info] [World] reaper [JACK THE RIPPER]: "/i amored plates 20"
[12/19/2022 10:20:14 PM] [Info] [World] reaper [JACK THE RIPPER]: "/i "amored plates" 20"
[12/19/2022 10:20:24 PM] [Info] [World] reaper [JACK THE RIPPER]: "/i armored plates"
[12/19/2022 10:20:37 PM] [Info] [World] [ Sheriff ] Soprano [Cheese Boi]: "/ammo 10"
[12/19/2022 10:20:43 PM] [Info] [World] [ Sheriff ] Soprano [Cheese Boi]: "/i 19357 20"
[12/19/2022 10:20:44 PM] [Info] Giving [ Sheriff ] Soprano item 19357:20
[12/19/2022 10:20:44 PM] [Info] [World] reaper [JACK THE RIPPER]: "/i "armored plates""
[12/19/2022 10:20:52 PM] [Info] Giving reaper item 36195:1
[12/19/2022 10:20:52 PM] [Info] [World] reaper [JACK THE RIPPER]: "/i 361195 30"
[12/19/2022 10:21:00 PM] [Info] [World] reaper [JACK THE RIPPER]: "/i 36195 30"
[12/19/2022 10:21:00 PM] [Info] Giving reaper item 36195:30
[12/19/2022 10:21:06 PM] [Info] [World] [ Sheriff ] Soprano [Cheese Boi]: "v "atv""
[12/19/2022 10:21:07 PM] [Info] [Group] Red__Bear [Red__Bear]: "/i 57mm 5"
[12/19/2022 10:21:08 PM] [Info] Giving Red__Bear item 36014:5
[12/19/2022 10:21:08 PM] [Info] [World] [ Sheriff ] Soprano [Cheese Boi]: "/v "atv""
[12/19/2022 10:21:19 PM] [Info] [World] [ Sheriff ] Soprano [Cheese Boi]: "/god"
[12/19/2022 10:21:19 PM] [Info] [ Sheriff ] Soprano disabled Godmode
[12/19/2022 10:21:21 PM] [Info] [World] [ Sheriff ] Soprano [Cheese Boi]: "/god"
[12/19/2022 10:21:21 PM] [Info] [ Sheriff ] Soprano enabled Godmode
[12/19/2022 10:21:50 PM] [Info] [World] [ Sheriff ] Soprano [Cheese Boi]: "/i 19357 20"
[12/19/2022 10:21:50 PM] [Info] Giving [ Sheriff ] Soprano item 19357:20
[12/19/2022 10:21:51 PM] [Info] Saving server
[12/19/2022 10:21:56 PM] [Info] [World] reaper [JACK THE RIPPER]: "/i scrap metal"
[12/19/2022 10:22:01 PM] [Info] [World] reaper [JACK THE RIPPER]: "/i "scrap metal""
[12/19/2022 10:22:08 PM] [Info] Giving reaper item 36011:1
[12/19/2022 10:22:08 PM] [Info] [World] reaper [JACK THE RIPPER]: "/i 36011 10"
[12/19/2022 10:22:08 PM] [Info] Giving reaper item 36011:10
[12/19/2022 10:22:13 PM] [Info] [World] [ Sheriff ] Soprano [Cheese Boi]: "/teleport wp"
[12/19/2022 10:22:13 PM] [Info] Successfully teleported Cheese Boi to waypoint!
[12/19/2022 10:22:20 PM] [Info] [World] reaper [JACK THE RIPPER]: "/i 36011 100"
[12/19/2022 10:23:13 PM] [Info] Giving reaper item 36011:100
[12/19/2022 10:23:13 PM] [Info] [World] reaper [JACK THE RIPPER]: "/i 36011 100"
[12/19/2022 10:23:23 PM] [Info] Giving reaper item 36011:100
[12/19/2022 10:23:23 PM] [Info] [ Sheriff ] Soprano moved x:204.0643 y:52.8(+17.45682) z:-293.9965 in the last second (19.65022)
[12/19/2022 10:23:51 PM] [Info] [World] [ Sheriff ] Soprano [Cheese Boi]: "/i 19357 20"
[12/19/2022 10:23:51 PM] [Info] Giving [ Sheriff ] Soprano item 19357:20
[12/19/2022 10:24:00 PM] [Info] [World] [ Sheriff ] Soprano [Cheese Boi]: "/teleport wp"
[12/19/2022 10:24:00 PM] [Info] Successfully teleported Cheese Boi to waypoint!
[12/19/2022 10:24:08 PM] [Info] [ Sheriff ] Soprano moved x:172.4824 y:58.97352(+20.89912) z:-877.3375 in the last second (24.1764)
[12/19/2022 10:24:47 PM] [Info] [ Sheriff ] Soprano moved x:76.16401 y:56.92158(+23.33193) z:-741.8564 in the last second (22.99824)
[12/19/2022 10:24:53 PM] [Info] [ Sheriff ] Soprano moved x:174.8272 y:59.43785(+16.11764) z:-691.4318 in the last second (16.291)
[12/19/2022 10:25:32 PM] [Info] [ Sheriff ] Soprano moved x:84.74399 y:48.68338(+16.45643) z:-535.2267 in the last second (16.55643)
[12/19/2022 10:25:44 PM] [Info] [World] reaper [JACK THE RIPPER]: "/i "armored plates""
[12/19/2022 10:25:44 PM] [Info] Giving reaper item 36195:1
[12/19/2022 10:25:51 PM] [Info] [World] reaper [JACK THE RIPPER]: "/i 36195 50"
[12/19/2022 10:26:15 PM] [Info] Giving reaper item 36195:50
[12/19/2022 10:26:15 PM] [Info] [ Sheriff ] Soprano moved x:-94.62731 y:48.02801(+15.66409) z:-80.6644 in the last second (3.4632)
[12/19/2022 10:26:30 PM] [Info] [World] [ Sheriff ] Soprano [Cheese Boi]: "/teleport wp"
[12/19/2022 10:26:30 PM] [Info] Successfully teleported Cheese Boi to waypoint!
[12/19/2022 10:26:31 PM] [Info] [ Sheriff ] Soprano moved x:-440.1719 y:60.26671(+24.5601) z:122.5391 in the last second (0.1041069)
[12/19/2022 10:26:43 PM] [Info] [ Sheriff ] Soprano moved x:-375.0594 y:80.61634(+19.15571) z:141.5392 in the last second (15.92493)
[12/19/2022 10:26:48 PM] [Info] [ Sheriff ] Soprano moved x:-317.1718 y:71.25502(+24.38766) z:116.1341 in the last second (24.48766)
[12/19/2022 10:26:49 PM] [Info] [ Sheriff ] Soprano moved x:-310.882 y:86.33941(+15.08439) z:122.7988 in the last second (30.28303)
[12/19/2022 10:26:54 PM] [Info] [ Sheriff ] Soprano moved x:-267.0771 y:81.34777(+29.71215) z:139.2329 in the last second (44.37296)
[12/19/2022 10:27:03 PM] [Info] [World] [ Sheriff ] Soprano [Cheese Boi]: "/teleport wp"
[12/19/2022 10:27:03 PM] [Info] Successfully teleported Cheese Boi to waypoint!
[12/19/2022 10:27:04 PM] [Info] [ Sheriff ] Soprano moved x:548.4219 y:86.35045(+50.02479) z:116.4141 in the last second (0.04221344)
[12/19/2022 10:27:19 PM] [Info] [World] [ Sheriff ] Soprano [Cheese Boi]: "/teleport wp"
[12/19/2022 10:27:19 PM] [Info] Successfully teleported Cheese Boi to waypoint!
[12/19/2022 10:27:21 PM] [Info] [Group] Red__Bear [Red__Bear]: "/god"
[12/19/2022 10:27:21 PM] [Info] Red__Bear disabled Godmode
[12/19/2022 10:27:46 PM] [Info] [World] [ Sheriff ] Soprano [Cheese Boi]: "/teleport wp"
[12/19/2022 10:27:46 PM] [Info] Successfully teleported Cheese Boi to waypoint!
[12/19/2022 10:28:00 PM] [Info] [World] reaper [JACK THE RIPPER]: "/i scrap metal"
[12/19/2022 10:28:03 PM] [Info] [Group] Red__Bear [Red__Bear]: "/god"
[12/19/2022 10:28:03 PM] [Info] Red__Bear enabled Godmode
[12/19/2022 10:28:05 PM] [Info] [World] reaper [JACK THE RIPPER]: "/i "scrap metal""
[12/19/2022 10:28:14 PM] [Info] Giving reaper item 36011:1
[12/19/2022 10:28:14 PM] [Info] [World] reaper [JACK THE RIPPER]: "/i 36011 100"
[12/19/2022 10:28:50 PM] [Info] Giving reaper item 36011:100
[12/19/2022 10:28:50 PM] [Info] [World] [ Sheriff ] Soprano [Cheese Boi]: "/i "charge" 10"
[12/19/2022 10:28:53 PM] [Info] Giving [ Sheriff ] Soprano item 19280:10
[12/19/2022 10:28:53 PM] [Info] [World] [ Sheriff ] Soprano [Cheese Boi]: "/i "deto""
[12/19/2022 10:29:22 PM] [Info] Giving [ Sheriff ] Soprano item 1240:1
[12/19/2022 10:29:22 PM] [Info] [ Sheriff ] Soprano moved x:66.79079 y:74.50466(+20.44365) z:534.9373 in the last second (32.92287)
[12/19/2022 10:29:46 PM] [Info] [World] reaper [JACK THE RIPPER]: "/i "pump jack" 6"
[12/19/2022 10:29:52 PM] [Info] Giving reaper item 1219:6
[12/19/2022 10:29:52 PM] [Info] [ Sheriff ] Soprano moved x:-106.6564 y:50.9208(+20.20017) z:643.0406 in the last second (0.2591248)
[12/19/2022 10:30:47 PM] [Info] [Group] Red__Bear [Red__Bear]: "/i flare"
[12/19/2022 10:30:47 PM] [Info] Giving Red__Bear item 36527:1
[12/19/2022 10:30:47 PM] [Info] [World] [ Sheriff ] Soprano [Cheese Boi]: "/i 19279 30"
[12/19/2022 10:30:47 PM] [Info] Giving [ Sheriff ] Soprano item 19279:30
[12/19/2022 10:30:50 PM] [Info] [Group] Red__Bear [Red__Bear]: "/i flaregun"
[12/19/2022 10:30:53 PM] [Info] [Group] Red__Bear [Red__Bear]: "/i flaregun"
[12/19/2022 10:30:58 PM] [Info] [World] [ Sheriff ] Soprano [Cheese Boi]: "/i 19280"
[12/19/2022 10:30:58 PM] [Info] Giving [ Sheriff ] Soprano item 19280:1
[12/19/2022 10:31:08 PM] [Info] [World] [ Sheriff ] Soprano [Cheese Boi]: "/i "rpg""
[12/19/2022 10:31:16 PM] [Info] Giving [ Sheriff ] Soprano item 19358:1
[12/19/2022 10:31:16 PM] [Info] [Group] Red__Bear [Red__Bear]: "/i bunce 3"
[12/19/2022 10:31:17 PM] [Info] [World] [ Sheriff ] Soprano [Cheese Boi]: "/i 19357"
[12/19/2022 10:31:17 PM] [Info] Giving [ Sheriff ] Soprano item 19357:1
[12/19/2022 10:31:17 PM] [Info] [Group] Red__Bear [Red__Bear]: "/i deto"
[12/19/2022 10:31:23 PM] [Info] Giving Red__Bear item 1240:1
[12/19/2022 10:31:23 PM] [Info] [Group] Red__Bear [Red__Bear]: "/i bounce 3"
[12/19/2022 10:31:23 PM] [Info] Giving Red__Bear item 1691:3
[12/19/2022 10:31:23 PM] [Info] [World] [ Sheriff ] Soprano [Cheese Boi]: "/i 19357 60"
[12/19/2022 10:31:23 PM] [Info] Giving [ Sheriff ] Soprano item 19357:60
[12/19/2022 10:31:29 PM] [Info] [World] reaper [JACK THE RIPPER]: "/tp sop"
[12/19/2022 10:31:29 PM] [Info] reaper teleported to [ Sheriff ] Soprano
[12/19/2022 10:31:31 PM] [Info] reaper [JACK THE RIPPER] was blown up by [ Sheriff ] Soprano [Cheese Boi] with a missile!
[12/19/2022 10:31:31 PM] [Info] [ Sheriff ] Soprano moved x:-212.652 y:45.89037(+18.82632) z:617.8757 in the last second (18.93212)
[12/19/2022 10:31:39 PM] [Info] [World] reaper [JACK THE RIPPER]: "i just got there"
[12/19/2022 10:31:41 PM] [Info] [World] reaper [JACK THE RIPPER]: "wtf'"
[12/19/2022 10:31:45 PM] [Info] [World] reaper [JACK THE RIPPER]: "/i rpg"
[12/19/2022 10:31:47 PM] [Info] Giving reaper item 19358:1
[12/19/2022 10:31:47 PM] [Info] [World] reaper [JACK THE RIPPER]: "na"
[12/19/2022 10:31:52 PM] [Info] [World] reaper [JACK THE RIPPER]: "am going to kill"
[12/19/2022 10:31:58 PM] [Info] [World] reaper [JACK THE RIPPER]: "/tp sop"
[12/19/2022 10:31:58 PM] [Info] reaper teleported to [ Sheriff ] Soprano
[12/19/2022 10:32:12 PM] [Info] [World] reaper [JACK THE RIPPER]: "what ammo"
[12/19/2022 10:32:16 PM] [Info] [Group] Red__Bear [Red__Bear]: "/tp reaper"
[12/19/2022 10:32:16 PM] [Info] Red__Bear teleported to reaper
[12/19/2022 10:32:18 PM] [Info] [World] [ Sheriff ] Soprano [Cheese Boi]: "/i "parachte""
[12/19/2022 10:32:20 PM] [Info] [Group] Red__Bear [Red__Bear]: "/i rpg"
[12/19/2022 10:32:28 PM] [Info] Giving Red__Bear item 19358:1
[12/19/2022 10:32:28 PM] [Info] [World] reaper [JACK THE RIPPER]: "/i "rpg warhead""
[12/19/2022 10:32:31 PM] [Info] Giving reaper item 19357:1
[12/19/2022 10:32:31 PM] [Info] [World] [ Sheriff ] Soprano [Cheese Boi]: "/i 19357 60"
[12/19/2022 10:32:34 PM] [Info] Giving [ Sheriff ] Soprano item 19357:60
[12/19/2022 10:32:34 PM] [Info] [World] reaper [JACK THE RIPPER]: "/i 19357 10"
[12/19/2022 10:32:34 PM] [Info] Giving reaper item 19357:10
[12/19/2022 10:32:49 PM] [Info] reaper [JACK THE RIPPER] was blown up by Red__Bear [Red__Bear] with a missile!
[12/19/2022 10:32:49 PM] [Info] Red__Bear moved x:-249.5077 y:50.6347(+15.97225) z:587.3151 in the last second (15.29148)
[12/19/2022 10:32:50 PM] [Info] Red__Bear moved x:-259.6205 y:67.74358(+17.10888) z:578.0936 in the last second (32.11658)
[12/19/2022 10:32:53 PM] [Info] Red__Bear moved x:-266.1506 y:51.93755(+16.22424) z:569.7249 in the last second (16.32474)
[12/19/2022 10:32:54 PM] [Info] Red__Bear moved x:-251.6507 y:70.62949(+18.69193) z:568.3352 in the last second (35.01819)
[12/19/2022 10:32:57 PM] [Info] [World] reaper [JACK THE RIPPER]: "/tp red"
[12/19/2022 10:32:57 PM] [Info] reaper teleported to Red__Bear
[12/19/2022 10:32:57 PM] [Info] reaper [JACK THE RIPPER] was blown up by Red__Bear [Red__Bear] with a missile!
[12/19/2022 10:33:01 PM] [Info] [World] reaper [JACK THE RIPPER]: "/tp sop"
[12/19/2022 10:33:02 PM] [Info] reaper teleported to [ Sheriff ] Soprano
[12/19/2022 10:33:02 PM] [Info] reaper [JACK THE RIPPER] bled to death!
[12/19/2022 10:33:06 PM] [Info] [World] reaper [JACK THE RIPPER]: "/tp red"
[12/19/2022 10:33:06 PM] [Info] reaper teleported to Red__Bear
[12/19/2022 10:33:07 PM] [Info] reaper [JACK THE RIPPER] was blown up by Red__Bear [Red__Bear] with a missile!
[12/19/2022 10:33:14 PM] [Info] [World] reaper [JACK THE RIPPER]: "/tp red"
[12/19/2022 10:33:14 PM] [Info] reaper teleported to Red__Bear
[12/19/2022 10:33:14 PM] [Info] reaper moved x:-248.4844 y:41.73332(+15.93312) z:754.25 in the last second (12.98161)
[12/19/2022 10:33:20 PM] [Info] [World] reaper [JACK THE RIPPER]: "/tp sop"
[12/19/2022 10:33:20 PM] [Info] reaper teleported to [ Sheriff ] Soprano
[12/19/2022 10:33:24 PM] [Info] [Group] Red__Bear [Red__Bear]: "/i warhead 5"
[12/19/2022 10:33:24 PM] [Info] Giving Red__Bear item 19357:5
[12/19/2022 10:33:24 PM] [Info] [ Sheriff ] Soprano moved x:-219.4521 y:48.91817(+22.06409) z:620.418 in the last second (21.98116)
[12/19/2022 10:33:35 PM] [Info] Red__Bear moved x:-211.9085 y:52.25697(+23.41895) z:787.648 in the last second (26.65697)
[12/19/2022 10:33:35 PM] [Info] [World] reaper [JACK THE RIPPER]: "/god"
[12/19/2022 10:33:35 PM] [Info] reaper enabled Godmode
[12/19/2022 10:33:43 PM] [Info] [World] reaper [JACK THE RIPPER]: "/teleport wp"
[12/19/2022 10:33:43 PM] [Info] Successfully teleported JACK THE RIPPER to waypoint!
[12/19/2022 10:33:43 PM] [Info] reaper moved x:-779.2344 y:76.20742(+41.32253) z:4.078125 in the last second (0.09999847)
[12/19/2022 10:33:47 PM] [Info] Red__Bear moved x:-213.6059 y:67.40977(+25.81103) z:737.4282 in the last second (40.29917)
[12/19/2022 10:34:24 PM] [Info] Red__Bear moved x:-222.9116 y:61.37051(+19.48089) z:623.2858 in the last second (34.1514)
[12/19/2022 10:34:34 PM] [Info] Red__Bear moved x:-202.174 y:53.38666(+18.13293) z:584.7813 in the last second (25.34962)
[12/19/2022 10:34:52 PM] [Info] [Group] Red__Bear [Red__Bear]: "/i warhead 5"
[12/19/2022 10:35:09 PM] [Info] Giving Red__Bear item 19357:5
[12/19/2022 10:35:09 PM] [Info] [World] reaper [JACK THE RIPPER]: "/i "rpg warhead" 20"
[12/19/2022 10:35:19 PM] [Info] Giving reaper item 19357:20
[12/19/2022 10:35:19 PM] [Info] [ Sheriff ] Soprano moved x:49.19762 y:65.71783(+20.71588) z:593.5085 in the last second (20.72363)
[12/19/2022 10:35:41 PM] [Info] [ Sheriff ] Soprano moved x:91.53515 y:72.56777(+27.09554) z:601.5435 in the last second (0.3828659)
[12/19/2022 10:35:53 PM] [Info] [ Sheriff ] Soprano moved x:47.49726 y:57.95039(+16.53415) z:545.91 in the last second (16.76033)
[12/19/2022 10:35:54 PM] [Info] [ Sheriff ] Soprano moved x:47.87344 y:73.18575(+15.23536) z:541.1916 in the last second (31.99568)
[12/19/2022 10:36:00 PM] [Info] Disconnecting: PlayerID: 76561199035738472 Name: Red__Bear Character: Red__Bear
[12/19/2022 10:36:00 PM] [Info] BattlEye Server: Player #3 Red__Bear disconnected
[12/19/2022 10:36:01 PM] [Info] Disconnecting: PlayerID: 76561199074224396 Name: JACK THE RIPPER Character: reaper
[12/19/2022 10:36:01 PM] [Info] BattlEye Server: Player #1 JACK THE RIPPER disconnected
[12/19/2022 10:36:01 PM] [Info] Disconnecting: PlayerID: 76561199129498897 Name: Cheese Boi Character: [ Sheriff ] Soprano
[12/19/2022 10:36:01 PM] [Info] BattlEye Server: Player #2 Cheese Boi disconnected
[12/19/2022 10:36:02 PM] [Info] 
[unloading] InfiniteEnergy
