[12/29/2022 1:50:51 PM] [Info] Steam servers ready!
[12/29/2022 1:50:51 PM] [Info] Workshop install folder: C:\Program Files (x86)\Steam\steamapps\common\U3DS/Servers/LFO/Workshop/Steam
[12/29/2022 1:50:51 PM] [Info] 2 workshop item(s) requested
[12/29/2022 1:50:51 PM] [Info] Submitting workshop query for 2 item(s)...
[12/29/2022 1:50:51 PM] [Info] Workshop query yielded 2 result(s)
[12/29/2022 1:50:51 PM] [Info] This server's allowed IP for Workshop downloads: 73.253.101.49
[12/29/2022 1:50:51 PM] [Info] 2899517511 'LFO Mods' has 10 children
[12/29/2022 1:50:51 PM] [Info] 	1232252658
[12/29/2022 1:50:51 PM] [Info] 	2528363491
[12/29/2022 1:50:51 PM] [Info] 	2309977886
[12/29/2022 1:50:51 PM] [Info] 	1727733956
[12/29/2022 1:50:51 PM] [Info] 	2069342497
[12/29/2022 1:50:51 PM] [Info] 	1717095606
[12/29/2022 1:50:51 PM] [Info] 	2454681372
[12/29/2022 1:50:51 PM] [Info] 	1909152337
[12/29/2022 1:50:51 PM] [Info] 	2480988643
[12/29/2022 1:50:51 PM] [Info] 	2683620106 (already queued)
[12/29/2022 1:50:51 PM] [Info] 2683620106 'Arid' queued for download
[12/29/2022 1:50:51 PM] [Info] Submitting workshop query for 9 item(s)...
[12/29/2022 1:50:51 PM] [Info] Workshop query yielded 9 result(s)
[12/29/2022 1:50:51 PM] [Info] This server's allowed IP for Workshop downloads: 73.253.101.49
[12/29/2022 1:50:51 PM] [Info] 1232252658 'More Farming Mod' queued for download
[12/29/2022 1:50:51 PM] [Info] 2528363491 'Wind Vehicles' queued for download
[12/29/2022 1:50:51 PM] [Info] 2309977886 'Wind Cars 2.0' queued for download
[12/29/2022 1:50:51 PM] [Info] 1727733956 'Pento's Tactical Apparel' queued for download
[12/29/2022 1:50:51 PM] [Info] Authorized to download 2069342497 'Survivor's Expansion'
[12/29/2022 1:50:51 PM] [Info] 2069342497 'Survivor's Expansion' queued for download
[12/29/2022 1:50:51 PM] [Info] 1717095606 'Creator Tools' queued for download
[12/29/2022 1:50:51 PM] [Info] 2454681372 'Raum's Lockers' queued for download
[12/29/2022 1:50:51 PM] [Info] 1909152337 'California Assets' queued for download
[12/29/2022 1:50:51 PM] [Info] 2480988643 'LFO Washington' queued for download
[12/29/2022 1:50:51 PM] [Info] 10 workshop item(s) to download...
[12/29/2022 1:51:26 PM] [Info] Workshop item found in cache: 2683620106
[12/29/2022 1:51:26 PM] [Info] Installing workshop item: 2683620106
[12/29/2022 1:51:26 PM] [Info] Installed workshop item: 2683620106
[12/29/2022 1:51:26 PM] [Info] Workshop item found in cache: 1232252658
[12/29/2022 1:51:26 PM] [Info] Installing workshop item: 1232252658
[12/29/2022 1:51:26 PM] [Info] Installed workshop item: 1232252658
[12/29/2022 1:51:26 PM] [Info] Workshop item found in cache: 2528363491
[12/29/2022 1:51:26 PM] [Info] Installing workshop item: 2528363491
[12/29/2022 1:51:26 PM] [Info] Installed workshop item: 2528363491
[12/29/2022 1:51:26 PM] [Info] Workshop item found in cache: 2309977886
[12/29/2022 1:51:26 PM] [Info] Installing workshop item: 2309977886
[12/29/2022 1:51:26 PM] [Info] Installed workshop item: 2309977886
[12/29/2022 1:51:26 PM] [Info] Workshop item found in cache: 1727733956
[12/29/2022 1:51:26 PM] [Info] Installing workshop item: 1727733956
[12/29/2022 1:51:26 PM] [Info] Installed workshop item: 1727733956
[12/29/2022 1:51:26 PM] [Info] Workshop item found in cache: 2069342497
[12/29/2022 1:51:26 PM] [Info] Installing workshop item: 2069342497
[12/29/2022 1:51:26 PM] [Info] Installed workshop item: 2069342497
[12/29/2022 1:51:26 PM] [Info] Workshop item found in cache: 1717095606
[12/29/2022 1:51:26 PM] [Info] Installing workshop item: 1717095606
[12/29/2022 1:51:26 PM] [Info] Installed workshop item: 1717095606
[12/29/2022 1:51:26 PM] [Info] Workshop item found in cache: 2454681372
[12/29/2022 1:51:26 PM] [Info] Installing workshop item: 2454681372
[12/29/2022 1:51:26 PM] [Info] Installed workshop item: 2454681372
[12/29/2022 1:51:26 PM] [Info] Workshop item found in cache: 1909152337
[12/29/2022 1:51:26 PM] [Info] Installing workshop item: 1909152337
[12/29/2022 1:51:26 PM] [Info] Installed workshop item: 1909152337
[12/29/2022 1:51:26 PM] [Info] Workshop item 2480988643 found in cache, but remote (12/29/2022 1:49:55 PM) is newer than local (12/28/2022 11:52:04 PM)
[12/29/2022 1:51:26 PM] [Info] Downloading workshop item: 2480988643
[12/29/2022 1:51:26 PM] [Info] Successfully downloaded workshop item: 2480988643
[12/29/2022 1:51:26 PM] [Info] Installing workshop item: 2480988643
[12/29/2022 1:51:27 PM] [Info] Installed workshop item: 2480988643
[12/29/2022 1:51:27 PM] [Info] Skipping level config override Items.Quality_Full_Chance because server value (1) is not the default (0.1)
[12/29/2022 1:51:27 PM] [Info] Level overrides config Items.Quality_Multiplier: 1 (Default: 1)
[12/29/2022 1:51:27 PM] [Info] Skipping level config override Items.Gun_Bullets_Full_Chance because server value (1) is not the default (0.05)
[12/29/2022 1:51:27 PM] [Info] Skipping level config override Items.Gun_Bullets_Multiplier because server value (1) is not the default (0.25)
[12/29/2022 1:51:27 PM] [Info] Skipping level config override Items.Magazine_Bullets_Full_Chance because server value (1) is not the default (0.05)
[12/29/2022 1:51:27 PM] [Info] Skipping level config override Items.Magazine_Bullets_Multiplier because server value (1) is not the default (0.5)
[12/29/2022 1:51:27 PM] [Info] Skipping level config override Items.Crate_Bullets_Full_Chance because server value (1) is not the default (0.05)
[12/29/2022 1:51:27 PM] [Info] Level overrides config Items.Crate_Bullets_Multiplier: 0.5 (Default: 1)
[12/29/2022 1:51:27 PM] [Info] Level overrides config Items.Despawn_Dropped_Time: 1080 (Default: 600)
[12/29/2022 1:51:27 PM] [Info] Level overrides config Items.Despawn_Natural_Time: 1080 (Default: 900)
[12/29/2022 1:51:27 PM] [Info] Level overrides config Items.Respawn_Time: 80 (Default: 100)
[12/29/2022 1:51:27 PM] [Info] Level overrides config Players.Health_Default: 65 (Default: 100)
[12/29/2022 1:51:27 PM] [Info] Level overrides config Players.Food_Default: 50 (Default: 100)
[12/29/2022 1:51:27 PM] [Info] Level overrides config Players.Water_Default: 50 (Default: 100)
[12/29/2022 1:51:27 PM] [Info] Level overrides config Players.Virus_Default: 30 (Default: 100)
[12/29/2022 1:51:27 PM] [Info] Level overrides config Players.Health_Regen_Min_Food: 70 (Default: 90)
[12/29/2022 1:51:27 PM] [Info] Level overrides config Players.Health_Regen_Min_Water: 70 (Default: 90)
[12/29/2022 1:51:27 PM] [Info] Level overrides config Players.Health_Regen_Ticks: 45 (Default: 60)
[12/29/2022 1:51:27 PM] [Info] Level overrides config Players.Food_Use_Ticks: 1400 (Default: 300)
[12/29/2022 1:51:27 PM] [Info] Level overrides config Players.Food_Damage_Ticks: 5 (Default: 15)
[12/29/2022 1:51:27 PM] [Info] Level overrides config Players.Water_Use_Ticks: 1200 (Default: 270)
[12/29/2022 1:51:27 PM] [Info] Level overrides config Players.Water_Damage_Ticks: 5 (Default: 20)
[12/29/2022 1:51:27 PM] [Info] Skipping level config override Players.Virus_Infect because server value (90) is not the default (50)
[12/29/2022 1:51:27 PM] [Info] Level overrides config Players.Virus_Use_Ticks: 60 (Default: 125)
[12/29/2022 1:51:27 PM] [Info] Level overrides config Players.Virus_Damage_Ticks: 1 (Default: 25)
[12/29/2022 1:51:27 PM] [Info] Skipping level config override Players.Detect_Radius_Multiplier because server value (5) is not the default (1)
[12/29/2022 1:51:27 PM] [Info] Skipping level config override Players.Ray_Aggressor_Distance because server value (30) is not the default (8)
[12/29/2022 1:51:27 PM] [Info] Level overrides config Players.Bleed_Damage_Ticks: 21 (Default: 10)
[12/29/2022 1:51:27 PM] [Info] Level overrides config Players.Can_Stop_Bleeding: False (Default: True)
[12/29/2022 1:51:27 PM] [Info] Level overrides config Players.Experience_Multiplier: 0 (Default: 1)
[12/29/2022 1:51:27 PM] [Info] Skipping level config override Players.Lose_Skills_PvP because server value (1) is not the default (0.75)
[12/29/2022 1:51:27 PM] [Info] Skipping level config override Players.Lose_Skills_PvE because server value (1) is not the default (0.75)
[12/29/2022 1:51:27 PM] [Info] Skipping level config override Zombies.Slow_Movement because server value (True) is not the default (False)
[12/29/2022 1:51:27 PM] [Info] Skipping level config override Zombies.Acid_Chance because server value (0) is not the default (0.025)
[12/29/2022 1:51:27 PM] [Info] Skipping level config override Zombies.Loot_Chance because server value (1) is not the default (0.5)
[12/29/2022 1:51:27 PM] [Info] Level overrides config Zombies.Min_Mega_Drops: 6 (Default: 5)
[12/29/2022 1:51:27 PM] [Info] Skipping level config override Zombies.Max_Mega_Drops because server value (10) is not the default (5)
[12/29/2022 1:51:27 PM] [Info] Skipping level config override Zombies.Min_Boss_Drops because server value (5) is not the default (8)
[12/29/2022 1:51:27 PM] [Info] Level overrides config Zombies.Max_Boss_Drops: 7 (Default: 10)
[12/29/2022 1:51:27 PM] [Info] Skipping level config override Zombies.Respawn_Day_Time because server value (600) is not the default (360)
[12/29/2022 1:51:27 PM] [Info] Level overrides config Zombies.Respawn_Night_Time: 180 (Default: 30)
[12/29/2022 1:51:27 PM] [Info] Level overrides config Gameplay.Chart: True (Default: False)
[12/29/2022 1:51:27 PM] [Info] Level overrides config Gameplay.Satellite: True (Default: False)
[12/29/2022 1:51:27 PM] [Info] Level overrides config Gameplay.Ballistics: True (Default: True)
[12/29/2022 1:51:27 PM] [Info] Level overrides config Gameplay.Group_Map: True (Default: True)
[12/29/2022 1:51:27 PM] [Info] Skipping level config override Gameplay.Timer_Home because server value (10) is not the default (30)
[12/29/2022 1:51:27 PM] [Info] Skipping level config override Events.Airdrop_Frequency_Min because server value (0) is not the default (0.8)
[12/29/2022 1:51:27 PM] [Info] Skipping level config override Events.Airdrop_Frequency_Max because server value (5) is not the default (6.5)
[12/29/2022 1:51:27 PM] [Info] Skipping level config override Events.Airdrop_Speed because server value (1) is not the default (128)
[12/29/2022 1:51:27 PM] [Info] Skipping level config override Events.Airdrop_Force because server value (1) is not the default (9.5)
[12/29/2022 1:51:27 PM] [Info] Skipping level config override Vehicles.Min_Battery_Charge because server value (1) is not the default (0.5)
[12/29/2022 1:51:27 PM] [Info] Skipping level config override Vehicles.Max_Battery_Charge because server value (1) is not the default (0.75)
[12/29/2022 1:51:27 PM] [Info] Skipping level config override Vehicles.Has_Battery_Chance because server value (1) is not the default (0.8)
[12/29/2022 1:51:27 PM] [Info] Skipping level config override Vehicles.Max_Instances_Large because server value (60) is not the default (32)
[12/29/2022 1:51:27 PM] [Info] Skipping level config override Vehicles.Decay_Time because server value (0) is not the default (604800)
[12/29/2022 1:51:27 PM] [Info] Skipping level config override Vehicles.Decay_Damage_Per_Second because server value (0) is not the default (0.1)
[12/29/2022 1:51:27 PM] [Info] Skipping level config override Barricades.Armor_Lowtier_Multiplier because server value (100) is not the default (1)
[12/29/2022 1:51:27 PM] [Info] Skipping level config override Barricades.Armor_Hightier_Multiplier because server value (100) is not the default (0.5)
[12/29/2022 1:51:27 PM] [Info] Skipping level config override Structures.Armor_Lowtier_Multiplier because server value (0.01) is not the default (1)
[12/29/2022 1:51:27 PM] [Info] Skipping level config override Structures.Armor_Hightier_Multiplier because server value (0.01) is not the default (0.5)
[12/29/2022 1:51:27 PM] [Info] Skipping level config override Barricades.Gun_Lowcal_Damage_Multiplier because server value (0.01) is not the default (1)
[12/29/2022 1:51:27 PM] [Info] Skipping level config override Barricades.Gun_Highcal_Damage_Multiplier because server value (0.01) is not the default (1)
[12/29/2022 1:51:27 PM] [Info] Skipping level config override Structures.Gun_Lowcal_Damage_Multiplier because server value (0.01) is not the default (1)
[12/29/2022 1:51:27 PM] [Info] Skipping level config override Structures.Gun_Highcal_Damage_Multiplier because server value (0.01) is not the default (1)
[12/29/2022 1:51:27 PM] [Info] Skipping level config override Barricades.Decay_Time because server value (0) is not the default (604800)
[12/29/2022 1:51:27 PM] [Info] Skipping level config override Structures.Decay_Time because server value (0) is not the default (604800)
[12/29/2022 1:51:27 PM] [Info] Level overrides config Barricades.Allow_Item_Placement_On_Vehicle: False (Default: True)
[12/29/2022 1:51:27 PM] [Info] Level overrides config Barricades.Allow_Trap_Placement_On_Vehicle: False (Default: True)
[12/29/2022 1:51:27 PM] [Info] Monitoring workshop map 'Arid' (2683620106) for changes
[12/29/2022 1:51:27 PM] [Info] Loading level: 8%
[12/29/2022 1:51:30 PM] [Info] Loading level: 16%
[12/29/2022 1:51:30 PM] [Info] Loading level: 25%
[12/29/2022 1:51:30 PM] [Info] Loading level: 33%
[12/29/2022 1:51:30 PM] [Info] Loading level: 41%
[12/29/2022 1:51:30 PM] [Info] Loading level: 50%
[12/29/2022 1:51:31 PM] [Info] Loading level: 58%
[12/29/2022 1:51:31 PM] [Info] Loading level: 66%
[12/29/2022 1:51:31 PM] [Info] Loading level: 75%
[12/29/2022 1:51:31 PM] [Info] Loading level: 83%
[12/29/2022 1:51:31 PM] [Info] Loading level: 91%
[12/29/2022 1:51:31 PM] [Info] Loading level: 100%
[12/29/2022 1:52:27 PM] [Info] BattlEye Server: Player #0 JACK THE RIPPER (108.90.241.159:50622) connected
[12/29/2022 1:52:27 PM] [Info] BattlEye Server: Player #0 JACK THE RIPPER - BE GUID: 0b39942d7d9a57c3719c1f802044c592
[12/29/2022 1:52:28 PM] [Info] Connecting: PlayerID: 76561199074224396 Name: JACK THE RIPPER Character: reaper
[12/29/2022 1:52:28 PM] [Info] BattlEye Server: Connected to BE Master
[12/29/2022 1:53:08 PM] [Info] [World] reaper [JACK THE RIPPER]: "/teleport wp"
[12/29/2022 1:53:08 PM] [Info] Successfully teleported JACK THE RIPPER to waypoint!
[12/29/2022 1:53:15 PM] [Info] BattlEye Server: Player #1 Cheese Boi (173.3.120.91:65446) connected
[12/29/2022 1:53:15 PM] [Info] BattlEye Server: Player #1 Cheese Boi - BE GUID: 2b512fb04534f10758ddfe662a41a811
[12/29/2022 1:53:40 PM] [Info] Connecting: PlayerID: 76561199129498897 Name: Cheese Boi Character: Soprano
[12/29/2022 1:53:40 PM] [Info] [World] reaper [JACK THE RIPPER]: "/i 17"
[12/29/2022 1:53:59 PM] [Info] [World] Soprano [Cheese Boi]: "/tp west"
[12/29/2022 1:54:12 PM] [Info] [World] Soprano [Cheese Boi]: "/day"
[12/29/2022 1:54:12 PM] [Info] Successfully set time to day!
[12/29/2022 1:54:17 PM] [Info] [World] reaper [JACK THE RIPPER]: "i have rights"
[12/29/2022 1:54:24 PM] [Info] [World] reaper [JACK THE RIPPER]: "i take this to the laws"
[12/29/2022 1:55:11 PM] [Info] [World] reaper [JACK THE RIPPER]: "yes"
[12/29/2022 1:55:14 PM] [Info] [World] reaper [JACK THE RIPPER]: "i bet 100k"
[12/29/2022 1:55:26 PM] [Info] [World] Soprano [Cheese Boi]: "/teleport wp"
[12/29/2022 1:55:26 PM] [Info] Successfully teleported Cheese Boi to waypoint!
[12/29/2022 1:56:02 PM] [Info] BattlEye Server: Player #2 Red__Bear (73.253.101.49:62726) connected
[12/29/2022 1:56:02 PM] [Info] BattlEye Server: Player #2 Red__Bear - BE GUID: f4abbf8aa333c3b24b5656c70080f342
[12/29/2022 1:56:05 PM] [Info] Connecting: PlayerID: 76561199035738472 Name: Red__Bear Character: Red__Bear
[12/29/2022 1:56:05 PM] [Info] [World] reaper [JACK THE RIPPER]: "/teleport sop"
[12/29/2022 1:56:05 PM] [Info] Successfully teleported JACK THE RIPPER to Cheese Boi!
[12/29/2022 1:56:10 PM] [Info] [Group] Red__Bear [Red__Bear]: "/tp reaper"
[12/29/2022 1:56:32 PM] [Info] [Group] Red__Bear [Red__Bear]: "/i 59772"
[12/29/2022 1:56:36 PM] [Info] [World] Red__Bear [Red__Bear]: "/i 59972"
[12/29/2022 1:56:39 PM] [Info] [World] reaper [JACK THE RIPPER]: "am back in the 1990s"
[12/29/2022 1:57:06 PM] [Info] [Group] Red__Bear [Red__Bear]: "/i ltc"
[12/29/2022 1:57:10 PM] [Info] [Group] Red__Bear [Red__Bear]: "/i "ltc bot""
[12/29/2022 1:57:12 PM] [Info] [World] reaper [JACK THE RIPPER]: "ya am going with trump now"
[12/29/2022 1:57:42 PM] [Info] [World] reaper [JACK THE RIPPER]: "red say to shoot bad guys"
[12/29/2022 1:57:49 PM] [Info] reaper [JACK THE RIPPER] was shot in the torso by Soprano [Cheese Boi]!
[12/29/2022 1:57:55 PM] [Info] [World] reaper [JACK THE RIPPER]: "/teleport red"
[12/29/2022 1:57:55 PM] [Info] Successfully teleported JACK THE RIPPER to Red__Bear!
[12/29/2022 1:58:06 PM] [Info] [Group] Red__Bear [Red__Bear]: "/teleport wp"
[12/29/2022 1:58:06 PM] [Info] Successfully teleported Red__Bear to waypoint!
[12/29/2022 1:58:11 PM] [Info] [World] reaper [JACK THE RIPPER]: "i come back with big guns"
[12/29/2022 1:58:17 PM] [Info] [Group] Red__Bear [Red__Bear]: "/i "industrial metal" 4"
[12/29/2022 1:58:18 PM] [Info] [World] reaper [JACK THE RIPPER]: "/teleport wp"
[12/29/2022 1:58:18 PM] [Info] Successfully teleported JACK THE RIPPER to waypoint!
[12/29/2022 1:59:02 PM] [Info] [World] reaper [JACK THE RIPPER]: "when you where online"
[12/29/2022 1:59:30 PM] [Info] [Group] Red__Bear [Red__Bear]: "/i 59917"
[12/29/2022 1:59:32 PM] [Info] [World] Red__Bear [Red__Bear]: "/i 59918"
[12/29/2022 1:59:39 PM] [Info] [World] reaper [JACK THE RIPPER]: "brb someone outside my house"
[12/29/2022 1:59:45 PM] [Info] [World] reaper [JACK THE RIPPER]: "idk why"
[12/29/2022 1:59:47 PM] [Info] [Group] Red__Bear [Red__Bear]: "/i 59431"
[12/29/2022 1:59:52 PM] [Info] [World] reaper [JACK THE RIPPER]: "/teleport sop"
[12/29/2022 1:59:53 PM] [Info] Successfully teleported JACK THE RIPPER to Cheese Boi!
[12/29/2022 2:00:04 PM] [Info] [Group] Red__Bear [Red__Bear]: "/i 59972"
[12/29/2022 2:00:09 PM] [Info] [Group] Red__Bear [Red__Bear]: "/i casket 10"
[12/29/2022 2:00:31 PM] [Info] reaper [JACK THE RIPPER] was infected to death!
[12/29/2022 2:00:44 PM] [Info] [Group] Red__Bear [Red__Bear]: "/i 59843"
[12/29/2022 2:00:52 PM] [Info] [World] Red__Bear [Red__Bear]: "/i 59873"
[12/29/2022 2:01:06 PM] [Info] [Group] Red__Bear [Red__Bear]: "/i 59743"
[12/29/2022 2:01:28 PM] [Info] [Group] Red__Bear [Red__Bear]: "/tp reaper"
[12/29/2022 2:01:36 PM] [Info] [Group] Red__Bear [Red__Bear]: "/tp james"
[12/29/2022 2:02:18 PM] [Info] [Group] Red__Bear [Red__Bear]: "/tp reaper"
[12/29/2022 2:02:28 PM] [Info] [Group] Red__Bear [Red__Bear]: "/i "medical kit" 5"
[12/29/2022 2:02:40 PM] [Info] [Group] Red__Bear [Red__Bear]: "/v hh-6"
[12/29/2022 2:02:54 PM] [Info] [World] reaper [JACK THE RIPPER]: "back"
[12/29/2022 2:02:57 PM] [Info] [World] reaper [JACK THE RIPPER]: "/teleport red"
[12/29/2022 2:02:57 PM] [Info] Successfully teleported JACK THE RIPPER to Red__Bear!
[12/29/2022 2:03:06 PM] [Info] [World] reaper [JACK THE RIPPER]: "/teleport wp"
[12/29/2022 2:03:06 PM] [Info] Successfully teleported JACK THE RIPPER to waypoint!
[12/29/2022 2:03:08 PM] [Info] [World] reaper [JACK THE RIPPER]: "/heal"
[12/29/2022 2:03:13 PM] [Info] Red__Bear [Red__Bear] was blown up by a vehicle!
[12/29/2022 2:03:16 PM] [Info] [Group] Red__Bear [Red__Bear]: "/tp james"
[12/29/2022 2:03:20 PM] [Info] [Group] Red__Bear [Red__Bear]: "/tp sopra"
[12/29/2022 2:04:47 PM] [Info] [Group] Red__Bear [Red__Bear]: "/tp reaper"
[12/29/2022 2:05:04 PM] [Info] [Group] Red__Bear [Red__Bear]: "/i 59917"
[12/29/2022 2:05:17 PM] [Info] [Group] Red__Bear [Red__Bear]: "/heal"
[12/29/2022 2:05:23 PM] [Info] [World] reaper [JACK THE RIPPER]: "back"
[12/29/2022 2:05:27 PM] [Info] [World] reaper [JACK THE RIPPER]: "from an phone call"
[12/29/2022 2:05:43 PM] [Info] [World] reaper [JACK THE RIPPER]: "/teleport sop"
[12/29/2022 2:05:43 PM] [Info] Successfully teleported JACK THE RIPPER to Cheese Boi!
[12/29/2022 2:05:45 PM] [Info] Soprano [Cheese Boi] was shot in the head by reaper [JACK THE RIPPER]!
[12/29/2022 2:05:46 PM] [Info] [Group] Red__Bear [Red__Bear]: "/tp reaper"
[12/29/2022 2:05:50 PM] [Info] [World] reaper [JACK THE RIPPER]: "i help"
[12/29/2022 2:05:57 PM] [Info] [World] reaper [JACK THE RIPPER]: "go USA"
[12/29/2022 2:06:00 PM] [Info] [World] Soprano [Cheese Boi]: "/tp red"
[12/29/2022 2:06:16 PM] [Info] [World] Soprano [Cheese Boi]: "/heal"
[12/29/2022 2:06:33 PM] [Info] [World] reaper [JACK THE RIPPER]: "if you guys see me stop that mean i went to get water for my body"
[12/29/2022 2:06:52 PM] [Info] [World] Soprano [Cheese Boi]: "/heal"
[12/29/2022 2:06:57 PM] [Info] [World] Soprano [Cheese Boi]: "/heal"
[12/29/2022 2:07:18 PM] [Info] [World] reaper [JACK THE RIPPER]: "am new"
[12/29/2022 2:08:07 PM] [Info] [Group] Red__Bear [Red__Bear]: "/i headset"
[12/29/2022 2:08:22 PM] [Info] [Group] Red__Bear [Red__Bear]: "/i balacla"
[12/29/2022 2:08:26 PM] [Info] [Group] Red__Bear [Red__Bear]: "/i headset"
[12/29/2022 2:08:37 PM] [Info] [World] reaper [JACK THE RIPPER]: "i need a vest"
[12/29/2022 2:08:37 PM] [Info] [Group] Red__Bear [Red__Bear]: "/i 59972"
[12/29/2022 2:08:50 PM] [Info] [Group] Red__Bear [Red__Bear]: "/i 59154"
[12/29/2022 2:09:12 PM] [Info] [World] reaper [JACK THE RIPPER]: "red he's not with us"
[12/29/2022 2:09:34 PM] [Info] [World] reaper [JACK THE RIPPER]: "do i shoot"
[12/29/2022 2:10:28 PM] [Info] Red__Bear [Red__Bear] was shot in the head by reaper [JACK THE RIPPER]!
[12/29/2022 2:10:32 PM] [Info] [Group] Red__Bear [Red__Bear]: "/tp reaper"
[12/29/2022 2:10:38 PM] [Info] [World] reaper [JACK THE RIPPER]: "cross fire"
[12/29/2022 2:10:56 PM] [Info] [World] reaper [JACK THE RIPPER]: "/HEAL"
[12/29/2022 2:11:08 PM] [Info] [World] Soprano [Cheese Boi]: "/heal"
[12/29/2022 2:11:29 PM] [Info] [Group] Red__Bear [Red__Bear]: "/i "green pack""
[12/29/2022 2:11:33 PM] [Info] [World] Soprano [Cheese Boi]: "/teleport wp"
[12/29/2022 2:11:33 PM] [Info] Successfully teleported Cheese Boi to waypoint!
[12/29/2022 2:11:38 PM] [Info] [Group] Red__Bear [Red__Bear]: "/i 59097"
[12/29/2022 2:11:49 PM] [Info] [Group] Red__Bear [Red__Bear]: "/i compact"
[12/29/2022 2:12:08 PM] [Info] [World] reaper [JACK THE RIPPER]: "/I "ar""
[12/29/2022 2:12:12 PM] [Info] [World] reaper [JACK THE RIPPER]: "wtf"
[12/29/2022 2:12:16 PM] [Info] [World] reaper [JACK THE RIPPER]: "red come to me"
[12/29/2022 2:12:19 PM] [Info] [Group] Red__Bear [Red__Bear]: "/tp raeper"
[12/29/2022 2:12:21 PM] [Info] [Group] Red__Bear [Red__Bear]: "/tp reap"
[12/29/2022 2:12:30 PM] [Info] [World] Soprano [Cheese Boi]: "/i "wooden crate" 3"
[12/29/2022 2:12:32 PM] [Info] [Group] Red__Bear [Red__Bear]: "/heal"
[12/29/2022 2:12:46 PM] [Info] [World] reaper [JACK THE RIPPER]: "new gun for use"
[12/29/2022 2:12:53 PM] [Info] [World] reaper [JACK THE RIPPER]: "/i "ar""
[12/29/2022 2:13:06 PM] [Info] [World] reaper [JACK THE RIPPER]: "/i 59260"
[12/29/2022 2:13:12 PM] [Info] [Group] Red__Bear [Red__Bear]: "/i 59853"
[12/29/2022 2:13:15 PM] [Info] [World] reaper [JACK THE RIPPER]: "/i 59260 10"
[12/29/2022 2:13:20 PM] [Info] [World] reaper [JACK THE RIPPER]: "omg"
[12/29/2022 2:13:22 PM] [Info] [World] reaper [JACK THE RIPPER]: "i what that"
[12/29/2022 2:13:23 PM] [Info] [Group] Red__Bear [Red__Bear]: "/i "zolash dru""
[12/29/2022 2:13:49 PM] [Info] [Area] Red__Bear [Red__Bear]: "/i 59853"
[12/29/2022 2:13:50 PM] [Info] [World] Red__Bear [Red__Bear]: "/i "zolash dru""
[12/29/2022 2:13:53 PM] [Info] [World] reaper [JACK THE RIPPER]: "/i "zolash drum"5"
[12/29/2022 2:13:58 PM] [Info] [World] reaper [JACK THE RIPPER]: "/i "drum""
[12/29/2022 2:14:10 PM] [Info] [World] reaper [JACK THE RIPPER]: "/i zdlash drum"
[12/29/2022 2:14:19 PM] [Info] [World] reaper [JACK THE RIPPER]: "/i "zolash drum""
[12/29/2022 2:14:37 PM] [Info] [World] reaper [JACK THE RIPPER]: "/i 59858 10"
[12/29/2022 2:15:09 PM] [Info] [Group] Red__Bear [Red__Bear]: "/i raz"
[12/29/2022 2:15:18 PM] [Info] [World] reaper [JACK THE RIPPER]: "/shotgun"
[12/29/2022 2:15:21 PM] [Info] [World] reaper [JACK THE RIPPER]: "/i shotgun"
[12/29/2022 2:15:27 PM] [Info] [Group] Red__Bear [Red__Bear]: "/i 59966"
[12/29/2022 2:15:30 PM] [Info] [World] reaper [JACK THE RIPPER]: "/i "shotgun""
[12/29/2022 2:15:33 PM] [Info] [World] reaper [JACK THE RIPPER]: "omg"
[12/29/2022 2:15:38 PM] [Info] [World] reaper [JACK THE RIPPER]: "war crimes"
[12/29/2022 2:15:41 PM] [Info] [Group] Red__Bear [Red__Bear]: "/ammo 10"
[12/29/2022 2:15:46 PM] [Info] [World] reaper [JACK THE RIPPER]: "/heal"
[12/29/2022 2:15:53 PM] [Info] [World] Soprano [Cheese Boi]: "/i "wooden crate""
[12/29/2022 2:15:56 PM] [Info] [Group] Red__Bear [Red__Bear]: "/i "nailgun clip" 10"
[12/29/2022 2:16:23 PM] [Info] [Group] Red__Bear [Red__Bear]: "/i ghost"
[12/29/2022 2:16:29 PM] [Info] [Group] Red__Bear [Red__Bear]: "/tp james"
[12/29/2022 2:16:31 PM] [Info] [Group] Red__Bear [Red__Bear]: "/tp sopra"
[12/29/2022 2:16:55 PM] [Info] Soprano [Cheese Boi] was shot in the head by Red__Bear [Red__Bear]!
[12/29/2022 2:17:06 PM] [Info] [World] Soprano [Cheese Boi]: "/teleport wp"
[12/29/2022 2:17:06 PM] [Info] Successfully teleported Cheese Boi to waypoint!
[12/29/2022 2:17:17 PM] [Info] [World] reaper [JACK THE RIPPER]: "/i 76"
[12/29/2022 2:17:27 PM] [Info] [World] Soprano [Cheese Boi]: "/i "nailgun mk""
[12/29/2022 2:17:28 PM] [Info] [Group] Red__Bear [Red__Bear]: "/i 59296"
[12/29/2022 2:17:39 PM] [Info] [Group] Red__Bear [Red__Bear]: "/i ghost"
[12/29/2022 2:17:44 PM] [Info] [Area] Red__Bear [Red__Bear]: "/i pointer"
[12/29/2022 2:17:50 PM] [Info] [Group] Red__Bear [Red__Bear]: "/i "pistol sup""
[12/29/2022 2:17:51 PM] [Info] [World] reaper [JACK THE RIPPER]: "/i "gas can""
[12/29/2022 2:17:58 PM] [Info] [Group] Red__Bear [Red__Bear]: "/i "pistol holo""
[12/29/2022 2:18:00 PM] [Info] [World] reaper [JACK THE RIPPER]: "/i 59129 10"
[12/29/2022 2:18:17 PM] [Info] [World] Soprano [Cheese Boi]: "/ammo"
[12/29/2022 2:18:21 PM] [Info] [Group] Red__Bear [Red__Bear]: "/i "target mag" 10"
[12/29/2022 2:18:29 PM] [Info] [World] Soprano [Cheese Boi]: "/i "nailgun clip" 20"
[12/29/2022 2:18:32 PM] [Info] [World] Soprano [Cheese Boi]: "/i "nailgun clip" 20"
[12/29/2022 2:18:51 PM] [Info] [Group] Red__Bear [Red__Bear]: "/heal"
[12/29/2022 2:19:11 PM] [Info] [World] Soprano [Cheese Boi]: "/heal"
[12/29/2022 2:19:29 PM] [Info] [World] Soprano [Cheese Boi]: "/heal"
[12/29/2022 2:19:31 PM] [Info] reaper [JACK THE RIPPER] was blown up by a vehicle!
[12/29/2022 2:19:32 PM] [Info] Red__Bear [Red__Bear] was shot in the head by Soprano [Cheese Boi]!
[12/29/2022 2:19:35 PM] [Info] [World] Soprano [Cheese Boi]: "/heal"
[12/29/2022 2:19:35 PM] [Info] [World] reaper [JACK THE RIPPER]: "my car"
[12/29/2022 2:19:35 PM] [Info] [Group] Red__Bear [Red__Bear]: "/tp james"
[12/29/2022 2:19:38 PM] [Info] [Group] Red__Bear [Red__Bear]: "/tp sopr"
[12/29/2022 2:19:42 PM] [Info] [World] reaper [JACK THE RIPPER]: "/teleport wp"
[12/29/2022 2:19:42 PM] [Info] Successfully teleported JACK THE RIPPER to waypoint!
[12/29/2022 2:19:44 PM] [Info] Red__Bear [Red__Bear] was shot in the head by Soprano [Cheese Boi]!
[12/29/2022 2:19:47 PM] [Info] [Group] Red__Bear [Red__Bear]: "/tp sopr"
[12/29/2022 2:19:48 PM] [Info] [World] Soprano [Cheese Boi]: "/heal"
[12/29/2022 2:20:05 PM] [Info] [Group] Red__Bear [Red__Bear]: "/i brut"
[12/29/2022 2:20:32 PM] [Info] Soprano [Cheese Boi] was shot in the head by Red__Bear [Red__Bear]!
[12/29/2022 2:20:38 PM] [Info] [World] Soprano [Cheese Boi]: "/tp red"
[12/29/2022 2:20:54 PM] [Info] [Group] Red__Bear [Red__Bear]: "/tp reaper"
[12/29/2022 2:21:00 PM] [Info] [World] Soprano [Cheese Boi]: "/tp red"
[12/29/2022 2:21:07 PM] [Info] [World] reaper [JACK THE RIPPER]: "i die red"
[12/29/2022 2:21:12 PM] [Info] [Group] Red__Bear [Red__Bear]: "/tp reaper"
[12/29/2022 2:21:15 PM] [Info] [World] reaper [JACK THE RIPPER]: "to a mine trap"
[12/29/2022 2:21:18 PM] [Info] reaper [JACK THE RIPPER] was shot in the arm by Red__Bear [Red__Bear]!
[12/29/2022 2:21:23 PM] [Info] [World] reaper [JACK THE RIPPER]: "/teleport wp"
[12/29/2022 2:21:23 PM] [Info] Successfully teleported JACK THE RIPPER to waypoint!
[12/29/2022 2:21:27 PM] [Info] [World] reaper [JACK THE RIPPER]: "no"
[12/29/2022 2:21:30 PM] [Info] [World] reaper [JACK THE RIPPER]: "i was low red"
[12/29/2022 2:21:55 PM] [Info] [Group] Red__Bear [Red__Bear]: "/god"
[12/29/2022 2:22:00 PM] [Info] [Group] Red__Bear [Red__Bear]: "/ammo"
[12/29/2022 2:22:13 PM] [Info] [Group] Red__Bear [Red__Bear]: "/i "12 gaige s" 10"
[12/29/2022 2:22:18 PM] [Info] [World] Red__Bear [Red__Bear]: "/i "12 gauge s" 10"
[12/29/2022 2:22:34 PM] [Info] [Group] Red__Bear [Red__Bear]: "/i ghost"
[12/29/2022 2:22:41 PM] [Info] Soprano [Cheese Boi] was crushed by a zombie!
[12/29/2022 2:22:43 PM] [Info] [Group] Red__Bear [Red__Bear]: "/i brut"
[12/29/2022 2:23:16 PM] [Info] Disconnecting: PlayerID: 76561199129498897 Name: Cheese Boi Character: Soprano
[12/29/2022 2:23:16 PM] [Info] BattlEye Server: Player #1 Cheese Boi disconnected
[12/29/2022 2:23:22 PM] [Info] [World] reaper [JACK THE RIPPER]: "/heal"
[12/29/2022 2:23:42 PM] [Info] [Group] Red__Bear [Red__Bear]: "/i wkm"
[12/29/2022 2:24:21 PM] [Info] [World] reaper [JACK THE RIPPER]: "/heal"
[12/29/2022 2:24:47 PM] [Info] [Group] Red__Bear [Red__Bear]: "/i tik"
[12/29/2022 2:25:08 PM] [Info] [Group] Red__Bear [Red__Bear]: "/i mgl"
[12/29/2022 2:25:35 PM] [Info] [World] reaper [JACK THE RIPPER]: "/hel"
[12/29/2022 2:25:36 PM] [Info] [Group] Red__Bear [Red__Bear]: "/heal rea"
[12/29/2022 2:25:37 PM] [Info] [World] reaper [JACK THE RIPPER]: "/heal"
[12/29/2022 2:25:45 PM] [Info] [World] reaper [JACK THE RIPPER]: "ow"
[12/29/2022 2:25:48 PM] [Info] [World] reaper [JACK THE RIPPER]: "/heal"
[12/29/2022 2:25:59 PM] [Info] [World] reaper [JACK THE RIPPER]: "cant wait to play on five sever"
[12/29/2022 2:26:16 PM] [Info] [World] reaper [JACK THE RIPPER]: "james"
[12/29/2022 2:26:58 PM] [Info] [Group] Red__Bear [Red__Bear]: "/i amr"
[12/29/2022 2:27:05 PM] [Info] [World] reaper [JACK THE RIPPER]: "oh no"
[12/29/2022 2:27:06 PM] [Info] [Group] Red__Bear [Red__Bear]: "/i "amr mag" 10"
[12/29/2022 2:27:52 PM] [Info] [Group] Red__Bear [Red__Bear]: "/i "mgl gren" 10"
[12/29/2022 2:28:10 PM] [Info] reaper [JACK THE RIPPER] was shot in the head by Red__Bear [Red__Bear]!
[12/29/2022 2:28:14 PM] [Info] [Group] Red__Bear [Red__Bear]: "/god"
[12/29/2022 2:28:16 PM] [Info] [World] reaper [JACK THE RIPPER]: "/teleport red"
[12/29/2022 2:28:16 PM] [Info] Successfully teleported JACK THE RIPPER to Red__Bear!
[12/29/2022 2:28:18 PM] [Info] [World] reaper [JACK THE RIPPER]: "one shot"
[12/29/2022 2:28:21 PM] [Info] reaper [JACK THE RIPPER] was shot in the head by Red__Bear [Red__Bear]!
[12/29/2022 2:28:25 PM] [Info] [World] reaper [JACK THE RIPPER]: "/teleport red"
[12/29/2022 2:28:25 PM] [Info] Successfully teleported JACK THE RIPPER to Red__Bear!
[12/29/2022 2:28:34 PM] [Info] [Group] Red__Bear [Red__Bear]: "/god"
[12/29/2022 2:28:59 PM] [Info] [Group] Red__Bear [Red__Bear]: "/i honney"
[12/29/2022 2:29:03 PM] [Info] [Group] Red__Bear [Red__Bear]: "/i honey"
[12/29/2022 2:29:16 PM] [Info] [Group] Red__Bear [Red__Bear]: "/i 19294"
[12/29/2022 2:29:19 PM] [Info] [Area] Red__Bear [Red__Bear]: "/i 59294"
[12/29/2022 2:29:24 PM] [Info] [Group] Red__Bear [Red__Bear]: "/i 59294"
[12/29/2022 2:29:49 PM] [Info] [Group] Red__Bear [Red__Bear]: "/i 59842"
[12/29/2022 2:30:07 PM] [Info] [Area] Red__Bear [Red__Bear]: "/i 59844"
[12/29/2022 2:30:22 PM] [Info] [Group] Red__Bear [Red__Bear]: "/heal reap"
[12/29/2022 2:30:25 PM] [Info] [World] reaper [JACK THE RIPPER]: "100 to 60"
[12/29/2022 2:30:25 PM] [Info] [Area] Red__Bear [Red__Bear]: "/heal reap"
[12/29/2022 2:30:34 PM] [Info] [Area] Red__Bear [Red__Bear]: "/heal reap"
[12/29/2022 2:31:07 PM] [Info] [Group] Red__Bear [Red__Bear]: "/god"
[12/29/2022 2:31:08 PM] [Info] [World] Red__Bear [Red__Bear]: "/god"
[12/29/2022 2:31:20 PM] [Info] [World] reaper [JACK THE RIPPER]: "/god"
[12/29/2022 2:31:31 PM] [Info] [World] reaper [JACK THE RIPPER]: "/i "land mine""
[12/29/2022 2:31:34 PM] [Info] [World] reaper [JACK THE RIPPER]: "/i land""
[12/29/2022 2:32:10 PM] [Info] [World] reaper [JACK THE RIPPER]: "tf"
[12/29/2022 2:32:12 PM] [Info] [World] reaper [JACK THE RIPPER]: "is this'"
[12/29/2022 2:32:18 PM] [Info] [Group] Red__Bear [Red__Bear]: "/tp rear"
[12/29/2022 2:32:20 PM] [Info] [World] Red__Bear [Red__Bear]: "/tp rea"
[12/29/2022 2:32:21 PM] [Info] [World] reaper [JACK THE RIPPER]: "red tp"
[12/29/2022 2:33:38 PM] [Info] [Group] Red__Bear [Red__Bear]: "/i "wkm mag" 10"
[12/29/2022 2:33:41 PM] [Info] [World] reaper [JACK THE RIPPER]: "golddd"
[12/29/2022 2:33:43 PM] [Info] [World] Red__Bear [Red__Bear]: "/i "7 mag" 10"
[12/29/2022 2:34:31 PM] [Info] [World] reaper [JACK THE RIPPER]: "/i "pickaxe""
[12/29/2022 2:35:09 PM] [Info] [Group] Red__Bear [Red__Bear]: "/i lube 10"
[12/29/2022 2:35:13 PM] [Info] [Group] Red__Bear [Red__Bear]: "/i lubri"
[12/29/2022 2:35:16 PM] [Info] [Area] Red__Bear [Red__Bear]: "/i lubri"
[12/29/2022 2:35:25 PM] [Info] [World] reaper [JACK THE RIPPER]: "wtf"
[12/29/2022 2:35:30 PM] [Info] [World] reaper [JACK THE RIPPER]: "greman gun"
[12/29/2022 2:36:08 PM] [Info] Disconnecting: PlayerID: 76561199074224396 Name: JACK THE RIPPER Character: reaper
[12/29/2022 2:36:08 PM] [Info] BattlEye Server: Player #0 JACK THE RIPPER disconnected
[12/29/2022 2:36:33 PM] [Info] [Group] Red__Bear [Red__Bear]: "/i "c99 cli" 10"
[12/29/2022 2:37:42 PM] [Info] BattlEye Server: Player #3 JACK THE RIPPER (108.90.241.159:58903) connected
[12/29/2022 2:37:42 PM] [Info] BattlEye Server: Player #3 JACK THE RIPPER - BE GUID: 0b39942d7d9a57c3719c1f802044c592
[12/29/2022 2:38:03 PM] [Info] Connecting: PlayerID: 76561199074224396 Name: JACK THE RIPPER Character: reaper
[12/29/2022 2:38:03 PM] [Info] [World] reaper [JACK THE RIPPER]: "red the drug you gave me crash my game'"
[12/29/2022 2:39:31 PM] [Info] [Group] Red__Bear [Red__Bear]: "/tp reap"
[12/29/2022 2:39:42 PM] [Info] [World] reaper [JACK THE RIPPER]: "look"
[12/29/2022 2:40:25 PM] [Info] [World] reaper [JACK THE RIPPER]: "dam what about me"
[12/29/2022 2:40:31 PM] [Info] [World] reaper [JACK THE RIPPER]: "am not admen"
[12/29/2022 2:40:33 PM] [Info] [Group] Red__Bear [Red__Bear]: "/i bailso"
[12/29/2022 2:40:39 PM] [Info] [Group] Red__Bear [Red__Bear]: "/i balisong"
[12/29/2022 2:41:09 PM] [Info] [Group] Red__Bear [Red__Bear]: "/i "at mine" 5"
[12/29/2022 2:41:16 PM] [Info] [Group] Red__Bear [Red__Bear]: "/i "ap land""
[12/29/2022 2:41:26 PM] [Info] [World] reaper [JACK THE RIPPER]: "/teleport wp"
[12/29/2022 2:41:26 PM] [Info] Successfully teleported JACK THE RIPPER to waypoint!
[12/29/2022 2:41:32 PM] [Info] [World] reaper [JACK THE RIPPER]: "/god"
[12/29/2022 2:41:41 PM] [Info] [World] reaper [JACK THE RIPPER]: "/tp red"
[12/29/2022 2:42:12 PM] [Info] [World] reaper [JACK THE RIPPER]: "oh am in god"
[12/29/2022 2:42:14 PM] [Info] [World] reaper [JACK THE RIPPER]: "/god"
[12/29/2022 2:42:23 PM] [Info] reaper [JACK THE RIPPER] was blown up by a landmine!
[12/29/2022 2:42:27 PM] [Info] [World] reaper [JACK THE RIPPER]: "/tp red"
[12/29/2022 2:42:40 PM] [Info] reaper [JACK THE RIPPER] was chopped in the torso by Red__Bear [Red__Bear]!
[12/29/2022 2:42:45 PM] [Info] [World] reaper [JACK THE RIPPER]: "/tp red"
[12/29/2022 2:43:20 PM] [Info] [Group] Red__Bear [Red__Bear]: "/i "wkm 12.7 mag" 20"
[12/29/2022 2:43:28 PM] [Info] reaper [JACK THE RIPPER] was blown up by Red__Bear [Red__Bear] with an explosive bullet!
[12/29/2022 2:43:34 PM] [Info] [World] reaper [JACK THE RIPPER]: "/tp red"
[12/29/2022 2:44:16 PM] [Info] reaper [JACK THE RIPPER] was blown up by Red__Bear [Red__Bear] with an explosive bullet!
[12/29/2022 2:44:20 PM] [Info] [World] reaper [JACK THE RIPPER]: "/tp red"
[12/29/2022 2:44:29 PM] [Info] [Group] Red__Bear [Red__Bear]: "/god reaper"
[12/29/2022 2:44:32 PM] [Info] [Group] Red__Bear [Red__Bear]: "/god reaper"
[12/29/2022 2:44:34 PM] [Info] BattlEye Server: Player #4 Cheese Boi (173.3.120.91:57570) connected
[12/29/2022 2:44:34 PM] [Info] BattlEye Server: Player #4 Cheese Boi - BE GUID: 2b512fb04534f10758ddfe662a41a811
[12/29/2022 2:44:53 PM] [Info] Connecting: PlayerID: 76561199129498897 Name: Cheese Boi Character: Soprano
[12/29/2022 2:44:53 PM] [Info] [World] Soprano [Cheese Boi]: "/day"
[12/29/2022 2:44:53 PM] [Info] Successfully set time to day!
[12/29/2022 2:44:58 PM] [Info] [World] Soprano [Cheese Boi]: "/teleport wp"
[12/29/2022 2:44:58 PM] [Info] Successfully teleported Cheese Boi to waypoint!
[12/29/2022 2:45:11 PM] [Info] [World] Soprano [Cheese Boi]: "/v 47179"
[12/29/2022 2:45:24 PM] [Info] [World] reaper [JACK THE RIPPER]: "/god"
[12/29/2022 2:45:33 PM] [Info] [World] Soprano [Cheese Boi]: "/i 47008"
[12/29/2022 2:45:42 PM] [Info] [Group] Red__Bear [Red__Bear]: "/i "stick gren" 10"
[12/29/2022 2:46:10 PM] [Info] [World] reaper [JACK THE RIPPER]: "i live"
[12/29/2022 2:46:14 PM] [Info] [Group] Red__Bear [Red__Bear]: "/i sticky 10"
[12/29/2022 2:46:32 PM] [Info] Soprano [Cheese Boi] was blown up by Red__Bear [Red__Bear] with a grenade!
[12/29/2022 2:46:39 PM] [Info] [World] Soprano [Cheese Boi]: "/teleport wp"
[12/29/2022 2:46:39 PM] [Info] Successfully teleported Cheese Boi to waypoint!
[12/29/2022 2:46:59 PM] [Info] [World] Soprano [Cheese Boi]: "/v 47362"
[12/29/2022 2:47:13 PM] [Info] [Group] Red__Bear [Red__Bear]: "/v crane"
[12/29/2022 2:47:59 PM] [Info] [World] Soprano [Cheese Boi]: "/i 4024"
[12/29/2022 2:48:01 PM] [Info] [World] reaper [JACK THE RIPPER]: "/v 47082"
[12/29/2022 2:48:02 PM] [Info] [World] Soprano [Cheese Boi]: "/i 4025"
[12/29/2022 2:48:12 PM] [Info] [World] Soprano [Cheese Boi]: "/i 4026"
[12/29/2022 2:48:14 PM] [Info] [World] Soprano [Cheese Boi]: "/i 4027"
[12/29/2022 2:48:14 PM] [Info] [Group] Red__Bear [Red__Bear]: "/v 47373"
[12/29/2022 2:48:16 PM] [Info] [World] Soprano [Cheese Boi]: "/i 4028"
[12/29/2022 2:48:27 PM] [Info] [World] Soprano [Cheese Boi]: "/i "exotic assualt vest""
[12/29/2022 2:48:35 PM] [Info] [World] Soprano [Cheese Boi]: "/i "mythical assualt vest""
[12/29/2022 2:48:38 PM] [Info] [World] Soprano [Cheese Boi]: "/i "mythical assualt vest""
[12/29/2022 2:48:42 PM] [Info] [World] reaper [JACK THE RIPPER]: "fuck"
[12/29/2022 2:48:44 PM] [Info] [World] reaper [JACK THE RIPPER]: "my car"
[12/29/2022 2:49:03 PM] [Info] [World] Soprano [Cheese Boi]: "/heal"
[12/29/2022 2:49:06 PM] [Info] [World] reaper [JACK THE RIPPER]: "/v 47405"
[12/29/2022 2:50:49 PM] [Info] [World] reaper [JACK THE RIPPER]: "/v 47405"
[12/29/2022 2:51:02 PM] [Info] Soprano [Cheese Boi] was roadkilled by reaper [JACK THE RIPPER]!
[12/29/2022 2:51:10 PM] [Info] [World] Soprano [Cheese Boi]: "/i 59141"
[12/29/2022 2:51:19 PM] [Info] [World] Soprano [Cheese Boi]: "/i 59151"
[12/29/2022 2:51:30 PM] [Info] [World] reaper [JACK THE RIPPER]: "/v 47447"
[12/29/2022 2:51:33 PM] [Info] [World] Soprano [Cheese Boi]: "/i 59146"
[12/29/2022 2:51:40 PM] [Info] [World] Soprano [Cheese Boi]: "/i 59746"
[12/29/2022 2:52:02 PM] [Info] [World] Soprano [Cheese Boi]: "/i 59747"
[12/29/2022 2:52:05 PM] [Info] [World] reaper [JACK THE RIPPER]: "wtf"
[12/29/2022 2:52:45 PM] [Info] [World] Soprano [Cheese Boi]: "/i 59420 4"
[12/29/2022 2:52:57 PM] [Info] [World] reaper [JACK THE RIPPER]: "sos"
[12/29/2022 2:53:09 PM] [Info] [World] Soprano [Cheese Boi]: "/i 59763"
[12/29/2022 2:53:20 PM] [Info] [World] Soprano [Cheese Boi]: "/i 57149"
[12/29/2022 2:53:47 PM] [Info] [World] Soprano [Cheese Boi]: "/i 59172 20"
[12/29/2022 2:53:50 PM] [Info] [World] Soprano [Cheese Boi]: "/heal"
[12/29/2022 2:53:59 PM] [Info] [World] Soprano [Cheese Boi]: "/heal"
[12/29/2022 2:54:01 PM] [Info] [World] Soprano [Cheese Boi]: "/i 59172 20"
[12/29/2022 2:54:01 PM] [Info] [Group] Red__Bear [Red__Bear]: "/v mlrs"
[12/29/2022 2:54:18 PM] [Info] [World] Soprano [Cheese Boi]: "/i "stick grenade bomb" 20"
[12/29/2022 2:54:20 PM] [Info] [World] reaper [JACK THE RIPPER]: "/ 47405"
[12/29/2022 2:54:20 PM] [Info] [World] reaper [JACK THE RIPPER]: "/v 47405"
[12/29/2022 2:54:26 PM] [Info] [Group] Red__Bear [Red__Bear]: "/tp reaper"
[12/29/2022 2:54:30 PM] [Info] [Group] Red__Bear [Red__Bear]: "/tp reap"
[12/29/2022 2:54:39 PM] [Info] [Group] Red__Bear [Red__Bear]: "/tpr eaper"
[12/29/2022 2:54:40 PM] [Info] [World] reaper [JACK THE RIPPER]: "/tp red"
[12/29/2022 2:54:41 PM] [Info] [Group] Red__Bear [Red__Bear]: "/tp reaper"
[12/29/2022 2:54:44 PM] [Info] [World] reaper [JACK THE RIPPER]: "/v 47405"
[12/29/2022 2:56:02 PM] [Info] [Group] Red__Bear [Red__Bear]: "/v 47258"
[12/29/2022 2:56:09 PM] [Info] [World] reaper [JACK THE RIPPER]: "/tp red"
[12/29/2022 2:56:11 PM] [Info] [World] reaper [JACK THE RIPPER]: "/tp red"
[12/29/2022 2:56:26 PM] [Info] [World] reaper [JACK THE RIPPER]: "/v 47405"
[12/29/2022 2:56:35 PM] [Info] [Group] Red__Bear [Red__Bear]: "/v 47258"
[12/29/2022 2:56:40 PM] [Info] [Area] Red__Bear [Red__Bear]: "/v 47258"
[12/29/2022 2:56:42 PM] [Info] [World] reaper [JACK THE RIPPER]: "/v 47405"
[12/29/2022 2:57:00 PM] [Info] [World] reaper [JACK THE RIPPER]: "/v 47405"
[12/29/2022 2:57:10 PM] [Info] [World] reaper [JACK THE RIPPER]: "art"
[12/29/2022 2:57:25 PM] [Info] [World] Soprano [Cheese Boi]: "/i "railgun""
[12/29/2022 2:57:39 PM] [Info] [World] reaper [JACK THE RIPPER]: "/i rail"
[12/29/2022 2:57:46 PM] [Info] [World] reaper [JACK THE RIPPER]: "/i "railgun""
[12/29/2022 2:57:50 PM] [Info] [Group] Red__Bear [Red__Bear]: "/i mk."
[12/29/2022 2:57:57 PM] [Info] [Group] Red__Bear [Red__Bear]: "/i "ker mk.""
[12/29/2022 2:58:04 PM] [Info] [Group] Red__Bear [Red__Bear]: "/i railg"
[12/29/2022 2:58:17 PM] [Info] [World] Soprano [Cheese Boi]: "/teleport wp"
[12/29/2022 2:58:17 PM] [Info] Successfully teleported Cheese Boi to waypoint!
[12/29/2022 2:58:22 PM] [Info] [Group] Red__Bear [Red__Bear]: "/tp sopra"
[12/29/2022 2:58:28 PM] [Info] [Group] Red__Bear [Red__Bear]: "/god"
[12/29/2022 2:58:36 PM] [Info] [World] reaper [JACK THE RIPPER]: "/tp red"
[12/29/2022 2:58:37 PM] [Info] Red__Bear [Red__Bear] was blown up by Red__Bear [Red__Bear] with an explosive bullet!
[12/29/2022 2:58:40 PM] [Info] [Group] Red__Bear [Red__Bear]: "/tp reaper"
[12/29/2022 2:58:43 PM] [Info] [World] Soprano [Cheese Boi]: "/heal"
[12/29/2022 2:58:50 PM] [Info] [World] Soprano [Cheese Boi]: "/heal"
[12/29/2022 2:59:40 PM] [Info] [World] Soprano [Cheese Boi]: "/i "ar 20""
[12/29/2022 2:59:44 PM] [Info] [Group] Red__Bear [Red__Bear]: "/god"
[12/29/2022 2:59:57 PM] [Info] [World] Soprano [Cheese Boi]: "/i 59259"
[12/29/2022 3:00:10 PM] [Info] [World] Soprano [Cheese Boi]: "/heal"
[12/29/2022 3:00:11 PM] [Info] [World] Soprano [Cheese Boi]: "/heal"
[12/29/2022 3:00:11 PM] [Info] [World] Soprano [Cheese Boi]: "/heal"
[12/29/2022 3:00:12 PM] [Info] [World] reaper [JACK THE RIPPER]: "/i land"
[12/29/2022 3:00:12 PM] [Info] [World] Soprano [Cheese Boi]: "/heal"
[12/29/2022 3:00:12 PM] [Info] [World] Soprano [Cheese Boi]: "/heal"
[12/29/2022 3:00:13 PM] [Info] [World] Soprano [Cheese Boi]: "/heal"
[12/29/2022 3:00:13 PM] [Info] [World] Soprano [Cheese Boi]: "/heal"
[12/29/2022 3:00:14 PM] [Info] [World] Soprano [Cheese Boi]: "/heal"
[12/29/2022 3:00:14 PM] [Info] [World] Soprano [Cheese Boi]: "/heal"
[12/29/2022 3:00:15 PM] [Info] [World] Soprano [Cheese Boi]: "/heal"
[12/29/2022 3:00:15 PM] [Info] [World] Soprano [Cheese Boi]: "/heal"
[12/29/2022 3:00:15 PM] [Info] [World] Soprano [Cheese Boi]: "/heal"
[12/29/2022 3:00:18 PM] [Info] [World] reaper [JACK THE RIPPER]: "red move"
[12/29/2022 3:00:18 PM] [Info] [World] Soprano [Cheese Boi]: "/heal"
[12/29/2022 3:00:22 PM] [Info] [World] Soprano [Cheese Boi]: "/god"
[12/29/2022 3:00:24 PM] [Info] [Group] Red__Bear [Red__Bear]: "/i "ap land" 10"
[12/29/2022 3:00:33 PM] [Info] [World] reaper [JACK THE RIPPER]: "/god"
[12/29/2022 3:00:34 PM] [Info] [World] Soprano [Cheese Boi]: "/heal"
[12/29/2022 3:00:37 PM] [Info] [World] reaper [JACK THE RIPPER]: "/heal"
[12/29/2022 3:00:43 PM] [Info] [World] reaper [JACK THE RIPPER]: "red"
[12/29/2022 3:00:46 PM] [Info] reaper [JACK THE RIPPER] was shot in the head by Soprano [Cheese Boi]!
[12/29/2022 3:00:49 PM] [Info] [Group] Red__Bear [Red__Bear]: "/i "industrial met""
[12/29/2022 3:00:49 PM] [Info] [World] reaper [JACK THE RIPPER]: "/back"
[12/29/2022 3:00:51 PM] [Info] [World] reaper [JACK THE RIPPER]: "/tp red"
[12/29/2022 3:01:08 PM] [Info] reaper [JACK THE RIPPER] was blown up by a landmine!
[12/29/2022 3:01:12 PM] [Info] [World] reaper [JACK THE RIPPER]: "/tp sop"
[12/29/2022 3:01:14 PM] [Info] [World] reaper [JACK THE RIPPER]: "/god"
[12/29/2022 3:01:49 PM] [Info] [Group] Red__Bear [Red__Bear]: "/i "mgl""
[12/29/2022 3:02:02 PM] [Info] [Group] Red__Bear [Red__Bear]: "/i 559390"
[12/29/2022 3:02:05 PM] [Info] [World] Red__Bear [Red__Bear]: "/i 59390"
[12/29/2022 3:02:10 PM] [Info] [Area] Red__Bear [Red__Bear]: "/i 59390 10"
[12/29/2022 3:02:19 PM] [Info] [World] Soprano [Cheese Boi]: "/i 59408"
[12/29/2022 3:02:41 PM] [Info] [World] Soprano [Cheese Boi]: "/i 59389"
[12/29/2022 3:02:58 PM] [Info] [World] reaper [JACK THE RIPPER]: "/i paint"
[12/29/2022 3:03:15 PM] [Info] [World] reaper [JACK THE RIPPER]: "/i "paintgun""
[12/29/2022 3:03:21 PM] [Info] [World] reaper [JACK THE RIPPER]: "/i paint gun"
[12/29/2022 3:03:26 PM] [Info] [Group] Red__Bear [Red__Bear]: "/i "anti tank grenade" 10"
[12/29/2022 3:03:28 PM] [Info] [World] reaper [JACK THE RIPPER]: "/i "paint gun""
[12/29/2022 3:03:28 PM] [Info] [World] Soprano [Cheese Boi]: "/god"
[12/29/2022 3:03:28 PM] [Info] Soprano [Cheese Boi] was blown up by Soprano [Cheese Boi] with a grenade!
[12/29/2022 3:03:29 PM] [Info] [World] Red__Bear [Red__Bear]: "/i "anti-tank grenade" 10"
[12/29/2022 3:03:34 PM] [Info] [Area] Red__Bear [Red__Bear]: "/i "at grenade" 10"
[12/29/2022 3:03:34 PM] [Info] [World] Soprano [Cheese Boi]: "/tp red"
[12/29/2022 3:03:35 PM] [Info] [World] reaper [JACK THE RIPPER]: "/i "paintgun""
[12/29/2022 3:03:38 PM] [Info] [World] Red__Bear [Red__Bear]: "/i "tank grenade" 10"
[12/29/2022 3:04:25 PM] [Info] Soprano [Cheese Boi] was blown up by Red__Bear [Red__Bear] with an explosive bullet!
[12/29/2022 3:04:31 PM] [Info] [World] Soprano [Cheese Boi]: "/tp red"
[12/29/2022 3:04:32 PM] [Info] [World] Soprano [Cheese Boi]: "/god"
[12/29/2022 3:04:38 PM] [Info] [World] reaper [JACK THE RIPPER]: "/i 1337"
[12/29/2022 3:05:01 PM] [Info] [World] Soprano [Cheese Boi]: "/heal"
[12/29/2022 3:05:11 PM] [Info] [World] reaper [JACK THE RIPPER]: "/i 1343"
[12/29/2022 3:05:17 PM] [Info] Disconnecting: PlayerID: 76561199129498897 Name: Cheese Boi Character: Soprano
[12/29/2022 3:05:17 PM] [Info] BattlEye Server: Player #4 Cheese Boi disconnected
[12/29/2022 3:06:03 PM] [Info] [Group] Red__Bear [Red__Bear]: "/i "large exp""
[12/29/2022 3:07:11 PM] [Info] [Group] Red__Bear [Red__Bear]: "/i umbre"
[12/29/2022 3:07:25 PM] [Info] [World] reaper [JACK THE RIPPER]: "omg"
[12/29/2022 3:07:26 PM] [Info] [Group] Red__Bear [Red__Bear]: "/tp reaper"
[12/29/2022 3:08:05 PM] [Info] [World] reaper [JACK THE RIPPER]: "/i 1113"
[12/29/2022 3:08:29 PM] [Info] [World] reaper [JACK THE RIPPER]: "/i 1103"
[12/29/2022 3:08:42 PM] [Info] [World] reaper [JACK THE RIPPER]: "how did you do it"
[12/29/2022 3:09:10 PM] [Info] [World] reaper [JACK THE RIPPER]: "tf"
[12/29/2022 3:09:14 PM] [Info] [World] reaper [JACK THE RIPPER]: "it gone"
[12/29/2022 3:09:22 PM] [Info] [Group] Red__Bear [Red__Bear]: "/i "zolash dru""
[12/29/2022 3:10:08 PM] [Info] [World] reaper [JACK THE RIPPER]: "/teleport wp"
[12/29/2022 3:10:08 PM] [Info] Successfully teleported JACK THE RIPPER to waypoint!
[12/29/2022 3:10:08 PM] [Info] BattlEye Server: Player #4 Cheese Boi (173.3.120.91:49685) connected
[12/29/2022 3:10:08 PM] [Info] BattlEye Server: Player #4 Cheese Boi - BE GUID: 2b512fb04534f10758ddfe662a41a811
[12/29/2022 3:10:09 PM] [Info] Connecting: PlayerID: 76561199129498897 Name: Cheese Boi Character: Master James
[12/29/2022 3:10:09 PM] [Info] [Group] Red__Bear [Red__Bear]: "/tp fort"
[12/29/2022 3:10:12 PM] [Info] [World] reaper [JACK THE RIPPER]: "omg tp red"
[12/29/2022 3:11:08 PM] [Info] [World] Master James [Cheese Boi]: "/god"
[12/29/2022 3:11:12 PM] [Info] [World] Master James [Cheese Boi]: "/tp red"
[12/29/2022 3:11:17 PM] [Info] [World] reaper [JACK THE RIPPER]: "/tp red"
[12/29/2022 3:11:20 PM] [Info] [World] reaper [JACK THE RIPPER]: "/tp red"
[12/29/2022 3:11:22 PM] [Info] [World] Master James [Cheese Boi]: "/i "mgl""
[12/29/2022 3:12:07 PM] [Info] Disconnecting: PlayerID: 76561199129498897 Name: Cheese Boi Character: Master James
[12/29/2022 3:12:07 PM] [Info] BattlEye Server: Player #4 Cheese Boi disconnected
[12/29/2022 3:12:12 PM] [Info] [Group] Red__Bear [Red__Bear]: "/i thermob"
[12/29/2022 3:14:56 PM] [Info] [Group] Red__Bear [Red__Bear]: "/i syr"
[12/29/2022 3:15:09 PM] [Info] [Group] Red__Bear [Red__Bear]: "/i stry"
[12/29/2022 3:15:12 PM] [Info] [Group] Red__Bear [Red__Bear]: "/i syrin"
[12/29/2022 3:15:16 PM] [Info] [Group] Red__Bear [Red__Bear]: "/i batt"
[12/29/2022 3:15:35 PM] [Info] [World] reaper [JACK THE RIPPER]: "/tp red"
[12/29/2022 3:17:18 PM] [Info] Disconnecting: PlayerID: 76561199035738472 Name: Red__Bear Character: Red__Bear
[12/29/2022 3:17:18 PM] [Info] BattlEye Server: Player #2 Red__Bear disconnected
[12/29/2022 3:17:21 PM] [Info] Disconnecting: PlayerID: 76561199074224396 Name: JACK THE RIPPER Character: reaper
[12/29/2022 3:17:21 PM] [Info] BattlEye Server: Player #3 JACK THE RIPPER disconnected
[12/29/2022 7:35:11 PM] [Info] BattlEye Server: Failed to receive from BE Master (10054)
[12/29/2022 7:35:11 PM] [Info] BattlEye Server: Disconnected from BE Master
[12/29/2022 7:35:12 PM] [Info] Lost connection to Steam servers because k_EResultNoConnection
[12/29/2022 7:46:57 PM] [Info] Lost connection to Steam servers because k_EResultNoConnection
[12/29/2022 7:47:05 PM] [Info] Failed to connect to Steam servers because k_EResultNoConnection, still retrying
[12/29/2022 7:47:13 PM] [Info] Lost connection to Steam servers because k_EResultNoConnection
[12/29/2022 9:21:02 PM] [Info] Lost connection to Steam servers because k_EResultNoConnection
[12/29/2022 10:57:27 PM] [Info] Lost connection to Steam servers because k_EResultNoConnection
[12/29/2022 10:57:43 PM] [Info] Lost connection to Steam servers because k_EResultNoConnection
[12/29/2022 11:54:41 PM] [Info] Lost connection to Steam servers because k_EResultNoConnection
[12/29/2022 11:54:52 PM] [Info] Failed to connect to Steam servers because k_EResultNoConnection, still retrying
[12/29/2022 11:55:07 PM] [Info] Lost connection to Steam servers because k_EResultNoConnection
[12/30/2022 1:33:26 AM] [Info] Lost connection to Steam servers because k_EResultNoConnection
[12/30/2022 1:33:26 AM] [Info] Failed to connect to Steam servers because k_EResultNoConnection, still retrying
[12/30/2022 1:33:37 AM] [Info] Failed to connect to Steam servers because k_EResultNoConnection, still retrying
[12/30/2022 1:33:50 AM] [Info] Failed to connect to Steam servers because k_EResultNoConnection, still retrying
[12/30/2022 1:34:43 AM] [Info] Lost connection to Steam servers because k_EResultNoConnection
[12/30/2022 1:34:43 AM] [Info] Failed to connect to Steam servers because k_EResultNoConnection, still retrying
[12/30/2022 1:34:58 AM] [Info] Failed to connect to Steam servers because k_EResultNoConnection, still retrying
[12/30/2022 1:35:28 AM] [Info] Failed to connect to Steam servers because k_EResultNoConnection, still retrying
[12/30/2022 2:13:22 AM] [Info] Lost connection to Steam servers because k_EResultNoConnection
[12/30/2022 5:38:43 AM] [Info] Lost connection to Steam servers because k_EResultNoConnection
[12/30/2022 5:39:19 AM] [Info] Failed to connect to Steam servers because k_EResultNoConnection, still retrying
[12/30/2022 6:38:57 AM] [Info] Lost connection to Steam servers because k_EResultNoConnection
[12/30/2022 1:26:31 PM] [Info] Lost connection to Steam servers because k_EResultNoConnection
[12/30/2022 1:49:22 PM] [Info] BattlEye Server: Player #0 Red__Bear (73.253.101.49:61188) connected
[12/30/2022 1:49:22 PM] [Info] BattlEye Server: Player #0 Red__Bear - BE GUID: f4abbf8aa333c3b24b5656c70080f342
[12/30/2022 1:49:22 PM] [Info] Connecting: PlayerID: 76561199035738472 Name: Red__Bear Character: Red__Bear
[12/30/2022 1:49:22 PM] [Info] BattlEye Server: Connected to BE Master
[12/30/2022 1:49:29 PM] [Info] [Group] Red__Bear [Red__Bear]: "/god"
[12/30/2022 1:49:43 PM] [Info] Disconnecting: PlayerID: 76561199035738472 Name: Red__Bear Character: Red__Bear
[12/30/2022 1:49:43 PM] [Info] BattlEye Server: Player #0 Red__Bear disconnected
[12/30/2022 6:37:02 PM] [Info] BattlEye Server: Failed to receive from BE Master (10054)
[12/30/2022 6:37:02 PM] [Info] BattlEye Server: Disconnected from BE Master
[12/31/2022 12:21:04 AM] [Info] Lost connection to Steam servers because k_EResultNoConnection
[12/31/2022 12:21:04 AM] [Info] Failed to connect to Steam servers because k_EResultNoConnection, still retrying
[12/31/2022 12:21:13 AM] [Info] Failed to connect to Steam servers because k_EResultNoConnection, still retrying
[12/31/2022 12:21:28 AM] [Info] Lost connection to Steam servers because k_EResultNoConnection
[12/31/2022 12:21:39 AM] [Info] Failed to connect to Steam servers because k_EResultNoConnection, still retrying
[12/31/2022 2:51:22 AM] [Info] Lost connection to Steam servers because k_EResultNoConnection
[12/31/2022 2:51:33 AM] [Info] Failed to connect to Steam servers because k_EResultNoConnection, still retrying
[12/31/2022 2:51:44 AM] [Info] Failed to connect to Steam servers because k_EResultNoConnection, still retrying
[12/31/2022 2:51:49 AM] [Info] Lost connection to Steam servers because k_EResultNoConnection
[12/31/2022 4:21:23 AM] [Info] Lost connection to Steam servers because k_EResultNoConnection
[12/31/2022 4:21:23 AM] [Info] Failed to connect to Steam servers because k_EResultNoConnection, still retrying
[12/31/2022 6:30:09 AM] [Info] Lost connection to Steam servers because k_EResultNoConnection
[12/31/2022 6:30:09 AM] [Info] Failed to connect to Steam servers because k_EResultNoConnection, still retrying
[12/31/2022 6:30:22 AM] [Info] Failed to connect to Steam servers because k_EResultNoConnection, still retrying
[12/31/2022 7:47:40 AM] [Info] Lost connection to Steam servers because k_EResultNoConnection
[12/31/2022 7:48:24 AM] [Info] Failed to connect to Steam servers because k_EResultNoConnection, still retrying
[12/31/2022 9:52:38 AM] [Info] Lost connection to Steam servers because k_EResultNoConnection
[12/31/2022 9:52:46 AM] [Info] Failed to connect to Steam servers because k_EResultNoConnection, still retrying
[12/31/2022 9:52:51 AM] [Info] Failed to connect to Steam servers because k_EResultNoConnection, still retrying
[12/31/2022 9:53:02 AM] [Info] Failed to connect to Steam servers because k_EResultNoConnection, still retrying
[12/31/2022 9:53:08 AM] [Info] Lost connection to Steam servers because k_EResultNoConnection
[12/31/2022 9:53:16 AM] [Info] Failed to connect to Steam servers because k_EResultNoConnection, still retrying
[12/31/2022 11:58:48 AM] [Info] Lost connection to Steam servers because k_EResultNoConnection
[12/31/2022 1:06:21 PM] [Info] Lost connection to Steam servers because k_EResultNoConnection
[12/31/2022 1:06:21 PM] [Info] Failed to connect to Steam servers because k_EResultNoConnection, still retrying
[12/31/2022 1:34:37 PM] [Info] Lost connection to Steam servers because k_EResultNoConnection
[12/31/2022 5:51:00 PM] [Info] Lost connection to Steam servers because k_EResultNoConnection
[12/31/2022 7:06:41 PM] [Info] Lost connection to Steam servers because k_EResultNoConnection
[12/31/2022 7:37:16 PM] [Info] Lost connection to Steam servers because k_EResultNoConnection
[12/31/2022 9:09:37 PM] [Info] Lost connection to Steam servers because k_EResultNoConnection
[12/31/2022 9:09:37 PM] [Info] Failed to connect to Steam servers because k_EResultNoConnection, still retrying
[1/1/2023 1:05:42 AM] [Info] Lost connection to Steam servers because k_EResultNoConnection
[1/1/2023 1:06:03 AM] [Info] Failed to connect to Steam servers because k_EResultNoConnection, still retrying
[1/1/2023 1:06:20 AM] [Info] Failed to connect to Steam servers because k_EResultNoConnection, still retrying
[1/1/2023 1:07:10 AM] [Info] Failed to connect to Steam servers because k_EResultNoConnection, still retrying
[1/1/2023 1:08:32 AM] [Info] Failed to connect to Steam servers because k_EResultNoConnection, still retrying
[1/1/2023 1:10:02 AM] [Info] Failed to connect to Steam servers because k_EResultNoConnection, still retrying
[1/1/2023 1:14:33 AM] [Info] Failed to connect to Steam servers because k_EResultNoConnection, still retrying
[1/1/2023 1:21:42 AM] [Info] Failed to connect to Steam servers because k_EResultNoConnection, still retrying
[1/1/2023 1:28:04 AM] [Info] Failed to connect to Steam servers because k_EResultNoConnection, still retrying
[1/1/2023 1:37:26 AM] [Info] Failed to connect to Steam servers because k_EResultNoConnection, still retrying
[1/1/2023 1:49:41 AM] [Info] Failed to connect to Steam servers because k_EResultNoConnection, still retrying
[1/1/2023 2:01:06 AM] [Info] Failed to connect to Steam servers because k_EResultNoConnection, still retrying
[1/1/2023 2:10:04 AM] [Info] Failed to connect to Steam servers because k_EResultNoConnection, still retrying
[1/1/2023 2:27:35 AM] [Info] Failed to connect to Steam servers because k_EResultNoConnection, still retrying
[1/1/2023 2:44:25 AM] [Info] Failed to connect to Steam servers because k_EResultNoConnection, still retrying
[1/1/2023 3:04:41 AM] [Info] Failed to connect to Steam servers because k_EResultNoConnection, still retrying
[1/1/2023 3:19:56 AM] [Info] Failed to connect to Steam servers because k_EResultNoConnection, still retrying
[1/1/2023 3:39:03 AM] [Info] Failed to connect to Steam servers because k_EResultNoConnection, still retrying
[1/1/2023 3:51:56 AM] [Info] Failed to connect to Steam servers because k_EResultNoConnection, still retrying
[1/1/2023 4:02:50 AM] [Info] Failed to connect to Steam servers because k_EResultNoConnection, still retrying
[1/1/2023 4:20:48 AM] [Info] Failed to connect to Steam servers because k_EResultNoConnection, still retrying
[1/1/2023 4:41:22 AM] [Info] Failed to connect to Steam servers because k_EResultNoConnection, still retrying
[1/1/2023 4:49:41 AM] [Info] Failed to connect to Steam servers because k_EResultNoConnection, still retrying
[1/1/2023 5:02:26 AM] [Info] Failed to connect to Steam servers because k_EResultNoConnection, still retrying
[1/1/2023 5:24:21 AM] [Info] Failed to connect to Steam servers because k_EResultNoConnection, still retrying
[1/1/2023 5:46:32 AM] [Info] Failed to connect to Steam servers because k_EResultNoConnection, still retrying
[1/1/2023 6:07:29 AM] [Info] Failed to connect to Steam servers because k_EResultNoConnection, still retrying
[1/1/2023 6:15:38 AM] [Info] Failed to connect to Steam servers because k_EResultNoConnection, still retrying
[1/1/2023 6:31:29 AM] [Info] Failed to connect to Steam servers because k_EResultNoConnection, still retrying
[1/1/2023 6:41:51 AM] [Info] Failed to connect to Steam servers because k_EResultNoConnection, still retrying
[1/1/2023 7:00:29 AM] [Info] Failed to connect to Steam servers because k_EResultNoConnection, still retrying
[1/1/2023 7:12:51 AM] [Info] Failed to connect to Steam servers because k_EResultNoConnection, still retrying
[1/1/2023 7:28:47 AM] [Info] Failed to connect to Steam servers because k_EResultNoConnection, still retrying
[1/1/2023 7:39:24 AM] [Info] Failed to connect to Steam servers because k_EResultNoConnection, still retrying
[1/1/2023 7:51:24 AM] [Info] Failed to connect to Steam servers because k_EResultNoConnection, still retrying
[1/1/2023 8:11:59 AM] [Info] Failed to connect to Steam servers because k_EResultNoConnection, still retrying
[1/1/2023 8:21:13 AM] [Info] Failed to connect to Steam servers because k_EResultNoConnection, still retrying
[1/1/2023 8:29:34 AM] [Info] Failed to connect to Steam servers because k_EResultNoConnection, still retrying
[1/1/2023 8:50:52 AM] [Info] Failed to connect to Steam servers because k_EResultNoConnection, still retrying
[1/1/2023 9:40:54 AM] [Info] Lost connection to Steam servers because k_EResultNoConnection
[1/1/2023 9:56:24 AM] [Info] Lost connection to Steam servers because k_EResultNoConnection
[1/1/2023 10:26:13 AM] [Info] Lost connection to Steam servers because k_EResultNoConnection
[1/1/2023 11:56:33 AM] [Info] Lost connection to Steam servers because k_EResultNoConnection
[1/1/2023 2:32:36 PM] [Info] BattlEye Server: Player #0 Lagunastudios (24.10.47.186:63329) connected
[1/1/2023 2:32:36 PM] [Info] BattlEye Server: Player #0 Lagunastudios - BE GUID: 93a5fd09183ed672330b59dd16bb82ae
[1/1/2023 2:32:43 PM] [Info] Connecting: PlayerID: 76561198334369190 Name: Lagunastudios Character: [Delta 5] Kaboomo Blastkerov
[1/1/2023 2:32:43 PM] [Info] BattlEye Server: Connected to BE Master
[1/1/2023 2:32:44 PM] [Info] [Delta 5] Kaboomo Blastkerov [Lagunastudios] was mauled by a zombie!
[1/1/2023 2:33:32 PM] [Info] [World] [Delta 5] Kaboomo Blastkerov [Lagunastudios]: "/heal"
[1/1/2023 2:33:34 PM] [Info] [World] [Delta 5] Kaboomo Blastkerov [Lagunastudios]: "/day"
[1/1/2023 2:33:34 PM] [Info] Successfully set time to day!
[1/1/2023 2:55:12 PM] [Info] BattlEye Server: Failed to receive from BE Master (10054)
[1/1/2023 2:55:12 PM] [Info] BattlEye Server: Disconnected from BE Master
[1/1/2023 2:55:12 PM] [Info] Lost connection to Steam servers because k_EResultNoConnection
[1/1/2023 2:55:18 PM] [Info] Failed to connect to Steam servers because k_EResultNoConnection, still retrying
[1/1/2023 2:55:22 PM] [Info] Failed to connect to Steam servers because k_EResultNoConnection, still retrying
[1/1/2023 2:55:24 PM] [Info] Disconnecting: PlayerID: 76561198334369190 Name: Lagunastudios Character: [Delta 5] Kaboomo Blastkerov
[1/1/2023 2:55:24 PM] [Info] BattlEye Server: Player #0 Lagunastudios disconnected
[1/1/2023 2:55:28 PM] [Info] Failed to connect to Steam servers because k_EResultNoConnection, still retrying
[1/1/2023 2:55:35 PM] [Info] Failed to connect to Steam servers because k_EResultNoConnection, still retrying
[1/1/2023 2:56:14 PM] [Info] BattlEye Server: Master query timed out, no response from BE Master
[1/1/2023 7:32:32 PM] [Info] Lost connection to Steam servers because k_EResultNoConnection
[1/1/2023 7:32:42 PM] [Info] Failed to connect to Steam servers because k_EResultNoConnection, still retrying
[1/1/2023 7:32:48 PM] [Info] Failed to connect to Steam servers because k_EResultNoConnection, still retrying
[1/2/2023 12:30:07 AM] [Info] Lost connection to Steam servers because k_EResultNoConnection
[1/2/2023 12:31:04 AM] [Info] Failed to connect to Steam servers because k_EResultNoConnection, still retrying
[1/2/2023 2:44:44 AM] [Info] Lost connection to Steam servers because k_EResultNoConnection
[1/2/2023 2:44:52 AM] [Info] Failed to connect to Steam servers because k_EResultNoConnection, still retrying
[1/2/2023 4:15:08 AM] [Info] Lost connection to Steam servers because k_EResultNoConnection
[1/2/2023 4:15:16 AM] [Info] Failed to connect to Steam servers because k_EResultNoConnection, still retrying
[1/2/2023 6:46:41 AM] [Info] Lost connection to Steam servers because k_EResultNoConnection
[1/2/2023 8:32:32 AM] [Info] Lost connection to Steam servers because k_EResultNoConnection
[1/2/2023 8:54:50 AM] [Info] Lost connection to Steam servers because k_EResultNoConnection
[1/2/2023 8:56:01 AM] [Info] Lost connection to Steam servers because k_EResultNoConnection
[1/2/2023 8:56:09 AM] [Info] Failed to connect to Steam servers because k_EResultNoConnection, still retrying
[1/2/2023 8:56:24 AM] [Info] Failed to connect to Steam servers because k_EResultNoConnection, still retrying
[1/2/2023 8:56:53 AM] [Info] Failed to connect to Steam servers because k_EResultNoConnection, still retrying
[1/2/2023 8:57:02 AM] [Info] Failed to connect to Steam servers because k_EResultNoConnection, still retrying
[1/2/2023 8:57:16 AM] [Info] Failed to connect to Steam servers because k_EResultNoConnection, still retrying
[1/2/2023 2:04:55 PM] [Info] Lost connection to Steam servers because k_EResultNoConnection
[1/2/2023 3:48:31 PM] [Info] 
[unloading] MoreHomes
