[12/27/2022 11:06:53 PM] [Info] Steam servers ready!
[12/27/2022 11:06:54 PM] [Info] Workshop install folder: C:\Program Files (x86)\Steam\steamapps\common\U3DS/Servers/MyServer/Workshop/Steam
[12/27/2022 11:06:54 PM] [Info] 1 workshop item(s) requested
[12/27/2022 11:06:54 PM] [Info] Submitting workshop query for 1 item(s)...
[12/27/2022 11:06:54 PM] [Info] Workshop query yielded 1 result(s)
[12/27/2022 11:06:54 PM] [Info] This server's allowed IP for Workshop downloads: 73.253.101.49
[12/27/2022 11:06:54 PM] [Info] 2899517511 'LFO Mods' has 10 children
[12/27/2022 11:06:54 PM] [Info] 	1232252658
[12/27/2022 11:06:54 PM] [Info] 	2528363491
[12/27/2022 11:06:54 PM] [Info] 	2309977886
[12/27/2022 11:06:54 PM] [Info] 	1727733956
[12/27/2022 11:06:54 PM] [Info] 	2069342497
[12/27/2022 11:06:54 PM] [Info] 	1717095606
[12/27/2022 11:06:54 PM] [Info] 	2796081018
[12/27/2022 11:06:54 PM] [Info] 	2454681372
[12/27/2022 11:06:54 PM] [Info] 	1909152337
[12/27/2022 11:06:54 PM] [Info] 	2480988643
[12/27/2022 11:06:54 PM] [Info] Submitting workshop query for 10 item(s)...
[12/27/2022 11:06:54 PM] [Info] Workshop query yielded 10 result(s)
[12/27/2022 11:06:54 PM] [Info] This server's allowed IP for Workshop downloads: 73.253.101.49
[12/27/2022 11:06:54 PM] [Info] 1232252658 'More Farming Mod' queued for download
[12/27/2022 11:07:53 PM] [Info] 2528363491 'Wind Vehicles' queued for download
[12/27/2022 11:07:53 PM] [Info] 2309977886 'Wind Cars 2.0' queued for download
[12/27/2022 11:07:53 PM] [Info] 1727733956 'Pento's Tactical Apparel' queued for download
[12/27/2022 11:07:53 PM] [Info] Authorized to download 2069342497 'Survivor's Expansion'
[12/27/2022 11:07:53 PM] [Info] 2069342497 'Survivor's Expansion' queued for download
[12/27/2022 11:07:53 PM] [Info] 1717095606 'Creator Tools' queued for download
[12/27/2022 11:07:53 PM] [Info] 2796081018 'Nordic Compatable Arid' queued for download
[12/27/2022 11:07:53 PM] [Info] 2454681372 'Raum's Lockers' queued for download
[12/27/2022 11:07:53 PM] [Info] 1909152337 'California Assets' queued for download
[12/27/2022 11:07:53 PM] [Info] 2480988643 'LFO Washington' queued for download
[12/27/2022 11:07:53 PM] [Info] 10 workshop item(s) to download...
[12/27/2022 11:07:53 PM] [Info] Workshop item found in cache: 1232252658
[12/27/2022 11:07:53 PM] [Info] Installing workshop item: 1232252658
[12/27/2022 11:07:53 PM] [Info] Installed workshop item: 1232252658
[12/27/2022 11:07:53 PM] [Info] Workshop item found in cache: 2528363491
[12/27/2022 11:07:53 PM] [Info] Installing workshop item: 2528363491
[12/27/2022 11:07:53 PM] [Info] Installed workshop item: 2528363491
[12/27/2022 11:07:53 PM] [Info] Workshop item found in cache: 2309977886
[12/27/2022 11:07:53 PM] [Info] Installing workshop item: 2309977886
[12/27/2022 11:07:53 PM] [Info] Installed workshop item: 2309977886
[12/27/2022 11:07:53 PM] [Info] Workshop item found in cache: 1727733956
[12/27/2022 11:07:53 PM] [Info] Installing workshop item: 1727733956
[12/27/2022 11:07:53 PM] [Info] Installed workshop item: 1727733956
[12/27/2022 11:07:53 PM] [Info] Workshop item found in cache: 2069342497
[12/27/2022 11:07:53 PM] [Info] Installing workshop item: 2069342497
[12/27/2022 11:07:53 PM] [Info] Installed workshop item: 2069342497
[12/27/2022 11:07:53 PM] [Info] Workshop item found in cache: 1717095606
[12/27/2022 11:07:53 PM] [Info] Installing workshop item: 1717095606
[12/27/2022 11:07:53 PM] [Info] Installed workshop item: 1717095606
[12/27/2022 11:07:53 PM] [Info] Workshop item found in cache: 2796081018
[12/27/2022 11:07:53 PM] [Info] Installing workshop item: 2796081018
[12/27/2022 11:07:53 PM] [Info] Installed workshop item: 2796081018
[12/27/2022 11:07:53 PM] [Info] Workshop item found in cache: 2454681372
[12/27/2022 11:07:53 PM] [Info] Installing workshop item: 2454681372
[12/27/2022 11:07:53 PM] [Info] Installed workshop item: 2454681372
[12/27/2022 11:07:53 PM] [Info] Workshop item found in cache: 1909152337
[12/27/2022 11:07:53 PM] [Info] Installing workshop item: 1909152337
[12/27/2022 11:07:53 PM] [Info] Installed workshop item: 1909152337
[12/27/2022 11:07:53 PM] [Info] Downloading workshop item: 2480988643
[12/27/2022 11:07:53 PM] [Info] Successfully downloaded workshop item: 2480988643
[12/27/2022 11:07:53 PM] [Info] Installing workshop item: 2480988643
[12/27/2022 11:07:53 PM] [Info] Installed workshop item: 2480988643
[12/27/2022 11:07:54 PM] [Info] Monitoring workshop map 'LFO Washington' (2480988643) for changes
[12/27/2022 11:07:54 PM] [Info] Loading level: 8%
[12/27/2022 11:07:55 PM] [Info] Loading level: 16%
[12/27/2022 11:07:56 PM] [Info] Loading level: 25%
[12/27/2022 11:07:56 PM] [Info] Loading level: 33%
[12/27/2022 11:07:56 PM] [Info] Loading level: 41%
[12/27/2022 11:07:56 PM] [Info] Loading level: 50%
[12/27/2022 11:07:56 PM] [Info] Loading level: 58%
[12/27/2022 11:07:56 PM] [Info] Loading level: 66%
[12/27/2022 11:07:56 PM] [Info] Loading level: 75%
[12/27/2022 11:07:56 PM] [Info] Loading level: 83%
[12/27/2022 11:07:56 PM] [Info] Loading level: 91%
[12/27/2022 11:07:56 PM] [Info] Loading level: 100%
[12/27/2022 11:08:12 PM] [Info] 
[unloading] MoreHomes
