[3/30/2023 8:21:36 PM] [Info] Steam servers ready!
[3/30/2023 8:21:36 PM] [Info] Workshop install folder: C:\Program Files (x86)\Steam\steamapps\common\U3DS/Servers/LFO/Workshop/Steam
[3/30/2023 8:21:36 PM] [Info] 9 workshop item(s) requested
[3/30/2023 8:21:36 PM] [Info] Submitting workshop query for 9 item(s)...
[3/30/2023 8:21:36 PM] [Info] Workshop query yielded 9 result(s)
[3/30/2023 8:21:36 PM] [Info] This server's allowed IP for Workshop downloads: 73.253.101.49
[3/30/2023 8:21:36 PM] [Info] 1516033219 'Carpat Bundles' queued for download
[3/30/2023 8:21:36 PM] [Info] 2839462324 'Uncreated Content' queued for download
[3/30/2023 8:21:36 PM] [Info] 2541661347 'Tyrant's Arctic Apparel' queued for download
[3/30/2023 8:21:36 PM] [Info] Authorized to download 2069342497 'Survivor's Expansion'
[3/30/2023 8:21:36 PM] [Info] 2069342497 'Survivor's Expansion' queued for download
[3/30/2023 8:21:36 PM] [Info] 1232252658 'More Farming Mod' queued for download
[3/30/2023 8:21:36 PM] [Info] 2099073425 'Paradise Stereo [3.28]' queued for download
[3/30/2023 8:21:36 PM] [Info] 2365700338 'Vanilla Vehicles 2' queued for download
[3/30/2023 8:21:36 PM] [Info] 2852980785 'Alaska' queued for download
[3/30/2023 8:21:36 PM] [Info] 2852980785 'Alaska' has 9 children
[3/30/2023 8:21:36 PM] [Info] 	1232252658 (already queued)
[3/30/2023 8:21:36 PM] [Info] 	1516033219 (already queued)
[3/30/2023 8:21:36 PM] [Info] 	2069342497 (already queued)
[3/30/2023 8:21:36 PM] [Info] 	2099073425 (already queued)
[3/30/2023 8:21:36 PM] [Info] 	2365700338 (already queued)
[3/30/2023 8:21:36 PM] [Info] 	2541661347 (already queued)
[3/30/2023 8:21:36 PM] [Info] 	1717095606 (already queued)
[3/30/2023 8:21:36 PM] [Info] 	2133808330
[3/30/2023 8:21:36 PM] [Info] 	2839462324 (already queued)
[3/30/2023 8:21:36 PM] [Info] 1717095606 'Creator Tools' queued for download
[3/30/2023 8:21:36 PM] [Info] Submitting workshop query for 1 item(s)...
[3/30/2023 8:21:36 PM] [Info] Workshop query yielded 1 result(s)
[3/30/2023 8:21:36 PM] [Info] This server's allowed IP for Workshop downloads: 73.253.101.49
[3/30/2023 8:21:36 PM] [Info] 2133808330 'Music Remaster 3.0' queued for download
[3/30/2023 8:21:36 PM] [Info] 10 workshop item(s) to download...
[3/30/2023 8:22:23 PM] [Info] Workshop item found in cache: 1516033219
[3/30/2023 8:22:23 PM] [Info] Installing workshop item: 1516033219
[3/30/2023 8:22:23 PM] [Info] Installed workshop item: 1516033219
[3/30/2023 8:22:23 PM] [Info] Workshop item found in cache: 2839462324
[3/30/2023 8:22:23 PM] [Info] Installing workshop item: 2839462324
[3/30/2023 8:22:23 PM] [Error] Exception has been thrown by the target of an invocation.
[3/30/2023 8:22:23 PM] [Error]   at System.Reflection.MonoCMethod.InternalInvoke (System.Object obj, System.Object[] parameters) [0x00014] in <695d1cc93cca45069c528c15c9fdd749>:0 
  at System.Reflection.MonoCMethod.DoInvoke (System.Object obj, System.Reflection.BindingFlags invokeAttr, System.Reflection.Binder binder, System.Object[] parameters, System.Globalization.CultureInfo culture) [0x0007a] in <695d1cc93cca45069c528c15c9fdd749>:0 
  at System.Reflection.MonoCMethod.Invoke (System.Reflection.BindingFlags invokeAttr, System.Reflection.Binder binder, System.Object[] parameters, System.Globalization.CultureInfo culture) [0x00000] in <695d1cc93cca45069c528c15c9fdd749>:0 
  at System.RuntimeType.CreateInstanceImpl (System.Reflection.BindingFlags bindingAttr, System.Reflection.Binder binder, System.Object[] args, System.Globalization.CultureInfo culture, System.Object[] activationAttributes, System.Threading.StackCrawlMark& stackMark) [0x00213] in <695d1cc93cca45069c528c15c9fdd749>:0 
  at System.Activator.CreateInstance (System.Type type, System.Reflection.BindingFlags bindingAttr, System.Reflection.Binder binder, System.Object[] args, System.Globalization.CultureInfo culture, System.Object[] activationAttributes) [0x00095] in <695d1cc93cca45069c528c15c9fdd749>:0 
  at System.Activator.CreateInstance (System.Type type, System.Object[] args) [0x00000] in <695d1cc93cca45069c528c15c9fdd749>:0 
  at SDG.Unturned.Assets.loadFile (SDG.Unturned.Assets+ScannedFileInfo file) [0x0051e] in <dd047bbdb659430bbea6ac404d09c571>:0 
[3/30/2023 8:22:23 PM] [Error] Missing effect gameobject
[3/30/2023 8:22:23 PM] [Error]   at SDG.Unturned.EffectAsset..ctor (SDG.Unturned.Bundle bundle, SDG.Unturned.Data data, SDG.Unturned.Local localization, System.UInt16 id) [0x00053] in <dd047bbdb659430bbea6ac404d09c571>:0 
  at (wrapper managed-to-native) System.Reflection.MonoCMethod.InternalInvoke(System.Reflection.MonoCMethod,object,object[],System.Exception&)
  at System.Reflection.MonoCMethod.InternalInvoke (System.Object obj, System.Object[] parameters) [0x00002] in <695d1cc93cca45069c528c15c9fdd749>:0 
[3/30/2023 8:22:23 PM] [Error] Exception has been thrown by the target of an invocation.
[3/30/2023 8:22:23 PM] [Error]   at System.Reflection.MonoCMethod.InternalInvoke (System.Object obj, System.Object[] parameters) [0x00014] in <695d1cc93cca45069c528c15c9fdd749>:0 
  at System.Reflection.MonoCMethod.DoInvoke (System.Object obj, System.Reflection.BindingFlags invokeAttr, System.Reflection.Binder binder, System.Object[] parameters, System.Globalization.CultureInfo culture) [0x0007a] in <695d1cc93cca45069c528c15c9fdd749>:0 
  at System.Reflection.MonoCMethod.Invoke (System.Reflection.BindingFlags invokeAttr, System.Reflection.Binder binder, System.Object[] parameters, System.Globalization.CultureInfo culture) [0x00000] in <695d1cc93cca45069c528c15c9fdd749>:0 
  at System.RuntimeType.CreateInstanceImpl (System.Reflection.BindingFlags bindingAttr, System.Reflection.Binder binder, System.Object[] args, System.Globalization.CultureInfo culture, System.Object[] activationAttributes, System.Threading.StackCrawlMark& stackMark) [0x00213] in <695d1cc93cca45069c528c15c9fdd749>:0 
  at System.Activator.CreateInstance (System.Type type, System.Reflection.BindingFlags bindingAttr, System.Reflection.Binder binder, System.Object[] args, System.Globalization.CultureInfo culture, System.Object[] activationAttributes) [0x00095] in <695d1cc93cca45069c528c15c9fdd749>:0 
  at System.Activator.CreateInstance (System.Type type, System.Object[] args) [0x00000] in <695d1cc93cca45069c528c15c9fdd749>:0 
  at SDG.Unturned.Assets.loadFile (SDG.Unturned.Assets+ScannedFileInfo file) [0x0051e] in <dd047bbdb659430bbea6ac404d09c571>:0 
[3/30/2023 8:22:23 PM] [Error] Missing effect gameobject
[3/30/2023 8:22:23 PM] [Error]   at SDG.Unturned.EffectAsset..ctor (SDG.Unturned.Bundle bundle, SDG.Unturned.Data data, SDG.Unturned.Local localization, System.UInt16 id) [0x00053] in <dd047bbdb659430bbea6ac404d09c571>:0 
  at (wrapper managed-to-native) System.Reflection.MonoCMethod.InternalInvoke(System.Reflection.MonoCMethod,object,object[],System.Exception&)
  at System.Reflection.MonoCMethod.InternalInvoke (System.Object obj, System.Object[] parameters) [0x00002] in <695d1cc93cca45069c528c15c9fdd749>:0 
[3/30/2023 8:22:23 PM] [Error] Exception has been thrown by the target of an invocation.
[3/30/2023 8:22:23 PM] [Error]   at System.Reflection.MonoCMethod.InternalInvoke (System.Object obj, System.Object[] parameters) [0x00014] in <695d1cc93cca45069c528c15c9fdd749>:0 
  at System.Reflection.MonoCMethod.DoInvoke (System.Object obj, System.Reflection.BindingFlags invokeAttr, System.Reflection.Binder binder, System.Object[] parameters, System.Globalization.CultureInfo culture) [0x0007a] in <695d1cc93cca45069c528c15c9fdd749>:0 
  at System.Reflection.MonoCMethod.Invoke (System.Reflection.BindingFlags invokeAttr, System.Reflection.Binder binder, System.Object[] parameters, System.Globalization.CultureInfo culture) [0x00000] in <695d1cc93cca45069c528c15c9fdd749>:0 
  at System.RuntimeType.CreateInstanceImpl (System.Reflection.BindingFlags bindingAttr, System.Reflection.Binder binder, System.Object[] args, System.Globalization.CultureInfo culture, System.Object[] activationAttributes, System.Threading.StackCrawlMark& stackMark) [0x00213] in <695d1cc93cca45069c528c15c9fdd749>:0 
  at System.Activator.CreateInstance (System.Type type, System.Reflection.BindingFlags bindingAttr, System.Reflection.Binder binder, System.Object[] args, System.Globalization.CultureInfo culture, System.Object[] activationAttributes) [0x00095] in <695d1cc93cca45069c528c15c9fdd749>:0 
  at System.Activator.CreateInstance (System.Type type, System.Object[] args) [0x00000] in <695d1cc93cca45069c528c15c9fdd749>:0 
  at SDG.Unturned.Assets.loadFile (SDG.Unturned.Assets+ScannedFileInfo file) [0x0051e] in <dd047bbdb659430bbea6ac404d09c571>:0 
[3/30/2023 8:22:23 PM] [Error] Missing effect gameobject
[3/30/2023 8:22:23 PM] [Error]   at SDG.Unturned.EffectAsset..ctor (SDG.Unturned.Bundle bundle, SDG.Unturned.Data data, SDG.Unturned.Local localization, System.UInt16 id) [0x00053] in <dd047bbdb659430bbea6ac404d09c571>:0 
  at (wrapper managed-to-native) System.Reflection.MonoCMethod.InternalInvoke(System.Reflection.MonoCMethod,object,object[],System.Exception&)
  at System.Reflection.MonoCMethod.InternalInvoke (System.Object obj, System.Object[] parameters) [0x00002] in <695d1cc93cca45069c528c15c9fdd749>:0 
[3/30/2023 8:22:23 PM] [Error] Exception has been thrown by the target of an invocation.
[3/30/2023 8:22:23 PM] [Error]   at System.Reflection.MonoCMethod.InternalInvoke (System.Object obj, System.Object[] parameters) [0x00014] in <695d1cc93cca45069c528c15c9fdd749>:0 
  at System.Reflection.MonoCMethod.DoInvoke (System.Object obj, System.Reflection.BindingFlags invokeAttr, System.Reflection.Binder binder, System.Object[] parameters, System.Globalization.CultureInfo culture) [0x0007a] in <695d1cc93cca45069c528c15c9fdd749>:0 
  at System.Reflection.MonoCMethod.Invoke (System.Reflection.BindingFlags invokeAttr, System.Reflection.Binder binder, System.Object[] parameters, System.Globalization.CultureInfo culture) [0x00000] in <695d1cc93cca45069c528c15c9fdd749>:0 
  at System.RuntimeType.CreateInstanceImpl (System.Reflection.BindingFlags bindingAttr, System.Reflection.Binder binder, System.Object[] args, System.Globalization.CultureInfo culture, System.Object[] activationAttributes, System.Threading.StackCrawlMark& stackMark) [0x00213] in <695d1cc93cca45069c528c15c9fdd749>:0 
  at System.Activator.CreateInstance (System.Type type, System.Reflection.BindingFlags bindingAttr, System.Reflection.Binder binder, System.Object[] args, System.Globalization.CultureInfo culture, System.Object[] activationAttributes) [0x00095] in <695d1cc93cca45069c528c15c9fdd749>:0 
  at System.Activator.CreateInstance (System.Type type, System.Object[] args) [0x00000] in <695d1cc93cca45069c528c15c9fdd749>:0 
  at SDG.Unturned.Assets.loadFile (SDG.Unturned.Assets+ScannedFileInfo file) [0x0051e] in <dd047bbdb659430bbea6ac404d09c571>:0 
[3/30/2023 8:22:23 PM] [Error] Missing effect gameobject
[3/30/2023 8:22:23 PM] [Error]   at SDG.Unturned.EffectAsset..ctor (SDG.Unturned.Bundle bundle, SDG.Unturned.Data data, SDG.Unturned.Local localization, System.UInt16 id) [0x00053] in <dd047bbdb659430bbea6ac404d09c571>:0 
  at (wrapper managed-to-native) System.Reflection.MonoCMethod.InternalInvoke(System.Reflection.MonoCMethod,object,object[],System.Exception&)
  at System.Reflection.MonoCMethod.InternalInvoke (System.Object obj, System.Object[] parameters) [0x00002] in <695d1cc93cca45069c528c15c9fdd749>:0 
[3/30/2023 8:22:23 PM] [Error] Exception has been thrown by the target of an invocation.
[3/30/2023 8:22:23 PM] [Error]   at System.Reflection.MonoCMethod.InternalInvoke (System.Object obj, System.Object[] parameters) [0x00014] in <695d1cc93cca45069c528c15c9fdd749>:0 
  at System.Reflection.MonoCMethod.DoInvoke (System.Object obj, System.Reflection.BindingFlags invokeAttr, System.Reflection.Binder binder, System.Object[] parameters, System.Globalization.CultureInfo culture) [0x0007a] in <695d1cc93cca45069c528c15c9fdd749>:0 
  at System.Reflection.MonoCMethod.Invoke (System.Reflection.BindingFlags invokeAttr, System.Reflection.Binder binder, System.Object[] parameters, System.Globalization.CultureInfo culture) [0x00000] in <695d1cc93cca45069c528c15c9fdd749>:0 
  at System.RuntimeType.CreateInstanceImpl (System.Reflection.BindingFlags bindingAttr, System.Reflection.Binder binder, System.Object[] args, System.Globalization.CultureInfo culture, System.Object[] activationAttributes, System.Threading.StackCrawlMark& stackMark) [0x00213] in <695d1cc93cca45069c528c15c9fdd749>:0 
  at System.Activator.CreateInstance (System.Type type, System.Reflection.BindingFlags bindingAttr, System.Reflection.Binder binder, System.Object[] args, System.Globalization.CultureInfo culture, System.Object[] activationAttributes) [0x00095] in <695d1cc93cca45069c528c15c9fdd749>:0 
  at System.Activator.CreateInstance (System.Type type, System.Object[] args) [0x00000] in <695d1cc93cca45069c528c15c9fdd749>:0 
  at SDG.Unturned.Assets.loadFile (SDG.Unturned.Assets+ScannedFileInfo file) [0x0051e] in <dd047bbdb659430bbea6ac404d09c571>:0 
[3/30/2023 8:22:23 PM] [Error] Missing effect gameobject
[3/30/2023 8:22:23 PM] [Error]   at SDG.Unturned.EffectAsset..ctor (SDG.Unturned.Bundle bundle, SDG.Unturned.Data data, SDG.Unturned.Local localization, System.UInt16 id) [0x00053] in <dd047bbdb659430bbea6ac404d09c571>:0 
  at (wrapper managed-to-native) System.Reflection.MonoCMethod.InternalInvoke(System.Reflection.MonoCMethod,object,object[],System.Exception&)
  at System.Reflection.MonoCMethod.InternalInvoke (System.Object obj, System.Object[] parameters) [0x00002] in <695d1cc93cca45069c528c15c9fdd749>:0 
[3/30/2023 8:22:23 PM] [Error] Exception has been thrown by the target of an invocation.
[3/30/2023 8:22:23 PM] [Error]   at System.Reflection.MonoCMethod.InternalInvoke (System.Object obj, System.Object[] parameters) [0x00014] in <695d1cc93cca45069c528c15c9fdd749>:0 
  at System.Reflection.MonoCMethod.DoInvoke (System.Object obj, System.Reflection.BindingFlags invokeAttr, System.Reflection.Binder binder, System.Object[] parameters, System.Globalization.CultureInfo culture) [0x0007a] in <695d1cc93cca45069c528c15c9fdd749>:0 
  at System.Reflection.MonoCMethod.Invoke (System.Reflection.BindingFlags invokeAttr, System.Reflection.Binder binder, System.Object[] parameters, System.Globalization.CultureInfo culture) [0x00000] in <695d1cc93cca45069c528c15c9fdd749>:0 
  at System.RuntimeType.CreateInstanceImpl (System.Reflection.BindingFlags bindingAttr, System.Reflection.Binder binder, System.Object[] args, System.Globalization.CultureInfo culture, System.Object[] activationAttributes, System.Threading.StackCrawlMark& stackMark) [0x00213] in <695d1cc93cca45069c528c15c9fdd749>:0 
  at System.Activator.CreateInstance (System.Type type, System.Reflection.BindingFlags bindingAttr, System.Reflection.Binder binder, System.Object[] args, System.Globalization.CultureInfo culture, System.Object[] activationAttributes) [0x00095] in <695d1cc93cca45069c528c15c9fdd749>:0 
  at System.Activator.CreateInstance (System.Type type, System.Object[] args) [0x00000] in <695d1cc93cca45069c528c15c9fdd749>:0 
  at SDG.Unturned.Assets.loadFile (SDG.Unturned.Assets+ScannedFileInfo file) [0x0051e] in <dd047bbdb659430bbea6ac404d09c571>:0 
[3/30/2023 8:22:23 PM] [Error] Missing effect gameobject
[3/30/2023 8:22:23 PM] [Error]   at SDG.Unturned.EffectAsset..ctor (SDG.Unturned.Bundle bundle, SDG.Unturned.Data data, SDG.Unturned.Local localization, System.UInt16 id) [0x00053] in <dd047bbdb659430bbea6ac404d09c571>:0 
  at (wrapper managed-to-native) System.Reflection.MonoCMethod.InternalInvoke(System.Reflection.MonoCMethod,object,object[],System.Exception&)
  at System.Reflection.MonoCMethod.InternalInvoke (System.Object obj, System.Object[] parameters) [0x00002] in <695d1cc93cca45069c528c15c9fdd749>:0 
[3/30/2023 8:22:23 PM] [Error] Exception has been thrown by the target of an invocation.
[3/30/2023 8:22:23 PM] [Error]   at System.Reflection.MonoCMethod.InternalInvoke (System.Object obj, System.Object[] parameters) [0x00014] in <695d1cc93cca45069c528c15c9fdd749>:0 
  at System.Reflection.MonoCMethod.DoInvoke (System.Object obj, System.Reflection.BindingFlags invokeAttr, System.Reflection.Binder binder, System.Object[] parameters, System.Globalization.CultureInfo culture) [0x0007a] in <695d1cc93cca45069c528c15c9fdd749>:0 
  at System.Reflection.MonoCMethod.Invoke (System.Reflection.BindingFlags invokeAttr, System.Reflection.Binder binder, System.Object[] parameters, System.Globalization.CultureInfo culture) [0x00000] in <695d1cc93cca45069c528c15c9fdd749>:0 
  at System.RuntimeType.CreateInstanceImpl (System.Reflection.BindingFlags bindingAttr, System.Reflection.Binder binder, System.Object[] args, System.Globalization.CultureInfo culture, System.Object[] activationAttributes, System.Threading.StackCrawlMark& stackMark) [0x00213] in <695d1cc93cca45069c528c15c9fdd749>:0 
  at System.Activator.CreateInstance (System.Type type, System.Reflection.BindingFlags bindingAttr, System.Reflection.Binder binder, System.Object[] args, System.Globalization.CultureInfo culture, System.Object[] activationAttributes) [0x00095] in <695d1cc93cca45069c528c15c9fdd749>:0 
  at System.Activator.CreateInstance (System.Type type, System.Object[] args) [0x00000] in <695d1cc93cca45069c528c15c9fdd749>:0 
  at SDG.Unturned.Assets.loadFile (SDG.Unturned.Assets+ScannedFileInfo file) [0x0051e] in <dd047bbdb659430bbea6ac404d09c571>:0 
[3/30/2023 8:22:23 PM] [Error] Missing effect gameobject
[3/30/2023 8:22:23 PM] [Error]   at SDG.Unturned.EffectAsset..ctor (SDG.Unturned.Bundle bundle, SDG.Unturned.Data data, SDG.Unturned.Local localization, System.UInt16 id) [0x00053] in <dd047bbdb659430bbea6ac404d09c571>:0 
  at (wrapper managed-to-native) System.Reflection.MonoCMethod.InternalInvoke(System.Reflection.MonoCMethod,object,object[],System.Exception&)
  at System.Reflection.MonoCMethod.InternalInvoke (System.Object obj, System.Object[] parameters) [0x00002] in <695d1cc93cca45069c528c15c9fdd749>:0 
[3/30/2023 8:22:23 PM] [Error] Exception has been thrown by the target of an invocation.
[3/30/2023 8:22:23 PM] [Error]   at System.Reflection.MonoCMethod.InternalInvoke (System.Object obj, System.Object[] parameters) [0x00014] in <695d1cc93cca45069c528c15c9fdd749>:0 
  at System.Reflection.MonoCMethod.DoInvoke (System.Object obj, System.Reflection.BindingFlags invokeAttr, System.Reflection.Binder binder, System.Object[] parameters, System.Globalization.CultureInfo culture) [0x0007a] in <695d1cc93cca45069c528c15c9fdd749>:0 
  at System.Reflection.MonoCMethod.Invoke (System.Reflection.BindingFlags invokeAttr, System.Reflection.Binder binder, System.Object[] parameters, System.Globalization.CultureInfo culture) [0x00000] in <695d1cc93cca45069c528c15c9fdd749>:0 
  at System.RuntimeType.CreateInstanceImpl (System.Reflection.BindingFlags bindingAttr, System.Reflection.Binder binder, System.Object[] args, System.Globalization.CultureInfo culture, System.Object[] activationAttributes, System.Threading.StackCrawlMark& stackMark) [0x00213] in <695d1cc93cca45069c528c15c9fdd749>:0 
  at System.Activator.CreateInstance (System.Type type, System.Reflection.BindingFlags bindingAttr, System.Reflection.Binder binder, System.Object[] args, System.Globalization.CultureInfo culture, System.Object[] activationAttributes) [0x00095] in <695d1cc93cca45069c528c15c9fdd749>:0 
  at System.Activator.CreateInstance (System.Type type, System.Object[] args) [0x00000] in <695d1cc93cca45069c528c15c9fdd749>:0 
  at SDG.Unturned.Assets.loadFile (SDG.Unturned.Assets+ScannedFileInfo file) [0x0051e] in <dd047bbdb659430bbea6ac404d09c571>:0 
[3/30/2023 8:22:23 PM] [Error] Missing effect gameobject
[3/30/2023 8:22:23 PM] [Error]   at SDG.Unturned.EffectAsset..ctor (SDG.Unturned.Bundle bundle, SDG.Unturned.Data data, SDG.Unturned.Local localization, System.UInt16 id) [0x00053] in <dd047bbdb659430bbea6ac404d09c571>:0 
  at (wrapper managed-to-native) System.Reflection.MonoCMethod.InternalInvoke(System.Reflection.MonoCMethod,object,object[],System.Exception&)
  at System.Reflection.MonoCMethod.InternalInvoke (System.Object obj, System.Object[] parameters) [0x00002] in <695d1cc93cca45069c528c15c9fdd749>:0 
[3/30/2023 8:22:23 PM] [Info] Installed workshop item: 2839462324
[3/30/2023 8:22:23 PM] [Info] Workshop item found in cache: 2541661347
[3/30/2023 8:22:23 PM] [Info] Installing workshop item: 2541661347
[3/30/2023 8:22:23 PM] [Info] Installed workshop item: 2541661347
[3/30/2023 8:22:23 PM] [Info] Workshop item found in cache: 2069342497
[3/30/2023 8:22:23 PM] [Info] Installing workshop item: 2069342497
[3/30/2023 8:22:23 PM] [Info] Installed workshop item: 2069342497
[3/30/2023 8:22:23 PM] [Info] Workshop item found in cache: 1232252658
[3/30/2023 8:22:23 PM] [Info] Installing workshop item: 1232252658
[3/30/2023 8:22:23 PM] [Info] Installed workshop item: 1232252658
[3/30/2023 8:22:23 PM] [Info] Workshop item found in cache: 2099073425
[3/30/2023 8:22:23 PM] [Info] Installing workshop item: 2099073425
[3/30/2023 8:22:23 PM] [Info] Installed workshop item: 2099073425
[3/30/2023 8:22:23 PM] [Info] Workshop item found in cache: 2365700338
[3/30/2023 8:22:23 PM] [Info] Installing workshop item: 2365700338
[3/30/2023 8:22:23 PM] [Error] Value cannot be null.
Parameter name: key
[3/30/2023 8:22:23 PM] [Error]   at System.Collections.Generic.Dictionary`2[TKey,TValue].FindEntry (TKey key) [0x00008] in <695d1cc93cca45069c528c15c9fdd749>:0 
  at System.Collections.Generic.Dictionary`2[TKey,TValue].TryGetValue (TKey key, TValue& value) [0x00000] in <695d1cc93cca45069c528c15c9fdd749>:0 
  at SDG.Framework.IO.FormattedFiles.KeyValueTables.KeyValueTableReader.readDictionary (System.IO.StreamReader input, System.Collections.Generic.Dictionary`2[TKey,TValue] scope) [0x000fe] in <dd047bbdb659430bbea6ac404d09c571>:0 
  at SDG.Framework.IO.FormattedFiles.KeyValueTables.KeyValueTableReader..ctor (System.IO.StreamReader input) [0x00019] in <dd047bbdb659430bbea6ac404d09c571>:0 
  at SDG.Framework.IO.FormattedFiles.KeyValueTables.KeyValueTableReader.readDictionary (System.IO.StreamReader input, System.Collections.Generic.Dictionary`2[TKey,TValue] scope) [0x00124] in <dd047bbdb659430bbea6ac404d09c571>:0 
  at SDG.Framework.IO.FormattedFiles.KeyValueTables.KeyValueTableReader..ctor (System.IO.StreamReader input) [0x00019] in <dd047bbdb659430bbea6ac404d09c571>:0 
  at SDG.Unturned.Assets.loadFile (SDG.Unturned.Assets+ScannedFileInfo file) [0x0002f] in <dd047bbdb659430bbea6ac404d09c571>:0 
[3/30/2023 8:22:23 PM] [Info] Installed workshop item: 2365700338
[3/30/2023 8:22:23 PM] [Info] Workshop item found in cache: 2852980785
[3/30/2023 8:22:23 PM] [Info] Installing workshop item: 2852980785
[3/30/2023 8:22:23 PM] [Info] Installed workshop item: 2852980785
[3/30/2023 8:22:23 PM] [Info] Workshop item found in cache: 1717095606
[3/30/2023 8:22:23 PM] [Info] Installing workshop item: 1717095606
[3/30/2023 8:22:23 PM] [Info] Installed workshop item: 1717095606
[3/30/2023 8:22:23 PM] [Info] Workshop item found in cache: 2133808330
[3/30/2023 8:22:23 PM] [Info] Installing workshop item: 2133808330
[3/30/2023 8:22:23 PM] [Info] Installed workshop item: 2133808330
[3/30/2023 8:22:23 PM] [Info] Monitoring workshop map 'Alaska' (2852980785) for changes
[3/30/2023 8:22:23 PM] [Info] Loading level: 8%
[3/30/2023 8:22:24 PM] [Error] Object with no asset in region 20, 23: 6103 c9284eb7-67d3-453d-88f3-7cfdf30aaaab
[3/30/2023 8:22:25 PM] [Error] Object with no asset in region 22, 22: 45743 71a12818-efda-49ea-aa8f-ca09987fc7fb
[3/30/2023 8:22:25 PM] [Error] Object with no asset in region 22, 22: 45743 71a12818-efda-49ea-aa8f-ca09987fc7fb
[3/30/2023 8:22:25 PM] [Error] Object with no asset in region 22, 22: 45743 71a12818-efda-49ea-aa8f-ca09987fc7fb
[3/30/2023 8:22:25 PM] [Error] Object with no asset in region 22, 22: 45743 71a12818-efda-49ea-aa8f-ca09987fc7fb
[3/30/2023 8:22:25 PM] [Error] Object with no asset in region 22, 22: 45743 71a12818-efda-49ea-aa8f-ca09987fc7fb
[3/30/2023 8:22:25 PM] [Error] Object with no asset in region 22, 22: 45743 71a12818-efda-49ea-aa8f-ca09987fc7fb
[3/30/2023 8:22:25 PM] [Error] Object with no asset in region 22, 22: 45743 71a12818-efda-49ea-aa8f-ca09987fc7fb
[3/30/2023 8:22:25 PM] [Error] Object with no asset in region 22, 37: 45743 71a12818-efda-49ea-aa8f-ca09987fc7fb
[3/30/2023 8:22:25 PM] [Error] Object with no asset in region 22, 37: 45743 71a12818-efda-49ea-aa8f-ca09987fc7fb
[3/30/2023 8:22:25 PM] [Error] Object with no asset in region 22, 37: 45743 71a12818-efda-49ea-aa8f-ca09987fc7fb
[3/30/2023 8:22:25 PM] [Error] Object with no asset in region 22, 37: 45743 71a12818-efda-49ea-aa8f-ca09987fc7fb
[3/30/2023 8:22:25 PM] [Error] Object with no asset in region 22, 37: 45743 71a12818-efda-49ea-aa8f-ca09987fc7fb
[3/30/2023 8:22:25 PM] [Error] Object with no asset in region 22, 37: 45743 71a12818-efda-49ea-aa8f-ca09987fc7fb
[3/30/2023 8:22:25 PM] [Error] Object with no asset in region 22, 37: 45743 71a12818-efda-49ea-aa8f-ca09987fc7fb
[3/30/2023 8:22:25 PM] [Error] Object with no asset in region 23, 25: 45707 0e50d50f-c3c2-4161-baef-e3496e87da4e
[3/30/2023 8:22:25 PM] [Error] Object with no asset in region 23, 25: 45703 1ea78d9e-7c16-4eb3-b3b9-afa138424c2a
[3/30/2023 8:22:25 PM] [Error] Object with no asset in region 23, 25: 45703 1ea78d9e-7c16-4eb3-b3b9-afa138424c2a
[3/30/2023 8:22:25 PM] [Error] Object with no asset in region 23, 25: 45703 1ea78d9e-7c16-4eb3-b3b9-afa138424c2a
[3/30/2023 8:22:25 PM] [Error] Object with no asset in region 23, 25: 45747 3bd16b8a-2ef6-43d2-8bd1-a4c7f2ba6e1d
[3/30/2023 8:22:25 PM] [Error] Object with no asset in region 23, 25: 45747 3bd16b8a-2ef6-43d2-8bd1-a4c7f2ba6e1d
[3/30/2023 8:22:25 PM] [Error] Object with no asset in region 23, 25: 45747 3bd16b8a-2ef6-43d2-8bd1-a4c7f2ba6e1d
[3/30/2023 8:22:25 PM] [Error] Object with no asset in region 23, 25: 45747 3bd16b8a-2ef6-43d2-8bd1-a4c7f2ba6e1d
[3/30/2023 8:22:25 PM] [Error] Object with no asset in region 23, 25: 45747 3bd16b8a-2ef6-43d2-8bd1-a4c7f2ba6e1d
[3/30/2023 8:22:25 PM] [Error] Object with no asset in region 23, 25: 45747 3bd16b8a-2ef6-43d2-8bd1-a4c7f2ba6e1d
[3/30/2023 8:22:25 PM] [Error] Object with no asset in region 23, 25: 45747 3bd16b8a-2ef6-43d2-8bd1-a4c7f2ba6e1d
[3/30/2023 8:22:25 PM] [Error] Object with no asset in region 23, 25: 45747 3bd16b8a-2ef6-43d2-8bd1-a4c7f2ba6e1d
[3/30/2023 8:22:25 PM] [Error] Object with no asset in region 23, 25: 45747 3bd16b8a-2ef6-43d2-8bd1-a4c7f2ba6e1d
[3/30/2023 8:22:25 PM] [Error] Object with no asset in region 23, 26: 6103 c9284eb7-67d3-453d-88f3-7cfdf30aaaab
[3/30/2023 8:22:25 PM] [Error] Object with no asset in region 24, 25: 45706 3307f52d-4984-495c-9fa0-622f96b9754f
[3/30/2023 8:22:25 PM] [Error] Object with no asset in region 24, 25: 45705 6433b2fb-c657-482d-9d8f-980b2523f616
[3/30/2023 8:22:25 PM] [Error] Object with no asset in region 24, 25: 45704 aef75dfe-33ba-47d6-8b9f-b32b920f6768
[3/30/2023 8:22:25 PM] [Error] Object with no asset in region 24, 25: 45703 1ea78d9e-7c16-4eb3-b3b9-afa138424c2a
[3/30/2023 8:22:25 PM] [Error] Object with no asset in region 24, 25: 45704 aef75dfe-33ba-47d6-8b9f-b32b920f6768
[3/30/2023 8:22:25 PM] [Error] Object with no asset in region 24, 25: 45703 1ea78d9e-7c16-4eb3-b3b9-afa138424c2a
[3/30/2023 8:22:25 PM] [Error] Object with no asset in region 24, 25: 45703 1ea78d9e-7c16-4eb3-b3b9-afa138424c2a
[3/30/2023 8:22:25 PM] [Error] Object with no asset in region 24, 25: 45704 aef75dfe-33ba-47d6-8b9f-b32b920f6768
[3/30/2023 8:22:25 PM] [Error] Object with no asset in region 24, 25: 45704 aef75dfe-33ba-47d6-8b9f-b32b920f6768
[3/30/2023 8:22:25 PM] [Error] Object with no asset in region 24, 25: 6103 c9284eb7-67d3-453d-88f3-7cfdf30aaaab
[3/30/2023 8:22:25 PM] [Error] Object with no asset in region 24, 25: 6103 c9284eb7-67d3-453d-88f3-7cfdf30aaaab
[3/30/2023 8:22:25 PM] [Error] Object with no asset in region 24, 25: 45703 1ea78d9e-7c16-4eb3-b3b9-afa138424c2a
[3/30/2023 8:22:25 PM] [Error] Object with no asset in region 24, 25: 45704 aef75dfe-33ba-47d6-8b9f-b32b920f6768
[3/30/2023 8:22:25 PM] [Error] Object with no asset in region 24, 25: 45704 aef75dfe-33ba-47d6-8b9f-b32b920f6768
[3/30/2023 8:22:25 PM] [Error] Object with no asset in region 24, 25: 45703 1ea78d9e-7c16-4eb3-b3b9-afa138424c2a
[3/30/2023 8:22:25 PM] [Error] Object with no asset in region 24, 25: 45703 1ea78d9e-7c16-4eb3-b3b9-afa138424c2a
[3/30/2023 8:22:25 PM] [Error] Object with no asset in region 24, 25: 45707 0e50d50f-c3c2-4161-baef-e3496e87da4e
[3/30/2023 8:22:25 PM] [Error] Object with no asset in region 24, 25: 45703 1ea78d9e-7c16-4eb3-b3b9-afa138424c2a
[3/30/2023 8:22:25 PM] [Error] Object with no asset in region 24, 25: 45703 1ea78d9e-7c16-4eb3-b3b9-afa138424c2a
[3/30/2023 8:22:25 PM] [Error] Object with no asset in region 24, 25: 45703 1ea78d9e-7c16-4eb3-b3b9-afa138424c2a
[3/30/2023 8:22:25 PM] [Error] Object with no asset in region 24, 25: 45703 1ea78d9e-7c16-4eb3-b3b9-afa138424c2a
[3/30/2023 8:22:25 PM] [Error] Object with no asset in region 24, 25: 45703 1ea78d9e-7c16-4eb3-b3b9-afa138424c2a
[3/30/2023 8:22:25 PM] [Error] Object with no asset in region 24, 25: 45703 1ea78d9e-7c16-4eb3-b3b9-afa138424c2a
[3/30/2023 8:22:25 PM] [Error] Object with no asset in region 24, 25: 45703 1ea78d9e-7c16-4eb3-b3b9-afa138424c2a
[3/30/2023 8:22:25 PM] [Error] Object with no asset in region 24, 25: 45703 1ea78d9e-7c16-4eb3-b3b9-afa138424c2a
[3/30/2023 8:22:25 PM] [Error] Object with no asset in region 24, 25: 45747 3bd16b8a-2ef6-43d2-8bd1-a4c7f2ba6e1d
[3/30/2023 8:22:25 PM] [Error] Object with no asset in region 24, 25: 45747 3bd16b8a-2ef6-43d2-8bd1-a4c7f2ba6e1d
[3/30/2023 8:22:25 PM] [Error] Object with no asset in region 24, 25: 45747 3bd16b8a-2ef6-43d2-8bd1-a4c7f2ba6e1d
[3/30/2023 8:22:25 PM] [Error] Object with no asset in region 24, 25: 45747 3bd16b8a-2ef6-43d2-8bd1-a4c7f2ba6e1d
[3/30/2023 8:22:25 PM] [Error] Object with no asset in region 24, 25: 45747 3bd16b8a-2ef6-43d2-8bd1-a4c7f2ba6e1d
[3/30/2023 8:22:25 PM] [Error] Object with no asset in region 24, 25: 45747 3bd16b8a-2ef6-43d2-8bd1-a4c7f2ba6e1d
[3/30/2023 8:22:25 PM] [Error] Object with no asset in region 24, 25: 45747 3bd16b8a-2ef6-43d2-8bd1-a4c7f2ba6e1d
[3/30/2023 8:22:25 PM] [Error] Object with no asset in region 24, 25: 45747 3bd16b8a-2ef6-43d2-8bd1-a4c7f2ba6e1d
[3/30/2023 8:22:25 PM] [Error] Object with no asset in region 24, 25: 45747 3bd16b8a-2ef6-43d2-8bd1-a4c7f2ba6e1d
[3/30/2023 8:22:25 PM] [Error] Object with no asset in region 24, 25: 45747 3bd16b8a-2ef6-43d2-8bd1-a4c7f2ba6e1d
[3/30/2023 8:22:25 PM] [Error] Object with no asset in region 24, 25: 45747 3bd16b8a-2ef6-43d2-8bd1-a4c7f2ba6e1d
[3/30/2023 8:22:25 PM] [Error] Object with no asset in region 24, 25: 45747 3bd16b8a-2ef6-43d2-8bd1-a4c7f2ba6e1d
[3/30/2023 8:22:25 PM] [Error] Object with no asset in region 24, 25: 45747 3bd16b8a-2ef6-43d2-8bd1-a4c7f2ba6e1d
[3/30/2023 8:22:25 PM] [Error] Object with no asset in region 24, 25: 45747 3bd16b8a-2ef6-43d2-8bd1-a4c7f2ba6e1d
[3/30/2023 8:22:25 PM] [Error] Object with no asset in region 24, 25: 45747 3bd16b8a-2ef6-43d2-8bd1-a4c7f2ba6e1d
[3/30/2023 8:22:25 PM] [Error] Object with no asset in region 24, 25: 45747 3bd16b8a-2ef6-43d2-8bd1-a4c7f2ba6e1d
[3/30/2023 8:22:25 PM] [Error] Object with no asset in region 24, 25: 6103 c9284eb7-67d3-453d-88f3-7cfdf30aaaab
[3/30/2023 8:22:25 PM] [Error] Object with no asset in region 24, 25: 6109 b6eb4804-07cb-44c0-93d8-02c823de634b
[3/30/2023 8:22:25 PM] [Error] Object with no asset in region 24, 25: 45703 1ea78d9e-7c16-4eb3-b3b9-afa138424c2a
[3/30/2023 8:22:25 PM] [Error] Object with no asset in region 24, 25: 45704 aef75dfe-33ba-47d6-8b9f-b32b920f6768
[3/30/2023 8:22:25 PM] [Error] Object with no asset in region 24, 25: 45703 1ea78d9e-7c16-4eb3-b3b9-afa138424c2a
[3/30/2023 8:22:25 PM] [Error] Object with no asset in region 24, 25: 45703 1ea78d9e-7c16-4eb3-b3b9-afa138424c2a
[3/30/2023 8:22:25 PM] [Error] Object with no asset in region 24, 25: 45704 aef75dfe-33ba-47d6-8b9f-b32b920f6768
[3/30/2023 8:22:25 PM] [Error] Object with no asset in region 24, 25: 45703 1ea78d9e-7c16-4eb3-b3b9-afa138424c2a
[3/30/2023 8:22:25 PM] [Error] Object with no asset in region 24, 25: 45704 aef75dfe-33ba-47d6-8b9f-b32b920f6768
[3/30/2023 8:22:25 PM] [Error] Object with no asset in region 24, 25: 45703 1ea78d9e-7c16-4eb3-b3b9-afa138424c2a
[3/30/2023 8:22:25 PM] [Error] Object with no asset in region 24, 25: 45703 1ea78d9e-7c16-4eb3-b3b9-afa138424c2a
[3/30/2023 8:22:25 PM] [Error] Object with no asset in region 24, 25: 45704 aef75dfe-33ba-47d6-8b9f-b32b920f6768
[3/30/2023 8:22:25 PM] [Error] Object with no asset in region 24, 25: 45703 1ea78d9e-7c16-4eb3-b3b9-afa138424c2a
[3/30/2023 8:22:25 PM] [Error] Object with no asset in region 24, 25: 45757 3f5f9f6b-7518-4669-97cc-3d423a4cbecc
[3/30/2023 8:22:25 PM] [Error] Object with no asset in region 24, 25: 45751 342f1332-42d9-4d0f-b723-7e6e044d5847
[3/30/2023 8:22:25 PM] [Error] Object with no asset in region 24, 25: 45751 342f1332-42d9-4d0f-b723-7e6e044d5847
[3/30/2023 8:22:25 PM] [Error] Object with no asset in region 24, 25: 45703 1ea78d9e-7c16-4eb3-b3b9-afa138424c2a
[3/30/2023 8:22:25 PM] [Error] Object with no asset in region 24, 26: 45751 342f1332-42d9-4d0f-b723-7e6e044d5847
[3/30/2023 8:22:25 PM] [Error] Object with no asset in region 24, 26: 45751 342f1332-42d9-4d0f-b723-7e6e044d5847
[3/30/2023 8:22:25 PM] [Error] Object with no asset in region 24, 26: 45755 b38987db-014c-43fb-a3b6-a3b1f8ac10f5
[3/30/2023 8:22:25 PM] [Error] Object with no asset in region 24, 26: 45762 679e5093-068e-4efe-af9c-0e888db8a89c
[3/30/2023 8:22:25 PM] [Error] Object with no asset in region 24, 26: 45747 3bd16b8a-2ef6-43d2-8bd1-a4c7f2ba6e1d
[3/30/2023 8:22:25 PM] [Error] Object with no asset in region 24, 26: 45747 3bd16b8a-2ef6-43d2-8bd1-a4c7f2ba6e1d
[3/30/2023 8:22:25 PM] [Error] Object with no asset in region 24, 26: 45747 3bd16b8a-2ef6-43d2-8bd1-a4c7f2ba6e1d
[3/30/2023 8:22:25 PM] [Error] Object with no asset in region 24, 26: 45747 3bd16b8a-2ef6-43d2-8bd1-a4c7f2ba6e1d
[3/30/2023 8:22:25 PM] [Error] Object with no asset in region 24, 26: 45751 342f1332-42d9-4d0f-b723-7e6e044d5847
[3/30/2023 8:22:25 PM] [Error] Object with no asset in region 24, 26: 45751 342f1332-42d9-4d0f-b723-7e6e044d5847
[3/30/2023 8:22:25 PM] [Error] Object with no asset in region 24, 26: 45751 342f1332-42d9-4d0f-b723-7e6e044d5847
[3/30/2023 8:22:25 PM] [Error] Object with no asset in region 24, 26: 45765 ee3039c3-4ba4-44f8-9502-87c330b26f72
[3/30/2023 8:22:25 PM] [Error] Object with no asset in region 24, 26: 45747 3bd16b8a-2ef6-43d2-8bd1-a4c7f2ba6e1d
[3/30/2023 8:22:25 PM] [Error] Object with no asset in region 24, 26: 45747 3bd16b8a-2ef6-43d2-8bd1-a4c7f2ba6e1d
[3/30/2023 8:22:25 PM] [Error] Object with no asset in region 24, 26: 45747 3bd16b8a-2ef6-43d2-8bd1-a4c7f2ba6e1d
[3/30/2023 8:22:25 PM] [Error] Object with no asset in region 24, 26: 45747 3bd16b8a-2ef6-43d2-8bd1-a4c7f2ba6e1d
[3/30/2023 8:22:25 PM] [Error] Object with no asset in region 24, 26: 45747 3bd16b8a-2ef6-43d2-8bd1-a4c7f2ba6e1d
[3/30/2023 8:22:25 PM] [Error] Object with no asset in region 24, 26: 45747 3bd16b8a-2ef6-43d2-8bd1-a4c7f2ba6e1d
[3/30/2023 8:22:25 PM] [Error] Object with no asset in region 24, 26: 45747 3bd16b8a-2ef6-43d2-8bd1-a4c7f2ba6e1d
[3/30/2023 8:22:25 PM] [Error] Object with no asset in region 24, 26: 45747 3bd16b8a-2ef6-43d2-8bd1-a4c7f2ba6e1d
[3/30/2023 8:22:25 PM] [Error] Object with no asset in region 24, 26: 45753 df888165-310a-4342-8c4f-7bac4b6b5fbb
[3/30/2023 8:22:25 PM] [Error] Object with no asset in region 24, 26: 45751 342f1332-42d9-4d0f-b723-7e6e044d5847
[3/30/2023 8:22:25 PM] [Error] Object with no asset in region 24, 26: 45753 df888165-310a-4342-8c4f-7bac4b6b5fbb
[3/30/2023 8:22:25 PM] [Error] Object with no asset in region 24, 26: 45751 342f1332-42d9-4d0f-b723-7e6e044d5847
[3/30/2023 8:22:25 PM] [Error] Object with no asset in region 24, 26: 45751 342f1332-42d9-4d0f-b723-7e6e044d5847
[3/30/2023 8:22:25 PM] [Error] Object with no asset in region 24, 26: 45751 342f1332-42d9-4d0f-b723-7e6e044d5847
[3/30/2023 8:22:25 PM] [Error] Object with no asset in region 24, 26: 45751 342f1332-42d9-4d0f-b723-7e6e044d5847
[3/30/2023 8:22:25 PM] [Error] Object with no asset in region 24, 26: 45757 3f5f9f6b-7518-4669-97cc-3d423a4cbecc
[3/30/2023 8:22:25 PM] [Error] Object with no asset in region 24, 26: 45747 3bd16b8a-2ef6-43d2-8bd1-a4c7f2ba6e1d
[3/30/2023 8:22:25 PM] [Error] Object with no asset in region 24, 26: 45747 3bd16b8a-2ef6-43d2-8bd1-a4c7f2ba6e1d
[3/30/2023 8:22:25 PM] [Error] Object with no asset in region 24, 26: 45747 3bd16b8a-2ef6-43d2-8bd1-a4c7f2ba6e1d
[3/30/2023 8:22:25 PM] [Error] Object with no asset in region 24, 26: 45747 3bd16b8a-2ef6-43d2-8bd1-a4c7f2ba6e1d
[3/30/2023 8:22:25 PM] [Error] Object with no asset in region 24, 26: 45747 3bd16b8a-2ef6-43d2-8bd1-a4c7f2ba6e1d
[3/30/2023 8:22:25 PM] [Error] Object with no asset in region 24, 26: 45747 3bd16b8a-2ef6-43d2-8bd1-a4c7f2ba6e1d
[3/30/2023 8:22:25 PM] [Error] Object with no asset in region 24, 26: 45747 3bd16b8a-2ef6-43d2-8bd1-a4c7f2ba6e1d
[3/30/2023 8:22:25 PM] [Error] Object with no asset in region 24, 26: 45703 1ea78d9e-7c16-4eb3-b3b9-afa138424c2a
[3/30/2023 8:22:25 PM] [Error] Object with no asset in region 24, 26: 45703 1ea78d9e-7c16-4eb3-b3b9-afa138424c2a
[3/30/2023 8:22:25 PM] [Error] Object with no asset in region 24, 26: 45703 1ea78d9e-7c16-4eb3-b3b9-afa138424c2a
[3/30/2023 8:22:25 PM] [Error] Object with no asset in region 24, 26: 45703 1ea78d9e-7c16-4eb3-b3b9-afa138424c2a
[3/30/2023 8:22:25 PM] [Error] Object with no asset in region 24, 26: 45703 1ea78d9e-7c16-4eb3-b3b9-afa138424c2a
[3/30/2023 8:22:25 PM] [Error] Object with no asset in region 24, 26: 45703 1ea78d9e-7c16-4eb3-b3b9-afa138424c2a
[3/30/2023 8:22:25 PM] [Error] Object with no asset in region 24, 26: 45703 1ea78d9e-7c16-4eb3-b3b9-afa138424c2a
[3/30/2023 8:22:25 PM] [Error] Object with no asset in region 24, 26: 45703 1ea78d9e-7c16-4eb3-b3b9-afa138424c2a
[3/30/2023 8:22:25 PM] [Error] Object with no asset in region 24, 26: 45703 1ea78d9e-7c16-4eb3-b3b9-afa138424c2a
[3/30/2023 8:22:25 PM] [Error] Object with no asset in region 24, 26: 45703 1ea78d9e-7c16-4eb3-b3b9-afa138424c2a
[3/30/2023 8:22:25 PM] [Error] Object with no asset in region 24, 26: 45703 1ea78d9e-7c16-4eb3-b3b9-afa138424c2a
[3/30/2023 8:22:25 PM] [Error] Object with no asset in region 24, 26: 45703 1ea78d9e-7c16-4eb3-b3b9-afa138424c2a
[3/30/2023 8:22:25 PM] [Error] Object with no asset in region 24, 26: 45703 1ea78d9e-7c16-4eb3-b3b9-afa138424c2a
[3/30/2023 8:22:25 PM] [Error] Object with no asset in region 24, 39: 45747 3bd16b8a-2ef6-43d2-8bd1-a4c7f2ba6e1d
[3/30/2023 8:22:25 PM] [Error] Object with no asset in region 26, 27: 45747 3bd16b8a-2ef6-43d2-8bd1-a4c7f2ba6e1d
[3/30/2023 8:22:25 PM] [Error] Object with no asset in region 26, 27: 45747 3bd16b8a-2ef6-43d2-8bd1-a4c7f2ba6e1d
[3/30/2023 8:22:25 PM] [Error] Object with no asset in region 26, 27: 45747 3bd16b8a-2ef6-43d2-8bd1-a4c7f2ba6e1d
[3/30/2023 8:22:25 PM] [Error] Object with no asset in region 26, 27: 45747 3bd16b8a-2ef6-43d2-8bd1-a4c7f2ba6e1d
[3/30/2023 8:22:25 PM] [Error] Object with no asset in region 26, 27: 45747 3bd16b8a-2ef6-43d2-8bd1-a4c7f2ba6e1d
[3/30/2023 8:22:25 PM] [Error] Object with no asset in region 26, 27: 45747 3bd16b8a-2ef6-43d2-8bd1-a4c7f2ba6e1d
[3/30/2023 8:22:25 PM] [Error] Object with no asset in region 26, 27: 45747 3bd16b8a-2ef6-43d2-8bd1-a4c7f2ba6e1d
[3/30/2023 8:22:25 PM] [Error] Object with no asset in region 26, 27: 45747 3bd16b8a-2ef6-43d2-8bd1-a4c7f2ba6e1d
[3/30/2023 8:22:25 PM] [Error] Object with no asset in region 26, 27: 45747 3bd16b8a-2ef6-43d2-8bd1-a4c7f2ba6e1d
[3/30/2023 8:22:25 PM] [Error] Object with no asset in region 26, 27: 45747 3bd16b8a-2ef6-43d2-8bd1-a4c7f2ba6e1d
[3/30/2023 8:22:25 PM] [Error] Object with no asset in region 26, 27: 45747 3bd16b8a-2ef6-43d2-8bd1-a4c7f2ba6e1d
[3/30/2023 8:22:25 PM] [Error] Object with no asset in region 26, 27: 45747 3bd16b8a-2ef6-43d2-8bd1-a4c7f2ba6e1d
[3/30/2023 8:22:25 PM] [Error] Object with no asset in region 26, 27: 45747 3bd16b8a-2ef6-43d2-8bd1-a4c7f2ba6e1d
[3/30/2023 8:22:25 PM] [Error] Object with no asset in region 26, 27: 45747 3bd16b8a-2ef6-43d2-8bd1-a4c7f2ba6e1d
[3/30/2023 8:22:25 PM] [Error] Object with no asset in region 26, 27: 45747 3bd16b8a-2ef6-43d2-8bd1-a4c7f2ba6e1d
[3/30/2023 8:22:25 PM] [Error] Object with no asset in region 26, 27: 45747 3bd16b8a-2ef6-43d2-8bd1-a4c7f2ba6e1d
[3/30/2023 8:22:25 PM] [Error] Object with no asset in region 26, 27: 45747 3bd16b8a-2ef6-43d2-8bd1-a4c7f2ba6e1d
[3/30/2023 8:22:25 PM] [Error] Object with no asset in region 26, 27: 45747 3bd16b8a-2ef6-43d2-8bd1-a4c7f2ba6e1d
[3/30/2023 8:22:25 PM] [Error] Object with no asset in region 26, 27: 45747 3bd16b8a-2ef6-43d2-8bd1-a4c7f2ba6e1d
[3/30/2023 8:22:25 PM] [Error] Object with no asset in region 26, 27: 45747 3bd16b8a-2ef6-43d2-8bd1-a4c7f2ba6e1d
[3/30/2023 8:22:25 PM] [Error] Object with no asset in region 26, 27: 45747 3bd16b8a-2ef6-43d2-8bd1-a4c7f2ba6e1d
[3/30/2023 8:22:25 PM] [Error] Object with no asset in region 26, 27: 45747 3bd16b8a-2ef6-43d2-8bd1-a4c7f2ba6e1d
[3/30/2023 8:22:25 PM] [Error] Object with no asset in region 26, 27: 45747 3bd16b8a-2ef6-43d2-8bd1-a4c7f2ba6e1d
[3/30/2023 8:22:25 PM] [Error] Object with no asset in region 26, 27: 45747 3bd16b8a-2ef6-43d2-8bd1-a4c7f2ba6e1d
[3/30/2023 8:22:25 PM] [Error] Object with no asset in region 26, 27: 45747 3bd16b8a-2ef6-43d2-8bd1-a4c7f2ba6e1d
[3/30/2023 8:22:25 PM] [Error] Object with no asset in region 26, 27: 45747 3bd16b8a-2ef6-43d2-8bd1-a4c7f2ba6e1d
[3/30/2023 8:22:25 PM] [Error] Object with no asset in region 26, 27: 45747 3bd16b8a-2ef6-43d2-8bd1-a4c7f2ba6e1d
[3/30/2023 8:22:25 PM] [Error] Object with no asset in region 26, 27: 45747 3bd16b8a-2ef6-43d2-8bd1-a4c7f2ba6e1d
[3/30/2023 8:22:25 PM] [Error] Object with no asset in region 26, 27: 45747 3bd16b8a-2ef6-43d2-8bd1-a4c7f2ba6e1d
[3/30/2023 8:22:25 PM] [Error] Object with no asset in region 26, 27: 45747 3bd16b8a-2ef6-43d2-8bd1-a4c7f2ba6e1d
[3/30/2023 8:22:25 PM] [Error] Object with no asset in region 26, 27: 45747 3bd16b8a-2ef6-43d2-8bd1-a4c7f2ba6e1d
[3/30/2023 8:22:25 PM] [Error] Object with no asset in region 26, 27: 45747 3bd16b8a-2ef6-43d2-8bd1-a4c7f2ba6e1d
[3/30/2023 8:22:25 PM] [Error] Object with no asset in region 26, 27: 45747 3bd16b8a-2ef6-43d2-8bd1-a4c7f2ba6e1d
[3/30/2023 8:22:25 PM] [Error] Object with no asset in region 26, 27: 45747 3bd16b8a-2ef6-43d2-8bd1-a4c7f2ba6e1d
[3/30/2023 8:22:25 PM] [Error] Object with no asset in region 26, 27: 45747 3bd16b8a-2ef6-43d2-8bd1-a4c7f2ba6e1d
[3/30/2023 8:22:25 PM] [Error] Object with no asset in region 26, 27: 45747 3bd16b8a-2ef6-43d2-8bd1-a4c7f2ba6e1d
[3/30/2023 8:22:25 PM] [Error] Object with no asset in region 26, 27: 45747 3bd16b8a-2ef6-43d2-8bd1-a4c7f2ba6e1d
[3/30/2023 8:22:25 PM] [Error] Object with no asset in region 26, 27: 45747 3bd16b8a-2ef6-43d2-8bd1-a4c7f2ba6e1d
[3/30/2023 8:22:25 PM] [Error] Object with no asset in region 26, 27: 45747 3bd16b8a-2ef6-43d2-8bd1-a4c7f2ba6e1d
[3/30/2023 8:22:25 PM] [Error] Object with no asset in region 26, 27: 45747 3bd16b8a-2ef6-43d2-8bd1-a4c7f2ba6e1d
[3/30/2023 8:22:25 PM] [Error] Object with no asset in region 26, 27: 45747 3bd16b8a-2ef6-43d2-8bd1-a4c7f2ba6e1d
[3/30/2023 8:22:25 PM] [Error] Object with no asset in region 26, 27: 45747 3bd16b8a-2ef6-43d2-8bd1-a4c7f2ba6e1d
[3/30/2023 8:22:25 PM] [Error] Object with no asset in region 26, 27: 45747 3bd16b8a-2ef6-43d2-8bd1-a4c7f2ba6e1d
[3/30/2023 8:22:25 PM] [Error] Object with no asset in region 26, 27: 45747 3bd16b8a-2ef6-43d2-8bd1-a4c7f2ba6e1d
[3/30/2023 8:22:25 PM] [Error] Object with no asset in region 26, 27: 45747 3bd16b8a-2ef6-43d2-8bd1-a4c7f2ba6e1d
[3/30/2023 8:22:25 PM] [Error] Object with no asset in region 26, 27: 45747 3bd16b8a-2ef6-43d2-8bd1-a4c7f2ba6e1d
[3/30/2023 8:22:25 PM] [Error] Object with no asset in region 26, 27: 45747 3bd16b8a-2ef6-43d2-8bd1-a4c7f2ba6e1d
[3/30/2023 8:22:25 PM] [Error] Object with no asset in region 26, 27: 45747 3bd16b8a-2ef6-43d2-8bd1-a4c7f2ba6e1d
[3/30/2023 8:22:25 PM] [Error] Object with no asset in region 26, 27: 45747 3bd16b8a-2ef6-43d2-8bd1-a4c7f2ba6e1d
[3/30/2023 8:22:25 PM] [Error] Object with no asset in region 26, 27: 45747 3bd16b8a-2ef6-43d2-8bd1-a4c7f2ba6e1d
[3/30/2023 8:22:25 PM] [Error] Object with no asset in region 26, 27: 45747 3bd16b8a-2ef6-43d2-8bd1-a4c7f2ba6e1d
[3/30/2023 8:22:25 PM] [Error] Object with no asset in region 26, 27: 45747 3bd16b8a-2ef6-43d2-8bd1-a4c7f2ba6e1d
[3/30/2023 8:22:25 PM] [Error] Object with no asset in region 26, 27: 45747 3bd16b8a-2ef6-43d2-8bd1-a4c7f2ba6e1d
[3/30/2023 8:22:25 PM] [Error] Object with no asset in region 26, 27: 45747 3bd16b8a-2ef6-43d2-8bd1-a4c7f2ba6e1d
[3/30/2023 8:22:25 PM] [Error] Object with no asset in region 26, 27: 45747 3bd16b8a-2ef6-43d2-8bd1-a4c7f2ba6e1d
[3/30/2023 8:22:25 PM] [Error] Object with no asset in region 26, 27: 45747 3bd16b8a-2ef6-43d2-8bd1-a4c7f2ba6e1d
[3/30/2023 8:22:25 PM] [Error] Object with no asset in region 26, 27: 45747 3bd16b8a-2ef6-43d2-8bd1-a4c7f2ba6e1d
[3/30/2023 8:22:25 PM] [Error] Object with no asset in region 26, 27: 45747 3bd16b8a-2ef6-43d2-8bd1-a4c7f2ba6e1d
[3/30/2023 8:22:25 PM] [Error] Object with no asset in region 26, 27: 45747 3bd16b8a-2ef6-43d2-8bd1-a4c7f2ba6e1d
[3/30/2023 8:22:25 PM] [Error] Object with no asset in region 26, 27: 45747 3bd16b8a-2ef6-43d2-8bd1-a4c7f2ba6e1d
[3/30/2023 8:22:25 PM] [Error] Object with no asset in region 26, 27: 45747 3bd16b8a-2ef6-43d2-8bd1-a4c7f2ba6e1d
[3/30/2023 8:22:25 PM] [Error] Object with no asset in region 26, 27: 45747 3bd16b8a-2ef6-43d2-8bd1-a4c7f2ba6e1d
[3/30/2023 8:22:25 PM] [Error] Object with no asset in region 26, 27: 45747 3bd16b8a-2ef6-43d2-8bd1-a4c7f2ba6e1d
[3/30/2023 8:22:25 PM] [Error] Object with no asset in region 26, 27: 45747 3bd16b8a-2ef6-43d2-8bd1-a4c7f2ba6e1d
[3/30/2023 8:22:25 PM] [Error] Object with no asset in region 26, 27: 45747 3bd16b8a-2ef6-43d2-8bd1-a4c7f2ba6e1d
[3/30/2023 8:22:25 PM] [Error] Object with no asset in region 26, 27: 45747 3bd16b8a-2ef6-43d2-8bd1-a4c7f2ba6e1d
[3/30/2023 8:22:25 PM] [Error] Object with no asset in region 26, 27: 45747 3bd16b8a-2ef6-43d2-8bd1-a4c7f2ba6e1d
[3/30/2023 8:22:25 PM] [Error] Object with no asset in region 26, 27: 45747 3bd16b8a-2ef6-43d2-8bd1-a4c7f2ba6e1d
[3/30/2023 8:22:25 PM] [Error] Object with no asset in region 26, 27: 45747 3bd16b8a-2ef6-43d2-8bd1-a4c7f2ba6e1d
[3/30/2023 8:22:25 PM] [Error] Object with no asset in region 26, 27: 45747 3bd16b8a-2ef6-43d2-8bd1-a4c7f2ba6e1d
[3/30/2023 8:22:25 PM] [Error] Object with no asset in region 26, 27: 45747 3bd16b8a-2ef6-43d2-8bd1-a4c7f2ba6e1d
[3/30/2023 8:22:25 PM] [Error] Object with no asset in region 26, 27: 45747 3bd16b8a-2ef6-43d2-8bd1-a4c7f2ba6e1d
[3/30/2023 8:22:25 PM] [Error] Object with no asset in region 26, 27: 45747 3bd16b8a-2ef6-43d2-8bd1-a4c7f2ba6e1d
[3/30/2023 8:22:25 PM] [Error] Object with no asset in region 26, 27: 45747 3bd16b8a-2ef6-43d2-8bd1-a4c7f2ba6e1d
[3/30/2023 8:22:25 PM] [Error] Object with no asset in region 26, 27: 45747 3bd16b8a-2ef6-43d2-8bd1-a4c7f2ba6e1d
[3/30/2023 8:22:25 PM] [Error] Object with no asset in region 26, 27: 45747 3bd16b8a-2ef6-43d2-8bd1-a4c7f2ba6e1d
[3/30/2023 8:22:25 PM] [Error] Object with no asset in region 26, 27: 45747 3bd16b8a-2ef6-43d2-8bd1-a4c7f2ba6e1d
[3/30/2023 8:22:25 PM] [Error] Object with no asset in region 26, 27: 45747 3bd16b8a-2ef6-43d2-8bd1-a4c7f2ba6e1d
[3/30/2023 8:22:25 PM] [Error] Object with no asset in region 26, 27: 45747 3bd16b8a-2ef6-43d2-8bd1-a4c7f2ba6e1d
[3/30/2023 8:22:25 PM] [Error] Object with no asset in region 26, 27: 45747 3bd16b8a-2ef6-43d2-8bd1-a4c7f2ba6e1d
[3/30/2023 8:22:25 PM] [Error] Object with no asset in region 26, 27: 45747 3bd16b8a-2ef6-43d2-8bd1-a4c7f2ba6e1d
[3/30/2023 8:22:25 PM] [Error] Object with no asset in region 26, 27: 45747 3bd16b8a-2ef6-43d2-8bd1-a4c7f2ba6e1d
[3/30/2023 8:22:25 PM] [Error] Object with no asset in region 26, 27: 45747 3bd16b8a-2ef6-43d2-8bd1-a4c7f2ba6e1d
[3/30/2023 8:22:25 PM] [Error] Object with no asset in region 26, 27: 45747 3bd16b8a-2ef6-43d2-8bd1-a4c7f2ba6e1d
[3/30/2023 8:22:25 PM] [Error] Object with no asset in region 26, 27: 45747 3bd16b8a-2ef6-43d2-8bd1-a4c7f2ba6e1d
[3/30/2023 8:22:25 PM] [Error] Object with no asset in region 26, 27: 45747 3bd16b8a-2ef6-43d2-8bd1-a4c7f2ba6e1d
[3/30/2023 8:22:25 PM] [Error] Object with no asset in region 26, 27: 45747 3bd16b8a-2ef6-43d2-8bd1-a4c7f2ba6e1d
[3/30/2023 8:22:25 PM] [Error] Object with no asset in region 26, 27: 45747 3bd16b8a-2ef6-43d2-8bd1-a4c7f2ba6e1d
[3/30/2023 8:22:25 PM] [Error] Object with no asset in region 26, 27: 45747 3bd16b8a-2ef6-43d2-8bd1-a4c7f2ba6e1d
[3/30/2023 8:22:25 PM] [Error] Object with no asset in region 26, 27: 45747 3bd16b8a-2ef6-43d2-8bd1-a4c7f2ba6e1d
[3/30/2023 8:22:25 PM] [Error] Object with no asset in region 26, 27: 45747 3bd16b8a-2ef6-43d2-8bd1-a4c7f2ba6e1d
[3/30/2023 8:22:25 PM] [Error] Object with no asset in region 26, 27: 45747 3bd16b8a-2ef6-43d2-8bd1-a4c7f2ba6e1d
[3/30/2023 8:22:25 PM] [Error] Object with no asset in region 26, 27: 45747 3bd16b8a-2ef6-43d2-8bd1-a4c7f2ba6e1d
[3/30/2023 8:22:25 PM] [Error] Object with no asset in region 26, 27: 45747 3bd16b8a-2ef6-43d2-8bd1-a4c7f2ba6e1d
[3/30/2023 8:22:25 PM] [Error] Object with no asset in region 26, 27: 45747 3bd16b8a-2ef6-43d2-8bd1-a4c7f2ba6e1d
[3/30/2023 8:22:25 PM] [Error] Object with no asset in region 26, 27: 45747 3bd16b8a-2ef6-43d2-8bd1-a4c7f2ba6e1d
[3/30/2023 8:22:25 PM] [Error] Object with no asset in region 26, 27: 45747 3bd16b8a-2ef6-43d2-8bd1-a4c7f2ba6e1d
[3/30/2023 8:22:25 PM] [Error] Object with no asset in region 26, 27: 45747 3bd16b8a-2ef6-43d2-8bd1-a4c7f2ba6e1d
[3/30/2023 8:22:25 PM] [Error] Object with no asset in region 26, 27: 45747 3bd16b8a-2ef6-43d2-8bd1-a4c7f2ba6e1d
[3/30/2023 8:22:25 PM] [Error] Object with no asset in region 26, 27: 45747 3bd16b8a-2ef6-43d2-8bd1-a4c7f2ba6e1d
[3/30/2023 8:22:25 PM] [Error] Object with no asset in region 26, 27: 45747 3bd16b8a-2ef6-43d2-8bd1-a4c7f2ba6e1d
[3/30/2023 8:22:25 PM] [Error] Object with no asset in region 26, 27: 45747 3bd16b8a-2ef6-43d2-8bd1-a4c7f2ba6e1d
[3/30/2023 8:22:25 PM] [Error] Object with no asset in region 26, 27: 45747 3bd16b8a-2ef6-43d2-8bd1-a4c7f2ba6e1d
[3/30/2023 8:22:25 PM] [Error] Object with no asset in region 26, 27: 45747 3bd16b8a-2ef6-43d2-8bd1-a4c7f2ba6e1d
[3/30/2023 8:22:25 PM] [Error] Object with no asset in region 26, 27: 45747 3bd16b8a-2ef6-43d2-8bd1-a4c7f2ba6e1d
[3/30/2023 8:22:25 PM] [Error] Object with no asset in region 26, 27: 45747 3bd16b8a-2ef6-43d2-8bd1-a4c7f2ba6e1d
[3/30/2023 8:22:25 PM] [Error] Object with no asset in region 26, 27: 45747 3bd16b8a-2ef6-43d2-8bd1-a4c7f2ba6e1d
[3/30/2023 8:22:25 PM] [Error] Object with no asset in region 26, 27: 45747 3bd16b8a-2ef6-43d2-8bd1-a4c7f2ba6e1d
[3/30/2023 8:22:25 PM] [Error] Object with no asset in region 26, 27: 45747 3bd16b8a-2ef6-43d2-8bd1-a4c7f2ba6e1d
[3/30/2023 8:22:25 PM] [Error] Object with no asset in region 26, 27: 45747 3bd16b8a-2ef6-43d2-8bd1-a4c7f2ba6e1d
[3/30/2023 8:22:25 PM] [Error] Object with no asset in region 26, 27: 45747 3bd16b8a-2ef6-43d2-8bd1-a4c7f2ba6e1d
[3/30/2023 8:22:25 PM] [Error] Object with no asset in region 26, 27: 45747 3bd16b8a-2ef6-43d2-8bd1-a4c7f2ba6e1d
[3/30/2023 8:22:25 PM] [Error] Object with no asset in region 26, 27: 45747 3bd16b8a-2ef6-43d2-8bd1-a4c7f2ba6e1d
[3/30/2023 8:22:25 PM] [Error] Object with no asset in region 26, 27: 45747 3bd16b8a-2ef6-43d2-8bd1-a4c7f2ba6e1d
[3/30/2023 8:22:25 PM] [Error] Object with no asset in region 26, 27: 45747 3bd16b8a-2ef6-43d2-8bd1-a4c7f2ba6e1d
[3/30/2023 8:22:25 PM] [Error] Object with no asset in region 26, 27: 45747 3bd16b8a-2ef6-43d2-8bd1-a4c7f2ba6e1d
[3/30/2023 8:22:25 PM] [Error] Object with no asset in region 26, 27: 45747 3bd16b8a-2ef6-43d2-8bd1-a4c7f2ba6e1d
[3/30/2023 8:22:25 PM] [Error] Object with no asset in region 26, 27: 45747 3bd16b8a-2ef6-43d2-8bd1-a4c7f2ba6e1d
[3/30/2023 8:22:25 PM] [Error] Object with no asset in region 26, 27: 45747 3bd16b8a-2ef6-43d2-8bd1-a4c7f2ba6e1d
[3/30/2023 8:22:25 PM] [Error] Object with no asset in region 26, 27: 45747 3bd16b8a-2ef6-43d2-8bd1-a4c7f2ba6e1d
[3/30/2023 8:22:25 PM] [Error] Object with no asset in region 26, 27: 45747 3bd16b8a-2ef6-43d2-8bd1-a4c7f2ba6e1d
[3/30/2023 8:22:25 PM] [Error] Object with no asset in region 26, 27: 45747 3bd16b8a-2ef6-43d2-8bd1-a4c7f2ba6e1d
[3/30/2023 8:22:25 PM] [Error] Object with no asset in region 26, 27: 45747 3bd16b8a-2ef6-43d2-8bd1-a4c7f2ba6e1d
[3/30/2023 8:22:25 PM] [Error] Object with no asset in region 26, 27: 45747 3bd16b8a-2ef6-43d2-8bd1-a4c7f2ba6e1d
[3/30/2023 8:22:25 PM] [Error] Object with no asset in region 26, 27: 45747 3bd16b8a-2ef6-43d2-8bd1-a4c7f2ba6e1d
[3/30/2023 8:22:25 PM] [Error] Object with no asset in region 26, 27: 45747 3bd16b8a-2ef6-43d2-8bd1-a4c7f2ba6e1d
[3/30/2023 8:22:25 PM] [Error] Object with no asset in region 26, 27: 45747 3bd16b8a-2ef6-43d2-8bd1-a4c7f2ba6e1d
[3/30/2023 8:22:25 PM] [Error] Object with no asset in region 26, 27: 45747 3bd16b8a-2ef6-43d2-8bd1-a4c7f2ba6e1d
[3/30/2023 8:22:25 PM] [Error] Object with no asset in region 26, 27: 45747 3bd16b8a-2ef6-43d2-8bd1-a4c7f2ba6e1d
[3/30/2023 8:22:25 PM] [Error] Object with no asset in region 26, 27: 45747 3bd16b8a-2ef6-43d2-8bd1-a4c7f2ba6e1d
[3/30/2023 8:22:25 PM] [Error] Object with no asset in region 26, 27: 45747 3bd16b8a-2ef6-43d2-8bd1-a4c7f2ba6e1d
[3/30/2023 8:22:25 PM] [Error] Object with no asset in region 26, 27: 45747 3bd16b8a-2ef6-43d2-8bd1-a4c7f2ba6e1d
[3/30/2023 8:22:25 PM] [Error] Object with no asset in region 26, 27: 45747 3bd16b8a-2ef6-43d2-8bd1-a4c7f2ba6e1d
[3/30/2023 8:22:25 PM] [Error] Object with no asset in region 26, 27: 45747 3bd16b8a-2ef6-43d2-8bd1-a4c7f2ba6e1d
[3/30/2023 8:22:25 PM] [Error] Object with no asset in region 26, 27: 45747 3bd16b8a-2ef6-43d2-8bd1-a4c7f2ba6e1d
[3/30/2023 8:22:25 PM] [Error] Object with no asset in region 26, 27: 45747 3bd16b8a-2ef6-43d2-8bd1-a4c7f2ba6e1d
[3/30/2023 8:22:25 PM] [Error] Object with no asset in region 26, 27: 45747 3bd16b8a-2ef6-43d2-8bd1-a4c7f2ba6e1d
[3/30/2023 8:22:25 PM] [Error] Object with no asset in region 26, 27: 45747 3bd16b8a-2ef6-43d2-8bd1-a4c7f2ba6e1d
[3/30/2023 8:22:25 PM] [Error] Object with no asset in region 26, 27: 45747 3bd16b8a-2ef6-43d2-8bd1-a4c7f2ba6e1d
[3/30/2023 8:22:25 PM] [Error] Object with no asset in region 26, 27: 45747 3bd16b8a-2ef6-43d2-8bd1-a4c7f2ba6e1d
[3/30/2023 8:22:25 PM] [Error] Object with no asset in region 26, 27: 45747 3bd16b8a-2ef6-43d2-8bd1-a4c7f2ba6e1d
[3/30/2023 8:22:25 PM] [Error] Object with no asset in region 26, 27: 45747 3bd16b8a-2ef6-43d2-8bd1-a4c7f2ba6e1d
[3/30/2023 8:22:25 PM] [Error] Object with no asset in region 26, 27: 45747 3bd16b8a-2ef6-43d2-8bd1-a4c7f2ba6e1d
[3/30/2023 8:22:25 PM] [Error] Object with no asset in region 26, 27: 45747 3bd16b8a-2ef6-43d2-8bd1-a4c7f2ba6e1d
[3/30/2023 8:22:25 PM] [Error] Object with no asset in region 26, 27: 45747 3bd16b8a-2ef6-43d2-8bd1-a4c7f2ba6e1d
[3/30/2023 8:22:25 PM] [Error] Object with no asset in region 26, 27: 45747 3bd16b8a-2ef6-43d2-8bd1-a4c7f2ba6e1d
[3/30/2023 8:22:25 PM] [Error] Object with no asset in region 26, 27: 45747 3bd16b8a-2ef6-43d2-8bd1-a4c7f2ba6e1d
[3/30/2023 8:22:25 PM] [Error] Object with no asset in region 26, 28: 6616 cd7cd0d2-476b-4f14-8a8e-64ec36bcadae
[3/30/2023 8:22:25 PM] [Error] Object with no asset in region 26, 28: 6616 cd7cd0d2-476b-4f14-8a8e-64ec36bcadae
[3/30/2023 8:22:25 PM] [Error] Object with no asset in region 26, 32: 6103 c9284eb7-67d3-453d-88f3-7cfdf30aaaab
[3/30/2023 8:22:25 PM] [Error] Object with no asset in region 26, 33: 6106 d55a23f4-846c-4aa6-97b9-12db25cecc38
[3/30/2023 8:22:25 PM] [Error] Object with no asset in region 26, 33: 6103 c9284eb7-67d3-453d-88f3-7cfdf30aaaab
[3/30/2023 8:22:25 PM] [Error] Object with no asset in region 27, 27: 45747 3bd16b8a-2ef6-43d2-8bd1-a4c7f2ba6e1d
[3/30/2023 8:22:25 PM] [Error] Object with no asset in region 27, 27: 45747 3bd16b8a-2ef6-43d2-8bd1-a4c7f2ba6e1d
[3/30/2023 8:22:25 PM] [Error] Object with no asset in region 27, 27: 45747 3bd16b8a-2ef6-43d2-8bd1-a4c7f2ba6e1d
[3/30/2023 8:22:25 PM] [Error] Object with no asset in region 27, 27: 45747 3bd16b8a-2ef6-43d2-8bd1-a4c7f2ba6e1d
[3/30/2023 8:22:25 PM] [Error] Object with no asset in region 27, 27: 45747 3bd16b8a-2ef6-43d2-8bd1-a4c7f2ba6e1d
[3/30/2023 8:22:25 PM] [Error] Object with no asset in region 27, 27: 45747 3bd16b8a-2ef6-43d2-8bd1-a4c7f2ba6e1d
[3/30/2023 8:22:25 PM] [Error] Object with no asset in region 27, 27: 45747 3bd16b8a-2ef6-43d2-8bd1-a4c7f2ba6e1d
[3/30/2023 8:22:25 PM] [Error] Object with no asset in region 27, 27: 45747 3bd16b8a-2ef6-43d2-8bd1-a4c7f2ba6e1d
[3/30/2023 8:22:25 PM] [Error] Object with no asset in region 27, 27: 45747 3bd16b8a-2ef6-43d2-8bd1-a4c7f2ba6e1d
[3/30/2023 8:22:25 PM] [Error] Object with no asset in region 27, 27: 45747 3bd16b8a-2ef6-43d2-8bd1-a4c7f2ba6e1d
[3/30/2023 8:22:25 PM] [Error] Object with no asset in region 27, 27: 45747 3bd16b8a-2ef6-43d2-8bd1-a4c7f2ba6e1d
[3/30/2023 8:22:25 PM] [Error] Object with no asset in region 27, 27: 45747 3bd16b8a-2ef6-43d2-8bd1-a4c7f2ba6e1d
[3/30/2023 8:22:25 PM] [Error] Object with no asset in region 27, 27: 45747 3bd16b8a-2ef6-43d2-8bd1-a4c7f2ba6e1d
[3/30/2023 8:22:25 PM] [Error] Object with no asset in region 27, 27: 45747 3bd16b8a-2ef6-43d2-8bd1-a4c7f2ba6e1d
[3/30/2023 8:22:25 PM] [Error] Object with no asset in region 27, 27: 45747 3bd16b8a-2ef6-43d2-8bd1-a4c7f2ba6e1d
[3/30/2023 8:22:25 PM] [Error] Object with no asset in region 27, 27: 45747 3bd16b8a-2ef6-43d2-8bd1-a4c7f2ba6e1d
[3/30/2023 8:22:25 PM] [Error] Object with no asset in region 27, 27: 45747 3bd16b8a-2ef6-43d2-8bd1-a4c7f2ba6e1d
[3/30/2023 8:22:25 PM] [Error] Object with no asset in region 27, 27: 45747 3bd16b8a-2ef6-43d2-8bd1-a4c7f2ba6e1d
[3/30/2023 8:22:25 PM] [Error] Object with no asset in region 27, 27: 45747 3bd16b8a-2ef6-43d2-8bd1-a4c7f2ba6e1d
[3/30/2023 8:22:25 PM] [Error] Object with no asset in region 27, 27: 45747 3bd16b8a-2ef6-43d2-8bd1-a4c7f2ba6e1d
[3/30/2023 8:22:25 PM] [Error] Object with no asset in region 27, 27: 45747 3bd16b8a-2ef6-43d2-8bd1-a4c7f2ba6e1d
[3/30/2023 8:22:25 PM] [Error] Object with no asset in region 27, 27: 45747 3bd16b8a-2ef6-43d2-8bd1-a4c7f2ba6e1d
[3/30/2023 8:22:25 PM] [Error] Object with no asset in region 27, 27: 45747 3bd16b8a-2ef6-43d2-8bd1-a4c7f2ba6e1d
[3/30/2023 8:22:25 PM] [Error] Object with no asset in region 27, 27: 45747 3bd16b8a-2ef6-43d2-8bd1-a4c7f2ba6e1d
[3/30/2023 8:22:25 PM] [Error] Object with no asset in region 27, 27: 45747 3bd16b8a-2ef6-43d2-8bd1-a4c7f2ba6e1d
[3/30/2023 8:22:25 PM] [Error] Object with no asset in region 27, 27: 45747 3bd16b8a-2ef6-43d2-8bd1-a4c7f2ba6e1d
[3/30/2023 8:22:25 PM] [Error] Object with no asset in region 27, 27: 45747 3bd16b8a-2ef6-43d2-8bd1-a4c7f2ba6e1d
[3/30/2023 8:22:25 PM] [Error] Object with no asset in region 27, 27: 45747 3bd16b8a-2ef6-43d2-8bd1-a4c7f2ba6e1d
[3/30/2023 8:22:25 PM] [Error] Object with no asset in region 27, 27: 45747 3bd16b8a-2ef6-43d2-8bd1-a4c7f2ba6e1d
[3/30/2023 8:22:25 PM] [Error] Object with no asset in region 27, 27: 45747 3bd16b8a-2ef6-43d2-8bd1-a4c7f2ba6e1d
[3/30/2023 8:22:25 PM] [Error] Object with no asset in region 27, 27: 45747 3bd16b8a-2ef6-43d2-8bd1-a4c7f2ba6e1d
[3/30/2023 8:22:25 PM] [Error] Object with no asset in region 27, 27: 45747 3bd16b8a-2ef6-43d2-8bd1-a4c7f2ba6e1d
[3/30/2023 8:22:25 PM] [Error] Object with no asset in region 27, 27: 45747 3bd16b8a-2ef6-43d2-8bd1-a4c7f2ba6e1d
[3/30/2023 8:22:25 PM] [Error] Object with no asset in region 27, 27: 45747 3bd16b8a-2ef6-43d2-8bd1-a4c7f2ba6e1d
[3/30/2023 8:22:25 PM] [Error] Object with no asset in region 27, 27: 45747 3bd16b8a-2ef6-43d2-8bd1-a4c7f2ba6e1d
[3/30/2023 8:22:25 PM] [Error] Object with no asset in region 27, 27: 45747 3bd16b8a-2ef6-43d2-8bd1-a4c7f2ba6e1d
[3/30/2023 8:22:25 PM] [Error] Object with no asset in region 27, 27: 45747 3bd16b8a-2ef6-43d2-8bd1-a4c7f2ba6e1d
[3/30/2023 8:22:25 PM] [Error] Object with no asset in region 27, 27: 45747 3bd16b8a-2ef6-43d2-8bd1-a4c7f2ba6e1d
[3/30/2023 8:22:25 PM] [Error] Object with no asset in region 27, 27: 45747 3bd16b8a-2ef6-43d2-8bd1-a4c7f2ba6e1d
[3/30/2023 8:22:25 PM] [Error] Object with no asset in region 27, 27: 45747 3bd16b8a-2ef6-43d2-8bd1-a4c7f2ba6e1d
[3/30/2023 8:22:25 PM] [Error] Object with no asset in region 27, 27: 45747 3bd16b8a-2ef6-43d2-8bd1-a4c7f2ba6e1d
[3/30/2023 8:22:25 PM] [Error] Object with no asset in region 27, 27: 45747 3bd16b8a-2ef6-43d2-8bd1-a4c7f2ba6e1d
[3/30/2023 8:22:25 PM] [Error] Object with no asset in region 27, 27: 45747 3bd16b8a-2ef6-43d2-8bd1-a4c7f2ba6e1d
[3/30/2023 8:22:25 PM] [Error] Object with no asset in region 27, 27: 45747 3bd16b8a-2ef6-43d2-8bd1-a4c7f2ba6e1d
[3/30/2023 8:22:25 PM] [Error] Object with no asset in region 27, 27: 45747 3bd16b8a-2ef6-43d2-8bd1-a4c7f2ba6e1d
[3/30/2023 8:22:25 PM] [Error] Object with no asset in region 27, 27: 45747 3bd16b8a-2ef6-43d2-8bd1-a4c7f2ba6e1d
[3/30/2023 8:22:25 PM] [Error] Object with no asset in region 27, 27: 45747 3bd16b8a-2ef6-43d2-8bd1-a4c7f2ba6e1d
[3/30/2023 8:22:25 PM] [Error] Object with no asset in region 27, 27: 45747 3bd16b8a-2ef6-43d2-8bd1-a4c7f2ba6e1d
[3/30/2023 8:22:25 PM] [Error] Object with no asset in region 27, 27: 45747 3bd16b8a-2ef6-43d2-8bd1-a4c7f2ba6e1d
[3/30/2023 8:22:25 PM] [Error] Object with no asset in region 27, 27: 45747 3bd16b8a-2ef6-43d2-8bd1-a4c7f2ba6e1d
[3/30/2023 8:22:25 PM] [Error] Object with no asset in region 27, 27: 45747 3bd16b8a-2ef6-43d2-8bd1-a4c7f2ba6e1d
[3/30/2023 8:22:25 PM] [Error] Object with no asset in region 27, 27: 45747 3bd16b8a-2ef6-43d2-8bd1-a4c7f2ba6e1d
[3/30/2023 8:22:25 PM] [Error] Object with no asset in region 28, 32: 45747 3bd16b8a-2ef6-43d2-8bd1-a4c7f2ba6e1d
[3/30/2023 8:22:25 PM] [Error] Object with no asset in region 28, 32: 45747 3bd16b8a-2ef6-43d2-8bd1-a4c7f2ba6e1d
[3/30/2023 8:22:25 PM] [Error] Object with no asset in region 28, 32: 45747 3bd16b8a-2ef6-43d2-8bd1-a4c7f2ba6e1d
[3/30/2023 8:22:25 PM] [Error] Object with no asset in region 28, 32: 45747 3bd16b8a-2ef6-43d2-8bd1-a4c7f2ba6e1d
[3/30/2023 8:22:25 PM] [Error] Object with no asset in region 28, 32: 45747 3bd16b8a-2ef6-43d2-8bd1-a4c7f2ba6e1d
[3/30/2023 8:22:25 PM] [Error] Object with no asset in region 28, 32: 45747 3bd16b8a-2ef6-43d2-8bd1-a4c7f2ba6e1d
[3/30/2023 8:22:25 PM] [Error] Object with no asset in region 28, 32: 45747 3bd16b8a-2ef6-43d2-8bd1-a4c7f2ba6e1d
[3/30/2023 8:22:25 PM] [Error] Object with no asset in region 28, 32: 45747 3bd16b8a-2ef6-43d2-8bd1-a4c7f2ba6e1d
[3/30/2023 8:22:25 PM] [Error] Object with no asset in region 28, 32: 45762 679e5093-068e-4efe-af9c-0e888db8a89c
[3/30/2023 8:22:25 PM] [Error] Object with no asset in region 28, 33: 45747 3bd16b8a-2ef6-43d2-8bd1-a4c7f2ba6e1d
[3/30/2023 8:22:25 PM] [Error] Object with no asset in region 28, 33: 45747 3bd16b8a-2ef6-43d2-8bd1-a4c7f2ba6e1d
[3/30/2023 8:22:25 PM] [Error] Object with no asset in region 28, 33: 45747 3bd16b8a-2ef6-43d2-8bd1-a4c7f2ba6e1d
[3/30/2023 8:22:25 PM] [Error] Object with no asset in region 28, 33: 45747 3bd16b8a-2ef6-43d2-8bd1-a4c7f2ba6e1d
[3/30/2023 8:22:25 PM] [Error] Object with no asset in region 28, 33: 45747 3bd16b8a-2ef6-43d2-8bd1-a4c7f2ba6e1d
[3/30/2023 8:22:25 PM] [Error] Object with no asset in region 28, 33: 45747 3bd16b8a-2ef6-43d2-8bd1-a4c7f2ba6e1d
[3/30/2023 8:22:25 PM] [Error] Object with no asset in region 28, 33: 45747 3bd16b8a-2ef6-43d2-8bd1-a4c7f2ba6e1d
[3/30/2023 8:22:25 PM] [Error] Object with no asset in region 28, 33: 45747 3bd16b8a-2ef6-43d2-8bd1-a4c7f2ba6e1d
[3/30/2023 8:22:25 PM] [Error] Object with no asset in region 28, 33: 45747 3bd16b8a-2ef6-43d2-8bd1-a4c7f2ba6e1d
[3/30/2023 8:22:25 PM] [Error] Object with no asset in region 28, 33: 45747 3bd16b8a-2ef6-43d2-8bd1-a4c7f2ba6e1d
[3/30/2023 8:22:25 PM] [Error] Object with no asset in region 28, 33: 45774 9b0690a8-5a21-43e8-b89a-42fb265cf9b9
[3/30/2023 8:22:25 PM] [Error] Object with no asset in region 28, 33: 45747 3bd16b8a-2ef6-43d2-8bd1-a4c7f2ba6e1d
[3/30/2023 8:22:25 PM] [Error] Object with no asset in region 28, 33: 45747 3bd16b8a-2ef6-43d2-8bd1-a4c7f2ba6e1d
[3/30/2023 8:22:25 PM] [Error] Object with no asset in region 28, 33: 45747 3bd16b8a-2ef6-43d2-8bd1-a4c7f2ba6e1d
[3/30/2023 8:22:25 PM] [Error] Object with no asset in region 28, 33: 45747 3bd16b8a-2ef6-43d2-8bd1-a4c7f2ba6e1d
[3/30/2023 8:22:25 PM] [Error] Object with no asset in region 28, 33: 45747 3bd16b8a-2ef6-43d2-8bd1-a4c7f2ba6e1d
[3/30/2023 8:22:25 PM] [Error] Object with no asset in region 28, 33: 45747 3bd16b8a-2ef6-43d2-8bd1-a4c7f2ba6e1d
[3/30/2023 8:22:25 PM] [Error] Object with no asset in region 28, 33: 45747 3bd16b8a-2ef6-43d2-8bd1-a4c7f2ba6e1d
[3/30/2023 8:22:25 PM] [Error] Object with no asset in region 28, 33: 45747 3bd16b8a-2ef6-43d2-8bd1-a4c7f2ba6e1d
[3/30/2023 8:22:25 PM] [Error] Object with no asset in region 28, 33: 45747 3bd16b8a-2ef6-43d2-8bd1-a4c7f2ba6e1d
[3/30/2023 8:22:25 PM] [Error] Object with no asset in region 28, 33: 45747 3bd16b8a-2ef6-43d2-8bd1-a4c7f2ba6e1d
[3/30/2023 8:22:25 PM] [Error] Object with no asset in region 28, 33: 45747 3bd16b8a-2ef6-43d2-8bd1-a4c7f2ba6e1d
[3/30/2023 8:22:25 PM] [Error] Object with no asset in region 28, 33: 45747 3bd16b8a-2ef6-43d2-8bd1-a4c7f2ba6e1d
[3/30/2023 8:22:25 PM] [Error] Object with no asset in region 28, 33: 45747 3bd16b8a-2ef6-43d2-8bd1-a4c7f2ba6e1d
[3/30/2023 8:22:25 PM] [Error] Object with no asset in region 28, 33: 45747 3bd16b8a-2ef6-43d2-8bd1-a4c7f2ba6e1d
[3/30/2023 8:22:25 PM] [Error] Object with no asset in region 28, 33: 45747 3bd16b8a-2ef6-43d2-8bd1-a4c7f2ba6e1d
[3/30/2023 8:22:25 PM] [Error] Object with no asset in region 29, 31: 45747 3bd16b8a-2ef6-43d2-8bd1-a4c7f2ba6e1d
[3/30/2023 8:22:25 PM] [Error] Object with no asset in region 29, 31: 45747 3bd16b8a-2ef6-43d2-8bd1-a4c7f2ba6e1d
[3/30/2023 8:22:25 PM] [Error] Object with no asset in region 29, 31: 45747 3bd16b8a-2ef6-43d2-8bd1-a4c7f2ba6e1d
[3/30/2023 8:22:25 PM] [Error] Object with no asset in region 29, 31: 45747 3bd16b8a-2ef6-43d2-8bd1-a4c7f2ba6e1d
[3/30/2023 8:22:25 PM] [Error] Object with no asset in region 29, 31: 45747 3bd16b8a-2ef6-43d2-8bd1-a4c7f2ba6e1d
[3/30/2023 8:22:25 PM] [Error] Object with no asset in region 29, 31: 45747 3bd16b8a-2ef6-43d2-8bd1-a4c7f2ba6e1d
[3/30/2023 8:22:25 PM] [Error] Object with no asset in region 29, 31: 45747 3bd16b8a-2ef6-43d2-8bd1-a4c7f2ba6e1d
[3/30/2023 8:22:25 PM] [Error] Object with no asset in region 30, 32: 45743 71a12818-efda-49ea-aa8f-ca09987fc7fb
[3/30/2023 8:22:25 PM] [Error] Object with no asset in region 30, 32: 45743 71a12818-efda-49ea-aa8f-ca09987fc7fb
[3/30/2023 8:22:25 PM] [Error] Object with no asset in region 30, 32: 45743 71a12818-efda-49ea-aa8f-ca09987fc7fb
[3/30/2023 8:22:25 PM] [Error] Object with no asset in region 30, 32: 45743 71a12818-efda-49ea-aa8f-ca09987fc7fb
[3/30/2023 8:22:25 PM] [Error] Object with no asset in region 30, 32: 45743 71a12818-efda-49ea-aa8f-ca09987fc7fb
[3/30/2023 8:22:25 PM] [Error] Object with no asset in region 30, 32: 45743 71a12818-efda-49ea-aa8f-ca09987fc7fb
[3/30/2023 8:22:25 PM] [Error] Object with no asset in region 30, 32: 45743 71a12818-efda-49ea-aa8f-ca09987fc7fb
[3/30/2023 8:22:25 PM] [Error] Object with no asset in region 32, 28: 45747 3bd16b8a-2ef6-43d2-8bd1-a4c7f2ba6e1d
[3/30/2023 8:22:25 PM] [Error] Object with no asset in region 32, 30: 45747 3bd16b8a-2ef6-43d2-8bd1-a4c7f2ba6e1d
[3/30/2023 8:22:25 PM] [Error] Object with no asset in region 32, 31: 45747 3bd16b8a-2ef6-43d2-8bd1-a4c7f2ba6e1d
[3/30/2023 8:22:25 PM] [Error] Object with no asset in region 32, 43: 6103 c9284eb7-67d3-453d-88f3-7cfdf30aaaab
[3/30/2023 8:22:25 PM] [Error] Object with no asset in region 33, 39: 45678 ca55b823-013d-4b1f-97a9-bcaadc621892
[3/30/2023 8:22:25 PM] [Error] Object with no asset in region 34, 29: 45747 3bd16b8a-2ef6-43d2-8bd1-a4c7f2ba6e1d
[3/30/2023 8:22:25 PM] [Error] Object with no asset in region 34, 31: 45747 3bd16b8a-2ef6-43d2-8bd1-a4c7f2ba6e1d
[3/30/2023 8:22:25 PM] [Error] Object with no asset in region 34, 42: 45678 ca55b823-013d-4b1f-97a9-bcaadc621892
[3/30/2023 8:22:25 PM] [Error] Object with no asset in region 34, 42: 45678 ca55b823-013d-4b1f-97a9-bcaadc621892
[3/30/2023 8:22:25 PM] [Error] Object with no asset in region 34, 42: 45678 ca55b823-013d-4b1f-97a9-bcaadc621892
[3/30/2023 8:22:25 PM] [Error] Object with no asset in region 34, 42: 6103 c9284eb7-67d3-453d-88f3-7cfdf30aaaab
[3/30/2023 8:22:25 PM] [Error] Object with no asset in region 35, 33: 45747 3bd16b8a-2ef6-43d2-8bd1-a4c7f2ba6e1d
[3/30/2023 8:22:25 PM] [Error] Object with no asset in region 36, 31: 45747 3bd16b8a-2ef6-43d2-8bd1-a4c7f2ba6e1d
[3/30/2023 8:22:25 PM] [Error] Object with no asset in region 36, 33: 45747 3bd16b8a-2ef6-43d2-8bd1-a4c7f2ba6e1d
[3/30/2023 8:22:25 PM] [Error] Object with no asset in region 36, 44: 6103 c9284eb7-67d3-453d-88f3-7cfdf30aaaab
[3/30/2023 8:22:25 PM] [Error] Object with no asset in region 38, 29: 6103 c9284eb7-67d3-453d-88f3-7cfdf30aaaab
[3/30/2023 8:22:25 PM] [Error] Object with no asset in region 38, 30: 6103 c9284eb7-67d3-453d-88f3-7cfdf30aaaab
[3/30/2023 8:22:25 PM] [Error] Object with no asset in region 38, 32: 6103 c9284eb7-67d3-453d-88f3-7cfdf30aaaab
[3/30/2023 8:22:25 PM] [Error] Object with no asset in region 40, 29: 45711 d8585964-2730-4e07-8d9e-84e9c40c69ac
[3/30/2023 8:22:25 PM] [Error] Object with no asset in region 40, 36: 45747 3bd16b8a-2ef6-43d2-8bd1-a4c7f2ba6e1d
[3/30/2023 8:22:25 PM] [Error] Object with no asset in region 40, 36: 45747 3bd16b8a-2ef6-43d2-8bd1-a4c7f2ba6e1d
[3/30/2023 8:22:25 PM] [Error] Object with no asset in region 40, 36: 45747 3bd16b8a-2ef6-43d2-8bd1-a4c7f2ba6e1d
[3/30/2023 8:22:25 PM] [Error] Object with no asset in region 40, 36: 45747 3bd16b8a-2ef6-43d2-8bd1-a4c7f2ba6e1d
[3/30/2023 8:22:25 PM] [Error] Object with no asset in region 40, 36: 45700 56ac7216-a828-4b6e-9fa8-25e8c024bd1c
[3/30/2023 8:22:25 PM] [Error] Object with no asset in region 41, 32: 45747 3bd16b8a-2ef6-43d2-8bd1-a4c7f2ba6e1d
[3/30/2023 8:22:25 PM] [Error] Object with no asset in region 41, 32: 45747 3bd16b8a-2ef6-43d2-8bd1-a4c7f2ba6e1d
[3/30/2023 8:22:25 PM] [Error] Object with no asset in region 41, 32: 45747 3bd16b8a-2ef6-43d2-8bd1-a4c7f2ba6e1d
[3/30/2023 8:22:25 PM] [Error] Object with no asset in region 41, 32: 45747 3bd16b8a-2ef6-43d2-8bd1-a4c7f2ba6e1d
[3/30/2023 8:22:25 PM] [Error] Object with no asset in region 41, 32: 45747 3bd16b8a-2ef6-43d2-8bd1-a4c7f2ba6e1d
[3/30/2023 8:22:25 PM] [Error] Object with no asset in region 41, 32: 45747 3bd16b8a-2ef6-43d2-8bd1-a4c7f2ba6e1d
[3/30/2023 8:22:25 PM] [Error] Object with no asset in region 41, 32: 45747 3bd16b8a-2ef6-43d2-8bd1-a4c7f2ba6e1d
[3/30/2023 8:22:25 PM] [Error] Object with no asset in region 41, 32: 45747 3bd16b8a-2ef6-43d2-8bd1-a4c7f2ba6e1d
[3/30/2023 8:22:25 PM] [Error] Object with no asset in region 41, 32: 45747 3bd16b8a-2ef6-43d2-8bd1-a4c7f2ba6e1d
[3/30/2023 8:22:25 PM] [Error] Object with no asset in region 41, 32: 45747 3bd16b8a-2ef6-43d2-8bd1-a4c7f2ba6e1d
[3/30/2023 8:22:25 PM] [Error] Object with no asset in region 41, 32: 45747 3bd16b8a-2ef6-43d2-8bd1-a4c7f2ba6e1d
[3/30/2023 8:22:25 PM] [Error] Object with no asset in region 41, 32: 45747 3bd16b8a-2ef6-43d2-8bd1-a4c7f2ba6e1d
[3/30/2023 8:22:25 PM] [Error] Object with no asset in region 41, 32: 45747 3bd16b8a-2ef6-43d2-8bd1-a4c7f2ba6e1d
[3/30/2023 8:22:25 PM] [Error] Object with no asset in region 41, 32: 45747 3bd16b8a-2ef6-43d2-8bd1-a4c7f2ba6e1d
[3/30/2023 8:22:25 PM] [Error] Object with no asset in region 41, 32: 45747 3bd16b8a-2ef6-43d2-8bd1-a4c7f2ba6e1d
[3/30/2023 8:22:25 PM] [Error] Object with no asset in region 41, 32: 45747 3bd16b8a-2ef6-43d2-8bd1-a4c7f2ba6e1d
[3/30/2023 8:22:25 PM] [Error] Object with no asset in region 41, 32: 45747 3bd16b8a-2ef6-43d2-8bd1-a4c7f2ba6e1d
[3/30/2023 8:22:25 PM] [Error] Object with no asset in region 41, 32: 45747 3bd16b8a-2ef6-43d2-8bd1-a4c7f2ba6e1d
[3/30/2023 8:22:25 PM] [Error] Object with no asset in region 41, 32: 45747 3bd16b8a-2ef6-43d2-8bd1-a4c7f2ba6e1d
[3/30/2023 8:22:25 PM] [Error] Object with no asset in region 41, 32: 45747 3bd16b8a-2ef6-43d2-8bd1-a4c7f2ba6e1d
[3/30/2023 8:22:25 PM] [Error] Object with no asset in region 41, 32: 45747 3bd16b8a-2ef6-43d2-8bd1-a4c7f2ba6e1d
[3/30/2023 8:22:25 PM] [Error] Object with no asset in region 41, 32: 45747 3bd16b8a-2ef6-43d2-8bd1-a4c7f2ba6e1d
[3/30/2023 8:22:25 PM] [Error] Object with no asset in region 41, 32: 45747 3bd16b8a-2ef6-43d2-8bd1-a4c7f2ba6e1d
[3/30/2023 8:22:25 PM] [Error] Object with no asset in region 41, 32: 45747 3bd16b8a-2ef6-43d2-8bd1-a4c7f2ba6e1d
[3/30/2023 8:22:25 PM] [Error] Object with no asset in region 41, 32: 45747 3bd16b8a-2ef6-43d2-8bd1-a4c7f2ba6e1d
[3/30/2023 8:22:25 PM] [Error] Object with no asset in region 41, 32: 45747 3bd16b8a-2ef6-43d2-8bd1-a4c7f2ba6e1d
[3/30/2023 8:22:25 PM] [Error] Object with no asset in region 41, 32: 45747 3bd16b8a-2ef6-43d2-8bd1-a4c7f2ba6e1d
[3/30/2023 8:22:25 PM] [Error] Object with no asset in region 41, 32: 45747 3bd16b8a-2ef6-43d2-8bd1-a4c7f2ba6e1d
[3/30/2023 8:22:25 PM] [Error] Object with no asset in region 41, 32: 45747 3bd16b8a-2ef6-43d2-8bd1-a4c7f2ba6e1d
[3/30/2023 8:22:25 PM] [Error] Object with no asset in region 41, 45: 6103 c9284eb7-67d3-453d-88f3-7cfdf30aaaab
[3/30/2023 8:22:25 PM] [Error] Object with no asset in region 41, 45: 6109 b6eb4804-07cb-44c0-93d8-02c823de634b
[3/30/2023 8:22:25 PM] [Error] Object with no asset in region 41, 45: 45704 aef75dfe-33ba-47d6-8b9f-b32b920f6768
[3/30/2023 8:22:25 PM] [Error] Object with no asset in region 41, 45: 45703 1ea78d9e-7c16-4eb3-b3b9-afa138424c2a
[3/30/2023 8:22:25 PM] [Error] Object with no asset in region 42, 32: 45747 3bd16b8a-2ef6-43d2-8bd1-a4c7f2ba6e1d
[3/30/2023 8:22:25 PM] [Error] Object with no asset in region 42, 32: 45747 3bd16b8a-2ef6-43d2-8bd1-a4c7f2ba6e1d
[3/30/2023 8:22:25 PM] [Error] Object with no asset in region 42, 32: 45747 3bd16b8a-2ef6-43d2-8bd1-a4c7f2ba6e1d
[3/30/2023 8:22:25 PM] [Error] Object with no asset in region 42, 32: 45747 3bd16b8a-2ef6-43d2-8bd1-a4c7f2ba6e1d
[3/30/2023 8:22:25 PM] [Error] Object with no asset in region 42, 32: 45747 3bd16b8a-2ef6-43d2-8bd1-a4c7f2ba6e1d
[3/30/2023 8:22:25 PM] [Error] Object with no asset in region 42, 32: 45747 3bd16b8a-2ef6-43d2-8bd1-a4c7f2ba6e1d
[3/30/2023 8:22:25 PM] [Error] Object with no asset in region 43, 41: 6103 c9284eb7-67d3-453d-88f3-7cfdf30aaaab
[3/30/2023 8:22:25 PM] [Error] Object with no asset in region 44, 35: 45696 9da5acc7-a3eb-441f-8497-8966bf16eca2
[3/30/2023 8:22:25 PM] [Error] Object with no asset in region 44, 35: 45703 1ea78d9e-7c16-4eb3-b3b9-afa138424c2a
[3/30/2023 8:22:25 PM] [Error] Object with no asset in region 44, 35: 45703 1ea78d9e-7c16-4eb3-b3b9-afa138424c2a
[3/30/2023 8:22:25 PM] [Error] Object with no asset in region 44, 35: 45703 1ea78d9e-7c16-4eb3-b3b9-afa138424c2a
[3/30/2023 8:22:25 PM] [Error] Object with no asset in region 44, 35: 45703 1ea78d9e-7c16-4eb3-b3b9-afa138424c2a
[3/30/2023 8:22:25 PM] [Error] Object with no asset in region 44, 35: 45703 1ea78d9e-7c16-4eb3-b3b9-afa138424c2a
[3/30/2023 8:22:25 PM] [Error] Object with no asset in region 44, 35: 45703 1ea78d9e-7c16-4eb3-b3b9-afa138424c2a
[3/30/2023 8:22:25 PM] [Error] Object with no asset in region 44, 35: 45703 1ea78d9e-7c16-4eb3-b3b9-afa138424c2a
[3/30/2023 8:22:25 PM] [Error] Object with no asset in region 44, 35: 45703 1ea78d9e-7c16-4eb3-b3b9-afa138424c2a
[3/30/2023 8:22:25 PM] [Error] Object with no asset in region 44, 35: 45703 1ea78d9e-7c16-4eb3-b3b9-afa138424c2a
[3/30/2023 8:22:25 PM] [Error] Object with no asset in region 44, 35: 45703 1ea78d9e-7c16-4eb3-b3b9-afa138424c2a
[3/30/2023 8:22:25 PM] [Error] Object with no asset in region 44, 35: 45703 1ea78d9e-7c16-4eb3-b3b9-afa138424c2a
[3/30/2023 8:22:25 PM] [Error] Object with no asset in region 44, 35: 45703 1ea78d9e-7c16-4eb3-b3b9-afa138424c2a
[3/30/2023 8:22:25 PM] [Error] Object with no asset in region 44, 35: 45703 1ea78d9e-7c16-4eb3-b3b9-afa138424c2a
[3/30/2023 8:22:25 PM] [Error] Object with no asset in region 44, 35: 45703 1ea78d9e-7c16-4eb3-b3b9-afa138424c2a
[3/30/2023 8:22:25 PM] [Error] Object with no asset in region 44, 35: 45703 1ea78d9e-7c16-4eb3-b3b9-afa138424c2a
[3/30/2023 8:22:25 PM] [Error] Object with no asset in region 44, 35: 45703 1ea78d9e-7c16-4eb3-b3b9-afa138424c2a
[3/30/2023 8:22:25 PM] [Error] Object with no asset in region 44, 35: 45703 1ea78d9e-7c16-4eb3-b3b9-afa138424c2a
[3/30/2023 8:22:25 PM] [Error] Object with no asset in region 44, 35: 45703 1ea78d9e-7c16-4eb3-b3b9-afa138424c2a
[3/30/2023 8:22:25 PM] [Error] Object with no asset in region 44, 35: 45703 1ea78d9e-7c16-4eb3-b3b9-afa138424c2a
[3/30/2023 8:22:25 PM] [Error] Object with no asset in region 44, 35: 45703 1ea78d9e-7c16-4eb3-b3b9-afa138424c2a
[3/30/2023 8:22:25 PM] [Error] Object with no asset in region 44, 35: 45703 1ea78d9e-7c16-4eb3-b3b9-afa138424c2a
[3/30/2023 8:22:25 PM] [Error] Object with no asset in region 44, 35: 45707 0e50d50f-c3c2-4161-baef-e3496e87da4e
[3/30/2023 8:22:25 PM] [Error] Object with no asset in region 44, 35: 45707 0e50d50f-c3c2-4161-baef-e3496e87da4e
[3/30/2023 8:22:25 PM] [Error] Object with no asset in region 44, 35: 6103 c9284eb7-67d3-453d-88f3-7cfdf30aaaab
[3/30/2023 8:22:25 PM] [Error] Object with no asset in region 44, 35: 6103 c9284eb7-67d3-453d-88f3-7cfdf30aaaab
[3/30/2023 8:22:25 PM] [Error] Object with no asset in region 44, 35: 6103 c9284eb7-67d3-453d-88f3-7cfdf30aaaab
[3/30/2023 8:22:25 PM] [Error] Object with no asset in region 44, 35: 45747 3bd16b8a-2ef6-43d2-8bd1-a4c7f2ba6e1d
[3/30/2023 8:22:25 PM] [Error] Object with no asset in region 44, 35: 45747 3bd16b8a-2ef6-43d2-8bd1-a4c7f2ba6e1d
[3/30/2023 8:22:25 PM] [Error] Object with no asset in region 44, 35: 45747 3bd16b8a-2ef6-43d2-8bd1-a4c7f2ba6e1d
[3/30/2023 8:22:25 PM] [Error] Object with no asset in region 44, 35: 45747 3bd16b8a-2ef6-43d2-8bd1-a4c7f2ba6e1d
[3/30/2023 8:22:25 PM] [Error] Object with no asset in region 44, 35: 45747 3bd16b8a-2ef6-43d2-8bd1-a4c7f2ba6e1d
[3/30/2023 8:22:25 PM] [Error] Object with no asset in region 44, 35: 45747 3bd16b8a-2ef6-43d2-8bd1-a4c7f2ba6e1d
[3/30/2023 8:22:25 PM] [Error] Object with no asset in region 44, 35: 45747 3bd16b8a-2ef6-43d2-8bd1-a4c7f2ba6e1d
[3/30/2023 8:22:25 PM] [Error] Object with no asset in region 44, 35: 45747 3bd16b8a-2ef6-43d2-8bd1-a4c7f2ba6e1d
[3/30/2023 8:22:25 PM] [Info] Loading level: 16%
[3/30/2023 8:22:25 PM] [Info] Loading level: 25%
[3/30/2023 8:22:25 PM] [Error] Tree with no asset in region 22, 27: 2011
[3/30/2023 8:22:25 PM] [Error] Tree with no asset in region 22, 27: 2011
[3/30/2023 8:22:25 PM] [Error] Tree with no asset in region 22, 27: 2011
[3/30/2023 8:22:26 PM] [Error] Tree with no asset in region 25, 24: 2011
[3/30/2023 8:22:26 PM] [Error] Tree with no asset in region 25, 24: 2011
[3/30/2023 8:22:26 PM] [Error] Tree with no asset in region 25, 27: 2011
[3/30/2023 8:22:26 PM] [Error] Tree with no asset in region 28, 32: 2011
[3/30/2023 8:22:26 PM] [Error] Tree with no asset in region 28, 33: 2011
[3/30/2023 8:22:26 PM] [Error] Tree with no asset in region 28, 33: 2011
[3/30/2023 8:22:26 PM] [Error] Tree with no asset in region 28, 33: 2011
[3/30/2023 8:22:26 PM] [Error] Tree with no asset in region 28, 33: 2011
[3/30/2023 8:22:26 PM] [Error] Tree with no asset in region 39, 34: 2011
[3/30/2023 8:22:26 PM] [Error] Tree with no asset in region 40, 31: 2011
[3/30/2023 8:22:26 PM] [Error] Tree with no asset in region 40, 31: 2011
[3/30/2023 8:22:26 PM] [Error] Tree with no asset in region 40, 31: 2011
[3/30/2023 8:22:26 PM] [Error] Tree with no asset in region 40, 31: 2011
[3/30/2023 8:22:26 PM] [Error] Tree with no asset in region 40, 32: 2011
[3/30/2023 8:22:26 PM] [Error] Tree with no asset in region 41, 32: 2011
[3/30/2023 8:22:26 PM] [Error] Tree with no asset in region 41, 32: 2011
[3/30/2023 8:22:26 PM] [Error] Tree with no asset in region 43, 33: 2011
[3/30/2023 8:22:26 PM] [Info] Loading level: 33%
[3/30/2023 8:22:26 PM] [Info] Loading level: 41%
[3/30/2023 8:22:26 PM] [Info] Loading level: 50%
[3/30/2023 8:22:26 PM] [Info] Loading level: 58%
[3/30/2023 8:22:26 PM] [Info] Loading level: 66%
[3/30/2023 8:22:26 PM] [Info] Loading level: 75%
[3/30/2023 8:22:26 PM] [Info] Loading level: 83%
[3/30/2023 8:22:26 PM] [Info] Loading level: 91%
[3/30/2023 8:22:26 PM] [Info] Loading level: 100%
[3/30/2023 8:27:03 PM] [Info] BattlEye Server: Player #0 Shake (73.253.101.49:49922) connected
[3/30/2023 8:27:03 PM] [Info] BattlEye Server: Player #0 Shake - BE GUID: f4abbf8aa333c3b24b5656c70080f342
[3/30/2023 8:27:03 PM] [Info] Connecting: PlayerID: 76561199035738472 Name: Shake Character: Shake
[3/30/2023 8:27:03 PM] [Info] BattlEye Server: Connected to BE Master
[3/30/2023 8:31:48 PM] [Info] Lost connection to Steam servers because k_EResultNoConnection
[3/30/2023 8:31:52 PM] [Info] BattlEye Server: Failed to receive from BE Master (10054)
[3/30/2023 8:31:52 PM] [Info] BattlEye Server: Disconnected from BE Master
[3/30/2023 8:32:42 PM] [Info] BattlEye Server: Master query timed out, no response from BE Master
[3/30/2023 8:33:47 PM] [Info] BattlEye Server: Connected to BE Master
[3/30/2023 8:37:16 PM] [Info] Disconnecting: PlayerID: 76561199035738472 Name: Shake Character: Shake
[3/30/2023 9:07:31 PM] [Info] BattlEye Server: Player #0 Shake disconnected
[3/30/2023 9:07:31 PM] [Info] BattlEye Server: Player #0 Shake (73.253.101.49:60796) connected
[3/30/2023 9:07:31 PM] [Info] BattlEye Server: Player #0 Shake - BE GUID: f4abbf8aa333c3b24b5656c70080f342
[3/30/2023 9:12:20 PM] [Info] Connecting: PlayerID: 76561199035738472 Name: Shake Character: Shake
[3/30/2023 9:12:20 PM] [Info] BattlEye Server: Failed to receive from BE Master (10054)
[3/30/2023 9:12:20 PM] [Info] BattlEye Server: Disconnected from BE Master
[3/30/2023 9:13:10 PM] [Info] BattlEye Server: Master query timed out, no response from BE Master
[3/30/2023 9:14:16 PM] [Info] BattlEye Server: Connected to BE Master
[3/30/2023 9:34:06 PM] [Info] Disconnecting: PlayerID: 76561199035738472 Name: Shake Character: Shake
[3/30/2023 9:34:06 PM] [Info] BattlEye Server: Player #0 Shake disconnected
[3/30/2023 10:42:28 PM] [Info] BattlEye Server: Failed to receive from BE Master (10054)
[3/30/2023 10:42:28 PM] [Info] BattlEye Server: Disconnected from BE Master
[3/30/2023 10:42:28 PM] [Info] Lost connection to Steam servers because k_EResultNoConnection
[3/30/2023 10:42:28 PM] [Info] Failed to connect to Steam servers because k_EResultNoConnection, still retrying
[3/30/2023 10:42:32 PM] [Info] Failed to connect to Steam servers because k_EResultNoConnection, still retrying
[3/30/2023 10:42:38 PM] [Info] Failed to connect to Steam servers because k_EResultNoConnection, still retrying
[3/30/2023 10:42:44 PM] [Info] Failed to connect to Steam servers because k_EResultNoConnection, still retrying
[3/30/2023 10:42:58 PM] [Info] Failed to connect to Steam servers because k_EResultNoConnection, still retrying
[3/30/2023 10:43:15 PM] [Info] Failed to connect to Steam servers because k_EResultNoConnection, still retrying
[3/30/2023 10:43:38 PM] [Info] Failed to connect to Steam servers because k_EResultNoConnection, still retrying
[3/30/2023 10:44:06 PM] [Info] Failed to connect to Steam servers because k_EResultNoConnection, still retrying
[3/30/2023 10:45:01 PM] [Info] Failed to connect to Steam servers because k_EResultNoConnection, still retrying
[3/30/2023 10:45:54 PM] [Info] Failed to connect to Steam servers because k_EResultNoConnection, still retrying
[3/30/2023 10:47:56 PM] [Info] Failed to connect to Steam servers because k_EResultNoConnection, still retrying
[3/30/2023 10:49:36 PM] [Info] Failed to connect to Steam servers because k_EResultNoConnection, still retrying
[3/30/2023 10:51:37 PM] [Info] Failed to connect to Steam servers because k_EResultNoConnection, still retrying
[3/30/2023 10:58:05 PM] [Info] Failed to connect to Steam servers because k_EResultNoConnection, still retrying
[3/30/2023 11:02:15 PM] [Info] Failed to connect to Steam servers because k_EResultNoConnection, still retrying
[3/30/2023 11:15:02 PM] [Info] Lost connection to Steam servers because k_EResultOK
[3/31/2023 10:14:10 AM] [Info] Failed to connect to Steam servers because k_EResultNoConnection, still retrying
[3/31/2023 10:14:28 AM] [Info] Failed to connect to Steam servers because k_EResultNoConnection, still retrying
[3/31/2023 10:16:22 AM] [Info] 
[unloading] InfiniteEnergy
