[5/11/2023 9:21:55 AM] [Info] [registered] /more (Rocket.Unturned.Commands.CommandMore/more)
[5/11/2023 9:21:55 AM] [Info] [registered] /admin (Rocket.Unturned.Commands.CommandAdmin/admin)
[5/11/2023 9:21:55 AM] [Info] [registered] /broadcast (Rocket.Unturned.Commands.CommandBroadcast/broadcast)
[5/11/2023 9:21:55 AM] [Info] [registered] /compass (Rocket.Unturned.Commands.CommandCompass/compass)
[5/11/2023 9:21:55 AM] [Info] [registered] /effect (Rocket.Unturned.Commands.CommandEffect/effect)
[5/11/2023 9:22:02 AM] [Info] [registered] /exit (Rocket.Unturned.Commands.CommandExit/exit)
[5/11/2023 9:22:02 AM] [Info] [registered] /god (Rocket.Unturned.Commands.CommandGod/god)
[5/11/2023 9:22:02 AM] [Info] [registered] /heal (Rocket.Unturned.Commands.CommandHeal/heal)
[5/11/2023 9:22:02 AM] [Info] [registered] /help (Rocket.Unturned.Commands.CommandHelp/help)
[5/11/2023 9:22:02 AM] [Info] [registered] /i (Rocket.Unturned.Commands.CommandI/i)
[5/11/2023 9:22:02 AM] [Info] [registered] /item (Rocket.Unturned.Commands.CommandI/item)
[5/11/2023 9:22:02 AM] [Info] [registered] /investigate (Rocket.Unturned.Commands.CommandInvestigate/investigate)
[5/11/2023 9:22:02 AM] [Info] [registered] /p (Rocket.Unturned.Commands.CommandP/p)
[5/11/2023 9:22:02 AM] [Info] [registered] /permissions (Rocket.Unturned.Commands.CommandP/permissions)
[5/11/2023 9:22:02 AM] [Info] [registered] /rocket (Rocket.Unturned.Commands.CommandRocket/rocket)
[5/11/2023 9:22:02 AM] [Info] [registered] /tp (Rocket.Unturned.Commands.CommandTp/tp)
[5/11/2023 9:22:02 AM] [Info] [registered] /tphere (Rocket.Unturned.Commands.CommandTphere/tphere)
[5/11/2023 9:22:02 AM] [Info] [registered] /unadmin (Rocket.Unturned.Commands.CommandUnadmin/unadmin)
[5/11/2023 9:22:02 AM] [Info] [registered] /v (Rocket.Unturned.Commands.CommandV/v)
[5/11/2023 9:22:02 AM] [Info] [registered] /vanish (Rocket.Unturned.Commands.CommandVanish/vanish)
[5/11/2023 9:22:02 AM] [Error] Invalid or outdated plugin assembly: 0Harmony
[5/11/2023 9:22:10 AM] [Info] Loading EasyAmmo from D:\Steam\steamapps\common\U3DS\Servers\LFO\Rocket\Plugins\EasyAmmo.dll
[5/11/2023 9:22:10 AM] [Info] Loading InfiniteEnergy from D:\Steam\steamapps\common\U3DS\Servers\LFO\Rocket\Plugins\InfiniteEnergy.dll
[5/11/2023 9:22:10 AM] [Info] Loading MoreHomes from D:\Steam\steamapps\common\U3DS\Servers\LFO\Rocket\Plugins\MoreHomes.dll
[5/11/2023 9:22:10 AM] [Info] Loading ReponseMod_HiddenName from D:\Steam\steamapps\common\U3DS\Servers\LFO\Rocket\Plugins\ReponseMod_HiddenName.dll
[5/11/2023 9:22:10 AM] [Info] Loading ShimmysAdminTools from D:\Steam\steamapps\common\U3DS\Servers\LFO\Rocket\Plugins\ShimmysAdminTools.dll
[5/11/2023 9:22:10 AM] [Info] 
[loading] EasyAmmo
[5/11/2023 9:22:10 AM] [Info] [registered] /ammo (EasyAmmoRocketMod.CommandAmmo/ammo)
[5/11/2023 9:22:10 AM] [Info] [registered] /clearmag (EasyAmmoRocketMod.CommandClearMag/clearmag)
[5/11/2023 9:22:10 AM] [Info] [registered] /clearm (EasyAmmoRocketMod.CommandClearMag/clearm)
[5/11/2023 9:22:10 AM] [Info] [registered] /cm (EasyAmmoRocketMod.CommandClearMag/cm)
[5/11/2023 9:22:10 AM] [Info] [registered] /clonei (EasyAmmoRocketMod.CommandCloneItem/clonei)
[5/11/2023 9:22:10 AM] [Info] [registered] /dropammo (EasyAmmoRocketMod.CommandDropAmmo/dropammo)
[5/11/2023 9:22:10 AM] [Info] [registered] /dammo (EasyAmmoRocketMod.CommandDropAmmo/dammo)
[5/11/2023 9:22:10 AM] [Info] [registered] /da (EasyAmmoRocketMod.CommandDropAmmo/da)
[5/11/2023 9:22:10 AM] [Info] [registered] /dropa (EasyAmmoRocketMod.CommandDropAmmo/dropa)
[5/11/2023 9:22:10 AM] [Warning] --------------EasyAmmo--------------
[5/11/2023 9:22:10 AM] [Info] EasyAmmo >> EasyAmmo loaded!
[5/11/2023 9:22:10 AM] [Info] EasyAmmo >> ClipLimitEnabled : True
[5/11/2023 9:22:10 AM] [Info] EasyAmmo >> ClipLimit : 10
[5/11/2023 9:22:10 AM] [Info] EasyAmmo >> UconomySupportEnabled : False
[5/11/2023 9:22:10 AM] [Info] EasyAmmo >> BulletCostMultiplier : 1
[5/11/2023 9:22:10 AM] [Info] EasyAmmo >> ScaleCostByWeaponDamage : True
[5/11/2023 9:22:10 AM] [Info] EasyAmmo >> WeaponDamageCostMultiplier : 2
[5/11/2023 9:22:10 AM] [Warning] ------------------------------------
[5/11/2023 9:22:10 AM] [Info] 
[loading] InfiniteEnergy
[5/11/2023 9:22:10 AM] [Info] 
[loading] MoreHomes
[5/11/2023 9:22:10 AM] [Info] [registered] /home (RestoreMonarchy.MoreHomes.Commands.HomeCommand/home)
[5/11/2023 9:22:10 AM] [Info] [registered] /homes (RestoreMonarchy.MoreHomes.Commands.HomesCommand/homes)
[5/11/2023 9:22:10 AM] [Info] [registered] /destroyhome (RestoreMonarchy.MoreHomes.Commands.DestroyHomeCommand/destroyhome)
[5/11/2023 9:22:10 AM] [Info] [registered] /renamehome (RestoreMonarchy.MoreHomes.Commands.RenameHomeCommand/renamehome)
[5/11/2023 9:22:10 AM] [Info] [registered] /restorehomes (RestoreMonarchy.MoreHomes.Commands.RestoreHomesCommand/restorehomes)
[5/11/2023 9:22:10 AM] [Error] Failed to load MoreHomes, unloading now... :HarmonyLib.HarmonyException: Patching exception in method System.Void SDG.Unturned.BarricadeManager::askClaimBed(Steamworks.CSteamID steamID, System.Byte x, System.Byte y, System.UInt16 plant, System.UInt16 index) ---> System.Reflection.TargetInvocationException: Exception has been thrown by the target of an invocation. ---> System.ArgumentException: Label #2 is not marked in method `DMD<DMD<askClaimBed_Patch1>?133193344::askClaimBed_Patch1>'
  at System.Reflection.Emit.ILGenerator.label_fixup (System.Reflection.MethodBase mb) [0x00053] in <695d1cc93cca45069c528c15c9fdd749>:0 
  at System.Reflection.Emit.DynamicMethod.CreateDynMethod () [0x0004a] in <695d1cc93cca45069c528c15c9fdd749>:0 
  at (wrapper managed-to-native) System.Reflection.MonoMethod.InternalInvoke(System.Reflection.MonoMethod,object,object[],System.Exception&)
  at System.Reflection.MonoMethod.Invoke (System.Object obj, System.Reflection.BindingFlags invokeAttr, System.Reflection.Binder binder, System.Object[] parameters, System.Globalization.CultureInfo culture) [0x00032] in <695d1cc93cca45069c528c15c9fdd749>:0 
   --- End of inner exception stack trace ---
  at System.Reflection.MonoMethod.Invoke (System.Object obj, System.Reflection.BindingFlags invokeAttr, System.Reflection.Binder binder, System.Object[] parameters, System.Globalization.CultureInfo culture) [0x00048] in <695d1cc93cca45069c528c15c9fdd749>:0 
  at System.Reflection.MethodBase.Invoke (System.Object obj, System.Object[] parameters) [0x00000] in <695d1cc93cca45069c528c15c9fdd749>:0 
  at MonoMod.RuntimeDetour.Platforms.DetourRuntimeMonoPlatform.GetMethodHandle (System.Reflection.MethodBase method) [0x00011] in <e1f1ac2cbe0f4a33bf2c833b6962b66e>:0 
  at MonoMod.RuntimeDetour.Platforms.DetourRuntimeILPlatform.Pin (System.Reflection.MethodBase method) [0x00041] in <e1f1ac2cbe0f4a33bf2c833b6962b66e>:0 
  at MonoMod.RuntimeDetour.DetourHelper.Pin[T] (T method) [0x00005] in <e1f1ac2cbe0f4a33bf2c833b6962b66e>:0 
  at HarmonyLib.MethodPatcher.CreateReplacement (System.Collections.Generic.Dictionary`2[System.Int32,HarmonyLib.CodeInstruction]& finalInstructions) [0x00593] in <e1f1ac2cbe0f4a33bf2c833b6962b66e>:0 
  at HarmonyLib.PatchFunctions.UpdateWrapper (System.Reflection.MethodBase original, HarmonyLib.PatchInfo patchInfo) [0x00057] in <e1f1ac2cbe0f4a33bf2c833b6962b66e>:0 
  at HarmonyLib.PatchClassProcessor.ProcessPatchJob (HarmonyLib.PatchJobs`1+Job[T] job) [0x0015d] in <e1f1ac2cbe0f4a33bf2c833b6962b66e>:0 
   --- End of inner exception stack trace ---
  at HarmonyLib.PatchClassProcessor.ReportException (System.Exception exception, System.Reflection.MethodBase original) [0x0010f] in <e1f1ac2cbe0f4a33bf2c833b6962b66e>:0 
  at HarmonyLib.PatchClassProcessor.Patch () [0x00084] in <e1f1ac2cbe0f4a33bf2c833b6962b66e>:0 
  at HarmonyLib.Harmony.<PatchAll>b__10_0 (System.Type type) [0x00007] in <e1f1ac2cbe0f4a33bf2c833b6962b66e>:0 
  at HarmonyLib.CollectionExtensions.Do[T] (System.Collections.Generic.IEnumerable`1[T] sequence, System.Action`1[T] action) [0x00014] in <e1f1ac2cbe0f4a33bf2c833b6962b66e>:0 
  at HarmonyLib.Harmony.PatchAll (System.Reflection.Assembly assembly) [0x00006] in <e1f1ac2cbe0f4a33bf2c833b6962b66e>:0 
  at RestoreMonarchy.MoreHomes.MoreHomesPlugin.Load () [0x00051] in <e5c2e549de2949b58e9408a3fb4c7b37>:0 
  at Rocket.Core.Plugins.RocketPlugin.LoadPlugin () [0x00033] in <59a13feb721848c8b0cd173f6d0e820b>:0 
[5/11/2023 9:22:10 AM] [Info] 
[unloading] MoreHomes
[5/11/2023 9:22:10 AM] [Info] MoreHomes >> MoreHomes has been unloaded!
[5/11/2023 9:22:10 AM] [Info] 
[loading] ReponseMod_HiddenName
[5/11/2023 9:22:10 AM] [Info] ShimmysAdminTools >> Loading ShimmysAdminTools v1.7.2.0 by ShimmyMySherbet
[5/11/2023 9:22:10 AM] [Info] 
[loading] ShimmysAdminTools
[5/11/2023 9:22:10 AM] [Info] [registered] /alertzombies (ShimmysAdminTools.Commands.AlertZombiesCommand/AlertZombies)
[5/11/2023 9:22:10 AM] [Info] [registered] /afly (ShimmysAdminTools.Commands.AFlyCommand/AFly)
[5/11/2023 9:22:10 AM] [Info] [registered] /aflyspeedpermit (ShimmysAdminTools.Commands.AFlySpeedPermitCommand/AFlySpeedPermit)
[5/11/2023 9:22:10 AM] [Info] [registered] /ascend (ShimmysAdminTools.Commands.AscendCommand/Ascend)
[5/11/2023 9:22:10 AM] [Info] [registered] /checkowner (ShimmysAdminTools.Commands.CheckOwnerCommand/CheckOwner)
[5/11/2023 9:22:10 AM] [Info] [registered] /ck (ShimmysAdminTools.Commands.CheckOwnerCommand/ck)
[5/11/2023 9:22:10 AM] [Info] [registered] /clearinv (ShimmysAdminTools.Commands.ClearInventoryCommand/ClearInv)
[5/11/2023 9:22:10 AM] [Info] [registered] /ci (ShimmysAdminTools.Commands.ClearInventoryCommand/ci)
[5/11/2023 9:22:10 AM] [Info] [registered] /commandspy (ShimmysAdminTools.Commands.CommandSpyCommand/CommandSpy)
[5/11/2023 9:22:10 AM] [Info] [registered] /descend (ShimmysAdminTools.Commands.DescendCommand/Descend)
[5/11/2023 9:22:10 AM] [Info] [registered] /forceequip (ShimmysAdminTools.Commands.ForceEquipCommand/ForceEquip)
[5/11/2023 9:22:10 AM] [Info] [registered] /reviveresources (ShimmysAdminTools.Commands.ReviveResourcesCommand/ReviveResources)
[5/11/2023 9:22:10 AM] [Info] [registered] /destroyresources (ShimmysAdminTools.Commands.DestroyResourcesCommand/DestroyResources)
[5/11/2023 9:22:10 AM] [Info] [registered] /disablevehicleaccess (ShimmysAdminTools.Commands.DisableVehicleAccess/DisableVehicleAccess)
[5/11/2023 9:22:10 AM] [Info] [registered] /enablevehicleaccess (ShimmysAdminTools.Commands.DisableVehicleAccess/EnableVehicleAccess)
[5/11/2023 9:22:10 AM] [Info] [registered] /dva (ShimmysAdminTools.Commands.DisableVehicleAccess/DVA)
[5/11/2023 9:22:10 AM] [Info] [registered] /eva (ShimmysAdminTools.Commands.DisableVehicleAccess/EVA)
[5/11/2023 9:22:10 AM] [Info] [registered] /aflyvspeed (ShimmysAdminTools.Commands.AFlyVSpeedCommand/AFlyVSpeed)
[5/11/2023 9:22:10 AM] [Info] [registered] /aflyspeed (ShimmysAdminTools.Commands.AFlySpeedCommand/AFlySpeed)
[5/11/2023 9:22:10 AM] [Info] [registered] /execall (ShimmysAdminTools.Commands.ExecAllCommand/execall)
[5/11/2023 9:22:10 AM] [Info] [registered] /exec (ShimmysAdminTools.Commands.ExecCommand/exec)
[5/11/2023 9:22:10 AM] [Info] [registered] /findbase (ShimmysAdminTools.Commands.FindBaseCommand/FindBase)
[5/11/2023 9:22:10 AM] [Info] [registered] /firework (ShimmysAdminTools.Commands.FireworkCommand/Firework)
[5/11/2023 9:22:10 AM] [Info] [registered] /forcedismount (ShimmysAdminTools.Commands.ForceDemountCommand/ForceDismount)
[5/11/2023 9:22:10 AM] [Info] [registered] /forcesave (ShimmysAdminTools.Commands.ForceSaveCommand/ForceSave)
[5/11/2023 9:22:10 AM] [Info] [registered] /ftp (ShimmysAdminTools.Commands.ForceTPCommand/FTP)
[5/11/2023 9:22:10 AM] [Info] [registered] /gotobed (ShimmysAdminTools.Commands.GotoBedCommand/gotobed)
[5/11/2023 9:22:10 AM] [Info] [registered] /tpbed (ShimmysAdminTools.Commands.GotoBedCommand/tpbed)
[5/11/2023 9:22:10 AM] [Info] [registered] /gotomarker (ShimmysAdminTools.Commands.GotoMarker/GotoMarker)
[5/11/2023 9:22:10 AM] [Info] [registered] /setjump (ShimmysAdminTools.Commands.JumpHeightCommand/SetJump)
[5/11/2023 9:22:10 AM] [Info] [registered] /kickall (ShimmysAdminTools.Commands.KickAllCommand/KickAll)
[5/11/2023 9:22:10 AM] [Info] [registered] /launchbushes (ShimmysAdminTools.Commands.LaunchBushesCommand/LaunchBushes)
[5/11/2023 9:22:10 AM] [Info] [registered] /mapjump (ShimmysAdminTools.Commands.MapJumpCommand/MapJump)
[5/11/2023 9:22:10 AM] [Info] [registered] /mapjumping (ShimmysAdminTools.Commands.MapJumpCommand/MapJumping)
[5/11/2023 9:22:10 AM] [Info] [registered] /marker (ShimmysAdminTools.Commands.MarkerCommand/Marker)
[5/11/2023 9:22:10 AM] [Info] [registered] /noclip (ShimmysAdminTools.Commands.NoClipCommand/NoClip)
[5/11/2023 9:22:10 AM] [Info] [registered] /nodrain (ShimmysAdminTools.Commands.NoDrainCommand/NoDrain)
[5/11/2023 9:22:10 AM] [Info] [registered] /placeobject (ShimmysAdminTools.Commands.PlaceObjectCommand/PlaceObject)
[5/11/2023 9:22:10 AM] [Info] [registered] /pointtool (ShimmysAdminTools.Commands.PointToolCommand/PointTool)
[5/11/2023 9:22:10 AM] [Info] [registered] /pt (ShimmysAdminTools.Commands.PointToolCommand/pt)
[5/11/2023 9:22:11 AM] [Info] [registered] /repeat (ShimmysAdminTools.Commands.RepeatCommand/Repeat)
[5/11/2023 9:22:11 AM] [Info] [registered] /salvagetime (ShimmysAdminTools.Commands.SalvageTimeCommand/SalvageTime)
[5/11/2023 9:22:11 AM] [Info] [registered] /shimmysadmintools (ShimmysAdminTools.Commands.SATCommand/ShimmysAdminTools)
[5/11/2023 9:22:11 AM] [Info] [registered] /sat (ShimmysAdminTools.Commands.SATCommand/SAT)
[5/11/2023 9:22:11 AM] [Info] [registered] /seeinv (ShimmysAdminTools.Commands.SeeInventoryCommand/SeeInv)
[5/11/2023 9:22:11 AM] [Info] [registered] /setattachment (ShimmysAdminTools.Commands.SetAttachmentCommand/SetAttachment)
[5/11/2023 9:22:11 AM] [Info] [registered] /attachment (ShimmysAdminTools.Commands.SetAttachmentCommand/Attachment)
[5/11/2023 9:22:11 AM] [Info] [registered] /att (ShimmysAdminTools.Commands.SetAttachmentCommand/Att)
[5/11/2023 9:22:11 AM] [Info] [registered] /setfiremode (ShimmysAdminTools.Commands.SetFiremodeCommand/SetFiremode)
[5/11/2023 9:22:11 AM] [Info] [registered] /setgravity (ShimmysAdminTools.Commands.SetGravityCommand/SetGravity)
[5/11/2023 9:22:11 AM] [Info] [registered] /servergravity (ShimmysAdminTools.Commands.SetServerGravity/ServerGravity)
[5/11/2023 9:22:11 AM] [Info] [registered] /serverjump (ShimmysAdminTools.Commands.SetServerJump/ServerJump)
[5/11/2023 9:22:11 AM] [Info] [registered] /serverspeed (ShimmysAdminTools.Commands.SetServerSpeed/ServerSpeed)
[5/11/2023 9:22:11 AM] [Info] [registered] /setspeed (ShimmysAdminTools.Commands.SetSpeedCommand/SetSpeed)
[5/11/2023 9:22:11 AM] [Info] [registered] /simfire (ShimmysAdminTools.Commands.SimFireCommand/SimFire)
[5/11/2023 9:22:11 AM] [Info] [registered] /structureesp (ShimmysAdminTools.Commands.StructureESPCommand/StructureESP)
[5/11/2023 9:22:11 AM] [Info] [registered] /trail (ShimmysAdminTools.Commands.TrailCommand/Trail)
[5/11/2023 9:22:11 AM] [Info] [registered] /ttr (ShimmysAdminTools.Commands.TTCommand/TTR)
[5/11/2023 9:22:11 AM] [Info] [registered] /unlimitedammo (ShimmysAdminTools.Commands.UnlimitedAmmoCommand/UnlimitedAmmo)
[5/11/2023 9:22:11 AM] [Info] [registered] /unlockfiremodes (ShimmysAdminTools.Commands.UnlockFireModesCommand/UnlockFireModes)
[5/11/2023 9:22:11 AM] [Info] [registered] /wipeplayerbuildings (ShimmysAdminTools.Commands.WipePlayerBuildingsCommand/WipePlayerBuildings)
[5/11/2023 9:22:11 AM] [Info] [registered] /wpb (ShimmysAdminTools.Commands.WipePlayerBuildingsCommand/WPB)
[5/11/2023 9:22:11 AM] [Info] [registered] /boom (ShimmysAdminTools.Behaviors.BoomCommand/Boom)
[5/11/2023 9:22:11 AM] [Info] ShimmysAdminTools >> Checking for updates...
[5/11/2023 9:22:11 AM] [Info] ShimmysAdminTools >> ShimmysAdminTools loaded.
[5/11/2023 9:22:11 AM] [Info] This server will automatically save every 1800 seconds
[5/11/2023 9:22:11 AM] [Info] Steam servers ready!
[5/11/2023 9:22:11 AM] [Info] Workshop install folder: D:\Steam\steamapps\common\U3DS/Servers/LFO/Workshop/Steam
[5/11/2023 9:22:11 AM] [Info] 9 workshop item(s) requested
[5/11/2023 9:22:11 AM] [Info] Submitting workshop query for 9 item(s)...
[5/11/2023 9:22:11 AM] [Info] Workshop query yielded 9 result(s)
[5/11/2023 9:22:11 AM] [Info] This server's allowed IP for Workshop downloads: 50.235.87.42
[5/11/2023 9:22:11 AM] [Info] 1717095606 'Creator Tools' queued for download
[5/11/2023 9:22:11 AM] [Info] Authorized to download 2069342497 'Survivor's Expansion'
[5/11/2023 9:22:11 AM] [Info] 2069342497 'Survivor's Expansion' queued for download
[5/11/2023 9:22:11 AM] [Info] 1232252658 'More Farming Mod' queued for download
[5/11/2023 9:22:11 AM] [Info] 2839462324 'Uncreated Content' queued for download
[5/11/2023 9:22:11 AM] [Info] 2943585795 'Paul's Tactical Apparel (Version 1.9)' queued for download
[5/11/2023 9:22:11 AM] [Info] 2683620106 'Arid' queued for download
[5/11/2023 9:22:11 AM] [Info] 2971117980 'LFO Test Site' queued for download
[5/11/2023 9:22:11 AM] [Info] 2971117980 'LFO Test Site' has 7 children
[5/11/2023 9:22:11 AM] [Info] 	2683620106 (already queued)
[5/11/2023 9:22:11 AM] [Info] 	1717095606 (already queued)
[5/11/2023 9:22:11 AM] [Info] 	1232252658 (already queued)
[5/11/2023 9:22:11 AM] [Info] 	2943585795 (already queued)
[5/11/2023 9:22:11 AM] [Info] 	2069342497 (already queued)
[5/11/2023 9:22:11 AM] [Info] 	2839462324 (already queued)
[5/11/2023 9:22:11 AM] [Info] 	2480988643 (already queued)
[5/11/2023 9:22:11 AM] [Info] 2480988643 'LFO Washington' queued for download
[5/11/2023 9:22:11 AM] [Info] 2480988643 'LFO Washington' has 4 children
[5/11/2023 9:22:11 AM] [Info] 	2683620106 (already queued)
[5/11/2023 9:22:11 AM] [Info] 	2069342497 (already queued)
[5/11/2023 9:22:11 AM] [Info] 	1232252658 (already queued)
[5/11/2023 9:22:11 AM] [Info] 	1909152337
[5/11/2023 9:22:11 AM] [Info] 877777769 'Furniture Expansion' queued for download
[5/11/2023 9:22:11 AM] [Info] Submitting workshop query for 1 item(s)...
[5/11/2023 9:22:11 AM] [Info] Workshop query yielded 1 result(s)
[5/11/2023 9:22:11 AM] [Info] This server's allowed IP for Workshop downloads: 50.235.87.42
[5/11/2023 9:22:11 AM] [Info] 1909152337 'California Assets' queued for download
[5/11/2023 9:32:48 AM] [Info] 10 workshop item(s) to download...
[5/11/2023 9:32:48 AM] [Info] Workshop item found in cache: 1717095606
[5/11/2023 9:32:48 AM] [Info] Installing workshop item: 1717095606
[5/11/2023 9:32:48 AM] [Info] Installed workshop item: 1717095606
[5/11/2023 9:32:48 AM] [Info] Workshop item found in cache: 2069342497
[5/11/2023 9:32:48 AM] [Info] Installing workshop item: 2069342497
[5/11/2023 9:32:48 AM] [Info] Installed workshop item: 2069342497
[5/11/2023 9:32:48 AM] [Info] Workshop item found in cache: 1232252658
[5/11/2023 9:32:48 AM] [Info] Installing workshop item: 1232252658
[5/11/2023 9:32:48 AM] [Info] Installed workshop item: 1232252658
[5/11/2023 9:32:48 AM] [Info] Workshop item found in cache: 2839462324
[5/11/2023 9:32:48 AM] [Info] Installing workshop item: 2839462324
[5/11/2023 9:32:48 AM] [Error] Missing effect gameobject
[5/11/2023 9:32:48 AM] [Error]   at SDG.Unturned.EffectAsset.PopulateAsset (SDG.Unturned.Bundle bundle, SDG.Unturned.DatDictionary data, SDG.Unturned.Local localization) [0x00055] in <0233b1acfe4e414a83e1d826583f0dbc>:0 
  at SDG.Unturned.Assets.loadFile (SDG.Unturned.Assets+ScannedFileInfo file) [0x005a1] in <0233b1acfe4e414a83e1d826583f0dbc>:0 
[5/11/2023 9:32:48 AM] [Error] Missing effect gameobject
[5/11/2023 9:32:48 AM] [Error]   at SDG.Unturned.EffectAsset.PopulateAsset (SDG.Unturned.Bundle bundle, SDG.Unturned.DatDictionary data, SDG.Unturned.Local localization) [0x00055] in <0233b1acfe4e414a83e1d826583f0dbc>:0 
  at SDG.Unturned.Assets.loadFile (SDG.Unturned.Assets+ScannedFileInfo file) [0x005a1] in <0233b1acfe4e414a83e1d826583f0dbc>:0 
[5/11/2023 9:32:48 AM] [Error] Missing effect gameobject
[5/11/2023 9:32:48 AM] [Error]   at SDG.Unturned.EffectAsset.PopulateAsset (SDG.Unturned.Bundle bundle, SDG.Unturned.DatDictionary data, SDG.Unturned.Local localization) [0x00055] in <0233b1acfe4e414a83e1d826583f0dbc>:0 
  at SDG.Unturned.Assets.loadFile (SDG.Unturned.Assets+ScannedFileInfo file) [0x005a1] in <0233b1acfe4e414a83e1d826583f0dbc>:0 
[5/11/2023 9:32:48 AM] [Error] Missing effect gameobject
[5/11/2023 9:32:48 AM] [Error]   at SDG.Unturned.EffectAsset.PopulateAsset (SDG.Unturned.Bundle bundle, SDG.Unturned.DatDictionary data, SDG.Unturned.Local localization) [0x00055] in <0233b1acfe4e414a83e1d826583f0dbc>:0 
  at SDG.Unturned.Assets.loadFile (SDG.Unturned.Assets+ScannedFileInfo file) [0x005a1] in <0233b1acfe4e414a83e1d826583f0dbc>:0 
[5/11/2023 9:32:48 AM] [Error] Missing effect gameobject
[5/11/2023 9:32:48 AM] [Error]   at SDG.Unturned.EffectAsset.PopulateAsset (SDG.Unturned.Bundle bundle, SDG.Unturned.DatDictionary data, SDG.Unturned.Local localization) [0x00055] in <0233b1acfe4e414a83e1d826583f0dbc>:0 
  at SDG.Unturned.Assets.loadFile (SDG.Unturned.Assets+ScannedFileInfo file) [0x005a1] in <0233b1acfe4e414a83e1d826583f0dbc>:0 
[5/11/2023 9:32:48 AM] [Error] Missing effect gameobject
[5/11/2023 9:32:48 AM] [Error]   at SDG.Unturned.EffectAsset.PopulateAsset (SDG.Unturned.Bundle bundle, SDG.Unturned.DatDictionary data, SDG.Unturned.Local localization) [0x00055] in <0233b1acfe4e414a83e1d826583f0dbc>:0 
  at SDG.Unturned.Assets.loadFile (SDG.Unturned.Assets+ScannedFileInfo file) [0x005a1] in <0233b1acfe4e414a83e1d826583f0dbc>:0 
[5/11/2023 9:32:48 AM] [Error] Missing effect gameobject
[5/11/2023 9:32:48 AM] [Error]   at SDG.Unturned.EffectAsset.PopulateAsset (SDG.Unturned.Bundle bundle, SDG.Unturned.DatDictionary data, SDG.Unturned.Local localization) [0x00055] in <0233b1acfe4e414a83e1d826583f0dbc>:0 
  at SDG.Unturned.Assets.loadFile (SDG.Unturned.Assets+ScannedFileInfo file) [0x005a1] in <0233b1acfe4e414a83e1d826583f0dbc>:0 
[5/11/2023 9:32:48 AM] [Error] Missing effect gameobject
[5/11/2023 9:32:48 AM] [Error]   at SDG.Unturned.EffectAsset.PopulateAsset (SDG.Unturned.Bundle bundle, SDG.Unturned.DatDictionary data, SDG.Unturned.Local localization) [0x00055] in <0233b1acfe4e414a83e1d826583f0dbc>:0 
  at SDG.Unturned.Assets.loadFile (SDG.Unturned.Assets+ScannedFileInfo file) [0x005a1] in <0233b1acfe4e414a83e1d826583f0dbc>:0 
[5/11/2023 9:32:48 AM] [Info] Installed workshop item: 2839462324
[5/11/2023 9:32:48 AM] [Info] Workshop item found in cache: 2943585795
[5/11/2023 9:32:48 AM] [Info] Installing workshop item: 2943585795
[5/11/2023 9:32:48 AM] [Info] Installed workshop item: 2943585795
[5/11/2023 9:32:48 AM] [Info] Workshop item found in cache: 2683620106
[5/11/2023 9:32:48 AM] [Info] Installing workshop item: 2683620106
[5/11/2023 9:32:48 AM] [Info] Installed workshop item: 2683620106
[5/11/2023 9:32:48 AM] [Info] Workshop item found in cache: 2971117980
[5/11/2023 9:32:48 AM] [Info] Installing workshop item: 2971117980
[5/11/2023 9:32:48 AM] [Info] Installed workshop item: 2971117980
[5/11/2023 9:32:48 AM] [Info] Workshop item found in cache: 2480988643
[5/11/2023 9:32:48 AM] [Info] Installing workshop item: 2480988643
[5/11/2023 9:32:48 AM] [Info] Installed workshop item: 2480988643
[5/11/2023 9:32:48 AM] [Info] Workshop item found in cache: 877777769
[5/11/2023 9:32:48 AM] [Info] Installing workshop item: 877777769
[5/11/2023 9:32:48 AM] [Info] Installed workshop item: 877777769
[5/11/2023 9:32:48 AM] [Info] Workshop item found in cache: 1909152337
[5/11/2023 9:32:48 AM] [Info] Installing workshop item: 1909152337
[5/11/2023 9:32:48 AM] [Info] Installed workshop item: 1909152337
[5/11/2023 9:32:48 AM] [Info] Level overrides config Items.Quality_Full_Chance: 0 (Default: 0.1)
[5/11/2023 9:32:48 AM] [Info] Level overrides config Items.Quality_Multiplier: 1 (Default: 1)
[5/11/2023 9:32:48 AM] [Info] Level overrides config Items.Gun_Bullets_Full_Chance: 0 (Default: 0.1)
[5/11/2023 9:32:48 AM] [Info] Level overrides config Items.Gun_Bullets_Multiplier: 0 (Default: 1)
[5/11/2023 9:32:48 AM] [Info] Level overrides config Items.Magazine_Bullets_Full_Chance: 1 (Default: 0.1)
[5/11/2023 9:32:48 AM] [Info] Level overrides config Items.Magazine_Bullets_Multiplier: 1 (Default: 1)
[5/11/2023 9:32:48 AM] [Info] Level overrides config Items.Crate_Bullets_Full_Chance: 1 (Default: 0.1)
[5/11/2023 9:32:48 AM] [Info] Level overrides config Items.Crate_Bullets_Multiplier: 1 (Default: 1)
[5/11/2023 9:32:48 AM] [Info] Level overrides config Items.Despawn_Dropped_Time: 1080 (Default: 600)
[5/11/2023 9:32:48 AM] [Info] Level overrides config Items.Despawn_Natural_Time: 1080 (Default: 900)
[5/11/2023 9:32:48 AM] [Info] Level overrides config Items.Respawn_Time: 80 (Default: 50)
[5/11/2023 9:32:48 AM] [Info] Level overrides config Players.Health_Default: 100 (Default: 100)
[5/11/2023 9:32:48 AM] [Info] Level overrides config Players.Food_Default: 100 (Default: 100)
[5/11/2023 9:32:48 AM] [Info] Level overrides config Players.Water_Default: 100 (Default: 100)
[5/11/2023 9:32:48 AM] [Info] Level overrides config Players.Virus_Default: 100 (Default: 100)
[5/11/2023 9:32:48 AM] [Info] Level overrides config Players.Health_Regen_Min_Food: 70 (Default: 90)
[5/11/2023 9:32:48 AM] [Info] Level overrides config Players.Health_Regen_Min_Water: 70 (Default: 90)
[5/11/2023 9:32:48 AM] [Info] Level overrides config Players.Health_Regen_Ticks: 45 (Default: 60)
[5/11/2023 9:32:48 AM] [Info] Level overrides config Players.Food_Use_Ticks: 1400 (Default: 350)
[5/11/2023 9:32:48 AM] [Info] Level overrides config Players.Food_Damage_Ticks: 5 (Default: 15)
[5/11/2023 9:32:48 AM] [Info] Level overrides config Players.Water_Use_Ticks: 1200 (Default: 320)
[5/11/2023 9:32:48 AM] [Info] Level overrides config Players.Water_Damage_Ticks: 5 (Default: 20)
[5/11/2023 9:32:48 AM] [Info] Level overrides config Players.Virus_Infect: 0 (Default: 50)
[5/11/2023 9:32:48 AM] [Info] Level overrides config Players.Virus_Use_Ticks: 60 (Default: 125)
[5/11/2023 9:32:48 AM] [Info] Level overrides config Players.Virus_Damage_Ticks: 1 (Default: 25)
[5/11/2023 9:32:48 AM] [Info] Level overrides config Players.Detect_Radius_Multiplier: 0.9 (Default: 0.5)
[5/11/2023 9:32:48 AM] [Info] Level overrides config Players.Ray_Aggressor_Distance: 12 (Default: 8)
[5/11/2023 9:32:48 AM] [Info] Level overrides config Players.Bleed_Damage_Ticks: 21 (Default: 10)
[5/11/2023 9:32:48 AM] [Info] Level overrides config Players.Can_Stop_Bleeding: True (Default: True)
[5/11/2023 9:32:48 AM] [Info] Level overrides config Players.Experience_Multiplier: 0 (Default: 1.5)
[5/11/2023 9:32:48 AM] [Info] Skipping level config override Players.Lose_Skills_PvP because server value (1) is not the default (0.75)
[5/11/2023 9:32:48 AM] [Info] Skipping level config override Players.Lose_Skills_PvE because server value (1) is not the default (0.75)
[5/11/2023 9:32:48 AM] [Error] Failed to find mode config for level override: Platers
[5/11/2023 9:32:48 AM] [Error] Failed to find mode config for level override: Platers
[5/11/2023 9:32:48 AM] [Info] Level overrides config Zombies.Slow_Movement: False (Default: True)
[5/11/2023 9:32:48 AM] [Info] Level overrides config Zombies.Acid_Chance: 0 (Default: 0)
[5/11/2023 9:32:48 AM] [Info] Level overrides config Zombies.Loot_Chance: 0.7 (Default: 0.55)
[5/11/2023 9:32:48 AM] [Info] Level overrides config Zombies.Min_Mega_Drops: 5 (Default: 5)
[5/11/2023 9:32:48 AM] [Info] Level overrides config Zombies.Max_Mega_Drops: 10 (Default: 5)
[5/11/2023 9:32:48 AM] [Info] Level overrides config Zombies.Min_Boss_Drops: 10 (Default: 8)
[5/11/2023 9:32:48 AM] [Info] Level overrides config Zombies.Max_Boss_Drops: 15 (Default: 10)
[5/11/2023 9:32:48 AM] [Info] Level overrides config Zombies.Respawn_Day_Time: 360 (Default: 360)
[5/11/2023 9:32:48 AM] [Info] Level overrides config Zombies.Respawn_Night_Time: 180 (Default: 30)
[5/11/2023 9:32:48 AM] [Info] Skipping level config override Gameplay.Chart because server value (False) is not the default (True)
[5/11/2023 9:32:48 AM] [Info] Skipping level config override Gameplay.Satellite because server value (True) is not the default (False)
[5/11/2023 9:32:48 AM] [Info] Skipping level config override Gameplay.Compass because server value (True) is not the default (False)
[5/11/2023 9:32:48 AM] [Info] Skipping level config override Gameplay.Ballistics because server value (True) is not the default (False)
[5/11/2023 9:32:48 AM] [Info] Skipping level config override Gameplay.Group_Map because server value (False) is not the default (True)
[5/11/2023 9:32:48 AM] [Info] Level overrides config Gameplay.Timer_Home: 15 (Default: 30)
[5/11/2023 9:32:48 AM] [Info] Level overrides config Events.Airdrop_Frequency_Min: 1.8 (Default: 0.8)
[5/11/2023 9:32:48 AM] [Info] Level overrides config Events.Airdrop_Frequency_Max: 3.5 (Default: 6.5)
[5/11/2023 9:32:48 AM] [Info] Level overrides config Events.Airdrop_Speed: 70 (Default: 128)
[5/11/2023 9:32:48 AM] [Info] Level overrides config Events.Airdrop_Force: 11.95 (Default: 9.5)
[5/11/2023 9:32:48 AM] [Info] Level overrides config Vehicles.Min_Battery_Charge: 1 (Default: 0.8)
[5/11/2023 9:32:48 AM] [Info] Level overrides config Vehicles.Max_Battery_Charge: 1 (Default: 1)
[5/11/2023 9:32:48 AM] [Info] Level overrides config Vehicles.Has_Battery_Chance: 1 (Default: 1)
[5/11/2023 9:32:48 AM] [Info] Level overrides config Vehicles.Max_Instances_Large: 64 (Default: 32)
[5/11/2023 9:32:48 AM] [Info] Level overrides config Vehicles.Decay_Time: 0 (Default: 604800)
[5/11/2023 9:32:48 AM] [Info] Level overrides config Vehicles.Decay_Damage_Per_Second: 200 (Default: 0.1)
[5/11/2023 9:32:48 AM] [Info] Level overrides config Barricades.Armor_Lowtier_Multiplier: 1 (Default: 1)
[5/11/2023 9:32:48 AM] [Info] Level overrides config Barricades.Armor_Hightier_Multiplier: 1 (Default: 0.5)
[5/11/2023 9:32:48 AM] [Info] Level overrides config Structures.Armor_Lowtier_Multiplier: 1 (Default: 1)
[5/11/2023 9:32:48 AM] [Info] Level overrides config Structures.Armor_Hightier_Multiplier: 1 (Default: 0.5)
[5/11/2023 9:32:48 AM] [Info] Level overrides config Barricades.Gun_Lowcal_Damage_Multiplier: 1 (Default: 1)
[5/11/2023 9:32:48 AM] [Info] Level overrides config Barricades.Gun_Highcal_Damage_Multiplier: 1 (Default: 1)
[5/11/2023 9:32:48 AM] [Info] Level overrides config Structures.Gun_Lowcal_Damage_Multiplier: 1 (Default: 1)
[5/11/2023 9:32:48 AM] [Info] Level overrides config Structures.Gun_Highcal_Damage_Multiplier: 1 (Default: 1)
[5/11/2023 9:32:48 AM] [Info] Level overrides config Barricades.Decay_Time: 432000 (Default: 604800)
[5/11/2023 9:32:48 AM] [Info] Level overrides config Structures.Decay_Time: 432000 (Default: 604800)
[5/11/2023 9:32:48 AM] [Info] Level overrides config Barricades.Allow_Item_Placement_On_Vehicle: True (Default: True)
[5/11/2023 9:32:48 AM] [Info] Level overrides config Barricades.Allow_Trap_Placement_On_Vehicle: True (Default: True)
[5/11/2023 9:32:48 AM] [Info] Monitoring workshop map 'LFO Test Site' (2971117980) for changes
[5/11/2023 9:32:48 AM] [Info] Loading level: 8%
[5/11/2023 9:33:04 AM] [Info] Loading level: 16%
[5/11/2023 9:33:08 AM] [Info] Loading level: 25%
[5/11/2023 9:33:08 AM] [Info] Loading level: 33%
[5/11/2023 9:33:08 AM] [Info] Loading level: 41%
[5/11/2023 9:33:08 AM] [Info] Loading level: 50%
[5/11/2023 9:33:09 AM] [Info] Loading level: 58%
[5/11/2023 9:33:09 AM] [Info] Loading level: 66%
[5/11/2023 9:33:09 AM] [Info] Loading level: 75%
[5/11/2023 9:33:09 AM] [Info] Loading level: 83%
[5/11/2023 9:33:09 AM] [Info] Loading level: 91%
[5/11/2023 9:33:09 AM] [Info] Loading level: 100%
[5/11/2023 9:52:10 AM] [Info] Saving server
[5/11/2023 10:22:10 AM] [Info] Saving server
[5/11/2023 10:36:28 AM] [Info] BattlEye Server: Player #0 Shake (10.42.9.45:58095) connected
[5/11/2023 10:36:29 AM] [Info] BattlEye Server: Player #0 Shake - BE GUID: f4abbf8aa333c3b24b5656c70080f342
[5/11/2023 10:36:29 AM] [Info] Connecting: PlayerID: 76561199035738472 Name: Shake Character: Shake
[5/11/2023 10:36:29 AM] [Info] BattlEye Server: Connected to BE Master
[5/11/2023 10:39:11 AM] [Info] [Group] Shake [Shake]: "/teleport wp"
[5/11/2023 10:39:12 AM] [Info] Successfully teleported Shake to waypoint!
[5/11/2023 10:39:12 AM] [Info] Shake moved x:451.0938 y:118.1801(+16272.02) z:178.0234 in the last second (0.1103973)
[5/11/2023 10:40:11 AM] [Info] Disconnecting: PlayerID: 76561199035738472 Name: Shake Character: Shake
[5/11/2023 10:40:11 AM] [Info] BattlEye Server: Player #0 Shake disconnected
[5/11/2023 10:41:02 AM] [Info] Lost connection to Steam servers because k_EResultOK
[5/11/2023 11:13:46 AM] [Info] Saving server
[5/11/2023 11:13:48 AM] [Info] BattlEye Server: Failed to receive from BE Master (10054)
[5/11/2023 11:13:48 AM] [Info] BattlEye Server: Disconnected from BE Master
[5/11/2023 11:14:57 AM] [Info] 
[unloading] ReponseMod_HiddenName
