[5/4/2023 10:25:52 AM] [Info] [registered] /more (Rocket.Unturned.Commands.CommandMore/more)
[5/4/2023 10:25:52 AM] [Info] [registered] /admin (Rocket.Unturned.Commands.CommandAdmin/admin)
[5/4/2023 10:25:52 AM] [Info] [registered] /broadcast (Rocket.Unturned.Commands.CommandBroadcast/broadcast)
[5/4/2023 10:25:53 AM] [Info] [registered] /compass (Rocket.Unturned.Commands.CommandCompass/compass)
[5/4/2023 10:25:53 AM] [Info] [registered] /effect (Rocket.Unturned.Commands.CommandEffect/effect)
[5/4/2023 10:25:53 AM] [Info] [registered] /exit (Rocket.Unturned.Commands.CommandExit/exit)
[5/4/2023 10:25:53 AM] [Info] [registered] /god (Rocket.Unturned.Commands.CommandGod/god)
[5/4/2023 10:25:53 AM] [Info] [registered] /heal (Rocket.Unturned.Commands.CommandHeal/heal)
[5/4/2023 10:25:53 AM] [Info] [registered] /help (Rocket.Unturned.Commands.CommandHelp/help)
[5/4/2023 10:25:53 AM] [Info] [registered] /home (Rocket.Unturned.Commands.CommandHome/home)
[5/4/2023 10:25:53 AM] [Info] [registered] /i (Rocket.Unturned.Commands.CommandI/i)
[5/4/2023 10:25:53 AM] [Info] [registered] /item (Rocket.Unturned.Commands.CommandI/item)
[5/4/2023 10:25:53 AM] [Info] [registered] /investigate (Rocket.Unturned.Commands.CommandInvestigate/investigate)
[5/4/2023 10:25:53 AM] [Info] [registered] /p (Rocket.Unturned.Commands.CommandP/p)
[5/4/2023 10:25:53 AM] [Info] [registered] /permissions (Rocket.Unturned.Commands.CommandP/permissions)
[5/4/2023 10:25:53 AM] [Info] [registered] /rocket (Rocket.Unturned.Commands.CommandRocket/rocket)
[5/4/2023 10:25:53 AM] [Info] [registered] /tp (Rocket.Unturned.Commands.CommandTp/tp)
[5/4/2023 10:25:53 AM] [Info] [registered] /tphere (Rocket.Unturned.Commands.CommandTphere/tphere)
[5/4/2023 10:25:53 AM] [Info] [registered] /unadmin (Rocket.Unturned.Commands.CommandUnadmin/unadmin)
[5/4/2023 10:25:53 AM] [Info] [registered] /v (Rocket.Unturned.Commands.CommandV/v)
[5/4/2023 10:25:53 AM] [Info] [registered] /vanish (Rocket.Unturned.Commands.CommandVanish/vanish)
[5/4/2023 10:25:53 AM] [Info] This server will automatically save every 1800 seconds
