[1/2/2023 4:01:15 PM] [Info] Steam servers ready!
[1/2/2023 4:01:15 PM] [Info] Workshop install folder: C:\Program Files (x86)\Steam\steamapps\common\U3DS/Servers/LFO/Workshop/Steam
[1/2/2023 4:01:15 PM] [Info] 2 workshop item(s) requested
[1/2/2023 4:01:15 PM] [Info] Submitting workshop query for 2 item(s)...
[1/2/2023 4:01:15 PM] [Info] Workshop query yielded 2 result(s)
[1/2/2023 4:01:15 PM] [Info] This server's allowed IP for Workshop downloads: 73.253.101.49
[1/2/2023 4:01:15 PM] [Info] 2899517511 'LFO Mods' has 10 children
[1/2/2023 4:01:15 PM] [Info] 	1232252658
[1/2/2023 4:01:15 PM] [Info] 	2528363491
[1/2/2023 4:01:15 PM] [Info] 	2309977886
[1/2/2023 4:01:15 PM] [Info] 	1727733956
[1/2/2023 4:01:15 PM] [Info] 	2069342497
[1/2/2023 4:01:15 PM] [Info] 	1717095606
[1/2/2023 4:01:15 PM] [Info] 	2454681372
[1/2/2023 4:01:15 PM] [Info] 	1909152337
[1/2/2023 4:01:15 PM] [Info] 	2480988643
[1/2/2023 4:01:15 PM] [Info] 	2683620106 (already queued)
[1/2/2023 4:01:15 PM] [Info] 2683620106 'Arid' queued for download
[1/2/2023 4:01:15 PM] [Info] Submitting workshop query for 9 item(s)...
[1/2/2023 4:01:15 PM] [Info] Workshop query yielded 9 result(s)
[1/2/2023 4:01:15 PM] [Info] This server's allowed IP for Workshop downloads: 73.253.101.49
[1/2/2023 4:01:15 PM] [Info] 1232252658 'More Farming Mod' queued for download
[1/2/2023 4:01:15 PM] [Info] 2528363491 'Wind Vehicles' queued for download
[1/2/2023 4:01:15 PM] [Info] 2309977886 'Wind Cars 2.0' queued for download
[1/2/2023 4:01:15 PM] [Info] 1727733956 'Pento's Tactical Apparel' queued for download
[1/2/2023 4:03:48 PM] [Info] Authorized to download 2069342497 'Survivor's Expansion'
[1/2/2023 4:03:48 PM] [Info] 2069342497 'Survivor's Expansion' queued for download
[1/2/2023 4:03:48 PM] [Info] 1717095606 'Creator Tools' queued for download
[1/2/2023 4:03:48 PM] [Info] 2454681372 'Raum's Lockers' queued for download
[1/2/2023 4:03:48 PM] [Info] 1909152337 'California Assets' queued for download
[1/2/2023 4:03:48 PM] [Info] 2480988643 'LFO Washington' queued for download
[1/2/2023 4:03:48 PM] [Info] 10 workshop item(s) to download...
[1/2/2023 4:03:48 PM] [Info] Downloading workshop item: 2683620106
[1/2/2023 4:03:48 PM] [Info] Successfully downloaded workshop item: 2683620106
[1/2/2023 4:03:48 PM] [Info] Installing workshop item: 2683620106
[1/2/2023 4:04:27 PM] [Info] Installed workshop item: 2683620106
[1/2/2023 4:04:27 PM] [Info] Downloading workshop item: 1232252658
[1/2/2023 4:04:27 PM] [Info] Successfully downloaded workshop item: 1232252658
[1/2/2023 4:04:27 PM] [Info] Installing workshop item: 1232252658
[1/2/2023 4:04:37 PM] [Info] Installed workshop item: 1232252658
[1/2/2023 4:04:37 PM] [Info] Downloading workshop item: 2528363491
[1/2/2023 4:04:37 PM] [Info] Successfully downloaded workshop item: 2528363491
[1/2/2023 4:04:37 PM] [Info] Installing workshop item: 2528363491
[1/2/2023 4:04:49 PM] [Info] Installed workshop item: 2528363491
[1/2/2023 4:04:49 PM] [Info] Downloading workshop item: 2309977886
[1/2/2023 4:04:49 PM] [Info] Successfully downloaded workshop item: 2309977886
[1/2/2023 4:04:49 PM] [Info] Installing workshop item: 2309977886
[1/2/2023 4:04:57 PM] [Info] Installed workshop item: 2309977886
[1/2/2023 4:04:57 PM] [Info] Downloading workshop item: 1727733956
[1/2/2023 4:04:57 PM] [Info] Successfully downloaded workshop item: 1727733956
[1/2/2023 4:04:57 PM] [Info] Installing workshop item: 1727733956
[1/2/2023 4:05:03 PM] [Info] Installed workshop item: 1727733956
[1/2/2023 4:05:03 PM] [Info] Downloading workshop item: 2069342497
[1/2/2023 4:05:03 PM] [Info] Successfully downloaded workshop item: 2069342497
[1/2/2023 4:05:03 PM] [Info] Installing workshop item: 2069342497
[1/2/2023 4:05:07 PM] [Info] Installed workshop item: 2069342497
[1/2/2023 4:05:07 PM] [Info] Downloading workshop item: 1717095606
[1/2/2023 4:05:07 PM] [Info] Successfully downloaded workshop item: 1717095606
[1/2/2023 4:05:07 PM] [Info] Installing workshop item: 1717095606
[1/2/2023 4:05:10 PM] [Info] Installed workshop item: 1717095606
[1/2/2023 4:05:10 PM] [Info] Downloading workshop item: 2454681372
[1/2/2023 4:05:10 PM] [Info] Successfully downloaded workshop item: 2454681372
[1/2/2023 4:05:10 PM] [Info] Installing workshop item: 2454681372
[1/2/2023 4:05:32 PM] [Info] Installed workshop item: 2454681372
[1/2/2023 4:05:32 PM] [Info] Downloading workshop item: 1909152337
[1/2/2023 4:05:32 PM] [Info] Successfully downloaded workshop item: 1909152337
[1/2/2023 4:05:32 PM] [Info] Installing workshop item: 1909152337
[1/2/2023 4:05:47 PM] [Info] Installed workshop item: 1909152337
[1/2/2023 4:05:47 PM] [Info] Downloading workshop item: 2480988643
[1/2/2023 4:05:47 PM] [Info] Successfully downloaded workshop item: 2480988643
[1/2/2023 4:05:47 PM] [Info] Installing workshop item: 2480988643
[1/2/2023 4:05:48 PM] [Info] Installed workshop item: 2480988643
[1/2/2023 4:05:48 PM] [Info] Monitoring workshop map 'LFO Washington' (2480988643) for changes
[1/2/2023 4:05:48 PM] [Info] Loading level: 8%
[1/2/2023 4:05:49 PM] [Info] Loading level: 16%
[1/2/2023 4:05:50 PM] [Info] Loading level: 25%
[1/2/2023 4:05:50 PM] [Info] Loading level: 33%
[1/2/2023 4:05:50 PM] [Info] Loading level: 41%
[1/2/2023 4:05:50 PM] [Info] Loading level: 50%
[1/2/2023 4:05:50 PM] [Info] Loading level: 58%
[1/2/2023 4:05:50 PM] [Info] Loading level: 66%
[1/2/2023 4:05:50 PM] [Info] Loading level: 75%
[1/2/2023 4:05:50 PM] [Info] Loading level: 83%
[1/2/2023 4:05:50 PM] [Info] Loading level: 91%
[1/2/2023 4:05:50 PM] [Info] Loading level: 100%
[1/2/2023 4:08:25 PM] [Info] BattlEye Server: Player #0 Lagunastudios (24.10.47.186:56216) connected
[1/2/2023 4:08:25 PM] [Info] BattlEye Server: Player #0 Lagunastudios - BE GUID: 93a5fd09183ed672330b59dd16bb82ae
[1/2/2023 4:08:25 PM] [Info] Connecting: PlayerID: 76561198334369190 Name: Lagunastudios Character:  Kaboomo Blastkerov [Retired]
[1/2/2023 4:08:25 PM] [Info] BattlEye Server: Connected to BE Master
[1/2/2023 4:08:33 PM] [Info] Disconnecting: PlayerID: 76561198334369190 Name: Lagunastudios Character:  Kaboomo Blastkerov [Retired]
[1/2/2023 4:08:33 PM] [Info] BattlEye Server: Player #0 Lagunastudios disconnected
[1/2/2023 4:08:59 PM] [Info] BattlEye Server: Player #0 Lagunastudios (24.10.47.186:52441) connected
[1/2/2023 4:08:59 PM] [Info] BattlEye Server: Player #0 Lagunastudios - BE GUID: 93a5fd09183ed672330b59dd16bb82ae
[1/2/2023 4:09:06 PM] [Info] Connecting: PlayerID: 76561198334369190 Name: Lagunastudios Character: [Delta 5] Kaboomo Blastkerov
[1/2/2023 4:09:06 PM] [Info] BattlEye Server: Player #1 Red__Bear (73.253.101.49:55308) connected
[1/2/2023 4:09:06 PM] [Info] BattlEye Server: Player #1 Red__Bear - BE GUID: f4abbf8aa333c3b24b5656c70080f342
[1/2/2023 4:09:24 PM] [Info] Connecting: PlayerID: 76561199035738472 Name: Red__Bear Character: Red__Bear
[1/2/2023 4:09:24 PM] [Info] [Group] Red__Bear [Red__Bear]: "/tp kab"
[1/2/2023 4:10:30 PM] [Info] [Delta 5] Kaboomo Blastkerov [Lagunastudios] was punched in the head by Red__Bear [Red__Bear]!
[1/2/2023 4:10:35 PM] [Info] [World] [Delta 5] Kaboomo Blastkerov [Lagunastudios]: "/tp red"
[1/2/2023 4:10:39 PM] [Info] [World] [Delta 5] Kaboomo Blastkerov [Lagunastudios]: "/kill red"
[1/2/2023 4:10:39 PM] [Info] Successfully killed Red__Bear!
[1/2/2023 4:10:46 PM] [Info] [Group] Red__Bear [Red__Bear]: "/i gps"
[1/2/2023 4:10:48 PM] [Info] [World] [Delta 5] Kaboomo Blastkerov [Lagunastudios]: "/teleport tacoma"
[1/2/2023 4:10:48 PM] [Info] Successfully teleported Lagunastudios to Location!
[1/2/2023 4:11:04 PM] [Info] [World] [Delta 5] Kaboomo Blastkerov [Lagunastudios]: "/i chart"
[1/2/2023 4:11:21 PM] [Info] [World] [Delta 5] Kaboomo Blastkerov [Lagunastudios]: "/i gps"
[1/2/2023 4:11:42 PM] [Info] BattlEye Server: Player #2 JACK THE RIPPER (108.90.241.159:63793) connected
[1/2/2023 4:11:42 PM] [Info] BattlEye Server: Player #2 JACK THE RIPPER - BE GUID: 0b39942d7d9a57c3719c1f802044c592
[1/2/2023 4:11:47 PM] [Info] Connecting: PlayerID: 76561199074224396 Name: JACK THE RIPPER Character: 刈取
[1/2/2023 4:11:47 PM] [Info] [Group] Red__Bear [Red__Bear]: "/tphere kab"
[1/2/2023 4:12:01 PM] [Info] [World] 刈取 [JACK THE RIPPER]: "/vanish"
[1/2/2023 4:12:07 PM] [Info] [World] 刈取 [JACK THE RIPPER]: "/tp red"
[1/2/2023 4:12:28 PM] [Info] [World] 刈取 [JACK THE RIPPER]: "/tp red"
[1/2/2023 4:12:47 PM] [Info] [World] 刈取 [JACK THE RIPPER]: "/tp red"
[1/2/2023 4:13:58 PM] [Info] [World] [Delta 5] Kaboomo Blastkerov [Lagunastudios]: "/i "rocket launcher""
[1/2/2023 4:14:05 PM] [Info] [World] 刈取 [JACK THE RIPPER]: "/teleport wp"
[1/2/2023 4:14:05 PM] [Info] Successfully teleported JACK THE RIPPER to waypoint!
[1/2/2023 4:14:10 PM] [Info] [World] 刈取 [JACK THE RIPPER]: "/vanish"
[1/2/2023 4:14:39 PM] [Info] [World] [Delta 5] Kaboomo Blastkerov [Lagunastudios]: "/experience 10000"
[1/2/2023 4:14:39 PM] [Info] Successfully gave Lagunastudios +10000 experience!
[1/2/2023 4:14:58 PM] [Info] [Group] Red__Bear [Red__Bear]: "/kill kab"
[1/2/2023 4:14:58 PM] [Info] Successfully killed Lagunastudios!
[1/2/2023 4:15:18 PM] [Info] [Group] Red__Bear [Red__Bear]: "/experience 10000"
[1/2/2023 4:15:18 PM] [Info] Successfully gave Red__Bear +10000 experience!
[1/2/2023 4:16:08 PM] [Info] [World] [Delta 5] Kaboomo Blastkerov [Lagunastudios]: "/i "ar magazine""
[1/2/2023 4:18:14 PM] [Info] [World] 刈取 [JACK THE RIPPER]: "/i "keycard""
[1/2/2023 4:18:50 PM] [Info] [World] 刈取 [JACK THE RIPPER]: "/i "keycard" 3"
[1/2/2023 4:18:54 PM] [Info] [Group] Red__Bear [Red__Bear]: "/tp safe"
[1/2/2023 4:18:57 PM] [Info] [Group] Red__Bear [Red__Bear]: "/teleport safe"
[1/2/2023 4:18:57 PM] [Info] Successfully teleported Red__Bear to Location!
[1/2/2023 4:18:59 PM] [Info] [World] [Delta 5] Kaboomo Blastkerov [Lagunastudios]: "/i "makeshift muffler""
[1/2/2023 4:19:02 PM] [Info] [Group] Red__Bear [Red__Bear]: "/tp kab"
[1/2/2023 4:19:21 PM] [Info] [World] [Delta 5] Kaboomo Blastkerov [Lagunastudios]: "/i "vintage""
[1/2/2023 4:20:16 PM] [Info] [World] [Delta 5] Kaboomo Blastkerov [Lagunastudios]: "/i dot"
[1/2/2023 4:20:20 PM] [Info] [Group] Red__Bear [Red__Bear]: "/tp reaper"
[1/2/2023 4:20:24 PM] [Info] [Group] Red__Bear [Red__Bear]: "/tp jack"
[1/2/2023 4:20:24 PM] [Info] [World] [Delta 5] Kaboomo Blastkerov [Lagunastudios]: "/tp red"
[1/2/2023 4:20:35 PM] [Info] [World] 刈取 [JACK THE RIPPER]: "/vanish"
[1/2/2023 4:20:47 PM] [Info] [Group] Red__Bear [Red__Bear]: "/tp reaper"
[1/2/2023 4:20:51 PM] [Info] [Group] Red__Bear [Red__Bear]: "/tp jack"
[1/2/2023 4:21:16 PM] [Info] [World] [Delta 5] Kaboomo Blastkerov [Lagunastudios]: "/i "vintage military helmet""
[1/2/2023 4:21:20 PM] [Info] [World] [Delta 5] Kaboomo Blastkerov [Lagunastudios]: "/i "vintage military ""
[1/2/2023 4:21:24 PM] [Info] [World] [Delta 5] Kaboomo Blastkerov [Lagunastudios]: "/i "vintage mili""
[1/2/2023 4:21:58 PM] [Info] [World] 刈取 [JACK THE RIPPER]: "/i "key card" 6"
[1/2/2023 4:22:02 PM] [Info] [World] 刈取 [JACK THE RIPPER]: "/i keycard"
[1/2/2023 4:22:19 PM] [Info] [Group] Red__Bear [Red__Bear]: "/tp kab"
[1/2/2023 4:22:36 PM] [Info] [World] 刈取 [JACK THE RIPPER]: "/i key card 2"
[1/2/2023 4:22:42 PM] [Info] [World] 刈取 [JACK THE RIPPER]: "/i "key card" 2"
[1/2/2023 4:22:49 PM] [Info] [World] 刈取 [JACK THE RIPPER]: "/i "keycard" 2"
[1/2/2023 4:22:55 PM] [Info] [World] [Delta 5] Kaboomo Blastkerov [Lagunastudios]: "/i 59421"
[1/2/2023 4:23:08 PM] [Info] [World] [Delta 5] Kaboomo Blastkerov [Lagunastudios]: "/i ghost"
[1/2/2023 4:23:27 PM] [Info] [World] [Delta 5] Kaboomo Blastkerov [Lagunastudios]: "/i 59422"
[1/2/2023 4:23:35 PM] [Info] [World] 刈取 [JACK THE RIPPER]: "/i mgl"
[1/2/2023 4:23:44 PM] [Info] [World] 刈取 [JACK THE RIPPER]: "/i 59390"
[1/2/2023 4:24:00 PM] [Info] [World] 刈取 [JACK THE RIPPER]: "/i 59390 10"
[1/2/2023 4:24:03 PM] [Info] [World] [Delta 5] Kaboomo Blastkerov [Lagunastudios]: "/i "magnum pistol magazine" 10"
[1/2/2023 4:24:11 PM] [Info] [World] [Delta 5] Kaboomo Blastkerov [Lagunastudios]: "/i "zolash drum""
[1/2/2023 4:24:18 PM] [Info] [Group] Red__Bear [Red__Bear]: "/i "zolash exte""
[1/2/2023 4:24:23 PM] [Info] [Group] Red__Bear [Red__Bear]: "/i "golden zola""
[1/2/2023 4:24:23 PM] [Info] 刈取 [JACK THE RIPPER] bled to death!
[1/2/2023 4:24:29 PM] [Info] [Group] Red__Bear [Red__Bear]: "/heal"
[1/2/2023 4:24:35 PM] [Info] [World] 刈取 [JACK THE RIPPER]: "/tp red"
[1/2/2023 4:24:55 PM] [Info] [World] [Delta 5] Kaboomo Blastkerov [Lagunastudios]: "/day"
[1/2/2023 4:24:55 PM] [Info] Successfully set time to day!
[1/2/2023 4:25:05 PM] [Info] [World] [Delta 5] Kaboomo Blastkerov [Lagunastudios]: "/i 15"
[1/2/2023 4:25:08 PM] [Info] [World] 刈取 [JACK THE RIPPER]: "/vanish"
[1/2/2023 4:25:14 PM] [Info] [World] 刈取 [JACK THE RIPPER]: "/god"
[1/2/2023 4:25:22 PM] [Info] [Group] Red__Bear [Red__Bear]: "/hael"
[1/2/2023 4:25:25 PM] [Info] [Group] Red__Bear [Red__Bear]: "/heal"
[1/2/2023 4:26:34 PM] [Info] [World] [Delta 5] Kaboomo Blastkerov [Lagunastudios]: "/i ghost"
[1/2/2023 4:26:38 PM] [Info] [Group] Red__Bear [Red__Bear]: "/i "pistol holo""
[1/2/2023 4:26:39 PM] [Info] Red__Bear [Red__Bear] was shot in the head by [Delta 5] Kaboomo Blastkerov [Lagunastudios]!
[1/2/2023 4:26:44 PM] [Info] [Group] Red__Bear [Red__Bear]: "/kill kab"
[1/2/2023 4:26:44 PM] [Info] Successfully killed Lagunastudios!
[1/2/2023 4:26:48 PM] [Info] [Group] Red__Bear [Red__Bear]: "/i gps"
[1/2/2023 4:26:50 PM] [Info] [World] [Delta 5] Kaboomo Blastkerov [Lagunastudios]: "/tp reaper"
[1/2/2023 4:26:51 PM] [Info] [Group] Red__Bear [Red__Bear]: "/tp reaper"
[1/2/2023 4:26:54 PM] [Info] [Group] Red__Bear [Red__Bear]: "/tp jack"
[1/2/2023 4:26:55 PM] [Info] [World] [Delta 5] Kaboomo Blastkerov [Lagunastudios]: "/tp reap"
[1/2/2023 4:27:01 PM] [Info] [World] [Delta 5] Kaboomo Blastkerov [Lagunastudios]: "/tp jack"
[1/2/2023 4:27:17 PM] [Info] [World] 刈取 [JACK THE RIPPER]: "/i gps"
[1/2/2023 4:27:52 PM] [Info] [World] [Delta 5] Kaboomo Blastkerov [Lagunastudios]: "/kick kaboom loserhead"
[1/2/2023 4:27:52 PM] [Error] Failed to find anyone called kaboom loserhead.
[1/2/2023 4:28:02 PM] [Info] [World] [Delta 5] Kaboomo Blastkerov [Lagunastudios]: "/kick kaboom "loser head""
[1/2/2023 4:28:02 PM] [Error] Failed to find anyone called kaboom loser head.
[1/2/2023 4:28:03 PM] [Info] [Group] Red__Bear [Red__Bear]: "/kick kab gay"
[1/2/2023 4:28:03 PM] [Error] Failed to find anyone called kab gay.
[1/2/2023 4:28:09 PM] [Info] [World] [Delta 5] Kaboomo Blastkerov [Lagunastudios]: "/kick kaboom"
[1/2/2023 4:28:09 PM] [Info] BattlEye Server: Player #0 Lagunastudios disconnected
[1/2/2023 4:28:09 PM] [Info] Successfully kicked Lagunastudios!
[1/2/2023 4:28:09 PM] [Info] [World] 刈取 [JACK THE RIPPER]: "/i ladder"
[1/2/2023 4:28:10 PM] [Info] [Group] Red__Bear [Red__Bear]: "/kick kaboom "gay""
[1/2/2023 4:28:10 PM] [Error] Failed to find anyone called kaboom gay.
[1/2/2023 4:28:36 PM] [Info] [Group] Red__Bear [Red__Bear]: "/god"
[1/2/2023 4:28:51 PM] [Info] [World] 刈取 [JACK THE RIPPER]: "/i ladder"
[1/2/2023 4:30:19 PM] [Info] Disconnecting: PlayerID: 76561199074224396 Name: JACK THE RIPPER Character: 刈取
[1/2/2023 4:30:19 PM] [Info] BattlEye Server: Player #2 JACK THE RIPPER disconnected
[1/2/2023 4:31:23 PM] [Info] BattlEye Server: Player #2 JACK THE RIPPER (108.90.241.159:50892) connected
[1/2/2023 4:31:23 PM] [Info] BattlEye Server: Player #2 JACK THE RIPPER - BE GUID: 0b39942d7d9a57c3719c1f802044c592
[1/2/2023 4:31:45 PM] [Info] Connecting: PlayerID: 76561199074224396 Name: JACK THE RIPPER Character: 刈取
[1/2/2023 4:31:45 PM] [Info] 刈取 [JACK THE RIPPER] was mauled by a zombie!
[1/2/2023 4:31:48 PM] [Info] [World] 刈取 [JACK THE RIPPER]: "/god\"
[1/2/2023 4:31:51 PM] [Info] [World] 刈取 [JACK THE RIPPER]: "/tp red"
[1/2/2023 4:32:38 PM] [Info] [World] 刈取 [JACK THE RIPPER]: "/i zlash"
[1/2/2023 4:32:45 PM] [Info] [World] 刈取 [JACK THE RIPPER]: "/i zolash"
[1/2/2023 4:33:00 PM] [Info] [Group] Red__Bear [Red__Bear]: "/i mkp"
[1/2/2023 4:33:22 PM] [Info] [World] 刈取 [JACK THE RIPPER]: "/v 46543"
[1/2/2023 4:34:28 PM] [Info] [World] 刈取 [JACK THE RIPPER]: "/v 46543"
[1/2/2023 4:34:29 PM] [Info] [Group] Red__Bear [Red__Bear]: "/v hh-6"
[1/2/2023 4:34:40 PM] [Info] [World] 刈取 [JACK THE RIPPER]: "am going to learn how to fly"
[1/2/2023 4:34:49 PM] [Info] [World] 刈取 [JACK THE RIPPER]: "i did"
[1/2/2023 4:35:58 PM] [Info] [Group] Red__Bear [Red__Bear]: "/v hh-6"
[1/2/2023 4:37:24 PM] [Info] [World] 刈取 [JACK THE RIPPER]: "/v 46543"
[1/2/2023 4:37:42 PM] [Info] [World] 刈取 [JACK THE RIPPER]: "/v 46543"
[1/2/2023 4:39:11 PM] [Info] [World] 刈取 [JACK THE RIPPER]: "/v 46543"
[1/2/2023 4:39:44 PM] [Info] [World] 刈取 [JACK THE RIPPER]: "/v 46543"
[1/2/2023 4:40:40 PM] [Info] [World] 刈取 [JACK THE RIPPER]: "can we join five sever"
[1/2/2023 4:41:15 PM] [Info] [Group] Red__Bear [Red__Bear]: "/i nemesis"
[1/2/2023 4:41:53 PM] [Info] [World] 刈取 [JACK THE RIPPER]: "/tp red"
[1/2/2023 4:42:02 PM] [Info] [World] 刈取 [JACK THE RIPPER]: "let me help"
[1/2/2023 4:42:28 PM] [Info] [World] 刈取 [JACK THE RIPPER]: "the car having sex"
[1/2/2023 4:43:24 PM] [Info] [World] 刈取 [JACK THE RIPPER]: "nice"
[1/2/2023 4:43:58 PM] [Info] [World] 刈取 [JACK THE RIPPER]: "/i laadder 10"
[1/2/2023 4:44:01 PM] [Info] [World] 刈取 [JACK THE RIPPER]: "/i ladder"
[1/2/2023 4:44:10 PM] [Info] [World] 刈取 [JACK THE RIPPER]: "/i ladder 10"
[1/2/2023 4:44:14 PM] [Info] [Group] Red__Bear [Red__Bear]: "/kick red"
[1/2/2023 4:44:14 PM] [Info] BattlEye Server: Player #1 Red__Bear disconnected
[1/2/2023 4:44:14 PM] [Info] Successfully kicked Red__Bear!
[1/2/2023 4:44:42 PM] [Info] [World] 刈取 [JACK THE RIPPER]: "or did he"
[1/2/2023 4:47:11 PM] [Info] Disconnecting: PlayerID: 76561199074224396 Name: JACK THE RIPPER Character: 刈取
[1/2/2023 4:47:11 PM] [Info] BattlEye Server: Player #2 JACK THE RIPPER disconnected
[1/2/2023 6:52:03 PM] [Info] Lost connection to Steam servers because k_EResultNoConnection
[1/2/2023 10:04:42 PM] [Info] BattlEye Server: Player #0 Red__Bear (73.253.101.49:56123) connected
[1/2/2023 10:04:42 PM] [Info] BattlEye Server: Player #0 Red__Bear - BE GUID: f4abbf8aa333c3b24b5656c70080f342
[1/2/2023 10:04:50 PM] [Info] Connecting: PlayerID: 76561199035738472 Name: Red__Bear Character: Red__Bear
[1/2/2023 10:04:50 PM] [Info] [Group] Red__Bear [Red__Bear]: "/god"
[1/2/2023 10:05:01 PM] [Info] [Group] Red__Bear [Red__Bear]: "/teleport range"
[1/2/2023 10:05:01 PM] [Info] Successfully teleported Red__Bear to Location!
[1/2/2023 10:05:52 PM] [Info] [Group] Red__Bear [Red__Bear]: "/teleport safe"
[1/2/2023 10:05:52 PM] [Info] Successfully teleported Red__Bear to Location!
[1/2/2023 10:05:55 PM] [Info] [Group] Red__Bear [Red__Bear]: "/day"
[1/2/2023 10:05:55 PM] [Info] Successfully set time to day!
[1/2/2023 10:06:53 PM] [Info] [Group] Red__Bear [Red__Bear]: "/i 59128"
[1/2/2023 10:07:09 PM] [Info] [Group] Red__Bear [Red__Bear]: "/i 59340"
[1/2/2023 10:07:17 PM] [Info] [Area] Red__Bear [Red__Bear]: "/i 59127"
[1/2/2023 10:07:55 PM] [Info] [Group] Red__Bear [Red__Bear]: "/i 59430"
[1/2/2023 10:08:49 PM] [Info] [Group] Red__Bear [Red__Bear]: "/give 59673"
[1/2/2023 10:08:49 PM] [Info] Successfully gave Red__Bear 59673 x1!
[1/2/2023 10:10:10 PM] [Info] Disconnecting: PlayerID: 76561199035738472 Name: Red__Bear Character: Red__Bear
[1/2/2023 10:10:10 PM] [Info] BattlEye Server: Player #0 Red__Bear disconnected
[1/2/2023 11:23:59 PM] [Info] BattlEye Server: Failed to receive from BE Master (10054)
[1/2/2023 11:23:59 PM] [Info] BattlEye Server: Disconnected from BE Master
[1/2/2023 11:24:08 PM] [Info] Lost connection to Steam servers because k_EResultNoConnection
[1/2/2023 11:42:12 PM] [Info] Lost connection to Steam servers because k_EResultNoConnection
[1/2/2023 11:42:20 PM] [Info] Failed to connect to Steam servers because k_EResultNoConnection, still retrying
[1/2/2023 11:42:22 PM] [Info] Failed to connect to Steam servers because k_EResultNoConnection, still retrying
[1/2/2023 11:42:29 PM] [Info] Failed to connect to Steam servers because k_EResultNoConnection, still retrying
[1/2/2023 11:43:28 PM] [Info] Lost connection to Steam servers because k_EResultNoConnection
[1/2/2023 11:43:28 PM] [Info] Failed to connect to Steam servers because k_EResultNoConnection, still retrying
[1/2/2023 11:43:36 PM] [Info] Failed to connect to Steam servers because k_EResultNoConnection, still retrying
[1/2/2023 11:43:58 PM] [Info] Failed to connect to Steam servers because k_EResultNoConnection, still retrying
[1/3/2023 4:46:04 PM] [Info] Lost connection to Steam servers because k_EResultNoConnection
[1/3/2023 5:16:12 PM] [Info] Lost connection to Steam servers because k_EResultNoConnection
[1/4/2023 1:34:16 AM] [Info] Lost connection to Steam servers because k_EResultNoConnection
[1/4/2023 1:49:30 AM] [Info] Lost connection to Steam servers because k_EResultNoConnection
[1/4/2023 9:10:02 AM] [Info] Lost connection to Steam servers because k_EResultNoConnection
[1/4/2023 9:10:10 AM] [Info] Failed to connect to Steam servers because k_EResultNoConnection, still retrying
[1/4/2023 9:10:18 AM] [Info] Failed to connect to Steam servers because k_EResultNoConnection, still retrying
[1/4/2023 12:22:14 PM] [Info] Lost connection to Steam servers because k_EResultNoConnection
[1/4/2023 6:54:22 PM] [Info] BattlEye Server: Player #0 Red__Bear (10.16.17.81:61351) connected
[1/4/2023 6:54:22 PM] [Info] BattlEye Server: Player #0 Red__Bear - BE GUID: f4abbf8aa333c3b24b5656c70080f342
[1/4/2023 6:54:22 PM] [Info] Connecting: PlayerID: 76561199035738472 Name: Red__Bear Character: Red__Bear
[1/4/2023 6:54:22 PM] [Info] BattlEye Server: Connected to BE Master
[1/4/2023 6:54:32 PM] [Info] [Group] Red__Bear [Red__Bear]: "/i 59091"
[1/4/2023 6:54:35 PM] [Info] [Area] Red__Bear [Red__Bear]: "/i 59090"
[1/4/2023 6:55:08 PM] [Info] [Group] Red__Bear [Red__Bear]: "/i 59148"
[1/4/2023 6:55:10 PM] [Info] [Group] Red__Bear [Red__Bear]: "/i 59149"
[1/4/2023 6:55:17 PM] [Info] [World] Red__Bear [Red__Bear]: "/i 59150"
[1/4/2023 6:57:51 PM] [Info] [Group] Red__Bear [Red__Bear]: "/i "police cap""
[1/4/2023 6:58:00 PM] [Info] [Group] Red__Bear [Red__Bear]: "/i 59151"
[1/4/2023 6:58:41 PM] [Info] Disconnecting: PlayerID: 76561199035738472 Name: Red__Bear Character: Red__Bear
[1/4/2023 6:58:41 PM] [Info] BattlEye Server: Player #0 Red__Bear disconnected
[1/4/2023 7:40:41 PM] [Info] BattlEye Server: Player #0 Red__Bear (73.253.101.49:52963) connected
[1/4/2023 7:40:41 PM] [Info] BattlEye Server: Player #0 Red__Bear - BE GUID: f4abbf8aa333c3b24b5656c70080f342
[1/4/2023 7:41:00 PM] [Info] Connecting: PlayerID: 76561199035738472 Name: Red__Bear Character: Red__Bear
[1/4/2023 7:41:00 PM] [Info] [Group] Red__Bear [Red__Bear]: "/teleport bunker"
[1/4/2023 7:41:00 PM] [Error] Failed to find anyone or anywhere called bunker.
[1/4/2023 7:41:12 PM] [Info] Disconnecting: PlayerID: 76561199035738472 Name: Red__Bear Character: Red__Bear
[1/4/2023 7:41:12 PM] [Info] BattlEye Server: Player #0 Red__Bear disconnected
[1/4/2023 10:41:12 PM] [Info] Lost connection to Steam servers because k_EResultNoConnection
[1/4/2023 10:56:32 PM] [Info] BattlEye Server: Failed to receive from BE Master (10054)
[1/4/2023 10:56:32 PM] [Info] BattlEye Server: Disconnected from BE Master
[1/4/2023 10:56:34 PM] [Info] Lost connection to Steam servers because k_EResultNoConnection
[1/4/2023 11:18:42 PM] [Info] Lost connection to Steam servers because k_EResultOK
[1/7/2023 1:35:06 PM] [Info] Failed to connect to Steam servers because k_EResultNoConnection, still retrying
[1/7/2023 1:35:22 PM] [Info] Failed to connect to Steam servers because k_EResultNoConnection, still retrying
[1/7/2023 1:35:29 PM] [Info] Failed to connect to Steam servers because k_EResultNoConnection, still retrying
[1/7/2023 1:35:43 PM] [Info] Failed to connect to Steam servers because k_EResultNoConnection, still retrying
[1/7/2023 1:35:54 PM] [Info] Failed to connect to Steam servers because k_EResultNoConnection, still retrying
[1/7/2023 5:01:59 PM] [Info] Lost connection to Steam servers because k_EResultNoConnection
[1/7/2023 5:01:59 PM] [Info] Failed to connect to Steam servers because k_EResultNoConnection, still retrying
[1/7/2023 11:01:20 PM] [Info] Lost connection to Steam servers because k_EResultNoConnection
[1/7/2023 11:01:20 PM] [Info] Failed to connect to Steam servers because k_EResultNoConnection, still retrying
[1/7/2023 11:56:51 PM] [Info] Lost connection to Steam servers because k_EResultNoConnection
[1/8/2023 1:21:48 AM] [Info] Lost connection to Steam servers because k_EResultNoConnection
[1/8/2023 1:21:59 AM] [Info] Failed to connect to Steam servers because k_EResultNoConnection, still retrying
[1/8/2023 1:22:10 AM] [Info] Failed to connect to Steam servers because k_EResultNoConnection, still retrying
[1/8/2023 1:22:15 AM] [Info] Failed to connect to Steam servers because k_EResultNoConnection, still retrying
