[4/2/2023 10:48:14 AM] [Info] Steam servers ready!
[4/2/2023 10:48:14 AM] [Info] Workshop install folder: C:\Program Files (x86)\Steam\steamapps\common\U3DS/Servers/LFO/Workshop/Steam
[4/2/2023 10:48:14 AM] [Info] 11 workshop item(s) requested
[4/2/2023 10:48:14 AM] [Info] Submitting workshop query for 11 item(s)...
[4/2/2023 10:48:14 AM] [Info] Workshop query yielded 11 result(s)
[4/2/2023 10:48:14 AM] [Info] This server's allowed IP for Workshop downloads: 73.253.101.49
[4/2/2023 10:51:04 AM] [Info] 877777769 'Furniture Expansion' queued for download
[4/2/2023 10:51:04 AM] [Info] 1717095606 'Creator Tools' queued for download
[4/2/2023 10:51:04 AM] [Info] Authorized to download 2069342497 'Survivor's Expansion'
[4/2/2023 10:51:04 AM] [Info] 2069342497 'Survivor's Expansion' queued for download
[4/2/2023 10:51:04 AM] [Info] 2133808330 'Music Remaster 3.0' queued for download
[4/2/2023 10:51:04 AM] [Info] 1232252658 'More Farming Mod' queued for download
[4/2/2023 10:51:04 AM] [Info] 1909152337 'California Assets' queued for download
[4/2/2023 10:51:04 AM] [Info] Authorized to download 2802239233 'UDarkRP Vehicles'
[4/2/2023 10:51:04 AM] [Info] 2802239233 'UDarkRP Vehicles' queued for download
[4/2/2023 10:51:04 AM] [Info] 2683620106 'Arid' queued for download
[4/2/2023 10:51:04 AM] [Info] 2839462324 'Uncreated Content' queued for download
[4/2/2023 10:51:04 AM] [Info] 1727733956 'Pento's Tactical Apparel' queued for download
[4/2/2023 10:51:04 AM] [Info] 2954631626 'Antarctica' queued for download
[4/2/2023 10:51:04 AM] [Info] 11 workshop item(s) to download...
[4/2/2023 10:51:04 AM] [Info] Workshop item found in cache: 877777769
[4/2/2023 10:51:04 AM] [Info] Installing workshop item: 877777769
[4/2/2023 10:51:04 AM] [Info] Installed workshop item: 877777769
[4/2/2023 10:51:04 AM] [Info] Workshop item found in cache: 1717095606
[4/2/2023 10:51:04 AM] [Info] Installing workshop item: 1717095606
[4/2/2023 10:51:04 AM] [Info] Installed workshop item: 1717095606
[4/2/2023 10:51:04 AM] [Info] Workshop item found in cache: 2069342497
[4/2/2023 10:51:04 AM] [Info] Installing workshop item: 2069342497
[4/2/2023 10:51:04 AM] [Info] Installed workshop item: 2069342497
[4/2/2023 10:51:04 AM] [Info] Workshop item found in cache: 2133808330
[4/2/2023 10:51:04 AM] [Info] Installing workshop item: 2133808330
[4/2/2023 10:51:04 AM] [Info] Installed workshop item: 2133808330
[4/2/2023 10:51:04 AM] [Info] Workshop item found in cache: 1232252658
[4/2/2023 10:51:04 AM] [Info] Installing workshop item: 1232252658
[4/2/2023 10:51:04 AM] [Info] Installed workshop item: 1232252658
[4/2/2023 10:51:04 AM] [Info] Workshop item found in cache: 1909152337
[4/2/2023 10:51:04 AM] [Info] Installing workshop item: 1909152337
[4/2/2023 10:51:04 AM] [Info] Installed workshop item: 1909152337
[4/2/2023 10:51:04 AM] [Info] Workshop item found in cache: 2802239233
[4/2/2023 10:51:04 AM] [Info] Installing workshop item: 2802239233
[4/2/2023 10:51:04 AM] [Info] Installed workshop item: 2802239233
[4/2/2023 10:51:04 AM] [Info] Workshop item found in cache: 2683620106
[4/2/2023 10:51:04 AM] [Info] Installing workshop item: 2683620106
[4/2/2023 10:51:04 AM] [Info] Installed workshop item: 2683620106
[4/2/2023 10:51:04 AM] [Info] Workshop item found in cache: 2839462324
[4/2/2023 10:51:04 AM] [Info] Installing workshop item: 2839462324
[4/2/2023 10:51:04 AM] [Error] Exception has been thrown by the target of an invocation.
[4/2/2023 10:51:04 AM] [Error]   at System.Reflection.MonoCMethod.InternalInvoke (System.Object obj, System.Object[] parameters) [0x00014] in <695d1cc93cca45069c528c15c9fdd749>:0 
  at System.Reflection.MonoCMethod.DoInvoke (System.Object obj, System.Reflection.BindingFlags invokeAttr, System.Reflection.Binder binder, System.Object[] parameters, System.Globalization.CultureInfo culture) [0x0007a] in <695d1cc93cca45069c528c15c9fdd749>:0 
  at System.Reflection.MonoCMethod.Invoke (System.Reflection.BindingFlags invokeAttr, System.Reflection.Binder binder, System.Object[] parameters, System.Globalization.CultureInfo culture) [0x00000] in <695d1cc93cca45069c528c15c9fdd749>:0 
  at System.RuntimeType.CreateInstanceImpl (System.Reflection.BindingFlags bindingAttr, System.Reflection.Binder binder, System.Object[] args, System.Globalization.CultureInfo culture, System.Object[] activationAttributes, System.Threading.StackCrawlMark& stackMark) [0x00213] in <695d1cc93cca45069c528c15c9fdd749>:0 
  at System.Activator.CreateInstance (System.Type type, System.Reflection.BindingFlags bindingAttr, System.Reflection.Binder binder, System.Object[] args, System.Globalization.CultureInfo culture, System.Object[] activationAttributes) [0x00095] in <695d1cc93cca45069c528c15c9fdd749>:0 
  at System.Activator.CreateInstance (System.Type type, System.Object[] args) [0x00000] in <695d1cc93cca45069c528c15c9fdd749>:0 
  at SDG.Unturned.Assets.loadFile (SDG.Unturned.Assets+ScannedFileInfo file) [0x0051e] in <54e67d1282114510a1498517977c05f3>:0 
[4/2/2023 10:51:04 AM] [Error] Missing effect gameobject
[4/2/2023 10:51:04 AM] [Error]   at SDG.Unturned.EffectAsset..ctor (SDG.Unturned.Bundle bundle, SDG.Unturned.Data data, SDG.Unturned.Local localization, System.UInt16 id) [0x00053] in <54e67d1282114510a1498517977c05f3>:0 
  at (wrapper managed-to-native) System.Reflection.MonoCMethod.InternalInvoke(System.Reflection.MonoCMethod,object,object[],System.Exception&)
  at System.Reflection.MonoCMethod.InternalInvoke (System.Object obj, System.Object[] parameters) [0x00002] in <695d1cc93cca45069c528c15c9fdd749>:0 
[4/2/2023 10:51:04 AM] [Error] Exception has been thrown by the target of an invocation.
[4/2/2023 10:51:04 AM] [Error]   at System.Reflection.MonoCMethod.InternalInvoke (System.Object obj, System.Object[] parameters) [0x00014] in <695d1cc93cca45069c528c15c9fdd749>:0 
  at System.Reflection.MonoCMethod.DoInvoke (System.Object obj, System.Reflection.BindingFlags invokeAttr, System.Reflection.Binder binder, System.Object[] parameters, System.Globalization.CultureInfo culture) [0x0007a] in <695d1cc93cca45069c528c15c9fdd749>:0 
  at System.Reflection.MonoCMethod.Invoke (System.Reflection.BindingFlags invokeAttr, System.Reflection.Binder binder, System.Object[] parameters, System.Globalization.CultureInfo culture) [0x00000] in <695d1cc93cca45069c528c15c9fdd749>:0 
  at System.RuntimeType.CreateInstanceImpl (System.Reflection.BindingFlags bindingAttr, System.Reflection.Binder binder, System.Object[] args, System.Globalization.CultureInfo culture, System.Object[] activationAttributes, System.Threading.StackCrawlMark& stackMark) [0x00213] in <695d1cc93cca45069c528c15c9fdd749>:0 
  at System.Activator.CreateInstance (System.Type type, System.Reflection.BindingFlags bindingAttr, System.Reflection.Binder binder, System.Object[] args, System.Globalization.CultureInfo culture, System.Object[] activationAttributes) [0x00095] in <695d1cc93cca45069c528c15c9fdd749>:0 
  at System.Activator.CreateInstance (System.Type type, System.Object[] args) [0x00000] in <695d1cc93cca45069c528c15c9fdd749>:0 
  at SDG.Unturned.Assets.loadFile (SDG.Unturned.Assets+ScannedFileInfo file) [0x0051e] in <54e67d1282114510a1498517977c05f3>:0 
[4/2/2023 10:51:04 AM] [Error] Missing effect gameobject
[4/2/2023 10:51:04 AM] [Error]   at SDG.Unturned.EffectAsset..ctor (SDG.Unturned.Bundle bundle, SDG.Unturned.Data data, SDG.Unturned.Local localization, System.UInt16 id) [0x00053] in <54e67d1282114510a1498517977c05f3>:0 
  at (wrapper managed-to-native) System.Reflection.MonoCMethod.InternalInvoke(System.Reflection.MonoCMethod,object,object[],System.Exception&)
  at System.Reflection.MonoCMethod.InternalInvoke (System.Object obj, System.Object[] parameters) [0x00002] in <695d1cc93cca45069c528c15c9fdd749>:0 
[4/2/2023 10:51:04 AM] [Error] Exception has been thrown by the target of an invocation.
[4/2/2023 10:51:04 AM] [Error]   at System.Reflection.MonoCMethod.InternalInvoke (System.Object obj, System.Object[] parameters) [0x00014] in <695d1cc93cca45069c528c15c9fdd749>:0 
  at System.Reflection.MonoCMethod.DoInvoke (System.Object obj, System.Reflection.BindingFlags invokeAttr, System.Reflection.Binder binder, System.Object[] parameters, System.Globalization.CultureInfo culture) [0x0007a] in <695d1cc93cca45069c528c15c9fdd749>:0 
  at System.Reflection.MonoCMethod.Invoke (System.Reflection.BindingFlags invokeAttr, System.Reflection.Binder binder, System.Object[] parameters, System.Globalization.CultureInfo culture) [0x00000] in <695d1cc93cca45069c528c15c9fdd749>:0 
  at System.RuntimeType.CreateInstanceImpl (System.Reflection.BindingFlags bindingAttr, System.Reflection.Binder binder, System.Object[] args, System.Globalization.CultureInfo culture, System.Object[] activationAttributes, System.Threading.StackCrawlMark& stackMark) [0x00213] in <695d1cc93cca45069c528c15c9fdd749>:0 
  at System.Activator.CreateInstance (System.Type type, System.Reflection.BindingFlags bindingAttr, System.Reflection.Binder binder, System.Object[] args, System.Globalization.CultureInfo culture, System.Object[] activationAttributes) [0x00095] in <695d1cc93cca45069c528c15c9fdd749>:0 
  at System.Activator.CreateInstance (System.Type type, System.Object[] args) [0x00000] in <695d1cc93cca45069c528c15c9fdd749>:0 
  at SDG.Unturned.Assets.loadFile (SDG.Unturned.Assets+ScannedFileInfo file) [0x0051e] in <54e67d1282114510a1498517977c05f3>:0 
[4/2/2023 10:51:04 AM] [Error] Missing effect gameobject
[4/2/2023 10:51:04 AM] [Error]   at SDG.Unturned.EffectAsset..ctor (SDG.Unturned.Bundle bundle, SDG.Unturned.Data data, SDG.Unturned.Local localization, System.UInt16 id) [0x00053] in <54e67d1282114510a1498517977c05f3>:0 
  at (wrapper managed-to-native) System.Reflection.MonoCMethod.InternalInvoke(System.Reflection.MonoCMethod,object,object[],System.Exception&)
  at System.Reflection.MonoCMethod.InternalInvoke (System.Object obj, System.Object[] parameters) [0x00002] in <695d1cc93cca45069c528c15c9fdd749>:0 
[4/2/2023 10:51:04 AM] [Error] Exception has been thrown by the target of an invocation.
[4/2/2023 10:51:04 AM] [Error]   at System.Reflection.MonoCMethod.InternalInvoke (System.Object obj, System.Object[] parameters) [0x00014] in <695d1cc93cca45069c528c15c9fdd749>:0 
  at System.Reflection.MonoCMethod.DoInvoke (System.Object obj, System.Reflection.BindingFlags invokeAttr, System.Reflection.Binder binder, System.Object[] parameters, System.Globalization.CultureInfo culture) [0x0007a] in <695d1cc93cca45069c528c15c9fdd749>:0 
  at System.Reflection.MonoCMethod.Invoke (System.Reflection.BindingFlags invokeAttr, System.Reflection.Binder binder, System.Object[] parameters, System.Globalization.CultureInfo culture) [0x00000] in <695d1cc93cca45069c528c15c9fdd749>:0 
  at System.RuntimeType.CreateInstanceImpl (System.Reflection.BindingFlags bindingAttr, System.Reflection.Binder binder, System.Object[] args, System.Globalization.CultureInfo culture, System.Object[] activationAttributes, System.Threading.StackCrawlMark& stackMark) [0x00213] in <695d1cc93cca45069c528c15c9fdd749>:0 
  at System.Activator.CreateInstance (System.Type type, System.Reflection.BindingFlags bindingAttr, System.Reflection.Binder binder, System.Object[] args, System.Globalization.CultureInfo culture, System.Object[] activationAttributes) [0x00095] in <695d1cc93cca45069c528c15c9fdd749>:0 
  at System.Activator.CreateInstance (System.Type type, System.Object[] args) [0x00000] in <695d1cc93cca45069c528c15c9fdd749>:0 
  at SDG.Unturned.Assets.loadFile (SDG.Unturned.Assets+ScannedFileInfo file) [0x0051e] in <54e67d1282114510a1498517977c05f3>:0 
[4/2/2023 10:51:04 AM] [Error] Missing effect gameobject
[4/2/2023 10:51:04 AM] [Error]   at SDG.Unturned.EffectAsset..ctor (SDG.Unturned.Bundle bundle, SDG.Unturned.Data data, SDG.Unturned.Local localization, System.UInt16 id) [0x00053] in <54e67d1282114510a1498517977c05f3>:0 
  at (wrapper managed-to-native) System.Reflection.MonoCMethod.InternalInvoke(System.Reflection.MonoCMethod,object,object[],System.Exception&)
  at System.Reflection.MonoCMethod.InternalInvoke (System.Object obj, System.Object[] parameters) [0x00002] in <695d1cc93cca45069c528c15c9fdd749>:0 
[4/2/2023 10:51:04 AM] [Error] Exception has been thrown by the target of an invocation.
[4/2/2023 10:51:04 AM] [Error]   at System.Reflection.MonoCMethod.InternalInvoke (System.Object obj, System.Object[] parameters) [0x00014] in <695d1cc93cca45069c528c15c9fdd749>:0 
  at System.Reflection.MonoCMethod.DoInvoke (System.Object obj, System.Reflection.BindingFlags invokeAttr, System.Reflection.Binder binder, System.Object[] parameters, System.Globalization.CultureInfo culture) [0x0007a] in <695d1cc93cca45069c528c15c9fdd749>:0 
  at System.Reflection.MonoCMethod.Invoke (System.Reflection.BindingFlags invokeAttr, System.Reflection.Binder binder, System.Object[] parameters, System.Globalization.CultureInfo culture) [0x00000] in <695d1cc93cca45069c528c15c9fdd749>:0 
  at System.RuntimeType.CreateInstanceImpl (System.Reflection.BindingFlags bindingAttr, System.Reflection.Binder binder, System.Object[] args, System.Globalization.CultureInfo culture, System.Object[] activationAttributes, System.Threading.StackCrawlMark& stackMark) [0x00213] in <695d1cc93cca45069c528c15c9fdd749>:0 
  at System.Activator.CreateInstance (System.Type type, System.Reflection.BindingFlags bindingAttr, System.Reflection.Binder binder, System.Object[] args, System.Globalization.CultureInfo culture, System.Object[] activationAttributes) [0x00095] in <695d1cc93cca45069c528c15c9fdd749>:0 
  at System.Activator.CreateInstance (System.Type type, System.Object[] args) [0x00000] in <695d1cc93cca45069c528c15c9fdd749>:0 
  at SDG.Unturned.Assets.loadFile (SDG.Unturned.Assets+ScannedFileInfo file) [0x0051e] in <54e67d1282114510a1498517977c05f3>:0 
[4/2/2023 10:51:04 AM] [Error] Missing effect gameobject
[4/2/2023 10:51:04 AM] [Error]   at SDG.Unturned.EffectAsset..ctor (SDG.Unturned.Bundle bundle, SDG.Unturned.Data data, SDG.Unturned.Local localization, System.UInt16 id) [0x00053] in <54e67d1282114510a1498517977c05f3>:0 
  at (wrapper managed-to-native) System.Reflection.MonoCMethod.InternalInvoke(System.Reflection.MonoCMethod,object,object[],System.Exception&)
  at System.Reflection.MonoCMethod.InternalInvoke (System.Object obj, System.Object[] parameters) [0x00002] in <695d1cc93cca45069c528c15c9fdd749>:0 
[4/2/2023 10:51:04 AM] [Error] Exception has been thrown by the target of an invocation.
[4/2/2023 10:51:04 AM] [Error]   at System.Reflection.MonoCMethod.InternalInvoke (System.Object obj, System.Object[] parameters) [0x00014] in <695d1cc93cca45069c528c15c9fdd749>:0 
  at System.Reflection.MonoCMethod.DoInvoke (System.Object obj, System.Reflection.BindingFlags invokeAttr, System.Reflection.Binder binder, System.Object[] parameters, System.Globalization.CultureInfo culture) [0x0007a] in <695d1cc93cca45069c528c15c9fdd749>:0 
  at System.Reflection.MonoCMethod.Invoke (System.Reflection.BindingFlags invokeAttr, System.Reflection.Binder binder, System.Object[] parameters, System.Globalization.CultureInfo culture) [0x00000] in <695d1cc93cca45069c528c15c9fdd749>:0 
  at System.RuntimeType.CreateInstanceImpl (System.Reflection.BindingFlags bindingAttr, System.Reflection.Binder binder, System.Object[] args, System.Globalization.CultureInfo culture, System.Object[] activationAttributes, System.Threading.StackCrawlMark& stackMark) [0x00213] in <695d1cc93cca45069c528c15c9fdd749>:0 
  at System.Activator.CreateInstance (System.Type type, System.Reflection.BindingFlags bindingAttr, System.Reflection.Binder binder, System.Object[] args, System.Globalization.CultureInfo culture, System.Object[] activationAttributes) [0x00095] in <695d1cc93cca45069c528c15c9fdd749>:0 
  at System.Activator.CreateInstance (System.Type type, System.Object[] args) [0x00000] in <695d1cc93cca45069c528c15c9fdd749>:0 
  at SDG.Unturned.Assets.loadFile (SDG.Unturned.Assets+ScannedFileInfo file) [0x0051e] in <54e67d1282114510a1498517977c05f3>:0 
[4/2/2023 10:51:04 AM] [Error] Missing effect gameobject
[4/2/2023 10:51:04 AM] [Error]   at SDG.Unturned.EffectAsset..ctor (SDG.Unturned.Bundle bundle, SDG.Unturned.Data data, SDG.Unturned.Local localization, System.UInt16 id) [0x00053] in <54e67d1282114510a1498517977c05f3>:0 
  at (wrapper managed-to-native) System.Reflection.MonoCMethod.InternalInvoke(System.Reflection.MonoCMethod,object,object[],System.Exception&)
  at System.Reflection.MonoCMethod.InternalInvoke (System.Object obj, System.Object[] parameters) [0x00002] in <695d1cc93cca45069c528c15c9fdd749>:0 
[4/2/2023 10:51:04 AM] [Error] Exception has been thrown by the target of an invocation.
[4/2/2023 10:51:04 AM] [Error]   at System.Reflection.MonoCMethod.InternalInvoke (System.Object obj, System.Object[] parameters) [0x00014] in <695d1cc93cca45069c528c15c9fdd749>:0 
  at System.Reflection.MonoCMethod.DoInvoke (System.Object obj, System.Reflection.BindingFlags invokeAttr, System.Reflection.Binder binder, System.Object[] parameters, System.Globalization.CultureInfo culture) [0x0007a] in <695d1cc93cca45069c528c15c9fdd749>:0 
  at System.Reflection.MonoCMethod.Invoke (System.Reflection.BindingFlags invokeAttr, System.Reflection.Binder binder, System.Object[] parameters, System.Globalization.CultureInfo culture) [0x00000] in <695d1cc93cca45069c528c15c9fdd749>:0 
  at System.RuntimeType.CreateInstanceImpl (System.Reflection.BindingFlags bindingAttr, System.Reflection.Binder binder, System.Object[] args, System.Globalization.CultureInfo culture, System.Object[] activationAttributes, System.Threading.StackCrawlMark& stackMark) [0x00213] in <695d1cc93cca45069c528c15c9fdd749>:0 
  at System.Activator.CreateInstance (System.Type type, System.Reflection.BindingFlags bindingAttr, System.Reflection.Binder binder, System.Object[] args, System.Globalization.CultureInfo culture, System.Object[] activationAttributes) [0x00095] in <695d1cc93cca45069c528c15c9fdd749>:0 
  at System.Activator.CreateInstance (System.Type type, System.Object[] args) [0x00000] in <695d1cc93cca45069c528c15c9fdd749>:0 
  at SDG.Unturned.Assets.loadFile (SDG.Unturned.Assets+ScannedFileInfo file) [0x0051e] in <54e67d1282114510a1498517977c05f3>:0 
[4/2/2023 10:51:04 AM] [Error] Missing effect gameobject
[4/2/2023 10:51:04 AM] [Error]   at SDG.Unturned.EffectAsset..ctor (SDG.Unturned.Bundle bundle, SDG.Unturned.Data data, SDG.Unturned.Local localization, System.UInt16 id) [0x00053] in <54e67d1282114510a1498517977c05f3>:0 
  at (wrapper managed-to-native) System.Reflection.MonoCMethod.InternalInvoke(System.Reflection.MonoCMethod,object,object[],System.Exception&)
  at System.Reflection.MonoCMethod.InternalInvoke (System.Object obj, System.Object[] parameters) [0x00002] in <695d1cc93cca45069c528c15c9fdd749>:0 
[4/2/2023 10:51:04 AM] [Error] Exception has been thrown by the target of an invocation.
[4/2/2023 10:51:04 AM] [Error]   at System.Reflection.MonoCMethod.InternalInvoke (System.Object obj, System.Object[] parameters) [0x00014] in <695d1cc93cca45069c528c15c9fdd749>:0 
  at System.Reflection.MonoCMethod.DoInvoke (System.Object obj, System.Reflection.BindingFlags invokeAttr, System.Reflection.Binder binder, System.Object[] parameters, System.Globalization.CultureInfo culture) [0x0007a] in <695d1cc93cca45069c528c15c9fdd749>:0 
  at System.Reflection.MonoCMethod.Invoke (System.Reflection.BindingFlags invokeAttr, System.Reflection.Binder binder, System.Object[] parameters, System.Globalization.CultureInfo culture) [0x00000] in <695d1cc93cca45069c528c15c9fdd749>:0 
  at System.RuntimeType.CreateInstanceImpl (System.Reflection.BindingFlags bindingAttr, System.Reflection.Binder binder, System.Object[] args, System.Globalization.CultureInfo culture, System.Object[] activationAttributes, System.Threading.StackCrawlMark& stackMark) [0x00213] in <695d1cc93cca45069c528c15c9fdd749>:0 
  at System.Activator.CreateInstance (System.Type type, System.Reflection.BindingFlags bindingAttr, System.Reflection.Binder binder, System.Object[] args, System.Globalization.CultureInfo culture, System.Object[] activationAttributes) [0x00095] in <695d1cc93cca45069c528c15c9fdd749>:0 
  at System.Activator.CreateInstance (System.Type type, System.Object[] args) [0x00000] in <695d1cc93cca45069c528c15c9fdd749>:0 
  at SDG.Unturned.Assets.loadFile (SDG.Unturned.Assets+ScannedFileInfo file) [0x0051e] in <54e67d1282114510a1498517977c05f3>:0 
[4/2/2023 10:51:04 AM] [Error] Missing effect gameobject
[4/2/2023 10:51:04 AM] [Error]   at SDG.Unturned.EffectAsset..ctor (SDG.Unturned.Bundle bundle, SDG.Unturned.Data data, SDG.Unturned.Local localization, System.UInt16 id) [0x00053] in <54e67d1282114510a1498517977c05f3>:0 
  at (wrapper managed-to-native) System.Reflection.MonoCMethod.InternalInvoke(System.Reflection.MonoCMethod,object,object[],System.Exception&)
  at System.Reflection.MonoCMethod.InternalInvoke (System.Object obj, System.Object[] parameters) [0x00002] in <695d1cc93cca45069c528c15c9fdd749>:0 
[4/2/2023 10:51:04 AM] [Info] Installed workshop item: 2839462324
[4/2/2023 10:51:04 AM] [Info] Workshop item found in cache: 1727733956
[4/2/2023 10:51:04 AM] [Info] Installing workshop item: 1727733956
[4/2/2023 10:51:04 AM] [Info] Installed workshop item: 1727733956
[4/2/2023 10:51:04 AM] [Info] Downloading workshop item: 2954631626
[4/2/2023 10:51:04 AM] [Info] Successfully downloaded workshop item: 2954631626
[4/2/2023 10:51:04 AM] [Info] Installing workshop item: 2954631626
[4/2/2023 10:51:08 AM] [Info] Installed workshop item: 2954631626
[4/2/2023 10:51:08 AM] [Info] Level overrides config Animals.Max_Instances_Insane: 255 (Default: 64)
[4/2/2023 10:51:08 AM] [Info] Level overrides config Players.Experience_Multiplier: 1 (Default: 1)
[4/2/2023 10:51:08 AM] [Info] Skipping level config override Players.Lose_Skills_PvP because server value (1) is not the default (0.75)
[4/2/2023 10:51:08 AM] [Info] Skipping level config override Players.Lose_Skills_PvE because server value (1) is not the default (0.75)
[4/2/2023 10:51:08 AM] [Info] Level overrides config Players.Can_Stop_Bleeding: False (Default: True)
[4/2/2023 10:51:08 AM] [Info] Skipping level config override Items.Despawn_Dropped_Time because server value (900) is not the default (600)
[4/2/2023 10:51:08 AM] [Info] Level overrides config Items.Despawn_Natural_Time: 1080 (Default: 900)
[4/2/2023 10:51:08 AM] [Info] Skipping level config override Items.Respawn_Time because server value (600) is not the default (100)
[4/2/2023 10:51:08 AM] [Info] Level overrides config Gameplay.Chart: False (Default: False)
[4/2/2023 10:51:08 AM] [Info] Level overrides config Gameplay.Satellite: False (Default: False)
[4/2/2023 10:51:08 AM] [Info] Level overrides config Events.Airdrop_Frequency_Min: 0.4 (Default: 0.8)
[4/2/2023 10:51:08 AM] [Info] Level overrides config Events.Airdrop_Frequency_Max: 0.4 (Default: 6.5)
[4/2/2023 10:51:08 AM] [Info] Level overrides config Events.Airdrop_Speed: 300 (Default: 128)
[4/2/2023 10:51:08 AM] [Info] Level overrides config Events.Airdrop_Force: 7 (Default: 9.5)
[4/2/2023 10:51:08 AM] [Info] Level overrides config Vehicles.Min_Battery_Charge: 0.1 (Default: 0.5)
[4/2/2023 10:51:08 AM] [Info] Level overrides config Vehicles.Max_Battery_Charge: 0.2 (Default: 0.75)
[4/2/2023 10:51:08 AM] [Info] Level overrides config Vehicles.Has_Battery_Chance: 1 (Default: 0.8)
[4/2/2023 10:51:08 AM] [Info] Level overrides config Vehicles.Decay_Time: 43200 (Default: 604800)
[4/2/2023 10:51:08 AM] [Info] Level overrides config Vehicles.Decay_Damage_Per_Second: 0.2 (Default: 0.1)
[4/2/2023 10:51:08 AM] [Info] Level overrides config Players.Armor_Multiplier: 0.6 (Default: 1)
[4/2/2023 10:51:08 AM] [Info] Level overrides config Players.Food_Default: 25 (Default: 100)
[4/2/2023 10:51:08 AM] [Info] Level overrides config Players.Water_Default: 25 (Default: 100)
[4/2/2023 10:51:08 AM] [Info] Level overrides config Players.Food_Use_Ticks: 1400 (Default: 300)
[4/2/2023 10:51:08 AM] [Info] Level overrides config Players.Water_Use_Ticks: 1400 (Default: 270)
[4/2/2023 10:51:08 AM] [Info] Level overrides config Players.Health_Regen_Min_Food: 75 (Default: 90)
[4/2/2023 10:51:08 AM] [Info] Level overrides config Players.Health_Regen_Min_Water: 75 (Default: 90)
[4/2/2023 10:51:08 AM] [Info] Level overrides config Players.Virus_Infect: 101 (Default: 50)
[4/2/2023 10:51:08 AM] [Info] Level overrides config Players.Virus_Use_Ticks: 5000 (Default: 125)
[4/2/2023 10:51:08 AM] [Info] Level overrides config Players.Virus_Damage_Ticks: 500 (Default: 25)
[4/2/2023 10:51:08 AM] [Info] Monitoring workshop map 'Antarctica' (2954631626) for changes
[4/2/2023 10:51:08 AM] [Info] Loading level: 8%
[4/2/2023 10:51:09 AM] [Error] Object with no asset in region 15, 31: 36000 c9fe8f5d-eb15-4703-aa82-5f0a3d9b256e
[4/2/2023 10:51:09 AM] [Error] Object with no asset in region 15, 31: 36000 21474701-4c51-48b5-b7d0-91cee101921a
[4/2/2023 10:51:09 AM] [Error] Object with no asset in region 15, 31: 36000 c9fe8f5d-eb15-4703-aa82-5f0a3d9b256e
[4/2/2023 10:51:10 AM] [Info] Loading level: 16%
[4/2/2023 10:51:10 AM] [Info] Loading level: 25%
[4/2/2023 10:51:10 AM] [Info] Loading level: 33%
[4/2/2023 10:51:10 AM] [Info] Loading level: 41%
[4/2/2023 10:51:10 AM] [Info] Loading level: 50%
[4/2/2023 10:51:10 AM] [Info] Loading level: 58%
[4/2/2023 10:51:10 AM] [Info] Loading level: 66%
[4/2/2023 10:51:10 AM] [Info] Loading level: 75%
[4/2/2023 10:51:10 AM] [Info] Loading level: 83%
[4/2/2023 10:51:10 AM] [Info] Loading level: 91%
[4/2/2023 10:57:43 AM] [Info] Loading level: 100%
[4/2/2023 10:57:43 AM] [Info] BattlEye Server: Player #0 Shake (73.253.101.49:59140) connected
[4/2/2023 10:57:43 AM] [Info] BattlEye Server: Player #0 Shake - BE GUID: f4abbf8aa333c3b24b5656c70080f342
[4/2/2023 10:57:44 AM] [Info] Connecting: PlayerID: 76561199035738472 Name: Shake Character: Shake
[4/2/2023 10:57:44 AM] [Info] BattlEye Server: Connected to BE Master
[4/2/2023 10:58:54 AM] [Info] [Group] Shake [Shake]: "/god"
[4/2/2023 10:59:19 AM] [Info] [Group] Shake [Shake]: "/i chart"
[4/2/2023 10:59:46 AM] [Info] [Group] Shake [Shake]: "/i frag"
[4/2/2023 10:59:54 AM] [Info] [Area] Shake [Shake]: "/i frag"
[4/2/2023 10:59:54 AM] [Info] [Area] Shake [Shake]: "/i frag"
[4/2/2023 11:00:07 AM] [Info] [Group] Shake [Shake]: "/pointtool jump"
[4/2/2023 11:00:51 AM] [Info] [Group] Shake [Shake]: "/weather clear"
[4/2/2023 11:00:51 AM] [Error] Failed to find weather called clear.
[4/2/2023 11:00:59 AM] [Info] [Group] Shake [Shake]: "/weather none"
[4/2/2023 11:00:59 AM] [Info] Successfully set weather to none!
[4/2/2023 11:01:48 AM] [Info] [Group] Shake [Shake]: "/i mg3"
[4/2/2023 11:01:57 AM] [Info] [Group] Shake [Shake]: "/v hh-6"
[4/2/2023 11:02:54 AM] [Info] [Group] Shake [Shake]: "/i hk417"
[4/2/2023 11:03:01 AM] [Info] [Group] Shake [Shake]: "/unlimitedammo"
[4/2/2023 11:03:28 AM] [Info] [Group] Shake [Shake]: "/i "20rnd 7.62""
[4/2/2023 11:04:21 AM] [Info] [Group] Shake [Shake]: "/i ied"
[4/2/2023 11:04:28 AM] [Info] [Group] Shake [Shake]: "/i "artilery shell ied""
[4/2/2023 11:04:35 AM] [Info] [World] Shake [Shake]: "/i "l ied""
[4/2/2023 11:04:45 AM] [Info] [Group] Shake [Shake]: "/i clacker"
[4/2/2023 11:05:19 AM] [Info] [Group] Shake [Shake]: "/i 31470"
[4/2/2023 11:05:25 AM] [Info] [Group] Shake [Shake]: "/i laser"
[4/2/2023 11:05:32 AM] [Info] [Group] Shake [Shake]: "/i "62 sup""
[4/2/2023 11:05:36 AM] [Info] [Group] Shake [Shake]: "/i acog"
[4/2/2023 11:07:35 AM] [Info] Disconnecting: PlayerID: 76561199035738472 Name: Shake Character: Shake
[4/2/2023 11:07:35 AM] [Info] BattlEye Server: Player #0 Shake disconnected
[4/2/2023 11:20:35 AM] [Info] BattlEye Server: Player #0 Shake (73.253.101.49:65183) connected
[4/2/2023 11:20:35 AM] [Info] BattlEye Server: Player #0 Shake - BE GUID: f4abbf8aa333c3b24b5656c70080f342
[4/2/2023 11:20:52 AM] [Info] Connecting: PlayerID: 76561199035738472 Name: Shake Character: Shake
[4/2/2023 11:20:52 AM] [Info] [Group] Shake [Shake]: "/god"
[4/2/2023 11:20:58 AM] [Info] [Group] Shake [Shake]: "/i gps"
[4/2/2023 11:21:04 AM] [Info] [Group] Shake [Shake]: "/teleport wp"
[4/2/2023 11:21:04 AM] [Info] Successfully teleported Shake to waypoint!
[4/2/2023 11:21:25 AM] [Info] [Group] Shake [Shake]: "/unlimitedammo"
[4/2/2023 11:23:07 AM] [Info] [Group] Shake [Shake]: "/i mpx"
[4/2/2023 11:23:48 AM] [Info] [Group] Shake [Shake]: "/i nightvis"
[4/2/2023 11:24:03 AM] [Info] [Group] Shake [Shake]: "/attachment "ranger mag""
[4/2/2023 11:28:21 AM] [Info] [Group] Shake [Shake]: "/day"
[4/2/2023 11:28:21 AM] [Info] Successfully set time to day!
[4/2/2023 11:30:41 AM] [Info] [Group] Shake [Shake]: "/pointtool jump"
[4/2/2023 11:34:58 AM] [Info] Disconnecting: PlayerID: 76561199035738472 Name: Shake Character: Shake
[4/2/2023 11:34:58 AM] [Info] BattlEye Server: Player #0 Shake disconnected
[4/2/2023 11:35:17 AM] [Info] BattlEye Server: Failed to receive from BE Master (10054)
[4/2/2023 11:35:17 AM] [Info] BattlEye Server: Disconnected from BE Master
[4/2/2023 2:51:41 PM] [Info] Detected an update to 'Antarctica [April Fools 2023]' (2954631626)
[4/2/2023 2:56:51 PM] [Info] 
[unloading] MoreHomes
