[2/11/2023 12:36:21 PM] [Info] Steam servers ready!
[2/11/2023 12:36:21 PM] [Info] Workshop install folder: C:\Program Files (x86)\Steam\steamapps\common\U3DS/Servers/LFO/Workshop/Steam
[2/11/2023 12:36:21 PM] [Info] 8 workshop item(s) requested
[2/11/2023 12:36:21 PM] [Info] Submitting workshop query for 8 item(s)...
[2/11/2023 12:36:21 PM] [Info] Workshop query yielded 8 result(s)
[2/11/2023 12:36:21 PM] [Info] This server's allowed IP for Workshop downloads: 73.253.101.49
[2/11/2023 12:37:08 PM] [Info] 877777769 'Furniture Expansion' queued for download
[2/11/2023 12:37:08 PM] [Info] 1717095606 'Creator Tools' queued for download
[2/11/2023 12:37:08 PM] [Info] Authorized to download 2069342497 'Survivor's Expansion'
[2/11/2023 12:37:08 PM] [Info] 2069342497 'Survivor's Expansion' queued for download
[2/11/2023 12:37:08 PM] [Info] 2133808330 'Music Remaster 3.0' queued for download
[2/11/2023 12:37:08 PM] [Info] 1232252658 'More Farming Mod' queued for download
[2/11/2023 12:37:08 PM] [Info] 1909152337 'California Assets' queued for download
[2/11/2023 12:37:08 PM] [Info] Authorized to download 2802239233 'UDarkRP Vehicles'
[2/11/2023 12:37:08 PM] [Info] 2802239233 'UDarkRP Vehicles' queued for download
[2/11/2023 12:37:08 PM] [Info] 2683620106 'Arid' queued for download
[2/11/2023 12:37:08 PM] [Info] 8 workshop item(s) to download...
[2/11/2023 12:37:08 PM] [Info] Workshop item found in cache: 877777769
[2/11/2023 12:37:08 PM] [Info] Installing workshop item: 877777769
[2/11/2023 12:37:08 PM] [Info] Installed workshop item: 877777769
[2/11/2023 12:37:08 PM] [Info] Workshop item found in cache: 1717095606
[2/11/2023 12:37:08 PM] [Info] Installing workshop item: 1717095606
[2/11/2023 12:37:08 PM] [Info] Installed workshop item: 1717095606
[2/11/2023 12:37:08 PM] [Info] Workshop item found in cache: 2069342497
[2/11/2023 12:37:08 PM] [Info] Installing workshop item: 2069342497
[2/11/2023 12:37:08 PM] [Info] Installed workshop item: 2069342497
[2/11/2023 12:37:08 PM] [Info] Workshop item found in cache: 2133808330
[2/11/2023 12:37:08 PM] [Info] Installing workshop item: 2133808330
[2/11/2023 12:37:08 PM] [Info] Installed workshop item: 2133808330
[2/11/2023 12:37:08 PM] [Info] Workshop item found in cache: 1232252658
[2/11/2023 12:37:08 PM] [Info] Installing workshop item: 1232252658
[2/11/2023 12:37:08 PM] [Info] Installed workshop item: 1232252658
[2/11/2023 12:37:08 PM] [Info] Workshop item found in cache: 1909152337
[2/11/2023 12:37:08 PM] [Info] Installing workshop item: 1909152337
[2/11/2023 12:37:08 PM] [Info] Installed workshop item: 1909152337
[2/11/2023 12:37:08 PM] [Info] Workshop item found in cache: 2802239233
[2/11/2023 12:37:08 PM] [Info] Installing workshop item: 2802239233
[2/11/2023 12:37:08 PM] [Info] Installed workshop item: 2802239233
[2/11/2023 12:37:08 PM] [Info] Workshop item found in cache: 2683620106
[2/11/2023 12:37:08 PM] [Info] Installing workshop item: 2683620106
[2/11/2023 12:37:08 PM] [Info] Installed workshop item: 2683620106
[2/11/2023 12:37:08 PM] [Info] Loading level: 8%
[2/11/2023 12:37:10 PM] [Info] Loading level: 16%
[2/11/2023 12:37:11 PM] [Info] Loading level: 25%
[2/11/2023 12:37:11 PM] [Info] Loading level: 33%
[2/11/2023 12:37:12 PM] [Info] Loading level: 41%
[2/11/2023 12:37:12 PM] [Info] Loading level: 50%
[2/11/2023 12:37:12 PM] [Info] Loading level: 58%
[2/11/2023 12:37:12 PM] [Info] Loading level: 66%
[2/11/2023 12:37:12 PM] [Info] Loading level: 75%
[2/11/2023 12:37:12 PM] [Info] Loading level: 83%
[2/11/2023 12:37:12 PM] [Info] Loading level: 91%
[2/11/2023 12:37:12 PM] [Info] Loading level: 100%
[2/11/2023 12:39:01 PM] [Info] BattlEye Server: Player #0 Shake (10.16.17.79:61721) connected
[2/11/2023 12:39:02 PM] [Info] BattlEye Server: Player #0 Shake - BE GUID: f4abbf8aa333c3b24b5656c70080f342
[2/11/2023 12:39:02 PM] [Info] Connecting: PlayerID: 76561199035738472 Name: Shake Character: Shake
[2/11/2023 12:39:02 PM] [Info] BattlEye Server: Connected to BE Master
[2/11/2023 12:39:13 PM] [Info] [Group] Shake [Shake]: "/unadmin shake"
[2/11/2023 12:39:13 PM] [Info] Successfully unadmined 76561199035738472!
[2/11/2023 1:11:28 PM] [Info] [Group] Shake [Shake]: "/homes"
[2/11/2023 1:11:38 PM] [Info] Disconnecting: PlayerID: 76561199035738472 Name: Shake Character: Shake
[2/11/2023 1:11:38 PM] [Info] BattlEye Server: Player #0 Shake disconnected
[2/11/2023 1:21:50 PM] [Info] BattlEye Server: Player #0 Shake (10.16.17.79:49617) connected
[2/11/2023 1:21:50 PM] [Info] BattlEye Server: Player #0 Shake - BE GUID: f4abbf8aa333c3b24b5656c70080f342
[2/11/2023 1:53:38 PM] [Info] Connecting: PlayerID: 76561199035738472 Name: Shake Character: Shake
[2/11/2023 1:53:38 PM] [Info] Shake [Shake] dehydrated to death!
[2/11/2023 1:55:15 PM] [Info] Disconnecting: PlayerID: 76561199035738472 Name: Shake Character: Shake
[2/11/2023 1:55:15 PM] [Info] BattlEye Server: Player #0 Shake disconnected
[2/11/2023 2:28:34 PM] [Info] BattlEye Server: Failed to receive from BE Master (10054)
[2/11/2023 2:28:34 PM] [Info] BattlEye Server: Disconnected from BE Master
[2/11/2023 2:28:45 PM] [Info] Lost connection to Steam servers because k_EResultNoConnection
[2/11/2023 2:28:57 PM] [Info] Failed to connect to Steam servers because k_EResultNoConnection, still retrying
[2/11/2023 2:29:19 PM] [Info] BattlEye Server: Player #0 Shake (10.16.17.79:51043) connected
[2/11/2023 2:29:19 PM] [Info] BattlEye Server: Player #0 Shake - BE GUID: f4abbf8aa333c3b24b5656c70080f342
[2/11/2023 2:29:32 PM] [Info] Connecting: PlayerID: 76561199035738472 Name: Shake Character: Shake
[2/11/2023 2:29:32 PM] [Info] Lost connection to Steam servers because k_EResultNoConnection
[2/11/2023 2:29:32 PM] [Info] Failed to connect to Steam servers because k_EResultNoConnection, still retrying
[2/11/2023 2:29:36 PM] [Info] Failed to connect to Steam servers because k_EResultNoConnection, still retrying
[2/11/2023 2:30:30 PM] [Info] BattlEye Server: Connected to BE Master
[2/11/2023 2:31:06 PM] [Info] Disconnecting: PlayerID: 76561199035738472 Name: Shake Character: Shake
[2/11/2023 2:31:06 PM] [Info] BattlEye Server: Player #0 Shake disconnected
[2/11/2023 2:59:43 PM] [Info] 
[unloading] MoreHomes
