[1/16/2023 10:41:04 PM] [Info] Steam servers ready!
[1/16/2023 10:41:04 PM] [Info] Workshop install folder: C:\Program Files (x86)\Steam\steamapps\common\U3DS/Servers/LFO/Workshop/Steam
[1/16/2023 10:41:04 PM] [Info] 2 workshop item(s) requested
[1/16/2023 10:41:04 PM] [Info] Submitting workshop query for 2 item(s)...
[1/16/2023 10:41:04 PM] [Info] Workshop query yielded 2 result(s)
[1/16/2023 10:41:04 PM] [Info] This server's allowed IP for Workshop downloads: 73.253.101.49
[1/16/2023 10:41:04 PM] [Info] 2899517511 'LFO Mods' has 11 children
[1/16/2023 10:41:04 PM] [Info] 	1232252658
[1/16/2023 10:41:04 PM] [Info] 	2069342497
[1/16/2023 10:41:04 PM] [Info] 	1717095606
[1/16/2023 10:41:04 PM] [Info] 	1909152337
[1/16/2023 10:41:04 PM] [Info] 	2480988643
[1/16/2023 10:41:04 PM] [Info] 	2683620106 (already queued)
[1/16/2023 10:41:04 PM] [Info] 	2133808330
[1/16/2023 10:41:04 PM] [Info] 	1629300697
[1/16/2023 10:41:04 PM] [Info] 	1639364682
[1/16/2023 10:41:04 PM] [Info] 	1727733956
[1/16/2023 10:41:04 PM] [Info] 	2363811642
[1/16/2023 10:41:04 PM] [Info] 2683620106 'Arid' queued for download
[1/16/2023 10:41:04 PM] [Info] Submitting workshop query for 10 item(s)...
[1/16/2023 10:41:04 PM] [Info] Workshop query yielded 10 result(s)
[1/16/2023 10:41:04 PM] [Info] This server's allowed IP for Workshop downloads: 73.253.101.49
[1/16/2023 10:41:04 PM] [Info] 1232252658 'More Farming Mod' queued for download
[1/16/2023 10:42:16 PM] [Info] Authorized to download 2069342497 'Survivor's Expansion'
[1/16/2023 10:42:16 PM] [Info] 2069342497 'Survivor's Expansion' queued for download
[1/16/2023 10:42:16 PM] [Info] 1717095606 'Creator Tools' queued for download
[1/16/2023 10:42:16 PM] [Info] 1909152337 'California Assets' queued for download
[1/16/2023 10:42:16 PM] [Info] 2480988643 'LFO Washington' queued for download
[1/16/2023 10:42:16 PM] [Info] 2133808330 'Music Remaster 3.0' queued for download
[1/16/2023 10:42:16 PM] [Info] 1629300697 '[Discontinued]Nordic Studios™ | Nordic Armory 2.0 [3.28+]' queued for download
[1/16/2023 10:42:16 PM] [Info] 1639364682 'US Army Pack [UPDATED]' queued for download
[1/16/2023 10:42:16 PM] [Info] 1727733956 'Pento's Tactical Apparel' queued for download
[1/16/2023 10:42:16 PM] [Info] 2363811642 'Uncreated Armory 2021 | The Uncreated Project™' queued for download
[1/16/2023 10:42:16 PM] [Info] 11 workshop item(s) to download...
[1/16/2023 10:42:16 PM] [Info] Workshop item found in cache: 2683620106
[1/16/2023 10:42:16 PM] [Info] Installing workshop item: 2683620106
[1/16/2023 10:42:16 PM] [Info] Installed workshop item: 2683620106
[1/16/2023 10:42:16 PM] [Info] Workshop item found in cache: 1232252658
[1/16/2023 10:42:16 PM] [Info] Installing workshop item: 1232252658
[1/16/2023 10:42:16 PM] [Info] Installed workshop item: 1232252658
[1/16/2023 10:42:16 PM] [Info] Workshop item found in cache: 2069342497
[1/16/2023 10:42:16 PM] [Info] Installing workshop item: 2069342497
[1/16/2023 10:42:16 PM] [Info] Installed workshop item: 2069342497
[1/16/2023 10:42:16 PM] [Info] Workshop item found in cache: 1717095606
[1/16/2023 10:42:16 PM] [Info] Installing workshop item: 1717095606
[1/16/2023 10:42:16 PM] [Info] Installed workshop item: 1717095606
[1/16/2023 10:42:16 PM] [Info] Workshop item found in cache: 1909152337
[1/16/2023 10:42:16 PM] [Info] Installing workshop item: 1909152337
[1/16/2023 10:42:16 PM] [Info] Installed workshop item: 1909152337
[1/16/2023 10:42:16 PM] [Info] Workshop item found in cache: 2480988643
[1/16/2023 10:42:16 PM] [Info] Installing workshop item: 2480988643
[1/16/2023 10:42:16 PM] [Info] Installed workshop item: 2480988643
[1/16/2023 10:42:16 PM] [Info] Workshop item found in cache: 2133808330
[1/16/2023 10:42:16 PM] [Info] Installing workshop item: 2133808330
[1/16/2023 10:42:16 PM] [Info] Installed workshop item: 2133808330
[1/16/2023 10:42:16 PM] [Info] Workshop item found in cache: 1629300697
[1/16/2023 10:42:16 PM] [Info] Installing workshop item: 1629300697
[1/16/2023 10:42:16 PM] [Info] Installed workshop item: 1629300697
[1/16/2023 10:42:16 PM] [Info] Workshop item found in cache: 1639364682
[1/16/2023 10:42:16 PM] [Info] Installing workshop item: 1639364682
[1/16/2023 10:42:16 PM] [Info] Installed workshop item: 1639364682
[1/16/2023 10:42:16 PM] [Info] Workshop item found in cache: 1727733956
[1/16/2023 10:42:16 PM] [Info] Installing workshop item: 1727733956
[1/16/2023 10:42:16 PM] [Info] Installed workshop item: 1727733956
[1/16/2023 10:42:16 PM] [Info] Downloading workshop item: 2363811642
[1/16/2023 10:42:16 PM] [Info] Successfully downloaded workshop item: 2363811642
[1/16/2023 10:42:16 PM] [Info] Installing workshop item: 2363811642
[1/16/2023 10:42:20 PM] [Info] Installed workshop item: 2363811642
[1/16/2023 10:42:20 PM] [Info] Skipping level config override Items.Quality_Full_Chance because server value (1) is not the default (0.1)
[1/16/2023 10:42:20 PM] [Info] Level overrides config Items.Quality_Multiplier: 1 (Default: 1)
[1/16/2023 10:42:20 PM] [Info] Skipping level config override Items.Gun_Bullets_Full_Chance because server value (1) is not the default (0.05)
[1/16/2023 10:42:20 PM] [Info] Skipping level config override Items.Gun_Bullets_Multiplier because server value (1) is not the default (0.25)
[1/16/2023 10:42:20 PM] [Info] Skipping level config override Items.Magazine_Bullets_Full_Chance because server value (1) is not the default (0.05)
[1/16/2023 10:42:20 PM] [Info] Skipping level config override Items.Magazine_Bullets_Multiplier because server value (1) is not the default (0.5)
[1/16/2023 10:42:20 PM] [Info] Skipping level config override Items.Crate_Bullets_Full_Chance because server value (1) is not the default (0.05)
[1/16/2023 10:42:20 PM] [Info] Level overrides config Items.Crate_Bullets_Multiplier: 1 (Default: 1)
[1/16/2023 10:42:20 PM] [Info] Level overrides config Items.Despawn_Dropped_Time: 1080 (Default: 600)
[1/16/2023 10:42:20 PM] [Info] Level overrides config Items.Despawn_Natural_Time: 1080 (Default: 900)
[1/16/2023 10:42:20 PM] [Info] Level overrides config Items.Respawn_Time: 80 (Default: 100)
[1/16/2023 10:42:20 PM] [Info] Level overrides config Players.Health_Default: 100 (Default: 100)
[1/16/2023 10:42:20 PM] [Info] Level overrides config Players.Food_Default: 100 (Default: 100)
[1/16/2023 10:42:20 PM] [Info] Level overrides config Players.Water_Default: 100 (Default: 100)
[1/16/2023 10:42:20 PM] [Info] Level overrides config Players.Virus_Default: 100 (Default: 100)
[1/16/2023 10:42:20 PM] [Info] Level overrides config Players.Health_Regen_Min_Food: 70 (Default: 90)
[1/16/2023 10:42:20 PM] [Info] Level overrides config Players.Health_Regen_Min_Water: 70 (Default: 90)
[1/16/2023 10:42:20 PM] [Info] Level overrides config Players.Health_Regen_Ticks: 45 (Default: 60)
[1/16/2023 10:42:20 PM] [Info] Level overrides config Players.Food_Use_Ticks: 1400 (Default: 300)
[1/16/2023 10:42:20 PM] [Info] Level overrides config Players.Food_Damage_Ticks: 5 (Default: 15)
[1/16/2023 10:42:20 PM] [Info] Level overrides config Players.Water_Use_Ticks: 1200 (Default: 270)
[1/16/2023 10:42:20 PM] [Info] Level overrides config Players.Water_Damage_Ticks: 5 (Default: 20)
[1/16/2023 10:42:20 PM] [Info] Skipping level config override Players.Virus_Infect because server value (90) is not the default (50)
[1/16/2023 10:42:20 PM] [Info] Level overrides config Players.Virus_Use_Ticks: 60 (Default: 125)
[1/16/2023 10:42:20 PM] [Info] Level overrides config Players.Virus_Damage_Ticks: 1 (Default: 25)
[1/16/2023 10:42:20 PM] [Info] Skipping level config override Players.Detect_Radius_Multiplier because server value (5) is not the default (1)
[1/16/2023 10:42:20 PM] [Info] Skipping level config override Players.Ray_Aggressor_Distance because server value (30) is not the default (8)
[1/16/2023 10:42:20 PM] [Info] Level overrides config Players.Bleed_Damage_Ticks: 21 (Default: 10)
[1/16/2023 10:42:20 PM] [Info] Level overrides config Players.Can_Stop_Bleeding: True (Default: True)
[1/16/2023 10:42:20 PM] [Info] Level overrides config Players.Experience_Multiplier: 0 (Default: 1)
[1/16/2023 10:42:20 PM] [Info] Skipping level config override Players.Lose_Skills_PvP because server value (1) is not the default (0.75)
[1/16/2023 10:42:20 PM] [Info] Skipping level config override Players.Lose_Skills_PvE because server value (1) is not the default (0.75)
[1/16/2023 10:42:20 PM] [Error] Failed to find mode config for level override: Platers
[1/16/2023 10:42:20 PM] [Error] Failed to find mode config for level override: Platers
[1/16/2023 10:42:20 PM] [Info] Skipping level config override Zombies.Slow_Movement because server value (True) is not the default (False)
[1/16/2023 10:42:20 PM] [Info] Skipping level config override Zombies.Acid_Chance because server value (0) is not the default (0.025)
[1/16/2023 10:42:20 PM] [Info] Skipping level config override Zombies.Loot_Chance because server value (1) is not the default (0.5)
[1/16/2023 10:42:20 PM] [Info] Level overrides config Zombies.Min_Mega_Drops: 5 (Default: 5)
[1/16/2023 10:42:20 PM] [Info] Skipping level config override Zombies.Max_Mega_Drops because server value (10) is not the default (5)
[1/16/2023 10:42:20 PM] [Info] Skipping level config override Zombies.Min_Boss_Drops because server value (5) is not the default (8)
[1/16/2023 10:42:20 PM] [Info] Level overrides config Zombies.Max_Boss_Drops: 15 (Default: 10)
[1/16/2023 10:42:20 PM] [Info] Skipping level config override Zombies.Respawn_Day_Time because server value (600) is not the default (360)
[1/16/2023 10:42:20 PM] [Info] Level overrides config Zombies.Respawn_Night_Time: 180 (Default: 30)
[1/16/2023 10:42:20 PM] [Info] Level overrides config Gameplay.Chart: False (Default: False)
[1/16/2023 10:42:20 PM] [Info] Level overrides config Gameplay.Satellite: False (Default: False)
[1/16/2023 10:42:20 PM] [Info] Level overrides config Gameplay.Compass: True (Default: False)
[1/16/2023 10:42:20 PM] [Info] Level overrides config Gameplay.Ballistics: True (Default: True)
[1/16/2023 10:42:20 PM] [Info] Level overrides config Gameplay.Group_Map: True (Default: True)
[1/16/2023 10:42:20 PM] [Info] Skipping level config override Gameplay.Timer_Home because server value (10) is not the default (30)
[1/16/2023 10:42:20 PM] [Info] Skipping level config override Events.Airdrop_Frequency_Min because server value (0) is not the default (0.8)
[1/16/2023 10:42:20 PM] [Info] Skipping level config override Events.Airdrop_Frequency_Max because server value (5) is not the default (6.5)
[1/16/2023 10:42:20 PM] [Info] Skipping level config override Events.Airdrop_Speed because server value (1) is not the default (128)
[1/16/2023 10:42:20 PM] [Info] Skipping level config override Events.Airdrop_Force because server value (1) is not the default (9.5)
[1/16/2023 10:42:20 PM] [Info] Skipping level config override Vehicles.Min_Battery_Charge because server value (1) is not the default (0.5)
[1/16/2023 10:42:20 PM] [Info] Skipping level config override Vehicles.Max_Battery_Charge because server value (1) is not the default (0.75)
[1/16/2023 10:42:20 PM] [Info] Skipping level config override Vehicles.Has_Battery_Chance because server value (1) is not the default (0.8)
[1/16/2023 10:42:20 PM] [Info] Skipping level config override Vehicles.Max_Instances_Large because server value (60) is not the default (32)
[1/16/2023 10:42:20 PM] [Info] Skipping level config override Vehicles.Decay_Time because server value (0) is not the default (604800)
[1/16/2023 10:42:20 PM] [Info] Skipping level config override Vehicles.Decay_Damage_Per_Second because server value (0) is not the default (0.1)
[1/16/2023 10:42:20 PM] [Info] Skipping level config override Barricades.Armor_Lowtier_Multiplier because server value (100) is not the default (1)
[1/16/2023 10:42:20 PM] [Info] Skipping level config override Barricades.Armor_Hightier_Multiplier because server value (100) is not the default (0.5)
[1/16/2023 10:42:20 PM] [Info] Skipping level config override Structures.Armor_Lowtier_Multiplier because server value (0.01) is not the default (1)
[1/16/2023 10:42:20 PM] [Info] Skipping level config override Structures.Armor_Hightier_Multiplier because server value (0.01) is not the default (0.5)
[1/16/2023 10:42:20 PM] [Info] Skipping level config override Barricades.Gun_Lowcal_Damage_Multiplier because server value (0.01) is not the default (1)
[1/16/2023 10:42:20 PM] [Info] Skipping level config override Barricades.Gun_Highcal_Damage_Multiplier because server value (0.01) is not the default (1)
[1/16/2023 10:42:20 PM] [Info] Skipping level config override Structures.Gun_Lowcal_Damage_Multiplier because server value (0.01) is not the default (1)
[1/16/2023 10:42:20 PM] [Info] Skipping level config override Structures.Gun_Highcal_Damage_Multiplier because server value (0.01) is not the default (1)
[1/16/2023 10:42:20 PM] [Info] Skipping level config override Barricades.Decay_Time because server value (0) is not the default (604800)
[1/16/2023 10:42:20 PM] [Info] Skipping level config override Structures.Decay_Time because server value (0) is not the default (604800)
[1/16/2023 10:42:20 PM] [Info] Level overrides config Barricades.Allow_Item_Placement_On_Vehicle: True (Default: True)
[1/16/2023 10:42:20 PM] [Info] Level overrides config Barricades.Allow_Trap_Placement_On_Vehicle: True (Default: True)
[1/16/2023 10:42:20 PM] [Info] Monitoring workshop map 'LFO Washington' (2480988643) for changes
[1/16/2023 10:42:20 PM] [Info] Loading level: 8%
[1/16/2023 10:42:22 PM] [Info] Loading level: 16%
[1/16/2023 10:42:22 PM] [Info] Loading level: 25%
[1/16/2023 10:42:22 PM] [Info] Loading level: 33%
[1/16/2023 10:42:22 PM] [Info] Loading level: 41%
[1/16/2023 10:42:22 PM] [Info] Loading level: 50%
[1/16/2023 10:42:22 PM] [Info] Loading level: 58%
[1/16/2023 10:42:22 PM] [Info] Loading level: 66%
[1/16/2023 10:42:22 PM] [Info] Loading level: 75%
[1/16/2023 10:42:22 PM] [Info] Loading level: 83%
[1/16/2023 10:42:22 PM] [Info] Loading level: 91%
[1/16/2023 10:42:22 PM] [Info] Loading level: 100%
[1/16/2023 10:43:26 PM] [Info] BattlEye Server: Player #0 Red__Bear (73.253.101.49:62901) connected
[1/16/2023 10:43:26 PM] [Info] BattlEye Server: Player #0 Red__Bear - BE GUID: f4abbf8aa333c3b24b5656c70080f342
[1/16/2023 10:43:26 PM] [Info] Connecting: PlayerID: 76561199035738472 Name: Red__Bear Character: Red__Bear
[1/16/2023 10:43:26 PM] [Info] BattlEye Server: Connected to BE Master
[1/16/2023 10:43:50 PM] [Info] [Group] Red__Bear [Red__Bear]: "/weather none"
[1/16/2023 10:43:50 PM] [Info] Successfully set weather to none!
[1/16/2023 10:43:53 PM] [Info] [Group] Red__Bear [Red__Bear]: "/weather clear"
[1/16/2023 10:43:53 PM] [Error] Failed to find weather called clear.
[1/16/2023 10:44:12 PM] [Info] [Group] Red__Bear [Red__Bear]: "/i ied"
[1/16/2023 10:44:25 PM] [Info] [Group] Red__Bear [Red__Bear]: "/i "artilery shell ied""
[1/16/2023 10:44:30 PM] [Info] [Area] Red__Bear [Red__Bear]: "/i "shell ied""
[1/16/2023 10:45:07 PM] [Info] [Group] Red__Bear [Red__Bear]: "/i clacker"
[1/16/2023 10:45:19 PM] [Info] [Group] Red__Bear [Red__Bear]: "/i 31916"
[1/16/2023 10:45:27 PM] [Info] [Group] Red__Bear [Red__Bear]: "/i 3191"
[1/16/2023 10:45:30 PM] [Info] [Area] Red__Bear [Red__Bear]: "/i 31914"
[1/16/2023 10:45:32 PM] [Info] [Area] Red__Bear [Red__Bear]: "/i 31913"
[1/16/2023 10:45:34 PM] [Info] [Area] Red__Bear [Red__Bear]: "/i 31912"
[1/16/2023 10:45:36 PM] [Info] [Area] Red__Bear [Red__Bear]: "/i 31911"
[1/16/2023 10:46:40 PM] [Info] [Group] Red__Bear [Red__Bear]: "/i ak0-12"
[1/16/2023 10:46:43 PM] [Info] [World] Red__Bear [Red__Bear]: "/i ak-12"
[1/16/2023 10:47:08 PM] [Info] [Group] Red__Bear [Red__Bear]: "/i mg3"
[1/16/2023 10:47:11 PM] [Info] [Group] Red__Bear [Red__Bear]: "/i m249"
[1/16/2023 10:48:11 PM] [Info] [Group] Red__Bear [Red__Bear]: "/i henry"
[1/16/2023 10:48:12 PM] [Info] Disconnecting: PlayerID: 76561199035738472 Name: Red__Bear Character: Red__Bear
[1/16/2023 10:48:12 PM] [Info] BattlEye Server: Player #0 Red__Bear disconnected
[1/16/2023 10:48:32 PM] [Info] 
[unloading] MoreHomes
