[12/28/2022 10:26:36 AM] [Info] Steam servers ready!
[12/28/2022 10:26:36 AM] [Info] Workshop install folder: C:\Program Files (x86)\Steam\steamapps\common\U3DS/Servers/LFO/Workshop/Steam
[12/28/2022 10:26:36 AM] [Info] 1 workshop item(s) requested
[12/28/2022 10:26:36 AM] [Info] Submitting workshop query for 1 item(s)...
[12/28/2022 10:26:36 AM] [Info] Workshop query yielded 1 result(s)
[12/28/2022 10:26:36 AM] [Info] This server's allowed IP for Workshop downloads: 73.253.101.49
[12/28/2022 10:26:36 AM] [Info] 2899517511 'LFO Mods' has 10 children
[12/28/2022 10:26:36 AM] [Info] 	1232252658
[12/28/2022 10:26:36 AM] [Info] 	2528363491
[12/28/2022 10:26:36 AM] [Info] 	2309977886
[12/28/2022 10:26:36 AM] [Info] 	1727733956
[12/28/2022 10:26:36 AM] [Info] 	2069342497
[12/28/2022 10:26:36 AM] [Info] 	1717095606
[12/28/2022 10:26:36 AM] [Info] 	2796081018
[12/28/2022 10:26:36 AM] [Info] 	2454681372
[12/28/2022 10:26:36 AM] [Info] 	1909152337
[12/28/2022 10:26:36 AM] [Info] 	2480988643
[12/28/2022 10:26:36 AM] [Info] Submitting workshop query for 10 item(s)...
[12/28/2022 10:26:36 AM] [Info] Workshop query yielded 10 result(s)
[12/28/2022 10:26:36 AM] [Info] This server's allowed IP for Workshop downloads: 73.253.101.49
[12/28/2022 10:27:11 AM] [Info] 1232252658 'More Farming Mod' queued for download
[12/28/2022 10:27:11 AM] [Info] 2528363491 'Wind Vehicles' queued for download
[12/28/2022 10:27:11 AM] [Info] 2309977886 'Wind Cars 2.0' queued for download
[12/28/2022 10:27:11 AM] [Info] 1727733956 'Pento's Tactical Apparel' queued for download
[12/28/2022 10:27:11 AM] [Info] Authorized to download 2069342497 'Survivor's Expansion'
[12/28/2022 10:27:11 AM] [Info] 2069342497 'Survivor's Expansion' queued for download
[12/28/2022 10:27:11 AM] [Info] 1717095606 'Creator Tools' queued for download
[12/28/2022 10:27:11 AM] [Info] 2796081018 'Nordic Compatable Arid' queued for download
[12/28/2022 10:27:11 AM] [Info] 2454681372 'Raum's Lockers' queued for download
[12/28/2022 10:27:11 AM] [Info] 1909152337 'California Assets' queued for download
[12/28/2022 10:27:11 AM] [Info] 2480988643 'LFO Washington' queued for download
[12/28/2022 10:27:11 AM] [Info] 10 workshop item(s) to download...
[12/28/2022 10:27:11 AM] [Info] Workshop item found in cache: 1232252658
[12/28/2022 10:27:11 AM] [Info] Installing workshop item: 1232252658
[12/28/2022 10:27:11 AM] [Info] Installed workshop item: 1232252658
[12/28/2022 10:27:11 AM] [Info] Workshop item found in cache: 2528363491
[12/28/2022 10:27:11 AM] [Info] Installing workshop item: 2528363491
[12/28/2022 10:27:11 AM] [Info] Installed workshop item: 2528363491
[12/28/2022 10:27:11 AM] [Info] Workshop item found in cache: 2309977886
[12/28/2022 10:27:11 AM] [Info] Installing workshop item: 2309977886
[12/28/2022 10:27:11 AM] [Info] Installed workshop item: 2309977886
[12/28/2022 10:27:11 AM] [Info] Workshop item found in cache: 1727733956
[12/28/2022 10:27:11 AM] [Info] Installing workshop item: 1727733956
[12/28/2022 10:27:11 AM] [Info] Installed workshop item: 1727733956
[12/28/2022 10:27:11 AM] [Info] Workshop item found in cache: 2069342497
[12/28/2022 10:27:11 AM] [Info] Installing workshop item: 2069342497
[12/28/2022 10:27:11 AM] [Info] Installed workshop item: 2069342497
[12/28/2022 10:27:11 AM] [Info] Workshop item found in cache: 1717095606
[12/28/2022 10:27:11 AM] [Info] Installing workshop item: 1717095606
[12/28/2022 10:27:11 AM] [Info] Installed workshop item: 1717095606
[12/28/2022 10:27:11 AM] [Info] Workshop item found in cache: 2796081018
[12/28/2022 10:27:11 AM] [Info] Installing workshop item: 2796081018
[12/28/2022 10:27:11 AM] [Info] Installed workshop item: 2796081018
[12/28/2022 10:27:11 AM] [Info] Workshop item found in cache: 2454681372
[12/28/2022 10:27:11 AM] [Info] Installing workshop item: 2454681372
[12/28/2022 10:27:11 AM] [Info] Installed workshop item: 2454681372
[12/28/2022 10:27:11 AM] [Info] Workshop item found in cache: 1909152337
[12/28/2022 10:27:11 AM] [Info] Installing workshop item: 1909152337
[12/28/2022 10:27:11 AM] [Info] Installed workshop item: 1909152337
[12/28/2022 10:27:11 AM] [Info] Workshop item 2480988643 found in cache, but remote (12/28/2022 10:23:22 AM) is newer than local (12/27/2022 10:46:09 PM)
[12/28/2022 10:27:11 AM] [Info] Downloading workshop item: 2480988643
[12/28/2022 10:27:11 AM] [Info] Successfully downloaded workshop item: 2480988643
[12/28/2022 10:27:11 AM] [Info] Installing workshop item: 2480988643
[12/28/2022 10:27:11 AM] [Info] Installed workshop item: 2480988643
[12/28/2022 10:27:12 AM] [Info] Monitoring workshop map 'LFO Washington' (2480988643) for changes
[12/28/2022 10:27:12 AM] [Info] Loading level: 8%
[12/28/2022 10:27:13 AM] [Info] Loading level: 16%
[12/28/2022 10:27:14 AM] [Info] Loading level: 25%
[12/28/2022 10:27:14 AM] [Info] Loading level: 33%
[12/28/2022 10:27:14 AM] [Info] Loading level: 41%
[12/28/2022 10:27:14 AM] [Info] Loading level: 50%
[12/28/2022 10:27:14 AM] [Info] Loading level: 58%
[12/28/2022 10:27:14 AM] [Info] Loading level: 66%
[12/28/2022 10:27:14 AM] [Info] Loading level: 75%
[12/28/2022 10:27:14 AM] [Info] Loading level: 83%
[12/28/2022 10:27:14 AM] [Info] Loading level: 91%
[12/28/2022 10:27:14 AM] [Info] Loading level: 100%
[12/28/2022 10:27:46 AM] [Info] BattlEye Server: Player #0 Red__Bear (73.253.101.49:54830) connected
[12/28/2022 10:27:46 AM] [Info] BattlEye Server: Player #0 Red__Bear - BE GUID: f4abbf8aa333c3b24b5656c70080f342
[12/28/2022 10:27:46 AM] [Info] Connecting: PlayerID: 76561199035738472 Name: Red__Bear Character: Red__Bear
[12/28/2022 10:27:46 AM] [Info] BattlEye Server: Connected to BE Master
[12/28/2022 10:27:57 AM] [Info] [Group] Red__Bear [Red__Bear]: "/i gps"
[12/28/2022 10:28:16 AM] [Info] [Group] Red__Bear [Red__Bear]: "/teleport wp"
[12/28/2022 10:28:16 AM] [Info] Successfully teleported Red__Bear to waypoint!
[12/28/2022 10:28:39 AM] [Info] [Group] Red__Bear [Red__Bear]: "/heal"
[12/28/2022 10:30:05 AM] [Info] [Group] Red__Bear [Red__Bear]: "/i gp460"
[12/28/2022 10:30:13 AM] [Info] [Group] Red__Bear [Red__Bear]: "/i casket 5"
[12/28/2022 10:30:14 AM] [Info] [Group] Red__Bear [Red__Bear]: "/i ghost 2"
[12/28/2022 10:31:20 AM] [Info] [Group] Red__Bear [Red__Bear]: "/i dres 5"
[12/28/2022 10:32:52 AM] [Info] [Group] Red__Bear [Red__Bear]: "/v "russian bearcat""
[12/28/2022 10:32:59 AM] [Info] [Group] Red__Bear [Red__Bear]: "/v bearca"
[12/28/2022 10:33:08 AM] [Info] [Group] Red__Bear [Red__Bear]: "/v 47290"
[12/28/2022 10:33:40 AM] [Info] Red__Bear [Red__Bear] was mauled by a zombie!
[12/28/2022 10:33:47 AM] [Info] [Group] Red__Bear [Red__Bear]: "/v 47289"
[12/28/2022 10:34:11 AM] [Info] [Group] Red__Bear [Red__Bear]: "/v 47288"
[12/28/2022 10:35:12 AM] [Info] BattlEye Server: Failed to receive from BE Master (10054)
[12/28/2022 10:35:12 AM] [Info] BattlEye Server: Disconnected from BE Master
[12/28/2022 10:35:36 AM] [Info] [Group] Red__Bear [Red__Bear]: "/i nightvi"
[12/28/2022 10:35:57 AM] [Info] [Group] Red__Bear [Red__Bear]: "/i bulletproof 3"
[12/28/2022 10:36:02 AM] [Info] BattlEye Server: Master query timed out, no response from BE Master
[12/28/2022 10:36:39 AM] [Info] [Group] Red__Bear [Red__Bear]: "/dau"
[12/28/2022 10:36:40 AM] [Info] [Group] Red__Bear [Red__Bear]: "/day"
[12/28/2022 10:36:40 AM] [Info] Successfully set time to day!
[12/28/2022 10:36:42 AM] [Info] [Group] Red__Bear [Red__Bear]: "/weather clear"
[12/28/2022 10:36:42 AM] [Error] Failed to find weather called clear.
[12/28/2022 10:36:45 AM] [Info] [Group] Red__Bear [Red__Bear]: "/weather none"
[12/28/2022 10:36:45 AM] [Info] Successfully set weather to none!
[12/28/2022 10:37:08 AM] [Info] BattlEye Server: Connected to BE Master
[12/28/2022 10:37:43 AM] [Info] [Group] Red__Bear [Red__Bear]: "/i bullerp"
[12/28/2022 10:37:48 AM] [Info] [Group] Red__Bear [Red__Bear]: "/i bulletpr"
[12/28/2022 10:38:26 AM] [Info] [Group] Red__Bear [Red__Bear]: "/v swat"
[12/28/2022 10:38:51 AM] [Info] [Group] Red__Bear [Red__Bear]: "/i dragon"
[12/28/2022 10:39:03 AM] [Info] [Group] Red__Bear [Red__Bear]: "/i blowr"
[12/28/2022 10:39:07 AM] [Info] [Group] Red__Bear [Red__Bear]: "/i blowtor"
[12/28/2022 10:39:30 AM] [Info] [Group] Red__Bear [Red__Bear]: "/i razor 2"
[12/28/2022 10:39:42 AM] [Info] [Group] Red__Bear [Red__Bear]: "/i 121"
[12/28/2022 10:39:59 AM] [Info] [Group] Red__Bear [Red__Bear]: "/i 121"
[12/28/2022 10:40:02 AM] [Info] [Area] Red__Bear [Red__Bear]: "/i razor 2"
[12/28/2022 10:42:28 AM] [Info] [Group] Red__Bear [Red__Bear]: "/v "russia ah-""
[12/28/2022 10:42:36 AM] [Info] [Group] Red__Bear [Red__Bear]: "/v "russia ah- armed""
[12/28/2022 10:43:01 AM] [Info] [Group] Red__Bear [Red__Bear]: "/v hh-6"
[12/28/2022 10:44:27 AM] [Info] [Group] Red__Bear [Red__Bear]: "/heal"
[12/28/2022 10:45:50 AM] [Info] Red__Bear [Red__Bear] was blown up by a vehicle!
[12/28/2022 10:45:55 AM] [Info] [Group] Red__Bear [Red__Bear]: "/igps"
[12/28/2022 10:45:57 AM] [Info] [Group] Red__Bear [Red__Bear]: "/i gps"
[12/28/2022 10:46:02 AM] [Info] [Group] Red__Bear [Red__Bear]: "/teleport wp"
[12/28/2022 10:46:02 AM] [Info] Successfully teleported Red__Bear to waypoint!
[12/28/2022 10:47:18 AM] [Info] [Group] Red__Bear [Red__Bear]: "/heal"
[12/28/2022 10:47:20 AM] [Info] [Group] Red__Bear [Red__Bear]: "/god"
[12/28/2022 10:48:36 AM] [Info] [Group] Red__Bear [Red__Bear]: "/i lsr"
[12/28/2022 10:48:39 AM] [Info] [Group] Red__Bear [Red__Bear]: "/i ghost"
[12/28/2022 10:48:49 AM] [Info] [Group] Red__Bear [Red__Bear]: "/i casket 10"
[12/28/2022 10:51:08 AM] [Info] Disconnecting: PlayerID: 76561199035738472 Name: Red__Bear Character: Red__Bear
[12/28/2022 10:54:45 AM] [Info] BattlEye Server: Player #0 Red__Bear disconnected
[12/28/2022 10:54:45 AM] [Info] Lost connection to Steam servers because k_EResultNoConnection
[12/28/2022 12:06:42 PM] [Info] 
[unloading] MoreHomes
