[3/31/2023 6:04:51 PM] [Info] Steam servers ready!
[3/31/2023 6:04:51 PM] [Info] Workshop install folder: C:\Program Files (x86)\Steam\steamapps\common\U3DS/Servers/LFO/Workshop/Steam
[3/31/2023 6:04:51 PM] [Info] 15 workshop item(s) requested
[3/31/2023 6:04:51 PM] [Info] Submitting workshop query for 15 item(s)...
[3/31/2023 6:04:51 PM] [Info] Workshop query yielded 15 result(s)
[3/31/2023 6:04:51 PM] [Info] This server's allowed IP for Workshop downloads: 73.253.101.49
[3/31/2023 6:08:04 PM] [Info] 877777769 'Furniture Expansion' queued for download
[3/31/2023 6:08:04 PM] [Info] 1717095606 'Creator Tools' queued for download
[3/31/2023 6:08:04 PM] [Info] Authorized to download 2069342497 'Survivor's Expansion'
[3/31/2023 6:08:04 PM] [Info] 2069342497 'Survivor's Expansion' queued for download
[3/31/2023 6:08:04 PM] [Info] 2133808330 'Music Remaster 3.0' queued for download
[3/31/2023 6:08:04 PM] [Info] 1232252658 'More Farming Mod' queued for download
[3/31/2023 6:08:04 PM] [Info] 1909152337 'California Assets' queued for download
[3/31/2023 6:08:04 PM] [Info] Authorized to download 2802239233 'UDarkRP Vehicles'
[3/31/2023 6:08:04 PM] [Info] 2802239233 'UDarkRP Vehicles' queued for download
[3/31/2023 6:08:04 PM] [Info] 2683620106 'Arid' queued for download
[3/31/2023 6:08:04 PM] [Info] 2839462324 'Uncreated Content' queued for download
[3/31/2023 6:08:04 PM] [Info] 1727733956 'Pento's Tactical Apparel' queued for download
[3/31/2023 6:08:04 PM] [Info] 1516033219 'Carpat Bundles' queued for download
[3/31/2023 6:08:04 PM] [Info] 2541661347 'Tyrant's Arctic Apparel' queued for download
[3/31/2023 6:08:04 PM] [Info] 2099073425 'Paradise Stereo [3.28]' queued for download
[3/31/2023 6:08:04 PM] [Info] 2365700338 'Vanilla Vehicles 2' queued for download
[3/31/2023 6:08:04 PM] [Info] 2852980785 'Alaska' queued for download
[3/31/2023 6:08:04 PM] [Info] 2852980785 'Alaska' has 9 children
[3/31/2023 6:08:04 PM] [Info] 	1232252658 (already queued)
[3/31/2023 6:08:04 PM] [Info] 	1516033219 (already queued)
[3/31/2023 6:08:04 PM] [Info] 	2069342497 (already queued)
[3/31/2023 6:08:04 PM] [Info] 	2099073425 (already queued)
[3/31/2023 6:08:04 PM] [Info] 	2365700338 (already queued)
[3/31/2023 6:08:04 PM] [Info] 	2541661347 (already queued)
[3/31/2023 6:08:04 PM] [Info] 	1717095606 (already queued)
[3/31/2023 6:08:04 PM] [Info] 	2133808330 (already queued)
[3/31/2023 6:08:04 PM] [Info] 	2839462324 (already queued)
[3/31/2023 6:08:04 PM] [Info] 15 workshop item(s) to download...
[3/31/2023 6:08:04 PM] [Info] Workshop item found in cache: 877777769
[3/31/2023 6:08:04 PM] [Info] Installing workshop item: 877777769
[3/31/2023 6:08:04 PM] [Info] Installed workshop item: 877777769
[3/31/2023 6:08:04 PM] [Info] Workshop item found in cache: 1717095606
[3/31/2023 6:08:04 PM] [Info] Installing workshop item: 1717095606
[3/31/2023 6:08:04 PM] [Info] Installed workshop item: 1717095606
[3/31/2023 6:08:04 PM] [Info] Workshop item found in cache: 2069342497
[3/31/2023 6:08:04 PM] [Info] Installing workshop item: 2069342497
[3/31/2023 6:08:04 PM] [Info] Installed workshop item: 2069342497
[3/31/2023 6:08:04 PM] [Info] Workshop item found in cache: 2133808330
[3/31/2023 6:08:04 PM] [Info] Installing workshop item: 2133808330
[3/31/2023 6:08:04 PM] [Info] Installed workshop item: 2133808330
[3/31/2023 6:08:04 PM] [Info] Workshop item found in cache: 1232252658
[3/31/2023 6:08:04 PM] [Info] Installing workshop item: 1232252658
[3/31/2023 6:08:04 PM] [Info] Installed workshop item: 1232252658
[3/31/2023 6:08:04 PM] [Info] Workshop item found in cache: 1909152337
[3/31/2023 6:08:04 PM] [Info] Installing workshop item: 1909152337
[3/31/2023 6:08:04 PM] [Info] Installed workshop item: 1909152337
[3/31/2023 6:08:04 PM] [Info] Workshop item found in cache: 2802239233
[3/31/2023 6:08:04 PM] [Info] Installing workshop item: 2802239233
[3/31/2023 6:08:04 PM] [Info] Installed workshop item: 2802239233
[3/31/2023 6:08:04 PM] [Info] Workshop item found in cache: 2683620106
[3/31/2023 6:08:04 PM] [Info] Installing workshop item: 2683620106
[3/31/2023 6:08:04 PM] [Info] Installed workshop item: 2683620106
[3/31/2023 6:08:04 PM] [Info] Workshop item found in cache: 2839462324
[3/31/2023 6:08:04 PM] [Info] Installing workshop item: 2839462324
[3/31/2023 6:08:04 PM] [Error] Exception has been thrown by the target of an invocation.
[3/31/2023 6:08:04 PM] [Error]   at System.Reflection.MonoCMethod.InternalInvoke (System.Object obj, System.Object[] parameters) [0x00014] in <695d1cc93cca45069c528c15c9fdd749>:0 
  at System.Reflection.MonoCMethod.DoInvoke (System.Object obj, System.Reflection.BindingFlags invokeAttr, System.Reflection.Binder binder, System.Object[] parameters, System.Globalization.CultureInfo culture) [0x0007a] in <695d1cc93cca45069c528c15c9fdd749>:0 
  at System.Reflection.MonoCMethod.Invoke (System.Reflection.BindingFlags invokeAttr, System.Reflection.Binder binder, System.Object[] parameters, System.Globalization.CultureInfo culture) [0x00000] in <695d1cc93cca45069c528c15c9fdd749>:0 
  at System.RuntimeType.CreateInstanceImpl (System.Reflection.BindingFlags bindingAttr, System.Reflection.Binder binder, System.Object[] args, System.Globalization.CultureInfo culture, System.Object[] activationAttributes, System.Threading.StackCrawlMark& stackMark) [0x00213] in <695d1cc93cca45069c528c15c9fdd749>:0 
  at System.Activator.CreateInstance (System.Type type, System.Reflection.BindingFlags bindingAttr, System.Reflection.Binder binder, System.Object[] args, System.Globalization.CultureInfo culture, System.Object[] activationAttributes) [0x00095] in <695d1cc93cca45069c528c15c9fdd749>:0 
  at System.Activator.CreateInstance (System.Type type, System.Object[] args) [0x00000] in <695d1cc93cca45069c528c15c9fdd749>:0 
  at SDG.Unturned.Assets.loadFile (SDG.Unturned.Assets+ScannedFileInfo file) [0x0051e] in <54e67d1282114510a1498517977c05f3>:0 
[3/31/2023 6:08:04 PM] [Error] Missing effect gameobject
[3/31/2023 6:08:04 PM] [Error]   at SDG.Unturned.EffectAsset..ctor (SDG.Unturned.Bundle bundle, SDG.Unturned.Data data, SDG.Unturned.Local localization, System.UInt16 id) [0x00053] in <54e67d1282114510a1498517977c05f3>:0 
  at (wrapper managed-to-native) System.Reflection.MonoCMethod.InternalInvoke(System.Reflection.MonoCMethod,object,object[],System.Exception&)
  at System.Reflection.MonoCMethod.InternalInvoke (System.Object obj, System.Object[] parameters) [0x00002] in <695d1cc93cca45069c528c15c9fdd749>:0 
[3/31/2023 6:08:04 PM] [Error] Exception has been thrown by the target of an invocation.
[3/31/2023 6:08:04 PM] [Error]   at System.Reflection.MonoCMethod.InternalInvoke (System.Object obj, System.Object[] parameters) [0x00014] in <695d1cc93cca45069c528c15c9fdd749>:0 
  at System.Reflection.MonoCMethod.DoInvoke (System.Object obj, System.Reflection.BindingFlags invokeAttr, System.Reflection.Binder binder, System.Object[] parameters, System.Globalization.CultureInfo culture) [0x0007a] in <695d1cc93cca45069c528c15c9fdd749>:0 
  at System.Reflection.MonoCMethod.Invoke (System.Reflection.BindingFlags invokeAttr, System.Reflection.Binder binder, System.Object[] parameters, System.Globalization.CultureInfo culture) [0x00000] in <695d1cc93cca45069c528c15c9fdd749>:0 
  at System.RuntimeType.CreateInstanceImpl (System.Reflection.BindingFlags bindingAttr, System.Reflection.Binder binder, System.Object[] args, System.Globalization.CultureInfo culture, System.Object[] activationAttributes, System.Threading.StackCrawlMark& stackMark) [0x00213] in <695d1cc93cca45069c528c15c9fdd749>:0 
  at System.Activator.CreateInstance (System.Type type, System.Reflection.BindingFlags bindingAttr, System.Reflection.Binder binder, System.Object[] args, System.Globalization.CultureInfo culture, System.Object[] activationAttributes) [0x00095] in <695d1cc93cca45069c528c15c9fdd749>:0 
  at System.Activator.CreateInstance (System.Type type, System.Object[] args) [0x00000] in <695d1cc93cca45069c528c15c9fdd749>:0 
  at SDG.Unturned.Assets.loadFile (SDG.Unturned.Assets+ScannedFileInfo file) [0x0051e] in <54e67d1282114510a1498517977c05f3>:0 
[3/31/2023 6:08:04 PM] [Error] Missing effect gameobject
[3/31/2023 6:08:04 PM] [Error]   at SDG.Unturned.EffectAsset..ctor (SDG.Unturned.Bundle bundle, SDG.Unturned.Data data, SDG.Unturned.Local localization, System.UInt16 id) [0x00053] in <54e67d1282114510a1498517977c05f3>:0 
  at (wrapper managed-to-native) System.Reflection.MonoCMethod.InternalInvoke(System.Reflection.MonoCMethod,object,object[],System.Exception&)
  at System.Reflection.MonoCMethod.InternalInvoke (System.Object obj, System.Object[] parameters) [0x00002] in <695d1cc93cca45069c528c15c9fdd749>:0 
[3/31/2023 6:08:04 PM] [Error] Exception has been thrown by the target of an invocation.
[3/31/2023 6:08:04 PM] [Error]   at System.Reflection.MonoCMethod.InternalInvoke (System.Object obj, System.Object[] parameters) [0x00014] in <695d1cc93cca45069c528c15c9fdd749>:0 
  at System.Reflection.MonoCMethod.DoInvoke (System.Object obj, System.Reflection.BindingFlags invokeAttr, System.Reflection.Binder binder, System.Object[] parameters, System.Globalization.CultureInfo culture) [0x0007a] in <695d1cc93cca45069c528c15c9fdd749>:0 
  at System.Reflection.MonoCMethod.Invoke (System.Reflection.BindingFlags invokeAttr, System.Reflection.Binder binder, System.Object[] parameters, System.Globalization.CultureInfo culture) [0x00000] in <695d1cc93cca45069c528c15c9fdd749>:0 
  at System.RuntimeType.CreateInstanceImpl (System.Reflection.BindingFlags bindingAttr, System.Reflection.Binder binder, System.Object[] args, System.Globalization.CultureInfo culture, System.Object[] activationAttributes, System.Threading.StackCrawlMark& stackMark) [0x00213] in <695d1cc93cca45069c528c15c9fdd749>:0 
  at System.Activator.CreateInstance (System.Type type, System.Reflection.BindingFlags bindingAttr, System.Reflection.Binder binder, System.Object[] args, System.Globalization.CultureInfo culture, System.Object[] activationAttributes) [0x00095] in <695d1cc93cca45069c528c15c9fdd749>:0 
  at System.Activator.CreateInstance (System.Type type, System.Object[] args) [0x00000] in <695d1cc93cca45069c528c15c9fdd749>:0 
  at SDG.Unturned.Assets.loadFile (SDG.Unturned.Assets+ScannedFileInfo file) [0x0051e] in <54e67d1282114510a1498517977c05f3>:0 
[3/31/2023 6:08:04 PM] [Error] Missing effect gameobject
[3/31/2023 6:08:04 PM] [Error]   at SDG.Unturned.EffectAsset..ctor (SDG.Unturned.Bundle bundle, SDG.Unturned.Data data, SDG.Unturned.Local localization, System.UInt16 id) [0x00053] in <54e67d1282114510a1498517977c05f3>:0 
  at (wrapper managed-to-native) System.Reflection.MonoCMethod.InternalInvoke(System.Reflection.MonoCMethod,object,object[],System.Exception&)
  at System.Reflection.MonoCMethod.InternalInvoke (System.Object obj, System.Object[] parameters) [0x00002] in <695d1cc93cca45069c528c15c9fdd749>:0 
[3/31/2023 6:08:04 PM] [Error] Exception has been thrown by the target of an invocation.
[3/31/2023 6:08:04 PM] [Error]   at System.Reflection.MonoCMethod.InternalInvoke (System.Object obj, System.Object[] parameters) [0x00014] in <695d1cc93cca45069c528c15c9fdd749>:0 
  at System.Reflection.MonoCMethod.DoInvoke (System.Object obj, System.Reflection.BindingFlags invokeAttr, System.Reflection.Binder binder, System.Object[] parameters, System.Globalization.CultureInfo culture) [0x0007a] in <695d1cc93cca45069c528c15c9fdd749>:0 
  at System.Reflection.MonoCMethod.Invoke (System.Reflection.BindingFlags invokeAttr, System.Reflection.Binder binder, System.Object[] parameters, System.Globalization.CultureInfo culture) [0x00000] in <695d1cc93cca45069c528c15c9fdd749>:0 
  at System.RuntimeType.CreateInstanceImpl (System.Reflection.BindingFlags bindingAttr, System.Reflection.Binder binder, System.Object[] args, System.Globalization.CultureInfo culture, System.Object[] activationAttributes, System.Threading.StackCrawlMark& stackMark) [0x00213] in <695d1cc93cca45069c528c15c9fdd749>:0 
  at System.Activator.CreateInstance (System.Type type, System.Reflection.BindingFlags bindingAttr, System.Reflection.Binder binder, System.Object[] args, System.Globalization.CultureInfo culture, System.Object[] activationAttributes) [0x00095] in <695d1cc93cca45069c528c15c9fdd749>:0 
  at System.Activator.CreateInstance (System.Type type, System.Object[] args) [0x00000] in <695d1cc93cca45069c528c15c9fdd749>:0 
  at SDG.Unturned.Assets.loadFile (SDG.Unturned.Assets+ScannedFileInfo file) [0x0051e] in <54e67d1282114510a1498517977c05f3>:0 
[3/31/2023 6:08:04 PM] [Error] Missing effect gameobject
[3/31/2023 6:08:04 PM] [Error]   at SDG.Unturned.EffectAsset..ctor (SDG.Unturned.Bundle bundle, SDG.Unturned.Data data, SDG.Unturned.Local localization, System.UInt16 id) [0x00053] in <54e67d1282114510a1498517977c05f3>:0 
  at (wrapper managed-to-native) System.Reflection.MonoCMethod.InternalInvoke(System.Reflection.MonoCMethod,object,object[],System.Exception&)
  at System.Reflection.MonoCMethod.InternalInvoke (System.Object obj, System.Object[] parameters) [0x00002] in <695d1cc93cca45069c528c15c9fdd749>:0 
[3/31/2023 6:08:04 PM] [Error] Exception has been thrown by the target of an invocation.
[3/31/2023 6:08:04 PM] [Error]   at System.Reflection.MonoCMethod.InternalInvoke (System.Object obj, System.Object[] parameters) [0x00014] in <695d1cc93cca45069c528c15c9fdd749>:0 
  at System.Reflection.MonoCMethod.DoInvoke (System.Object obj, System.Reflection.BindingFlags invokeAttr, System.Reflection.Binder binder, System.Object[] parameters, System.Globalization.CultureInfo culture) [0x0007a] in <695d1cc93cca45069c528c15c9fdd749>:0 
  at System.Reflection.MonoCMethod.Invoke (System.Reflection.BindingFlags invokeAttr, System.Reflection.Binder binder, System.Object[] parameters, System.Globalization.CultureInfo culture) [0x00000] in <695d1cc93cca45069c528c15c9fdd749>:0 
  at System.RuntimeType.CreateInstanceImpl (System.Reflection.BindingFlags bindingAttr, System.Reflection.Binder binder, System.Object[] args, System.Globalization.CultureInfo culture, System.Object[] activationAttributes, System.Threading.StackCrawlMark& stackMark) [0x00213] in <695d1cc93cca45069c528c15c9fdd749>:0 
  at System.Activator.CreateInstance (System.Type type, System.Reflection.BindingFlags bindingAttr, System.Reflection.Binder binder, System.Object[] args, System.Globalization.CultureInfo culture, System.Object[] activationAttributes) [0x00095] in <695d1cc93cca45069c528c15c9fdd749>:0 
  at System.Activator.CreateInstance (System.Type type, System.Object[] args) [0x00000] in <695d1cc93cca45069c528c15c9fdd749>:0 
  at SDG.Unturned.Assets.loadFile (SDG.Unturned.Assets+ScannedFileInfo file) [0x0051e] in <54e67d1282114510a1498517977c05f3>:0 
[3/31/2023 6:08:04 PM] [Error] Missing effect gameobject
[3/31/2023 6:08:04 PM] [Error]   at SDG.Unturned.EffectAsset..ctor (SDG.Unturned.Bundle bundle, SDG.Unturned.Data data, SDG.Unturned.Local localization, System.UInt16 id) [0x00053] in <54e67d1282114510a1498517977c05f3>:0 
  at (wrapper managed-to-native) System.Reflection.MonoCMethod.InternalInvoke(System.Reflection.MonoCMethod,object,object[],System.Exception&)
  at System.Reflection.MonoCMethod.InternalInvoke (System.Object obj, System.Object[] parameters) [0x00002] in <695d1cc93cca45069c528c15c9fdd749>:0 
[3/31/2023 6:08:04 PM] [Error] Exception has been thrown by the target of an invocation.
[3/31/2023 6:08:04 PM] [Error]   at System.Reflection.MonoCMethod.InternalInvoke (System.Object obj, System.Object[] parameters) [0x00014] in <695d1cc93cca45069c528c15c9fdd749>:0 
  at System.Reflection.MonoCMethod.DoInvoke (System.Object obj, System.Reflection.BindingFlags invokeAttr, System.Reflection.Binder binder, System.Object[] parameters, System.Globalization.CultureInfo culture) [0x0007a] in <695d1cc93cca45069c528c15c9fdd749>:0 
  at System.Reflection.MonoCMethod.Invoke (System.Reflection.BindingFlags invokeAttr, System.Reflection.Binder binder, System.Object[] parameters, System.Globalization.CultureInfo culture) [0x00000] in <695d1cc93cca45069c528c15c9fdd749>:0 
  at System.RuntimeType.CreateInstanceImpl (System.Reflection.BindingFlags bindingAttr, System.Reflection.Binder binder, System.Object[] args, System.Globalization.CultureInfo culture, System.Object[] activationAttributes, System.Threading.StackCrawlMark& stackMark) [0x00213] in <695d1cc93cca45069c528c15c9fdd749>:0 
  at System.Activator.CreateInstance (System.Type type, System.Reflection.BindingFlags bindingAttr, System.Reflection.Binder binder, System.Object[] args, System.Globalization.CultureInfo culture, System.Object[] activationAttributes) [0x00095] in <695d1cc93cca45069c528c15c9fdd749>:0 
  at System.Activator.CreateInstance (System.Type type, System.Object[] args) [0x00000] in <695d1cc93cca45069c528c15c9fdd749>:0 
  at SDG.Unturned.Assets.loadFile (SDG.Unturned.Assets+ScannedFileInfo file) [0x0051e] in <54e67d1282114510a1498517977c05f3>:0 
[3/31/2023 6:08:04 PM] [Error] Missing effect gameobject
[3/31/2023 6:08:04 PM] [Error]   at SDG.Unturned.EffectAsset..ctor (SDG.Unturned.Bundle bundle, SDG.Unturned.Data data, SDG.Unturned.Local localization, System.UInt16 id) [0x00053] in <54e67d1282114510a1498517977c05f3>:0 
  at (wrapper managed-to-native) System.Reflection.MonoCMethod.InternalInvoke(System.Reflection.MonoCMethod,object,object[],System.Exception&)
  at System.Reflection.MonoCMethod.InternalInvoke (System.Object obj, System.Object[] parameters) [0x00002] in <695d1cc93cca45069c528c15c9fdd749>:0 
[3/31/2023 6:08:04 PM] [Error] Exception has been thrown by the target of an invocation.
[3/31/2023 6:08:04 PM] [Error]   at System.Reflection.MonoCMethod.InternalInvoke (System.Object obj, System.Object[] parameters) [0x00014] in <695d1cc93cca45069c528c15c9fdd749>:0 
  at System.Reflection.MonoCMethod.DoInvoke (System.Object obj, System.Reflection.BindingFlags invokeAttr, System.Reflection.Binder binder, System.Object[] parameters, System.Globalization.CultureInfo culture) [0x0007a] in <695d1cc93cca45069c528c15c9fdd749>:0 
  at System.Reflection.MonoCMethod.Invoke (System.Reflection.BindingFlags invokeAttr, System.Reflection.Binder binder, System.Object[] parameters, System.Globalization.CultureInfo culture) [0x00000] in <695d1cc93cca45069c528c15c9fdd749>:0 
  at System.RuntimeType.CreateInstanceImpl (System.Reflection.BindingFlags bindingAttr, System.Reflection.Binder binder, System.Object[] args, System.Globalization.CultureInfo culture, System.Object[] activationAttributes, System.Threading.StackCrawlMark& stackMark) [0x00213] in <695d1cc93cca45069c528c15c9fdd749>:0 
  at System.Activator.CreateInstance (System.Type type, System.Reflection.BindingFlags bindingAttr, System.Reflection.Binder binder, System.Object[] args, System.Globalization.CultureInfo culture, System.Object[] activationAttributes) [0x00095] in <695d1cc93cca45069c528c15c9fdd749>:0 
  at System.Activator.CreateInstance (System.Type type, System.Object[] args) [0x00000] in <695d1cc93cca45069c528c15c9fdd749>:0 
  at SDG.Unturned.Assets.loadFile (SDG.Unturned.Assets+ScannedFileInfo file) [0x0051e] in <54e67d1282114510a1498517977c05f3>:0 
[3/31/2023 6:08:04 PM] [Error] Missing effect gameobject
[3/31/2023 6:08:04 PM] [Error]   at SDG.Unturned.EffectAsset..ctor (SDG.Unturned.Bundle bundle, SDG.Unturned.Data data, SDG.Unturned.Local localization, System.UInt16 id) [0x00053] in <54e67d1282114510a1498517977c05f3>:0 
  at (wrapper managed-to-native) System.Reflection.MonoCMethod.InternalInvoke(System.Reflection.MonoCMethod,object,object[],System.Exception&)
  at System.Reflection.MonoCMethod.InternalInvoke (System.Object obj, System.Object[] parameters) [0x00002] in <695d1cc93cca45069c528c15c9fdd749>:0 
[3/31/2023 6:08:04 PM] [Error] Exception has been thrown by the target of an invocation.
[3/31/2023 6:08:04 PM] [Error]   at System.Reflection.MonoCMethod.InternalInvoke (System.Object obj, System.Object[] parameters) [0x00014] in <695d1cc93cca45069c528c15c9fdd749>:0 
  at System.Reflection.MonoCMethod.DoInvoke (System.Object obj, System.Reflection.BindingFlags invokeAttr, System.Reflection.Binder binder, System.Object[] parameters, System.Globalization.CultureInfo culture) [0x0007a] in <695d1cc93cca45069c528c15c9fdd749>:0 
  at System.Reflection.MonoCMethod.Invoke (System.Reflection.BindingFlags invokeAttr, System.Reflection.Binder binder, System.Object[] parameters, System.Globalization.CultureInfo culture) [0x00000] in <695d1cc93cca45069c528c15c9fdd749>:0 
  at System.RuntimeType.CreateInstanceImpl (System.Reflection.BindingFlags bindingAttr, System.Reflection.Binder binder, System.Object[] args, System.Globalization.CultureInfo culture, System.Object[] activationAttributes, System.Threading.StackCrawlMark& stackMark) [0x00213] in <695d1cc93cca45069c528c15c9fdd749>:0 
  at System.Activator.CreateInstance (System.Type type, System.Reflection.BindingFlags bindingAttr, System.Reflection.Binder binder, System.Object[] args, System.Globalization.CultureInfo culture, System.Object[] activationAttributes) [0x00095] in <695d1cc93cca45069c528c15c9fdd749>:0 
  at System.Activator.CreateInstance (System.Type type, System.Object[] args) [0x00000] in <695d1cc93cca45069c528c15c9fdd749>:0 
  at SDG.Unturned.Assets.loadFile (SDG.Unturned.Assets+ScannedFileInfo file) [0x0051e] in <54e67d1282114510a1498517977c05f3>:0 
[3/31/2023 6:08:04 PM] [Error] Missing effect gameobject
[3/31/2023 6:08:04 PM] [Error]   at SDG.Unturned.EffectAsset..ctor (SDG.Unturned.Bundle bundle, SDG.Unturned.Data data, SDG.Unturned.Local localization, System.UInt16 id) [0x00053] in <54e67d1282114510a1498517977c05f3>:0 
  at (wrapper managed-to-native) System.Reflection.MonoCMethod.InternalInvoke(System.Reflection.MonoCMethod,object,object[],System.Exception&)
  at System.Reflection.MonoCMethod.InternalInvoke (System.Object obj, System.Object[] parameters) [0x00002] in <695d1cc93cca45069c528c15c9fdd749>:0 
[3/31/2023 6:08:04 PM] [Info] Installed workshop item: 2839462324
[3/31/2023 6:08:05 PM] [Info] Workshop item found in cache: 1727733956
[3/31/2023 6:08:05 PM] [Info] Installing workshop item: 1727733956
[3/31/2023 6:08:05 PM] [Info] Installed workshop item: 1727733956
[3/31/2023 6:08:05 PM] [Info] Workshop item found in cache: 1516033219
[3/31/2023 6:08:05 PM] [Info] Installing workshop item: 1516033219
[3/31/2023 6:08:05 PM] [Info] Installed workshop item: 1516033219
[3/31/2023 6:08:05 PM] [Info] Workshop item found in cache: 2541661347
[3/31/2023 6:08:05 PM] [Info] Installing workshop item: 2541661347
[3/31/2023 6:08:05 PM] [Info] Installed workshop item: 2541661347
[3/31/2023 6:08:05 PM] [Info] Workshop item found in cache: 2099073425
[3/31/2023 6:08:05 PM] [Info] Installing workshop item: 2099073425
[3/31/2023 6:08:05 PM] [Info] Installed workshop item: 2099073425
[3/31/2023 6:08:05 PM] [Info] Workshop item found in cache: 2365700338
[3/31/2023 6:08:05 PM] [Info] Installing workshop item: 2365700338
[3/31/2023 6:08:05 PM] [Error] Value cannot be null.
Parameter name: key
[3/31/2023 6:08:05 PM] [Error]   at System.Collections.Generic.Dictionary`2[TKey,TValue].FindEntry (TKey key) [0x00008] in <695d1cc93cca45069c528c15c9fdd749>:0 
  at System.Collections.Generic.Dictionary`2[TKey,TValue].TryGetValue (TKey key, TValue& value) [0x00000] in <695d1cc93cca45069c528c15c9fdd749>:0 
  at SDG.Framework.IO.FormattedFiles.KeyValueTables.KeyValueTableReader.readDictionary (System.IO.StreamReader input, System.Collections.Generic.Dictionary`2[TKey,TValue] scope) [0x000fe] in <54e67d1282114510a1498517977c05f3>:0 
  at SDG.Framework.IO.FormattedFiles.KeyValueTables.KeyValueTableReader..ctor (System.IO.StreamReader input) [0x00019] in <54e67d1282114510a1498517977c05f3>:0 
  at SDG.Framework.IO.FormattedFiles.KeyValueTables.KeyValueTableReader.readDictionary (System.IO.StreamReader input, System.Collections.Generic.Dictionary`2[TKey,TValue] scope) [0x00124] in <54e67d1282114510a1498517977c05f3>:0 
  at SDG.Framework.IO.FormattedFiles.KeyValueTables.KeyValueTableReader..ctor (System.IO.StreamReader input) [0x00019] in <54e67d1282114510a1498517977c05f3>:0 
  at SDG.Unturned.Assets.loadFile (SDG.Unturned.Assets+ScannedFileInfo file) [0x0002f] in <54e67d1282114510a1498517977c05f3>:0 
[3/31/2023 6:08:05 PM] [Info] Installed workshop item: 2365700338
[3/31/2023 6:08:05 PM] [Info] Workshop item found in cache: 2852980785
[3/31/2023 6:08:05 PM] [Info] Installing workshop item: 2852980785
[3/31/2023 6:08:05 PM] [Info] Installed workshop item: 2852980785
[3/31/2023 6:08:05 PM] [Info] Loading level: 8%
[3/31/2023 6:08:08 PM] [Info] Loading level: 16%
[3/31/2023 6:08:11 PM] [Info] Loading level: 25%
[3/31/2023 6:08:11 PM] [Info] Loading level: 33%
[3/31/2023 6:08:11 PM] [Info] Loading level: 41%
[3/31/2023 6:08:11 PM] [Info] Loading level: 50%
[3/31/2023 6:08:11 PM] [Info] Loading level: 58%
[3/31/2023 6:08:11 PM] [Info] Loading level: 66%
[3/31/2023 6:08:11 PM] [Info] Loading level: 75%
[3/31/2023 6:08:11 PM] [Info] Loading level: 83%
[3/31/2023 6:08:11 PM] [Info] Loading level: 91%
[3/31/2023 6:08:11 PM] [Info] Loading level: 100%
[3/31/2023 6:08:20 PM] [Error] Failed to generate an item with ID 31368 from type Military_Low_Peaks [2]
[3/31/2023 6:08:20 PM] [Error] Failed to generate an item with ID 31368 from type Guns_Peaks [18]
[3/31/2023 6:08:20 PM] [Error] Failed to generate an item with ID 31368 from type Military_Low_Peaks [2]
[3/31/2023 6:28:21 PM] [Error] Failed to generate an item with ID 31368 from type Coalition_Low_Peaks [28]
[3/31/2023 6:28:21 PM] [Error] Failed to generate an item with ID 31368 from type Coalition_High_Peaks [29]
[3/31/2023 6:28:21 PM] [Error] Failed to generate an item with ID 36115 from type Fire [6]
[3/31/2023 6:28:21 PM] [Error] Failed to generate an item with ID 36110 from type Fire [6]
[3/31/2023 6:28:21 PM] [Error] Failed to respawn an item with ID 31368 from type Military_Low_Peaks [2]
[3/31/2023 6:28:21 PM] [Error] Failed to respawn an item with ID 31368 from type Military_Low_Peaks [2]
[3/31/2023 6:43:24 PM] [Error] Failed to respawn an item with ID 31368 from type Military_High_Peaks [3]
[3/31/2023 6:48:21 PM] [Error] Failed to respawn an item with ID 31368 from type Military_Low_Peaks [2]
[3/31/2023 6:53:24 PM] [Error] Failed to respawn an item with ID 31368 from type Military_High_Peaks [3]
[3/31/2023 6:58:25 PM] [Error] Failed to respawn an item with ID 36114 from type Fire [6]
[3/31/2023 7:03:21 PM] [Error] Failed to respawn an item with ID 31368 from type Military_High_Peaks [3]
[3/31/2023 7:03:24 PM] [Error] Failed to respawn an item with ID 31368 from type Coalition_Low_Peaks [28]
[3/31/2023 7:03:24 PM] [Error] Failed to respawn an item with ID 31368 from type Coalition_High_Peaks [29]
[3/31/2023 7:08:21 PM] [Error] Failed to respawn an item with ID 31368 from type Military_Low_Peaks [2]
[3/31/2023 7:13:26 PM] [Error] Failed to respawn an item with ID 36112 from type Fire [6]
[3/31/2023 7:13:27 PM] [Error] Failed to respawn an item with ID 31368 from type Police_Low_Peaks [0]
[3/31/2023 7:13:30 PM] [Error] Failed to respawn an item with ID 36821 from type Fire [6]
[3/31/2023 7:13:31 PM] [Error] Failed to respawn an item with ID 36114 from type Fire [6]
[3/31/2023 7:18:21 PM] [Error] Failed to respawn an item with ID 31368 from type Military_Low_Peaks [2]
[3/31/2023 7:18:25 PM] [Error] Failed to respawn an item with ID 36110 from type Fire [6]
[3/31/2023 7:28:26 PM] [Error] Failed to respawn an item with ID 36116 from type Fire [6]
[3/31/2023 7:38:22 PM] [Error] Failed to respawn an item with ID 31368 from type Military_High_Peaks [3]
[3/31/2023 7:38:26 PM] [Error] Failed to respawn an item with ID 36820 from type Fire [6]
[3/31/2023 7:48:22 PM] [Error] Failed to respawn an item with ID 31368 from type Military_High_Peaks [3]
[3/31/2023 7:53:25 PM] [Error] Failed to respawn an item with ID 31368 from type Coalition_Low_Peaks [28]
[3/31/2023 7:53:28 PM] [Error] Failed to respawn an item with ID 36113 from type Fire [6]
[3/31/2023 7:53:31 PM] [Error] Failed to respawn an item with ID 36110 from type Fire [6]
[3/31/2023 8:03:29 PM] [Error] Failed to respawn an item with ID 31368 from type Military_Low_Peaks [2]
[3/31/2023 8:03:30 PM] [Error] Failed to respawn an item with ID 36112 from type Fire [6]
[3/31/2023 8:03:32 PM] [Error] Failed to respawn an item with ID 36117 from type Fire [6]
[3/31/2023 8:03:32 PM] [Error] Failed to respawn an item with ID 36821 from type Fire [6]
[3/31/2023 8:13:30 PM] [Error] Failed to respawn an item with ID 36821 from type Fire [6]
[3/31/2023 8:13:32 PM] [Error] Failed to respawn an item with ID 36112 from type Fire [6]
[3/31/2023 8:18:26 PM] [Error] Failed to respawn an item with ID 36110 from type Fire [6]
[3/31/2023 8:23:31 PM] [Error] Failed to respawn an item with ID 31368 from type Military_Low_Peaks [2]
[3/31/2023 8:33:30 PM] [Error] Failed to respawn an item with ID 36821 from type Fire [6]
[3/31/2023 8:33:31 PM] [Error] Failed to respawn an item with ID 36115 from type Fire [6]
[3/31/2023 8:38:26 PM] [Error] Failed to respawn an item with ID 31368 from type Coalition_Low_Peaks [28]
[3/31/2023 8:38:26 PM] [Error] Failed to respawn an item with ID 36116 from type Fire [6]
[3/31/2023 8:43:22 PM] [Error] Failed to respawn an item with ID 31368 from type Military_High_Peaks [3]
[3/31/2023 8:48:26 PM] [Error] Failed to respawn an item with ID 36111 from type Fire [6]
[3/31/2023 8:53:29 PM] [Error] Failed to respawn an item with ID 31368 from type Coalition_Low_Peaks [28]
[3/31/2023 8:53:30 PM] [Error] Failed to respawn an item with ID 36821 from type Fire [6]
[3/31/2023 8:58:26 PM] [Error] Failed to respawn an item with ID 36113 from type Fire [6]
[3/31/2023 9:03:32 PM] [Error] Failed to respawn an item with ID 36111 from type Fire [6]
[3/31/2023 9:08:26 PM] [Error] Failed to respawn an item with ID 36111 from type Fire [6]
[3/31/2023 9:13:31 PM] [Error] Failed to respawn an item with ID 36115 from type Fire [6]
[3/31/2023 9:13:31 PM] [Error] Failed to respawn an item with ID 36820 from type Fire [6]
[3/31/2023 9:13:31 PM] [Error] Failed to respawn an item with ID 31368 from type Coalition_High_Peaks [29]
[3/31/2023 9:28:26 PM] [Error] Failed to respawn an item with ID 36117 from type Fire [6]
[3/31/2023 9:33:25 PM] [Error] Failed to respawn an item with ID 31368 from type Military_High_Peaks [3]
[3/31/2023 9:33:25 PM] [Error] Failed to respawn an item with ID 31368 from type Military_High_Peaks [3]
[3/31/2023 9:33:29 PM] [Error] Failed to respawn an item with ID 31368 from type Military_High_Peaks [3]
[3/31/2023 9:33:30 PM] [Error] Failed to respawn an item with ID 36110 from type Fire [6]
[3/31/2023 9:33:31 PM] [Error] Failed to respawn an item with ID 31368 from type Military_High_Peaks [3]
[3/31/2023 9:38:26 PM] [Error] Failed to respawn an item with ID 31368 from type Guns_Peaks [18]
[3/31/2023 9:43:22 PM] [Error] Failed to respawn an item with ID 31368 from type Military_High_Peaks [3]
[3/31/2023 9:43:42 PM] [Error] Failed to respawn an item with ID 31368 from type Military_High_Peaks [3]
[3/31/2023 9:49:19 PM] [Info] Lost connection to Steam servers because k_EResultNoConnection
[3/31/2023 9:49:34 PM] [Info] Failed to connect to Steam servers because k_EResultNoConnection, still retrying
[3/31/2023 9:49:54 PM] [Info] Lost connection to Steam servers because k_EResultNoConnection
[3/31/2023 9:49:54 PM] [Info] Failed to connect to Steam servers because k_EResultNoConnection, still retrying
[3/31/2023 9:50:12 PM] [Info] Failed to connect to Steam servers because k_EResultNoConnection, still retrying
[3/31/2023 9:50:44 PM] [Info] Failed to connect to Steam servers because k_EResultNoConnection, still retrying
[3/31/2023 9:51:21 PM] [Info] Failed to connect to Steam servers because k_EResultNoConnection, still retrying
[3/31/2023 9:52:28 PM] [Info] Failed to connect to Steam servers because k_EResultNoConnection, still retrying
[3/31/2023 9:53:32 PM] [Error] Failed to respawn an item with ID 36112 from type Fire [6]
[3/31/2023 9:56:27 PM] [Info] Failed to connect to Steam servers because k_EResultNoConnection, still retrying
[3/31/2023 9:58:26 PM] [Error] Failed to respawn an item with ID 36821 from type Fire [6]
[3/31/2023 9:59:39 PM] [Info] Failed to connect to Steam servers because k_EResultNoConnection, still retrying
[3/31/2023 10:03:21 PM] [Info] Failed to connect to Steam servers because k_EResultNoConnection, still retrying
[3/31/2023 10:08:26 PM] [Error] Failed to respawn an item with ID 36821 from type Fire [6]
[3/31/2023 10:08:26 PM] [Error] Failed to respawn an item with ID 36820 from type Fire [6]
[3/31/2023 10:17:05 PM] [Info] Failed to connect to Steam servers because k_EResultNoConnection, still retrying
[3/31/2023 10:18:26 PM] [Error] Failed to respawn an item with ID 36115 from type Fire [6]
[3/31/2023 10:23:30 PM] [Error] Failed to respawn an item with ID 31368 from type Police_Low_Peaks [0]
[3/31/2023 10:31:24 PM] [Info] Failed to connect to Steam servers because k_EResultNoConnection, still retrying
[3/31/2023 10:33:22 PM] [Error] Failed to respawn an item with ID 31368 from type Military_High_Peaks [3]
[3/31/2023 10:38:26 PM] [Error] Failed to respawn an item with ID 36113 from type Fire [6]
[3/31/2023 10:43:08 PM] [Info] Failed to connect to Steam servers because k_EResultNoConnection, still retrying
[3/31/2023 10:43:24 PM] [Error] Failed to respawn an item with ID 31368 from type Coalition_Low_Peaks [28]
[3/31/2023 10:43:42 PM] [Error] Failed to respawn an item with ID 31368 from type Military_Low_Peaks [2]
[3/31/2023 10:51:43 PM] [Info] Failed to connect to Steam servers because k_EResultNoConnection, still retrying
[3/31/2023 10:58:26 PM] [Error] Failed to respawn an item with ID 31368 from type Guns_Peaks [18]
[3/31/2023 10:58:26 PM] [Error] Failed to respawn an item with ID 31368 from type Guns_Peaks [18]
[3/31/2023 11:08:06 PM] [Info] Failed to connect to Steam servers because k_EResultNoConnection, still retrying
[3/31/2023 11:08:26 PM] [Error] Failed to respawn an item with ID 31368 from type Guns_Peaks [18]
[3/31/2023 11:08:26 PM] [Error] Failed to respawn an item with ID 36116 from type Fire [6]
[3/31/2023 11:13:22 PM] [Error] Failed to respawn an item with ID 31368 from type Military_High_Peaks [3]
[3/31/2023 11:13:23 PM] [Error] Failed to respawn an item with ID 31368 from type Military_High_Peaks [3]
[3/31/2023 11:18:22 PM] [Error] Failed to respawn an item with ID 31368 from type Military_Low_Peaks [2]
[3/31/2023 11:18:26 PM] [Error] Failed to respawn an item with ID 36820 from type Fire [6]
[3/31/2023 11:19:54 PM] [Error] Failed to respawn an item with ID 36113 from type Fire [6]
[3/31/2023 11:19:54 PM] [Info] Failed to connect to Steam servers because k_EResultNoConnection, still retrying
[3/31/2023 11:23:25 PM] [Error] Failed to respawn an item with ID 31368 from type Military_High_Peaks [3]
[3/31/2023 11:28:26 PM] [Error] Failed to respawn an item with ID 36113 from type Fire [6]
[3/31/2023 11:31:21 PM] [Info] Failed to connect to Steam servers because k_EResultNoConnection, still retrying
[3/31/2023 11:33:28 PM] [Error] Failed to respawn an item with ID 36821 from type Fire [6]
[3/31/2023 11:33:31 PM] [Error] Failed to respawn an item with ID 36115 from type Fire [6]
[3/31/2023 11:39:34 PM] [Info] Failed to connect to Steam servers because k_EResultNoConnection, still retrying
[3/31/2023 11:58:26 PM] [Error] Failed to respawn an item with ID 31368 from type Coalition_Low_Peaks [28]
[3/31/2023 11:58:26 PM] [Error] Failed to respawn an item with ID 36110 from type Fire [6]
[3/31/2023 11:59:32 PM] [Info] Failed to connect to Steam servers because k_EResultNoConnection, still retrying
[4/1/2023 12:08:26 AM] [Error] Failed to respawn an item with ID 36110 from type Fire [6]
[4/1/2023 12:13:25 AM] [Error] Failed to respawn an item with ID 31368 from type Military_High_Peaks [3]
[4/1/2023 12:18:26 AM] [Error] Failed to respawn an item with ID 36820 from type Fire [6]
[4/1/2023 12:18:26 AM] [Error] Failed to respawn an item with ID 36820 from type Fire [6]
[4/1/2023 12:19:13 AM] [Info] Failed to connect to Steam servers because k_EResultNoConnection, still retrying
[4/1/2023 12:23:25 AM] [Error] Failed to respawn an item with ID 31368 from type Military_Low_Peaks [2]
[4/1/2023 12:33:25 AM] [Error] Failed to respawn an item with ID 31368 from type Military_Low_Peaks [2]
[4/1/2023 12:40:41 AM] [Info] Failed to connect to Steam servers because k_EResultNoConnection, still retrying
[4/1/2023 12:48:22 AM] [Error] Failed to respawn an item with ID 31368 from type Military_High_Peaks [3]
[4/1/2023 12:58:22 AM] [Error] Failed to respawn an item with ID 31368 from type Military_Low_Peaks [2]
[4/1/2023 12:58:22 AM] [Error] Failed to respawn an item with ID 31368 from type Military_High_Peaks [3]
[4/1/2023 12:58:26 AM] [Error] Failed to respawn an item with ID 36820 from type Fire [6]
[4/1/2023 12:58:26 AM] [Error] Failed to respawn an item with ID 36113 from type Fire [6]
[4/1/2023 1:01:27 AM] [Info] Failed to connect to Steam servers because k_EResultNoConnection, still retrying
[4/1/2023 1:03:23 AM] [Error] Failed to respawn an item with ID 31368 from type Military_Low_Peaks [2]
[4/1/2023 1:03:26 AM] [Error] Failed to respawn an item with ID 31368 from type Coalition_Low_Peaks [28]
[4/1/2023 1:03:30 AM] [Error] Failed to respawn an item with ID 36820 from type Fire [6]
[4/1/2023 1:11:46 AM] [Info] Failed to connect to Steam servers because k_EResultNoConnection, still retrying
[4/1/2023 1:13:25 AM] [Error] Failed to respawn an item with ID 31368 from type Military_High_Peaks [3]
[4/1/2023 1:13:30 AM] [Error] Failed to respawn an item with ID 36820 from type Fire [6]
[4/1/2023 1:13:31 AM] [Error] Failed to respawn an item with ID 36116 from type Fire [6]
[4/1/2023 1:18:27 AM] [Error] Failed to respawn an item with ID 36115 from type Fire [6]
[4/1/2023 1:23:30 AM] [Error] Failed to respawn an item with ID 36820 from type Fire [6]
[4/1/2023 1:23:30 AM] [Error] Failed to respawn an item with ID 36117 from type Fire [6]
[4/1/2023 1:24:27 AM] [Info] Failed to connect to Steam servers because k_EResultNoConnection, still retrying
[4/1/2023 1:33:25 AM] [Error] Failed to respawn an item with ID 31368 from type Military_High_Peaks [3]
[4/1/2023 1:33:28 AM] [Error] Failed to respawn an item with ID 31368 from type Military_High_Peaks [3]
[4/1/2023 1:33:28 AM] [Error] Failed to respawn an item with ID 31368 from type Coalition_Low_Peaks [28]
[4/1/2023 1:45:54 AM] [Info] Failed to connect to Steam servers because k_EResultNoConnection, still retrying
[4/1/2023 1:58:23 AM] [Error] Failed to respawn an item with ID 31368 from type Military_Low_Peaks [2]
[4/1/2023 1:58:27 AM] [Error] Failed to respawn an item with ID 31368 from type Coalition_Low_Peaks [28]
[4/1/2023 1:58:27 AM] [Error] Failed to respawn an item with ID 36110 from type Fire [6]
[4/1/2023 2:03:54 AM] [Info] Failed to connect to Steam servers because k_EResultNoConnection, still retrying
[4/1/2023 2:08:23 AM] [Error] Failed to respawn an item with ID 31368 from type Military_High_Peaks [3]
[4/1/2023 2:13:31 AM] [Error] Failed to respawn an item with ID 31368 from type Military_High_Peaks [3]
[4/1/2023 2:13:33 AM] [Error] Failed to respawn an item with ID 36117 from type Fire [6]
[4/1/2023 2:23:25 AM] [Error] Failed to respawn an item with ID 31368 from type Police_High_Peaks [1]
[4/1/2023 2:23:29 AM] [Error] Failed to respawn an item with ID 31368 from type Military_Low_Peaks [2]
[4/1/2023 2:23:30 AM] [Error] Failed to respawn an item with ID 36114 from type Fire [6]
[4/1/2023 2:28:23 AM] [Error] Failed to respawn an item with ID 31368 from type Military_High_Peaks [3]
[4/1/2023 2:28:27 AM] [Error] Failed to respawn an item with ID 36821 from type Fire [6]
[4/1/2023 2:33:30 AM] [Error] Failed to respawn an item with ID 31368 from type Military_Low_Peaks [2]
[4/1/2023 2:43:22 AM] [Error] Failed to respawn an item with ID 31368 from type Military_High_Peaks [3]
[4/1/2023 2:43:26 AM] [Error] Failed to respawn an item with ID 31368 from type Police_High_Peaks [1]
[4/1/2023 2:48:27 AM] [Error] Failed to respawn an item with ID 36111 from type Fire [6]
[4/1/2023 2:53:28 AM] [Error] Failed to respawn an item with ID 36821 from type Fire [6]
[4/1/2023 3:13:28 AM] [Error] Failed to respawn an item with ID 31368 from type Coalition_Low_Peaks [28]
[4/1/2023 3:13:29 AM] [Error] Failed to respawn an item with ID 31368 from type Military_Low_Peaks [2]
[4/1/2023 3:13:29 AM] [Error] Failed to respawn an item with ID 31368 from type Military_Low_Peaks [2]
[4/1/2023 3:13:31 AM] [Error] Failed to respawn an item with ID 31368 from type Military_High_Peaks [3]
[4/1/2023 3:23:33 AM] [Error] Failed to respawn an item with ID 36115 from type Fire [6]
[4/1/2023 3:33:26 AM] [Error] Failed to respawn an item with ID 31368 from type Military_High_Peaks [3]
[4/1/2023 3:34:39 AM] [Info] Lost connection to Steam servers because k_EResultNoConnection
[4/1/2023 3:34:39 AM] [Info] Failed to connect to Steam servers because k_EResultNoConnection, still retrying
[4/1/2023 3:34:51 AM] [Info] Failed to connect to Steam servers because k_EResultNoConnection, still retrying
[4/1/2023 3:35:12 AM] [Info] Failed to connect to Steam servers because k_EResultNoConnection, still retrying
[4/1/2023 3:36:26 AM] [Info] Failed to connect to Steam servers because k_EResultNoConnection, still retrying
[4/1/2023 3:37:47 AM] [Info] Failed to connect to Steam servers because k_EResultNoConnection, still retrying
[4/1/2023 3:42:07 AM] [Info] Failed to connect to Steam servers because k_EResultNoConnection, still retrying
[4/1/2023 3:43:23 AM] [Error] Failed to respawn an item with ID 31368 from type Military_Low_Peaks [2]
[4/1/2023 3:43:28 AM] [Error] Failed to respawn an item with ID 31368 from type Coalition_Low_Peaks [28]
[4/1/2023 3:44:53 AM] [Info] Failed to connect to Steam servers because k_EResultNoConnection, still retrying
[4/1/2023 3:48:27 AM] [Error] Failed to respawn an item with ID 36821 from type Fire [6]
[4/1/2023 3:48:27 AM] [Error] Failed to respawn an item with ID 36821 from type Fire [6]
[4/1/2023 3:50:18 AM] [Info] Failed to connect to Steam servers because k_EResultNoConnection, still retrying
[4/1/2023 3:53:26 AM] [Error] Failed to respawn an item with ID 31368 from type Military_Low_Peaks [2]
[4/1/2023 3:53:31 AM] [Error] Failed to respawn an item with ID 31368 from type Military_Low_Peaks [2]
[4/1/2023 3:53:33 AM] [Error] Failed to respawn an item with ID 36110 from type Fire [6]
[4/1/2023 4:03:33 AM] [Error] Failed to respawn an item with ID 36820 from type Fire [6]
[4/1/2023 4:03:33 AM] [Error] Failed to respawn an item with ID 36113 from type Fire [6]
[4/1/2023 4:05:03 AM] [Info] Failed to connect to Steam servers because k_EResultNoConnection, still retrying
[4/1/2023 4:08:27 AM] [Error] Failed to respawn an item with ID 36116 from type Fire [6]
[4/1/2023 4:08:27 AM] [Error] Failed to respawn an item with ID 36115 from type Fire [6]
[4/1/2023 4:18:27 AM] [Error] Failed to respawn an item with ID 36820 from type Fire [6]
[4/1/2023 4:19:53 AM] [Info] Failed to connect to Steam servers because k_EResultNoConnection, still retrying
[4/1/2023 4:23:32 AM] [Error] Failed to respawn an item with ID 31368 from type Police_High_Peaks [1]
[4/1/2023 4:28:27 AM] [Error] Failed to respawn an item with ID 31368 from type Police_Low_Peaks [0]
[4/1/2023 4:33:23 AM] [Error] Failed to respawn an item with ID 31368 from type Military_Low_Peaks [2]
[4/1/2023 4:33:32 AM] [Error] Failed to respawn an item with ID 36820 from type Fire [6]
[4/1/2023 4:33:52 AM] [Info] Failed to connect to Steam servers because k_EResultNoConnection, still retrying
[4/1/2023 4:39:15 AM] [Info] Failed to connect to Steam servers because k_EResultNoConnection, still retrying
[4/1/2023 4:43:23 AM] [Error] Failed to respawn an item with ID 31368 from type Military_High_Peaks [3]
[4/1/2023 4:53:32 AM] [Error] Failed to respawn an item with ID 36112 from type Fire [6]
[4/1/2023 4:55:17 AM] [Info] Failed to connect to Steam servers because k_EResultNoConnection, still retrying
[4/1/2023 5:03:32 AM] [Error] Failed to respawn an item with ID 31368 from type Coalition_Low_Peaks [28]
[4/1/2023 5:08:00 AM] [Info] Failed to connect to Steam servers because k_EResultNoConnection, still retrying
[4/1/2023 5:13:26 AM] [Error] Failed to respawn an item with ID 31368 from type Coalition_Low_Peaks [28]
[4/1/2023 5:13:28 AM] [Error] Failed to respawn an item with ID 36114 from type Fire [6]
[4/1/2023 5:13:33 AM] [Error] Failed to respawn an item with ID 31368 from type Guns_Peaks [18]
[4/1/2023 5:18:23 AM] [Error] Failed to respawn an item with ID 31368 from type Military_Low_Peaks [2]
[4/1/2023 5:18:27 AM] [Error] Failed to respawn an item with ID 31368 from type Guns_Peaks [18]
[4/1/2023 5:20:50 AM] [Info] Failed to connect to Steam servers because k_EResultNoConnection, still retrying
[4/1/2023 5:23:32 AM] [Error] Failed to respawn an item with ID 36114 from type Fire [6]
[4/1/2023 5:23:32 AM] [Error] Failed to respawn an item with ID 36820 from type Fire [6]
[4/1/2023 5:30:39 AM] [Info] Failed to connect to Steam servers because k_EResultNoConnection, still retrying
[4/1/2023 5:38:27 AM] [Error] Failed to respawn an item with ID 36117 from type Fire [6]
[4/1/2023 5:38:27 AM] [Error] Failed to respawn an item with ID 31368 from type Coalition_Low_Peaks [28]
[4/1/2023 5:43:26 AM] [Error] Failed to respawn an item with ID 31368 from type Coalition_Low_Peaks [28]
[4/1/2023 5:48:27 AM] [Error] Failed to respawn an item with ID 36115 from type Fire [6]
[4/1/2023 5:50:33 AM] [Info] Failed to connect to Steam servers because k_EResultNoConnection, still retrying
[4/1/2023 5:53:28 AM] [Error] Failed to respawn an item with ID 36821 from type Fire [6]
[4/1/2023 5:58:23 AM] [Error] Failed to respawn an item with ID 31368 from type Military_Low_Peaks [2]
[4/1/2023 6:00:39 AM] [Info] Failed to connect to Steam servers because k_EResultNoConnection, still retrying
[4/1/2023 6:03:24 AM] [Error] Failed to respawn an item with ID 31368 from type Military_High_Peaks [3]
[4/1/2023 6:08:23 AM] [Error] Failed to respawn an item with ID 31368 from type Military_Low_Peaks [2]
[4/1/2023 6:08:57 AM] [Error] Failed to respawn an item with ID 31368 from type Police_Low_Peaks [0]
[4/1/2023 6:10:35 AM] [Info] Failed to connect to Steam servers because k_EResultNoConnection, still retrying
[4/1/2023 6:13:23 AM] [Error] Failed to respawn an item with ID 31368 from type Military_High_Peaks [3]
[4/1/2023 6:13:28 AM] [Error] Failed to respawn an item with ID 36115 from type Fire [6]
[4/1/2023 6:13:28 AM] [Error] Failed to respawn an item with ID 31368 from type Military_High_Peaks [3]
[4/1/2023 6:18:49 AM] [Info] Failed to connect to Steam servers because k_EResultNoConnection, still retrying
[4/1/2023 6:28:27 AM] [Error] Failed to respawn an item with ID 31368 from type Guns_Peaks [18]
[4/1/2023 6:33:42 AM] [Error] Failed to respawn an item with ID 31368 from type Military_Low_Peaks [2]
[4/1/2023 6:35:15 AM] [Info] Failed to connect to Steam servers because k_EResultNoConnection, still retrying
[4/1/2023 6:38:23 AM] [Error] Failed to respawn an item with ID 31368 from type Military_Low_Peaks [2]
[4/1/2023 6:43:29 AM] [Error] Failed to respawn an item with ID 31368 from type Police_High_Peaks [1]
[4/1/2023 6:43:33 AM] [Error] Failed to respawn an item with ID 36821 from type Fire [6]
[4/1/2023 6:53:26 AM] [Error] Failed to respawn an item with ID 31368 from type Military_High_Peaks [3]
[4/1/2023 6:56:57 AM] [Info] Failed to connect to Steam servers because k_EResultNoConnection, still retrying
[4/1/2023 6:58:23 AM] [Error] Failed to respawn an item with ID 31368 from type Military_High_Peaks [3]
[4/1/2023 7:03:23 AM] [Error] Failed to respawn an item with ID 31368 from type Military_High_Peaks [3]
[4/1/2023 7:07:48 AM] [Info] Failed to connect to Steam servers because k_EResultNoConnection, still retrying
[4/1/2023 7:13:29 AM] [Error] Failed to respawn an item with ID 31368 from type Police_Low_Peaks [0]
[4/1/2023 7:25:01 AM] [Info] Failed to connect to Steam servers because k_EResultNoConnection, still retrying
[4/1/2023 7:33:28 AM] [Error] Failed to respawn an item with ID 31368 from type Coalition_Low_Peaks [28]
[4/1/2023 7:33:28 AM] [Error] Failed to respawn an item with ID 31368 from type Coalition_High_Peaks [29]
[4/1/2023 7:38:27 AM] [Error] Failed to respawn an item with ID 36117 from type Fire [6]
[4/1/2023 7:39:11 AM] [Info] Failed to connect to Steam servers because k_EResultNoConnection, still retrying
[4/1/2023 7:53:23 AM] [Error] Failed to respawn an item with ID 31368 from type Military_High_Peaks [3]
[4/1/2023 7:53:29 AM] [Error] Failed to respawn an item with ID 31368 from type Military_High_Peaks [3]
[4/1/2023 7:53:33 AM] [Error] Failed to respawn an item with ID 36821 from type Fire [6]
[4/1/2023 7:57:46 AM] [Info] Failed to connect to Steam servers because k_EResultNoConnection, still retrying
[4/1/2023 8:16:22 AM] [Info] Failed to connect to Steam servers because k_EResultNoConnection, still retrying
[4/1/2023 8:23:30 AM] [Error] Failed to respawn an item with ID 36114 from type Fire [6]
[4/1/2023 8:33:32 AM] [Error] Failed to respawn an item with ID 36112 from type Fire [6]
[4/1/2023 8:33:33 AM] [Error] Failed to respawn an item with ID 36115 from type Fire [6]
[4/1/2023 8:34:37 AM] [Info] Failed to connect to Steam servers because k_EResultNoConnection, still retrying
[4/1/2023 8:38:27 AM] [Error] Failed to respawn an item with ID 36821 from type Fire [6]
[4/1/2023 8:45:43 AM] [Info] Failed to connect to Steam servers because k_EResultNoConnection, still retrying
[4/1/2023 8:53:28 AM] [Error] Failed to respawn an item with ID 36112 from type Fire [6]
[4/1/2023 9:00:14 AM] [Info] Failed to connect to Steam servers because k_EResultNoConnection, still retrying
[4/1/2023 9:03:33 AM] [Error] Failed to respawn an item with ID 31368 from type Guns_Peaks [18]
[4/1/2023 9:14:54 AM] [Info] Failed to connect to Steam servers because k_EResultNoConnection, still retrying
[4/1/2023 9:28:08 AM] [Info] Failed to connect to Steam servers because k_EResultNoConnection, still retrying
[4/1/2023 9:28:23 AM] [Error] Failed to respawn an item with ID 31368 from type Military_High_Peaks [3]
[4/1/2023 9:33:26 AM] [Error] Failed to respawn an item with ID 31368 from type Coalition_High_Peaks [29]
[4/1/2023 9:37:21 AM] [Info] Failed to connect to Steam servers because k_EResultNoConnection, still retrying
[4/1/2023 9:48:23 AM] [Error] Failed to respawn an item with ID 31368 from type Military_Low_Peaks [2]
[4/1/2023 9:53:24 AM] [Error] Failed to respawn an item with ID 31368 from type Military_Low_Peaks [2]
[4/1/2023 9:53:33 AM] [Error] Failed to respawn an item with ID 36820 from type Fire [6]
[4/1/2023 9:58:23 AM] [Error] Failed to respawn an item with ID 31368 from type Military_Low_Peaks [2]
[4/1/2023 9:58:47 AM] [Info] Failed to connect to Steam servers because k_EResultNoConnection, still retrying
[4/1/2023 10:03:28 AM] [Error] Failed to respawn an item with ID 36111 from type Fire [6]
[4/1/2023 10:07:40 AM] [Info] Failed to connect to Steam servers because k_EResultNoConnection, still retrying
[4/1/2023 10:08:27 AM] [Error] Failed to respawn an item with ID 31368 from type Coalition_Low_Peaks [28]
[4/1/2023 10:16:45 AM] [Info] Failed to connect to Steam servers because k_EResultNoConnection, still retrying
[4/1/2023 10:27:43 AM] [Info] Failed to connect to Steam servers because k_EResultNoConnection, still retrying
[4/1/2023 10:33:28 AM] [Error] Failed to respawn an item with ID 36114 from type Fire [6]
[4/1/2023 10:38:27 AM] [Error] Failed to respawn an item with ID 36111 from type Fire [6]
[4/1/2023 10:43:29 AM] [Error] Failed to respawn an item with ID 31368 from type Military_Low_Peaks [2]
[4/1/2023 10:43:33 AM] [Error] Failed to respawn an item with ID 36820 from type Fire [6]
[4/1/2023 10:47:15 AM] [Info] Failed to connect to Steam servers because k_EResultNoConnection, still retrying
[4/1/2023 10:48:27 AM] [Error] Failed to respawn an item with ID 36113 from type Fire [6]
[4/1/2023 10:48:27 AM] [Error] Failed to respawn an item with ID 36821 from type Fire [6]
[4/1/2023 10:53:29 AM] [Error] Failed to respawn an item with ID 31368 from type Military_Low_Peaks [2]
[4/1/2023 11:03:30 AM] [Error] Failed to respawn an item with ID 31368 from type Coalition_Low_Peaks [28]
[4/1/2023 11:08:27 AM] [Error] Failed to respawn an item with ID 36117 from type Fire [6]
[4/1/2023 11:18:30 AM] [Info] Lost connection to Steam servers because k_EResultNoConnection
[4/1/2023 11:36:29 AM] [Info] Lost connection to Steam servers because k_EResultNoConnection
[4/1/2023 11:48:27 AM] [Error] Failed to respawn an item with ID 36110 from type Fire [6]
[4/1/2023 11:58:23 AM] [Error] Failed to respawn an item with ID 31368 from type Military_Low_Peaks [2]
[4/1/2023 11:58:27 AM] [Error] Failed to respawn an item with ID 36115 from type Fire [6]
[4/1/2023 11:58:27 AM] [Error] Failed to respawn an item with ID 36821 from type Fire [6]
[4/1/2023 12:12:59 PM] [Info] BattlEye Server: Player #0 Shake (73.253.101.49:61433) connected
[4/1/2023 12:12:59 PM] [Info] BattlEye Server: Player #0 Shake - BE GUID: f4abbf8aa333c3b24b5656c70080f342
[4/1/2023 12:12:59 PM] [Info] Connecting: PlayerID: 76561199035738472 Name: Shake Character: Shake
[4/1/2023 12:12:59 PM] [Info] BattlEye Server: Connected to BE Master
[4/1/2023 12:13:27 PM] [Error] Failed to respawn an item with ID 31368 from type Coalition_Low_Peaks [28]
[4/1/2023 12:13:34 PM] [Info] [Group] Shake [Shake]: "/unlimitedammo"
[4/1/2023 12:14:26 PM] [Info] [Group] Shake [Shake]: "/attachment compe"
[4/1/2023 12:15:01 PM] [Info] [Group] Shake [Shake]: "/i 363"
[4/1/2023 12:15:06 PM] [Info] [Group] Shake [Shake]: "/attachment hop"
[4/1/2023 12:15:22 PM] [Info] [Group] Shake [Shake]: "/i 31470"
[4/1/2023 12:15:25 PM] [Info] [Group] Shake [Shake]: "/i adapt"
[4/1/2023 12:15:36 PM] [Info] [Group] Shake [Shake]: "/attachment "45 sup""
[4/1/2023 12:15:42 PM] [Info] [Group] Shake [Shake]: "/i "mcx""
[4/1/2023 12:15:55 PM] [Info] [Group] Shake [Shake]: "/i mpx"
[4/1/2023 12:16:21 PM] [Info] [Group] Shake [Shake]: "/i 16652"
[4/1/2023 12:16:52 PM] [Info] [Group] Shake [Shake]: "/i yuri"
[4/1/2023 12:16:56 PM] [Info] [Group] Shake [Shake]: "/attachment hop"
[4/1/2023 12:17:13 PM] [Info] [Group] Shake [Shake]: "/i eagle"
[4/1/2023 12:17:22 PM] [Info] [Group] Shake [Shake]: "/i "mcx sig""
[4/1/2023 12:17:27 PM] [Info] [Group] Shake [Shake]: "/i "mcx iro""
[4/1/2023 12:17:34 PM] [Info] [Area] Shake [Shake]: "/i "mpx iro""
[4/1/2023 12:17:41 PM] [Info] [Group] Shake [Shake]: "/i 31470"
[4/1/2023 12:17:44 PM] [Info] [Group] Shake [Shake]: "/i adapt"
[4/1/2023 12:17:50 PM] [Info] [Group] Shake [Shake]: "/attachment "45 s""
[4/1/2023 12:17:54 PM] [Info] [World] Shake [Shake]: "/attachment "45 sup""
[4/1/2023 12:18:08 PM] [Info] [Area] Shake [Shake]: "/i "mpx iro""
[4/1/2023 12:18:18 PM] [Info] [Group] Shake [Shake]: "/setfiremode auto"
[4/1/2023 12:18:22 PM] [Info] [Group] Shake [Shake]: "/attachment hop"
[4/1/2023 12:18:38 PM] [Info] [Group] Shake [Shake]: "/attachment "red hop""
[4/1/2023 12:18:43 PM] [Info] [World] Shake [Shake]: "/attachment "red paintball""
[4/1/2023 12:18:52 PM] [Info] [Group] Shake [Shake]: "/i night"
[4/1/2023 12:19:01 PM] [Info] [Group] Shake [Shake]: "/attachment "red paintball""
[4/1/2023 12:19:06 PM] [Info] [Group] Shake [Shake]: "/i 31470"
[4/1/2023 12:19:21 PM] [Info] [Group] Shake [Shake]: "/attachment "pistol holo""
[4/1/2023 12:19:31 PM] [Info] [World] Shake [Shake]: "/attachment "pistol comp""
[4/1/2023 12:19:37 PM] [Info] [Area] Shake [Shake]: "/attachment "pistol holo""
[4/1/2023 12:19:42 PM] [Info] [Group] Shake [Shake]: "/i adapt"
[4/1/2023 12:20:09 PM] [Info] [Group] Shake [Shake]: "/attachment "45 su""
[4/1/2023 12:20:22 PM] [Info] [Group] Shake [Shake]: "/i "holo""
[4/1/2023 12:20:31 PM] [Info] [Group] Shake [Shake]: "/i "pistol holo""
[4/1/2023 12:20:55 PM] [Info] [Group] Shake [Shake]: "/attachment 59437"
[4/1/2023 12:21:09 PM] [Info] [Area] Shake [Shake]: "/attachment 59410"
[4/1/2023 12:21:27 PM] [Info] [Area] Shake [Shake]: "/attachment 59297"
[4/1/2023 12:22:07 PM] [Info] [Group] Shake [Shake]: "/attachment holote"
[4/1/2023 12:22:14 PM] [Info] [World] Shake [Shake]: "/attachment "hologra""
[4/1/2023 12:22:28 PM] [Info] [Group] Shake [Shake]: "/home"
[4/1/2023 12:22:31 PM] [Info] [Group] Shake [Shake]: "/home bed1"
[4/1/2023 12:23:28 PM] [Info] Disconnecting: PlayerID: 76561199035738472 Name: Shake Character: Shake
[4/1/2023 12:23:33 PM] [Info] BattlEye Server: Player #0 Shake disconnected
[4/1/2023 12:23:33 PM] [Error] Failed to respawn an item with ID 36821 from type Fire [6]
[4/1/2023 12:23:43 PM] [Error] Failed to respawn an item with ID 31368 from type Military_Low_Peaks [2]
[4/1/2023 12:33:24 PM] [Error] Failed to respawn an item with ID 31368 from type Military_Low_Peaks [2]
[4/1/2023 12:33:26 PM] [Error] Failed to respawn an item with ID 31368 from type Military_High_Peaks [3]
[4/1/2023 12:33:33 PM] [Error] Failed to respawn an item with ID 36111 from type Fire [6]
[4/1/2023 12:38:27 PM] [Error] Failed to respawn an item with ID 36117 from type Fire [6]
[4/1/2023 12:38:27 PM] [Error] Failed to respawn an item with ID 36114 from type Fire [6]
[4/1/2023 12:38:27 PM] [Error] Failed to respawn an item with ID 36116 from type Fire [6]
[4/1/2023 12:43:28 PM] [Error] Failed to respawn an item with ID 31368 from type Coalition_Low_Peaks [28]
[4/1/2023 12:43:30 PM] [Error] Failed to respawn an item with ID 31368 from type Military_Low_Peaks [2]
[4/1/2023 12:48:27 PM] [Error] Failed to respawn an item with ID 36117 from type Fire [6]
[4/1/2023 12:53:32 PM] [Error] Failed to respawn an item with ID 36117 from type Fire [6]
[4/1/2023 1:08:27 PM] [Error] Failed to respawn an item with ID 36113 from type Fire [6]
[4/1/2023 1:13:23 PM] [Error] Failed to respawn an item with ID 31368 from type Military_High_Peaks [3]
[4/1/2023 1:13:29 PM] [Error] Failed to respawn an item with ID 31368 from type Coalition_High_Peaks [29]
[4/1/2023 1:23:33 PM] [Error] Failed to respawn an item with ID 36821 from type Fire [6]
[4/1/2023 1:28:27 PM] [Error] Failed to respawn an item with ID 36110 from type Fire [6]
[4/1/2023 1:28:27 PM] [Error] Failed to respawn an item with ID 36111 from type Fire [6]
[4/1/2023 1:28:27 PM] [Error] Failed to respawn an item with ID 36117 from type Fire [6]
[4/1/2023 1:38:27 PM] [Error] Failed to respawn an item with ID 36115 from type Fire [6]
[4/1/2023 1:44:39 PM] [Info] Lost connection to Steam servers because k_EResultOK
[4/1/2023 5:14:57 PM] [Error] Failed to respawn an item with ID 36111 from type Fire [6]
[4/1/2023 5:15:13 PM] [Info] BattlEye Server: Failed to receive from BE Master (10054)
[4/1/2023 5:15:13 PM] [Info] BattlEye Server: Disconnected from BE Master
[4/1/2023 5:22:14 PM] [Info] Lost connection to Steam servers because k_EResultNoConnection
[4/1/2023 5:24:57 PM] [Error] Failed to respawn an item with ID 36112 from type Fire [6]
[4/1/2023 5:24:57 PM] [Error] Failed to respawn an item with ID 36113 from type Fire [6]
[4/1/2023 5:24:57 PM] [Error] Failed to respawn an item with ID 31368 from type Police_High_Peaks [1]
[4/1/2023 5:24:58 PM] [Error] Failed to respawn an item with ID 31368 from type Military_High_Peaks [3]
[4/1/2023 5:44:57 PM] [Error] Failed to respawn an item with ID 36112 from type Fire [6]
[4/1/2023 5:44:57 PM] [Error] Failed to respawn an item with ID 31368 from type Military_High_Peaks [3]
[4/1/2023 5:44:57 PM] [Error] Failed to respawn an item with ID 31368 from type Military_Low_Peaks [2]
[4/1/2023 5:44:57 PM] [Error] Failed to respawn an item with ID 31368 from type Coalition_Low_Peaks [28]
[4/1/2023 5:44:57 PM] [Error] Failed to respawn an item with ID 36116 from type Fire [6]
[4/1/2023 5:44:57 PM] [Error] Failed to respawn an item with ID 36821 from type Fire [6]
[4/1/2023 5:44:57 PM] [Error] Failed to respawn an item with ID 31368 from type Military_Low_Peaks [2]
[4/1/2023 5:44:58 PM] [Error] Failed to respawn an item with ID 31368 from type Military_Low_Peaks [2]
[4/1/2023 5:54:57 PM] [Error] Failed to respawn an item with ID 36112 from type Fire [6]
[4/1/2023 5:54:57 PM] [Error] Failed to respawn an item with ID 31368 from type Coalition_Low_Peaks [28]
[4/1/2023 6:04:57 PM] [Error] Failed to respawn an item with ID 36820 from type Fire [6]
[4/1/2023 6:04:57 PM] [Error] Failed to respawn an item with ID 36115 from type Fire [6]
[4/1/2023 6:04:57 PM] [Error] Failed to respawn an item with ID 36821 from type Fire [6]
[4/1/2023 6:14:57 PM] [Error] Failed to respawn an item with ID 36111 from type Fire [6]
[4/1/2023 6:14:57 PM] [Error] Failed to respawn an item with ID 36117 from type Fire [6]
[4/1/2023 6:14:57 PM] [Error] Failed to respawn an item with ID 31368 from type Military_High_Peaks [3]
[4/1/2023 6:24:55 PM] [Error] Failed to respawn an item with ID 31368 from type Police_High_Peaks [1]
[4/1/2023 6:24:57 PM] [Error] Failed to respawn an item with ID 36113 from type Fire [6]
[4/1/2023 6:24:57 PM] [Error] Failed to respawn an item with ID 31368 from type Military_Low_Peaks [2]
[4/1/2023 6:24:57 PM] [Error] Failed to respawn an item with ID 31368 from type Military_Low_Peaks [2]
[4/1/2023 6:24:58 PM] [Error] Failed to respawn an item with ID 31368 from type Military_High_Peaks [3]
[4/1/2023 6:37:56 PM] [Info] Lost connection to Steam servers because k_EResultNoConnection
[4/1/2023 6:37:56 PM] [Info] Failed to connect to Steam servers because k_EResultNoConnection, still retrying
[4/1/2023 6:38:04 PM] [Info] Failed to connect to Steam servers because k_EResultNoConnection, still retrying
[4/1/2023 6:38:20 PM] [Info] Failed to connect to Steam servers because k_EResultNoConnection, still retrying
[4/1/2023 6:39:31 PM] [Info] Failed to connect to Steam servers because k_EResultNoConnection, still retrying
[4/1/2023 6:40:47 PM] [Info] Failed to connect to Steam servers because k_EResultNoConnection, still retrying
[4/1/2023 6:44:57 PM] [Error] Failed to respawn an item with ID 31368 from type Coalition_Low_Peaks [28]
[4/1/2023 6:44:57 PM] [Error] Failed to respawn an item with ID 36117 from type Fire [6]
[4/1/2023 6:44:58 PM] [Error] Failed to respawn an item with ID 31368 from type Military_High_Peaks [3]
[4/1/2023 6:44:58 PM] [Error] Failed to respawn an item with ID 31368 from type Military_High_Peaks [3]
[4/1/2023 6:48:04 PM] [Info] Failed to connect to Steam servers because k_EResultNoConnection, still retrying
[4/1/2023 6:51:39 PM] [Info] Failed to connect to Steam servers because k_EResultNoConnection, still retrying
[4/1/2023 6:54:57 PM] [Error] Failed to respawn an item with ID 31368 from type Military_High_Peaks [3]
[4/1/2023 6:54:57 PM] [Error] Failed to respawn an item with ID 36821 from type Fire [6]
[4/1/2023 6:54:57 PM] [Error] Failed to respawn an item with ID 31368 from type Police_High_Peaks [1]
[4/1/2023 6:59:12 PM] [Info] Failed to connect to Steam servers because k_EResultNoConnection, still retrying
[4/1/2023 7:04:57 PM] [Error] Failed to respawn an item with ID 36820 from type Fire [6]
[4/1/2023 7:06:54 PM] [Info] Failed to connect to Steam servers because k_EResultNoConnection, still retrying
[4/1/2023 7:19:01 PM] [Info] Failed to connect to Steam servers because k_EResultNoConnection, still retrying
[4/1/2023 7:24:57 PM] [Error] Failed to respawn an item with ID 36111 from type Fire [6]
[4/1/2023 7:24:57 PM] [Error] Failed to respawn an item with ID 36116 from type Fire [6]
[4/1/2023 7:24:57 PM] [Error] Failed to respawn an item with ID 31368 from type Police_High_Peaks [1]
[4/1/2023 7:24:58 PM] [Error] Failed to respawn an item with ID 31368 from type Military_Low_Peaks [2]
[4/1/2023 7:31:34 PM] [Info] Failed to connect to Steam servers because k_EResultNoConnection, still retrying
[4/1/2023 7:34:57 PM] [Error] Failed to respawn an item with ID 31368 from type Military_Low_Peaks [2]
[4/1/2023 7:34:58 PM] [Error] Failed to respawn an item with ID 31368 from type Military_High_Peaks [3]
[4/1/2023 7:44:57 PM] [Error] Failed to respawn an item with ID 36114 from type Fire [6]
[4/1/2023 7:44:57 PM] [Error] Failed to respawn an item with ID 31368 from type Coalition_Low_Peaks [28]
[4/1/2023 7:44:57 PM] [Error] Failed to respawn an item with ID 36114 from type Fire [6]
[4/1/2023 7:44:58 PM] [Error] Failed to respawn an item with ID 31368 from type Military_High_Peaks [3]
[4/1/2023 7:46:20 PM] [Info] Failed to connect to Steam servers because k_EResultNoConnection, still retrying
[4/1/2023 7:54:58 PM] [Error] Failed to respawn an item with ID 31368 from type Military_High_Peaks [3]
[4/1/2023 7:58:06 PM] [Info] Failed to connect to Steam servers because k_EResultNoConnection, still retrying
[4/1/2023 8:04:57 PM] [Error] Failed to respawn an item with ID 31368 from type Coalition_High_Peaks [29]
[4/1/2023 8:04:57 PM] [Error] Failed to respawn an item with ID 36110 from type Fire [6]
[4/1/2023 8:04:57 PM] [Error] Failed to respawn an item with ID 36111 from type Fire [6]
[4/1/2023 8:04:57 PM] [Error] Failed to respawn an item with ID 36113 from type Fire [6]
[4/1/2023 8:10:58 PM] [Info] Failed to connect to Steam servers because k_EResultNoConnection, still retrying
[4/1/2023 8:14:57 PM] [Error] Failed to respawn an item with ID 36117 from type Fire [6]
[4/1/2023 8:19:32 PM] [Info] Failed to connect to Steam servers because k_EResultNoConnection, still retrying
[4/1/2023 8:24:57 PM] [Error] Failed to respawn an item with ID 31368 from type Military_Low_Peaks [2]
[4/1/2023 8:24:57 PM] [Error] Failed to respawn an item with ID 31368 from type Military_High_Peaks [3]
[4/1/2023 8:24:57 PM] [Error] Failed to respawn an item with ID 31368 from type Coalition_High_Peaks [29]
[4/1/2023 8:34:58 PM] [Error] Failed to respawn an item with ID 36117 from type Fire [6]
[4/1/2023 8:34:58 PM] [Error] Failed to respawn an item with ID 36111 from type Fire [6]
[4/1/2023 8:38:40 PM] [Info] Failed to connect to Steam servers because k_EResultNoConnection, still retrying
[4/1/2023 8:44:57 PM] [Error] Failed to respawn an item with ID 31368 from type Military_Low_Peaks [2]
[4/1/2023 8:44:58 PM] [Error] Failed to respawn an item with ID 36820 from type Fire [6]
[4/1/2023 8:51:18 PM] [Info] Failed to connect to Steam servers because k_EResultNoConnection, still retrying
[4/1/2023 8:54:57 PM] [Error] Failed to respawn an item with ID 36111 from type Fire [6]
[4/1/2023 8:54:58 PM] [Error] Failed to respawn an item with ID 31368 from type Military_Low_Peaks [2]
[4/1/2023 8:59:16 PM] [Info] Failed to connect to Steam servers because k_EResultNoConnection, still retrying
[4/1/2023 9:10:15 PM] [Info] Failed to connect to Steam servers because k_EResultNoConnection, still retrying
[4/1/2023 9:14:58 PM] [Error] Failed to respawn an item with ID 31368 from type Coalition_High_Peaks [29]
[4/1/2023 9:24:58 PM] [Error] Failed to respawn an item with ID 36820 from type Fire [6]
[4/1/2023 9:24:58 PM] [Error] Failed to respawn an item with ID 36117 from type Fire [6]
[4/1/2023 9:24:58 PM] [Error] Failed to respawn an item with ID 36115 from type Fire [6]
[4/1/2023 9:26:10 PM] [Info] Failed to connect to Steam servers because k_EResultNoConnection, still retrying
[4/1/2023 9:41:32 PM] [Info] Failed to connect to Steam servers because k_EResultNoConnection, still retrying
[4/1/2023 9:54:58 PM] [Error] Failed to respawn an item with ID 31368 from type Coalition_Low_Peaks [28]
[4/1/2023 9:57:23 PM] [Info] Failed to connect to Steam servers because k_EResultNoConnection, still retrying
[4/1/2023 10:04:58 PM] [Error] Failed to respawn an item with ID 31368 from type Military_High_Peaks [3]
[4/1/2023 10:08:00 PM] [Info] Failed to connect to Steam servers because k_EResultNoConnection, still retrying
[4/1/2023 10:16:42 PM] [Info] Failed to connect to Steam servers because k_EResultNoConnection, still retrying
[4/1/2023 10:34:11 PM] [Info] Failed to connect to Steam servers because k_EResultNoConnection, still retrying
[4/1/2023 10:43:37 PM] [Info] Failed to connect to Steam servers because k_EResultNoConnection, still retrying
[4/1/2023 10:44:58 PM] [Error] Failed to respawn an item with ID 31368 from type Military_Low_Peaks [2]
[4/1/2023 10:54:57 PM] [Error] Failed to respawn an item with ID 36820 from type Fire [6]
[4/1/2023 10:58:17 PM] [Info] Failed to connect to Steam servers because k_EResultNoConnection, still retrying
[4/1/2023 11:14:58 PM] [Error] Failed to respawn an item with ID 31368 from type Coalition_High_Peaks [29]
[4/1/2023 11:17:55 PM] [Info] Failed to connect to Steam servers because k_EResultNoConnection, still retrying
[4/1/2023 11:24:58 PM] [Error] Failed to respawn an item with ID 31368 from type Military_Low_Peaks [2]
[4/1/2023 11:24:58 PM] [Error] Failed to respawn an item with ID 31368 from type Military_High_Peaks [3]
[4/1/2023 11:33:23 PM] [Info] Failed to connect to Steam servers because k_EResultNoConnection, still retrying
[4/1/2023 11:34:57 PM] [Error] Failed to respawn an item with ID 36820 from type Fire [6]
[4/1/2023 11:41:02 PM] [Info] Failed to connect to Steam servers because k_EResultNoConnection, still retrying
[4/1/2023 11:44:57 PM] [Error] Failed to respawn an item with ID 36117 from type Fire [6]
[4/1/2023 11:44:57 PM] [Error] Failed to respawn an item with ID 36821 from type Fire [6]
[4/1/2023 11:44:58 PM] [Error] Failed to respawn an item with ID 36110 from type Fire [6]
[4/1/2023 11:44:58 PM] [Error] Failed to respawn an item with ID 31368 from type Military_High_Peaks [3]
[4/1/2023 11:54:57 PM] [Error] Failed to respawn an item with ID 31368 from type Military_High_Peaks [3]
[4/2/2023 12:01:55 AM] [Info] Failed to connect to Steam servers because k_EResultNoConnection, still retrying
[4/2/2023 12:04:57 AM] [Error] Failed to respawn an item with ID 31368 from type Guns_Peaks [18]
[4/2/2023 12:04:58 AM] [Error] Failed to respawn an item with ID 31368 from type Coalition_Low_Peaks [28]
[4/2/2023 12:11:11 AM] [Info] Failed to connect to Steam servers because k_EResultNoConnection, still retrying
[4/2/2023 12:14:58 AM] [Error] Failed to respawn an item with ID 31368 from type Military_High_Peaks [3]
[4/2/2023 12:14:58 AM] [Error] Failed to respawn an item with ID 36111 from type Fire [6]
[4/2/2023 12:14:58 AM] [Error] Failed to respawn an item with ID 36111 from type Fire [6]
[4/2/2023 12:14:58 AM] [Error] Failed to respawn an item with ID 36115 from type Fire [6]
[4/2/2023 12:19:03 AM] [Error] Failed to respawn an item with ID 31368 from type Coalition_Low_Peaks [28]
[4/2/2023 12:19:03 AM] [Info] Failed to connect to Steam servers because k_EResultNoConnection, still retrying
[4/2/2023 9:51:43 AM] [Info] Failed to connect to Steam servers because k_EResultNoConnection, still retrying
[4/2/2023 9:51:46 AM] [Error] Failed to respawn an item with ID 31368 from type Coalition_Low_Peaks [28]
[4/2/2023 9:51:47 AM] [Error] Failed to respawn an item with ID 31368 from type Police_High_Peaks [1]
[4/2/2023 9:51:54 AM] [Info] Failed to connect to Steam servers because k_EResultNoConnection, still retrying
[4/2/2023 9:52:04 AM] [Info] Failed to connect to Steam servers because k_EResultNoConnection, still retrying
[4/2/2023 10:01:46 AM] [Error] Failed to respawn an item with ID 31368 from type Military_High_Peaks [3]
[4/2/2023 10:01:47 AM] [Error] Failed to respawn an item with ID 31368 from type Military_High_Peaks [3]
[4/2/2023 10:01:47 AM] [Error] Failed to respawn an item with ID 36111 from type Fire [6]
[4/2/2023 10:01:47 AM] [Error] Failed to respawn an item with ID 36116 from type Fire [6]
[4/2/2023 10:01:47 AM] [Error] Failed to respawn an item with ID 36115 from type Fire [6]
[4/2/2023 10:01:47 AM] [Error] Failed to respawn an item with ID 31368 from type Military_High_Peaks [3]
[4/2/2023 10:31:44 AM] [Error] Failed to respawn an item with ID 36116 from type Fire [6]
[4/2/2023 10:31:47 AM] [Error] Failed to respawn an item with ID 31368 from type Military_High_Peaks [3]
[4/2/2023 10:44:42 AM] [Info] 
[unloading] ReponseMod_HiddenName
