[12/18/2022 5:13:19 PM] [Info] [registered] /more (Rocket.Unturned.Commands.CommandMore/more)
[12/18/2022 5:13:19 PM] [Info] [registered] /admin (Rocket.Unturned.Commands.CommandAdmin/admin)
[12/18/2022 5:13:19 PM] [Info] [registered] /broadcast (Rocket.Unturned.Commands.CommandBroadcast/broadcast)
[12/18/2022 5:13:19 PM] [Info] [registered] /compass (Rocket.Unturned.Commands.CommandCompass/compass)
[12/18/2022 5:13:19 PM] [Info] [registered] /effect (Rocket.Unturned.Commands.CommandEffect/effect)
[12/18/2022 5:13:19 PM] [Info] [registered] /exit (Rocket.Unturned.Commands.CommandExit/exit)
[12/18/2022 5:13:19 PM] [Info] [registered] /god (Rocket.Unturned.Commands.CommandGod/god)
[12/18/2022 5:13:19 PM] [Info] [registered] /heal (Rocket.Unturned.Commands.CommandHeal/heal)
[12/18/2022 5:13:19 PM] [Info] [registered] /help (Rocket.Unturned.Commands.CommandHelp/help)
[12/18/2022 5:13:19 PM] [Info] [registered] /home (Rocket.Unturned.Commands.CommandHome/home)
[12/18/2022 5:13:19 PM] [Info] [registered] /i (Rocket.Unturned.Commands.CommandI/i)
[12/18/2022 5:13:19 PM] [Info] [registered] /item (Rocket.Unturned.Commands.CommandI/item)
[12/18/2022 5:13:19 PM] [Info] [registered] /investigate (Rocket.Unturned.Commands.CommandInvestigate/investigate)
[12/18/2022 5:13:19 PM] [Info] [registered] /p (Rocket.Unturned.Commands.CommandP/p)
[12/18/2022 5:13:19 PM] [Info] [registered] /permissions (Rocket.Unturned.Commands.CommandP/permissions)
[12/18/2022 5:13:19 PM] [Info] [registered] /rocket (Rocket.Unturned.Commands.CommandRocket/rocket)
[12/18/2022 5:13:19 PM] [Info] [registered] /tp (Rocket.Unturned.Commands.CommandTp/tp)
[12/18/2022 5:13:19 PM] [Info] [registered] /tphere (Rocket.Unturned.Commands.CommandTphere/tphere)
[12/18/2022 5:13:19 PM] [Info] [registered] /unadmin (Rocket.Unturned.Commands.CommandUnadmin/unadmin)
[12/18/2022 5:13:19 PM] [Info] [registered] /v (Rocket.Unturned.Commands.CommandV/v)
[12/18/2022 5:13:19 PM] [Info] [registered] /vanish (Rocket.Unturned.Commands.CommandVanish/vanish)
[12/18/2022 5:13:19 PM] [Info] Loading Feli.RocketMod.JoinLeaveMessages from C:\Program Files (x86)\Steam\steamapps\common\U3DS\Servers\MyServer\Rocket\Plugins\Feli.RocketMod.JoinLeaveMessages.dll
[12/18/2022 5:13:19 PM] [Info] Loading Feli.RocketMod.Teleporting from C:\Program Files (x86)\Steam\steamapps\common\U3DS\Servers\MyServer\Rocket\Plugins\Feli.RocketMod.Teleporting.dll
[12/18/2022 5:13:19 PM] [Info] Loading GarageLite from C:\Program Files (x86)\Steam\steamapps\common\U3DS\Servers\MyServer\Rocket\Plugins\GarageLite.dll
[12/18/2022 5:13:19 PM] [Info] Loading InfiniteEnergy from C:\Program Files (x86)\Steam\steamapps\common\U3DS\Servers\MyServer\Rocket\Plugins\InfiniteEnergy.dll
[12/18/2022 5:13:19 PM] [Info] Loading MoreHomes from C:\Program Files (x86)\Steam\steamapps\common\U3DS\Servers\MyServer\Rocket\Plugins\MoreHomes.dll
[12/18/2022 5:13:19 PM] [Info] Loading ReponseMod_HiddenName from C:\Program Files (x86)\Steam\steamapps\common\U3DS\Servers\MyServer\Rocket\Plugins\ReponseMod_HiddenName.dll
[12/18/2022 5:13:19 PM] [Info] Loading Teleportation from C:\Program Files (x86)\Steam\steamapps\common\U3DS\Servers\MyServer\Rocket\Plugins\Teleportation.dll
[12/18/2022 5:13:19 PM] [Info] Loading uEssentials from C:\Program Files (x86)\Steam\steamapps\common\U3DS\Servers\MyServer\Rocket\Plugins\uEssentials.dll
[12/18/2022 5:13:23 PM] [Error] Invalid or outdated plugin assembly: Assembly-CSharp-firstpass
[12/18/2022 5:13:23 PM] [Error] Invalid or outdated plugin assembly: Assembly-CSharp
[12/18/2022 5:13:23 PM] [Error] Invalid or outdated plugin assembly: Rocket.API
[12/18/2022 5:13:23 PM] [Error] Invalid or outdated plugin assembly: Rocket.Core
[12/18/2022 5:13:23 PM] [Error] Invalid or outdated plugin assembly: Rocket.Unturned
[12/18/2022 5:13:23 PM] [Error] Invalid or outdated plugin assembly: UnityEngine.CoreModule
[12/18/2022 5:13:23 PM] [Error] Invalid or outdated plugin assembly: UnityEngine
[12/18/2022 5:13:23 PM] [Error] Invalid or outdated plugin assembly: Newtonsoft.Json
[12/18/2022 5:13:23 PM] [Info] 
[loading] Feli.RocketMod.JoinLeaveMessages
[12/18/2022 5:13:23 PM] [Info] Feli.RocketMod.JoinLeaveMessages >> JoinLeaveMessages plugin v1.0.2 loaded !
[12/18/2022 5:13:23 PM] [Info] Feli.RocketMod.JoinLeaveMessages >> Do you want more cool plugins? Join now: https://discord.gg/4FF2548 !
[12/18/2022 5:13:23 PM] [Info] 
[loading] Feli.RocketMod.Teleporting
[12/18/2022 5:13:23 PM] [Info] [registered] /tpr (Feli.RocketMod.Teleporting.Commands.TpaCommand/tpr)
[12/18/2022 5:13:23 PM] [Info] Feli.RocketMod.Teleporting >> Teleporting plugin v1.6.4 loaded !
[12/18/2022 5:13:23 PM] [Info] Feli.RocketMod.Teleporting >> Do you want more cool plugins? Join now: https://discord.gg/4FF2548 !
[12/18/2022 5:13:23 PM] [Info] Feli.RocketMod.Teleporting >> Economy Provider: ExperienceEconomyProvider
[12/18/2022 5:13:23 PM] [Info] 
[loading] GarageLite
[12/18/2022 5:13:23 PM] [Info] [registered] /gadd (GarageLite.Code/gadd)
[12/18/2022 5:13:23 PM] [Info] [registered] /garageadd (GarageLite.Code/garageadd)
[12/18/2022 5:13:23 PM] [Info] [registered] /vadd (GarageLite.Code/vadd)
[12/18/2022 5:13:23 PM] [Info] [registered] /glist (GarageLite.Vlist/glist)
[12/18/2022 5:13:23 PM] [Info] [registered] /garagelist (GarageLite.Vlist/garagelist)
[12/18/2022 5:13:23 PM] [Info] [registered] /vlist (GarageLite.Vlist/vlist)
[12/18/2022 5:13:23 PM] [Info] [registered] /gretrieve (GarageLite.Vretrieve/gretrieve)
[12/18/2022 5:13:23 PM] [Info] [registered] /garageretrieve (GarageLite.Vretrieve/garageretrieve)
[12/18/2022 5:13:23 PM] [Info] [registered] /vretrieve (GarageLite.Vretrieve/vretrieve)
[12/18/2022 5:13:23 PM] [Warning] ++++++++++++++++++++++++++++++++++++++
[12/18/2022 5:13:23 PM] [Warning] [GarageLite] has been loaded!
[12/18/2022 5:13:23 PM] [Warning] Dev: MQS#7816
[12/18/2022 5:13:23 PM] [Warning] Join this Discord for Support: https://discord.gg/Ssbpd9cvgp
[12/18/2022 5:13:23 PM] [Warning] ++++++++++++++++++++++++++++++++++++++
[12/18/2022 5:13:23 PM] [Info] 
[loading] InfiniteEnergy
[12/18/2022 5:13:23 PM] [Error] Could not find dependency: 0Harmony, Version=2.1.1.0, Culture=neutral, PublicKeyToken=null
[12/18/2022 5:13:23 PM] [Error] Could not find dependency: 0Harmony, Version=2.1.1.0, Culture=neutral, PublicKeyToken=null
[12/18/2022 5:13:23 PM] [Info] 
[loading] ReponseMod_HiddenName
[12/18/2022 5:13:23 PM] [Info] 
[loading] Teleportation
[12/18/2022 5:13:23 PM] [Info] [registered] /tpa (RestoreMonarchy.Teleportation.Commands.TPACommand/tpa)
[12/18/2022 5:13:23 PM] [Info] Teleportation >> Teleportation 1.7.0.0 has been loaded!
[12/18/2022 5:13:23 PM] [Info] 
[loading] uEssentials
[12/18/2022 5:13:23 PM] [Error] Failed to load uEssentials, unloading now... :System.MissingMethodException: SDG.Unturned.ConsoleInput SDG.Unturned.CommandWindow.get_input()
  at Rocket.Core.Plugins.RocketPlugin.LoadPlugin () [0x00033] in <59a13feb721848c8b0cd173f6d0e820b>:0 
[12/18/2022 5:13:23 PM] [Info] 
[unloading] uEssentials
[12/18/2022 5:13:23 PM] [Error] Failed to unload uEssentials:System.MissingMethodException: SDG.Unturned.ConsoleInput SDG.Unturned.CommandWindow.get_input()
  at Rocket.Core.Plugins.RocketPlugin.UnloadPlugin (Rocket.API.PluginState state) [0x0003b] in <59a13feb721848c8b0cd173f6d0e820b>:0 
  at Rocket.Core.Plugins.RocketPlugin.LoadPlugin () [0x0005c] in <59a13feb721848c8b0cd173f6d0e820b>:0 
[12/18/2022 5:13:23 PM] [Info] This server will automatically save every 1800 seconds
[12/18/2022 5:13:23 PM] [Info] Steam servers ready!
[12/18/2022 5:13:23 PM] [Info] Workshop install folder: C:\Program Files (x86)\Steam\steamapps\common\U3DS/Servers/MyServer/Workshop/Steam
[12/18/2022 5:13:23 PM] [Info] 3 workshop item(s) requested
[12/18/2022 5:13:23 PM] [Info] Submitting workshop query for 3 item(s)...
[12/18/2022 5:13:23 PM] [Info] Workshop query yielded 3 result(s)
[12/18/2022 5:13:51 PM] [Info] This server's allowed IP for Workshop downloads: 73.253.101.49
[12/18/2022 5:13:51 PM] [Info] 2898548949 'A6 Polaris' queued for download
[12/18/2022 5:13:51 PM] [Info] 1717095606 'Creator Tools' queued for download
[12/18/2022 5:13:51 PM] [Info] 2796081018 'Nordic Compatable Arid' queued for download
[12/18/2022 5:13:51 PM] [Info] 3 workshop item(s) to download...
[12/18/2022 5:13:51 PM] [Info] Workshop item found in cache: 2898548949
[12/18/2022 5:13:51 PM] [Info] Installing workshop item: 2898548949
[12/18/2022 5:13:51 PM] [Info] Installed workshop item: 2898548949
[12/18/2022 5:13:51 PM] [Info] Workshop item found in cache: 1717095606
[12/18/2022 5:13:51 PM] [Info] Installing workshop item: 1717095606
[12/18/2022 5:13:51 PM] [Info] Installed workshop item: 1717095606
[12/18/2022 5:13:51 PM] [Info] Workshop item found in cache: 2796081018
[12/18/2022 5:13:51 PM] [Info] Installing workshop item: 2796081018
[12/18/2022 5:13:51 PM] [Info] Installed workshop item: 2796081018
[12/18/2022 5:13:51 PM] [Info] Skipping level config override Animals.Max_Instances_Medium because server value (50) is not the default (16)
[12/18/2022 5:13:51 PM] [Info] Skipping level config override Items.Quality_Full_Chance because server value (1) is not the default (0.1)
[12/18/2022 5:13:51 PM] [Info] Level overrides config Barricades.Allow_Item_Placement_On_Vehicle: False (Default: True)
[12/18/2022 5:13:51 PM] [Info] Level overrides config Barricades.Allow_Trap_Placement_On_Vehicle: False (Default: True)
[12/18/2022 5:13:51 PM] [Info] Skipping level config override Barricades.Gun_Lowcal_Damage_Multiplier because server value (5) is not the default (1)
[12/18/2022 5:13:51 PM] [Info] Skipping level config override Barricades.Gun_Highcal_Damage_Multiplier because server value (5) is not the default (1)
[12/18/2022 5:13:51 PM] [Info] Skipping level config override Barricades.Armor_Lowtier_Multiplier because server value (5) is not the default (1)
[12/18/2022 5:13:51 PM] [Info] Skipping level config override Barricades.Armor_Hightier_Multiplier because server value (5) is not the default (0.5)
[12/18/2022 5:13:51 PM] [Info] Skipping level config override Structures.Gun_Lowcal_Damage_Multiplier because server value (5) is not the default (1)
[12/18/2022 5:13:51 PM] [Info] Skipping level config override Structures.Gun_Highcal_Damage_Multiplier because server value (5) is not the default (1)
[12/18/2022 5:13:51 PM] [Info] Skipping level config override Structures.Armor_Lowtier_Multiplier because server value (5) is not the default (1)
[12/18/2022 5:13:51 PM] [Info] Skipping level config override Structures.Armor_Hightier_Multiplier because server value (5) is not the default (0.5)
[12/18/2022 5:13:51 PM] [Info] Skipping level config override Structures.Melee_Damage_Multiplier because server value (5) is not the default (1)
[12/18/2022 5:13:51 PM] [Info] Skipping level config override Structures.Melee_Repair_Multiplier because server value (5) is not the default (1)
[12/18/2022 5:13:51 PM] [Info] Skipping level config override Events.Airdrop_Speed because server value (1) is not the default (128)
[12/18/2022 5:13:51 PM] [Info] Skipping level config override Events.Airdrop_Force because server value (1) is not the default (9.5)
[12/18/2022 5:13:51 PM] [Info] Skipping level config override Vehicles.Gun_Lowcal_Damage_Multiplier because server value (0.5) is not the default (1)
[12/18/2022 5:13:51 PM] [Info] Skipping level config override Vehicles.Melee_Damage_Multiplier because server value (0.5) is not the default (1)
[12/18/2022 5:13:51 PM] [Info] Skipping level config override Vehicles.Min_Battery_Charge because server value (1) is not the default (0.5)
[12/18/2022 5:13:51 PM] [Info] Skipping level config override Vehicles.Max_Battery_Charge because server value (1) is not the default (0.75)
[12/18/2022 5:13:51 PM] [Info] Skipping level config override Vehicles.Has_Battery_Chance because server value (1) is not the default (0.8)
[12/18/2022 5:13:51 PM] [Info] Skipping level config override Vehicles.Max_Instances_Medium because server value (40) is not the default (16)
[12/18/2022 5:13:51 PM] [Info] Level overrides config Vehicles.Armor_Multiplier: 0.375 (Default: 1)
[12/18/2022 5:13:51 PM] [Info] Level overrides config Players.Experience_Multiplier: 1 (Default: 1)
[12/18/2022 5:13:51 PM] [Info] Skipping level config override Players.Lose_Skills_PvP because server value (1) is not the default (0.75)
[12/18/2022 5:13:51 PM] [Info] Skipping level config override Players.Lose_Skills_PvE because server value (1) is not the default (0.75)
[12/18/2022 5:13:51 PM] [Info] Skipping level config override Players.Virus_Infect because server value (90) is not the default (50)
[12/18/2022 5:13:51 PM] [Info] Level overrides config Zombies.Armor_Multiplier: 1 (Default: 1)
[12/18/2022 5:13:51 PM] [Info] Skipping level config override Zombies.Full_Moon_Experience_Multiplier because server value (5) is not the default (2)
[12/18/2022 5:13:51 PM] [Info] Skipping level config override Zombies.Spawn_Chance because server value (1) is not the default (0.25)
[12/18/2022 5:13:51 PM] [Info] Level overrides config Zombies.Min_Mega_Drops: 1 (Default: 5)
[12/18/2022 5:13:51 PM] [Info] Skipping level config override Zombies.Max_Mega_Drops because server value (10) is not the default (5)
[12/18/2022 5:13:51 PM] [Info] Skipping level config override Zombies.Min_Boss_Drops because server value (5) is not the default (8)
[12/18/2022 5:13:51 PM] [Info] Level overrides config Zombies.Max_Boss_Drops: 1 (Default: 10)
[12/18/2022 5:13:51 PM] [Info] Skipping level config override Zombies.Loot_Chance because server value (1) is not the default (0.5)
[12/18/2022 5:13:51 PM] [Info] Level overrides config Gameplay.Chart: True (Default: False)
[12/18/2022 5:13:51 PM] [Info] Monitoring workshop map 'A6 Polaris' (2898548949) for changes
[12/18/2022 5:13:51 PM] [Info] Loading level: 8%
[12/18/2022 5:13:54 PM] [Info] Loading level: 16%
[12/18/2022 5:13:54 PM] [Info] Loading level: 25%
[12/18/2022 5:13:54 PM] [Info] Loading level: 33%
[12/18/2022 5:13:54 PM] [Info] Loading level: 41%
[12/18/2022 5:13:54 PM] [Info] Loading level: 50%
[12/18/2022 5:13:54 PM] [Info] Loading level: 58%
[12/18/2022 5:13:54 PM] [Info] Loading level: 66%
[12/18/2022 5:13:54 PM] [Info] Loading level: 75%
[12/18/2022 5:13:54 PM] [Info] Loading level: 83%
[12/18/2022 5:13:54 PM] [Info] Loading level: 91%
[12/18/2022 5:13:54 PM] [Info] Loading level: 100%
[12/18/2022 5:14:59 PM] [Info] BattlEye Server: Player #0 Red__Bear (73.253.101.49:58068) connected
[12/18/2022 5:14:59 PM] [Info] BattlEye Server: Player #0 Red__Bear - BE GUID: f4abbf8aa333c3b24b5656c70080f342
[12/18/2022 5:14:59 PM] [Info] Connecting: PlayerID: 76561199035738472 Name: Red__Bear Character: Red__Bear
[12/18/2022 5:14:59 PM] [Error] Could not find dependency: System.Net.Http, Version=4.0.0.0, Culture=neutral, PublicKeyToken=b03f5f7f11d50a3a
[12/18/2022 5:14:59 PM] [Error] Could not find dependency: System.Net.Http, Version=4.0.0.0, Culture=neutral, PublicKeyToken=b03f5f7f11d50a3a
[12/18/2022 5:14:59 PM] [Error] Feli.RocketMod.JoinLeaveMessages >> There was an error during the player join -> Exception in Feli.RocketMod.JoinLeaveMessages: System.BadImageFormatException: Could not resolve field token 0x0400000a, due to: Could not load type of field 'Feli.RocketMod.JoinLeaveMessages.Helpers.IpGeolocationHelper+<GetCountryFromIp>d__0:<client>5__2' (3) due to: Could not load file or assembly 'System.Net.Http, Version=4.0.0.0, Culture=neutral, PublicKeyToken=b03f5f7f11d50a3a' or one of its dependencies. assembly:System.Net.Http, Version=4.0.0.0, Culture=neutral, PublicKeyToken=b03f5f7f11d50a3a type:<unknown type> member:(null) signature:<none> assembly:C:\Program Files (x86)\Steam\steamapps\common\U3DS\Servers\MyServer\Rocket\Plugins\Feli.RocketMod.JoinLeaveMessages.dll type:<GetCountryFromIp>d__0 member:(null) signature:<none>
File name: 'Feli.RocketMod.JoinLeaveMessages'
  at Feli.RocketMod.JoinLeaveMessages.Plugin+<>c__DisplayClass3_0+<<OnPlayerConnected>b__0>d.MoveNext () [0x00053] in <1945374a95f44307b8d70b38b6f38669>:0 
[12/18/2022 5:14:59 PM] [Info] BattlEye Server: Connected to BE Master
[12/18/2022 5:20:51 PM] [Info] BattlEye Server: Player #1 JACK THE RIPPER (108.90.241.159:53787) connected
[12/18/2022 5:20:51 PM] [Info] BattlEye Server: Player #1 JACK THE RIPPER - BE GUID: 0b39942d7d9a57c3719c1f802044c592
[12/18/2022 5:20:51 PM] [Info] Connecting: PlayerID: 76561199074224396 Name: JACK THE RIPPER Character: reaper
[12/18/2022 5:20:51 PM] [Error] Feli.RocketMod.JoinLeaveMessages >> There was an error during the player join -> Exception in Feli.RocketMod.JoinLeaveMessages: System.TypeLoadException: Failure has occurred while loading a type.
  at Feli.RocketMod.JoinLeaveMessages.Plugin+<>c__DisplayClass3_0+<<OnPlayerConnected>b__0>d.MoveNext () [0x00053] in <1945374a95f44307b8d70b38b6f38669>:0 
[12/18/2022 5:21:27 PM] [Info] [World] reaper [JACK THE RIPPER]: "going afk and good luck finding the gol fish"
[12/18/2022 5:26:24 PM] [Info] Successfully admined Red__Bear
[12/18/2022 5:26:57 PM] [Info] [Group] Red__Bear [Red__Bear]: "/i 19231"
[12/18/2022 5:27:54 PM] [Info] Giving Red__Bear item 19231:1
[12/18/2022 5:27:54 PM] [Info] [Group] Red__Bear [Red__Bear]: "/i 19909"
[12/18/2022 5:27:54 PM] [Info] Giving Red__Bear item 19909:1
[12/18/2022 5:29:23 PM] [Info] [Group] Red__Bear [Red__Bear]: "/i turret"
[12/18/2022 5:29:31 PM] [Info] Giving Red__Bear item 36405:1
[12/18/2022 5:29:31 PM] [Info] [Group] Red__Bear [Red__Bear]: "/i "sentry turret""
[12/18/2022 5:30:20 PM] [Info] Giving Red__Bear item 19513:1
[12/18/2022 5:30:20 PM] [Info] [World] reaper [JACK THE RIPPER]: "mmmm admen power"
[12/18/2022 5:30:52 PM] [Info] [World] reaper [JACK THE RIPPER]: "/tpa red"
[12/18/2022 5:30:55 PM] [Info] [Group] Red__Bear [Red__Bear]: "/tpa a"
[12/18/2022 5:31:23 PM] [Info] [World] reaper [JACK THE RIPPER]: "i have 10"
[12/18/2022 5:32:03 PM] [Info] [World] reaper [JACK THE RIPPER]: "oh you got that"
[12/18/2022 5:32:14 PM] [Info] [World] reaper [JACK THE RIPPER]: "the boss outfit"
[12/18/2022 5:32:32 PM] [Info] [World] reaper [JACK THE RIPPER]: "how"
[12/18/2022 5:32:44 PM] [Info] [World] reaper [JACK THE RIPPER]: "omg"
[12/18/2022 5:32:59 PM] [Info] [World] reaper [JACK THE RIPPER]: "red"
[12/18/2022 5:33:49 PM] [Info] [World] reaper [JACK THE RIPPER]: "sure"
[12/18/2022 5:33:55 PM] [Info] [World] reaper [JACK THE RIPPER]: "ya"
[12/18/2022 5:34:28 PM] [Info] [Group] Red__Bear [Red__Bear]: "/v 59019"
[12/18/2022 5:35:21 PM] [Info] Giving Red__Bear vehicle 59019
[12/18/2022 5:35:21 PM] [Info] [Group] Red__Bear [Red__Bear]: "/i 19946"
[12/18/2022 5:35:21 PM] [Info] Giving Red__Bear item 19946:1
[12/18/2022 5:36:01 PM] [Info] Red__Bear [Red__Bear] killed themself.
[12/18/2022 5:36:04 PM] [Info] [Group] Red__Bear [Red__Bear]: "/tp reaper"
[12/18/2022 5:37:05 PM] [Info] Red__Bear teleported to reaper
[12/18/2022 5:37:05 PM] [Info] [World] reaper [JACK THE RIPPER]: "i got thos"
[12/18/2022 5:37:23 PM] [Info] [Group] Red__Bear [Red__Bear]: "/i 19423"
[12/18/2022 5:37:23 PM] [Info] Giving Red__Bear item 19423:1
[12/18/2022 5:37:45 PM] [Info] [Group] Red__Bear [Red__Bear]: "/i 19424"
[12/18/2022 5:37:45 PM] [Info] Giving Red__Bear item 19424:1
[12/18/2022 5:37:56 PM] [Info] [World] reaper [JACK THE RIPPER]: "red"
[12/18/2022 5:38:22 PM] [Info] [World] reaper [JACK THE RIPPER]: "my car"
[12/18/2022 5:38:34 PM] [Info] [Group] Red__Bear [Red__Bear]: "/i 19424 4"
[12/18/2022 5:38:34 PM] [Info] Giving Red__Bear item 19424:4
[12/18/2022 5:39:06 PM] [Info] [World] reaper [JACK THE RIPPER]: "/home"
[12/18/2022 5:39:07 PM] [Info] reaper moved x:-738.9688 y:76.00124(+42.52416) z:137.2266 in the last second (0.09999847)
[12/18/2022 5:39:48 PM] [Info] [World] reaper [JACK THE RIPPER]: "am home"
[12/18/2022 5:40:10 PM] [Info] [World] reaper [JACK THE RIPPER]: "cars"
[12/18/2022 5:40:35 PM] [Info] [World] reaper [JACK THE RIPPER]: "any one of them i can take"
[12/18/2022 5:40:36 PM] [Info] [Group] Red__Bear [Red__Bear]: "/v 59027"
[12/18/2022 5:40:47 PM] [Info] Giving Red__Bear vehicle 59027
[12/18/2022 5:40:47 PM] [Info] [Area] Red__Bear [Red__Bear]: "/v 59028"
[12/18/2022 5:40:50 PM] [Info] Giving Red__Bear vehicle 59028
[12/18/2022 5:40:50 PM] [Info] [Area] Red__Bear [Red__Bear]: "/v 59028"
[12/18/2022 5:40:50 PM] [Info] Giving Red__Bear vehicle 59028
[12/18/2022 5:41:31 PM] [Info] [Group] Red__Bear [Red__Bear]: "/i dragon"
[12/18/2022 5:41:47 PM] [Info] Giving Red__Bear item 132:1
[12/18/2022 5:41:47 PM] [Info] [World] reaper [JACK THE RIPPER]: "going afk"
[12/18/2022 5:43:13 PM] [Info] [Group] Red__Bear [Red__Bear]: "/c 59008"
[12/18/2022 5:43:16 PM] [Info] [Group] Red__Bear [Red__Bear]: "/v 59008"
[12/18/2022 5:43:19 PM] [Info] Giving Red__Bear vehicle 59008
[12/18/2022 5:43:19 PM] [Info] Saving server
[12/18/2022 5:43:32 PM] [Info] [Group] Red__Bear [Red__Bear]: "/v 59002"
[12/18/2022 5:43:58 PM] [Info] Giving Red__Bear vehicle 59002
[12/18/2022 5:43:58 PM] [Info] [Group] Red__Bear [Red__Bear]: "/i dragon"
[12/18/2022 5:44:42 PM] [Info] Giving Red__Bear item 132:1
[12/18/2022 5:44:42 PM] [Info] [Group] Red__Bear [Red__Bear]: "/v 59013"
[12/18/2022 5:44:48 PM] [Info] Giving Red__Bear vehicle 59013
[12/18/2022 5:44:48 PM] [Info] [Group] Red__Bear [Red__Bear]: "/i dragon"
[12/18/2022 5:45:13 PM] [Info] Giving Red__Bear item 132:1
[12/18/2022 5:45:13 PM] [Info] [Group] Red__Bear [Red__Bear]: "/i bulletproof 2"
[12/18/2022 5:46:02 PM] [Info] Giving Red__Bear item 1298:2
[12/18/2022 5:46:02 PM] [Info] BattlEye Server: Player #2 Lagunastudios (24.10.47.186:53829) connected
[12/18/2022 5:46:02 PM] [Info] BattlEye Server: Player #2 Lagunastudios - BE GUID: 93a5fd09183ed672330b59dd16bb82ae
[12/18/2022 5:46:02 PM] [Info] Connecting: PlayerID: 76561198334369190 Name: Lagunastudios Character: Kaboomo Blastkerov
[12/18/2022 5:46:02 PM] [Error] Feli.RocketMod.JoinLeaveMessages >> There was an error during the player join -> Exception in Feli.RocketMod.JoinLeaveMessages: System.TypeLoadException: Failure has occurred while loading a type.
  at Feli.RocketMod.JoinLeaveMessages.Plugin+<>c__DisplayClass3_0+<<OnPlayerConnected>b__0>d.MoveNext () [0x00053] in <1945374a95f44307b8d70b38b6f38669>:0 
[12/18/2022 5:47:50 PM] [Info] [World] reaper [JACK THE RIPPER]: "/home"
[12/18/2022 5:47:51 PM] [Info] reaper moved x:-737.239 y:76.00124(+31.58891) z:137.8711 in the last second (0.651268)
[12/18/2022 5:48:38 PM] [Info] [Group] Red__Bear [Red__Bear]: "/i 19314"
[12/18/2022 5:48:38 PM] [Info] Giving Red__Bear item 19314:1
[12/18/2022 5:48:48 PM] [Info] [Group] Red__Bear [Red__Bear]: "/i "zolash mag""
[12/18/2022 5:49:21 PM] [Info] Giving Red__Bear item 19315:1
[12/18/2022 5:49:21 PM] [Info] [Group] Red__Bear [Red__Bear]: "/tp safe"
[12/18/2022 5:49:21 PM] [Info] Red__Bear teleported to Safezone
[12/18/2022 5:50:47 PM] [Info] Kaboomo Blastkerov [Lagunastudios] burned to death!
[12/18/2022 5:50:51 PM] [Info] [World] Kaboomo Blastkerov [Lagunastudios]: "/home"
[12/18/2022 5:51:24 PM] [Info] [World] reaper [JACK THE RIPPER]: "/home"
[12/18/2022 5:52:55 PM] [Info] [World] reaper [JACK THE RIPPER]: "/home"
[12/18/2022 5:52:55 PM] [Info] reaper moved x:-738.9688 y:76.00124(+35.839) z:137.2266 in the last second (0.09999847)
[12/18/2022 5:53:35 PM] [Info] [World] reaper [JACK THE RIPPER]: "/home"
[12/18/2022 5:55:45 PM] [Info] BattlEye Server: Player #3 Cheese Boi (173.3.120.91:52228) connected
[12/18/2022 5:55:45 PM] [Info] BattlEye Server: Player #3 Cheese Boi - BE GUID: 2b512fb04534f10758ddfe662a41a811
[12/18/2022 5:55:45 PM] [Info] Connecting: PlayerID: 76561199129498897 Name: Cheese Boi Character: Sheriff Soprano
[12/18/2022 5:55:45 PM] [Error] Feli.RocketMod.JoinLeaveMessages >> There was an error during the player join -> Exception in Feli.RocketMod.JoinLeaveMessages: System.TypeLoadException: Failure has occurred while loading a type.
  at Feli.RocketMod.JoinLeaveMessages.Plugin+<>c__DisplayClass3_0+<<OnPlayerConnected>b__0>d.MoveNext () [0x00053] in <1945374a95f44307b8d70b38b6f38669>:0 
[12/18/2022 5:56:12 PM] [Info] [World] Sheriff Soprano [Cheese Boi]: "oops lemme join vc"
[12/18/2022 5:56:17 PM] [Info] [World] reaper [JACK THE RIPPER]: "/hom"
[12/18/2022 5:57:33 PM] [Info] [World] reaper [JACK THE RIPPER]: "can i see kaboom"
[12/18/2022 5:57:35 PM] [Info] [World] reaper [JACK THE RIPPER]: "/home"
[12/18/2022 5:57:35 PM] [Info] reaper moved x:-738.9688 y:76.00124(+31.27082) z:137.2266 in the last second (0.09999847)
[12/18/2022 5:59:49 PM] [Info] [World] reaper [JACK THE RIPPER]: "james i see all i hear all"
[12/18/2022 6:00:50 PM] [Info] [World] Sheriff Soprano [Cheese Boi]: "/tpa oredoc"
[12/18/2022 6:00:52 PM] [Info] [World] Sheriff Soprano [Cheese Boi]: "/tpa kaboom"
[12/18/2022 6:00:58 PM] [Info] [World] Kaboomo Blastkerov [Lagunastudios]: "/tpa a"
[12/18/2022 6:01:03 PM] [Info] Sheriff Soprano [Cheese Boi] was mauled by a zombie!
[12/18/2022 6:01:09 PM] [Info] [World] Sheriff Soprano [Cheese Boi]: "/tpa kaboom"
[12/18/2022 6:01:41 PM] [Info] [World] Sheriff Soprano [Cheese Boi]: "/tpa kaboom"
[12/18/2022 6:01:46 PM] [Info] [World] Sheriff Soprano [Cheese Boi]: "/home"
[12/18/2022 6:01:46 PM] [Info] Sheriff Soprano moved x:-464.8984 y:47.79688(+19.08507) z:-168.125 in the last second (0.7354774)
[12/18/2022 6:02:02 PM] [Info] [World] Sheriff Soprano [Cheese Boi]: "/tpa kaboom"
[12/18/2022 6:02:15 PM] [Info] [World] Sheriff Soprano [Cheese Boi]: "/tpa kaboom"
[12/18/2022 6:02:19 PM] [Info] [World] Sheriff Soprano [Cheese Boi]: "/tpa kaboom"
[12/18/2022 6:02:22 PM] [Info] [World] Sheriff Soprano [Cheese Boi]: "/tpa kaboom"
[12/18/2022 6:02:23 PM] [Info] [World] Sheriff Soprano [Cheese Boi]: "/tpa kaboom"
[12/18/2022 6:02:29 PM] [Info] [World] Kaboomo Blastkerov [Lagunastudios]: "/tpa a"
[12/18/2022 6:04:02 PM] [Info] [World] reaper [JACK THE RIPPER]: "/home"
[12/18/2022 6:04:32 PM] [Info] [World] reaper [JACK THE RIPPER]: "i have some james"
[12/18/2022 6:05:35 PM] [Info] [World] Sheriff Soprano [Cheese Boi]: "/home"
[12/18/2022 6:05:46 PM] [Info] [World] Sheriff Soprano [Cheese Boi]: "/tpa aboom"
[12/18/2022 6:05:54 PM] [Info] [World] Kaboomo Blastkerov [Lagunastudios]: "/tpa a"
[12/18/2022 6:07:23 PM] [Info] [World] Sheriff Soprano [Cheese Boi]: "/home"
[12/18/2022 6:07:27 PM] [Info] [World] reaper [JACK THE RIPPER]: "hi"
[12/18/2022 6:07:38 PM] [Info] [World] reaper [JACK THE RIPPER]: "you shoot me i shoot back"
[12/18/2022 6:07:53 PM] [Info] [World] Sheriff Soprano [Cheese Boi]: "/tpa kaboom"
[12/18/2022 6:07:57 PM] [Info] [World] Kaboomo Blastkerov [Lagunastudios]: "/tpa a"
[12/18/2022 6:08:13 PM] [Info] [World] Kaboomo Blastkerov [Lagunastudios]: "/tpa sheriff"
[12/18/2022 6:08:15 PM] [Info] [World] Sheriff Soprano [Cheese Boi]: "/tpa a"
[12/18/2022 6:09:36 PM] [Info] [World] Kaboomo Blastkerov [Lagunastudios]: "/home"
[12/18/2022 6:09:48 PM] [Info] [World] reaper [JACK THE RIPPER]: "i did"
[12/18/2022 6:09:56 PM] [Info] [World] reaper [JACK THE RIPPER]: "also red change loot spawn"
[12/18/2022 6:10:01 PM] [Info] [World] reaper [JACK THE RIPPER]: "thanks to me"
[12/18/2022 6:10:04 PM] [Info] [World] reaper [JACK THE RIPPER]: "lol"
[12/18/2022 6:10:14 PM] [Info] [World] reaper [JACK THE RIPPER]: "right now i have 20"
[12/18/2022 6:10:43 PM] [Info] [World] reaper [JACK THE RIPPER]: "not bad"
[12/18/2022 6:11:08 PM] [Info] [World] reaper [JACK THE RIPPER]: "also i can get alot's of fliter"
[12/18/2022 6:11:10 PM] [Info] [World] reaper [JACK THE RIPPER]: "now"
[12/18/2022 6:11:23 PM] [Info] [World] reaper [JACK THE RIPPER]: "yes"
[12/18/2022 6:11:31 PM] [Info] [World] reaper [JACK THE RIPPER]: "brb"
[12/18/2022 6:11:33 PM] [Info] [World] reaper [JACK THE RIPPER]: "/home"
[12/18/2022 6:12:09 PM] [Info] [World] reaper [JACK THE RIPPER]: "james there one next to me"
[12/18/2022 6:13:19 PM] [Info] Saving server
[12/18/2022 6:14:17 PM] [Info] [World] reaper [JACK THE RIPPER]: "/tpa sop"
[12/18/2022 6:14:26 PM] [Info] [World] reaper [JACK THE RIPPER]: "acc james"
[12/18/2022 6:14:32 PM] [Info] [World] Sheriff Soprano [Cheese Boi]: "/tpa a"
[12/18/2022 6:14:36 PM] [Info] reaper moved x:-398.5677 y:48.64751(+22.48342) z:12.22959 in the last second (0.1000023)
[12/18/2022 6:15:07 PM] [Info] [World] Sheriff Soprano [Cheese Boi]: "/home"
[12/18/2022 6:18:18 PM] [Info] [World] reaper [JACK THE RIPPER]: "/tpa sop"
[12/18/2022 6:18:34 PM] [Info] [World] reaper [JACK THE RIPPER]: "/home"
[12/18/2022 6:18:41 PM] [Info] [World] Sheriff Soprano [Cheese Boi]: "/tpa kaboom"
[12/18/2022 6:18:46 PM] [Info] [World] Kaboomo Blastkerov [Lagunastudios]: "/tpa a"
[12/18/2022 6:20:03 PM] [Info] reaper moved x:478.4584 y:63.62182(+37.47411) z:512.4193 in the last second (0.1041107)
[12/18/2022 6:20:38 PM] [Info] [World] Kaboomo Blastkerov [Lagunastudios]: "/tpa sheriff"
[12/18/2022 6:20:41 PM] [Info] [World] Sheriff Soprano [Cheese Boi]: "/tpa a"
[12/18/2022 6:20:45 PM] [Info] Kaboomo Blastkerov moved x:450.3203 y:56.80391(+18.74869) z:59.19531 in the last second (0.1007805)
[12/18/2022 6:20:52 PM] [Info] [World] Kaboomo Blastkerov [Lagunastudios]: "/tpa reaper"
[12/18/2022 6:20:54 PM] [Info] [World] Sheriff Soprano [Cheese Boi]: "/tpa reaper"
[12/18/2022 6:21:00 PM] [Info] [World] reaper [JACK THE RIPPER]: "/tpa a"
[12/18/2022 6:23:01 PM] [Info] BattlEye Server: Player #4 wyvern (76.144.182.112:55293) connected
[12/18/2022 6:23:01 PM] [Info] BattlEye Server: Player #4 wyvern - BE GUID: 52ff74891e9f3edb832e38ed6c75466c
[12/18/2022 6:23:01 PM] [Info] Connecting: PlayerID: 76561199076468997 Name: wyvern Character: wyvern
[12/18/2022 6:23:01 PM] [Error] Feli.RocketMod.JoinLeaveMessages >> There was an error during the player join -> Exception in Feli.RocketMod.JoinLeaveMessages: System.TypeLoadException: Failure has occurred while loading a type.
  at Feli.RocketMod.JoinLeaveMessages.Plugin+<>c__DisplayClass3_0+<<OnPlayerConnected>b__0>d.MoveNext () [0x00053] in <1945374a95f44307b8d70b38b6f38669>:0 
[12/18/2022 6:23:20 PM] [Info] [World] reaper [JACK THE RIPPER]: "speed"
[12/18/2022 6:27:26 PM] [Info] [World] reaper [JACK THE RIPPER]: "/home"
[12/18/2022 6:28:35 PM] [Info] [World] reaper [JACK THE RIPPER]: "time to open all my mill creat"
[12/18/2022 6:28:46 PM] [Info] [World] reaper [JACK THE RIPPER]: "let me see"
[12/18/2022 6:28:55 PM] [Info] [World] reaper [JACK THE RIPPER]: "nop"
[12/18/2022 6:29:08 PM] [Info] [World] reaper [JACK THE RIPPER]: "my base have good shit"
[12/18/2022 6:29:30 PM] [Info] [Area] wyvern [wyvern]: "/home"
[12/18/2022 6:34:57 PM] [Info] [World] reaper [JACK THE RIPPER]: "/tpa sop"
[12/18/2022 6:35:01 PM] [Info] [World] Sheriff Soprano [Cheese Boi]: "/tpa a"
[12/18/2022 6:35:11 PM] [Info] [World] reaper [JACK THE RIPPER]: "james here"
[12/18/2022 6:35:25 PM] [Info] [World] reaper [JACK THE RIPPER]: "james where are you"
[12/18/2022 6:35:47 PM] [Info] [World] reaper [JACK THE RIPPER]: "god dont fuck me over"
[12/18/2022 6:36:00 PM] [Info] [World] reaper [JACK THE RIPPER]: "loot boxs"
[12/18/2022 6:37:09 PM] [Info] [World] reaper [JACK THE RIPPER]: "/home"
[12/18/2022 6:37:24 PM] [Info] [World] reaper [JACK THE RIPPER]: "my next door"
[12/18/2022 6:37:47 PM] [Info] [World] Sheriff Soprano [Cheese Boi]: "/tpa reaper"
[12/18/2022 6:37:50 PM] [Info] [World] reaper [JACK THE RIPPER]: "/tpa a"
[12/18/2022 6:37:53 PM] [Info] [World] reaper [JACK THE RIPPER]: "no"
[12/18/2022 6:37:56 PM] [Info] [World] Kaboomo Blastkerov [Lagunastudios]: "/home"
[12/18/2022 6:38:08 PM] [Info] [Group] wyvern [wyvern]: "/home"
[12/18/2022 6:38:13 PM] [Info] [World] reaper [JACK THE RIPPER]: "ummmmm"
[12/18/2022 6:38:28 PM] [Info] [World] Kaboomo Blastkerov [Lagunastudios]: "/tpa accept"
[12/18/2022 6:39:29 PM] [Info] [Group] wyvern [wyvern]: "/tpa kab"
[12/18/2022 6:39:33 PM] [Info] [World] reaper [JACK THE RIPPER]: "moses"
[12/18/2022 6:39:37 PM] [Info] [World] reaper [JACK THE RIPPER]: "your wrong"
[12/18/2022 6:39:37 PM] [Info] [World] Kaboomo Blastkerov [Lagunastudios]: "/tpa a"
[12/18/2022 6:42:28 PM] [Info] Disconnecting: PlayerID: 76561199129498897 Name: Cheese Boi Character: Sheriff Soprano
[12/18/2022 6:42:28 PM] [Info] BattlEye Server: Player #3 Cheese Boi disconnected
[12/18/2022 6:42:45 PM] [Info] Disconnecting: PlayerID: 76561198334369190 Name: Lagunastudios Character: Kaboomo Blastkerov
[12/18/2022 6:42:45 PM] [Info] BattlEye Server: Player #2 Lagunastudios disconnected
[12/18/2022 6:43:00 PM] [Info] [World] reaper [JACK THE RIPPER]: "/home"
[12/18/2022 6:43:19 PM] [Info] Saving server
[12/18/2022 6:44:46 PM] [Info] [Group] wyvern [wyvern]: "/home"
[12/18/2022 6:44:47 PM] [Info] wyvern moved x:181.5625 y:57.17604(+31.01196) z:195.9922 in the last second (0.09999847)
[12/18/2022 6:50:47 PM] [Info] Disconnecting: PlayerID: 76561199074224396 Name: JACK THE RIPPER Character: reaper
[12/18/2022 6:50:47 PM] [Info] BattlEye Server: Player #1 JACK THE RIPPER disconnected
[12/18/2022 7:13:19 PM] [Info] Saving server
[12/18/2022 7:43:19 PM] [Info] Saving server
[12/18/2022 7:51:47 PM] [Info] [Area] wyvern [wyvern]: "/home"
[12/18/2022 7:51:48 PM] [Info] wyvern moved x:181.5625 y:57.17604(+20.08022) z:195.9922 in the last second (0.09999847)
[12/18/2022 7:59:00 PM] [Info] BattlEye Server: Player #5 JACK THE RIPPER (108.90.241.159:64692) connected
[12/18/2022 7:59:00 PM] [Info] BattlEye Server: Player #5 JACK THE RIPPER - BE GUID: 0b39942d7d9a57c3719c1f802044c592
[12/18/2022 7:59:01 PM] [Info] Connecting: PlayerID: 76561199074224396 Name: JACK THE RIPPER Character: reaper
[12/18/2022 7:59:01 PM] [Error] Feli.RocketMod.JoinLeaveMessages >> There was an error during the player join -> Exception in Feli.RocketMod.JoinLeaveMessages: System.TypeLoadException: Failure has occurred while loading a type.
  at Feli.RocketMod.JoinLeaveMessages.Plugin+<>c__DisplayClass3_0+<<OnPlayerConnected>b__0>d.MoveNext () [0x00053] in <1945374a95f44307b8d70b38b6f38669>:0 
[12/18/2022 7:59:30 PM] [Info] Disconnecting: PlayerID: 76561199074224396 Name: JACK THE RIPPER Character: reaper
[12/18/2022 7:59:30 PM] [Info] BattlEye Server: Player #5 JACK THE RIPPER disconnected
[12/18/2022 8:13:19 PM] [Info] Saving server
[12/18/2022 8:18:52 PM] [Info] [Group] wyvern [wyvern]: "/home"
[12/18/2022 8:20:40 PM] [Info] Disconnecting: PlayerID: 76561199076468997 Name: wyvern Character: wyvern
[12/18/2022 8:20:40 PM] [Info] BattlEye Server: Player #4 wyvern disconnected
[12/18/2022 8:24:35 PM] [Info] Disconnecting: PlayerID: 76561199035738472 Name: Red__Bear Character: Red__Bear
[12/18/2022 8:24:35 PM] [Info] BattlEye Server: Player #0 Red__Bear disconnected
[12/18/2022 8:34:40 PM] [Info] BattlEye Server: Player #0 Red__Bear (73.253.101.49:51041) connected
[12/18/2022 8:34:40 PM] [Info] BattlEye Server: Player #0 Red__Bear - BE GUID: f4abbf8aa333c3b24b5656c70080f342
[12/18/2022 8:34:40 PM] [Info] Connecting: PlayerID: 76561199035738472 Name: Red__Bear Character: Red__Bear
[12/18/2022 8:34:40 PM] [Error] Feli.RocketMod.JoinLeaveMessages >> There was an error during the player join -> Exception in Feli.RocketMod.JoinLeaveMessages: System.TypeLoadException: Failure has occurred while loading a type.
  at Feli.RocketMod.JoinLeaveMessages.Plugin+<>c__DisplayClass3_0+<<OnPlayerConnected>b__0>d.MoveNext () [0x00053] in <1945374a95f44307b8d70b38b6f38669>:0 
[12/18/2022 8:34:45 PM] [Info] Disconnecting: PlayerID: 76561199035738472 Name: Red__Bear Character: Red__Bear
[12/18/2022 8:34:45 PM] [Info] BattlEye Server: Player #0 Red__Bear disconnected
[12/18/2022 8:37:36 PM] [Info] BattlEye Server: Player #0 Red__Bear (73.253.101.49:54816) connected
[12/18/2022 8:37:36 PM] [Info] BattlEye Server: Player #0 Red__Bear - BE GUID: f4abbf8aa333c3b24b5656c70080f342
[12/18/2022 8:37:36 PM] [Info] Connecting: PlayerID: 76561199035738472 Name: Red__Bear Character: Red__Bear
[12/18/2022 8:37:36 PM] [Error] Feli.RocketMod.JoinLeaveMessages >> There was an error during the player join -> Exception in Feli.RocketMod.JoinLeaveMessages: System.TypeLoadException: Failure has occurred while loading a type.
  at Feli.RocketMod.JoinLeaveMessages.Plugin+<>c__DisplayClass3_0+<<OnPlayerConnected>b__0>d.MoveNext () [0x00053] in <1945374a95f44307b8d70b38b6f38669>:0 
[12/18/2022 8:37:46 PM] [Info] [Group] Red__Bear [Red__Bear]: "/unadmin red"
[12/18/2022 8:38:20 PM] [Info] BattlEye Server: Player #1 Cheese Boi (173.3.120.91:56568) connected
[12/18/2022 8:38:20 PM] [Info] BattlEye Server: Player #1 Cheese Boi - BE GUID: 2b512fb04534f10758ddfe662a41a811
[12/18/2022 8:38:20 PM] [Info] Connecting: PlayerID: 76561199129498897 Name: Cheese Boi Character: Sheriff Soprano
[12/18/2022 8:38:20 PM] [Error] Feli.RocketMod.JoinLeaveMessages >> There was an error during the player join -> Exception in Feli.RocketMod.JoinLeaveMessages: System.TypeLoadException: Failure has occurred while loading a type.
  at Feli.RocketMod.JoinLeaveMessages.Plugin+<>c__DisplayClass3_0+<<OnPlayerConnected>b__0>d.MoveNext () [0x00053] in <1945374a95f44307b8d70b38b6f38669>:0 
[12/18/2022 8:38:39 PM] [Info] [World] Sheriff Soprano [Cheese Boi]: "/home"
[12/18/2022 8:39:31 PM] [Info] Red__Bear moved x:-780.8032 y:52.64556(+15.76878) z:-979.0148 in the last second (0.05929947)
[12/18/2022 8:39:32 PM] [Info] Red__Bear moved x:-788.5493 y:72.91534(+20.26978) z:-954.0527 in the last second (0.06099701)
[12/18/2022 8:39:33 PM] [Info] Red__Bear moved x:-790.9606 y:91.73053(+18.81519) z:-921.792 in the last second (0.06490326)
[12/18/2022 8:40:06 PM] [Info] Sheriff Soprano [Cheese Boi] was infected to death!
[12/18/2022 8:40:13 PM] [Info] [World] Sheriff Soprano [Cheese Boi]: "/home"
[12/18/2022 8:40:13 PM] [Info] Sheriff Soprano moved x:-464.8984 y:47.30152(+21.50595) z:-168.125 in the last second (0.2401199)
[12/18/2022 8:43:19 PM] [Info] Saving server
[12/18/2022 8:43:26 PM] [Info] Red__Bear moved x:-452.138 y:78.49691(+15.86005) z:-127.3461 in the last second (0.06595612)
[12/18/2022 8:43:26 PM] [Info] Sheriff Soprano moved x:-445.4881 y:85.50818(+17.6515) z:-118.0212 in the last second (0.07442474)
[12/18/2022 8:44:56 PM] [Info] Sheriff Soprano moved x:-446.8808 y:94.796(+16.14104) z:-654.1205 in the last second (0.06052399)
[12/18/2022 8:44:57 PM] [Info] Red__Bear moved x:-462.7162 y:105.005(+16.48837) z:-634.3095 in the last second (0.06045532)
[12/18/2022 8:44:57 PM] [Info] Sheriff Soprano moved x:-474.7143 y:111.5413(+16.74535) z:-624.4088 in the last second (0.06307983)
[12/18/2022 8:44:58 PM] [Info] Red__Bear moved x:-493.2321 y:120.6342(+15.62923) z:-605.6357 in the last second (0.09200287)
[12/18/2022 8:46:43 PM] [Info] Red__Bear moved x:-73.97289 y:54.42305(+28.25896) z:-180.2795 in the last second (0.1000023)
[12/18/2022 8:49:57 PM] [Info] BattlEye Server: Player #2 JACK THE RIPPER (108.90.241.159:63489) connected
[12/18/2022 8:49:57 PM] [Info] BattlEye Server: Player #2 JACK THE RIPPER - BE GUID: 0b39942d7d9a57c3719c1f802044c592
[12/18/2022 8:49:57 PM] [Info] Connecting: PlayerID: 76561199074224396 Name: JACK THE RIPPER Character: reaper
[12/18/2022 8:49:57 PM] [Error] Feli.RocketMod.JoinLeaveMessages >> There was an error during the player join -> Exception in Feli.RocketMod.JoinLeaveMessages: System.TypeLoadException: Failure has occurred while loading a type.
  at Feli.RocketMod.JoinLeaveMessages.Plugin+<>c__DisplayClass3_0+<<OnPlayerConnected>b__0>d.MoveNext () [0x00053] in <1945374a95f44307b8d70b38b6f38669>:0 
[12/18/2022 8:50:00 PM] [Info] [World] Sheriff Soprano [Cheese Boi]: "/home"
[12/18/2022 8:50:01 PM] [Info] Sheriff Soprano moved x:-464.8984 y:47.1614(+20.99731) z:-168.125 in the last second (0.09999847)
[12/18/2022 8:50:11 PM] [Info] [World] reaper [JACK THE RIPPER]: "na am more richer thin bow of you"
[12/18/2022 8:50:16 PM] [Info] [World] reaper [JACK THE RIPPER]: "both"
[12/18/2022 8:52:51 PM] [Info] [World] reaper [JACK THE RIPPER]: "james the new recruits you got"
[12/18/2022 8:53:10 PM] [Info] [World] reaper [JACK THE RIPPER]: "i got to say he did 0/10 for he's job"
[12/18/2022 8:53:38 PM] [Info] [World] reaper [JACK THE RIPPER]: "red i have mill create"
[12/18/2022 8:53:48 PM] [Info] [World] reaper [JACK THE RIPPER]: "what to buy some??"
[12/18/2022 8:54:49 PM] [Info] [Group] Red__Bear [Red__Bear]: "/home"
[12/18/2022 8:55:06 PM] [Info] [World] reaper [JACK THE RIPPER]: "/tpa red"
[12/18/2022 8:55:20 PM] [Info] [World] reaper [JACK THE RIPPER]: "can you acc i what to trade something"
[12/18/2022 8:56:08 PM] [Info] [World] reaper [JACK THE RIPPER]: "red can you acc"
[12/18/2022 8:56:15 PM] [Info] [Group] Red__Bear [Red__Bear]: "/tpa a"
[12/18/2022 8:56:25 PM] [Info] [World] reaper [JACK THE RIPPER]: "i what to trade"
[12/18/2022 8:56:29 PM] [Info] [World] reaper [JACK THE RIPPER]: "this two"
[12/18/2022 8:56:40 PM] [Info] [World] reaper [JACK THE RIPPER]: "dadm"
[12/18/2022 8:56:41 PM] [Info] [World] reaper [JACK THE RIPPER]: "brb"
[12/18/2022 8:56:43 PM] [Info] [World] reaper [JACK THE RIPPER]: "/home"
[12/18/2022 8:56:44 PM] [Info] reaper moved x:-576.3359 y:44.84938(+15.39943) z:-660.2031 in the last second (0.09999847)
[12/18/2022 8:57:03 PM] [Info] [World] Sheriff Soprano [Cheese Boi]: "/tpa red"
[12/18/2022 8:57:11 PM] [Info] [Group] Red__Bear [Red__Bear]: "/tpa a"
[12/18/2022 8:57:39 PM] [Info] Successfully admined Red__Bear
[12/18/2022 8:57:52 PM] [Info] [Group] Red__Bear [Red__Bear]: "/i 19151"
[12/18/2022 8:57:52 PM] [Info] Giving Red__Bear item 19151:1
[12/18/2022 8:58:18 PM] [Info] [World] reaper [JACK THE RIPPER]: "/tpa red"
[12/18/2022 8:58:26 PM] [Info] [Group] Red__Bear [Red__Bear]: "/i "sentry tur""
[12/18/2022 8:58:27 PM] [Info] Giving Red__Bear item 19513:1
[12/18/2022 8:58:27 PM] [Info] [Area] Red__Bear [Red__Bear]: "/i "sentry tur""
[12/18/2022 8:58:27 PM] [Info] Giving Red__Bear item 19513:1
[12/18/2022 8:58:27 PM] [Info] [World] reaper [JACK THE RIPPER]: "i have gift"
[12/18/2022 8:58:28 PM] [Info] [Group] Red__Bear [Red__Bear]: "/tpa a"
[12/18/2022 8:58:37 PM] [Info] [Area] Red__Bear [Red__Bear]: "/i "sentry tur""
[12/18/2022 8:58:40 PM] [Info] Giving Red__Bear item 19513:1
[12/18/2022 8:58:40 PM] [Info] [World] reaper [JACK THE RIPPER]: "can i see the diffenrt"
[12/18/2022 8:58:53 PM] [Info] [World] Sheriff Soprano [Cheese Boi]: "/home"
[12/18/2022 8:58:53 PM] [Info] Sheriff Soprano moved x:-464.8984 y:47.1614(+17.71272) z:-168.125 in the last second (0.09999847)
[12/18/2022 8:58:56 PM] [Info] [Area] reaper [JACK THE RIPPER]: "how much dam does it doo"
[12/18/2022 8:59:14 PM] [Info] [World] reaper [JACK THE RIPPER]: "mmm can i make thoese"
[12/18/2022 8:59:18 PM] [Info] [World] reaper [JACK THE RIPPER]: "or i cant"
[12/18/2022 8:59:26 PM] [Info] [World] reaper [JACK THE RIPPER]: "how"
[12/18/2022 8:59:47 PM] [Info] [World] reaper [JACK THE RIPPER]: "wait i have more"
[12/18/2022 9:00:01 PM] [Info] [World] reaper [JACK THE RIPPER]: "ow"
[12/18/2022 9:00:02 PM] [Info] [Group] Red__Bear [Red__Bear]: "/i "sentry tur" 2"
[12/18/2022 9:00:05 PM] [Info] Giving Red__Bear item 19513:2
[12/18/2022 9:00:05 PM] [Info] [World] reaper [JACK THE RIPPER]: "i what my lawyer"
[12/18/2022 9:00:10 PM] [Info] [World] reaper [JACK THE RIPPER]: "/home"
[12/18/2022 9:03:09 PM] [Info] [Group] Red__Bear [Red__Bear]: "/i mkp"
[12/18/2022 9:03:25 PM] [Info] Giving Red__Bear item 19423:1
[12/18/2022 9:03:25 PM] [Info] [Group] Red__Bear [Red__Bear]: "/i mkp"
[12/18/2022 9:03:25 PM] [Info] Giving Red__Bear item 19423:1
[12/18/2022 9:03:25 PM] [Info] [Group] Red__Bear [Red__Bear]: "/i mkp"
[12/18/2022 9:03:27 PM] [Info] Giving Red__Bear item 19423:1
[12/18/2022 9:03:27 PM] [Info] [Group] Red__Bear [Red__Bear]: "/i mkp"
[12/18/2022 9:03:34 PM] [Info] Giving Red__Bear item 19423:1
[12/18/2022 9:03:34 PM] [Info] [Group] Red__Bear [Red__Bear]: "/i "mkp box" 3"
[12/18/2022 9:04:26 PM] [Info] Giving Red__Bear item 19424:3
[12/18/2022 9:04:26 PM] [Info] [Group] Red__Bear [Red__Bear]: "/i "ghost sight""
[12/18/2022 9:07:55 PM] [Info] Giving Red__Bear item 19435:1
[12/18/2022 9:07:55 PM] [Info] [World] reaper [JACK THE RIPPER]: "i got a pump jack"
[12/18/2022 9:09:04 PM] [Info] [World] reaper [JACK THE RIPPER]: "will it a 00000000000.1%"
[12/18/2022 9:09:15 PM] [Info] [World] reaper [JACK THE RIPPER]: "any new player getting on this sever'd"
[12/18/2022 9:10:07 PM] [Info] [World] reaper [JACK THE RIPPER]: "wait what to make this into roleplay sever??"
[12/18/2022 9:10:49 PM] [Info] [World] reaper [JACK THE RIPPER]: "help the honmless"
[12/18/2022 9:12:05 PM] [Info] [World] Sheriff Soprano [Cheese Boi]: "/home"
[12/18/2022 9:12:05 PM] [Info] Sheriff Soprano moved x:-464.8984 y:47.1614(+20.99731) z:-168.125 in the last second (0.09999847)
[12/18/2022 9:13:17 PM] [Info] [Group] Red__Bear [Red__Bear]: "/unadmin red"
[12/18/2022 9:13:20 PM] [Info] Saving server
[12/18/2022 9:15:53 PM] [Info] BattlEye Server: Player #3 wyvern (76.144.182.112:56343) connected
[12/18/2022 9:15:53 PM] [Info] BattlEye Server: Player #3 wyvern - BE GUID: 52ff74891e9f3edb832e38ed6c75466c
[12/18/2022 9:15:53 PM] [Info] Connecting: PlayerID: 76561199076468997 Name: wyvern Character: wyvern
[12/18/2022 9:15:53 PM] [Error] Feli.RocketMod.JoinLeaveMessages >> There was an error during the player join -> Exception in Feli.RocketMod.JoinLeaveMessages: System.TypeLoadException: Failure has occurred while loading a type.
  at Feli.RocketMod.JoinLeaveMessages.Plugin+<>c__DisplayClass3_0+<<OnPlayerConnected>b__0>d.MoveNext () [0x00053] in <1945374a95f44307b8d70b38b6f38669>:0 
[12/18/2022 9:17:04 PM] [Info] [World] reaper [JACK THE RIPPER]: "come to reaper shop"
[12/18/2022 9:17:08 PM] [Info] [World] reaper [JACK THE RIPPER]: "i sell everfy thing"
[12/18/2022 9:19:21 PM] [Info] [World] Sheriff Soprano [Cheese Boi]: "/home"
[12/18/2022 9:19:22 PM] [Info] Sheriff Soprano moved x:-464.3025 y:47.1614(+20.99731) z:-168.4931 in the last second (0.1000023)
[12/18/2022 9:19:41 PM] [Info] [World] Sheriff Soprano [Cheese Boi]: "/tpa red"
[12/18/2022 9:19:44 PM] [Info] [Group] Red__Bear [Red__Bear]: "/tpa a"
[12/18/2022 9:20:29 PM] [Info] [World] Sheriff Soprano [Cheese Boi]: "/home"
[12/18/2022 9:20:30 PM] [Info] Sheriff Soprano moved x:-464.8984 y:47.1614(+21.00752) z:-168.125 in the last second (0.09999847)
[12/18/2022 9:21:01 PM] [Info] [Group] Red__Bear [Red__Bear]: "/home"
[12/18/2022 9:23:04 PM] [Info] [World] reaper [JACK THE RIPPER]: "i made to much drug seed"
[12/18/2022 9:24:45 PM] [Info] Sheriff Soprano [Cheese Boi] dehydrated to death!
[12/18/2022 9:24:48 PM] [Info] [World] reaper [JACK THE RIPPER]: "/tpa red"
[12/18/2022 9:24:50 PM] [Info] [World] reaper [JACK THE RIPPER]: "acc"
[12/18/2022 9:24:51 PM] [Info] [Group] Red__Bear [Red__Bear]: "/tpa a"
[12/18/2022 9:24:55 PM] [Info] [World] reaper [JACK THE RIPPER]: "i need to go to the shop"
[12/18/2022 9:25:11 PM] [Info] [World] reaper [JACK THE RIPPER]: "i thought you where at the safezone'"
[12/18/2022 9:25:38 PM] [Info] [World] reaper [JACK THE RIPPER]: "/home"
[12/18/2022 9:26:52 PM] [Info] [World] reaper [JACK THE RIPPER]: "did you found gold fish"
[12/18/2022 9:26:56 PM] [Info] [World] reaper [JACK THE RIPPER]: "red"
[12/18/2022 9:30:26 PM] [Info] wyvern [wyvern] was infected to death!
[12/18/2022 9:33:37 PM] [Info] reaper moved x:-40.07813 y:58.12495(+31.9697) z:288.3438 in the last second (0.09999847)
[12/18/2022 9:34:11 PM] [Info] [World] reaper [JACK THE RIPPER]: "i hear gun shoot"
[12/18/2022 9:34:20 PM] [Info] [World] reaper [JACK THE RIPPER]: "it's gone james"
[12/18/2022 9:36:58 PM] [Info] [World] reaper [JACK THE RIPPER]: "/home"
[12/18/2022 9:37:42 PM] [Info] [World] reaper [JACK THE RIPPER]: "who shoot outside my house"
[12/18/2022 9:38:56 PM] [Info] [World] reaper [JACK THE RIPPER]: "oh now i know who shoot outside my house'"
[12/18/2022 9:43:20 PM] [Info] Saving server
[12/18/2022 9:43:21 PM] [Info] [Group] Red__Bear [Red__Bear]: "/tpa james"
[12/18/2022 9:43:24 PM] [Info] [Group] Red__Bear [Red__Bear]: "/tpa sher"
[12/18/2022 9:43:36 PM] [Info] [World] Sheriff Soprano [Cheese Boi]: "/home"
[12/18/2022 9:43:39 PM] [Info] [World] Sheriff Soprano [Cheese Boi]: "/tpa a"
[12/18/2022 9:44:04 PM] [Info] [Group] wyvern [wyvern]: "/home"
[12/18/2022 9:44:05 PM] [Info] wyvern moved x:181.5625 y:57.17604(+25.63061) z:195.9922 in the last second (0.09999847)
[12/18/2022 9:46:42 PM] [Info] [World] Sheriff Soprano [Cheese Boi]: "/tpa red"
[12/18/2022 9:46:46 PM] [Info] [Group] Red__Bear [Red__Bear]: "/tpa a"
[12/18/2022 9:49:41 PM] [Info] [World] Sheriff Soprano [Cheese Boi]: "/home"
[12/18/2022 9:49:41 PM] [Info] Sheriff Soprano moved x:-464.8984 y:47.1614(+20.99731) z:-168.125 in the last second (0.09999847)
[12/18/2022 9:49:52 PM] [Info] Successfully admined Red__Bear
[12/18/2022 9:49:53 PM] [Info] [Group] Red__Bear [Red__Bear]: "/i 36400"
[12/18/2022 9:49:53 PM] [Info] Giving Red__Bear item 36400:1
[12/18/2022 9:49:56 PM] [Info] [Group] Red__Bear [Red__Bear]: "/unadmin red"
[12/18/2022 9:51:41 PM] [Info] Successfully admined Red__Bear
[12/18/2022 9:51:48 PM] [Info] [Group] Red__Bear [Red__Bear]: "/teleport wp"
[12/18/2022 9:51:49 PM] [Info] Successfully teleported Red__Bear to waypoint!
[12/18/2022 9:51:49 PM] [Info] Red__Bear moved x:899.3203 y:84.57021(+58.40612) z:673.8047 in the last second (0.1504135)
[12/18/2022 9:51:58 PM] [Info] [Group] Red__Bear [Red__Bear]: "/v 36053"
[12/18/2022 9:52:12 PM] [Info] Giving Red__Bear vehicle 36053
[12/18/2022 9:52:12 PM] [Info] [Group] Red__Bear [Red__Bear]: "/v 36049"
[12/18/2022 9:52:26 PM] [Info] Giving Red__Bear vehicle 36049
[12/18/2022 9:52:26 PM] [Info] [World] Sheriff Soprano [Cheese Boi]: "/tpa reaper"
[12/18/2022 9:52:35 PM] [Info] [Group] Red__Bear [Red__Bear]: "/v 36030"
[12/18/2022 9:52:50 PM] [Info] Giving Red__Bear vehicle 36030
[12/18/2022 9:52:50 PM] [Info] [Group] Red__Bear [Red__Bear]: "/v 36029"
[12/18/2022 9:53:01 PM] [Info] Giving Red__Bear vehicle 36029
[12/18/2022 9:53:01 PM] [Info] [Group] Red__Bear [Red__Bear]: "/i dragonfang"
[12/18/2022 9:53:17 PM] [Info] Giving Red__Bear item 132:1
[12/18/2022 9:53:17 PM] [Info] [Group] Red__Bear [Red__Bear]: "/v 36023"
[12/18/2022 9:53:58 PM] [Info] Giving Red__Bear vehicle 36023
[12/18/2022 9:53:58 PM] [Info] [Group] Red__Bear [Red__Bear]: "/v 36023"
[12/18/2022 9:53:58 PM] [Info] Giving Red__Bear vehicle 36023
[12/18/2022 9:54:00 PM] [Info] [Area] Red__Bear [Red__Bear]: "/i dragonfang"
[12/18/2022 9:54:30 PM] [Info] Giving Red__Bear item 132:1
[12/18/2022 9:54:30 PM] [Info] [Group] Red__Bear [Red__Bear]: "/v 36000"
[12/18/2022 9:54:53 PM] [Info] Giving Red__Bear vehicle 36000
[12/18/2022 9:54:53 PM] [Info] [Group] Red__Bear [Red__Bear]: "/v 36025"
[12/18/2022 9:55:06 PM] [Info] Giving Red__Bear vehicle 36025
[12/18/2022 9:55:06 PM] [Info] [Group] wyvern [wyvern]: "/home"
[12/18/2022 9:55:06 PM] [Info] wyvern moved x:181.5625 y:57.17604(+30.58096) z:195.9922 in the last second (0.09999847)
[12/18/2022 9:55:20 PM] [Info] [Group] Red__Bear [Red__Bear]: "/v 36027"
[12/18/2022 9:56:13 PM] [Info] Giving Red__Bear vehicle 36027
[12/18/2022 9:56:13 PM] [Info] [Group] Red__Bear [Red__Bear]: "/i drago"
[12/18/2022 9:56:37 PM] [Info] Giving Red__Bear item 132:1
[12/18/2022 9:56:37 PM] [Info] [Group] Red__Bear [Red__Bear]: "/tpa james"
[12/18/2022 9:56:39 PM] [Info] [Group] Red__Bear [Red__Bear]: "/unadmin red"
[12/18/2022 9:56:42 PM] [Info] [Group] Red__Bear [Red__Bear]: "/home"
[12/18/2022 9:56:45 PM] [Info] [Group] Red__Bear [Red__Bear]: "/tpa sopra"
[12/18/2022 9:56:53 PM] [Info] [World] Sheriff Soprano [Cheese Boi]: "/tpa a"
[12/18/2022 9:56:56 PM] [Info] [World] reaper [JACK THE RIPPER]: "/home"
[12/18/2022 9:56:56 PM] [Info] reaper moved x:-576.3359 y:44.84938(+18.69869) z:-660.2031 in the last second (0.09999847)
[12/18/2022 9:58:43 PM] [Info] [World] Sheriff Soprano [Cheese Boi]: "/tpa red"
[12/18/2022 9:58:45 PM] [Info] [Group] Red__Bear [Red__Bear]: "/tpa a"
[12/18/2022 9:58:48 PM] [Info] Sheriff Soprano moved x:-760.5156 y:69.96558(+31.53988) z:-273.6641 in the last second (0.1229248)
[12/18/2022 10:02:32 PM] [Info] [Group] wyvern [wyvern]: "/home"
[12/18/2022 10:03:50 PM] [Info] Sheriff Soprano [Cheese Boi] dehydrated to death!
[12/18/2022 10:03:56 PM] [Info] [World] Sheriff Soprano [Cheese Boi]: "/tpa red"
[12/18/2022 10:04:22 PM] [Info] [Group] Red__Bear [Red__Bear]: "/tpa a"
[12/18/2022 10:04:26 PM] [Info] Sheriff Soprano moved x:-738 y:60.89527(+34.76764) z:-13.95313 in the last second (0.6662025)
[12/18/2022 10:04:57 PM] [Info] Sheriff Soprano [Cheese Boi] dehydrated to death!
[12/18/2022 10:05:03 PM] [Info] [World] Sheriff Soprano [Cheese Boi]: "/tpa  red"
[12/18/2022 10:05:14 PM] [Info] [World] Sheriff Soprano [Cheese Boi]: "/tpa  red"
[12/18/2022 10:05:25 PM] [Info] [World] Sheriff Soprano [Cheese Boi]: "/tpa  red"
[12/18/2022 10:05:25 PM] [Info] Red__Bear [Red__Bear] dehydrated to death!
[12/18/2022 10:05:27 PM] [Info] [World] Sheriff Soprano [Cheese Boi]: "/tpa  red"
[12/18/2022 10:05:49 PM] [Info] [Group] Red__Bear [Red__Bear]: "/home"
[12/18/2022 10:06:06 PM] [Info] [World] Sheriff Soprano [Cheese Boi]: "/home"
[12/18/2022 10:06:39 PM] [Info] Red__Bear moved x:-747.9291 y:70.36325(+15.80996) z:-1077.69 in the last second (0.117691)
[12/18/2022 10:07:11 PM] [Info] [World] Sheriff Soprano [Cheese Boi]: "/tpa red"
[12/18/2022 10:07:25 PM] [Info] [Group] Red__Bear [Red__Bear]: "/tpa a"
[12/18/2022 10:07:32 PM] [Info] [World] Sheriff Soprano [Cheese Boi]: "/tpa red"
[12/18/2022 10:07:33 PM] [Info] [Group] Red__Bear [Red__Bear]: "/tpa a"
[12/18/2022 10:07:37 PM] [Info] Sheriff Soprano [Cheese Boi] dehydrated to death!
[12/18/2022 10:07:46 PM] [Info] [World] Sheriff Soprano [Cheese Boi]: "/home"
[12/18/2022 10:07:46 PM] [Info] Sheriff Soprano moved x:-464.8984 y:47.30152(+20.73322) z:-168.125 in the last second (0.2401199)
[12/18/2022 10:08:26 PM] [Info] [World] Sheriff Soprano [Cheese Boi]: "/tpa red"
[12/18/2022 10:08:36 PM] [Info] [World] Sheriff Soprano [Cheese Boi]: "/tpa red"
[12/18/2022 10:08:36 PM] [Info] [Group] Red__Bear [Red__Bear]: "/home"
[12/18/2022 10:08:43 PM] [Info] [World] Sheriff Soprano [Cheese Boi]: "/tpa red"
[12/18/2022 10:08:56 PM] [Info] [World] Sheriff Soprano [Cheese Boi]: "/tpa red"
[12/18/2022 10:09:01 PM] [Info] [World] Sheriff Soprano [Cheese Boi]: "/tpa red"
[12/18/2022 10:09:03 PM] [Info] [World] Sheriff Soprano [Cheese Boi]: "/tpa red"
[12/18/2022 10:09:05 PM] [Info] [Group] Red__Bear [Red__Bear]: "/tpa a"
[12/18/2022 10:10:36 PM] [Info] [World] Sheriff Soprano [Cheese Boi]: "home"
[12/18/2022 10:10:37 PM] [Info] [World] Sheriff Soprano [Cheese Boi]: "/home"
[12/18/2022 10:11:29 PM] [Info] [World] reaper [JACK THE RIPPER]: "/home"
[12/18/2022 10:11:30 PM] [Info] reaper moved x:-576.3359 y:44.84938(+18.32961) z:-660.2031 in the last second (0.09999847)
[12/18/2022 10:12:08 PM] [Info] [Group] Red__Bear [Red__Bear]: "/tpa james"
[12/18/2022 10:12:08 PM] [Info] Sheriff Soprano [Cheese Boi] was blown up by a vehicle!
[12/18/2022 10:12:11 PM] [Info] [Group] Red__Bear [Red__Bear]: "/tpa sher"
[12/18/2022 10:12:20 PM] [Info] [World] Sheriff Soprano [Cheese Boi]: "/home"
[12/18/2022 10:12:20 PM] [Info] Sheriff Soprano moved x:-464.8984 y:47.1614(+21.12231) z:-168.125 in the last second (0.09999847)
[12/18/2022 10:13:20 PM] [Info] Saving server
[12/18/2022 10:14:02 PM] [Info] [World] Sheriff Soprano [Cheese Boi]: "tpa a"
[12/18/2022 10:14:15 PM] [Info] [World] Sheriff Soprano [Cheese Boi]: "/tpa a"
[12/18/2022 10:14:21 PM] [Info] [Group] Red__Bear [Red__Bear]: "/tpa sher"
[12/18/2022 10:14:23 PM] [Info] [World] Sheriff Soprano [Cheese Boi]: "/tpa a"
[12/18/2022 10:14:26 PM] [Info] Red__Bear moved x:-807.3594 y:79.78589(+46.08711) z:-115 in the last second (0.1029587)
[12/18/2022 10:15:13 PM] [Info] [World] Sheriff Soprano [Cheese Boi]: "/home"
[12/18/2022 10:15:28 PM] [Info] [Group] wyvern [wyvern]: "/home"
[12/18/2022 10:15:40 PM] [Info] Sheriff Soprano [Cheese Boi] bled to death!
[12/18/2022 10:15:44 PM] [Info] [World] Sheriff Soprano [Cheese Boi]: "home"
[12/18/2022 10:15:46 PM] [Info] [World] Sheriff Soprano [Cheese Boi]: "/home"
[12/18/2022 10:15:46 PM] [Info] Sheriff Soprano moved x:-464.8984 y:47.1614(+21.10796) z:-168.125 in the last second (0.09999847)
[12/18/2022 10:16:03 PM] [Info] [World] Sheriff Soprano [Cheese Boi]: "/tpa red"
[12/18/2022 10:16:06 PM] [Info] [Group] Red__Bear [Red__Bear]: "/tpa a"
[12/18/2022 10:16:10 PM] [Info] [World] Sheriff Soprano [Cheese Boi]: "/tpa red"
[12/18/2022 10:16:16 PM] [Info] Successfully admined Red__Bear
[12/18/2022 10:16:19 PM] [Info] [Group] Red__Bear [Red__Bear]: "/tphere james"
[12/18/2022 10:16:24 PM] [Info] [Group] Red__Bear [Red__Bear]: "/tphere sher"
[12/18/2022 10:16:24 PM] [Info] Sheriff Soprano was teleported to Red__Bear
[12/18/2022 10:16:24 PM] [Info] Sheriff Soprano moved x:-745.7177 y:75.71769(+34.80013) z:-19.20887 in the last second (0.4292831)
[12/18/2022 10:16:32 PM] [Info] [Group] Red__Bear [Red__Bear]: "/home"
[12/18/2022 10:16:35 PM] [Info] Sheriff Soprano [Cheese Boi] dehydrated to death!
[12/18/2022 10:16:41 PM] [Info] [Group] Red__Bear [Red__Bear]: "/tp james"
[12/18/2022 10:16:42 PM] [Info] [World] Sheriff Soprano [Cheese Boi]: "/tpa red"
[12/18/2022 10:16:43 PM] [Info] [Group] Red__Bear [Red__Bear]: "/god"
[12/18/2022 10:16:45 PM] [Info] Red__Bear enabled Godmode
[12/18/2022 10:16:45 PM] [Info] [Group] Red__Bear [Red__Bear]: "/tp sher"
[12/18/2022 10:16:45 PM] [Info] Red__Bear teleported to Sheriff Soprano
[12/18/2022 10:16:51 PM] [Info] [Group] Red__Bear [Red__Bear]: "/teleport wp"
[12/18/2022 10:16:51 PM] [Info] Successfully teleported Red__Bear to waypoint!
[12/18/2022 10:16:52 PM] [Info] Red__Bear moved x:-781.184 y:75.73593(+48.49038) z:-33.84349 in the last second (0.1000061)
[12/18/2022 10:17:19 PM] [Info] [Group] Red__Bear [Red__Bear]: "/tphere james"
[12/18/2022 10:17:20 PM] [Info] [World] reaper [JACK THE RIPPER]: "/home"
[12/18/2022 10:17:20 PM] [Info] reaper moved x:-576.3359 y:45.48438(+19.3092) z:-660.2031 in the last second (0.7349892)
[12/18/2022 10:17:21 PM] [Info] [Group] Red__Bear [Red__Bear]: "/tphere sher"
[12/18/2022 10:17:21 PM] [Info] Sheriff Soprano was teleported to Red__Bear
[12/18/2022 10:17:22 PM] [Info] Sheriff Soprano moved x:-730.0781 y:60.83277(+27.51714) z:-27.86719 in the last second (0.1038857)
[12/18/2022 10:18:01 PM] [Info] [World] Sheriff Soprano [Cheese Boi]: "/HOME"
[12/18/2022 10:18:05 PM] [Info] [Group] Red__Bear [Red__Bear]: "/tp sopra"
[12/18/2022 10:18:05 PM] [Info] Red__Bear teleported to Sheriff Soprano
[12/18/2022 10:18:34 PM] [Info] [Group] Red__Bear [Red__Bear]: "/home"
[12/18/2022 10:18:53 PM] [Info] [Group] Red__Bear [Red__Bear]: "/i 19908 5"
[12/18/2022 10:19:56 PM] [Info] Giving Red__Bear item 19908:5
[12/18/2022 10:19:56 PM] [Info] Disconnecting: PlayerID: 76561199074224396 Name: JACK THE RIPPER Character: reaper
[12/18/2022 10:19:56 PM] [Info] BattlEye Server: Player #2 JACK THE RIPPER disconnected
[12/18/2022 10:20:10 PM] [Info] [World] Sheriff Soprano [Cheese Boi]: "/tpa qyvern"
[12/18/2022 10:20:18 PM] [Info] [World] Sheriff Soprano [Cheese Boi]: "/tpa wyvern"
[12/18/2022 10:20:31 PM] [Info] [Group] wyvern [wyvern]: "/tpa a"
[12/18/2022 10:20:33 PM] [Info] [World] Sheriff Soprano [Cheese Boi]: "./tpa a"
[12/18/2022 10:21:15 PM] [Info] [Group] Red__Bear [Red__Bear]: "/i 36027"
[12/18/2022 10:21:15 PM] [Info] Giving Red__Bear item 36027:1
[12/18/2022 10:21:26 PM] [Info] [World] Sheriff Soprano [Cheese Boi]: "./tpa a"
[12/18/2022 10:21:28 PM] [Info] [World] Sheriff Soprano [Cheese Boi]: "/home"
[12/18/2022 10:21:28 PM] [Info] [Group] Red__Bear [Red__Bear]: "/i 36609"
[12/18/2022 10:21:35 PM] [Info] Giving Red__Bear item 36609:1
[12/18/2022 10:21:35 PM] [Info] [Area] wyvern [wyvern]: "/home"
[12/18/2022 10:21:52 PM] [Info] [Group] Red__Bear [Red__Bear]: "/i 36018"
[12/18/2022 10:21:52 PM] [Info] Giving Red__Bear item 36018:1
[12/18/2022 10:22:10 PM] [Info] [Group] Red__Bear [Red__Bear]: "/i 36588"
[12/18/2022 10:22:10 PM] [Info] Giving Red__Bear item 36588:1
[12/18/2022 10:22:34 PM] [Info] [Group] Red__Bear [Red__Bear]: "/i 36529"
[12/18/2022 10:22:34 PM] [Info] Giving Red__Bear item 36529:1
[12/18/2022 10:22:38 PM] [Info] [Group] Red__Bear [Red__Bear]: "/i 36530"
[12/18/2022 10:22:38 PM] [Info] Giving Red__Bear item 36530:1
[12/18/2022 10:22:40 PM] [Info] [Area] Red__Bear [Red__Bear]: "/i 36531"
[12/18/2022 10:22:40 PM] [Info] Giving Red__Bear item 36531:1
[12/18/2022 10:24:07 PM] [Info] [Group] Red__Bear [Red__Bear]: "/i 36178"
[12/18/2022 10:24:07 PM] [Info] Giving Red__Bear item 36178:1
[12/18/2022 10:24:57 PM] [Info] [Group] Red__Bear [Red__Bear]: "/i 36089"
[12/18/2022 10:24:57 PM] [Info] Giving Red__Bear item 36089:1
[12/18/2022 10:25:45 PM] [Info] [Group] Red__Bear [Red__Bear]: "/i 36042"
[12/18/2022 10:25:45 PM] [Info] Giving Red__Bear item 36042:1
[12/18/2022 10:25:57 PM] [Info] [Group] Red__Bear [Red__Bear]: "/i 36132"
[12/18/2022 10:25:57 PM] [Info] Giving Red__Bear item 36132:1
[12/18/2022 10:26:01 PM] [Info] [Area] Red__Bear [Red__Bear]: "/i 36133"
[12/18/2022 10:26:01 PM] [Info] Giving Red__Bear item 36133:1
[12/18/2022 10:26:03 PM] [Info] [World] Red__Bear [Red__Bear]: "/i 36134"
[12/18/2022 10:26:03 PM] [Info] Giving Red__Bear item 36134:1
[12/18/2022 10:26:05 PM] [Info] [World] Red__Bear [Red__Bear]: "/i 36135"
[12/18/2022 10:26:05 PM] [Info] Giving Red__Bear item 36135:1
[12/18/2022 10:26:20 PM] [Info] [Group] Red__Bear [Red__Bear]: "/tp james"
[12/18/2022 10:26:24 PM] [Info] [Group] Red__Bear [Red__Bear]: "/tp sher"
[12/18/2022 10:26:24 PM] [Info] Red__Bear teleported to Sheriff Soprano
[12/18/2022 10:26:52 PM] [Info] [Group] Red__Bear [Red__Bear]: "/home"
[12/18/2022 10:27:13 PM] [Info] [Group] wyvern [wyvern]: "/home"
[12/18/2022 10:28:12 PM] [Info] [Group] Red__Bear [Red__Bear]: "/i 36137"
[12/18/2022 10:28:12 PM] [Info] Giving Red__Bear item 36137:1
[12/18/2022 10:28:36 PM] [Info] [Group] Red__Bear [Red__Bear]: "/i 36136"
[12/18/2022 10:28:36 PM] [Info] Giving Red__Bear item 36136:1
[12/18/2022 10:29:46 PM] [Info] [Group] Red__Bear [Red__Bear]: "/i 36584"
[12/18/2022 10:29:46 PM] [Info] Giving Red__Bear item 36584:1
[12/18/2022 10:30:18 PM] [Info] [Group] Red__Bear [Red__Bear]: "/i "industrial crate""
[12/18/2022 10:30:23 PM] [Info] [Group] Red__Bear [Red__Bear]: "/i "industrial wood""
[12/18/2022 10:30:51 PM] [Info] Giving Red__Bear item 19811:1
[12/18/2022 10:30:51 PM] [Info] [Group] Red__Bear [Red__Bear]: "/vanish"
[12/18/2022 10:30:51 PM] [Info] Red__Bear enabled Vanishmode
[12/18/2022 10:30:54 PM] [Info] [Group] Red__Bear [Red__Bear]: "/tp reaper"
[12/18/2022 10:30:58 PM] [Info] [Group] Red__Bear [Red__Bear]: "/tp wy"
[12/18/2022 10:31:01 PM] [Info] Red__Bear teleported to wyvern
[12/18/2022 10:31:01 PM] [Info] [Group] Red__Bear [Red__Bear]: "/god"
[12/18/2022 10:31:01 PM] [Info] Red__Bear disabled Godmode
[12/18/2022 10:31:06 PM] [Info] [Group] Red__Bear [Red__Bear]: "/vanish"
[12/18/2022 10:31:06 PM] [Info] Red__Bear disabled Vanishmode
[12/18/2022 10:31:19 PM] [Info] [Group] Red__Bear [Red__Bear]: "/home"
[12/18/2022 10:31:31 PM] [Info] [Group] Red__Bear [Red__Bear]: "/vanish"
[12/18/2022 10:31:31 PM] [Info] Red__Bear enabled Vanishmode
[12/18/2022 10:31:34 PM] [Info] [Group] Red__Bear [Red__Bear]: "/tp wy"
[12/18/2022 10:31:34 PM] [Info] Red__Bear teleported to wyvern
[12/18/2022 10:31:36 PM] [Info] [Group] Red__Bear [Red__Bear]: "/god"
[12/18/2022 10:31:36 PM] [Info] Red__Bear enabled Godmode
[12/18/2022 10:31:38 PM] [Info] [Area] Red__Bear [Red__Bear]: "/god"
[12/18/2022 10:31:38 PM] [Info] Red__Bear disabled Godmode
[12/18/2022 10:31:53 PM] [Info] [Group] Red__Bear [Red__Bear]: "/vanish"
[12/18/2022 10:31:53 PM] [Info] Red__Bear disabled Vanishmode
[12/18/2022 10:32:06 PM] [Info] [Group] Red__Bear [Red__Bear]: "/teleport wp"
[12/18/2022 10:32:06 PM] [Info] Successfully teleported Red__Bear to waypoint!
[12/18/2022 10:32:06 PM] [Info] Red__Bear moved x:78.78125 y:57.09779(+15.83694) z:266.25 in the last second (0.1027031)
[12/18/2022 10:33:57 PM] [Info] [World] Sheriff Soprano [Cheese Boi]: "/tpa wyvern"
[12/18/2022 10:33:59 PM] [Info] [Group] wyvern [wyvern]: "/tpa a"
[12/18/2022 10:35:34 PM] [Info] [Group] Red__Bear [Red__Bear]: "/i ghost"
[12/18/2022 10:36:30 PM] [Info] Giving Red__Bear item 36097:1
[12/18/2022 10:36:30 PM] [Info] [World] Sheriff Soprano [Cheese Boi]: "/home"
[12/18/2022 10:36:38 PM] [Info] [World] Sheriff Soprano [Cheese Boi]: "/tpa red"
[12/18/2022 10:36:44 PM] [Info] [Group] Red__Bear [Red__Bear]: "/home"
[12/18/2022 10:36:52 PM] [Info] [World] Sheriff Soprano [Cheese Boi]: "/tpa red"
[12/18/2022 10:36:54 PM] [Info] [Group] Red__Bear [Red__Bear]: "/tpa a"
[12/18/2022 10:37:13 PM] [Info] [World] Sheriff Soprano [Cheese Boi]: "/home"
[12/18/2022 10:37:29 PM] [Info] [Group] Red__Bear [Red__Bear]: "/tp james"
[12/18/2022 10:37:32 PM] [Info] [Group] Red__Bear [Red__Bear]: "/tp sher"
[12/18/2022 10:37:32 PM] [Info] Red__Bear teleported to Sheriff Soprano
[12/18/2022 10:37:55 PM] [Info] [Group] Red__Bear [Red__Bear]: "/home"
[12/18/2022 10:38:53 PM] [Info] [Group] Red__Bear [Red__Bear]: "/tp james"
[12/18/2022 10:38:57 PM] [Info] [Group] Red__Bear [Red__Bear]: "/tp sher"
[12/18/2022 10:38:57 PM] [Info] Red__Bear teleported to Sheriff Soprano
[12/18/2022 10:42:55 PM] [Info] [Group] Red__Bear [Red__Bear]: "/i 36519"
[12/18/2022 10:42:55 PM] [Info] Giving Red__Bear item 36519:1
[12/18/2022 10:43:20 PM] [Info] Saving server
[12/18/2022 10:43:41 PM] [Info] [Group] Red__Bear [Red__Bear]: "/i 36482"
[12/18/2022 10:43:41 PM] [Info] Giving Red__Bear item 36482:1
[12/18/2022 10:43:47 PM] [Info] [Group] Red__Bear [Red__Bear]: "/i 36482 9"
[12/18/2022 10:43:47 PM] [Info] Giving Red__Bear item 36482:9
[12/18/2022 10:44:11 PM] [Info] [Group] Red__Bear [Red__Bear]: "/home"
[12/18/2022 10:44:38 PM] [Info] [Group] Red__Bear [Red__Bear]: "/i 36407"
[12/18/2022 10:44:38 PM] [Info] Giving Red__Bear item 36407:1
[12/18/2022 10:44:58 PM] [Info] [World] Sheriff Soprano [Cheese Boi]: "/tpa wyvern"
[12/18/2022 10:45:07 PM] [Info] [Group] wyvern [wyvern]: "/tpa a"
[12/18/2022 10:45:08 PM] [Info] [Group] Red__Bear [Red__Bear]: "/i 36371 5"
[12/18/2022 10:45:08 PM] [Info] Giving Red__Bear item 36371:5
[12/18/2022 10:45:34 PM] [Info] [World] Sheriff Soprano [Cheese Boi]: "/home"
[12/18/2022 10:45:35 PM] [Info] Sheriff Soprano moved x:-464.8984 y:47.1614(+20.11769) z:-168.125 in the last second (0.09999847)
[12/18/2022 10:46:41 PM] [Info] [Group] Red__Bear [Red__Bear]: "/i36337"
[12/18/2022 10:46:50 PM] [Info] [Group] Red__Bear [Red__Bear]: "/i36337"
[12/18/2022 10:46:53 PM] [Info] [Area] Red__Bear [Red__Bear]: "/i 36337"
[12/18/2022 10:46:53 PM] [Info] Giving Red__Bear item 36337:1
[12/18/2022 10:47:14 PM] [Info] [Group] Red__Bear [Red__Bear]: "/i 36071"
[12/18/2022 10:47:14 PM] [Info] Giving Red__Bear item 36071:1
[12/18/2022 10:47:20 PM] [Info] [Group] Red__Bear [Red__Bear]: "/i 36305"
[12/18/2022 10:47:20 PM] [Info] Giving Red__Bear item 36305:1
[12/18/2022 10:47:29 PM] [Info] [Group] Red__Bear [Red__Bear]: "/tp sher"
[12/18/2022 10:47:29 PM] [Info] Red__Bear teleported to Sheriff Soprano
[12/18/2022 10:47:45 PM] [Info] [Group] Red__Bear [Red__Bear]: "/home"
[12/18/2022 10:48:11 PM] [Info] [Group] Red__Bear [Red__Bear]: "/i 36473"
[12/18/2022 10:48:11 PM] [Info] Giving Red__Bear item 36473:1
[12/18/2022 10:48:43 PM] [Info] [Group] wyvern [wyvern]: "/home"
[12/18/2022 10:48:52 PM] [Info] [Group] Red__Bear [Red__Bear]: "/i 36474"
[12/18/2022 10:49:34 PM] [Info] Giving Red__Bear item 36474:1
[12/18/2022 10:49:34 PM] [Info] [Group] Red__Bear [Red__Bear]: "/i 36304"
[12/18/2022 10:49:34 PM] [Info] Giving Red__Bear item 36304:1
[12/18/2022 10:49:56 PM] [Info] [Group] Red__Bear [Red__Bear]: "/i 36472"
[12/18/2022 10:49:56 PM] [Info] Giving Red__Bear item 36472:1
[12/18/2022 10:49:58 PM] [Info] [Area] Red__Bear [Red__Bear]: "/i 36471"
[12/18/2022 10:49:58 PM] [Info] Giving Red__Bear item 36471:1
[12/18/2022 10:50:02 PM] [Info] [Group] Red__Bear [Red__Bear]: "/tp sher"
[12/18/2022 10:50:02 PM] [Info] Red__Bear teleported to Sheriff Soprano
[12/18/2022 10:50:02 PM] [Info] Red__Bear moved x:-470.1875 y:46.72439(+17.27571) z:-169.4375 in the last second (0.09996796)
[12/18/2022 10:50:19 PM] [Info] [Group] Red__Bear [Red__Bear]: "/home"
[12/18/2022 10:51:30 PM] [Info] [Group] Red__Bear [Red__Bear]: "/unadmin red"
[12/18/2022 10:51:39 PM] [Info] Disconnecting: PlayerID: 76561199035738472 Name: Red__Bear Character: Red__Bear
[12/18/2022 10:51:39 PM] [Info] BattlEye Server: Player #0 Red__Bear disconnected
[12/18/2022 10:55:10 PM] [Info] Sheriff Soprano [Cheese Boi] dehydrated to death!
[12/18/2022 10:55:20 PM] [Info] BattlEye Server: Player #4 Red__Bear (73.253.101.49:50889) connected
[12/18/2022 10:55:20 PM] [Info] BattlEye Server: Player #4 Red__Bear - BE GUID: f4abbf8aa333c3b24b5656c70080f342
[12/18/2022 10:55:20 PM] [Info] Connecting: PlayerID: 76561199035738472 Name: Red__Bear Character: Red__Bear
[12/18/2022 10:55:20 PM] [Error] Feli.RocketMod.JoinLeaveMessages >> There was an error during the player join -> Exception in Feli.RocketMod.JoinLeaveMessages: System.TypeLoadException: Failure has occurred while loading a type.
  at Feli.RocketMod.JoinLeaveMessages.Plugin+<>c__DisplayClass3_0+<<OnPlayerConnected>b__0>d.MoveNext () [0x00053] in <1945374a95f44307b8d70b38b6f38669>:0 
[12/18/2022 10:55:31 PM] [Info] [World] Sheriff Soprano [Cheese Boi]: "/home"
[12/18/2022 10:55:31 PM] [Info] Sheriff Soprano moved x:-464.8984 y:47.1614(+21.58976) z:-168.125 in the last second (0.09999847)
[12/18/2022 10:57:58 PM] [Info] Successfully admined Red__Bear
[12/18/2022 10:58:01 PM] [Info] [Group] Red__Bear [Red__Bear]: "/i 36570"
[12/18/2022 10:58:01 PM] [Info] Giving Red__Bear item 36570:1
[12/18/2022 10:58:50 PM] [Info] [Group] Red__Bear [Red__Bear]: "/i q-t"
[12/18/2022 10:58:58 PM] [Info] Giving Red__Bear item 36583:1
[12/18/2022 10:58:58 PM] [Info] [Group] Red__Bear [Red__Bear]: "/tp sher"
[12/18/2022 10:58:58 PM] [Info] Red__Bear teleported to Sheriff Soprano
[12/18/2022 10:59:37 PM] [Info] [Group] Red__Bear [Red__Bear]: "/i swab"
[12/18/2022 11:00:33 PM] [Info] Giving Red__Bear item 36582:1
[12/18/2022 11:00:33 PM] [Info] [Group] Red__Bear [Red__Bear]: "/heal"
[12/18/2022 11:01:46 PM] [Info] [Group] Red__Bear [Red__Bear]: "/i 36007"
[12/18/2022 11:01:46 PM] [Info] Giving Red__Bear item 36007:1
[12/18/2022 11:02:27 PM] [Info] [Group] Red__Bear [Red__Bear]: "/i 36063"
[12/18/2022 11:02:44 PM] [Info] [Group] Red__Bear [Red__Bear]: "/i 36095"
[12/18/2022 11:02:44 PM] [Info] Giving Red__Bear item 36095:1
[12/18/2022 11:03:09 PM] [Info] [Group] Red__Bear [Red__Bear]: "/i 36096"
[12/18/2022 11:03:09 PM] [Info] Giving Red__Bear item 36096:1
[12/18/2022 11:03:53 PM] [Info] [Group] Red__Bear [Red__Bear]: "/i 36122"
[12/18/2022 11:03:53 PM] [Info] Giving Red__Bear item 36122:1
[12/18/2022 11:04:11 PM] [Info] [Group] Red__Bear [Red__Bear]: "/i 36138"
[12/18/2022 11:04:11 PM] [Info] Giving Red__Bear item 36138:1
[12/18/2022 11:04:25 PM] [Info] [Group] Red__Bear [Red__Bear]: "/i 36138"
[12/18/2022 11:04:25 PM] [Info] Giving Red__Bear item 36138:1
[12/18/2022 11:04:55 PM] [Info] [Group] Red__Bear [Red__Bear]: "/hael"
[12/18/2022 11:04:58 PM] [Info] [Group] Red__Bear [Red__Bear]: "/heal"
[12/18/2022 11:05:25 PM] [Info] [Group] Red__Bear [Red__Bear]: "/i housing"
[12/18/2022 11:05:29 PM] [Info] Giving Red__Bear item 1764:1
[12/18/2022 11:05:29 PM] [Info] [Group] Red__Bear [Red__Bear]: "/admin james"
[12/18/2022 11:05:33 PM] [Info] [Group] Red__Bear [Red__Bear]: "/admin sher"
[12/18/2022 11:05:44 PM] [Info] [Group] Red__Bear [Red__Bear]: "/i lucky"
[12/18/2022 11:05:49 PM] [Info] Giving Red__Bear item 36523:1
[12/18/2022 11:05:49 PM] [Info] [Group] Red__Bear [Red__Bear]: "/home"
[12/18/2022 11:06:01 PM] [Info] [Group] Red__Bear [Red__Bear]: "/i fert"
[12/18/2022 11:08:12 PM] [Info] Giving Red__Bear item 36118:1
[12/18/2022 11:08:12 PM] [Info] [Group] Red__Bear [Red__Bear]: "/i "scrap man" 5"
[12/18/2022 11:08:44 PM] [Info] Giving Red__Bear item 36573:5
[12/18/2022 11:08:44 PM] [Info] [Group] Red__Bear [Red__Bear]: "/teleport wp"
[12/18/2022 11:08:44 PM] [Info] Successfully teleported Red__Bear to waypoint!
[12/18/2022 11:08:51 PM] [Info] [Area] Red__Bear [Red__Bear]: "/teleport wp"
[12/18/2022 11:08:51 PM] [Info] Successfully teleported Red__Bear to waypoint!
[12/18/2022 11:09:02 PM] [Info] [Group] Red__Bear [Red__Bear]: "/teleport wp"
[12/18/2022 11:09:02 PM] [Info] Successfully teleported Red__Bear to waypoint!
[12/18/2022 11:10:53 PM] [Info] [Group] Red__Bear [Red__Bear]: "/setwarp admin"
[12/18/2022 11:11:24 PM] [Info] [Group] Red__Bear [Red__Bear]: "/i ghost"
[12/18/2022 11:11:53 PM] [Info] Giving Red__Bear item 36097:1
[12/18/2022 11:11:53 PM] [Info] [Group] Red__Bear [Red__Bear]: "/kick red"
[12/18/2022 11:12:05 PM] [Info] BattlEye Server: Player #4 Red__Bear disconnected
[12/18/2022 11:12:05 PM] [Info] Successfully kicked Red__Bear!
[12/18/2022 11:12:05 PM] [Info] Disconnecting: PlayerID: 76561199129498897 Name: Cheese Boi Character: Sheriff Soprano
[12/18/2022 11:12:05 PM] [Info] BattlEye Server: Player #1 Cheese Boi disconnected
[12/18/2022 11:13:20 PM] [Info] Saving server
[12/18/2022 11:30:09 PM] [Info] [Group] wyvern [wyvern]: "/home"
[12/18/2022 11:31:47 PM] [Info] [Group] wyvern [wyvern]: "/home"
[12/18/2022 11:43:20 PM] [Info] Saving server
[12/18/2022 11:49:28 PM] [Info] [Area] wyvern [wyvern]: "/home"
[12/18/2022 11:55:06 PM] [Info] Disconnecting: PlayerID: 76561199076468997 Name: wyvern Character: wyvern
[12/18/2022 11:55:06 PM] [Info] BattlEye Server: Player #3 wyvern disconnected
[12/19/2022 12:13:20 AM] [Info] Saving server
[12/19/2022 12:43:20 AM] [Info] Saving server
[12/19/2022 1:13:20 AM] [Info] Saving server
[12/19/2022 1:43:20 AM] [Info] Saving server
[12/19/2022 1:44:43 AM] [Info] Lost connection to Steam servers because k_EResultNoConnection
[12/19/2022 2:13:20 AM] [Info] Saving server
[12/19/2022 2:43:20 AM] [Info] Saving server
[12/19/2022 3:09:06 AM] [Info] BattlEye Server: Failed to receive from BE Master (10054)
[12/19/2022 3:09:06 AM] [Info] BattlEye Server: Disconnected from BE Master
[12/19/2022 3:09:06 AM] [Info] Lost connection to Steam servers because k_EResultNoConnection
[12/19/2022 3:09:14 AM] [Info] Failed to connect to Steam servers because k_EResultNoConnection, still retrying
[12/19/2022 3:13:20 AM] [Info] Saving server
[12/19/2022 3:43:20 AM] [Info] Saving server
[12/19/2022 4:13:20 AM] [Info] Saving server
[12/19/2022 4:43:20 AM] [Info] Saving server
[12/19/2022 5:13:20 AM] [Info] Saving server
[12/19/2022 5:43:20 AM] [Info] Saving server
[12/19/2022 6:13:20 AM] [Info] Saving server
[12/19/2022 6:43:20 AM] [Info] Saving server
[12/19/2022 7:13:20 AM] [Info] Saving server
[12/19/2022 7:30:13 AM] [Info] Lost connection to Steam servers because k_EResultNoConnection
[12/19/2022 7:39:04 AM] [Info] Lost connection to Steam servers because k_EResultNoConnection
[12/19/2022 7:39:12 AM] [Info] Failed to connect to Steam servers because k_EResultNoConnection, still retrying
[12/19/2022 7:39:20 AM] [Info] Lost connection to Steam servers because k_EResultNoConnection
[12/19/2022 7:39:20 AM] [Info] Failed to connect to Steam servers because k_EResultNoConnection, still retrying
[12/19/2022 7:43:20 AM] [Info] Saving server
[12/19/2022 8:00:36 AM] [Info] Lost connection to Steam servers because k_EResultNoConnection
[12/19/2022 8:13:20 AM] [Info] Saving server
[12/19/2022 8:43:20 AM] [Info] Saving server
[12/19/2022 9:13:20 AM] [Info] Saving server
[12/19/2022 9:31:26 AM] [Info] Lost connection to Steam servers because k_EResultNoConnection
[12/19/2022 9:32:24 AM] [Info] Failed to connect to Steam servers because k_EResultNoConnection, still retrying
[12/19/2022 9:33:17 AM] [Info] Failed to connect to Steam servers because k_EResultNoConnection, still retrying
[12/19/2022 9:34:35 AM] [Info] Failed to connect to Steam servers because k_EResultNoConnection, still retrying
[12/19/2022 9:36:38 AM] [Info] Failed to connect to Steam servers because k_EResultNoConnection, still retrying
[12/19/2022 9:38:14 AM] [Info] Failed to connect to Steam servers because k_EResultNoConnection, still retrying
[12/19/2022 9:42:42 AM] [Info] Failed to connect to Steam servers because k_EResultNoConnection, still retrying
[12/19/2022 9:43:20 AM] [Info] Saving server
[12/19/2022 9:47:11 AM] [Info] Failed to connect to Steam servers because k_EResultNoConnection, still retrying
[12/19/2022 9:50:27 AM] [Info] Failed to connect to Steam servers because k_EResultNoConnection, still retrying
[12/19/2022 10:04:36 AM] [Info] Failed to connect to Steam servers because k_EResultNoConnection, still retrying
[12/19/2022 10:11:10 AM] [Info] Failed to connect to Steam servers because k_EResultNoConnection, still retrying
[12/19/2022 10:13:20 AM] [Info] Saving server
[12/19/2022 10:20:14 AM] [Info] Failed to connect to Steam servers because k_EResultNoConnection, still retrying
[12/19/2022 10:31:21 AM] [Info] Failed to connect to Steam servers because k_EResultNoConnection, still retrying
[12/19/2022 10:39:52 AM] [Info] Failed to connect to Steam servers because k_EResultNoConnection, still retrying
[12/19/2022 10:43:20 AM] [Info] Saving server
[12/19/2022 10:48:37 AM] [Info] Failed to connect to Steam servers because k_EResultNoConnection, still retrying
[12/19/2022 11:11:12 AM] [Info] Failed to connect to Steam servers because k_EResultNoConnection, still retrying
[12/19/2022 11:13:20 AM] [Info] Saving server
[12/19/2022 11:31:06 AM] [Info] Failed to connect to Steam servers because k_EResultNoConnection, still retrying
[12/19/2022 11:43:20 AM] [Info] Saving server
[12/19/2022 11:46:21 AM] [Info] Failed to connect to Steam servers because k_EResultNoConnection, still retrying
[12/19/2022 12:04:54 PM] [Info] Failed to connect to Steam servers because k_EResultNoConnection, still retrying
[12/19/2022 12:13:20 PM] [Info] Saving server
[12/19/2022 12:24:23 PM] [Info] Failed to connect to Steam servers because k_EResultNoConnection, still retrying
[12/19/2022 12:33:18 PM] [Info] Failed to connect to Steam servers because k_EResultNoConnection, still retrying
[12/19/2022 12:43:20 PM] [Info] Saving server
[12/19/2022 12:45:39 PM] [Info] Failed to connect to Steam servers because k_EResultNoConnection, still retrying
[12/19/2022 1:01:36 PM] [Info] Failed to connect to Steam servers because k_EResultNoConnection, still retrying
[12/19/2022 1:13:20 PM] [Info] Saving server
[12/19/2022 1:14:53 PM] [Info] Failed to connect to Steam servers because k_EResultNoConnection, still retrying
[12/19/2022 1:26:05 PM] [Info] Failed to connect to Steam servers because k_EResultNoConnection, still retrying
[12/19/2022 1:43:20 PM] [Info] Saving server
[12/19/2022 1:45:03 PM] [Info] Failed to connect to Steam servers because k_EResultNoConnection, still retrying
[12/19/2022 1:53:20 PM] [Info] Failed to connect to Steam servers because k_EResultNoConnection, still retrying
[12/19/2022 2:12:31 PM] [Info] Failed to connect to Steam servers because k_EResultNoConnection, still retrying
[12/19/2022 2:13:20 PM] [Info] Saving server
[12/19/2022 2:34:59 PM] [Info] Failed to connect to Steam servers because k_EResultNoConnection, still retrying
[12/19/2022 2:43:20 PM] [Info] Saving server
[12/19/2022 2:47:32 PM] [Info] Failed to connect to Steam servers because k_EResultNoConnection, still retrying
[12/19/2022 3:00:41 PM] [Info] Failed to connect to Steam servers because k_EResultNoConnection, still retrying
[12/19/2022 3:13:20 PM] [Info] Saving server
[12/19/2022 3:15:55 PM] [Info] Failed to connect to Steam servers because k_EResultNoConnection, still retrying
[12/19/2022 3:25:01 PM] [Info] Failed to connect to Steam servers because k_EResultNoConnection, still retrying
[12/19/2022 3:25:13 PM] [Info] 
[unloading] Feli.RocketMod.JoinLeaveMessages
