[12/22/2022 1:59:20 PM] [Info] [registered] /more (Rocket.Unturned.Commands.CommandMore/more)
[12/22/2022 1:59:20 PM] [Info] [registered] /admin (Rocket.Unturned.Commands.CommandAdmin/admin)
[12/22/2022 1:59:20 PM] [Info] [registered] /broadcast (Rocket.Unturned.Commands.CommandBroadcast/broadcast)
[12/22/2022 1:59:20 PM] [Info] [registered] /compass (Rocket.Unturned.Commands.CommandCompass/compass)
[12/22/2022 1:59:20 PM] [Info] [registered] /effect (Rocket.Unturned.Commands.CommandEffect/effect)
[12/22/2022 1:59:20 PM] [Info] [registered] /exit (Rocket.Unturned.Commands.CommandExit/exit)
[12/22/2022 1:59:20 PM] [Info] [registered] /god (Rocket.Unturned.Commands.CommandGod/god)
[12/22/2022 1:59:20 PM] [Info] [registered] /heal (Rocket.Unturned.Commands.CommandHeal/heal)
[12/22/2022 1:59:20 PM] [Info] [registered] /help (Rocket.Unturned.Commands.CommandHelp/help)
[12/22/2022 1:59:20 PM] [Info] [registered] /home (Rocket.Unturned.Commands.CommandHome/home)
[12/22/2022 1:59:20 PM] [Info] [registered] /i (Rocket.Unturned.Commands.CommandI/i)
[12/22/2022 1:59:20 PM] [Info] [registered] /item (Rocket.Unturned.Commands.CommandI/item)
[12/22/2022 1:59:20 PM] [Info] [registered] /investigate (Rocket.Unturned.Commands.CommandInvestigate/investigate)
[12/22/2022 1:59:20 PM] [Info] [registered] /p (Rocket.Unturned.Commands.CommandP/p)
[12/22/2022 1:59:20 PM] [Info] [registered] /permissions (Rocket.Unturned.Commands.CommandP/permissions)
[12/22/2022 1:59:20 PM] [Info] [registered] /rocket (Rocket.Unturned.Commands.CommandRocket/rocket)
[12/22/2022 1:59:20 PM] [Info] [registered] /tp (Rocket.Unturned.Commands.CommandTp/tp)
[12/22/2022 1:59:20 PM] [Info] [registered] /tphere (Rocket.Unturned.Commands.CommandTphere/tphere)
[12/22/2022 1:59:20 PM] [Info] [registered] /unadmin (Rocket.Unturned.Commands.CommandUnadmin/unadmin)
[12/22/2022 1:59:20 PM] [Info] [registered] /v (Rocket.Unturned.Commands.CommandV/v)
[12/22/2022 1:59:20 PM] [Info] [registered] /vanish (Rocket.Unturned.Commands.CommandVanish/vanish)
[12/22/2022 1:59:20 PM] [Info] Loading InfiniteEnergy from C:\Program Files (x86)\Steam\steamapps\common\U3DS\Servers\MyServer\Rocket\Plugins\InfiniteEnergy.dll
[12/22/2022 1:59:20 PM] [Info] Loading MoreHomes from C:\Program Files (x86)\Steam\steamapps\common\U3DS\Servers\MyServer\Rocket\Plugins\MoreHomes.dll
[12/22/2022 1:59:20 PM] [Info] Loading ReponseMod_HiddenName from C:\Program Files (x86)\Steam\steamapps\common\U3DS\Servers\MyServer\Rocket\Plugins\ReponseMod_HiddenName.dll
[12/22/2022 1:59:20 PM] [Info] Loading uEssentials from C:\Program Files (x86)\Steam\steamapps\common\U3DS\Servers\MyServer\Rocket\Plugins\uEssentials.dll
[12/22/2022 1:59:21 PM] [Info] 
[loading] InfiniteEnergy
[12/22/2022 1:59:21 PM] [Error] Could not find dependency: 0Harmony, Version=2.1.1.0, Culture=neutral, PublicKeyToken=null
[12/22/2022 1:59:21 PM] [Error] Could not find dependency: 0Harmony, Version=2.1.1.0, Culture=neutral, PublicKeyToken=null
[12/22/2022 1:59:21 PM] [Info] 
[loading] ReponseMod_HiddenName
[12/22/2022 1:59:21 PM] [Info] 
[loading] uEssentials
[12/22/2022 1:59:21 PM] [Error] Failed to load uEssentials, unloading now... :System.TypeLoadException: Could not resolve type with token 010000ed (from typeref, class/assembly SDG.Unturned.ConsoleInput, Assembly-CSharp-firstpass, Version=0.0.0.0, Culture=neutral, PublicKeyToken=null)
  at Rocket.Core.Plugins.RocketPlugin.LoadPlugin () [0x00033] in <59a13feb721848c8b0cd173f6d0e820b>:0 
[12/22/2022 1:59:21 PM] [Info] 
[unloading] uEssentials
[12/22/2022 1:59:21 PM] [Error] Failed to unload uEssentials:System.TypeLoadException: Could not resolve type with token 010000ed (from typeref, class/assembly SDG.Unturned.ConsoleInput, Assembly-CSharp-firstpass, Version=0.0.0.0, Culture=neutral, PublicKeyToken=null)
  at Rocket.Core.Plugins.RocketPlugin.UnloadPlugin (Rocket.API.PluginState state) [0x0003b] in <59a13feb721848c8b0cd173f6d0e820b>:0 
  at Rocket.Core.Plugins.RocketPlugin.LoadPlugin () [0x0005c] in <59a13feb721848c8b0cd173f6d0e820b>:0 
[12/22/2022 1:59:21 PM] [Info] This server will automatically save every 1800 seconds
[12/22/2022 1:59:21 PM] [Info] Steam servers ready!
[12/22/2022 1:59:21 PM] [Info] Workshop install folder: C:\Program Files (x86)\Steam\steamapps\common\U3DS/Servers/MyServer/Workshop/Steam
[12/22/2022 1:59:21 PM] [Info] 3 workshop item(s) requested
[12/22/2022 1:59:21 PM] [Info] Submitting workshop query for 3 item(s)...
[12/22/2022 1:59:21 PM] [Info] Workshop query yielded 3 result(s)
[12/22/2022 1:59:21 PM] [Info] This server's allowed IP for Workshop downloads: 73.253.101.49
[12/22/2022 1:59:21 PM] [Info] 2422656841 'Blyat Valley | arena test map for Unturnov II | version 1.4.6' queued for download
[12/22/2022 1:59:21 PM] [Info] 2422656841 'Blyat Valley | arena test map for Unturnov II | version 1.4.6' has 3 children
[12/22/2022 1:59:21 PM] [Info] 	2421306199
[12/22/2022 1:59:21 PM] [Info] 	2463099029
[12/22/2022 1:59:21 PM] [Info] 	2519307620
[12/22/2022 1:59:21 PM] [Info] 1717095606 'Creator Tools' queued for download
[12/22/2022 1:59:21 PM] [Info] 2796081018 'Nordic Compatable Arid' queued for download
[12/22/2022 1:59:21 PM] [Info] Submitting workshop query for 3 item(s)...
[12/22/2022 1:59:22 PM] [Info] Workshop query yielded 3 result(s)
[12/22/2022 1:59:22 PM] [Info] This server's allowed IP for Workshop downloads: 73.253.101.49
[12/22/2022 1:59:22 PM] [Info] 2421306199 'A.C.M.S. Unturnov Weapons | WIP version 1.8.11' queued for download
[12/22/2022 1:59:22 PM] [Info] 2463099029 'A.C.M.S. Unturnov Armors | WIP version 1.1.2' queued for download
[12/22/2022 1:59:22 PM] [Info] 2519307620 'Medicals of Unturnov II | WIP version 1.0.1' queued for download
[12/22/2022 1:59:22 PM] [Info] 6 workshop item(s) to download...
[12/22/2022 1:59:31 PM] [Info] Downloading workshop item: 2422656841
[12/22/2022 1:59:31 PM] [Info] Successfully downloaded workshop item: 2422656841
[12/22/2022 1:59:31 PM] [Info] Installing workshop item: 2422656841
[12/22/2022 2:00:07 PM] [Info] Installed workshop item: 2422656841
[12/22/2022 2:00:07 PM] [Info] Workshop item found in cache: 1717095606
[12/22/2022 2:00:07 PM] [Info] Installing workshop item: 1717095606
[12/22/2022 2:00:07 PM] [Info] Installed workshop item: 1717095606
[12/22/2022 2:00:07 PM] [Info] Workshop item found in cache: 2796081018
[12/22/2022 2:00:07 PM] [Info] Installing workshop item: 2796081018
[12/22/2022 2:00:07 PM] [Info] Installed workshop item: 2796081018
[12/22/2022 2:00:07 PM] [Info] Downloading workshop item: 2421306199
[12/22/2022 2:00:07 PM] [Info] Successfully downloaded workshop item: 2421306199
[12/22/2022 2:00:07 PM] [Info] Installing workshop item: 2421306199
[12/22/2022 2:00:12 PM] [Info] Installed workshop item: 2421306199
[12/22/2022 2:00:12 PM] [Info] Workshop item found in cache: 2463099029
[12/22/2022 2:00:12 PM] [Info] Installing workshop item: 2463099029
[12/22/2022 2:00:12 PM] [Info] Installed workshop item: 2463099029
[12/22/2022 2:00:12 PM] [Info] Workshop item found in cache: 2519307620
[12/22/2022 2:00:12 PM] [Info] Installing workshop item: 2519307620
[12/22/2022 2:00:12 PM] [Info] Installed workshop item: 2519307620
[12/22/2022 2:00:12 PM] [Warning] Attempting to load curated map 'A6 Polaris'? Include its workshop file ID (2898548949) in the WorkshopDownloadConfig.json File_IDs array.
[12/22/2022 2:00:12 PM] [Error] Failed to find map A6 Polaris, defaulting to PEI!
[12/22/2022 2:00:12 PM] [Info] Loading level: 8%
[12/22/2022 2:00:13 PM] [Info] Loading level: 16%
[12/22/2022 2:00:13 PM] [Info] Loading level: 25%
[12/22/2022 2:00:13 PM] [Info] Loading level: 33%
[12/22/2022 2:00:13 PM] [Info] Loading level: 41%
[12/22/2022 2:00:13 PM] [Info] Loading level: 50%
[12/22/2022 2:00:13 PM] [Info] Loading level: 58%
[12/22/2022 2:00:13 PM] [Info] Loading level: 66%
[12/22/2022 2:00:13 PM] [Info] Loading level: 75%
[12/22/2022 2:00:13 PM] [Info] Loading level: 83%
[12/22/2022 2:00:13 PM] [Info] Loading level: 91%
[12/22/2022 2:00:13 PM] [Info] Loading level: 100%
[12/22/2022 2:01:22 PM] [Info] 
[unloading] InfiniteEnergy
