[3/24/2023 5:00:02 PM] [Info] Steam servers ready!
[3/24/2023 5:00:02 PM] [Info] Workshop install folder: C:\Program Files (x86)\Steam\steamapps\common\U3DS/Servers/LFO/Workshop/Steam
[3/24/2023 5:00:02 PM] [Info] 9 workshop item(s) requested
[3/24/2023 5:00:02 PM] [Info] Submitting workshop query for 9 item(s)...
[3/24/2023 5:00:02 PM] [Info] Workshop query yielded 9 result(s)
[3/24/2023 5:00:02 PM] [Info] This server's allowed IP for Workshop downloads: 73.253.101.49
[3/24/2023 5:01:05 PM] [Info] 877777769 'Furniture Expansion' queued for download
[3/24/2023 5:01:05 PM] [Info] 1717095606 'Creator Tools' queued for download
[3/24/2023 5:01:05 PM] [Info] Authorized to download 2069342497 'Survivor's Expansion'
[3/24/2023 5:01:05 PM] [Info] 2069342497 'Survivor's Expansion' queued for download
[3/24/2023 5:01:05 PM] [Info] 2133808330 'Music Remaster 3.0' queued for download
[3/24/2023 5:01:05 PM] [Info] 1232252658 'More Farming Mod' queued for download
[3/24/2023 5:01:05 PM] [Info] 1909152337 'California Assets' queued for download
[3/24/2023 5:01:05 PM] [Info] Authorized to download 2802239233 'UDarkRP Vehicles'
[3/24/2023 5:01:05 PM] [Info] 2802239233 'UDarkRP Vehicles' queued for download
[3/24/2023 5:01:05 PM] [Info] 2683620106 'Arid' queued for download
[3/24/2023 5:01:05 PM] [Info] 2839462324 'Uncreated Content' queued for download
[3/24/2023 5:01:05 PM] [Info] 9 workshop item(s) to download...
[3/24/2023 5:01:05 PM] [Info] Workshop item found in cache: 877777769
[3/24/2023 5:01:05 PM] [Info] Installing workshop item: 877777769
[3/24/2023 5:01:05 PM] [Info] Installed workshop item: 877777769
[3/24/2023 5:01:05 PM] [Info] Workshop item found in cache: 1717095606
[3/24/2023 5:01:05 PM] [Info] Installing workshop item: 1717095606
[3/24/2023 5:01:05 PM] [Info] Installed workshop item: 1717095606
[3/24/2023 5:01:05 PM] [Info] Workshop item found in cache: 2069342497
[3/24/2023 5:01:05 PM] [Info] Installing workshop item: 2069342497
[3/24/2023 5:01:05 PM] [Info] Installed workshop item: 2069342497
[3/24/2023 5:01:05 PM] [Info] Workshop item found in cache: 2133808330
[3/24/2023 5:01:05 PM] [Info] Installing workshop item: 2133808330
[3/24/2023 5:01:05 PM] [Info] Installed workshop item: 2133808330
[3/24/2023 5:01:05 PM] [Info] Workshop item found in cache: 1232252658
[3/24/2023 5:01:05 PM] [Info] Installing workshop item: 1232252658
[3/24/2023 5:01:05 PM] [Info] Installed workshop item: 1232252658
[3/24/2023 5:01:05 PM] [Info] Workshop item found in cache: 1909152337
[3/24/2023 5:01:05 PM] [Info] Installing workshop item: 1909152337
[3/24/2023 5:01:05 PM] [Info] Installed workshop item: 1909152337
[3/24/2023 5:01:05 PM] [Info] Workshop item found in cache: 2802239233
[3/24/2023 5:01:05 PM] [Info] Installing workshop item: 2802239233
[3/24/2023 5:01:05 PM] [Info] Installed workshop item: 2802239233
[3/24/2023 5:01:05 PM] [Info] Workshop item found in cache: 2683620106
[3/24/2023 5:01:05 PM] [Info] Installing workshop item: 2683620106
[3/24/2023 5:01:05 PM] [Info] Installed workshop item: 2683620106
[3/24/2023 5:01:05 PM] [Info] Workshop item found in cache: 2839462324
[3/24/2023 5:01:05 PM] [Info] Installing workshop item: 2839462324
[3/24/2023 5:01:05 PM] [Error] Exception has been thrown by the target of an invocation.
[3/24/2023 5:01:05 PM] [Error]   at System.Reflection.MonoCMethod.InternalInvoke (System.Object obj, System.Object[] parameters) [0x00014] in <695d1cc93cca45069c528c15c9fdd749>:0 
  at System.Reflection.MonoCMethod.DoInvoke (System.Object obj, System.Reflection.BindingFlags invokeAttr, System.Reflection.Binder binder, System.Object[] parameters, System.Globalization.CultureInfo culture) [0x0007a] in <695d1cc93cca45069c528c15c9fdd749>:0 
  at System.Reflection.MonoCMethod.Invoke (System.Reflection.BindingFlags invokeAttr, System.Reflection.Binder binder, System.Object[] parameters, System.Globalization.CultureInfo culture) [0x00000] in <695d1cc93cca45069c528c15c9fdd749>:0 
  at System.RuntimeType.CreateInstanceImpl (System.Reflection.BindingFlags bindingAttr, System.Reflection.Binder binder, System.Object[] args, System.Globalization.CultureInfo culture, System.Object[] activationAttributes, System.Threading.StackCrawlMark& stackMark) [0x00213] in <695d1cc93cca45069c528c15c9fdd749>:0 
  at System.Activator.CreateInstance (System.Type type, System.Reflection.BindingFlags bindingAttr, System.Reflection.Binder binder, System.Object[] args, System.Globalization.CultureInfo culture, System.Object[] activationAttributes) [0x00095] in <695d1cc93cca45069c528c15c9fdd749>:0 
  at System.Activator.CreateInstance (System.Type type, System.Object[] args) [0x00000] in <695d1cc93cca45069c528c15c9fdd749>:0 
  at SDG.Unturned.Assets.loadFile (SDG.Unturned.Assets+ScannedFileInfo file) [0x004f6] in <03935fc8f0dc414e987f6868eaf415df>:0 
[3/24/2023 5:01:05 PM] [Error] Missing effect gameobject
[3/24/2023 5:01:05 PM] [Error]   at SDG.Unturned.EffectAsset..ctor (SDG.Unturned.Bundle bundle, SDG.Unturned.Data data, SDG.Unturned.Local localization, System.UInt16 id) [0x00053] in <03935fc8f0dc414e987f6868eaf415df>:0 
  at (wrapper managed-to-native) System.Reflection.MonoCMethod.InternalInvoke(System.Reflection.MonoCMethod,object,object[],System.Exception&)
  at System.Reflection.MonoCMethod.InternalInvoke (System.Object obj, System.Object[] parameters) [0x00002] in <695d1cc93cca45069c528c15c9fdd749>:0 
[3/24/2023 5:01:05 PM] [Error] Exception has been thrown by the target of an invocation.
[3/24/2023 5:01:05 PM] [Error]   at System.Reflection.MonoCMethod.InternalInvoke (System.Object obj, System.Object[] parameters) [0x00014] in <695d1cc93cca45069c528c15c9fdd749>:0 
  at System.Reflection.MonoCMethod.DoInvoke (System.Object obj, System.Reflection.BindingFlags invokeAttr, System.Reflection.Binder binder, System.Object[] parameters, System.Globalization.CultureInfo culture) [0x0007a] in <695d1cc93cca45069c528c15c9fdd749>:0 
  at System.Reflection.MonoCMethod.Invoke (System.Reflection.BindingFlags invokeAttr, System.Reflection.Binder binder, System.Object[] parameters, System.Globalization.CultureInfo culture) [0x00000] in <695d1cc93cca45069c528c15c9fdd749>:0 
  at System.RuntimeType.CreateInstanceImpl (System.Reflection.BindingFlags bindingAttr, System.Reflection.Binder binder, System.Object[] args, System.Globalization.CultureInfo culture, System.Object[] activationAttributes, System.Threading.StackCrawlMark& stackMark) [0x00213] in <695d1cc93cca45069c528c15c9fdd749>:0 
  at System.Activator.CreateInstance (System.Type type, System.Reflection.BindingFlags bindingAttr, System.Reflection.Binder binder, System.Object[] args, System.Globalization.CultureInfo culture, System.Object[] activationAttributes) [0x00095] in <695d1cc93cca45069c528c15c9fdd749>:0 
  at System.Activator.CreateInstance (System.Type type, System.Object[] args) [0x00000] in <695d1cc93cca45069c528c15c9fdd749>:0 
  at SDG.Unturned.Assets.loadFile (SDG.Unturned.Assets+ScannedFileInfo file) [0x004f6] in <03935fc8f0dc414e987f6868eaf415df>:0 
[3/24/2023 5:01:05 PM] [Error] Missing effect gameobject
[3/24/2023 5:01:05 PM] [Error]   at SDG.Unturned.EffectAsset..ctor (SDG.Unturned.Bundle bundle, SDG.Unturned.Data data, SDG.Unturned.Local localization, System.UInt16 id) [0x00053] in <03935fc8f0dc414e987f6868eaf415df>:0 
  at (wrapper managed-to-native) System.Reflection.MonoCMethod.InternalInvoke(System.Reflection.MonoCMethod,object,object[],System.Exception&)
  at System.Reflection.MonoCMethod.InternalInvoke (System.Object obj, System.Object[] parameters) [0x00002] in <695d1cc93cca45069c528c15c9fdd749>:0 
[3/24/2023 5:01:05 PM] [Error] Exception has been thrown by the target of an invocation.
[3/24/2023 5:01:05 PM] [Error]   at System.Reflection.MonoCMethod.InternalInvoke (System.Object obj, System.Object[] parameters) [0x00014] in <695d1cc93cca45069c528c15c9fdd749>:0 
  at System.Reflection.MonoCMethod.DoInvoke (System.Object obj, System.Reflection.BindingFlags invokeAttr, System.Reflection.Binder binder, System.Object[] parameters, System.Globalization.CultureInfo culture) [0x0007a] in <695d1cc93cca45069c528c15c9fdd749>:0 
  at System.Reflection.MonoCMethod.Invoke (System.Reflection.BindingFlags invokeAttr, System.Reflection.Binder binder, System.Object[] parameters, System.Globalization.CultureInfo culture) [0x00000] in <695d1cc93cca45069c528c15c9fdd749>:0 
  at System.RuntimeType.CreateInstanceImpl (System.Reflection.BindingFlags bindingAttr, System.Reflection.Binder binder, System.Object[] args, System.Globalization.CultureInfo culture, System.Object[] activationAttributes, System.Threading.StackCrawlMark& stackMark) [0x00213] in <695d1cc93cca45069c528c15c9fdd749>:0 
  at System.Activator.CreateInstance (System.Type type, System.Reflection.BindingFlags bindingAttr, System.Reflection.Binder binder, System.Object[] args, System.Globalization.CultureInfo culture, System.Object[] activationAttributes) [0x00095] in <695d1cc93cca45069c528c15c9fdd749>:0 
  at System.Activator.CreateInstance (System.Type type, System.Object[] args) [0x00000] in <695d1cc93cca45069c528c15c9fdd749>:0 
  at SDG.Unturned.Assets.loadFile (SDG.Unturned.Assets+ScannedFileInfo file) [0x004f6] in <03935fc8f0dc414e987f6868eaf415df>:0 
[3/24/2023 5:01:05 PM] [Error] Missing effect gameobject
[3/24/2023 5:01:06 PM] [Error]   at SDG.Unturned.EffectAsset..ctor (SDG.Unturned.Bundle bundle, SDG.Unturned.Data data, SDG.Unturned.Local localization, System.UInt16 id) [0x00053] in <03935fc8f0dc414e987f6868eaf415df>:0 
  at (wrapper managed-to-native) System.Reflection.MonoCMethod.InternalInvoke(System.Reflection.MonoCMethod,object,object[],System.Exception&)
  at System.Reflection.MonoCMethod.InternalInvoke (System.Object obj, System.Object[] parameters) [0x00002] in <695d1cc93cca45069c528c15c9fdd749>:0 
[3/24/2023 5:01:06 PM] [Error] Exception has been thrown by the target of an invocation.
[3/24/2023 5:01:06 PM] [Error]   at System.Reflection.MonoCMethod.InternalInvoke (System.Object obj, System.Object[] parameters) [0x00014] in <695d1cc93cca45069c528c15c9fdd749>:0 
  at System.Reflection.MonoCMethod.DoInvoke (System.Object obj, System.Reflection.BindingFlags invokeAttr, System.Reflection.Binder binder, System.Object[] parameters, System.Globalization.CultureInfo culture) [0x0007a] in <695d1cc93cca45069c528c15c9fdd749>:0 
  at System.Reflection.MonoCMethod.Invoke (System.Reflection.BindingFlags invokeAttr, System.Reflection.Binder binder, System.Object[] parameters, System.Globalization.CultureInfo culture) [0x00000] in <695d1cc93cca45069c528c15c9fdd749>:0 
  at System.RuntimeType.CreateInstanceImpl (System.Reflection.BindingFlags bindingAttr, System.Reflection.Binder binder, System.Object[] args, System.Globalization.CultureInfo culture, System.Object[] activationAttributes, System.Threading.StackCrawlMark& stackMark) [0x00213] in <695d1cc93cca45069c528c15c9fdd749>:0 
  at System.Activator.CreateInstance (System.Type type, System.Reflection.BindingFlags bindingAttr, System.Reflection.Binder binder, System.Object[] args, System.Globalization.CultureInfo culture, System.Object[] activationAttributes) [0x00095] in <695d1cc93cca45069c528c15c9fdd749>:0 
  at System.Activator.CreateInstance (System.Type type, System.Object[] args) [0x00000] in <695d1cc93cca45069c528c15c9fdd749>:0 
  at SDG.Unturned.Assets.loadFile (SDG.Unturned.Assets+ScannedFileInfo file) [0x004f6] in <03935fc8f0dc414e987f6868eaf415df>:0 
[3/24/2023 5:01:06 PM] [Error] Missing effect gameobject
[3/24/2023 5:01:06 PM] [Error]   at SDG.Unturned.EffectAsset..ctor (SDG.Unturned.Bundle bundle, SDG.Unturned.Data data, SDG.Unturned.Local localization, System.UInt16 id) [0x00053] in <03935fc8f0dc414e987f6868eaf415df>:0 
  at (wrapper managed-to-native) System.Reflection.MonoCMethod.InternalInvoke(System.Reflection.MonoCMethod,object,object[],System.Exception&)
  at System.Reflection.MonoCMethod.InternalInvoke (System.Object obj, System.Object[] parameters) [0x00002] in <695d1cc93cca45069c528c15c9fdd749>:0 
[3/24/2023 5:01:06 PM] [Error] Exception has been thrown by the target of an invocation.
[3/24/2023 5:01:06 PM] [Error]   at System.Reflection.MonoCMethod.InternalInvoke (System.Object obj, System.Object[] parameters) [0x00014] in <695d1cc93cca45069c528c15c9fdd749>:0 
  at System.Reflection.MonoCMethod.DoInvoke (System.Object obj, System.Reflection.BindingFlags invokeAttr, System.Reflection.Binder binder, System.Object[] parameters, System.Globalization.CultureInfo culture) [0x0007a] in <695d1cc93cca45069c528c15c9fdd749>:0 
  at System.Reflection.MonoCMethod.Invoke (System.Reflection.BindingFlags invokeAttr, System.Reflection.Binder binder, System.Object[] parameters, System.Globalization.CultureInfo culture) [0x00000] in <695d1cc93cca45069c528c15c9fdd749>:0 
  at System.RuntimeType.CreateInstanceImpl (System.Reflection.BindingFlags bindingAttr, System.Reflection.Binder binder, System.Object[] args, System.Globalization.CultureInfo culture, System.Object[] activationAttributes, System.Threading.StackCrawlMark& stackMark) [0x00213] in <695d1cc93cca45069c528c15c9fdd749>:0 
  at System.Activator.CreateInstance (System.Type type, System.Reflection.BindingFlags bindingAttr, System.Reflection.Binder binder, System.Object[] args, System.Globalization.CultureInfo culture, System.Object[] activationAttributes) [0x00095] in <695d1cc93cca45069c528c15c9fdd749>:0 
  at System.Activator.CreateInstance (System.Type type, System.Object[] args) [0x00000] in <695d1cc93cca45069c528c15c9fdd749>:0 
  at SDG.Unturned.Assets.loadFile (SDG.Unturned.Assets+ScannedFileInfo file) [0x004f6] in <03935fc8f0dc414e987f6868eaf415df>:0 
[3/24/2023 5:01:06 PM] [Error] Missing effect gameobject
[3/24/2023 5:01:06 PM] [Error]   at SDG.Unturned.EffectAsset..ctor (SDG.Unturned.Bundle bundle, SDG.Unturned.Data data, SDG.Unturned.Local localization, System.UInt16 id) [0x00053] in <03935fc8f0dc414e987f6868eaf415df>:0 
  at (wrapper managed-to-native) System.Reflection.MonoCMethod.InternalInvoke(System.Reflection.MonoCMethod,object,object[],System.Exception&)
  at System.Reflection.MonoCMethod.InternalInvoke (System.Object obj, System.Object[] parameters) [0x00002] in <695d1cc93cca45069c528c15c9fdd749>:0 
[3/24/2023 5:01:06 PM] [Error] Exception has been thrown by the target of an invocation.
[3/24/2023 5:01:06 PM] [Error]   at System.Reflection.MonoCMethod.InternalInvoke (System.Object obj, System.Object[] parameters) [0x00014] in <695d1cc93cca45069c528c15c9fdd749>:0 
  at System.Reflection.MonoCMethod.DoInvoke (System.Object obj, System.Reflection.BindingFlags invokeAttr, System.Reflection.Binder binder, System.Object[] parameters, System.Globalization.CultureInfo culture) [0x0007a] in <695d1cc93cca45069c528c15c9fdd749>:0 
  at System.Reflection.MonoCMethod.Invoke (System.Reflection.BindingFlags invokeAttr, System.Reflection.Binder binder, System.Object[] parameters, System.Globalization.CultureInfo culture) [0x00000] in <695d1cc93cca45069c528c15c9fdd749>:0 
  at System.RuntimeType.CreateInstanceImpl (System.Reflection.BindingFlags bindingAttr, System.Reflection.Binder binder, System.Object[] args, System.Globalization.CultureInfo culture, System.Object[] activationAttributes, System.Threading.StackCrawlMark& stackMark) [0x00213] in <695d1cc93cca45069c528c15c9fdd749>:0 
  at System.Activator.CreateInstance (System.Type type, System.Reflection.BindingFlags bindingAttr, System.Reflection.Binder binder, System.Object[] args, System.Globalization.CultureInfo culture, System.Object[] activationAttributes) [0x00095] in <695d1cc93cca45069c528c15c9fdd749>:0 
  at System.Activator.CreateInstance (System.Type type, System.Object[] args) [0x00000] in <695d1cc93cca45069c528c15c9fdd749>:0 
  at SDG.Unturned.Assets.loadFile (SDG.Unturned.Assets+ScannedFileInfo file) [0x004f6] in <03935fc8f0dc414e987f6868eaf415df>:0 
[3/24/2023 5:01:06 PM] [Error] Missing effect gameobject
[3/24/2023 5:01:06 PM] [Error]   at SDG.Unturned.EffectAsset..ctor (SDG.Unturned.Bundle bundle, SDG.Unturned.Data data, SDG.Unturned.Local localization, System.UInt16 id) [0x00053] in <03935fc8f0dc414e987f6868eaf415df>:0 
  at (wrapper managed-to-native) System.Reflection.MonoCMethod.InternalInvoke(System.Reflection.MonoCMethod,object,object[],System.Exception&)
  at System.Reflection.MonoCMethod.InternalInvoke (System.Object obj, System.Object[] parameters) [0x00002] in <695d1cc93cca45069c528c15c9fdd749>:0 
[3/24/2023 5:01:06 PM] [Error] Exception has been thrown by the target of an invocation.
[3/24/2023 5:01:06 PM] [Error]   at System.Reflection.MonoCMethod.InternalInvoke (System.Object obj, System.Object[] parameters) [0x00014] in <695d1cc93cca45069c528c15c9fdd749>:0 
  at System.Reflection.MonoCMethod.DoInvoke (System.Object obj, System.Reflection.BindingFlags invokeAttr, System.Reflection.Binder binder, System.Object[] parameters, System.Globalization.CultureInfo culture) [0x0007a] in <695d1cc93cca45069c528c15c9fdd749>:0 
  at System.Reflection.MonoCMethod.Invoke (System.Reflection.BindingFlags invokeAttr, System.Reflection.Binder binder, System.Object[] parameters, System.Globalization.CultureInfo culture) [0x00000] in <695d1cc93cca45069c528c15c9fdd749>:0 
  at System.RuntimeType.CreateInstanceImpl (System.Reflection.BindingFlags bindingAttr, System.Reflection.Binder binder, System.Object[] args, System.Globalization.CultureInfo culture, System.Object[] activationAttributes, System.Threading.StackCrawlMark& stackMark) [0x00213] in <695d1cc93cca45069c528c15c9fdd749>:0 
  at System.Activator.CreateInstance (System.Type type, System.Reflection.BindingFlags bindingAttr, System.Reflection.Binder binder, System.Object[] args, System.Globalization.CultureInfo culture, System.Object[] activationAttributes) [0x00095] in <695d1cc93cca45069c528c15c9fdd749>:0 
  at System.Activator.CreateInstance (System.Type type, System.Object[] args) [0x00000] in <695d1cc93cca45069c528c15c9fdd749>:0 
  at SDG.Unturned.Assets.loadFile (SDG.Unturned.Assets+ScannedFileInfo file) [0x004f6] in <03935fc8f0dc414e987f6868eaf415df>:0 
[3/24/2023 5:01:06 PM] [Error] Missing effect gameobject
[3/24/2023 5:01:06 PM] [Error]   at SDG.Unturned.EffectAsset..ctor (SDG.Unturned.Bundle bundle, SDG.Unturned.Data data, SDG.Unturned.Local localization, System.UInt16 id) [0x00053] in <03935fc8f0dc414e987f6868eaf415df>:0 
  at (wrapper managed-to-native) System.Reflection.MonoCMethod.InternalInvoke(System.Reflection.MonoCMethod,object,object[],System.Exception&)
  at System.Reflection.MonoCMethod.InternalInvoke (System.Object obj, System.Object[] parameters) [0x00002] in <695d1cc93cca45069c528c15c9fdd749>:0 
[3/24/2023 5:01:06 PM] [Error] Exception has been thrown by the target of an invocation.
[3/24/2023 5:01:06 PM] [Error]   at System.Reflection.MonoCMethod.InternalInvoke (System.Object obj, System.Object[] parameters) [0x00014] in <695d1cc93cca45069c528c15c9fdd749>:0 
  at System.Reflection.MonoCMethod.DoInvoke (System.Object obj, System.Reflection.BindingFlags invokeAttr, System.Reflection.Binder binder, System.Object[] parameters, System.Globalization.CultureInfo culture) [0x0007a] in <695d1cc93cca45069c528c15c9fdd749>:0 
  at System.Reflection.MonoCMethod.Invoke (System.Reflection.BindingFlags invokeAttr, System.Reflection.Binder binder, System.Object[] parameters, System.Globalization.CultureInfo culture) [0x00000] in <695d1cc93cca45069c528c15c9fdd749>:0 
  at System.RuntimeType.CreateInstanceImpl (System.Reflection.BindingFlags bindingAttr, System.Reflection.Binder binder, System.Object[] args, System.Globalization.CultureInfo culture, System.Object[] activationAttributes, System.Threading.StackCrawlMark& stackMark) [0x00213] in <695d1cc93cca45069c528c15c9fdd749>:0 
  at System.Activator.CreateInstance (System.Type type, System.Reflection.BindingFlags bindingAttr, System.Reflection.Binder binder, System.Object[] args, System.Globalization.CultureInfo culture, System.Object[] activationAttributes) [0x00095] in <695d1cc93cca45069c528c15c9fdd749>:0 
  at System.Activator.CreateInstance (System.Type type, System.Object[] args) [0x00000] in <695d1cc93cca45069c528c15c9fdd749>:0 
  at SDG.Unturned.Assets.loadFile (SDG.Unturned.Assets+ScannedFileInfo file) [0x004f6] in <03935fc8f0dc414e987f6868eaf415df>:0 
[3/24/2023 5:01:06 PM] [Error] Missing effect gameobject
[3/24/2023 5:01:06 PM] [Error]   at SDG.Unturned.EffectAsset..ctor (SDG.Unturned.Bundle bundle, SDG.Unturned.Data data, SDG.Unturned.Local localization, System.UInt16 id) [0x00053] in <03935fc8f0dc414e987f6868eaf415df>:0 
  at (wrapper managed-to-native) System.Reflection.MonoCMethod.InternalInvoke(System.Reflection.MonoCMethod,object,object[],System.Exception&)
  at System.Reflection.MonoCMethod.InternalInvoke (System.Object obj, System.Object[] parameters) [0x00002] in <695d1cc93cca45069c528c15c9fdd749>:0 
[3/24/2023 5:01:06 PM] [Info] Installed workshop item: 2839462324
[3/24/2023 5:01:06 PM] [Info] Loading level: 8%
[3/24/2023 5:01:07 PM] [Info] Loading level: 16%
[3/24/2023 5:01:09 PM] [Info] Loading level: 25%
[3/24/2023 5:01:09 PM] [Info] Loading level: 33%
[3/24/2023 5:01:09 PM] [Info] Loading level: 41%
[3/24/2023 5:01:09 PM] [Info] Loading level: 50%
[3/24/2023 5:01:09 PM] [Info] Loading level: 58%
[3/24/2023 5:01:09 PM] [Info] Loading level: 66%
[3/24/2023 5:01:09 PM] [Info] Loading level: 75%
[3/24/2023 5:01:09 PM] [Info] Loading level: 83%
[3/24/2023 5:01:09 PM] [Info] Loading level: 91%
[3/24/2023 5:01:09 PM] [Info] Loading level: 100%
[3/24/2023 5:01:16 PM] [Error] Failed to generate an item with ID 31368 from type Police_Low_Peaks [0]
[3/24/2023 5:26:18 PM] [Error] Failed to respawn an item with ID 31368 from type Guns_Peaks [18]
[3/24/2023 5:26:20 PM] [Error] Failed to respawn an item with ID 31368 from type Police_High_Peaks [1]
[3/24/2023 5:26:23 PM] [Error] Failed to respawn an item with ID 31368 from type Military_High_Peaks [3]
[3/24/2023 5:26:25 PM] [Error] Failed to respawn an item with ID 31368 from type Military_Low_Peaks [2]
[3/24/2023 5:36:23 PM] [Error] Failed to respawn an item with ID 31368 from type Military_High_Peaks [3]
[3/24/2023 5:46:18 PM] [Error] Failed to respawn an item with ID 31368 from type Military_Low_Peaks [2]
[3/24/2023 5:46:23 PM] [Error] Failed to respawn an item with ID 31368 from type Military_High_Peaks [3]
[3/24/2023 5:46:25 PM] [Error] Failed to respawn an item with ID 31368 from type Military_Low_Peaks [2]
[3/24/2023 6:06:23 PM] [Error] Failed to respawn an item with ID 31368 from type Military_High_Peaks [3]
[3/24/2023 6:06:26 PM] [Error] Failed to respawn an item with ID 31368 from type Coalition_Low_Peaks [28]
[3/24/2023 6:26:19 PM] [Error] Failed to respawn an item with ID 31368 from type Coalition_Low_Peaks [28]
[3/24/2023 6:26:21 PM] [Error] Failed to respawn an item with ID 31368 from type Military_Low_Peaks [2]
[3/24/2023 6:36:25 PM] [Error] Failed to respawn an item with ID 31368 from type Coalition_Low_Peaks [28]
[3/24/2023 6:46:18 PM] [Error] Failed to respawn an item with ID 31368 from type Military_Low_Peaks [2]
[3/24/2023 6:46:21 PM] [Error] Failed to respawn an item with ID 31368 from type Military_High_Peaks [3]
[3/24/2023 6:46:21 PM] [Error] Failed to respawn an item with ID 31368 from type Military_High_Peaks [3]
[3/24/2023 7:06:25 PM] [Error] Failed to respawn an item with ID 31368 from type Military_High_Peaks [3]
[3/24/2023 7:26:18 PM] [Error] Failed to respawn an item with ID 31368 from type Coalition_Low_Peaks [28]
[3/24/2023 7:26:23 PM] [Error] Failed to respawn an item with ID 31368 from type Military_Low_Peaks [2]
[3/24/2023 7:36:18 PM] [Error] Failed to respawn an item with ID 31368 from type Military_Low_Peaks [2]
[3/24/2023 7:56:26 PM] [Error] Failed to respawn an item with ID 31368 from type Coalition_Low_Peaks [28]
[3/24/2023 8:06:18 PM] [Error] Failed to respawn an item with ID 31368 from type Military_Low_Peaks [2]
[3/24/2023 8:06:19 PM] [Error] Failed to respawn an item with ID 31368 from type Coalition_High_Peaks [29]
[3/24/2023 8:06:23 PM] [Error] Failed to respawn an item with ID 31368 from type Military_High_Peaks [3]
[3/24/2023 8:16:18 PM] [Error] Failed to respawn an item with ID 31368 from type Military_Low_Peaks [2]
[3/24/2023 8:16:22 PM] [Error] Failed to respawn an item with ID 31368 from type Police_Low_Peaks [0]
[3/24/2023 8:26:26 PM] [Error] Failed to respawn an item with ID 31368 from type Coalition_High_Peaks [29]
[3/24/2023 8:36:19 PM] [Error] Failed to respawn an item with ID 31368 from type Coalition_Low_Peaks [28]
[3/24/2023 8:36:25 PM] [Error] Failed to respawn an item with ID 31368 from type Military_High_Peaks [3]
[3/24/2023 8:46:17 PM] [Error] Failed to respawn an item with ID 31368 from type Military_Low_Peaks [2]
[3/24/2023 8:46:18 PM] [Error] Failed to respawn an item with ID 31368 from type Coalition_Low_Peaks [28]
[3/24/2023 8:56:18 PM] [Error] Failed to respawn an item with ID 31368 from type Military_High_Peaks [3]
[3/24/2023 9:06:19 PM] [Error] Failed to respawn an item with ID 31368 from type Coalition_Low_Peaks [28]
[3/24/2023 9:06:23 PM] [Error] Failed to respawn an item with ID 31368 from type Military_Low_Peaks [2]
[3/24/2023 9:24:57 PM] [Info] 
[unloading] InfiniteEnergy
