[12/27/2022 11:16:13 PM] [Info] Steam servers ready!
[12/27/2022 11:16:13 PM] [Info] Workshop install folder: C:\Program Files (x86)\Steam\steamapps\common\U3DS/Servers/LFO/Workshop/Steam
[12/27/2022 11:16:13 PM] [Info] 1 workshop item(s) requested
[12/27/2022 11:16:13 PM] [Info] Submitting workshop query for 1 item(s)...
[12/27/2022 11:16:13 PM] [Info] Workshop query yielded 1 result(s)
[12/27/2022 11:16:13 PM] [Info] This server's allowed IP for Workshop downloads: 73.253.101.49
[12/27/2022 11:16:13 PM] [Info] 2899517511 'LFO Mods' has 10 children
[12/27/2022 11:16:13 PM] [Info] 	1232252658
[12/27/2022 11:16:13 PM] [Info] 	2528363491
[12/27/2022 11:16:13 PM] [Info] 	2309977886
[12/27/2022 11:16:13 PM] [Info] 	1727733956
[12/27/2022 11:16:13 PM] [Info] 	2069342497
[12/27/2022 11:16:13 PM] [Info] 	1717095606
[12/27/2022 11:16:13 PM] [Info] 	2796081018
[12/27/2022 11:16:13 PM] [Info] 	2454681372
[12/27/2022 11:16:13 PM] [Info] 	1909152337
[12/27/2022 11:16:13 PM] [Info] 	2480988643
[12/27/2022 11:16:13 PM] [Info] Submitting workshop query for 10 item(s)...
[12/27/2022 11:16:24 PM] [Info] Workshop query yielded 10 result(s)
[12/27/2022 11:16:24 PM] [Info] This server's allowed IP for Workshop downloads: 73.253.101.49
[12/27/2022 11:16:24 PM] [Info] 1232252658 'More Farming Mod' queued for download
[12/27/2022 11:16:24 PM] [Info] 2528363491 'Wind Vehicles' queued for download
[12/27/2022 11:16:24 PM] [Info] 2309977886 'Wind Cars 2.0' queued for download
[12/27/2022 11:16:24 PM] [Info] 1727733956 'Pento's Tactical Apparel' queued for download
[12/27/2022 11:16:24 PM] [Info] Authorized to download 2069342497 'Survivor's Expansion'
[12/27/2022 11:16:24 PM] [Info] 2069342497 'Survivor's Expansion' queued for download
[12/27/2022 11:16:25 PM] [Info] 1717095606 'Creator Tools' queued for download
[12/27/2022 11:16:25 PM] [Info] 2796081018 'Nordic Compatable Arid' queued for download
[12/27/2022 11:16:25 PM] [Info] 2454681372 'Raum's Lockers' queued for download
[12/27/2022 11:16:25 PM] [Info] 1909152337 'California Assets' queued for download
[12/27/2022 11:16:25 PM] [Info] 2480988643 'LFO Washington' queued for download
[12/27/2022 11:16:25 PM] [Info] 10 workshop item(s) to download...
[12/27/2022 11:16:25 PM] [Info] Workshop item found in cache: 1232252658
[12/27/2022 11:16:25 PM] [Info] Installing workshop item: 1232252658
[12/27/2022 11:16:25 PM] [Info] Installed workshop item: 1232252658
[12/27/2022 11:16:25 PM] [Info] Downloading workshop item: 2528363491
[12/27/2022 11:16:25 PM] [Info] Successfully downloaded workshop item: 2528363491
[12/27/2022 11:16:25 PM] [Info] Installing workshop item: 2528363491
[12/27/2022 11:16:40 PM] [Info] Installed workshop item: 2528363491
[12/27/2022 11:16:40 PM] [Info] Downloading workshop item: 2309977886
[12/27/2022 11:16:40 PM] [Info] Successfully downloaded workshop item: 2309977886
[12/27/2022 11:16:40 PM] [Info] Installing workshop item: 2309977886
[12/27/2022 11:16:48 PM] [Info] Installed workshop item: 2309977886
[12/27/2022 11:16:48 PM] [Info] Workshop item found in cache: 1727733956
[12/27/2022 11:16:48 PM] [Info] Installing workshop item: 1727733956
[12/27/2022 11:16:48 PM] [Info] Installed workshop item: 1727733956
[12/27/2022 11:16:48 PM] [Info] Downloading workshop item: 2069342497
[12/27/2022 11:16:48 PM] [Info] Successfully downloaded workshop item: 2069342497
[12/27/2022 11:16:48 PM] [Info] Installing workshop item: 2069342497
[12/27/2022 11:19:44 PM] [Info] Installed workshop item: 2069342497
[12/27/2022 11:19:44 PM] [Info] Workshop item found in cache: 1717095606
[12/27/2022 11:19:44 PM] [Info] Installing workshop item: 1717095606
[12/27/2022 11:19:44 PM] [Info] Installed workshop item: 1717095606
[12/27/2022 11:19:44 PM] [Info] Downloading workshop item: 2796081018
[12/27/2022 11:19:44 PM] [Info] Successfully downloaded workshop item: 2796081018
[12/27/2022 11:19:44 PM] [Info] Installing workshop item: 2796081018
[12/27/2022 11:20:03 PM] [Info] Installed workshop item: 2796081018
[12/27/2022 11:20:03 PM] [Info] Downloading workshop item: 2454681372
[12/27/2022 11:20:03 PM] [Info] Successfully downloaded workshop item: 2454681372
[12/27/2022 11:20:03 PM] [Info] Installing workshop item: 2454681372
[12/27/2022 11:20:12 PM] [Info] Installed workshop item: 2454681372
[12/27/2022 11:20:12 PM] [Info] Workshop item found in cache: 1909152337
[12/27/2022 11:20:12 PM] [Info] Installing workshop item: 1909152337
[12/27/2022 11:20:12 PM] [Info] Installed workshop item: 1909152337
[12/27/2022 11:20:12 PM] [Info] Downloading workshop item: 2480988643
[12/27/2022 11:20:12 PM] [Info] Successfully downloaded workshop item: 2480988643
[12/27/2022 11:20:12 PM] [Info] Installing workshop item: 2480988643
[12/27/2022 11:20:13 PM] [Info] Installed workshop item: 2480988643
[12/27/2022 11:20:13 PM] [Info] Monitoring workshop map 'LFO Washington' (2480988643) for changes
[12/27/2022 11:20:13 PM] [Info] Loading level: 8%
[12/27/2022 11:20:14 PM] [Info] Loading level: 16%
[12/27/2022 11:20:15 PM] [Info] Loading level: 25%
[12/27/2022 11:20:15 PM] [Info] Loading level: 33%
[12/27/2022 11:20:15 PM] [Info] Loading level: 41%
[12/27/2022 11:20:15 PM] [Info] Loading level: 50%
[12/27/2022 11:20:15 PM] [Info] Loading level: 58%
[12/27/2022 11:20:15 PM] [Info] Loading level: 66%
[12/27/2022 11:20:15 PM] [Info] Loading level: 75%
[12/27/2022 11:20:15 PM] [Info] Loading level: 83%
[12/27/2022 11:20:15 PM] [Info] Loading level: 91%
[12/27/2022 11:20:15 PM] [Info] Loading level: 100%
[12/27/2022 11:24:39 PM] [Error] Failed to find anyone called red.
[12/27/2022 11:26:06 PM] [Info] BattlEye Server: Player #0 JACK THE RIPPER (108.90.241.159:62095) connected
[12/27/2022 11:26:06 PM] [Info] BattlEye Server: Player #0 JACK THE RIPPER - BE GUID: 0b39942d7d9a57c3719c1f802044c592
[12/27/2022 11:26:06 PM] [Info] Connecting: PlayerID: 76561199074224396 Name: JACK THE RIPPER Character: reaper
[12/27/2022 11:26:06 PM] [Info] BattlEye Server: Connected to BE Master
[12/27/2022 11:26:26 PM] [Info] [World] reaper [JACK THE RIPPER]: "/i gps"
[12/27/2022 11:27:07 PM] [Info] [World] reaper [JACK THE RIPPER]: "/i 140"
[12/27/2022 11:31:01 PM] [Info] [World] reaper [JACK THE RIPPER]: "/god"
[12/27/2022 11:31:20 PM] [Info] [World] reaper [JACK THE RIPPER]: "/i 1441"
[12/27/2022 11:31:38 PM] [Info] [World] reaper [JACK THE RIPPER]: "/i 144 3"
[12/27/2022 11:31:41 PM] [Info] [World] reaper [JACK THE RIPPER]: "/i 1442"
[12/27/2022 11:31:49 PM] [Info] [World] reaper [JACK THE RIPPER]: "/i 1443"
[12/27/2022 11:33:06 PM] [Info] [World] reaper [JACK THE RIPPER]: "/i 1443 4"
[12/27/2022 11:35:22 PM] [Info] Lost connection to Steam servers because k_EResultNoConnection
[12/27/2022 11:35:42 PM] [Info] BattlEye Server: Failed to receive from BE Master (10054)
[12/27/2022 11:35:42 PM] [Info] BattlEye Server: Disconnected from BE Master
[12/27/2022 11:36:08 PM] [Info] Failed to connect to Steam servers because k_EResultNoConnection, still retrying
[12/27/2022 11:36:31 PM] [Info] BattlEye Server: Ban check timed out, no response from BE Master
[12/27/2022 11:36:32 PM] [Info] BattlEye Server: Master query timed out, no response from BE Master
[12/27/2022 11:37:11 PM] [Info] Failed to connect to Steam servers because k_EResultNoConnection, still retrying
[12/27/2022 11:37:37 PM] [Info] BattlEye Server: Connected to BE Master
[12/27/2022 11:39:36 PM] [Info] BattlEye Server: Failed to receive from BE Master (10054)
[12/27/2022 11:39:36 PM] [Info] BattlEye Server: Disconnected from BE Master
[12/27/2022 11:39:36 PM] [Info] Lost connection to Steam servers because k_EResultNoConnection
[12/27/2022 11:39:36 PM] [Info] Failed to connect to Steam servers because k_EResultNoConnection, still retrying
[12/27/2022 11:39:40 PM] [Info] Failed to connect to Steam servers because k_EResultNoConnection, still retrying
[12/27/2022 11:39:51 PM] [Info] Lost connection to Steam servers because k_EResultNoConnection
[12/27/2022 11:39:55 PM] [Info] Failed to connect to Steam servers because k_EResultNoConnection, still retrying
[12/27/2022 11:40:01 PM] [Info] Failed to connect to Steam servers because k_EResultNoConnection, still retrying
[12/27/2022 11:40:03 PM] [Info] Disconnecting: PlayerID: 76561199074224396 Name: JACK THE RIPPER Character: reaper
[12/27/2022 11:40:53 PM] [Info] BattlEye Server: Player #0 JACK THE RIPPER disconnected
[12/27/2022 11:40:53 PM] [Info] BattlEye Server: Master query timed out, no response from BE Master
[12/27/2022 11:41:29 PM] [Info] BattlEye Server: Player #0 JACK THE RIPPER (108.90.241.159:64963) connected
[12/27/2022 11:41:29 PM] [Info] BattlEye Server: Player #0 JACK THE RIPPER - BE GUID: 0b39942d7d9a57c3719c1f802044c592
[12/27/2022 11:41:31 PM] [Info] Connecting: PlayerID: 76561199074224396 Name: JACK THE RIPPER Character: reaper
[12/27/2022 11:41:31 PM] [Info] BattlEye Server: Connected to BE Master
[12/27/2022 11:41:37 PM] [Info] [World] reaper [JACK THE RIPPER]: "/god"
[12/27/2022 11:41:59 PM] [Error] Failed to find anyone called reaper seattle.
[12/27/2022 11:45:52 PM] [Info] [World] reaper [JACK THE RIPPER]: "/god"
[12/27/2022 11:45:54 PM] [Info] reaper [JACK THE RIPPER] killed themself.
[12/27/2022 11:46:04 PM] [Info] [World] reaper [JACK THE RIPPER]: "/v 34"
[12/27/2022 11:46:08 PM] [Info] [World] reaper [JACK THE RIPPER]: "/god"
[12/27/2022 11:50:41 PM] [Info] [World] reaper [JACK THE RIPPER]: "/i 1441"
[12/27/2022 11:50:44 PM] [Info] [World] reaper [JACK THE RIPPER]: "/i 1443 10"
[12/27/2022 11:51:08 PM] [Info] [World] reaper [JACK THE RIPPER]: "/day"
[12/27/2022 11:51:08 PM] [Info] Successfully set time to day!
[12/28/2022 12:10:45 AM] [Info] [World] reaper [JACK THE RIPPER]: "/god"
[12/28/2022 12:10:48 AM] [Info] reaper [JACK THE RIPPER] killed themself.
[12/28/2022 12:12:38 AM] [Info] [World] reaper [JACK THE RIPPER]: "/teleport reaper"
[12/28/2022 12:12:38 AM] [Info] Successfully teleported JACK THE RIPPER to JACK THE RIPPER!
[12/28/2022 12:13:31 AM] [Info] Disconnecting: PlayerID: 76561199074224396 Name: JACK THE RIPPER Character: reaper
[12/28/2022 12:13:31 AM] [Info] BattlEye Server: Player #0 JACK THE RIPPER disconnected
[12/28/2022 2:51:21 AM] [Info] BattlEye Server: Failed to receive from BE Master (10054)
[12/28/2022 2:51:21 AM] [Info] BattlEye Server: Disconnected from BE Master
[12/28/2022 2:51:32 AM] [Info] Lost connection to Steam servers because k_EResultNoConnection
[12/28/2022 3:21:04 AM] [Info] Lost connection to Steam servers because k_EResultNoConnection
[12/28/2022 3:21:04 AM] [Info] Failed to connect to Steam servers because k_EResultNoConnection, still retrying
[12/28/2022 6:22:56 AM] [Info] Lost connection to Steam servers because k_EResultNoConnection
[12/28/2022 9:08:53 AM] [Info] Lost connection to Steam servers because k_EResultNoConnection
[12/28/2022 9:38:15 AM] [Info] 
[unloading] InfiniteEnergy
