[1/18/2023 10:16:52 PM] [Info] Steam servers ready!
[1/18/2023 10:16:53 PM] [Info] Workshop install folder: C:\Program Files (x86)\Steam\steamapps\common\U3DS/Servers/LFO/Workshop/Steam
[1/18/2023 10:16:53 PM] [Info] 2 workshop item(s) requested
[1/18/2023 10:16:53 PM] [Info] Submitting workshop query for 2 item(s)...
[1/18/2023 10:16:53 PM] [Info] Workshop query yielded 2 result(s)
[1/18/2023 10:16:53 PM] [Info] This server's allowed IP for Workshop downloads: 73.253.101.49
[1/18/2023 10:16:53 PM] [Info] 2899517511 'LFO Mods' has 9 children
[1/18/2023 10:16:53 PM] [Info] 	1232252658
[1/18/2023 10:16:53 PM] [Info] 	2069342497
[1/18/2023 10:16:53 PM] [Info] 	1717095606
[1/18/2023 10:16:53 PM] [Info] 	1909152337
[1/18/2023 10:16:53 PM] [Info] 	2480988643
[1/18/2023 10:16:53 PM] [Info] 	2683620106 (already queued)
[1/18/2023 10:16:53 PM] [Info] 	2133808330
[1/18/2023 10:16:53 PM] [Info] 	1727733956
[1/18/2023 10:16:53 PM] [Info] 	2363811642
[1/18/2023 10:16:53 PM] [Info] 2683620106 'Arid' queued for download
[1/18/2023 10:16:53 PM] [Info] Submitting workshop query for 8 item(s)...
[1/18/2023 10:16:53 PM] [Info] Workshop query yielded 8 result(s)
[1/18/2023 10:16:53 PM] [Info] This server's allowed IP for Workshop downloads: 73.253.101.49
[1/18/2023 10:16:53 PM] [Info] 1232252658 'More Farming Mod' queued for download
