[4/13/2023 9:39:03 AM] [Info] [registered] /more (Rocket.Unturned.Commands.CommandMore/more)
[4/13/2023 9:39:03 AM] [Info] [registered] /admin (Rocket.Unturned.Commands.CommandAdmin/admin)
[4/13/2023 9:39:03 AM] [Info] [registered] /broadcast (Rocket.Unturned.Commands.CommandBroadcast/broadcast)
[4/13/2023 9:39:03 AM] [Info] [registered] /compass (Rocket.Unturned.Commands.CommandCompass/compass)
[4/13/2023 9:39:03 AM] [Info] [registered] /effect (Rocket.Unturned.Commands.CommandEffect/effect)
[4/13/2023 9:39:03 AM] [Info] [registered] /exit (Rocket.Unturned.Commands.CommandExit/exit)
[4/13/2023 9:39:03 AM] [Info] [registered] /god (Rocket.Unturned.Commands.CommandGod/god)
[4/13/2023 9:39:03 AM] [Info] [registered] /heal (Rocket.Unturned.Commands.CommandHeal/heal)
[4/13/2023 9:39:03 AM] [Info] [registered] /help (Rocket.Unturned.Commands.CommandHelp/help)
[4/13/2023 9:39:03 AM] [Info] [registered] /i (Rocket.Unturned.Commands.CommandI/i)
[4/13/2023 9:39:03 AM] [Info] [registered] /item (Rocket.Unturned.Commands.CommandI/item)
[4/13/2023 9:39:03 AM] [Info] [registered] /investigate (Rocket.Unturned.Commands.CommandInvestigate/investigate)
[4/13/2023 9:39:03 AM] [Info] [registered] /p (Rocket.Unturned.Commands.CommandP/p)
[4/13/2023 9:39:03 AM] [Info] [registered] /permissions (Rocket.Unturned.Commands.CommandP/permissions)
[4/13/2023 9:39:03 AM] [Info] [registered] /rocket (Rocket.Unturned.Commands.CommandRocket/rocket)
[4/13/2023 9:39:03 AM] [Info] [registered] /tp (Rocket.Unturned.Commands.CommandTp/tp)
[4/13/2023 9:39:03 AM] [Info] [registered] /tphere (Rocket.Unturned.Commands.CommandTphere/tphere)
[4/13/2023 9:39:03 AM] [Info] [registered] /unadmin (Rocket.Unturned.Commands.CommandUnadmin/unadmin)
[4/13/2023 9:39:03 AM] [Info] [registered] /v (Rocket.Unturned.Commands.CommandV/v)
[4/13/2023 9:39:03 AM] [Info] [registered] /vanish (Rocket.Unturned.Commands.CommandVanish/vanish)
[4/13/2023 9:39:03 AM] [Info] This server will automatically save every 1800 seconds
[4/13/2023 9:39:05 AM] [Info] Steam servers ready!
[4/13/2023 9:39:05 AM] [Info] Workshop install folder: D:\Steam\steamapps\common\U3DS/Servers/LFO/Workshop/Steam
[4/13/2023 9:39:05 AM] [Info] 10 workshop item(s) requested
[4/13/2023 9:39:05 AM] [Info] Submitting workshop query for 10 item(s)...
[4/13/2023 9:39:05 AM] [Info] Workshop query yielded 10 result(s)
[4/13/2023 9:39:14 AM] [Info] This server's allowed IP for Workshop downloads: 50.235.87.42
[4/13/2023 9:39:14 AM] [Info] 877777769 'Furniture Expansion' queued for download
[4/13/2023 9:39:14 AM] [Info] 1717095606 'Creator Tools' queued for download
[4/13/2023 9:39:14 AM] [Info] Authorized to download 2069342497 'Survivor's Expansion'
[4/13/2023 9:39:14 AM] [Info] 2069342497 'Survivor's Expansion' queued for download
[4/13/2023 9:39:14 AM] [Info] 2133808330 'Music Remaster 3.0' queued for download
[4/13/2023 9:39:14 AM] [Info] 1232252658 'More Farming Mod' queued for download
[4/13/2023 9:39:14 AM] [Info] 1909152337 'California Assets' queued for download
[4/13/2023 9:39:14 AM] [Info] Authorized to download 2802239233 'UDarkRP Vehicles'
[4/13/2023 9:39:14 AM] [Info] 2802239233 'UDarkRP Vehicles' queued for download
[4/13/2023 9:39:14 AM] [Info] 2683620106 'Arid' queued for download
[4/13/2023 9:39:14 AM] [Info] 2839462324 'Uncreated Content' queued for download
[4/13/2023 9:39:14 AM] [Info] 1727733956 'Pento's Tactical Apparel' queued for download
[4/13/2023 9:39:14 AM] [Info] 10 workshop item(s) to download...
[4/13/2023 9:39:14 AM] [Info] Downloading workshop item: 877777769
[4/13/2023 9:39:14 AM] [Info] Successfully downloaded workshop item: 877777769
[4/13/2023 9:39:14 AM] [Info] Installing workshop item: 877777769
[4/13/2023 9:39:17 AM] [Info] Installed workshop item: 877777769
[4/13/2023 9:39:17 AM] [Info] Downloading workshop item: 1717095606
[4/13/2023 9:39:17 AM] [Info] Successfully downloaded workshop item: 1717095606
[4/13/2023 9:39:17 AM] [Info] Installing workshop item: 1717095606
[4/13/2023 9:39:36 AM] [Info] Installed workshop item: 1717095606
[4/13/2023 9:39:36 AM] [Info] Downloading workshop item: 2069342497
[4/13/2023 9:39:36 AM] [Info] Successfully downloaded workshop item: 2069342497
[4/13/2023 9:39:36 AM] [Info] Installing workshop item: 2069342497
[4/13/2023 9:42:14 AM] [Info] Installed workshop item: 2069342497
[4/13/2023 9:42:14 AM] [Info] Downloading workshop item: 2133808330
[4/13/2023 9:42:14 AM] [Info] Successfully downloaded workshop item: 2133808330
[4/13/2023 9:42:14 AM] [Info] Installing workshop item: 2133808330
[4/13/2023 9:43:31 AM] [Info] Installed workshop item: 2133808330
[4/13/2023 9:43:31 AM] [Info] Downloading workshop item: 1232252658
[4/13/2023 9:43:31 AM] [Info] Successfully downloaded workshop item: 1232252658
[4/13/2023 9:43:31 AM] [Info] Installing workshop item: 1232252658
[4/13/2023 9:44:03 AM] [Info] Installed workshop item: 1232252658
[4/13/2023 9:44:03 AM] [Info] Downloading workshop item: 1909152337
[4/13/2023 9:44:03 AM] [Info] Successfully downloaded workshop item: 1909152337
[4/13/2023 9:44:03 AM] [Info] Installing workshop item: 1909152337
[4/13/2023 9:44:14 AM] [Info] Installed workshop item: 1909152337
[4/13/2023 9:44:15 AM] [Info] Downloading workshop item: 2802239233
[4/13/2023 9:44:15 AM] [Info] Successfully downloaded workshop item: 2802239233
[4/13/2023 9:44:15 AM] [Info] Installing workshop item: 2802239233
