[3/27/2023 8:40:18 PM] [Info] Steam servers ready!
[3/27/2023 8:40:19 PM] [Info] Workshop install folder: C:\Program Files (x86)\Steam\steamapps\common\U3DS/Servers/LFO/Workshop/Steam
[3/27/2023 8:40:19 PM] [Info] 10 workshop item(s) requested
[3/27/2023 8:40:19 PM] [Info] Submitting workshop query for 10 item(s)...
[3/27/2023 8:40:19 PM] [Info] Workshop query yielded 10 result(s)
[3/27/2023 8:40:19 PM] [Info] This server's allowed IP for Workshop downloads: 73.253.101.49
[3/27/2023 8:41:25 PM] [Info] 877777769 'Furniture Expansion' queued for download
[3/27/2023 8:41:25 PM] [Info] 1717095606 'Creator Tools' queued for download
[3/27/2023 8:41:25 PM] [Info] Authorized to download 2069342497 'Survivor's Expansion'
[3/27/2023 8:41:25 PM] [Info] 2069342497 'Survivor's Expansion' queued for download
[3/27/2023 8:41:25 PM] [Info] 2133808330 'Music Remaster 3.0' queued for download
[3/27/2023 8:41:25 PM] [Info] 1232252658 'More Farming Mod' queued for download
[3/27/2023 8:41:25 PM] [Info] 1909152337 'California Assets' queued for download
[3/27/2023 8:41:25 PM] [Info] Authorized to download 2802239233 'UDarkRP Vehicles'
[3/27/2023 8:41:25 PM] [Info] 2802239233 'UDarkRP Vehicles' queued for download
[3/27/2023 8:41:25 PM] [Info] 2683620106 'Arid' queued for download
[3/27/2023 8:41:25 PM] [Info] 2839462324 'Uncreated Content' queued for download
[3/27/2023 8:41:25 PM] [Info] 1727733956 'Pento's Tactical Apparel' queued for download
[3/27/2023 8:41:25 PM] [Info] 10 workshop item(s) to download...
[3/27/2023 8:41:25 PM] [Info] Workshop item found in cache: 877777769
[3/27/2023 8:41:25 PM] [Info] Installing workshop item: 877777769
[3/27/2023 8:41:25 PM] [Info] Installed workshop item: 877777769
[3/27/2023 8:41:25 PM] [Info] Workshop item found in cache: 1717095606
[3/27/2023 8:41:25 PM] [Info] Installing workshop item: 1717095606
[3/27/2023 8:41:25 PM] [Info] Installed workshop item: 1717095606
[3/27/2023 8:41:25 PM] [Info] Workshop item found in cache: 2069342497
[3/27/2023 8:41:25 PM] [Info] Installing workshop item: 2069342497
[3/27/2023 8:41:25 PM] [Info] Installed workshop item: 2069342497
[3/27/2023 8:41:25 PM] [Info] Workshop item found in cache: 2133808330
[3/27/2023 8:41:25 PM] [Info] Installing workshop item: 2133808330
[3/27/2023 8:41:25 PM] [Info] Installed workshop item: 2133808330
[3/27/2023 8:41:25 PM] [Info] Workshop item found in cache: 1232252658
[3/27/2023 8:41:25 PM] [Info] Installing workshop item: 1232252658
[3/27/2023 8:41:25 PM] [Info] Installed workshop item: 1232252658
[3/27/2023 8:41:25 PM] [Info] Workshop item found in cache: 1909152337
[3/27/2023 8:41:25 PM] [Info] Installing workshop item: 1909152337
[3/27/2023 8:41:25 PM] [Info] Installed workshop item: 1909152337
[3/27/2023 8:41:25 PM] [Info] Workshop item found in cache: 2802239233
[3/27/2023 8:41:25 PM] [Info] Installing workshop item: 2802239233
[3/27/2023 8:41:25 PM] [Info] Installed workshop item: 2802239233
[3/27/2023 8:41:25 PM] [Info] Workshop item found in cache: 2683620106
[3/27/2023 8:41:25 PM] [Info] Installing workshop item: 2683620106
[3/27/2023 8:41:25 PM] [Info] Installed workshop item: 2683620106
[3/27/2023 8:41:25 PM] [Info] Workshop item found in cache: 2839462324
[3/27/2023 8:41:25 PM] [Info] Installing workshop item: 2839462324
[3/27/2023 8:41:25 PM] [Error] Exception has been thrown by the target of an invocation.
[3/27/2023 8:41:25 PM] [Error]   at System.Reflection.MonoCMethod.InternalInvoke (System.Object obj, System.Object[] parameters) [0x00014] in <695d1cc93cca45069c528c15c9fdd749>:0 
  at System.Reflection.MonoCMethod.DoInvoke (System.Object obj, System.Reflection.BindingFlags invokeAttr, System.Reflection.Binder binder, System.Object[] parameters, System.Globalization.CultureInfo culture) [0x0007a] in <695d1cc93cca45069c528c15c9fdd749>:0 
  at System.Reflection.MonoCMethod.Invoke (System.Reflection.BindingFlags invokeAttr, System.Reflection.Binder binder, System.Object[] parameters, System.Globalization.CultureInfo culture) [0x00000] in <695d1cc93cca45069c528c15c9fdd749>:0 
  at System.RuntimeType.CreateInstanceImpl (System.Reflection.BindingFlags bindingAttr, System.Reflection.Binder binder, System.Object[] args, System.Globalization.CultureInfo culture, System.Object[] activationAttributes, System.Threading.StackCrawlMark& stackMark) [0x00213] in <695d1cc93cca45069c528c15c9fdd749>:0 
  at System.Activator.CreateInstance (System.Type type, System.Reflection.BindingFlags bindingAttr, System.Reflection.Binder binder, System.Object[] args, System.Globalization.CultureInfo culture, System.Object[] activationAttributes) [0x00095] in <695d1cc93cca45069c528c15c9fdd749>:0 
  at System.Activator.CreateInstance (System.Type type, System.Object[] args) [0x00000] in <695d1cc93cca45069c528c15c9fdd749>:0 
  at SDG.Unturned.Assets.loadFile (SDG.Unturned.Assets+ScannedFileInfo file) [0x0051e] in <dd047bbdb659430bbea6ac404d09c571>:0 
[3/27/2023 8:41:25 PM] [Error] Missing effect gameobject
[3/27/2023 8:41:25 PM] [Error]   at SDG.Unturned.EffectAsset..ctor (SDG.Unturned.Bundle bundle, SDG.Unturned.Data data, SDG.Unturned.Local localization, System.UInt16 id) [0x00053] in <dd047bbdb659430bbea6ac404d09c571>:0 
  at (wrapper managed-to-native) System.Reflection.MonoCMethod.InternalInvoke(System.Reflection.MonoCMethod,object,object[],System.Exception&)
  at System.Reflection.MonoCMethod.InternalInvoke (System.Object obj, System.Object[] parameters) [0x00002] in <695d1cc93cca45069c528c15c9fdd749>:0 
[3/27/2023 8:41:25 PM] [Error] Exception has been thrown by the target of an invocation.
[3/27/2023 8:41:25 PM] [Error]   at System.Reflection.MonoCMethod.InternalInvoke (System.Object obj, System.Object[] parameters) [0x00014] in <695d1cc93cca45069c528c15c9fdd749>:0 
  at System.Reflection.MonoCMethod.DoInvoke (System.Object obj, System.Reflection.BindingFlags invokeAttr, System.Reflection.Binder binder, System.Object[] parameters, System.Globalization.CultureInfo culture) [0x0007a] in <695d1cc93cca45069c528c15c9fdd749>:0 
  at System.Reflection.MonoCMethod.Invoke (System.Reflection.BindingFlags invokeAttr, System.Reflection.Binder binder, System.Object[] parameters, System.Globalization.CultureInfo culture) [0x00000] in <695d1cc93cca45069c528c15c9fdd749>:0 
  at System.RuntimeType.CreateInstanceImpl (System.Reflection.BindingFlags bindingAttr, System.Reflection.Binder binder, System.Object[] args, System.Globalization.CultureInfo culture, System.Object[] activationAttributes, System.Threading.StackCrawlMark& stackMark) [0x00213] in <695d1cc93cca45069c528c15c9fdd749>:0 
  at System.Activator.CreateInstance (System.Type type, System.Reflection.BindingFlags bindingAttr, System.Reflection.Binder binder, System.Object[] args, System.Globalization.CultureInfo culture, System.Object[] activationAttributes) [0x00095] in <695d1cc93cca45069c528c15c9fdd749>:0 
  at System.Activator.CreateInstance (System.Type type, System.Object[] args) [0x00000] in <695d1cc93cca45069c528c15c9fdd749>:0 
  at SDG.Unturned.Assets.loadFile (SDG.Unturned.Assets+ScannedFileInfo file) [0x0051e] in <dd047bbdb659430bbea6ac404d09c571>:0 
[3/27/2023 8:41:25 PM] [Error] Missing effect gameobject
[3/27/2023 8:41:25 PM] [Error]   at SDG.Unturned.EffectAsset..ctor (SDG.Unturned.Bundle bundle, SDG.Unturned.Data data, SDG.Unturned.Local localization, System.UInt16 id) [0x00053] in <dd047bbdb659430bbea6ac404d09c571>:0 
  at (wrapper managed-to-native) System.Reflection.MonoCMethod.InternalInvoke(System.Reflection.MonoCMethod,object,object[],System.Exception&)
  at System.Reflection.MonoCMethod.InternalInvoke (System.Object obj, System.Object[] parameters) [0x00002] in <695d1cc93cca45069c528c15c9fdd749>:0 
[3/27/2023 8:41:25 PM] [Error] Exception has been thrown by the target of an invocation.
[3/27/2023 8:41:25 PM] [Error]   at System.Reflection.MonoCMethod.InternalInvoke (System.Object obj, System.Object[] parameters) [0x00014] in <695d1cc93cca45069c528c15c9fdd749>:0 
  at System.Reflection.MonoCMethod.DoInvoke (System.Object obj, System.Reflection.BindingFlags invokeAttr, System.Reflection.Binder binder, System.Object[] parameters, System.Globalization.CultureInfo culture) [0x0007a] in <695d1cc93cca45069c528c15c9fdd749>:0 
  at System.Reflection.MonoCMethod.Invoke (System.Reflection.BindingFlags invokeAttr, System.Reflection.Binder binder, System.Object[] parameters, System.Globalization.CultureInfo culture) [0x00000] in <695d1cc93cca45069c528c15c9fdd749>:0 
  at System.RuntimeType.CreateInstanceImpl (System.Reflection.BindingFlags bindingAttr, System.Reflection.Binder binder, System.Object[] args, System.Globalization.CultureInfo culture, System.Object[] activationAttributes, System.Threading.StackCrawlMark& stackMark) [0x00213] in <695d1cc93cca45069c528c15c9fdd749>:0 
  at System.Activator.CreateInstance (System.Type type, System.Reflection.BindingFlags bindingAttr, System.Reflection.Binder binder, System.Object[] args, System.Globalization.CultureInfo culture, System.Object[] activationAttributes) [0x00095] in <695d1cc93cca45069c528c15c9fdd749>:0 
  at System.Activator.CreateInstance (System.Type type, System.Object[] args) [0x00000] in <695d1cc93cca45069c528c15c9fdd749>:0 
  at SDG.Unturned.Assets.loadFile (SDG.Unturned.Assets+ScannedFileInfo file) [0x0051e] in <dd047bbdb659430bbea6ac404d09c571>:0 
[3/27/2023 8:41:25 PM] [Error] Missing effect gameobject
[3/27/2023 8:41:25 PM] [Error]   at SDG.Unturned.EffectAsset..ctor (SDG.Unturned.Bundle bundle, SDG.Unturned.Data data, SDG.Unturned.Local localization, System.UInt16 id) [0x00053] in <dd047bbdb659430bbea6ac404d09c571>:0 
  at (wrapper managed-to-native) System.Reflection.MonoCMethod.InternalInvoke(System.Reflection.MonoCMethod,object,object[],System.Exception&)
  at System.Reflection.MonoCMethod.InternalInvoke (System.Object obj, System.Object[] parameters) [0x00002] in <695d1cc93cca45069c528c15c9fdd749>:0 
[3/27/2023 8:41:25 PM] [Error] Exception has been thrown by the target of an invocation.
[3/27/2023 8:41:25 PM] [Error]   at System.Reflection.MonoCMethod.InternalInvoke (System.Object obj, System.Object[] parameters) [0x00014] in <695d1cc93cca45069c528c15c9fdd749>:0 
  at System.Reflection.MonoCMethod.DoInvoke (System.Object obj, System.Reflection.BindingFlags invokeAttr, System.Reflection.Binder binder, System.Object[] parameters, System.Globalization.CultureInfo culture) [0x0007a] in <695d1cc93cca45069c528c15c9fdd749>:0 
  at System.Reflection.MonoCMethod.Invoke (System.Reflection.BindingFlags invokeAttr, System.Reflection.Binder binder, System.Object[] parameters, System.Globalization.CultureInfo culture) [0x00000] in <695d1cc93cca45069c528c15c9fdd749>:0 
  at System.RuntimeType.CreateInstanceImpl (System.Reflection.BindingFlags bindingAttr, System.Reflection.Binder binder, System.Object[] args, System.Globalization.CultureInfo culture, System.Object[] activationAttributes, System.Threading.StackCrawlMark& stackMark) [0x00213] in <695d1cc93cca45069c528c15c9fdd749>:0 
  at System.Activator.CreateInstance (System.Type type, System.Reflection.BindingFlags bindingAttr, System.Reflection.Binder binder, System.Object[] args, System.Globalization.CultureInfo culture, System.Object[] activationAttributes) [0x00095] in <695d1cc93cca45069c528c15c9fdd749>:0 
  at System.Activator.CreateInstance (System.Type type, System.Object[] args) [0x00000] in <695d1cc93cca45069c528c15c9fdd749>:0 
  at SDG.Unturned.Assets.loadFile (SDG.Unturned.Assets+ScannedFileInfo file) [0x0051e] in <dd047bbdb659430bbea6ac404d09c571>:0 
[3/27/2023 8:41:25 PM] [Error] Missing effect gameobject
[3/27/2023 8:41:25 PM] [Error]   at SDG.Unturned.EffectAsset..ctor (SDG.Unturned.Bundle bundle, SDG.Unturned.Data data, SDG.Unturned.Local localization, System.UInt16 id) [0x00053] in <dd047bbdb659430bbea6ac404d09c571>:0 
  at (wrapper managed-to-native) System.Reflection.MonoCMethod.InternalInvoke(System.Reflection.MonoCMethod,object,object[],System.Exception&)
  at System.Reflection.MonoCMethod.InternalInvoke (System.Object obj, System.Object[] parameters) [0x00002] in <695d1cc93cca45069c528c15c9fdd749>:0 
[3/27/2023 8:41:25 PM] [Error] Exception has been thrown by the target of an invocation.
[3/27/2023 8:41:25 PM] [Error]   at System.Reflection.MonoCMethod.InternalInvoke (System.Object obj, System.Object[] parameters) [0x00014] in <695d1cc93cca45069c528c15c9fdd749>:0 
  at System.Reflection.MonoCMethod.DoInvoke (System.Object obj, System.Reflection.BindingFlags invokeAttr, System.Reflection.Binder binder, System.Object[] parameters, System.Globalization.CultureInfo culture) [0x0007a] in <695d1cc93cca45069c528c15c9fdd749>:0 
  at System.Reflection.MonoCMethod.Invoke (System.Reflection.BindingFlags invokeAttr, System.Reflection.Binder binder, System.Object[] parameters, System.Globalization.CultureInfo culture) [0x00000] in <695d1cc93cca45069c528c15c9fdd749>:0 
  at System.RuntimeType.CreateInstanceImpl (System.Reflection.BindingFlags bindingAttr, System.Reflection.Binder binder, System.Object[] args, System.Globalization.CultureInfo culture, System.Object[] activationAttributes, System.Threading.StackCrawlMark& stackMark) [0x00213] in <695d1cc93cca45069c528c15c9fdd749>:0 
  at System.Activator.CreateInstance (System.Type type, System.Reflection.BindingFlags bindingAttr, System.Reflection.Binder binder, System.Object[] args, System.Globalization.CultureInfo culture, System.Object[] activationAttributes) [0x00095] in <695d1cc93cca45069c528c15c9fdd749>:0 
  at System.Activator.CreateInstance (System.Type type, System.Object[] args) [0x00000] in <695d1cc93cca45069c528c15c9fdd749>:0 
  at SDG.Unturned.Assets.loadFile (SDG.Unturned.Assets+ScannedFileInfo file) [0x0051e] in <dd047bbdb659430bbea6ac404d09c571>:0 
[3/27/2023 8:41:25 PM] [Error] Missing effect gameobject
[3/27/2023 8:41:25 PM] [Error]   at SDG.Unturned.EffectAsset..ctor (SDG.Unturned.Bundle bundle, SDG.Unturned.Data data, SDG.Unturned.Local localization, System.UInt16 id) [0x00053] in <dd047bbdb659430bbea6ac404d09c571>:0 
  at (wrapper managed-to-native) System.Reflection.MonoCMethod.InternalInvoke(System.Reflection.MonoCMethod,object,object[],System.Exception&)
  at System.Reflection.MonoCMethod.InternalInvoke (System.Object obj, System.Object[] parameters) [0x00002] in <695d1cc93cca45069c528c15c9fdd749>:0 
[3/27/2023 8:41:25 PM] [Error] Exception has been thrown by the target of an invocation.
[3/27/2023 8:41:25 PM] [Error]   at System.Reflection.MonoCMethod.InternalInvoke (System.Object obj, System.Object[] parameters) [0x00014] in <695d1cc93cca45069c528c15c9fdd749>:0 
  at System.Reflection.MonoCMethod.DoInvoke (System.Object obj, System.Reflection.BindingFlags invokeAttr, System.Reflection.Binder binder, System.Object[] parameters, System.Globalization.CultureInfo culture) [0x0007a] in <695d1cc93cca45069c528c15c9fdd749>:0 
  at System.Reflection.MonoCMethod.Invoke (System.Reflection.BindingFlags invokeAttr, System.Reflection.Binder binder, System.Object[] parameters, System.Globalization.CultureInfo culture) [0x00000] in <695d1cc93cca45069c528c15c9fdd749>:0 
  at System.RuntimeType.CreateInstanceImpl (System.Reflection.BindingFlags bindingAttr, System.Reflection.Binder binder, System.Object[] args, System.Globalization.CultureInfo culture, System.Object[] activationAttributes, System.Threading.StackCrawlMark& stackMark) [0x00213] in <695d1cc93cca45069c528c15c9fdd749>:0 
  at System.Activator.CreateInstance (System.Type type, System.Reflection.BindingFlags bindingAttr, System.Reflection.Binder binder, System.Object[] args, System.Globalization.CultureInfo culture, System.Object[] activationAttributes) [0x00095] in <695d1cc93cca45069c528c15c9fdd749>:0 
  at System.Activator.CreateInstance (System.Type type, System.Object[] args) [0x00000] in <695d1cc93cca45069c528c15c9fdd749>:0 
  at SDG.Unturned.Assets.loadFile (SDG.Unturned.Assets+ScannedFileInfo file) [0x0051e] in <dd047bbdb659430bbea6ac404d09c571>:0 
[3/27/2023 8:41:25 PM] [Error] Missing effect gameobject
[3/27/2023 8:41:25 PM] [Error]   at SDG.Unturned.EffectAsset..ctor (SDG.Unturned.Bundle bundle, SDG.Unturned.Data data, SDG.Unturned.Local localization, System.UInt16 id) [0x00053] in <dd047bbdb659430bbea6ac404d09c571>:0 
  at (wrapper managed-to-native) System.Reflection.MonoCMethod.InternalInvoke(System.Reflection.MonoCMethod,object,object[],System.Exception&)
  at System.Reflection.MonoCMethod.InternalInvoke (System.Object obj, System.Object[] parameters) [0x00002] in <695d1cc93cca45069c528c15c9fdd749>:0 
[3/27/2023 8:41:25 PM] [Error] Exception has been thrown by the target of an invocation.
[3/27/2023 8:41:25 PM] [Error]   at System.Reflection.MonoCMethod.InternalInvoke (System.Object obj, System.Object[] parameters) [0x00014] in <695d1cc93cca45069c528c15c9fdd749>:0 
  at System.Reflection.MonoCMethod.DoInvoke (System.Object obj, System.Reflection.BindingFlags invokeAttr, System.Reflection.Binder binder, System.Object[] parameters, System.Globalization.CultureInfo culture) [0x0007a] in <695d1cc93cca45069c528c15c9fdd749>:0 
  at System.Reflection.MonoCMethod.Invoke (System.Reflection.BindingFlags invokeAttr, System.Reflection.Binder binder, System.Object[] parameters, System.Globalization.CultureInfo culture) [0x00000] in <695d1cc93cca45069c528c15c9fdd749>:0 
  at System.RuntimeType.CreateInstanceImpl (System.Reflection.BindingFlags bindingAttr, System.Reflection.Binder binder, System.Object[] args, System.Globalization.CultureInfo culture, System.Object[] activationAttributes, System.Threading.StackCrawlMark& stackMark) [0x00213] in <695d1cc93cca45069c528c15c9fdd749>:0 
  at System.Activator.CreateInstance (System.Type type, System.Reflection.BindingFlags bindingAttr, System.Reflection.Binder binder, System.Object[] args, System.Globalization.CultureInfo culture, System.Object[] activationAttributes) [0x00095] in <695d1cc93cca45069c528c15c9fdd749>:0 
  at System.Activator.CreateInstance (System.Type type, System.Object[] args) [0x00000] in <695d1cc93cca45069c528c15c9fdd749>:0 
  at SDG.Unturned.Assets.loadFile (SDG.Unturned.Assets+ScannedFileInfo file) [0x0051e] in <dd047bbdb659430bbea6ac404d09c571>:0 
[3/27/2023 8:41:25 PM] [Error] Missing effect gameobject
[3/27/2023 8:41:25 PM] [Error]   at SDG.Unturned.EffectAsset..ctor (SDG.Unturned.Bundle bundle, SDG.Unturned.Data data, SDG.Unturned.Local localization, System.UInt16 id) [0x00053] in <dd047bbdb659430bbea6ac404d09c571>:0 
  at (wrapper managed-to-native) System.Reflection.MonoCMethod.InternalInvoke(System.Reflection.MonoCMethod,object,object[],System.Exception&)
  at System.Reflection.MonoCMethod.InternalInvoke (System.Object obj, System.Object[] parameters) [0x00002] in <695d1cc93cca45069c528c15c9fdd749>:0 
[3/27/2023 8:41:25 PM] [Error] Exception has been thrown by the target of an invocation.
[3/27/2023 8:41:25 PM] [Error]   at System.Reflection.MonoCMethod.InternalInvoke (System.Object obj, System.Object[] parameters) [0x00014] in <695d1cc93cca45069c528c15c9fdd749>:0 
  at System.Reflection.MonoCMethod.DoInvoke (System.Object obj, System.Reflection.BindingFlags invokeAttr, System.Reflection.Binder binder, System.Object[] parameters, System.Globalization.CultureInfo culture) [0x0007a] in <695d1cc93cca45069c528c15c9fdd749>:0 
  at System.Reflection.MonoCMethod.Invoke (System.Reflection.BindingFlags invokeAttr, System.Reflection.Binder binder, System.Object[] parameters, System.Globalization.CultureInfo culture) [0x00000] in <695d1cc93cca45069c528c15c9fdd749>:0 
  at System.RuntimeType.CreateInstanceImpl (System.Reflection.BindingFlags bindingAttr, System.Reflection.Binder binder, System.Object[] args, System.Globalization.CultureInfo culture, System.Object[] activationAttributes, System.Threading.StackCrawlMark& stackMark) [0x00213] in <695d1cc93cca45069c528c15c9fdd749>:0 
  at System.Activator.CreateInstance (System.Type type, System.Reflection.BindingFlags bindingAttr, System.Reflection.Binder binder, System.Object[] args, System.Globalization.CultureInfo culture, System.Object[] activationAttributes) [0x00095] in <695d1cc93cca45069c528c15c9fdd749>:0 
  at System.Activator.CreateInstance (System.Type type, System.Object[] args) [0x00000] in <695d1cc93cca45069c528c15c9fdd749>:0 
  at SDG.Unturned.Assets.loadFile (SDG.Unturned.Assets+ScannedFileInfo file) [0x0051e] in <dd047bbdb659430bbea6ac404d09c571>:0 
[3/27/2023 8:41:25 PM] [Error] Missing effect gameobject
[3/27/2023 8:41:25 PM] [Error]   at SDG.Unturned.EffectAsset..ctor (SDG.Unturned.Bundle bundle, SDG.Unturned.Data data, SDG.Unturned.Local localization, System.UInt16 id) [0x00053] in <dd047bbdb659430bbea6ac404d09c571>:0 
  at (wrapper managed-to-native) System.Reflection.MonoCMethod.InternalInvoke(System.Reflection.MonoCMethod,object,object[],System.Exception&)
  at System.Reflection.MonoCMethod.InternalInvoke (System.Object obj, System.Object[] parameters) [0x00002] in <695d1cc93cca45069c528c15c9fdd749>:0 
[3/27/2023 8:41:25 PM] [Info] Installed workshop item: 2839462324
[3/27/2023 8:41:25 PM] [Info] Workshop item found in cache: 1727733956
[3/27/2023 8:41:25 PM] [Info] Installing workshop item: 1727733956
[3/27/2023 8:41:25 PM] [Info] Installed workshop item: 1727733956
[3/27/2023 8:41:25 PM] [Info] Loading level: 8%
[3/27/2023 8:41:27 PM] [Info] Loading level: 16%
[3/27/2023 8:41:29 PM] [Info] Loading level: 25%
[3/27/2023 8:41:29 PM] [Info] Loading level: 33%
[3/27/2023 8:41:29 PM] [Info] Loading level: 41%
[3/27/2023 8:41:29 PM] [Info] Loading level: 50%
[3/27/2023 8:41:29 PM] [Info] Loading level: 58%
[3/27/2023 8:41:29 PM] [Info] Loading level: 66%
[3/27/2023 8:41:29 PM] [Info] Loading level: 75%
[3/27/2023 8:41:29 PM] [Info] Loading level: 83%
[3/27/2023 8:41:29 PM] [Info] Loading level: 91%
[3/27/2023 8:41:29 PM] [Info] Loading level: 100%
[3/27/2023 8:41:37 PM] [Error] Failed to generate an item with ID 31368 from type Military_Low_Peaks [2]
[3/27/2023 8:41:37 PM] [Error] Failed to generate an item with ID 31368 from type Coalition_High_Peaks [29]
[3/27/2023 8:41:37 PM] [Error] Failed to generate an item with ID 31368 from type Coalition_Low_Peaks [28]
[3/27/2023 8:41:37 PM] [Error] Failed to generate an item with ID 31368 from type Police_High_Peaks [1]
[3/27/2023 8:42:30 PM] [Info] BattlEye Server: Player #0 Shake (73.253.101.49:61590) connected
[3/27/2023 8:42:30 PM] [Info] BattlEye Server: Player #0 Shake - BE GUID: f4abbf8aa333c3b24b5656c70080f342
[3/27/2023 8:42:30 PM] [Info] Connecting: PlayerID: 76561199035738472 Name: Shake Character: Shake
[3/27/2023 8:42:30 PM] [Info] BattlEye Server: Connected to BE Master
[3/27/2023 8:42:36 PM] [Info] [Group] Shake [Shake]: "/day"
[3/27/2023 8:42:36 PM] [Info] Successfully set time to day!
[3/27/2023 8:46:02 PM] [Info] BattlEye Server: Player #1 Lagunastudios (24.10.47.186:59087) connected
[3/27/2023 8:46:02 PM] [Info] BattlEye Server: Player #1 Lagunastudios - BE GUID: 93a5fd09183ed672330b59dd16bb82ae
[3/27/2023 8:46:30 PM] [Info] Connecting: PlayerID: 76561198334369190 Name: Lagunastudios Character: Happytoast767
[3/27/2023 8:46:30 PM] [Info] [World] Happytoast767 [Lagunastudios]: "/i 253"
[3/27/2023 8:46:36 PM] [Info] [World] Happytoast767 [Lagunastudios]: "/tp shake"
[3/27/2023 8:47:12 PM] [Info] [World] Happytoast767 [Lagunastudios]: "/i "callling""
[3/27/2023 8:47:16 PM] [Info] [World] Happytoast767 [Lagunastudios]: "/i "calling""
[3/27/2023 8:47:23 PM] [Info] [Group] Shake [Shake]: "/i ppsh"
[3/27/2023 8:47:30 PM] [Info] [Group] Shake [Shake]: "/i 32318"
[3/27/2023 8:47:32 PM] [Info] [World] Happytoast767 [Lagunastudios]: "/infiniteammo"
[3/27/2023 8:47:42 PM] [Info] [Group] Shake [Shake]: "/unlimitedammo"
[3/27/2023 8:47:44 PM] [Info] [Group] Shake [Shake]: "./unlimitedammo"
[3/27/2023 8:47:47 PM] [Info] [World] Happytoast767 [Lagunastudios]: "/attachment dot"
[3/27/2023 8:47:53 PM] [Info] [Group] Shake [Shake]: "/attachment 31470"
[3/27/2023 8:47:53 PM] [Info] [World] Happytoast767 [Lagunastudios]: "/unlimited ammo"
[3/27/2023 8:47:56 PM] [Info] [World] Happytoast767 [Lagunastudios]: "/unlimitedammo"
[3/27/2023 8:48:02 PM] [Info] [Group] Shake [Shake]: "/attachment pointer"
[3/27/2023 8:48:05 PM] [Info] [World] Happytoast767 [Lagunastudios]: "/attachment adapt"
[3/27/2023 8:48:08 PM] [Info] [Group] Shake [Shake]: "/attachment holote"
[3/27/2023 8:48:12 PM] [Info] [Group] Shake [Shake]: "/attachment holote"
[3/27/2023 8:48:17 PM] [Info] [World] Shake [Shake]: "/attachment hologra"
[3/27/2023 8:48:32 PM] [Info] [World] Happytoast767 [Lagunastudios]: "/attachment 7"
[3/27/2023 8:48:39 PM] [Info] [Group] Shake [Shake]: "/i callimg"
[3/27/2023 8:48:39 PM] [Info] [World] Happytoast767 [Lagunastudios]: "/attachment vert"
[3/27/2023 8:48:42 PM] [Info] [World] Shake [Shake]: "/i callin"
[3/27/2023 8:48:47 PM] [Info] [World] Happytoast767 [Lagunastudios]: "/attachment hor"
[3/27/2023 8:48:48 PM] [Info] [Group] Shake [Shake]: "/attachment "comp""
[3/27/2023 8:48:53 PM] [Info] [Area] Shake [Shake]: "/attachment "compen""
[3/27/2023 8:48:59 PM] [Info] [Area] Shake [Shake]: "/attachment adapt"
[3/27/2023 8:49:05 PM] [Info] [Area] Shake [Shake]: "/attachment 31470"
[3/27/2023 8:49:07 PM] [Info] [World] Happytoast767 [Lagunastudios]: "/attachment 149"
[3/27/2023 8:49:27 PM] [Info] [Area] Shake [Shake]: "/attachment 59383"
[3/27/2023 8:49:40 PM] [Info] [Group] Shake [Shake]: "/attachment viper"
[3/27/2023 8:49:48 PM] [Info] [World] Happytoast767 [Lagunastudios]: "/attachment 1019"
[3/27/2023 8:50:05 PM] [Info] [Group] Shake [Shake]: "/attachment nyko"
[3/27/2023 8:50:15 PM] [Info] [Group] Shake [Shake]: "/attachmnet 1441"
[3/27/2023 8:50:20 PM] [Info] [World] Happytoast767 [Lagunastudios]: "/attachment 148"
[3/27/2023 8:50:20 PM] [Info] [Area] Shake [Shake]: "/attachment 1441"
[3/27/2023 8:50:23 PM] [Info] [Area] Shake [Shake]: "/attachment 1442"
[3/27/2023 8:50:29 PM] [Info] [World] Happytoast767 [Lagunastudios]: "/attachment 1029"
[3/27/2023 8:50:32 PM] [Info] [Group] Shake [Shake]: "/attachment 8"
[3/27/2023 8:50:39 PM] [Info] [Group] Shake [Shake]: "/attachment "ranger bar""
[3/27/2023 8:50:43 PM] [Info] [Group] Shake [Shake]: "/attachment 117"
[3/27/2023 8:51:21 PM] [Info] [Group] Shake [Shake]: "/attachment "gp460""
[3/27/2023 8:51:30 PM] [Info] [World] Shake [Shake]: "/attachment "nailgun bar""
[3/27/2023 8:51:47 PM] [Info] [Group] Shake [Shake]: "/i zola"
[3/27/2023 8:51:51 PM] [Info] [Group] Shake [Shake]: "/i zube"
[3/27/2023 8:51:52 PM] [Info] [World] Happytoast767 [Lagunastudios]: "/attachment 149"
[3/27/2023 8:51:56 PM] [Info] [Group] Shake [Shake]: "/attachment calling"
[3/27/2023 8:52:03 PM] [Info] [Group] Shake [Shake]: "/i viper"
[3/27/2023 8:52:18 PM] [Info] [Group] Shake [Shake]: "/attachment call"
[3/27/2023 8:52:21 PM] [Info] [World] Happytoast767 [Lagunastudios]: "/attachment 1370"
[3/27/2023 8:52:24 PM] [Info] [Group] Shake [Shake]: "/i hori"
[3/27/2023 8:52:26 PM] [Info] [World] Happytoast767 [Lagunastudios]: "/attachment 1371"
[3/27/2023 8:52:27 PM] [Info] [Group] Shake [Shake]: "/i adapt"
[3/27/2023 8:52:32 PM] [Info] [World] Happytoast767 [Lagunastudios]: "/attachment 148"
[3/27/2023 8:52:34 PM] [Info] [Group] Shake [Shake]: "/i "tary bar""
[3/27/2023 8:52:41 PM] [Info] Happytoast767 [Lagunastudios] was shot in the head by Shake [Shake]!
[3/27/2023 8:52:48 PM] [Info] [World] Happytoast767 [Lagunastudios]: "/tp shake"
[3/27/2023 8:52:59 PM] [Info] [Group] Shake [Shake]: "/god"
[3/27/2023 8:53:00 PM] [Info] [World] Shake [Shake]: "/god"
[3/27/2023 8:53:10 PM] [Info] [World] Happytoast767 [Lagunastudios]: "/attachment 148"
[3/27/2023 8:53:20 PM] [Info] Shake [Shake] was shot in the leg by Happytoast767 [Lagunastudios]!
[3/27/2023 8:53:23 PM] [Info] [World] Happytoast767 [Lagunastudios]: "/heal"
[3/27/2023 8:53:33 PM] [Info] [Group] Shake [Shake]: "/ho,e"
[3/27/2023 8:53:35 PM] [Info] [Group] Shake [Shake]: "/home"
[3/27/2023 8:53:51 PM] [Info] [World] Happytoast767 [Lagunastudios]: "/attachment 1449"
[3/27/2023 8:54:19 PM] [Info] [World] Happytoast767 [Lagunastudios]: "/heal"
[3/27/2023 8:54:25 PM] [Info] [World] Happytoast767 [Lagunastudios]: "/i chart"
[3/27/2023 8:54:33 PM] [Info] [Group] Shake [Shake]: "/home bed1"
[3/27/2023 8:54:41 PM] [Info] [Area] Shake [Shake]: "/home bed1"
[3/27/2023 8:54:42 PM] [Info] [World] Happytoast767 [Lagunastudios]: "/tp shake"
[3/27/2023 8:54:45 PM] [Info] Happytoast767 [Lagunastudios] was shot in the head by Shake [Shake]!
[3/27/2023 8:54:48 PM] [Info] [World] Happytoast767 [Lagunastudios]: "/tp shake"
[3/27/2023 8:54:56 PM] [Info] [Group] Shake [Shake]: "/tp toast"
[3/27/2023 8:55:03 PM] [Info] [Group] Shake [Shake]: "/pointtool jump"
[3/27/2023 8:55:04 PM] [Info] [World] Happytoast767 [Lagunastudios]: "/heal"
[3/27/2023 8:55:07 PM] [Info] [Group] Shake [Shake]: "/heal"
[3/27/2023 8:55:25 PM] [Info] [Group] Shake [Shake]: "/i yuri"
[3/27/2023 8:55:28 PM] [Info] [Group] Shake [Shake]: "/attachment yuri"
[3/27/2023 8:55:33 PM] [Info] [Group] Shake [Shake]: "/attachment viper"
[3/27/2023 8:55:37 PM] [Info] [Group] Shake [Shake]: "/attachment 8"
[3/27/2023 8:55:49 PM] [Info] [World] Happytoast767 [Lagunastudios]: "/attachment 1472"
[3/27/2023 8:56:08 PM] [Info] [World] Happytoast767 [Lagunastudios]: "/attachment 149"
[3/27/2023 8:56:39 PM] [Info] [Group] Shake [Shake]: "/i val"
[3/27/2023 8:56:51 PM] [Info] [World] Happytoast767 [Lagunastudios]: "/attachment 7"
[3/27/2023 8:57:04 PM] [Info] [Group] Shake [Shake]: "/i groza"
[3/27/2023 8:57:08 PM] [Info] [World] Happytoast767 [Lagunastudios]: "/attachment adapt"
[3/27/2023 8:57:13 PM] [Info] [Group] Shake [Shake]: "/i yuri"
[3/27/2023 8:57:20 PM] [Info] [Group] Shake [Shake]: "/attachment groz"
[3/27/2023 8:57:25 PM] [Info] [Group] Shake [Shake]: "/attachment viper"
[3/27/2023 8:57:27 PM] [Info] [Group] Shake [Shake]: "/attachment 8"
[3/27/2023 8:57:57 PM] [Info] [Group] Shake [Shake]: "/i holo"
[3/27/2023 8:58:16 PM] [Info] [World] Happytoast767 [Lagunastudios]: "/attachment 100"
[3/27/2023 8:58:19 PM] [Info] [Group] Shake [Shake]: "/i eagle"
[3/27/2023 8:58:28 PM] [Info] [Group] Shake [Shake]: "/attachment "cobra box""
[3/27/2023 8:58:31 PM] [Info] [Group] Shake [Shake]: "/i 8"
[3/27/2023 8:58:32 PM] [Info] [Group] Shake [Shake]: "/i adapt"
[3/27/2023 8:58:37 PM] [Info] [Group] Shake [Shake]: "/setfiremode auto"
[3/27/2023 8:58:39 PM] [Info] [Group] Shake [Shake]: "/i maple"
[3/27/2023 8:58:42 PM] [Info] [World] Happytoast767 [Lagunastudios]: "/attachment 1200"
[3/27/2023 8:58:42 PM] [Info] [Group] Shake [Shake]: "/i strike"
[3/27/2023 8:59:00 PM] [Info] [Group] Shake [Shake]: "/attachment comp"
[3/27/2023 8:59:04 PM] [Info] [World] Shake [Shake]: "/attachment compen"
[3/27/2023 8:59:08 PM] [Info] [World] Happytoast767 [Lagunastudios]: "/attachment 1365"
[3/27/2023 8:59:14 PM] [Info] [Group] Shake [Shake]: "/attachment holo"
[3/27/2023 8:59:27 PM] [Info] [Group] Shake [Shake]: "/attachment 31470"
[3/27/2023 8:59:28 PM] [Info] [World] Happytoast767 [Lagunastudios]: "/attachment 1361"
[3/27/2023 8:59:38 PM] [Info] [World] Happytoast767 [Lagunastudios]: "/attachment 1371"
[3/27/2023 8:59:45 PM] [Info] [Group] Shake [Shake]: "/i cobra"
[3/27/2023 8:59:52 PM] [Info] [Group] Shake [Shake]: "/attachment 31470"
[3/27/2023 9:00:07 PM] [Info] [Group] Shake [Shake]: "/attachment adapt"
[3/27/2023 9:00:11 PM] [Info] [Group] Shake [Shake]: "/attachment groz"
[3/27/2023 9:00:16 PM] [Info] [World] Happytoast767 [Lagunastudios]: "/i avenger"
[3/27/2023 9:00:18 PM] [Info] Happytoast767 [Lagunastudios] was shot in the head by Shake [Shake]!
[3/27/2023 9:00:23 PM] [Info] [World] Happytoast767 [Lagunastudios]: "/tp shake"
[3/27/2023 9:00:42 PM] [Info] [World] Happytoast767 [Lagunastudios]: "/heal"
[3/27/2023 9:00:56 PM] [Info] [Group] Shake [Shake]: "/attachment calling"
[3/27/2023 9:01:06 PM] [Info] [Group] Shake [Shake]: "/attachment barrel"
[3/27/2023 9:01:36 PM] [Info] [Group] Shake [Shake]: "/heal"
[3/27/2023 9:01:44 PM] [Info] Happytoast767 [Lagunastudios] was shot in the torso by Shake [Shake]!
[3/27/2023 9:01:47 PM] [Info] [World] Happytoast767 [Lagunastudios]: "/heal"
[3/27/2023 9:01:50 PM] [Info] [World] Happytoast767 [Lagunastudios]: "/tp shake"
[3/27/2023 9:02:02 PM] [Info] [World] Happytoast767 [Lagunastudios]: "/attachment 144"
[3/27/2023 9:02:04 PM] [Info] [World] Happytoast767 [Lagunastudios]: "/attachment 144"
[3/27/2023 9:02:47 PM] [Info] [Group] Shake [Shake]: "/i drago"
[3/27/2023 9:02:55 PM] [Info] [Group] Shake [Shake]: "/attachment nyk"
[3/27/2023 9:02:59 PM] [Info] [World] Happytoast767 [Lagunastudios]: "/attachment 8"
[3/27/2023 9:03:01 PM] [Info] [Group] Shake [Shake]: "/attachment 6"
[3/27/2023 9:03:15 PM] [Info] [World] Happytoast767 [Lagunastudios]: "/heal"
[3/27/2023 9:03:16 PM] [Info] [Group] Shake [Shake]: "/i medkit 5"
[3/27/2023 9:03:27 PM] [Info] [Group] Shake [Shake]: "/i drago"
[3/27/2023 9:03:30 PM] [Info] [Group] Shake [Shake]: "/attachment 17"
[3/27/2023 9:03:34 PM] [Info] [World] Happytoast767 [Lagunastudios]: "/i 364"
[3/27/2023 9:03:46 PM] [Info] [Group] Shake [Shake]: "/i nkyo"
[3/27/2023 9:03:49 PM] [Info] [Group] Shake [Shake]: "/i nyko"
[3/27/2023 9:03:49 PM] [Info] [World] Happytoast767 [Lagunastudios]: "/attachment 149"
[3/27/2023 9:03:53 PM] [Info] [Group] Shake [Shake]: "/attachment ranger"
[3/27/2023 9:03:58 PM] [Info] [Group] Shake [Shake]: "/attachment "ger mag""
[3/27/2023 9:04:17 PM] [Info] [Group] Shake [Shake]: "/attachment adapt"
[3/27/2023 9:04:23 PM] [Info] [Group] Shake [Shake]: "/i hell"
[3/27/2023 9:04:27 PM] [Info] [Group] Shake [Shake]: "/i fury"
[3/27/2023 9:04:38 PM] [Info] [Group] Shake [Shake]: "/attachment "pistol sup""
[3/27/2023 9:04:40 PM] [Info] [World] Happytoast767 [Lagunastudios]: "/attachment adapt"
[3/27/2023 9:04:45 PM] [Info] [Group] Shake [Shake]: "/attachment adapt"
[3/27/2023 9:04:49 PM] [Info] [Group] Shake [Shake]: "/attachment yer-100"
[3/27/2023 9:04:55 PM] [Info] [Group] Shake [Shake]: "/attachment 16x"
[3/27/2023 9:05:01 PM] [Info] [World] Happytoast767 [Lagunastudios]: "/attachment 110"
[3/27/2023 9:05:18 PM] [Info] [Group] Shake [Shake]: "/i fury"
[3/27/2023 9:05:21 PM] [Info] [World] Happytoast767 [Lagunastudios]: "/attachment 8"
[3/27/2023 9:05:30 PM] [Info] [Group] Shake [Shake]: "/i griz"
[3/27/2023 9:05:35 PM] [Info] [Group] Shake [Shake]: "/i 16x"
[3/27/2023 9:05:39 PM] [Info] [Group] Shake [Shake]: "/attachment yer-100"
[3/27/2023 9:05:45 PM] [Info] [World] Happytoast767 [Lagunastudios]: "/attachment laser"
[3/27/2023 9:06:05 PM] [Info] [World] Happytoast767 [Lagunastudios]: "/i "huge""
[3/27/2023 9:06:11 PM] [Info] [World] Happytoast767 [Lagunastudios]: "/i "rucksack""
[3/27/2023 9:06:24 PM] [Info] Shake [Shake] was shot in the head by Happytoast767 [Lagunastudios]!
[3/27/2023 9:06:27 PM] [Info] [Group] Shake [Shake]: "/tp toast"
[3/27/2023 9:06:43 PM] [Error] Failed to respawn an item with ID 31368 from type Coalition_High_Peaks [29]
[3/27/2023 9:06:44 PM] [Info] [World] Happytoast767 [Lagunastudios]: "/setfiringmode auto"
[3/27/2023 9:06:49 PM] [Info] [World] Happytoast767 [Lagunastudios]: "/setfiremode auto"
[3/27/2023 9:06:50 PM] [Info] [Group] Shake [Shake]: "/i 59787"
[3/27/2023 9:06:56 PM] [Info] [Group] Shake [Shake]: "/attachment "yer-100""
[3/27/2023 9:07:12 PM] [Info] [World] Happytoast767 [Lagunastudios]: "/attachement adapt"
[3/27/2023 9:07:14 PM] [Info] [Group] Shake [Shake]: "/i m28"
[3/27/2023 9:07:17 PM] [Info] [Group] Shake [Shake]: "/i g26"
[3/27/2023 9:07:21 PM] [Info] [Group] Shake [Shake]: "/i g28"
[3/27/2023 9:07:23 PM] [Info] [World] Happytoast767 [Lagunastudios]: "/attachment adapt"
[3/27/2023 9:07:28 PM] [Info] [Group] Shake [Shake]: "/setfiremode autp"
[3/27/2023 9:07:31 PM] [Info] [Area] Shake [Shake]: "/setfiremode auto"
[3/27/2023 9:07:36 PM] [Info] [Group] Shake [Shake]: "/attachment 17"
[3/27/2023 9:07:43 PM] [Info] [Group] Shake [Shake]: "/attachment 31470"
[3/27/2023 9:07:52 PM] [Info] Shake [Shake] was shot in the head by Happytoast767 [Lagunastudios]!
[3/27/2023 9:07:59 PM] [Info] [Group] Shake [Shake]: "/home bed1"
[3/27/2023 9:08:00 PM] [Info] [World] Happytoast767 [Lagunastudios]: "/attachment 110"
[3/27/2023 9:08:08 PM] [Info] [Group] Shake [Shake]: "/attachment dragon"
[3/27/2023 9:08:11 PM] [Info] [World] Happytoast767 [Lagunastudios]: "/tp shake"
[3/27/2023 9:08:14 PM] [Info] [Group] Shake [Shake]: "/attachment 6"
[3/27/2023 9:08:30 PM] [Info] [World] Happytoast767 [Lagunastudios]: "/setfiremode auto"
[3/27/2023 9:09:11 PM] [Info] [Group] Shake [Shake]: "/i "150rnd""
[3/27/2023 9:09:18 PM] [Info] [Group] Shake [Shake]: "/attachment "150rnd""
[3/27/2023 9:09:24 PM] [Info] [World] Happytoast767 [Lagunastudios]: "/attachment 1190"
[3/27/2023 9:09:38 PM] [Info] [Group] Shake [Shake]: "/i drago"
[3/27/2023 9:09:41 PM] [Info] [World] Shake [Shake]: "/i drag=co"
[3/27/2023 9:09:44 PM] [Info] [World] Shake [Shake]: "/i draco"
[3/27/2023 9:09:44 PM] [Info] [World] Happytoast767 [Lagunastudios]: "/attachment 1191"
[3/27/2023 9:09:50 PM] [Info] [World] Happytoast767 [Lagunastudios]: "/attachment 144"
[3/27/2023 9:09:57 PM] [Info] [Group] Shake [Shake]: "/attachment "ak gri""
[3/27/2023 9:10:00 PM] [Info] [World] Happytoast767 [Lagunastudios]: "/attachment hor"
[3/27/2023 9:10:02 PM] [Info] [Group] Shake [Shake]: "/attachment holo"
[3/27/2023 9:10:07 PM] [Info] [Group] Shake [Shake]: "/attachment compen"
[3/27/2023 9:10:08 PM] [Info] [World] Happytoast767 [Lagunastudios]: "/attachment bi"
[3/27/2023 9:10:12 PM] [Info] [Group] Shake [Shake]: "/setfiremode auto"
[3/27/2023 9:10:14 PM] [Info] [Group] Shake [Shake]: "/i adapt"
[3/27/2023 9:10:18 PM] [Info] [World] Happytoast767 [Lagunastudios]: "/attachment range"
[3/27/2023 9:10:24 PM] [Info] [World] Happytoast767 [Lagunastudios]: "/attachment 144"
[3/27/2023 9:10:29 PM] [Info] [World] Happytoast767 [Lagunastudios]: "/attachment rangefinder"
[3/27/2023 9:10:32 PM] [Info] [Group] Shake [Shake]: "/attachment 16x"
[3/27/2023 9:10:51 PM] [Info] Happytoast767 [Lagunastudios] was shot in the head by Shake [Shake]!
[3/27/2023 9:11:00 PM] [Info] [World] Happytoast767 [Lagunastudios]: "/tp shake"
[3/27/2023 9:11:13 PM] [Info] [Group] Shake [Shake]: "/tphere toast"
[3/27/2023 9:11:33 PM] [Info] [World] Happytoast767 [Lagunastudios]: "/attachment vert"
[3/27/2023 9:11:36 PM] [Info] [Group] Shake [Shake]: "/attachment yer-10"
[3/27/2023 9:11:40 PM] [Info] Shake [Shake] was shot in the head by Happytoast767 [Lagunastudios]!
[3/27/2023 9:11:46 PM] [Info] [Group] Shake [Shake]: "/tp toast"
[3/27/2023 9:12:33 PM] [Info] [Group] Shake [Shake]: "/i a-12"
[3/27/2023 9:12:40 PM] [Info] [World] Happytoast767 [Lagunastudios]: "/i walkie"
[3/27/2023 9:12:59 PM] [Info] [Group] Shake [Shake]: "/i pen"
[3/27/2023 9:13:03 PM] [Info] [Group] Shake [Shake]: "where do I sighn"
[3/27/2023 9:13:08 PM] [Info] [Area] Shake [Shake]: "where do I sighn"
[3/27/2023 9:13:20 PM] [Info] [World] Happytoast767 [Lagunastudios]: "/i desert"
[3/27/2023 9:13:38 PM] [Info] [Group] Shake [Shake]: "/i remingto"
[3/27/2023 9:13:48 PM] [Info] [World] Happytoast767 [Lagunastudios]: "/i "desert eagle""
[3/27/2023 9:13:49 PM] [Info] [Group] Shake [Shake]: "/attachment adapt"
[3/27/2023 9:13:53 PM] [Info] [World] Happytoast767 [Lagunastudios]: "/i xix"
[3/27/2023 9:13:53 PM] [Info] [Group] Shake [Shake]: "/attachment holo"
[3/27/2023 9:14:07 PM] [Info] [World] Happytoast767 [Lagunastudios]: "/i 363"
[3/27/2023 9:14:07 PM] [Info] [Group] Shake [Shake]: "/attachment 16x"
[3/27/2023 9:14:21 PM] [Info] [Group] Shake [Shake]: "/attachment bipod"
[3/27/2023 9:15:11 PM] [Info] [Group] Shake [Shake]: "/i mg3"
[3/27/2023 9:15:16 PM] [Info] [Group] Shake [Shake]: "/god"
[3/27/2023 9:15:20 PM] [Info] [Group] Shake [Shake]: "/attachment adapt"
[3/27/2023 9:15:46 PM] [Info] [Group] Shake [Shake]: "/god"
[3/27/2023 9:16:37 PM] [Info] [World] Happytoast767 [Lagunastudios]: "/heal"
[3/27/2023 9:17:03 PM] [Info] [World] Happytoast767 [Lagunastudios]: "/i master"
[3/27/2023 9:17:04 PM] [Info] [Group] Shake [Shake]: "/i frag"
[3/27/2023 9:17:12 PM] [Info] Shake [Shake] was shot in the head by Happytoast767 [Lagunastudios]!
[3/27/2023 9:17:16 PM] [Info] [Group] Shake [Shake]: "/home bed"
[3/27/2023 9:17:19 PM] [Info] [World] Shake [Shake]: "/home"
[3/27/2023 9:18:04 PM] [Info] [World] Happytoast767 [Lagunastudios]: "/i 16x"
[3/27/2023 9:18:18 PM] [Info] Shake [Shake] was shot in the head by Happytoast767 [Lagunastudios]!
[3/27/2023 9:18:24 PM] [Info] [Group] Shake [Shake]: "/home"
[3/27/2023 9:18:38 PM] [Info] [Group] Shake [Shake]: "/attachment 16x"
[3/27/2023 9:19:13 PM] [Info] Happytoast767 [Lagunastudios] was shot in the torso by Shake [Shake]!
[3/27/2023 9:19:17 PM] [Info] [Group] Shake [Shake]: "/i dot"
[3/27/2023 9:19:20 PM] [Info] [World] Happytoast767 [Lagunastudios]: "/tp shake"
[3/27/2023 9:19:26 PM] [Info] [Group] Shake [Shake]: "/i nightvis"
[3/27/2023 9:19:32 PM] [Info] Happytoast767 [Lagunastudios] was shot in the torso by Shake [Shake]!
[3/27/2023 9:19:40 PM] [Info] [World] Happytoast767 [Lagunastudios]: "/tp shake"
[3/27/2023 9:19:51 PM] [Info] [World] Happytoast767 [Lagunastudios]: "/day"
[3/27/2023 9:19:51 PM] [Info] Successfully set time to day!
[3/27/2023 9:21:08 PM] [Info] [Group] Shake [Shake]: "/attachment "62 suppre""
[3/27/2023 9:21:36 PM] [Info] [Group] Shake [Shake]: "/attachment 31395"
[3/27/2023 9:21:53 PM] [Info] [Group] Shake [Shake]: "/i co45"
[3/27/2023 9:21:58 PM] [Info] [Group] Shake [Shake]: "/attachment 31395"
[3/27/2023 9:22:01 PM] [Info] [Group] Shake [Shake]: "/setfiremode auto"
[3/27/2023 9:22:11 PM] [Info] [World] Happytoast767 [Lagunastudios]: "/heal"
[3/27/2023 9:22:26 PM] [Info] [Group] Shake [Shake]: "/attachment adapt"
[3/27/2023 9:22:31 PM] [Info] [Group] Shake [Shake]: "/attachment 31470"
[3/27/2023 9:22:38 PM] [Info] [Group] Shake [Shake]: "/attachment holo"
[3/27/2023 9:22:41 PM] [Info] [World] Happytoast767 [Lagunastudios]: "/i "launcher""
[3/27/2023 9:22:44 PM] [Info] [Group] Shake [Shake]: "/attachment stanag"
[3/27/2023 9:22:51 PM] [Info] [Group] Shake [Shake]: "/attachment fury"
[3/27/2023 9:22:54 PM] [Info] [World] Happytoast767 [Lagunastudios]: "/i 519"
[3/27/2023 9:22:58 PM] [Info] Shake [Shake] was blown up by Happytoast767 [Lagunastudios] with a missile!
[3/27/2023 9:23:03 PM] [Info] [Group] Shake [Shake]: "/home"
[3/27/2023 9:23:50 PM] [Info] [Group] Shake [Shake]: "/tp toast"
[3/27/2023 9:23:58 PM] [Info] [Group] Shake [Shake]: "/i 40mm"
[3/27/2023 9:24:04 PM] [Info] [Group] Shake [Shake]: "/i 32327"
[3/27/2023 9:24:21 PM] [Info] [Group] Shake [Shake]: "/setfiremode auto"
[3/27/2023 9:24:27 PM] [Info] [Group] Shake [Shake]: "/attachment "mgl he""
[3/27/2023 9:24:40 PM] [Info] [Group] Shake [Shake]: "/i china"
[3/27/2023 9:25:02 PM] [Info] [World] Happytoast767 [Lagunastudios]: "/heal shake"
[3/27/2023 9:25:16 PM] [Info] [Group] Shake [Shake]: "/i saberto"
[3/27/2023 9:25:22 PM] [Info] [Group] Shake [Shake]: "/attachment 31470"
[3/27/2023 9:25:27 PM] [Info] [Group] Shake [Shake]: "/attachment adapt"
[3/27/2023 9:25:33 PM] [Info] [Group] Shake [Shake]: "/setfiremode autp"
[3/27/2023 9:25:49 PM] [Info] [Group] Shake [Shake]: "/setfiremode auto"
[3/27/2023 9:25:53 PM] [Info] [Group] Shake [Shake]: "/i flameth"
[3/27/2023 9:26:07 PM] [Info] [Group] Shake [Shake]: "/attachment "45 sup""
[3/27/2023 9:26:15 PM] [Info] [Group] Shake [Shake]: "/attachment point"
[3/27/2023 9:26:20 PM] [Info] [World] Shake [Shake]: "/attachment holo"
[3/27/2023 9:26:35 PM] [Info] [Group] Shake [Shake]: "/attachment hell"
[3/27/2023 9:26:39 PM] [Info] [World] Happytoast767 [Lagunastudios]: "/attachment adapt"
[3/27/2023 9:26:40 PM] [Error] Failed to respawn an item with ID 31368 from type Military_Low_Peaks [2]
[3/27/2023 9:26:40 PM] [Error] Failed to respawn an item with ID 31368 from type Military_High_Peaks [3]
[3/27/2023 9:26:42 PM] [Error] Failed to respawn an item with ID 31368 from type Military_Low_Peaks [2]
[3/27/2023 9:27:05 PM] [Info] [Group] Shake [Shake]: "/i scis"
[3/27/2023 9:27:06 PM] [Info] [Area] Happytoast767 [Lagunastudios]: "lets go"
[3/27/2023 9:27:08 PM] [Info] Shake [Shake] was shot in the head by Happytoast767 [Lagunastudios]!
[3/27/2023 9:27:11 PM] [Info] [World] Happytoast767 [Lagunastudios]: "/heal"
[3/27/2023 9:27:23 PM] [Info] [Area] Shake [Shake]: "/teleport berli"
[3/27/2023 9:27:23 PM] [Info] Successfully teleported Shake to Location!
[3/27/2023 9:27:48 PM] [Info] [Group] Shake [Shake]: "/i 59888"
[3/27/2023 9:28:05 PM] [Info] [World] Happytoast767 [Lagunastudios]: "/tp shake"
[3/27/2023 9:28:06 PM] [Info] [World] Happytoast767 [Lagunastudios]: "/heal"
[3/27/2023 9:28:20 PM] [Info] [Group] Shake [Shake]: "/i mcx"
[3/27/2023 9:28:35 PM] [Info] [Group] Shake [Shake]: "/i paintball"
[3/27/2023 9:28:39 PM] [Info] [Group] Shake [Shake]: "/setfiremode auto"
[3/27/2023 9:28:47 PM] [Info] [Group] Shake [Shake]: "/i adapt"
[3/27/2023 9:28:52 PM] [Info] [Group] Shake [Shake]: "/i 31470"
[3/27/2023 9:29:00 PM] [Info] [Group] Shake [Shake]: "/attachment compensa"
[3/27/2023 9:29:01 PM] [Info] [World] Happytoast767 [Lagunastudios]: "/heal"
[3/27/2023 9:29:11 PM] [Info] [Group] Shake [Shake]: "/i paibta"
[3/27/2023 9:29:16 PM] [Info] Happytoast767 [Lagunastudios] was mauled by a zombie!
[3/27/2023 9:29:16 PM] [Info] [Group] Shake [Shake]: "/i paintba"
[3/27/2023 9:29:24 PM] [Info] Disconnecting: PlayerID: 76561198334369190 Name: Lagunastudios Character: Happytoast767
[3/27/2023 9:29:24 PM] [Info] BattlEye Server: Player #1 Lagunastudios disconnected
[3/27/2023 9:29:34 PM] [Info] [Group] Shake [Shake]: "/attachment nyko"
[3/27/2023 9:29:41 PM] [Info] [Group] Shake [Shake]: "/setfiremode auto"
[3/27/2023 9:29:53 PM] [Info] [Group] Shake [Shake]: "/i dot"
[3/27/2023 9:30:00 PM] [Info] [Group] Shake [Shake]: "/attachment 17"
[3/27/2023 9:30:04 PM] [Info] [Group] Shake [Shake]: "/attachment hopper"
[3/27/2023 9:32:10 PM] [Info] Disconnecting: PlayerID: 76561199035738472 Name: Shake Character: Shake
[3/27/2023 9:32:10 PM] [Info] BattlEye Server: Player #0 Shake disconnected
[3/27/2023 9:36:40 PM] [Error] Failed to respawn an item with ID 31368 from type Military_Low_Peaks [2]
[3/27/2023 9:46:40 PM] [Error] Failed to respawn an item with ID 31368 from type Police_High_Peaks [1]
[3/27/2023 9:56:44 PM] [Error] Failed to respawn an item with ID 31368 from type Coalition_Low_Peaks [28]
[3/27/2023 10:26:43 PM] [Error] Failed to respawn an item with ID 31368 from type Coalition_Low_Peaks [28]
[3/27/2023 10:26:43 PM] [Error] Failed to respawn an item with ID 31368 from type Coalition_Low_Peaks [28]
[3/27/2023 10:46:39 PM] [Error] Failed to respawn an item with ID 31368 from type Police_Low_Peaks [0]
[3/27/2023 10:46:44 PM] [Error] Failed to respawn an item with ID 31368 from type Coalition_High_Peaks [29]
[3/27/2023 10:46:44 PM] [Error] Failed to respawn an item with ID 31368 from type Police_Low_Peaks [0]
[3/27/2023 10:46:47 PM] [Error] Failed to respawn an item with ID 31368 from type Military_High_Peaks [3]
[3/27/2023 10:56:42 PM] [Error] Failed to respawn an item with ID 31368 from type Military_High_Peaks [3]
[3/27/2023 11:06:40 PM] [Error] Failed to respawn an item with ID 31368 from type Military_High_Peaks [3]
[3/27/2023 11:26:40 PM] [Error] Failed to respawn an item with ID 31368 from type Military_High_Peaks [3]
[3/27/2023 11:26:42 PM] [Error] Failed to respawn an item with ID 31368 from type Military_Low_Peaks [2]
[3/27/2023 11:36:42 PM] [Error] Failed to respawn an item with ID 31368 from type Military_Low_Peaks [2]
[3/27/2023 11:36:44 PM] [Error] Failed to respawn an item with ID 31368 from type Coalition_High_Peaks [29]
[3/27/2023 11:56:40 PM] [Error] Failed to respawn an item with ID 31368 from type Military_High_Peaks [3]
[3/27/2023 11:56:40 PM] [Error] Failed to respawn an item with ID 31368 from type Police_Low_Peaks [0]
[3/28/2023 12:06:40 AM] [Error] Failed to respawn an item with ID 31368 from type Military_Low_Peaks [2]
[3/28/2023 12:09:30 AM] [Info] BattlEye Server: Failed to receive from BE Master (10054)
[3/28/2023 12:09:30 AM] [Info] BattlEye Server: Disconnected from BE Master
[3/28/2023 12:09:30 AM] [Info] Lost connection to Steam servers because k_EResultNoConnection
[3/28/2023 12:09:30 AM] [Info] Failed to connect to Steam servers because k_EResultNoConnection, still retrying
[3/28/2023 12:09:39 AM] [Info] Failed to connect to Steam servers because k_EResultNoConnection, still retrying
[3/28/2023 12:09:58 AM] [Info] Failed to connect to Steam servers because k_EResultNoConnection, still retrying
[3/28/2023 12:10:50 AM] [Info] Failed to connect to Steam servers because k_EResultNoConnection, still retrying
[3/28/2023 12:11:43 AM] [Info] Failed to connect to Steam servers because k_EResultNoConnection, still retrying
[3/28/2023 12:16:40 AM] [Error] Failed to respawn an item with ID 31368 from type Military_High_Peaks [3]
[3/28/2023 12:17:07 AM] [Info] Failed to connect to Steam servers because k_EResultNoConnection, still retrying
[3/28/2023 12:20:38 AM] [Info] Failed to connect to Steam servers because k_EResultNoConnection, still retrying
[3/28/2023 12:24:00 AM] [Info] Failed to connect to Steam servers because k_EResultNoConnection, still retrying
[3/28/2023 12:26:38 AM] [Error] Failed to respawn an item with ID 31368 from type Military_High_Peaks [3]
[3/28/2023 12:26:40 AM] [Error] Failed to respawn an item with ID 31368 from type Military_High_Peaks [3]
[3/28/2023 12:26:42 AM] [Error] Failed to respawn an item with ID 31368 from type Military_Low_Peaks [2]
[3/28/2023 12:35:58 AM] [Info] Failed to connect to Steam servers because k_EResultNoConnection, still retrying
[3/28/2023 12:36:40 AM] [Error] Failed to respawn an item with ID 31368 from type Military_High_Peaks [3]
[3/28/2023 12:36:42 AM] [Error] Failed to respawn an item with ID 31368 from type Military_Low_Peaks [2]
[3/28/2023 12:30:06 PM] [Info] Failed to connect to Steam servers because k_EResultNoConnection, still retrying
[3/28/2023 12:35:13 PM] [Info] 
[unloading] Teleportation
