[12/13/2022 9:43:27 PM] [Info] [registered] /more (Rocket.Unturned.Commands.CommandMore/more)
[12/13/2022 9:43:27 PM] [Info] [registered] /admin (Rocket.Unturned.Commands.CommandAdmin/admin)
[12/13/2022 9:43:27 PM] [Info] [registered] /broadcast (Rocket.Unturned.Commands.CommandBroadcast/broadcast)
[12/13/2022 9:43:27 PM] [Info] [registered] /compass (Rocket.Unturned.Commands.CommandCompass/compass)
[12/13/2022 9:43:27 PM] [Info] [registered] /effect (Rocket.Unturned.Commands.CommandEffect/effect)
[12/13/2022 9:43:27 PM] [Info] [registered] /exit (Rocket.Unturned.Commands.CommandExit/exit)
[12/13/2022 9:43:27 PM] [Info] [registered] /god (Rocket.Unturned.Commands.CommandGod/god)
[12/13/2022 9:43:27 PM] [Info] [registered] /heal (Rocket.Unturned.Commands.CommandHeal/heal)
[12/13/2022 9:43:27 PM] [Info] [registered] /help (Rocket.Unturned.Commands.CommandHelp/help)
[12/13/2022 9:43:27 PM] [Info] [registered] /home (Rocket.Unturned.Commands.CommandHome/home)
[12/13/2022 9:43:27 PM] [Info] [registered] /i (Rocket.Unturned.Commands.CommandI/i)
[12/13/2022 9:43:27 PM] [Info] [registered] /item (Rocket.Unturned.Commands.CommandI/item)
[12/13/2022 9:43:27 PM] [Info] [registered] /investigate (Rocket.Unturned.Commands.CommandInvestigate/investigate)
[12/13/2022 9:43:27 PM] [Info] [registered] /p (Rocket.Unturned.Commands.CommandP/p)
[12/13/2022 9:43:27 PM] [Info] [registered] /permissions (Rocket.Unturned.Commands.CommandP/permissions)
[12/13/2022 9:43:27 PM] [Info] [registered] /rocket (Rocket.Unturned.Commands.CommandRocket/rocket)
[12/13/2022 9:43:27 PM] [Info] [registered] /tp (Rocket.Unturned.Commands.CommandTp/tp)
[12/13/2022 9:43:27 PM] [Info] [registered] /tphere (Rocket.Unturned.Commands.CommandTphere/tphere)
[12/13/2022 9:43:27 PM] [Info] [registered] /unadmin (Rocket.Unturned.Commands.CommandUnadmin/unadmin)
[12/13/2022 9:43:27 PM] [Info] [registered] /v (Rocket.Unturned.Commands.CommandV/v)
[12/13/2022 9:43:27 PM] [Info] [registered] /vanish (Rocket.Unturned.Commands.CommandVanish/vanish)
[12/13/2022 9:43:27 PM] [Info] Loading uEssentials from C:\Program Files (x86)\Steam\steamapps\common\U3DS\Servers\MyServer\Rocket\Plugins\uEssentials.dll
[12/13/2022 9:43:27 PM] [Error] Invalid or outdated plugin assembly: Assembly-CSharp-firstpass
[12/13/2022 9:43:28 PM] [Error] Invalid or outdated plugin assembly: Assembly-CSharp
[12/13/2022 9:43:28 PM] [Error] Invalid or outdated plugin assembly: Rocket.API
[12/13/2022 9:43:28 PM] [Error] Invalid or outdated plugin assembly: Rocket.Core
[12/13/2022 9:43:28 PM] [Error] Invalid or outdated plugin assembly: Rocket.Unturned
[12/13/2022 9:43:28 PM] [Error] Invalid or outdated plugin assembly: UnityEngine.CoreModule
[12/13/2022 9:43:28 PM] [Error] Invalid or outdated plugin assembly: UnityEngine
[12/13/2022 9:43:28 PM] [Error] Invalid or outdated plugin assembly: Newtonsoft.Json
[12/13/2022 9:43:28 PM] [Info] 
[loading] uEssentials
[12/13/2022 9:43:28 PM] [Error] Failed to load uEssentials, unloading now... :System.MissingMethodException: SDG.Unturned.ConsoleInput SDG.Unturned.CommandWindow.get_input()
  at Rocket.Core.Plugins.RocketPlugin.LoadPlugin () [0x00033] in <59a13feb721848c8b0cd173f6d0e820b>:0 
[12/13/2022 9:43:28 PM] [Info] 
[unloading] uEssentials
[12/13/2022 9:43:28 PM] [Error] Failed to unload uEssentials:System.MissingMethodException: SDG.Unturned.ConsoleInput SDG.Unturned.CommandWindow.get_input()
  at Rocket.Core.Plugins.RocketPlugin.UnloadPlugin (Rocket.API.PluginState state) [0x0003b] in <59a13feb721848c8b0cd173f6d0e820b>:0 
  at Rocket.Core.Plugins.RocketPlugin.LoadPlugin () [0x0005c] in <59a13feb721848c8b0cd173f6d0e820b>:0 
[12/13/2022 9:43:28 PM] [Info] This server will automatically save every 1800 seconds
[12/13/2022 9:43:28 PM] [Info] Steam servers ready!
[12/13/2022 9:43:28 PM] [Info] Workshop install folder: C:\Program Files (x86)\Steam\steamapps\common\U3DS/Servers/MyServer/Workshop/Steam
[12/13/2022 9:43:28 PM] [Info] 1 workshop item(s) requested
[12/13/2022 9:43:28 PM] [Info] Submitting workshop query for 1 item(s)...
[12/13/2022 9:43:28 PM] [Info] Workshop query yielded 1 result(s)
[12/13/2022 9:43:28 PM] [Info] This server's allowed IP for Workshop downloads: 73.253.101.49
[12/13/2022 9:43:28 PM] [Info] 2899517511 'LFO Mods' has 15 children
[12/13/2022 9:43:28 PM] [Info] 	1232252658
[12/13/2022 9:43:28 PM] [Info] 	2528363491
[12/13/2022 9:43:28 PM] [Info] 	2309977886
[12/13/2022 9:43:28 PM] [Info] 	2407744519
[12/13/2022 9:43:28 PM] [Info] 	2407742380
[12/13/2022 9:43:28 PM] [Info] 	1959614756
[12/13/2022 9:43:28 PM] [Info] 	1727733956
[12/13/2022 9:43:28 PM] [Info] 	2069342497
[12/13/2022 9:43:28 PM] [Info] 	2463099029
[12/13/2022 9:43:28 PM] [Info] 	2519307620
[12/13/2022 9:43:28 PM] [Info] 	1717095606
[12/13/2022 9:43:28 PM] [Info] 	2796081018
[12/13/2022 9:43:28 PM] [Info] 	2427849541
[12/13/2022 9:43:28 PM] [Info] 	2454681372
[12/13/2022 9:43:28 PM] [Info] 	1909152337
[12/13/2022 9:43:28 PM] [Info] Submitting workshop query for 15 item(s)...
[12/13/2022 9:43:28 PM] [Info] Workshop query yielded 15 result(s)
[12/13/2022 9:43:28 PM] [Info] This server's allowed IP for Workshop downloads: 73.253.101.49
[12/13/2022 9:43:28 PM] [Info] 1232252658 'More Farming Mod' queued for download
[12/13/2022 9:43:28 PM] [Info] 2528363491 'Wind Vehicles' queued for download
[12/13/2022 9:43:28 PM] [Info] 2309977886 'Wind Cars 2.0' queued for download
[12/13/2022 9:43:28 PM] [Info] 2407744519 'Uncreated Vehicles' queued for download
[12/13/2022 9:43:28 PM] [Info] 2407742380 'Uncreated Clothes' queued for download
[12/13/2022 9:43:28 PM] [Info] 1959614756 'The Far East Conflict | Nordic Studios™ | Nordic Armory 3.0 [3.28+]' queued for download
[12/13/2022 9:43:28 PM] [Info] 1727733956 'Pento's Tactical Apparel' queued for download
[12/13/2022 9:43:28 PM] [Info] Authorized to download 2069342497 'Survivor's Expansion'
[12/13/2022 9:43:28 PM] [Info] 2069342497 'Survivor's Expansion' queued for download
[12/13/2022 9:43:28 PM] [Info] 2463099029 'A.C.M.S. Unturnov Armors | WIP version 1.1.2' queued for download
[12/13/2022 9:43:28 PM] [Info] 2519307620 'Medicals of Unturnov II | WIP version 1.0.1' queued for download
[12/13/2022 9:43:28 PM] [Info] 1717095606 'Creator Tools' queued for download
[12/13/2022 9:43:28 PM] [Info] 2796081018 'Nordic Compatable Arid' queued for download
[12/13/2022 9:43:28 PM] [Info] 2427849541 'Dark Valley' queued for download
[12/13/2022 9:43:28 PM] [Info] 2427849541 'Dark Valley' has 16 children
[12/13/2022 9:43:28 PM] [Info] 	1232252658 (already queued)
[12/13/2022 9:43:28 PM] [Info] 	1727733956 (already queued)
[12/13/2022 9:43:28 PM] [Info] 	1959614756 (already queued)
[12/13/2022 9:43:28 PM] [Info] 	1975500516
[12/13/2022 9:43:28 PM] [Info] 	2069342497 (already queued)
[12/13/2022 9:43:28 PM] [Info] 	2309977886 (already queued)
[12/13/2022 9:43:28 PM] [Info] 	2528363491 (already queued)
[12/13/2022 9:43:28 PM] [Info] 	2454681372 (already queued)
[12/13/2022 9:43:28 PM] [Info] 	2407744519 (already queued)
[12/13/2022 9:43:28 PM] [Info] 	2407742380 (already queued)
[12/13/2022 9:43:28 PM] [Info] 	2099073425
[12/13/2022 9:43:28 PM] [Info] 	2796081018 (already queued)
[12/13/2022 9:43:28 PM] [Info] 	2519307620 (already queued)
[12/13/2022 9:43:28 PM] [Info] 	1717095606 (already queued)
[12/13/2022 9:43:28 PM] [Info] 	2463099029 (already queued)
[12/13/2022 9:43:28 PM] [Info] 	1909152337 (already queued)
[12/13/2022 9:43:28 PM] [Info] 2454681372 'Raum's Lockers' queued for download
[12/13/2022 9:43:28 PM] [Info] 1909152337 'California Assets' queued for download
[12/13/2022 9:43:28 PM] [Info] Submitting workshop query for 2 item(s)...
[12/13/2022 9:43:29 PM] [Info] Workshop query yielded 2 result(s)
[12/13/2022 9:43:29 PM] [Info] This server's allowed IP for Workshop downloads: 73.253.101.49
[12/13/2022 9:43:29 PM] [Info] 1975500516 '[Official] France (Updated June 2021)' queued for download
[12/13/2022 9:43:29 PM] [Info] 2099073425 'Paradise Stereo [3.28]' queued for download
[12/13/2022 9:43:29 PM] [Info] 17 workshop item(s) to download...
[12/13/2022 9:44:32 PM] [Info] Workshop item found in cache: 1232252658
[12/13/2022 9:44:32 PM] [Info] Installing workshop item: 1232252658
[12/13/2022 9:44:32 PM] [Info] Installed workshop item: 1232252658
[12/13/2022 9:44:32 PM] [Info] Workshop item found in cache: 2528363491
[12/13/2022 9:44:32 PM] [Info] Installing workshop item: 2528363491
[12/13/2022 9:44:32 PM] [Info] Installed workshop item: 2528363491
[12/13/2022 9:44:32 PM] [Info] Workshop item found in cache: 2309977886
[12/13/2022 9:44:32 PM] [Info] Installing workshop item: 2309977886
[12/13/2022 9:44:32 PM] [Info] Installed workshop item: 2309977886
[12/13/2022 9:44:32 PM] [Info] Workshop item found in cache: 2407744519
[12/13/2022 9:44:32 PM] [Info] Installing workshop item: 2407744519
[12/13/2022 9:44:32 PM] [Info] Installed workshop item: 2407744519
[12/13/2022 9:44:32 PM] [Info] Workshop item found in cache: 2407742380
[12/13/2022 9:44:32 PM] [Info] Installing workshop item: 2407742380
[12/13/2022 9:44:32 PM] [Info] Installed workshop item: 2407742380
[12/13/2022 9:44:32 PM] [Info] Workshop item found in cache: 1959614756
[12/13/2022 9:44:32 PM] [Info] Installing workshop item: 1959614756
[12/13/2022 9:44:32 PM] [Error] Exception has been thrown by the target of an invocation.
[12/13/2022 9:44:32 PM] [Error]   at System.Reflection.MonoCMethod.InternalInvoke (System.Object obj, System.Object[] parameters) [0x00014] in <695d1cc93cca45069c528c15c9fdd749>:0 
  at System.Reflection.MonoCMethod.DoInvoke (System.Object obj, System.Reflection.BindingFlags invokeAttr, System.Reflection.Binder binder, System.Object[] parameters, System.Globalization.CultureInfo culture) [0x0007a] in <695d1cc93cca45069c528c15c9fdd749>:0 
  at System.Reflection.MonoCMethod.Invoke (System.Reflection.BindingFlags invokeAttr, System.Reflection.Binder binder, System.Object[] parameters, System.Globalization.CultureInfo culture) [0x00000] in <695d1cc93cca45069c528c15c9fdd749>:0 
  at System.RuntimeType.CreateInstanceImpl (System.Reflection.BindingFlags bindingAttr, System.Reflection.Binder binder, System.Object[] args, System.Globalization.CultureInfo culture, System.Object[] activationAttributes, System.Threading.StackCrawlMark& stackMark) [0x00213] in <695d1cc93cca45069c528c15c9fdd749>:0 
  at System.Activator.CreateInstance (System.Type type, System.Reflection.BindingFlags bindingAttr, System.Reflection.Binder binder, System.Object[] args, System.Globalization.CultureInfo culture, System.Object[] activationAttributes) [0x00095] in <695d1cc93cca45069c528c15c9fdd749>:0 
  at System.Activator.CreateInstance (System.Type type, System.Object[] args) [0x00000] in <695d1cc93cca45069c528c15c9fdd749>:0 
  at SDG.Unturned.Assets.loadFile (SDG.Unturned.Assets+ScannedFileInfo file) [0x004f6] in <affe003bba9f44acb443d5523a93208c>:0 
[12/13/2022 9:44:32 PM] [Error] Missing effect gameobject
[12/13/2022 9:44:32 PM] [Error]   at SDG.Unturned.EffectAsset..ctor (SDG.Unturned.Bundle bundle, SDG.Unturned.Data data, SDG.Unturned.Local localization, System.UInt16 id) [0x00053] in <affe003bba9f44acb443d5523a93208c>:0 
  at (wrapper managed-to-native) System.Reflection.MonoCMethod.InternalInvoke(System.Reflection.MonoCMethod,object,object[],System.Exception&)
  at System.Reflection.MonoCMethod.InternalInvoke (System.Object obj, System.Object[] parameters) [0x00002] in <695d1cc93cca45069c528c15c9fdd749>:0 
[12/13/2022 9:44:32 PM] [Info] Installed workshop item: 1959614756
[12/13/2022 9:44:32 PM] [Info] Workshop item found in cache: 1727733956
[12/13/2022 9:44:32 PM] [Info] Installing workshop item: 1727733956
[12/13/2022 9:44:32 PM] [Info] Installed workshop item: 1727733956
[12/13/2022 9:44:32 PM] [Info] Workshop item found in cache: 2069342497
[12/13/2022 9:44:32 PM] [Info] Installing workshop item: 2069342497
[12/13/2022 9:44:32 PM] [Info] Installed workshop item: 2069342497
[12/13/2022 9:44:32 PM] [Info] Workshop item found in cache: 2463099029
[12/13/2022 9:44:32 PM] [Info] Installing workshop item: 2463099029
[12/13/2022 9:44:32 PM] [Info] Installed workshop item: 2463099029
[12/13/2022 9:44:32 PM] [Info] Workshop item found in cache: 2519307620
[12/13/2022 9:44:32 PM] [Info] Installing workshop item: 2519307620
[12/13/2022 9:44:32 PM] [Info] Installed workshop item: 2519307620
[12/13/2022 9:44:32 PM] [Info] Workshop item found in cache: 1717095606
[12/13/2022 9:44:32 PM] [Info] Installing workshop item: 1717095606
[12/13/2022 9:44:32 PM] [Info] Installed workshop item: 1717095606
[12/13/2022 9:44:32 PM] [Info] Workshop item found in cache: 2796081018
[12/13/2022 9:44:32 PM] [Info] Installing workshop item: 2796081018
[12/13/2022 9:44:32 PM] [Info] Installed workshop item: 2796081018
[12/13/2022 9:44:32 PM] [Info] Workshop item found in cache: 2427849541
[12/13/2022 9:44:32 PM] [Info] Installing workshop item: 2427849541
[12/13/2022 9:44:32 PM] [Info] Installed workshop item: 2427849541
[12/13/2022 9:44:32 PM] [Info] Workshop item found in cache: 2454681372
[12/13/2022 9:44:32 PM] [Info] Installing workshop item: 2454681372
[12/13/2022 9:44:32 PM] [Info] Installed workshop item: 2454681372
[12/13/2022 9:44:32 PM] [Info] Workshop item found in cache: 1909152337
[12/13/2022 9:44:32 PM] [Info] Installing workshop item: 1909152337
[12/13/2022 9:44:32 PM] [Info] Installed workshop item: 1909152337
[12/13/2022 9:44:32 PM] [Info] Workshop item found in cache: 1975500516
[12/13/2022 9:44:32 PM] [Info] Installing workshop item: 1975500516
[12/13/2022 9:44:32 PM] [Info] Installed workshop item: 1975500516
[12/13/2022 9:44:32 PM] [Info] Workshop item found in cache: 2099073425
[12/13/2022 9:44:32 PM] [Info] Installing workshop item: 2099073425
[12/13/2022 9:44:32 PM] [Info] Installed workshop item: 2099073425
[12/13/2022 9:44:32 PM] [Info] Monitoring workshop map 'Dark_Valley' (2427849541) for changes
[12/13/2022 9:44:32 PM] [Error] Navigation bounds count (5) does not match graph count (14) during server load
[12/13/2022 9:44:32 PM] [Info] Loading level: 8%
[12/13/2022 9:44:33 PM] [Error] Object with no asset in region 24, 31: 57041 8df109a1-f748-494f-9230-94a47c2f7c99
[12/13/2022 9:44:33 PM] [Error] Object with no asset in region 24, 31: 57041 8df109a1-f748-494f-9230-94a47c2f7c99
[12/13/2022 9:44:33 PM] [Error] Object with no asset in region 24, 31: 57041 8df109a1-f748-494f-9230-94a47c2f7c99
[12/13/2022 9:44:33 PM] [Error] Object with no asset in region 24, 31: 57041 8df109a1-f748-494f-9230-94a47c2f7c99
[12/13/2022 9:44:33 PM] [Error] Object with no asset in region 24, 31: 57041 8df109a1-f748-494f-9230-94a47c2f7c99
[12/13/2022 9:44:34 PM] [Error] Object with no asset in region 24, 31: 57041 8df109a1-f748-494f-9230-94a47c2f7c99
[12/13/2022 9:44:34 PM] [Error] Object with no asset in region 24, 31: 57041 8df109a1-f748-494f-9230-94a47c2f7c99
[12/13/2022 9:44:34 PM] [Error] Object with no asset in region 24, 31: 57041 8df109a1-f748-494f-9230-94a47c2f7c99
[12/13/2022 9:44:34 PM] [Error] Object with no asset in region 24, 31: 57041 8df109a1-f748-494f-9230-94a47c2f7c99
[12/13/2022 9:44:34 PM] [Error] Object with no asset in region 24, 31: 57041 8df109a1-f748-494f-9230-94a47c2f7c99
[12/13/2022 9:44:34 PM] [Error] Object with no asset in region 24, 31: 57041 8df109a1-f748-494f-9230-94a47c2f7c99
[12/13/2022 9:44:34 PM] [Error] Object with no asset in region 24, 31: 57041 8df109a1-f748-494f-9230-94a47c2f7c99
[12/13/2022 9:44:34 PM] [Error] Object with no asset in region 24, 32: 57041 8df109a1-f748-494f-9230-94a47c2f7c99
[12/13/2022 9:44:34 PM] [Error] Object with no asset in region 24, 32: 57041 8df109a1-f748-494f-9230-94a47c2f7c99
[12/13/2022 9:44:34 PM] [Error] Object with no asset in region 24, 32: 57041 8df109a1-f748-494f-9230-94a47c2f7c99
[12/13/2022 9:44:34 PM] [Error] Object with no asset in region 24, 32: 57041 8df109a1-f748-494f-9230-94a47c2f7c99
[12/13/2022 9:44:34 PM] [Error] Object with no asset in region 24, 32: 57041 8df109a1-f748-494f-9230-94a47c2f7c99
[12/13/2022 9:44:34 PM] [Error] Object with no asset in region 24, 32: 57041 8df109a1-f748-494f-9230-94a47c2f7c99
[12/13/2022 9:44:34 PM] [Error] Object with no asset in region 24, 32: 57041 8df109a1-f748-494f-9230-94a47c2f7c99
[12/13/2022 9:44:34 PM] [Error] Object with no asset in region 25, 24: 30189 71ec574c-9800-4611-9eeb-0b7146d0035e
[12/13/2022 9:44:34 PM] [Error] Object with no asset in region 25, 24: 30189 71ec574c-9800-4611-9eeb-0b7146d0035e
[12/13/2022 9:44:34 PM] [Error] Object with no asset in region 25, 24: 57417 11ade410-d4e7-4e5f-96be-cdd517a45b96
[12/13/2022 9:44:34 PM] [Error] Object with no asset in region 25, 25: 30189 71ec574c-9800-4611-9eeb-0b7146d0035e
[12/13/2022 9:44:34 PM] [Error] Object with no asset in region 25, 25: 30189 71ec574c-9800-4611-9eeb-0b7146d0035e
[12/13/2022 9:44:34 PM] [Error] Object with no asset in region 25, 25: 30189 71ec574c-9800-4611-9eeb-0b7146d0035e
[12/13/2022 9:44:34 PM] [Error] Object with no asset in region 25, 25: 57417 11ade410-d4e7-4e5f-96be-cdd517a45b96
[12/13/2022 9:44:34 PM] [Error] Object with no asset in region 25, 25: 57417 11ade410-d4e7-4e5f-96be-cdd517a45b96
[12/13/2022 9:44:34 PM] [Error] Object with no asset in region 25, 25: 57417 11ade410-d4e7-4e5f-96be-cdd517a45b96
[12/13/2022 9:44:34 PM] [Error] Object with no asset in region 25, 25: 57417 11ade410-d4e7-4e5f-96be-cdd517a45b96
[12/13/2022 9:44:34 PM] [Error] Object with no asset in region 25, 27: 31521 2868eed1-17e9-4654-9e29-4889d2f2b08c
[12/13/2022 9:44:34 PM] [Error] Object with no asset in region 25, 31: 57041 8df109a1-f748-494f-9230-94a47c2f7c99
[12/13/2022 9:44:34 PM] [Error] Object with no asset in region 25, 31: 57041 8df109a1-f748-494f-9230-94a47c2f7c99
[12/13/2022 9:44:34 PM] [Error] Object with no asset in region 25, 31: 57041 8df109a1-f748-494f-9230-94a47c2f7c99
[12/13/2022 9:44:34 PM] [Error] Object with no asset in region 25, 31: 57041 8df109a1-f748-494f-9230-94a47c2f7c99
[12/13/2022 9:44:34 PM] [Error] Object with no asset in region 25, 31: 57041 8df109a1-f748-494f-9230-94a47c2f7c99
[12/13/2022 9:44:34 PM] [Error] Object with no asset in region 25, 31: 57041 8df109a1-f748-494f-9230-94a47c2f7c99
[12/13/2022 9:44:34 PM] [Error] Object with no asset in region 25, 31: 57041 8df109a1-f748-494f-9230-94a47c2f7c99
[12/13/2022 9:44:34 PM] [Error] Object with no asset in region 25, 31: 57041 8df109a1-f748-494f-9230-94a47c2f7c99
[12/13/2022 9:44:34 PM] [Error] Object with no asset in region 25, 31: 57041 8df109a1-f748-494f-9230-94a47c2f7c99
[12/13/2022 9:44:34 PM] [Error] Object with no asset in region 25, 31: 57041 8df109a1-f748-494f-9230-94a47c2f7c99
[12/13/2022 9:44:34 PM] [Error] Object with no asset in region 25, 31: 57041 8df109a1-f748-494f-9230-94a47c2f7c99
[12/13/2022 9:44:34 PM] [Error] Object with no asset in region 25, 31: 57041 8df109a1-f748-494f-9230-94a47c2f7c99
[12/13/2022 9:44:34 PM] [Error] Object with no asset in region 25, 31: 57041 8df109a1-f748-494f-9230-94a47c2f7c99
[12/13/2022 9:44:34 PM] [Error] Object with no asset in region 25, 31: 57041 8df109a1-f748-494f-9230-94a47c2f7c99
[12/13/2022 9:44:34 PM] [Error] Object with no asset in region 25, 31: 57041 8df109a1-f748-494f-9230-94a47c2f7c99
[12/13/2022 9:44:34 PM] [Error] Object with no asset in region 25, 31: 57041 8df109a1-f748-494f-9230-94a47c2f7c99
[12/13/2022 9:44:34 PM] [Error] Object with no asset in region 25, 31: 57041 8df109a1-f748-494f-9230-94a47c2f7c99
[12/13/2022 9:44:34 PM] [Error] Object with no asset in region 25, 31: 57041 8df109a1-f748-494f-9230-94a47c2f7c99
[12/13/2022 9:44:34 PM] [Error] Object with no asset in region 25, 31: 57041 8df109a1-f748-494f-9230-94a47c2f7c99
[12/13/2022 9:44:34 PM] [Error] Object with no asset in region 25, 31: 5999 5d265052-ebba-4dfc-9e78-572da246a638
[12/13/2022 9:44:34 PM] [Error] Object with no asset in region 30, 31: 57418 0393db6c-dba0-4c6c-b624-3c3fceed76e8
[12/13/2022 9:44:34 PM] [Error] Object with no asset in region 30, 36: 57330 82c9a6f8-c852-4485-9a7c-770b5e167eb2
[12/13/2022 9:44:34 PM] [Error] Object with no asset in region 30, 36: 57330 82c9a6f8-c852-4485-9a7c-770b5e167eb2
[12/13/2022 9:44:34 PM] [Error] Object with no asset in region 31, 31: 30181 9139fa6d-8191-412c-b528-c2708937d3dd
[12/13/2022 9:44:34 PM] [Error] Object with no asset in region 31, 31: 30181 9139fa6d-8191-412c-b528-c2708937d3dd
[12/13/2022 9:44:34 PM] [Error] Object with no asset in region 32, 25: 57106 32fec7a2-25aa-4a5d-bea2-c6178afd64a3
[12/13/2022 9:44:34 PM] [Error] Object with no asset in region 32, 26: 57330 82c9a6f8-c852-4485-9a7c-770b5e167eb2
[12/13/2022 9:44:34 PM] [Error] Object with no asset in region 32, 27: 57330 82c9a6f8-c852-4485-9a7c-770b5e167eb2
[12/13/2022 9:44:34 PM] [Error] Object with no asset in region 34, 38: 30200 77b52027-c985-408a-b606-dd33cf4d5e6e
[12/13/2022 9:44:34 PM] [Error] Object with no asset in region 34, 38: 30200 77b52027-c985-408a-b606-dd33cf4d5e6e
[12/13/2022 9:44:34 PM] [Error] Object with no asset in region 34, 38: 30200 77b52027-c985-408a-b606-dd33cf4d5e6e
[12/13/2022 9:44:34 PM] [Error] Object with no asset in region 34, 38: 30200 77b52027-c985-408a-b606-dd33cf4d5e6e
[12/13/2022 9:44:34 PM] [Error] Object with no asset in region 34, 38: 30200 77b52027-c985-408a-b606-dd33cf4d5e6e
[12/13/2022 9:44:34 PM] [Error] Object with no asset in region 34, 38: 30200 77b52027-c985-408a-b606-dd33cf4d5e6e
[12/13/2022 9:44:34 PM] [Error] Object with no asset in region 34, 38: 30200 77b52027-c985-408a-b606-dd33cf4d5e6e
[12/13/2022 9:44:34 PM] [Error] Object with no asset in region 34, 38: 45678 ca55b823-013d-4b1f-97a9-bcaadc621892
[12/13/2022 9:44:34 PM] [Error] Object with no asset in region 36, 28: 57421 6fa407f6-b4d1-4c50-9857-2e7af9c5156a
[12/13/2022 9:44:34 PM] [Error] Object with no asset in region 37, 26: 57106 32fec7a2-25aa-4a5d-bea2-c6178afd64a3
[12/13/2022 9:44:34 PM] [Info] Loading level: 16%
[12/13/2022 9:44:34 PM] [Info] Loading level: 25%
[12/13/2022 9:44:34 PM] [Info] Loading level: 33%
[12/13/2022 9:44:34 PM] [Info] Loading level: 41%
[12/13/2022 9:44:34 PM] [Info] Loading level: 50%
[12/13/2022 9:44:34 PM] [Info] Loading level: 58%
[12/13/2022 9:44:34 PM] [Info] Loading level: 66%
[12/13/2022 9:44:34 PM] [Info] Loading level: 75%
[12/13/2022 9:44:34 PM] [Info] Loading level: 83%
[12/13/2022 9:44:34 PM] [Info] Loading level: 91%
[12/13/2022 9:59:59 PM] [Info] Loading level: 100%
[12/13/2022 9:59:59 PM] [Info] Connecting: PlayerID: 76561199035738472 Name: Delta-97 Character: Red__Bear
[12/13/2022 9:59:59 PM] [Info] Connecting: PlayerID: 76561199074224396 Name: JACK THE RIPPER Character: reaper
[12/13/2022 10:00:07 PM] [Info] [World] reaper [JACK THE RIPPER]: "/tp red"
[12/13/2022 10:00:08 PM] [Info] reaper teleported to Red__Bear
[12/13/2022 10:00:08 PM] [Info] reaper moved x:352.8984 y:66.70827(+22.09559) z:103.7734 in the last second (0.1024399)
[12/13/2022 10:00:26 PM] [Info] Red__Bear [Delta-97] was shot in the head by reaper [JACK THE RIPPER]!
[12/13/2022 10:00:30 PM] [Info] [Group] Red__Bear [Delta-97]: "/tp reaper"
[12/13/2022 10:00:58 PM] [Info] Red__Bear teleported to reaper
[12/13/2022 10:00:58 PM] [Info] [World] reaper [JACK THE RIPPER]: "/i minigun"
[12/13/2022 10:01:35 PM] [Info] Giving reaper item 58768:1
[12/13/2022 10:01:35 PM] [Info] [Group] Red__Bear [Delta-97]: "/heal"
[12/13/2022 10:01:41 PM] [Info] [World] reaper [JACK THE RIPPER]: "/heal red"
[12/13/2022 10:01:44 PM] [Info] [World] reaper [JACK THE RIPPER]: "/heal"
[12/13/2022 10:01:46 PM] [Info] [World] reaper [JACK THE RIPPER]: "yes"
[12/13/2022 10:01:54 PM] [Info] [Group] Red__Bear [Delta-97]: "/heal"
[12/13/2022 10:01:57 PM] [Info] [Area] Red__Bear [Delta-97]: "/heal"
[12/13/2022 10:02:02 PM] [Info] [Group] Red__Bear [Delta-97]: "/heal"
[12/13/2022 10:02:05 PM] [Info] [Area] Red__Bear [Delta-97]: "/heal"
[12/13/2022 10:02:08 PM] [Info] [Area] Red__Bear [Delta-97]: "/heal"
[12/13/2022 10:03:01 PM] [Info] Red__Bear [Delta-97] bled to death!
[12/13/2022 10:03:13 PM] [Info] [Group] Red__Bear [Delta-97]: "/experience 1000"
[12/13/2022 10:03:13 PM] [Info] Successfully gave Delta-97 +1000 experience!
[12/13/2022 10:03:13 PM] [Info] [World] reaper [JACK THE RIPPER]: "/tp red"
[12/13/2022 10:03:13 PM] [Info] reaper teleported to Red__Bear
[12/13/2022 10:03:14 PM] [Info] [Area] Red__Bear [Delta-97]: "/experience 1000"
[12/13/2022 10:03:14 PM] [Info] Successfully gave Delta-97 +1000 experience!
[12/13/2022 10:03:15 PM] [Info] [Area] Red__Bear [Delta-97]: "/experience 1000"
[12/13/2022 10:03:15 PM] [Info] Successfully gave Delta-97 +1000 experience!
[12/13/2022 10:03:27 PM] [Info] [Area] Red__Bear [Delta-97]: "/experience 1000"
[12/13/2022 10:03:27 PM] [Info] Successfully gave Delta-97 +1000 experience!
[12/13/2022 10:03:39 PM] [Info] Red__Bear [Delta-97] was shot in the head by reaper [JACK THE RIPPER]!
[12/13/2022 10:03:51 PM] [Info] [World] reaper [JACK THE RIPPER]: "/i exp"
[12/13/2022 10:03:54 PM] [Info] Giving reaper item 73:1
[12/13/2022 10:03:54 PM] [Info] [Group] Red__Bear [Delta-97]: "/tp reaper"
[12/13/2022 10:03:54 PM] [Info] Red__Bear teleported to reaper
[12/13/2022 10:03:55 PM] [Info] [World] reaper [JACK THE RIPPER]: "how"
[12/13/2022 10:04:07 PM] [Info] [World] reaper [JACK THE RIPPER]: "/ex 10000"
[12/13/2022 10:04:24 PM] [Info] [World] reaper [JACK THE RIPPER]: "/xp 1000"
[12/13/2022 10:04:28 PM] [Info] [World] reaper [JACK THE RIPPER]: "/xp reaper 1000"
[12/13/2022 10:04:33 PM] [Info] [World] reaper [JACK THE RIPPER]: "how do i do it'"
[12/13/2022 10:05:01 PM] [Info] [World] reaper [JACK THE RIPPER]: "/i experience 10000000"
[12/13/2022 10:05:15 PM] [Info] [World] reaper [JACK THE RIPPER]: "/i experience reaper 10000"
[12/13/2022 10:05:25 PM] [Info] [World] reaper [JACK THE RIPPER]: "how do i give myslef experience"
[12/13/2022 10:05:32 PM] [Info] [World] reaper [JACK THE RIPPER]: "also wtf"
[12/13/2022 10:05:33 PM] [Info] [Group] Red__Bear [Delta-97]: "/experience reaper 100000"
[12/13/2022 10:05:33 PM] [Info] Successfully gave JACK THE RIPPER +100000 experience!
[12/13/2022 10:05:41 PM] [Info] [Area] Red__Bear [Delta-97]: "/experience reaper 1000"
[12/13/2022 10:05:41 PM] [Info] Successfully gave JACK THE RIPPER +1000 experience!
[12/13/2022 10:05:41 PM] [Info] [World] reaper [JACK THE RIPPER]: "why did't know one ask me"
[12/13/2022 10:05:46 PM] [Info] [World] reaper [JACK THE RIPPER]: "that bullshit"
[12/13/2022 10:05:53 PM] [Info] [World] reaper [JACK THE RIPPER]: "am going back to kill'"
[12/13/2022 10:05:57 PM] [Info] [World] reaper [JACK THE RIPPER]: "next day"
[12/13/2022 10:06:05 PM] [Info] [Group] Red__Bear [Delta-97]: "/heal"
[12/13/2022 10:06:17 PM] [Info] [World] reaper [JACK THE RIPPER]: "payyy back plan"
[12/13/2022 10:06:26 PM] [Info] [Group] Red__Bear [Delta-97]: "/i grizz"
[12/13/2022 10:06:34 PM] [Info] Giving Red__Bear item 297:1
[12/13/2022 10:06:34 PM] [Info] [Group] Red__Bear [Delta-97]: "/i "grizzly aid""
[12/13/2022 10:06:51 PM] [Info] [Group] Red__Bear [Delta-97]: "/i 37170 5"
[12/13/2022 10:07:03 PM] [Info] Giving Red__Bear item 37170:5
[12/13/2022 10:07:03 PM] [Info] [Group] Red__Bear [Delta-97]: "/i parac"
[12/13/2022 10:07:13 PM] [Info] [World] reaper [JACK THE RIPPER]: "what did jMES SAID'"
[12/13/2022 10:07:31 PM] [Info] [World] reaper [JACK THE RIPPER]: "did james acc the job??"
[12/13/2022 10:07:34 PM] [Info] [Group] Red__Bear [Delta-97]: "/i c7a2"
[12/13/2022 10:07:58 PM] [Info] Giving Red__Bear item 58153:1
[12/13/2022 10:07:58 PM] [Info] [World] reaper [JACK THE RIPPER]: "it war"
[12/13/2022 10:08:23 PM] [Info] [World] reaper [JACK THE RIPPER]: "like me"
[12/13/2022 10:08:40 PM] [Info] [World] reaper [JACK THE RIPPER]: "unless"
[12/13/2022 10:09:05 PM] [Info] [World] reaper [JACK THE RIPPER]: "/v 38308"
[12/13/2022 10:09:14 PM] [Info] Giving reaper vehicle 38308
[12/13/2022 10:09:14 PM] [Info] [Group] Red__Bear [Delta-97]: "/v lav"
[12/13/2022 10:09:37 PM] [Info] Giving Red__Bear vehicle 38335
[12/13/2022 10:09:37 PM] [Info] [World] reaper [JACK THE RIPPER]: "wt"
[12/13/2022 10:09:54 PM] [Info] [World] reaper [JACK THE RIPPER]: "we need safezone"
[12/13/2022 10:10:19 PM] [Info] [World] reaper [JACK THE RIPPER]: "ya so there can be shop,house, and mall"
[12/13/2022 10:10:35 PM] [Info] [World] reaper [JACK THE RIPPER]: "we can'"
[12/13/2022 10:10:42 PM] [Info] [World] reaper [JACK THE RIPPER]: "but too much under ground work"
[12/13/2022 10:10:55 PM] [Info] [Group] Red__Bear [Delta-97]: "/kick red"
[12/13/2022 10:10:59 PM] [Info] Successfully kicked Delta-97!
[12/13/2022 10:10:59 PM] [Info] [World] reaper [JACK THE RIPPER]: "but how tf they get out"
[12/13/2022 10:13:27 PM] [Info] Saving server
[12/13/2022 10:16:28 PM] [Info] Connecting: PlayerID: 76561199035738472 Name: Delta-97 Character: Red__Bear
[12/13/2022 10:16:40 PM] [Info] [World] reaper [JACK THE RIPPER]: "red i just sign up for police"
[12/13/2022 10:16:44 PM] [Info] [Group] Red__Bear [Delta-97]: "/tp reaper"
[12/13/2022 10:16:44 PM] [Info] Red__Bear teleported to reaper
[12/13/2022 10:17:28 PM] [Info] [World] reaper [JACK THE RIPPER]: "tree killer"
[12/13/2022 10:17:54 PM] [Info] [Group] Red__Bear [Delta-97]: "/i sog"
[12/13/2022 10:18:05 PM] [Info] Giving Red__Bear item 58799:1
[12/13/2022 10:18:05 PM] [Info] [World] reaper [JACK THE RIPPER]: "/i "battle axe""
[12/13/2022 10:18:10 PM] [Info] Giving reaper item 58799:1
[12/13/2022 10:18:10 PM] [Info] [World] reaper [JACK THE RIPPER]: "/heal"
[12/13/2022 10:18:18 PM] [Info] [World] reaper [JACK THE RIPPER]: "/heal"
[12/13/2022 10:18:49 PM] [Info] Red__Bear [Delta-97] was chopped in the arm by reaper [JACK THE RIPPER]!
[12/13/2022 10:19:01 PM] [Info] [World] reaper [JACK THE RIPPER]: "/i knife"
[12/13/2022 10:19:08 PM] [Info] Giving reaper item 139:1
[12/13/2022 10:19:08 PM] [Info] [World] reaper [JACK THE RIPPER]: "/tp red"
[12/13/2022 10:19:08 PM] [Info] reaper teleported to Red__Bear
[12/13/2022 10:19:15 PM] [Info] [Group] Red__Bear [Delta-97]: "/i 37184 10"
[12/13/2022 10:19:15 PM] [Info] Giving Red__Bear item 37184:10
[12/13/2022 10:19:48 PM] [Info] [World] reaper [JACK THE RIPPER]: "never"
[12/13/2022 10:19:56 PM] [Info] [Group] Red__Bear [Delta-97]: "/i m134"
[12/13/2022 10:20:17 PM] [Info] Giving Red__Bear item 58768:1
[12/13/2022 10:20:17 PM] [Info] reaper [JACK THE RIPPER] was shot in the torso by Red__Bear [Delta-97]!
[12/13/2022 10:20:21 PM] [Info] [World] reaper [JACK THE RIPPER]: "/tp red"
[12/13/2022 10:20:21 PM] [Info] reaper teleported to Red__Bear
[12/13/2022 10:20:22 PM] [Info] reaper moved x:324.8693 y:63.93641(+24.1785) z:111.148 in the last second (0.101326)
[12/13/2022 10:20:26 PM] [Info] Red__Bear [Delta-97] was chopped in the arm by reaper [JACK THE RIPPER]!
[12/13/2022 10:20:40 PM] [Info] [Group] Red__Bear [Delta-97]: "/i feather"
[12/13/2022 10:20:43 PM] [Info] [Group] Red__Bear [Delta-97]: "/i feath"
[12/13/2022 10:20:47 PM] [Info] [World] reaper [JACK THE RIPPER]: "/tp red"
[12/13/2022 10:20:47 PM] [Info] reaper teleported to Red__Bear
[12/13/2022 10:22:41 PM] [Info] reaper [JACK THE RIPPER] was chopped in the head by Red__Bear [Delta-97]!
[12/13/2022 10:22:51 PM] [Info] [Group] Red__Bear [Delta-97]: "/v m1a2"
[12/13/2022 10:23:07 PM] [Info] Giving Red__Bear vehicle 38337
[12/13/2022 10:23:07 PM] [Info] [World] reaper [JACK THE RIPPER]: "/home"
[12/13/2022 10:23:09 PM] [Info] [World] reaper [JACK THE RIPPER]: "back"
[12/13/2022 10:23:13 PM] [Info] [World] reaper [JACK THE RIPPER]: "/tp red"
[12/13/2022 10:23:13 PM] [Info] reaper teleported to Red__Bear
[12/13/2022 10:23:24 PM] [Info] [World] reaper [JACK THE RIPPER]: "/tp red"
[12/13/2022 10:23:24 PM] [Info] reaper teleported to Red__Bear
[12/13/2022 10:23:32 PM] [Info] [World] reaper [JACK THE RIPPER]: "red"
[12/13/2022 10:23:35 PM] [Info] [World] reaper [JACK THE RIPPER]: "come out"
[12/13/2022 10:23:38 PM] [Info] [World] reaper [JACK THE RIPPER]: "/tp red"
[12/13/2022 10:23:38 PM] [Info] reaper teleported to Red__Bear
[12/13/2022 10:23:46 PM] [Info] [World] reaper [JACK THE RIPPER]: "/teleportw pw"
[12/13/2022 10:23:49 PM] [Info] [World] reaper [JACK THE RIPPER]: "/teleport wp"
[12/13/2022 10:23:53 PM] [Info] Successfully teleported JACK THE RIPPER to waypoint!
[12/13/2022 10:23:53 PM] [Info] [World] reaper [JACK THE RIPPER]: "/tp red"
[12/13/2022 10:23:53 PM] [Info] reaper teleported to Red__Bear
[12/13/2022 10:23:59 PM] [Info] [World] reaper [JACK THE RIPPER]: "/teleport wp"
[12/13/2022 10:23:59 PM] [Info] Successfully teleported JACK THE RIPPER to waypoint!
[12/13/2022 10:24:18 PM] [Info] [Group] Red__Bear [Delta-97]: "/i "120mm armor" 10"
[12/13/2022 10:24:28 PM] [Info] Giving Red__Bear item 38371:10
[12/13/2022 10:24:28 PM] [Info] [Group] Red__Bear [Delta-97]: "/i munition 5"
[12/13/2022 10:24:46 PM] [Info] Giving Red__Bear item 38322:5
[12/13/2022 10:24:46 PM] [Info] [Group] Red__Bear [Delta-97]: "/i "smoke mun" 5"
[12/13/2022 10:25:45 PM] [Info] Giving Red__Bear item 38384:5
[12/13/2022 10:25:45 PM] [Info] [World] reaper [JACK THE RIPPER]: "/tp  red"
[12/13/2022 10:25:45 PM] [Info] reaper teleported to Red__Bear
[12/13/2022 10:25:49 PM] [Info] [World] reaper [JACK THE RIPPER]: "red come out"
[12/13/2022 10:27:31 PM] [Info] [World] reaper [JACK THE RIPPER]: "/tp red"
[12/13/2022 10:27:31 PM] [Info] reaper teleported to Red__Bear
[12/13/2022 10:28:43 PM] [Info] reaper [JACK THE RIPPER] was shot in the torso by Red__Bear [Delta-97]!
[12/13/2022 10:28:48 PM] [Info] [World] reaper [JACK THE RIPPER]: "/tp red"
[12/13/2022 10:28:48 PM] [Info] reaper teleported to Red__Bear
[12/13/2022 10:28:50 PM] [Info] [World] reaper [JACK THE RIPPER]: "/tp reaper"
[12/13/2022 10:28:50 PM] [Info] reaper teleported to reaper
[12/13/2022 10:28:54 PM] [Info] [World] reaper [JACK THE RIPPER]: "/tp back"
[12/13/2022 10:28:59 PM] [Info] [World] reaper [JACK THE RIPPER]: "/teleprt wp"
[12/13/2022 10:29:01 PM] [Info] [Group] Red__Bear [Delta-97]: "/weather clear"
[12/13/2022 10:29:02 PM] [Error] Failed to find weather called clear.
[12/13/2022 10:29:02 PM] [Info] [World] reaper [JACK THE RIPPER]: "/teleport wp"
[12/13/2022 10:29:02 PM] [Info] Successfully teleported JACK THE RIPPER to waypoint!
[12/13/2022 10:29:08 PM] [Info] [Group] Red__Bear [Delta-97]: "/weather none"
[12/13/2022 10:29:29 PM] [Info] Successfully set weather to none!
[12/13/2022 10:29:29 PM] [Info] [World] reaper [JACK THE RIPPER]: "/i rpg"
[12/13/2022 10:29:31 PM] [Info] Giving reaper item 19358:1
[12/13/2022 10:29:31 PM] [Info] [Group] Red__Bear [Delta-97]: "/i night"
[12/13/2022 10:29:38 PM] [Info] Giving Red__Bear item 1377:1
[12/13/2022 10:29:38 PM] [Info] [Group] Red__Bear [Delta-97]: "/i "nightvision tan""
[12/13/2022 10:29:52 PM] [Info] Giving Red__Bear item 37555:1
[12/13/2022 10:29:52 PM] [Info] [Group] Red__Bear [Delta-97]: "/i "monoc""
[12/13/2022 10:30:11 PM] [Info] [World] reaper [JACK THE RIPPER]: "/teleport wp"
[12/13/2022 10:30:11 PM] [Info] Successfully teleported JACK THE RIPPER to waypoint!
[12/13/2022 10:30:13 PM] [Info] [World] reaper [JACK THE RIPPER]: "/day"
[12/13/2022 10:30:17 PM] [Info] Successfully set time to day!
[12/13/2022 10:30:17 PM] [Info] [World] reaper [JACK THE RIPPER]: "/v  Guff Gringle Skin"
[12/13/2022 10:30:19 PM] [Info] [World] reaper [JACK THE RIPPER]: "/v  Guff Gringle Skin"
[12/13/2022 10:30:23 PM] [Info] [World] reaper [JACK THE RIPPER]: "/night\"
[12/13/2022 10:30:25 PM] [Info] [World] reaper [JACK THE RIPPER]: "/ngiht"
[12/13/2022 10:30:40 PM] [Info] [World] reaper [JACK THE RIPPER]: "/v 38308"
[12/13/2022 10:30:56 PM] [Info] Giving reaper vehicle 38308
[12/13/2022 10:30:56 PM] [Info] [Group] Red__Bear [Delta-97]: "/i barret"
[12/13/2022 10:31:06 PM] [Info] Giving Red__Bear item 58226:1
[12/13/2022 10:31:06 PM] [Info] [Group] Red__Bear [Delta-97]: "/i "barret m107 ant""
[12/13/2022 10:31:24 PM] [Info] [Group] Red__Bear [Delta-97]: "/i 58222"
[12/13/2022 10:31:24 PM] [Info] Giving Red__Bear item 58222:1
[12/13/2022 10:31:28 PM] [Info] [Group] Red__Bear [Delta-97]: "/i dot"
[12/13/2022 10:31:33 PM] [Info] Giving Red__Bear item 146:1
[12/13/2022 10:31:33 PM] [Info] Red__Bear [Delta-97] was blown up by reaper [JACK THE RIPPER] with an explosive bullet!
[12/13/2022 10:31:41 PM] [Info] [World] reaper [JACK THE RIPPER]: "free tank"
[12/13/2022 10:31:52 PM] [Info] [World] reaper [JACK THE RIPPER]: "fuck it locked"
[12/13/2022 10:32:15 PM] [Info] [World] reaper [JACK THE RIPPER]: "/v 38308"
[12/13/2022 10:32:17 PM] [Info] Giving reaper vehicle 38308
[12/13/2022 10:32:17 PM] [Info] [Group] Red__Bear [Delta-97]: "/i steal"
[12/13/2022 10:32:22 PM] [Info] Giving Red__Bear item 34901:1
[12/13/2022 10:32:22 PM] [Info] [Group] Red__Bear [Delta-97]: "/i steali"
[12/13/2022 10:32:26 PM] [Info] [Group] Red__Bear [Delta-97]: "/i automo"
[12/13/2022 10:32:39 PM] [Info] Giving Red__Bear item 1353:1
[12/13/2022 10:32:39 PM] [Info] Red__Bear [Delta-97] was shot in the head by reaper [JACK THE RIPPER]!
[12/13/2022 10:32:45 PM] [Info] [Group] Red__Bear [Delta-97]: "/i smaw"
[12/13/2022 10:32:50 PM] [Info] Giving Red__Bear item 58073:1
[12/13/2022 10:32:50 PM] [Info] [World] reaper [JACK THE RIPPER]: "back to tea"
[12/13/2022 10:32:52 PM] [Info] [Group] Red__Bear [Delta-97]: "/i heaa 10"
[12/13/2022 10:33:07 PM] [Info] Giving Red__Bear item 58074:10
[12/13/2022 10:33:07 PM] [Info] [Group] Red__Bear [Delta-97]: "/teleport wp"
[12/13/2022 10:33:07 PM] [Info] Successfully teleported Delta-97 to waypoint!
[12/13/2022 10:33:37 PM] [Info] [Group] Red__Bear [Delta-97]: "/teleport wp"
[12/13/2022 10:33:37 PM] [Info] Successfully teleported Delta-97 to waypoint!
[12/13/2022 10:33:50 PM] [Info] reaper [JACK THE RIPPER] was blown up by a vehicle!
[12/13/2022 10:35:00 PM] [Info] [World] reaper [JACK THE RIPPER]: "/v 38308"
[12/13/2022 10:35:29 PM] [Info] Giving reaper vehicle 38308
[12/13/2022 10:35:29 PM] [Info] [World] reaper [JACK THE RIPPER]: "red come out"
[12/13/2022 10:35:36 PM] [Info] reaper [JACK THE RIPPER] was blown up by a vehicle!
[12/13/2022 10:35:43 PM] [Info] [World] reaper [JACK THE RIPPER]: "/v 38308"
[12/13/2022 10:35:54 PM] [Info] Giving reaper vehicle 38308
[12/13/2022 10:35:54 PM] [Info] Red__Bear [Delta-97] was shot in the leg by reaper [JACK THE RIPPER]!
[12/13/2022 10:36:00 PM] [Info] [World] reaper [JACK THE RIPPER]: "nic"
[12/13/2022 10:36:02 PM] [Info] [Group] Red__Bear [Delta-97]: "/i 16x"
[12/13/2022 10:36:07 PM] [Info] Giving Red__Bear item 296:1
[12/13/2022 10:36:07 PM] [Info] [Group] Red__Bear [Delta-97]: "/i rangefi"
[12/13/2022 10:36:15 PM] [Info] Giving Red__Bear item 1008:1
[12/13/2022 10:36:15 PM] [Info] reaper [JACK THE RIPPER] was blown up by a vehicle!
[12/13/2022 10:36:33 PM] [Info] [Group] Red__Bear [Delta-97]: "/i woodland"
[12/13/2022 10:36:40 PM] [Info] Giving Red__Bear item 30711:1
[12/13/2022 10:36:40 PM] [Info] [Group] Red__Bear [Delta-97]: "/i 30710"
[12/13/2022 10:36:40 PM] [Info] Giving Red__Bear item 30710:1
[12/13/2022 10:36:49 PM] [Info] [Group] Red__Bear [Delta-97]: "/i "tan team e""
[12/13/2022 10:36:56 PM] [Info] [Area] Red__Bear [Delta-97]: "/i "team eddy tan""
[12/13/2022 10:37:01 PM] [Info] Giving Red__Bear item 34232:1
[12/13/2022 10:37:01 PM] [Info] [Group] Red__Bear [Delta-97]: "/i jumper"
[12/13/2022 10:37:13 PM] [Info] Giving Red__Bear item 34908:1
[12/13/2022 10:37:13 PM] [Info] [Group] Red__Bear [Delta-97]: "/i "exotic tay jum""
[12/13/2022 10:37:18 PM] [Info] [Area] Red__Bear [Delta-97]: "/i "exotic tan jum""
[12/13/2022 10:37:24 PM] [Info] Giving Red__Bear item 34145:1
[12/13/2022 10:37:24 PM] [Info] [Group] Red__Bear [Delta-97]: "/i 34144"
[12/13/2022 10:37:24 PM] [Info] Giving Red__Bear item 34144:1
[12/13/2022 10:38:48 PM] [Info] [Group] Red__Bear [Delta-97]: "/i heaa 5"
[12/13/2022 10:39:03 PM] [Info] Giving Red__Bear item 58074:5
[12/13/2022 10:39:03 PM] [Info] [World] reaper [JACK THE RIPPER]: "/tp red"
[12/13/2022 10:39:03 PM] [Info] reaper teleported to Red__Bear
[12/13/2022 10:39:17 PM] [Info] reaper [JACK THE RIPPER] was blown up by Red__Bear [Delta-97] with a missile!
[12/13/2022 10:39:17 PM] [Info] Red__Bear [Delta-97] was blown up by Red__Bear [Delta-97] with a missile!
[12/13/2022 10:39:22 PM] [Info] [World] reaper [JACK THE RIPPER]: "kos"
[12/13/2022 10:39:32 PM] [Info] [World] Red__Bear [Delta-97]: "lmao imagine"
[12/13/2022 10:39:39 PM] [Info] [World] Red__Bear [Delta-97]: "you had a knife"
[12/13/2022 10:39:45 PM] [Info] [World] Red__Bear [Delta-97]: "it was selfe defense"
[12/13/2022 10:40:04 PM] [Info] Disconnecting: PlayerID: 76561199035738472 Name: Delta-97 Character: Red__Bear
[12/13/2022 10:43:27 PM] [Info] Saving server
[12/13/2022 10:52:17 PM] [Info] Disconnecting: PlayerID: 76561199074224396 Name: JACK THE RIPPER Character: reaper
[12/13/2022 10:52:29 PM] [Info] Connecting: PlayerID: 76561199035738472 Name: Delta-97 Character: Red__Bear
[12/13/2022 10:53:56 PM] [Info] Disconnecting: PlayerID: 76561199035738472 Name: Delta-97 Character: Red__Bear
[12/13/2022 10:54:03 PM] [Info] Connecting: PlayerID: 76561199074224396 Name: JACK THE RIPPER Character: reaper
[12/13/2022 10:54:08 PM] [Info] Disconnecting: PlayerID: 76561199074224396 Name: JACK THE RIPPER Character: reaper
[12/13/2022 11:13:27 PM] [Info] Saving server
[12/13/2022 11:13:37 PM] [Info] Lost connection to Steam servers because k_EResultNoConnection
[12/13/2022 11:13:37 PM] [Info] Failed to connect to Steam servers because k_EResultNoConnection, still retrying
[12/13/2022 11:43:27 PM] [Info] Saving server
[12/14/2022 12:13:27 AM] [Info] Saving server
[12/14/2022 12:43:27 AM] [Info] Saving server
[12/14/2022 1:13:27 AM] [Info] Saving server
[12/14/2022 1:43:05 AM] [Info] Lost connection to Steam servers because k_EResultNoConnection
[12/14/2022 1:43:27 AM] [Info] Saving server
[12/14/2022 2:13:27 AM] [Info] Saving server
[12/14/2022 2:43:27 AM] [Info] Saving server
[12/14/2022 3:13:27 AM] [Info] Saving server
[12/14/2022 3:14:47 AM] [Info] Lost connection to Steam servers because k_EResultNoConnection
[12/14/2022 3:15:05 AM] [Info] Failed to connect to Steam servers because k_EResultNoConnection, still retrying
[12/14/2022 3:26:30 AM] [Info] Lost connection to Steam servers because k_EResultNoConnection
[12/14/2022 3:43:27 AM] [Info] Saving server
[12/14/2022 4:13:27 AM] [Info] Saving server
[12/14/2022 4:43:27 AM] [Info] Saving server
[12/14/2022 5:13:27 AM] [Info] Saving server
[12/14/2022 5:43:27 AM] [Info] Saving server
[12/14/2022 6:13:27 AM] [Info] Saving server
[12/14/2022 6:43:27 AM] [Info] Saving server
[12/14/2022 7:13:27 AM] [Info] Saving server
[12/14/2022 7:43:27 AM] [Info] Saving server
[12/14/2022 8:13:27 AM] [Info] Saving server
[12/14/2022 8:43:27 AM] [Info] Saving server
[12/14/2022 9:13:27 AM] [Info] Saving server
[12/14/2022 9:43:28 AM] [Info] Saving server
[12/14/2022 10:13:28 AM] [Info] Saving server
[12/14/2022 10:43:28 AM] [Info] Saving server
[12/14/2022 11:13:28 AM] [Info] Saving server
[12/14/2022 11:43:28 AM] [Info] Saving server
[12/14/2022 12:13:28 PM] [Info] Saving server
[12/14/2022 12:43:28 PM] [Info] Saving server
[12/14/2022 1:13:28 PM] [Info] Saving server
[12/14/2022 1:43:28 PM] [Info] Saving server
[12/14/2022 2:13:28 PM] [Info] Saving server
[12/14/2022 2:43:28 PM] [Info] Saving server
[12/14/2022 3:13:28 PM] [Info] Saving server
[12/14/2022 3:43:28 PM] [Info] Saving server
[12/14/2022 4:13:28 PM] [Info] Saving server
[12/14/2022 4:43:28 PM] [Info] Saving server
[12/14/2022 5:13:28 PM] [Info] Saving server
[12/14/2022 5:43:28 PM] [Info] Saving server
[12/14/2022 6:13:28 PM] [Info] Saving server
[12/14/2022 6:20:48 PM] [Info] Lost connection to Steam servers because k_EResultServiceUnavailable
[12/14/2022 6:21:10 PM] [Info] Failed to connect to Steam servers because k_EResultNoConnection, still retrying
[12/14/2022 6:21:38 PM] [Info] Failed to connect to Steam servers because k_EResultNoConnection, still retrying
[12/14/2022 6:22:09 PM] [Info] Failed to connect to Steam servers because k_EResultNoConnection, still retrying
[12/14/2022 6:22:57 PM] [Info] Failed to connect to Steam servers because k_EResultNoConnection, still retrying
[12/14/2022 6:23:46 PM] [Info] Failed to connect to Steam servers because k_EResultNoConnection, still retrying
[12/14/2022 6:43:28 PM] [Info] Saving server
[12/14/2022 7:13:28 PM] [Info] Saving server
[12/14/2022 7:43:28 PM] [Info] Saving server
[12/14/2022 8:13:28 PM] [Info] Saving server
[12/14/2022 8:43:28 PM] [Info] Saving server
[12/14/2022 9:13:28 PM] [Info] Saving server
[12/14/2022 9:43:28 PM] [Info] Saving server
[12/14/2022 10:13:28 PM] [Info] Saving server
[12/14/2022 10:43:28 PM] [Info] Saving server
[12/14/2022 11:13:28 PM] [Info] Saving server
[12/14/2022 11:43:28 PM] [Info] Saving server
[12/15/2022 12:13:28 AM] [Info] Saving server
[12/15/2022 12:43:28 AM] [Info] Saving server
[12/15/2022 1:13:28 AM] [Info] Saving server
[12/15/2022 1:43:28 AM] [Info] Saving server
[12/15/2022 2:13:28 AM] [Info] Saving server
[12/15/2022 2:43:28 AM] [Info] Saving server
[12/15/2022 3:13:28 AM] [Info] Saving server
[12/15/2022 3:43:28 AM] [Info] Saving server
[12/15/2022 4:13:28 AM] [Info] Saving server
[12/15/2022 4:43:28 AM] [Info] Saving server
[12/15/2022 5:13:28 AM] [Info] Saving server
[12/15/2022 5:34:26 AM] [Info] Lost connection to Steam servers because k_EResultNoConnection
[12/15/2022 5:43:28 AM] [Info] Saving server
[12/15/2022 5:58:03 AM] [Info] Lost connection to Steam servers because k_EResultNoConnection
[12/15/2022 5:58:03 AM] [Info] Failed to connect to Steam servers because k_EResultNoConnection, still retrying
[12/15/2022 6:13:28 AM] [Info] Saving server
[12/15/2022 6:43:28 AM] [Info] Saving server
[12/15/2022 7:13:28 AM] [Info] Saving server
[12/15/2022 7:43:28 AM] [Info] Saving server
[12/15/2022 8:13:28 AM] [Info] Saving server
[12/15/2022 8:43:28 AM] [Info] Saving server
[12/15/2022 9:13:28 AM] [Info] Saving server
[12/15/2022 9:43:28 AM] [Info] Saving server
[12/15/2022 10:13:28 AM] [Info] Saving server
[12/15/2022 10:43:28 AM] [Info] Saving server
[12/15/2022 11:13:28 AM] [Info] Saving server
[12/15/2022 11:43:28 AM] [Info] Saving server
[12/15/2022 12:13:28 PM] [Info] Saving server
[12/15/2022 12:43:28 PM] [Info] Saving server
[12/15/2022 1:13:28 PM] [Info] Saving server
[12/15/2022 1:43:28 PM] [Info] Saving server
[12/15/2022 2:13:28 PM] [Info] Saving server
[12/15/2022 2:43:28 PM] [Info] Saving server
[12/15/2022 3:13:28 PM] [Info] Saving server
[12/15/2022 3:43:28 PM] [Info] Saving server
[12/15/2022 4:13:28 PM] [Info] Saving server
[12/15/2022 4:43:28 PM] [Info] Saving server
[12/15/2022 5:13:28 PM] [Info] Saving server
[12/15/2022 5:25:01 PM] [Info] Lost connection to Steam servers because k_EResultNoConnection
[12/15/2022 5:43:28 PM] [Info] Failed to connect to Steam servers because k_EResultNoConnection, still retrying
[12/15/2022 5:43:28 PM] [Info] Saving server
[12/15/2022 6:13:28 PM] [Info] Saving server
[12/15/2022 6:43:28 PM] [Info] Saving server
[12/15/2022 7:13:28 PM] [Info] Saving server
[12/15/2022 7:43:28 PM] [Info] Saving server
[12/15/2022 8:13:28 PM] [Info] Saving server
[12/15/2022 8:43:28 PM] [Info] Saving server
[12/15/2022 9:13:28 PM] [Info] Saving server
[12/15/2022 9:43:28 PM] [Info] Saving server
[12/15/2022 9:53:40 PM] [Info] Lost connection to Steam servers because k_EResultNoConnection
[12/15/2022 10:13:28 PM] [Info] Saving server
[12/15/2022 10:43:28 PM] [Info] Saving server
[12/15/2022 11:13:28 PM] [Info] Saving server
[12/15/2022 11:43:28 PM] [Info] Saving server
[12/16/2022 12:06:11 AM] [Info] Lost connection to Steam servers because k_EResultNoConnection
[12/16/2022 12:06:20 AM] [Info] Failed to connect to Steam servers because k_EResultNoConnection, still retrying
[12/16/2022 12:06:21 AM] [Info] Failed to connect to Steam servers because k_EResultNoConnection, still retrying
[12/16/2022 12:06:41 AM] [Info] Failed to connect to Steam servers because k_EResultNoConnection, still retrying
[12/16/2022 12:13:28 AM] [Info] Saving server
[12/16/2022 12:43:28 AM] [Info] Saving server
[12/16/2022 1:13:28 AM] [Info] Saving server
[12/16/2022 1:43:28 AM] [Info] Saving server
[12/16/2022 2:13:28 AM] [Info] Saving server
[12/16/2022 2:43:28 AM] [Info] Saving server
[12/16/2022 3:13:28 AM] [Info] Saving server
[12/16/2022 3:43:28 AM] [Info] Saving server
[12/16/2022 4:13:28 AM] [Info] Saving server
[12/16/2022 4:43:28 AM] [Info] Saving server
[12/16/2022 5:13:28 AM] [Info] Saving server
[12/16/2022 5:43:29 AM] [Info] Saving server
[12/16/2022 6:13:29 AM] [Info] Saving server
[12/16/2022 6:43:29 AM] [Info] Saving server
[12/16/2022 7:13:29 AM] [Info] Saving server
[12/16/2022 7:43:29 AM] [Info] Saving server
[12/16/2022 8:13:29 AM] [Info] Saving server
[12/16/2022 8:43:29 AM] [Info] Saving server
[12/16/2022 9:13:29 AM] [Info] Saving server
[12/16/2022 9:43:29 AM] [Info] Saving server
[12/16/2022 10:13:29 AM] [Info] Saving server
[12/16/2022 10:43:29 AM] [Info] Saving server
[12/16/2022 11:13:29 AM] [Info] Saving server
[12/16/2022 11:43:29 AM] [Info] Saving server
[12/16/2022 12:13:29 PM] [Info] Saving server
[12/16/2022 12:43:29 PM] [Info] Saving server
[12/16/2022 12:56:39 PM] [Info] Lost connection to Steam servers because k_EResultNoConnection
[12/16/2022 12:56:39 PM] [Info] Failed to connect to Steam servers because k_EResultNoConnection, still retrying
[12/16/2022 1:13:29 PM] [Info] Saving server
[12/16/2022 1:16:51 PM] [Info] 
[unloading] uEssentials
