[3/24/2023 11:47:01 AM] [Info] Failed to connect to Steam servers because k_EResultNoConnection, still retrying
[3/24/2023 11:47:41 AM] [Info] Failed to connect to Steam servers because k_EResultNoConnection, still retrying
[3/24/2023 11:47:57 AM] [Info] Steam servers ready!
[3/24/2023 11:47:58 AM] [Info] Workshop install folder: C:\Program Files (x86)\Steam\steamapps\common\U3DS/Servers/LFO/Workshop/Steam
[3/24/2023 11:47:58 AM] [Info] 9 workshop item(s) requested
[3/24/2023 11:47:58 AM] [Info] Submitting workshop query for 9 item(s)...
[3/24/2023 11:47:58 AM] [Info] Workshop query yielded 9 result(s)
[3/24/2023 11:54:44 AM] [Info] This server's allowed IP for Workshop downloads: 73.253.101.49
[3/24/2023 11:54:44 AM] [Info] 877777769 'Furniture Expansion' queued for download
[3/24/2023 11:54:44 AM] [Info] 1717095606 'Creator Tools' queued for download
[3/24/2023 11:54:44 AM] [Info] Authorized to download 2069342497 'Survivor's Expansion'
[3/24/2023 11:54:44 AM] [Info] 2069342497 'Survivor's Expansion' queued for download
[3/24/2023 11:54:44 AM] [Info] 2133808330 'Music Remaster 3.0' queued for download
[3/24/2023 11:54:44 AM] [Info] 1232252658 'More Farming Mod' queued for download
[3/24/2023 11:54:44 AM] [Info] 1909152337 'California Assets' queued for download
[3/24/2023 11:54:44 AM] [Info] Authorized to download 2802239233 'UDarkRP Vehicles'
[3/24/2023 11:54:44 AM] [Info] 2802239233 'UDarkRP Vehicles' queued for download
[3/24/2023 11:54:44 AM] [Info] 2683620106 'Arid' queued for download
[3/24/2023 11:54:44 AM] [Info] 2839462324 'Uncreated Content' queued for download
[3/24/2023 11:54:44 AM] [Info] 9 workshop item(s) to download...
[3/24/2023 11:54:44 AM] [Info] Workshop item found in cache: 877777769
[3/24/2023 11:54:44 AM] [Info] Installing workshop item: 877777769
[3/24/2023 11:54:44 AM] [Info] Installed workshop item: 877777769
[3/24/2023 11:54:44 AM] [Info] Workshop item found in cache: 1717095606
[3/24/2023 11:54:44 AM] [Info] Installing workshop item: 1717095606
[3/24/2023 11:54:44 AM] [Info] Installed workshop item: 1717095606
[3/24/2023 11:54:44 AM] [Info] Workshop item found in cache: 2069342497
[3/24/2023 11:54:44 AM] [Info] Installing workshop item: 2069342497
[3/24/2023 11:54:44 AM] [Info] Installed workshop item: 2069342497
[3/24/2023 11:54:44 AM] [Info] Workshop item found in cache: 2133808330
[3/24/2023 11:54:44 AM] [Info] Installing workshop item: 2133808330
[3/24/2023 11:54:44 AM] [Info] Installed workshop item: 2133808330
[3/24/2023 11:54:44 AM] [Info] Workshop item found in cache: 1232252658
[3/24/2023 11:54:44 AM] [Info] Installing workshop item: 1232252658
[3/24/2023 11:54:44 AM] [Info] Installed workshop item: 1232252658
[3/24/2023 11:54:44 AM] [Info] Workshop item found in cache: 1909152337
[3/24/2023 11:54:44 AM] [Info] Installing workshop item: 1909152337
[3/24/2023 11:54:44 AM] [Info] Installed workshop item: 1909152337
[3/24/2023 11:54:44 AM] [Info] Workshop item found in cache: 2802239233
[3/24/2023 11:54:44 AM] [Info] Installing workshop item: 2802239233
[3/24/2023 11:54:44 AM] [Info] Installed workshop item: 2802239233
[3/24/2023 11:54:44 AM] [Info] Workshop item found in cache: 2683620106
[3/24/2023 11:54:44 AM] [Info] Installing workshop item: 2683620106
[3/24/2023 11:54:44 AM] [Info] Installed workshop item: 2683620106
[3/24/2023 11:54:44 AM] [Info] Downloading workshop item: 2839462324
[3/24/2023 11:54:44 AM] [Warning] Download workshop item 2839462324 failed, result: k_EResultTimeout
[3/24/2023 11:54:46 AM] [Info] Loading level: 8%
[3/24/2023 11:54:48 AM] [Info] Loading level: 16%
[3/24/2023 11:54:49 AM] [Info] Loading level: 25%
[3/24/2023 11:54:49 AM] [Info] Loading level: 33%
[3/24/2023 11:54:49 AM] [Info] Loading level: 41%
[3/24/2023 11:54:49 AM] [Info] Loading level: 50%
[3/24/2023 11:54:49 AM] [Info] Loading level: 58%
[3/24/2023 11:54:49 AM] [Info] Loading level: 66%
[3/24/2023 11:54:49 AM] [Info] Loading level: 75%
[3/24/2023 11:54:49 AM] [Info] Loading level: 83%
[3/24/2023 11:54:49 AM] [Info] Loading level: 91%
[3/24/2023 11:54:49 AM] [Info] Loading level: 100%
[3/24/2023 12:02:03 PM] [Info] BattlEye Server: Player #0 Shake (10.16.17.81:55347) connected
[3/24/2023 12:02:18 PM] [Info] BattlEye Server: Player #0 Shake - BE GUID: f4abbf8aa333c3b24b5656c70080f342
[3/24/2023 12:02:18 PM] [Info] Connecting: PlayerID: 76561199035738472 Name: Shake Character: Shake
[3/24/2023 12:02:18 PM] [Info] BattlEye Server: Connected to BE Master
[3/24/2023 12:02:21 PM] [Info] [Group] Shake [Shake]: "/i woodland"
[3/24/2023 12:02:29 PM] [Info] [Group] Shake [Shake]: "/day"
[3/24/2023 12:02:29 PM] [Info] Successfully set time to day!
[3/24/2023 12:02:34 PM] [Info] [Group] Shake [Shake]: "/i akm"
[3/24/2023 12:02:42 PM] [Info] [Group] Shake [Shake]: "/i 15"
[3/24/2023 12:02:49 PM] [Info] [Group] Shake [Shake]: "/i "wood""
[3/24/2023 12:02:56 PM] [Info] [Area] Shake [Shake]: "/i "woodland""
[3/24/2023 12:03:01 PM] [Info] [Area] Shake [Shake]: "/i "marpat""
[3/24/2023 12:03:15 PM] [Info] [Group] Shake [Shake]: "/i 30710"
[3/24/2023 12:03:21 PM] [Info] [World] Shake [Shake]: "/give 30710"
[3/24/2023 12:03:21 PM] [Error] Failed to find any item called 30710.
[3/24/2023 12:03:39 PM] [Info] Disconnecting: PlayerID: 76561199035738472 Name: Shake Character: Shake
[3/24/2023 12:03:39 PM] [Info] BattlEye Server: Player #0 Shake disconnected
[3/24/2023 12:04:28 PM] [Info] BattlEye Server: Player #0 Shake (10.16.17.81:62994) connected
[3/24/2023 12:04:28 PM] [Info] BattlEye Server: Player #0 Shake - BE GUID: f4abbf8aa333c3b24b5656c70080f342
[3/24/2023 12:04:59 PM] [Info] Connecting: PlayerID: 76561199035738472 Name: Shake Character: Shake
[3/24/2023 12:04:59 PM] [Info] [Group] Shake [Shake]: "/give 30713"
[3/24/2023 12:04:59 PM] [Error] Failed to find any item called 30713.
[3/24/2023 12:05:18 PM] [Info] [Group] Shake [Shake]: "/give 59735"
[3/24/2023 12:05:18 PM] [Info] Successfully gave Shake 59735 x1!
[3/24/2023 12:06:40 PM] [Info] [Group] Shake [Shake]: "/i demo"
[3/24/2023 12:06:45 PM] [Info] [Group] Shake [Shake]: "/i deto"
[3/24/2023 12:07:11 PM] [Info] Disconnecting: PlayerID: 76561199035738472 Name: Shake Character: Shake
[3/24/2023 12:07:11 PM] [Info] BattlEye Server: Player #0 Shake disconnected
[3/24/2023 12:11:34 PM] [Info] BattlEye Server: Player #0 Shake (10.16.17.81:57985) connected
[3/24/2023 12:11:34 PM] [Info] BattlEye Server: Player #0 Shake - BE GUID: f4abbf8aa333c3b24b5656c70080f342
[3/24/2023 12:12:05 PM] [Info] Connecting: PlayerID: 76561199035738472 Name: Shake Character: Shake
[3/24/2023 12:12:05 PM] [Info] [Group] Shake [Shake]: "/give 59839"
[3/24/2023 12:12:05 PM] [Info] Successfully gave Shake 59839 x1!
[3/24/2023 12:12:15 PM] [Info] [Group] Shake [Shake]: "/i 59344"
[3/24/2023 12:12:23 PM] [Info] [Group] Shake [Shake]: "/i 59128"
[3/24/2023 12:12:34 PM] [Info] [Group] Shake [Shake]: "/i caske 10"
[3/24/2023 12:12:50 PM] [Info] [Group] Shake [Shake]: "/i medical 4"
[3/24/2023 12:13:03 PM] [Info] [Group] Shake [Shake]: "/i 59636 4"
[3/24/2023 12:13:12 PM] [Info] [Area] Shake [Shake]: "/i 59636"
[3/24/2023 12:13:39 PM] [Info] [Group] Shake [Shake]: "/i balacla"
[3/24/2023 12:14:19 PM] [Info] [Group] Shake [Shake]: "/i 59349"
[3/24/2023 12:14:27 PM] [Info] [Group] Shake [Shake]: "/i "halotech scope tan""
[3/24/2023 12:14:51 PM] [Info] [Group] Shake [Shake]: "/exit"
[3/24/2023 12:14:51 PM] [Info] BattlEye Server: Player #0 Shake disconnected
[3/24/2023 12:30:44 PM] [Info] 
[unloading] MoreHomes
