[4/25/2023 9:26:58 AM] [Info] Steam servers ready!
[4/25/2023 9:26:59 AM] [Info] Workshop install folder: D:\Steam\steamapps\common\U3DS/Servers/LetsFindOut/Workshop/Steam
[4/25/2023 9:26:59 AM] [Info] 0 workshop item(s) requested
[4/25/2023 9:26:59 AM] [Info] Loading level: 8%
[4/25/2023 9:27:00 AM] [Info] Loading level: 16%
[4/25/2023 9:27:00 AM] [Info] Loading level: 25%
[4/25/2023 9:27:00 AM] [Info] Loading level: 33%
[4/25/2023 9:27:00 AM] [Info] Loading level: 41%
[4/25/2023 9:27:00 AM] [Info] Loading level: 50%
[4/25/2023 9:27:00 AM] [Info] Loading level: 58%
[4/25/2023 9:27:00 AM] [Info] Loading level: 66%
[4/25/2023 9:27:00 AM] [Info] Loading level: 75%
[4/25/2023 9:27:00 AM] [Info] Loading level: 83%
[4/25/2023 9:27:00 AM] [Info] Loading level: 91%
[4/25/2023 9:27:00 AM] [Info] Loading level: 100%
[4/25/2023 9:27:04 AM] [Warning] Steam Game Server Login Token (GSLT) not set
[4/25/2023 9:27:04 AM] [Warning] Without a login token the server:
[4/25/2023 9:27:04 AM] [Warning] - Is not visible in Internet server list
[4/25/2023 9:27:04 AM] [Warning] - Cannot be joined over the Internet
[4/25/2023 9:27:04 AM] [Warning] See this link for guide and more information:
[4/25/2023 9:27:04 AM] [Warning] https://docs.smartlydressedgames.com/en/stable/servers/game-server-login-tokens.html
