[1/10/2023 5:08:23 PM] [Info] Steam servers ready!
[1/10/2023 5:08:23 PM] [Info] Workshop install folder: C:\Program Files (x86)\Steam\steamapps\common\U3DS/Servers/LFO/Workshop/Steam
[1/10/2023 5:08:23 PM] [Info] 2 workshop item(s) requested
[1/10/2023 5:08:23 PM] [Info] Submitting workshop query for 2 item(s)...
[1/10/2023 5:08:23 PM] [Info] Workshop query yielded 2 result(s)
[1/10/2023 5:08:23 PM] [Info] This server's allowed IP for Workshop downloads: 73.253.101.49
[1/10/2023 5:08:23 PM] [Info] 2899517511 'LFO Mods' has 11 children
[1/10/2023 5:08:23 PM] [Info] 	1232252658
[1/10/2023 5:08:23 PM] [Info] 	2528363491
[1/10/2023 5:08:23 PM] [Info] 	2309977886
[1/10/2023 5:08:23 PM] [Info] 	1727733956
[1/10/2023 5:08:23 PM] [Info] 	2069342497
[1/10/2023 5:08:23 PM] [Info] 	1717095606
[1/10/2023 5:08:23 PM] [Info] 	2454681372
[1/10/2023 5:08:23 PM] [Info] 	1909152337
[1/10/2023 5:08:23 PM] [Info] 	2480988643
[1/10/2023 5:08:23 PM] [Info] 	2683620106 (already queued)
[1/10/2023 5:08:23 PM] [Info] 	2133808330
[1/10/2023 5:08:23 PM] [Info] 2683620106 'Arid' queued for download
[1/10/2023 5:08:23 PM] [Info] Submitting workshop query for 10 item(s)...
[1/10/2023 5:08:24 PM] [Info] Workshop query yielded 10 result(s)
[1/10/2023 5:08:24 PM] [Info] This server's allowed IP for Workshop downloads: 73.253.101.49
[1/10/2023 5:08:24 PM] [Info] 1232252658 'More Farming Mod' queued for download
[1/10/2023 5:09:07 PM] [Info] 2528363491 'Wind Vehicles' queued for download
[1/10/2023 5:09:07 PM] [Info] 2309977886 'Wind Cars 2.0' queued for download
[1/10/2023 5:09:07 PM] [Info] 1727733956 'Pento's Tactical Apparel' queued for download
[1/10/2023 5:09:07 PM] [Info] Authorized to download 2069342497 'Survivor's Expansion'
[1/10/2023 5:09:07 PM] [Info] 2069342497 'Survivor's Expansion' queued for download
[1/10/2023 5:09:07 PM] [Info] 1717095606 'Creator Tools' queued for download
[1/10/2023 5:09:07 PM] [Info] 2454681372 'Raum's Lockers' queued for download
[1/10/2023 5:09:07 PM] [Info] 1909152337 'California Assets' queued for download
[1/10/2023 5:09:07 PM] [Info] 2480988643 'LFO Washington' queued for download
[1/10/2023 5:09:07 PM] [Info] 2133808330 'Music Remaster 3.0' queued for download
[1/10/2023 5:09:07 PM] [Info] 11 workshop item(s) to download...
[1/10/2023 5:09:07 PM] [Info] Workshop item found in cache: 2683620106
[1/10/2023 5:09:07 PM] [Info] Installing workshop item: 2683620106
[1/10/2023 5:09:07 PM] [Info] Installed workshop item: 2683620106
[1/10/2023 5:09:07 PM] [Info] Workshop item found in cache: 1232252658
[1/10/2023 5:09:07 PM] [Info] Installing workshop item: 1232252658
[1/10/2023 5:09:07 PM] [Info] Installed workshop item: 1232252658
[1/10/2023 5:09:07 PM] [Info] Workshop item found in cache: 2528363491
[1/10/2023 5:09:07 PM] [Info] Installing workshop item: 2528363491
[1/10/2023 5:09:07 PM] [Info] Installed workshop item: 2528363491
[1/10/2023 5:09:07 PM] [Info] Workshop item 2309977886 found in cache, but remote (1/10/2023 12:38:46 PM) is newer than local (12/16/2022 9:32:34 AM)
[1/10/2023 5:09:07 PM] [Info] Downloading workshop item: 2309977886
[1/10/2023 5:09:07 PM] [Info] Successfully downloaded workshop item: 2309977886
[1/10/2023 5:09:07 PM] [Info] Installing workshop item: 2309977886
[1/10/2023 5:10:48 PM] [Info] Installed workshop item: 2309977886
[1/10/2023 5:10:48 PM] [Info] Workshop item found in cache: 1727733956
[1/10/2023 5:10:48 PM] [Info] Installing workshop item: 1727733956
[1/10/2023 5:10:48 PM] [Info] Installed workshop item: 1727733956
[1/10/2023 5:10:48 PM] [Info] Workshop item found in cache: 2069342497
[1/10/2023 5:10:48 PM] [Info] Installing workshop item: 2069342497
[1/10/2023 5:10:48 PM] [Info] Installed workshop item: 2069342497
[1/10/2023 5:10:48 PM] [Info] Workshop item found in cache: 1717095606
[1/10/2023 5:10:48 PM] [Info] Installing workshop item: 1717095606
[1/10/2023 5:10:48 PM] [Info] Installed workshop item: 1717095606
[1/10/2023 5:10:48 PM] [Info] Workshop item found in cache: 2454681372
[1/10/2023 5:10:48 PM] [Info] Installing workshop item: 2454681372
[1/10/2023 5:10:48 PM] [Info] Installed workshop item: 2454681372
[1/10/2023 5:10:48 PM] [Info] Workshop item found in cache: 1909152337
[1/10/2023 5:10:48 PM] [Info] Installing workshop item: 1909152337
[1/10/2023 5:10:48 PM] [Info] Installed workshop item: 1909152337
[1/10/2023 5:10:48 PM] [Info] Workshop item found in cache: 2480988643
[1/10/2023 5:10:48 PM] [Info] Installing workshop item: 2480988643
[1/10/2023 5:10:48 PM] [Info] Installed workshop item: 2480988643
[1/10/2023 5:10:48 PM] [Info] Downloading workshop item: 2133808330
[1/10/2023 5:10:48 PM] [Info] Successfully downloaded workshop item: 2133808330
[1/10/2023 5:10:48 PM] [Info] Installing workshop item: 2133808330
[1/10/2023 5:11:01 PM] [Info] Installed workshop item: 2133808330
[1/10/2023 5:11:01 PM] [Info] Monitoring workshop map 'LFO Washington' (2480988643) for changes
[1/10/2023 5:11:01 PM] [Info] Loading level: 8%
[1/10/2023 5:11:03 PM] [Info] Loading level: 16%
[1/10/2023 5:11:04 PM] [Info] Loading level: 25%
[1/10/2023 5:11:04 PM] [Info] Loading level: 33%
[1/10/2023 5:11:04 PM] [Info] Loading level: 41%
[1/10/2023 5:11:04 PM] [Info] Loading level: 50%
[1/10/2023 5:11:04 PM] [Info] Loading level: 58%
[1/10/2023 5:11:04 PM] [Info] Loading level: 66%
[1/10/2023 5:11:04 PM] [Info] Loading level: 75%
[1/10/2023 5:11:04 PM] [Info] Loading level: 83%
[1/10/2023 5:11:04 PM] [Info] Loading level: 91%
[1/10/2023 5:11:04 PM] [Info] Loading level: 100%
[1/10/2023 5:16:14 PM] [Info] BattlEye Server: Player #0 Red__Bear (73.253.101.49:63481) connected
[1/10/2023 5:16:14 PM] [Info] BattlEye Server: Player #0 Red__Bear - BE GUID: f4abbf8aa333c3b24b5656c70080f342
[1/10/2023 5:16:15 PM] [Info] Connecting: PlayerID: 76561199035738472 Name: Red__Bear Character: Red__Bear
[1/10/2023 5:16:15 PM] [Info] BattlEye Server: Connected to BE Master
[1/10/2023 5:19:38 PM] [Info] Disconnecting: PlayerID: 76561199035738472 Name: Red__Bear Character: Red__Bear
[1/10/2023 5:19:38 PM] [Info] BattlEye Server: Player #0 Red__Bear disconnected
[1/10/2023 5:41:28 PM] [Info] BattlEye Server: Failed to receive from BE Master (10054)
[1/10/2023 5:41:28 PM] [Info] BattlEye Server: Disconnected from BE Master
[1/10/2023 5:41:28 PM] [Info] Lost connection to Steam servers because k_EResultNoConnection
[1/10/2023 5:41:39 PM] [Info] Failed to connect to Steam servers because k_EResultNoConnection, still retrying
[1/10/2023 5:41:54 PM] [Info] Lost connection to Steam servers because k_EResultNoConnection
[1/10/2023 6:11:03 PM] [Info] Lost connection to Steam servers because k_EResultNoConnection
[1/10/2023 6:11:41 PM] [Info] Failed to connect to Steam servers because k_EResultNoConnection, still retrying
[1/10/2023 6:12:10 PM] [Info] Failed to connect to Steam servers because k_EResultNoConnection, still retrying
[1/10/2023 6:12:53 PM] [Info] Failed to connect to Steam servers because k_EResultNoConnection, still retrying
[1/10/2023 6:13:52 PM] [Info] Failed to connect to Steam servers because k_EResultNoConnection, still retrying
[1/10/2023 9:02:05 PM] [Info] Lost connection to Steam servers because k_EResultOK
[1/11/2023 2:25:58 PM] [Info] BattlEye Server: Player #0 Red__Bear (73.253.101.49:61448) connected
[1/11/2023 2:25:58 PM] [Info] BattlEye Server: Player #0 Red__Bear - BE GUID: f4abbf8aa333c3b24b5656c70080f342
[1/11/2023 2:25:58 PM] [Info] Connecting: PlayerID: 76561199035738472 Name: Red__Bear Character: Red__Bear
[1/11/2023 2:25:58 PM] [Info] BattlEye Server: Connected to BE Master
[1/11/2023 2:26:06 PM] [Info] [Group] Red__Bear [Red__Bear]: "/give 363"
[1/11/2023 2:26:06 PM] [Info] Successfully gave Red__Bear 363 x1!
[1/11/2023 2:26:11 PM] [Info] [Group] Red__Bear [Red__Bear]: "/i lsr"
[1/11/2023 2:26:14 PM] [Info] [Group] Red__Bear [Red__Bear]: "/attach"
[1/11/2023 2:26:18 PM] [Info] [Area] Red__Bear [Red__Bear]: "/attach 15"
[1/11/2023 2:26:23 PM] [Info] [Area] Red__Bear [Red__Bear]: "/atach"
[1/11/2023 2:26:33 PM] [Info] [Group] Red__Bear [Red__Bear]: "/loadout"
[1/11/2023 2:26:33 PM] [Error] Failed to find parameters in format [SkillsetID]/[ItemID]/[ItemID]/...
[1/11/2023 2:27:29 PM] [Info] Disconnecting: PlayerID: 76561199035738472 Name: Red__Bear Character: Red__Bear
[1/11/2023 2:27:29 PM] [Info] BattlEye Server: Player #0 Red__Bear disconnected
[1/11/2023 8:10:34 PM] [Info] BattlEye Server: Failed to receive from BE Master (10054)
[1/11/2023 8:10:34 PM] [Info] BattlEye Server: Disconnected from BE Master
[1/11/2023 8:10:38 PM] [Info] Lost connection to Steam servers because k_EResultNoConnection
[1/11/2023 8:10:38 PM] [Info] Failed to connect to Steam servers because k_EResultNoConnection, still retrying
[1/12/2023 1:55:45 AM] [Info] Lost connection to Steam servers because k_EResultNoConnection
[1/12/2023 1:55:56 AM] [Info] Failed to connect to Steam servers because k_EResultNoConnection, still retrying
[1/12/2023 1:56:01 AM] [Info] Lost connection to Steam servers because k_EResultNoConnection
[1/12/2023 1:56:01 AM] [Info] Failed to connect to Steam servers because k_EResultNoConnection, still retrying
[1/12/2023 5:43:35 AM] [Info] Lost connection to Steam servers because k_EResultNoConnection
[1/12/2023 5:43:50 AM] [Info] Failed to connect to Steam servers because k_EResultNoConnection, still retrying
[1/12/2023 9:21:23 AM] [Info] Lost connection to Steam servers because k_EResultOK
[1/13/2023 9:51:32 AM] [Info] 
[unloading] uEssentials
