[12/28/2022 4:33:11 PM] [Info] Steam servers ready!
[12/28/2022 4:33:11 PM] [Info] Workshop install folder: C:\Program Files (x86)\Steam\steamapps\common\U3DS/Servers/LFO/Workshop/Steam
[12/28/2022 4:33:11 PM] [Info] 1 workshop item(s) requested
[12/28/2022 4:33:11 PM] [Info] Submitting workshop query for 1 item(s)...
[12/28/2022 4:33:11 PM] [Info] Workshop query yielded 1 result(s)
[12/28/2022 4:33:11 PM] [Info] This server's allowed IP for Workshop downloads: 73.253.101.49
[12/28/2022 4:33:11 PM] [Info] 2899517511 'LFO Mods' has 10 children
[12/28/2022 4:33:11 PM] [Info] 	1232252658
[12/28/2022 4:33:11 PM] [Info] 	2528363491
[12/28/2022 4:33:11 PM] [Info] 	2309977886
[12/28/2022 4:33:11 PM] [Info] 	1727733956
[12/28/2022 4:33:11 PM] [Info] 	2069342497
[12/28/2022 4:33:11 PM] [Info] 	1717095606
[12/28/2022 4:33:11 PM] [Info] 	2796081018
[12/28/2022 4:33:11 PM] [Info] 	2454681372
[12/28/2022 4:33:11 PM] [Info] 	1909152337
[12/28/2022 4:33:11 PM] [Info] 	2480988643
[12/28/2022 4:33:11 PM] [Info] Submitting workshop query for 10 item(s)...
[12/28/2022 4:33:11 PM] [Info] Workshop query yielded 10 result(s)
[12/28/2022 4:33:11 PM] [Info] This server's allowed IP for Workshop downloads: 73.253.101.49
[12/28/2022 4:33:49 PM] [Info] 1232252658 'More Farming Mod' queued for download
[12/28/2022 4:33:49 PM] [Info] 2528363491 'Wind Vehicles' queued for download
[12/28/2022 4:33:49 PM] [Info] 2309977886 'Wind Cars 2.0' queued for download
[12/28/2022 4:33:49 PM] [Info] 1727733956 'Pento's Tactical Apparel' queued for download
[12/28/2022 4:33:49 PM] [Info] Authorized to download 2069342497 'Survivor's Expansion'
[12/28/2022 4:33:49 PM] [Info] 2069342497 'Survivor's Expansion' queued for download
[12/28/2022 4:33:49 PM] [Info] 1717095606 'Creator Tools' queued for download
[12/28/2022 4:33:49 PM] [Info] 2796081018 'Nordic Compatable Arid' queued for download
[12/28/2022 4:33:49 PM] [Info] 2454681372 'Raum's Lockers' queued for download
[12/28/2022 4:33:49 PM] [Info] 1909152337 'California Assets' queued for download
[12/28/2022 4:33:49 PM] [Info] 2480988643 'LFO Washington' queued for download
[12/28/2022 4:33:49 PM] [Info] 10 workshop item(s) to download...
[12/28/2022 4:33:49 PM] [Info] Workshop item found in cache: 1232252658
[12/28/2022 4:33:49 PM] [Info] Installing workshop item: 1232252658
[12/28/2022 4:33:49 PM] [Info] Installed workshop item: 1232252658
[12/28/2022 4:33:49 PM] [Info] Workshop item found in cache: 2528363491
[12/28/2022 4:33:49 PM] [Info] Installing workshop item: 2528363491
[12/28/2022 4:33:49 PM] [Info] Installed workshop item: 2528363491
[12/28/2022 4:33:49 PM] [Info] Workshop item found in cache: 2309977886
[12/28/2022 4:33:49 PM] [Info] Installing workshop item: 2309977886
[12/28/2022 4:33:49 PM] [Info] Installed workshop item: 2309977886
[12/28/2022 4:33:49 PM] [Info] Workshop item found in cache: 1727733956
[12/28/2022 4:33:49 PM] [Info] Installing workshop item: 1727733956
[12/28/2022 4:33:49 PM] [Info] Installed workshop item: 1727733956
[12/28/2022 4:33:49 PM] [Info] Workshop item found in cache: 2069342497
[12/28/2022 4:33:49 PM] [Info] Installing workshop item: 2069342497
[12/28/2022 4:33:49 PM] [Info] Installed workshop item: 2069342497
[12/28/2022 4:33:49 PM] [Info] Workshop item found in cache: 1717095606
[12/28/2022 4:33:49 PM] [Info] Installing workshop item: 1717095606
[12/28/2022 4:33:49 PM] [Info] Installed workshop item: 1717095606
[12/28/2022 4:33:49 PM] [Info] Workshop item found in cache: 2796081018
[12/28/2022 4:33:49 PM] [Info] Installing workshop item: 2796081018
[12/28/2022 4:33:49 PM] [Info] Installed workshop item: 2796081018
[12/28/2022 4:33:49 PM] [Info] Workshop item found in cache: 2454681372
[12/28/2022 4:33:49 PM] [Info] Installing workshop item: 2454681372
[12/28/2022 4:33:49 PM] [Info] Installed workshop item: 2454681372
[12/28/2022 4:33:49 PM] [Info] Workshop item found in cache: 1909152337
[12/28/2022 4:33:49 PM] [Info] Installing workshop item: 1909152337
[12/28/2022 4:33:49 PM] [Info] Installed workshop item: 1909152337
[12/28/2022 4:33:49 PM] [Info] Workshop item 2480988643 found in cache, but remote (12/28/2022 4:32:10 PM) is newer than local (12/28/2022 12:06:24 PM)
[12/28/2022 4:33:49 PM] [Info] Downloading workshop item: 2480988643
[12/28/2022 4:33:49 PM] [Info] Successfully downloaded workshop item: 2480988643
[12/28/2022 4:33:49 PM] [Info] Installing workshop item: 2480988643
[12/28/2022 4:33:49 PM] [Info] Installed workshop item: 2480988643
[12/28/2022 4:33:49 PM] [Info] Monitoring workshop map 'LFO Washington' (2480988643) for changes
[12/28/2022 4:33:49 PM] [Info] Loading level: 8%
[12/28/2022 4:33:51 PM] [Info] Loading level: 16%
[12/28/2022 4:33:51 PM] [Info] Loading level: 25%
[12/28/2022 4:33:51 PM] [Info] Loading level: 33%
[12/28/2022 4:33:51 PM] [Info] Loading level: 41%
[12/28/2022 4:33:51 PM] [Info] Loading level: 50%
[12/28/2022 4:33:51 PM] [Info] Loading level: 58%
[12/28/2022 4:33:51 PM] [Info] Loading level: 66%
[12/28/2022 4:33:51 PM] [Info] Loading level: 75%
[12/28/2022 4:33:51 PM] [Info] Loading level: 83%
[12/28/2022 4:33:51 PM] [Info] Loading level: 91%
[12/28/2022 4:33:51 PM] [Info] Loading level: 100%
[12/28/2022 4:41:45 PM] [Info] BattlEye Server: Player #0 Red__Bear (73.253.101.49:64331) connected
[12/28/2022 4:41:45 PM] [Info] BattlEye Server: Player #0 Red__Bear - BE GUID: f4abbf8aa333c3b24b5656c70080f342
[12/28/2022 4:41:46 PM] [Info] Connecting: PlayerID: 76561199035738472 Name: Red__Bear Character: Red__Bear
[12/28/2022 4:41:46 PM] [Info] BattlEye Server: Connected to BE Master
[12/28/2022 4:41:59 PM] [Info] [Group] Red__Bear [Red__Bear]: "/i bed"
[12/28/2022 4:42:10 PM] [Info] [Group] Red__Bear [Red__Bear]: "/home"
[12/28/2022 4:42:11 PM] [Info] [Area] Red__Bear [Red__Bear]: "/home"
[12/28/2022 4:45:17 PM] [Info] Red__Bear [Red__Bear] was blown up by a vehicle!
[12/28/2022 4:45:20 PM] [Info] [Group] Red__Bear [Red__Bear]: "/home"
[12/28/2022 4:48:04 PM] [Info] [Group] Red__Bear [Red__Bear]: "/reputaton red -10000"
[12/28/2022 4:48:08 PM] [Info] [Area] Red__Bear [Red__Bear]: "/reputaton -10000"
[12/28/2022 4:48:16 PM] [Info] [World] Red__Bear [Red__Bear]: "/rep red -10000"
[12/28/2022 4:48:21 PM] [Info] [World] Red__Bear [Red__Bear]: "/reputation red -10000"
[12/28/2022 4:48:21 PM] [Error] Failed to convert red -10000 into a number.
[12/28/2022 4:49:24 PM] [Info] [Group] Red__Bear [Red__Bear]: "/i "wall locker""
[12/28/2022 4:50:02 PM] [Info] [Group] Red__Bear [Red__Bear]: "/day"
[12/28/2022 4:50:03 PM] [Info] Successfully set time to day!
[12/28/2022 4:50:20 PM] [Info] [Group] Red__Bear [Red__Bear]: "/i "wall locker""
[12/28/2022 4:51:20 PM] [Info] [Group] Red__Bear [Red__Bear]: "/i lamp"
[12/28/2022 4:51:41 PM] [Info] [Group] Red__Bear [Red__Bear]: "/home"
[12/28/2022 4:51:51 PM] [Info] [Group] Red__Bear [Red__Bear]: "/i housing"
[12/28/2022 5:00:20 PM] [Info] [Group] Red__Bear [Red__Bear]: "/experience 1000"
[12/28/2022 5:00:20 PM] [Info] Successfully gave Red__Bear +1000 experience!
[12/28/2022 5:08:30 PM] [Info] [Group] Red__Bear [Red__Bear]: "/i field"
[12/28/2022 5:08:39 PM] [Info] [Group] Red__Bear [Red__Bear]: "/i "field tele""
[12/28/2022 5:09:49 PM] [Info] [Group] Red__Bear [Red__Bear]: "/i pack"
[12/28/2022 5:09:59 PM] [Info] [Group] Red__Bear [Red__Bear]: "/i "water bottles""
[12/28/2022 5:17:25 PM] [Info] [Group] Red__Bear [Red__Bear]: "/i grena"
[12/28/2022 5:17:36 PM] [Info] [Area] Red__Bear [Red__Bear]: "/i frag"
[12/28/2022 5:17:41 PM] [Info] Red__Bear [Red__Bear] was blown up by Red__Bear [Red__Bear] with a grenade!
[12/28/2022 5:18:45 PM] [Info] Disconnecting: PlayerID: 76561199035738472 Name: Red__Bear Character: Red__Bear
[12/28/2022 5:18:45 PM] [Info] BattlEye Server: Player #0 Red__Bear disconnected
[12/28/2022 5:23:45 PM] [Info] BattlEye Server: Player #0 Red__Bear (73.253.101.49:50403) connected
[12/28/2022 5:23:45 PM] [Info] BattlEye Server: Player #0 Red__Bear - BE GUID: f4abbf8aa333c3b24b5656c70080f342
[12/28/2022 5:24:13 PM] [Info] Connecting: PlayerID: 76561199035738472 Name: Red__Bear Character: Red__Bear
[12/28/2022 5:24:13 PM] [Info] [Group] Red__Bear [Red__Bear]: "/unadmin red"
[12/28/2022 5:24:13 PM] [Info] Successfully unadmined 76561199035738472!
[12/28/2022 5:26:09 PM] [Info] Red__Bear [Red__Bear] bled to death!
[12/28/2022 5:27:43 PM] [Info] BattlEye Server: Player #1 Asher (73.120.69.239:57758) connected
[12/28/2022 5:27:43 PM] [Info] BattlEye Server: Player #1 Asher - BE GUID: 6d67d3441ed922219a8b13c7edf0867b
[12/28/2022 5:27:55 PM] [Info] Connecting: PlayerID: 76561198258222133 Name: Asher Character: Simon 
[12/28/2022 5:27:55 PM] [Info] [World] Simon  [Asher]: "/i 13"
[12/28/2022 5:28:33 PM] [Info] Simon  [Asher] was mauled by a zombie!
[12/28/2022 5:28:46 PM] [Info] Successfully admined 76561199035738472!
[12/28/2022 5:28:48 PM] [Info] [Group] Red__Bear [Red__Bear]: "/i gps"
[12/28/2022 5:28:53 PM] [Info] [Group] Red__Bear [Red__Bear]: "/teleport wp"
[12/28/2022 5:28:53 PM] [Info] Successfully teleported Red__Bear to waypoint!
[12/28/2022 5:28:54 PM] [Info] [Group] Red__Bear [Red__Bear]: "/tpall"
[12/28/2022 5:28:59 PM] [Info] [Group] Red__Bear [Red__Bear]: "/tphere simon"
[12/28/2022 5:29:10 PM] [Info] [Group] Red__Bear [Red__Bear]: "/day"
[12/28/2022 5:29:10 PM] [Info] Successfully set time to day!
[12/28/2022 5:30:02 PM] [Info] [Group] Red__Bear [Red__Bear]: "/tp seattle"
[12/28/2022 5:30:05 PM] [Info] [Group] Red__Bear [Red__Bear]: "/tphere simo"
[12/28/2022 5:30:21 PM] [Info] [Group] Red__Bear [Red__Bear]: "/i mkp"
[12/28/2022 5:30:26 PM] [Info] [Group] Red__Bear [Red__Bear]: "/i "mkp box""
[12/28/2022 5:30:37 PM] [Info] [Group] Red__Bear [Red__Bear]: "/i "mkp box" 3"
[12/28/2022 5:30:44 PM] [Info] [Group] Red__Bear [Red__Bear]: "/i recon"
[12/28/2022 5:31:03 PM] [Info] [Group] Red__Bear [Red__Bear]: "/i ltc"
[12/28/2022 5:31:09 PM] [Info] [Group] Red__Bear [Red__Bear]: "/i 19935"
[12/28/2022 5:31:13 PM] [Info] [Group] Red__Bear [Red__Bear]: "/i 19935"
[12/28/2022 5:31:15 PM] [Info] [Group] Red__Bear [Red__Bear]: "/i ltc"
[12/28/2022 5:32:23 PM] [Info] [Group] Red__Bear [Red__Bear]: "/i admin"
[12/28/2022 5:32:30 PM] [Info] [Group] Red__Bear [Red__Bear]: "/i "magnum mag""
[12/28/2022 5:32:36 PM] [Info] [Group] Red__Bear [Red__Bear]: "/i "pistol mag""
[12/28/2022 5:32:46 PM] [Info] [Group] Red__Bear [Red__Bear]: "/tp simon"
[12/28/2022 5:33:00 PM] [Info] Red__Bear [Red__Bear] was shot in the head by Simon  [Asher]!
[12/28/2022 5:33:05 PM] [Info] [Group] Red__Bear [Red__Bear]: "/tp simon"
[12/28/2022 5:33:26 PM] [Info] [Group] Red__Bear [Red__Bear]: "/i lsr"
[12/28/2022 5:33:28 PM] [Info] [Group] Red__Bear [Red__Bear]: "/i casket"
[12/28/2022 5:33:30 PM] [Info] [Group] Red__Bear [Red__Bear]: "/i ghost"
[12/28/2022 5:33:34 PM] [Info] [Group] Red__Bear [Red__Bear]: "/i stg"
[12/28/2022 5:33:50 PM] [Info] [Group] Red__Bear [Red__Bear]: "/i 460k"
[12/28/2022 5:33:54 PM] [Info] [Group] Red__Bear [Red__Bear]: "/i casket"
[12/28/2022 5:33:57 PM] [Info] [Group] Red__Bear [Red__Bear]: "/i pointer"
[12/28/2022 5:34:01 PM] [Info] [Group] Red__Bear [Red__Bear]: "/i hologra"
[12/28/2022 5:34:06 PM] [Info] [Group] Red__Bear [Red__Bear]: "/i ghost"
[12/28/2022 5:34:40 PM] [Info] [Group] Red__Bear [Red__Bear]: "/i 19421"
[12/28/2022 5:34:45 PM] [Info] [Group] Red__Bear [Red__Bear]: "/i "zolash exte""
[12/28/2022 5:34:54 PM] [Info] [Group] Red__Bear [Red__Bear]: "/i "gold zolash bra""
[12/28/2022 5:34:59 PM] [Info] [Group] Red__Bear [Red__Bear]: "/i "gold zolash comp""
[12/28/2022 5:35:06 PM] [Info] [Area] Red__Bear [Red__Bear]: "/i "golden""
[12/28/2022 5:35:33 PM] [Info] [Group] Red__Bear [Red__Bear]: "/i "zolash exte""
[12/28/2022 5:35:40 PM] [Info] Disconnecting: PlayerID: 76561198258222133 Name: Asher Character: Simon 
[12/28/2022 5:35:40 PM] [Info] BattlEye Server: Player #1 Asher disconnected
[12/28/2022 5:35:49 PM] [Info] [Group] Red__Bear [Red__Bear]: "/i casket"
[12/28/2022 5:35:53 PM] [Info] [Group] Red__Bear [Red__Bear]: "/i ghost"
[12/28/2022 5:35:55 PM] [Info] [Group] Red__Bear [Red__Bear]: "/i pointer"
[12/28/2022 5:36:27 PM] [Info] [Group] Red__Bear [Red__Bear]: "/home"
[12/28/2022 5:36:35 PM] [Info] [Group] Red__Bear [Red__Bear]: "/i ghost"
[12/28/2022 5:36:40 PM] [Info] [Group] Red__Bear [Red__Bear]: "/i locked"
[12/28/2022 5:36:47 PM] [Info] [Group] Red__Bear [Red__Bear]: "/i "locked display" 2"
[12/28/2022 5:36:56 PM] [Info] [Group] Red__Bear [Red__Bear]: "/i 16653"
[12/28/2022 5:36:59 PM] [Info] [World] Red__Bear [Red__Bear]: "/i 16650"
[12/28/2022 5:37:11 PM] [Info] [Group] Red__Bear [Red__Bear]: "/i 16652"
[12/28/2022 5:37:38 PM] [Info] Disconnecting: PlayerID: 76561199035738472 Name: Red__Bear Character: Red__Bear
[12/28/2022 5:37:38 PM] [Info] BattlEye Server: Player #0 Red__Bear disconnected
[12/28/2022 6:42:19 PM] [Info] Lost connection to Steam servers because k_EResultNoConnection
[12/28/2022 7:26:46 PM] [Info] BattlEye Server: Player #0 Red__Bear (73.253.101.49:58831) connected
[12/28/2022 7:26:46 PM] [Info] BattlEye Server: Player #0 Red__Bear - BE GUID: f4abbf8aa333c3b24b5656c70080f342
[12/28/2022 7:31:17 PM] [Info] Connecting: PlayerID: 76561199035738472 Name: Red__Bear Character: Red__Bear
[12/28/2022 7:31:17 PM] [Info] [Group] Red__Bear [Red__Bear]: "/heal"
[12/28/2022 7:32:31 PM] [Info] Disconnecting: PlayerID: 76561199035738472 Name: Red__Bear Character: Red__Bear
[12/28/2022 7:32:31 PM] [Info] BattlEye Server: Player #0 Red__Bear disconnected
[12/28/2022 8:11:51 PM] [Info] BattlEye Server: Player #0 JACK THE RIPPER (108.90.241.159:52262) connected
[12/28/2022 8:11:51 PM] [Info] BattlEye Server: Player #0 JACK THE RIPPER - BE GUID: 0b39942d7d9a57c3719c1f802044c592
[12/28/2022 8:12:14 PM] [Info] Connecting: PlayerID: 76561199074224396 Name: JACK THE RIPPER Character: reaper
[12/28/2022 8:12:14 PM] [Info] [World] reaper [JACK THE RIPPER]: "/i gps"
[12/28/2022 8:12:32 PM] [Info] [World] reaper [JACK THE RIPPER]: "/teleport wp"
[12/28/2022 8:12:32 PM] [Error] Unable to teleport JACK THE RIPPER because waypoint was obstructed.
[12/28/2022 8:12:40 PM] [Info] [World] reaper [JACK THE RIPPER]: "/teleport wp"
[12/28/2022 8:12:40 PM] [Info] Successfully teleported JACK THE RIPPER to waypoint!
[12/28/2022 8:12:47 PM] [Info] [World] reaper [JACK THE RIPPER]: "/i "nightvision""
[12/28/2022 8:13:02 PM] [Info] [World] reaper [JACK THE RIPPER]: "/i "pdw"
[12/28/2022 8:13:02 PM] [Info] reaper [JACK THE RIPPER] was mauled by a zombie!
[12/28/2022 8:13:07 PM] [Info] [World] reaper [JACK THE RIPPER]: "/god"
[12/28/2022 8:13:09 PM] [Info] [World] reaper [JACK THE RIPPER]: "/back"
[12/28/2022 8:13:13 PM] [Info] [World] reaper [JACK THE RIPPER]: "/teleport wp"
[12/28/2022 8:13:13 PM] [Info] Successfully teleported JACK THE RIPPER to waypoint!
[12/28/2022 8:13:20 PM] [Info] [World] reaper [JACK THE RIPPER]: "/i pdw drum"
[12/28/2022 8:13:25 PM] [Info] [World] reaper [JACK THE RIPPER]: "/i 18"
[12/28/2022 8:14:12 PM] [Info] [World] reaper [JACK THE RIPPER]: "/i 146"
[12/28/2022 8:14:42 PM] [Info] [World] reaper [JACK THE RIPPER]: "/i 145"
[12/28/2022 8:14:45 PM] [Info] [World] reaper [JACK THE RIPPER]: "/i 17"
[12/28/2022 8:15:17 PM] [Info] [World] reaper [JACK THE RIPPER]: "/i 151"
[12/28/2022 8:15:28 PM] [Info] [World] reaper [JACK THE RIPPER]: "/i 17 3"
[12/28/2022 8:18:00 PM] [Info] [World] reaper [JACK THE RIPPER]: "/i name"
[12/28/2022 8:18:11 PM] [Info] [World] reaper [JACK THE RIPPER]: "/i name"
[12/28/2022 8:20:06 PM] [Info] [World] reaper [JACK THE RIPPER]: "/teleport wp"
[12/28/2022 8:20:06 PM] [Info] Successfully teleported JACK THE RIPPER to waypoint!
[12/28/2022 8:20:52 PM] [Info] [World] reaper [JACK THE RIPPER]: "/teleport wp"
[12/28/2022 8:20:52 PM] [Info] Successfully teleported JACK THE RIPPER to waypoint!
[12/28/2022 8:22:41 PM] [Info] [World] reaper [JACK THE RIPPER]: "/teleport wp"
[12/28/2022 8:22:41 PM] [Info] Successfully teleported JACK THE RIPPER to waypoint!
[12/28/2022 8:25:35 PM] [Info] [World] reaper [JACK THE RIPPER]: "/i 17 2"
[12/28/2022 8:28:18 PM] [Info] [Area] reaper [JACK THE RIPPER]: "/teleport wp"
[12/28/2022 8:28:18 PM] [Info] Successfully teleported JACK THE RIPPER to waypoint!
[12/28/2022 8:29:23 PM] [Info] [World] reaper [JACK THE RIPPER]: "/i 1441"
[12/28/2022 8:30:18 PM] [Info] [World] reaper [JACK THE RIPPER]: "/i 14434"
[12/28/2022 8:30:21 PM] [Info] [World] reaper [JACK THE RIPPER]: "i 1443"
[12/28/2022 8:30:24 PM] [Info] [World] reaper [JACK THE RIPPER]: "/i 1443 10"
[12/28/2022 8:34:03 PM] [Info] [World] reaper [JACK THE RIPPER]: "/teleport wp4"
[12/28/2022 8:34:03 PM] [Error] Failed to find anyone or anywhere called wp4.
[12/28/2022 8:34:07 PM] [Info] [World] reaper [JACK THE RIPPER]: "/teleport wp"
[12/28/2022 8:34:07 PM] [Info] Successfully teleported JACK THE RIPPER to waypoint!
[12/28/2022 8:36:16 PM] [Info] [World] reaper [JACK THE RIPPER]: "/teleport wp"
[12/28/2022 8:36:16 PM] [Info] Successfully teleported JACK THE RIPPER to waypoint!
[12/28/2022 8:40:28 PM] [Info] Disconnecting: PlayerID: 76561199074224396 Name: JACK THE RIPPER Character: reaper
[12/28/2022 8:40:28 PM] [Info] BattlEye Server: Player #0 JACK THE RIPPER disconnected
[12/28/2022 10:43:03 PM] [Info] Lost connection to Steam servers because k_EResultNoConnection
[12/29/2022 12:04:07 AM] [Info] Detected an update to 'LFO Washington' (2480988643)
[12/29/2022 12:09:10 AM] [Info] 
[unloading] MoreHomes
