[12/18/2022 4:27:03 PM] [Info] [registered] /more (Rocket.Unturned.Commands.CommandMore/more)
[12/18/2022 4:27:03 PM] [Info] [registered] /admin (Rocket.Unturned.Commands.CommandAdmin/admin)
[12/18/2022 4:27:03 PM] [Info] [registered] /broadcast (Rocket.Unturned.Commands.CommandBroadcast/broadcast)
[12/18/2022 4:28:55 PM] [Info] [registered] /compass (Rocket.Unturned.Commands.CommandCompass/compass)
[12/18/2022 4:28:55 PM] [Info] [registered] /effect (Rocket.Unturned.Commands.CommandEffect/effect)
[12/18/2022 4:28:55 PM] [Info] [registered] /exit (Rocket.Unturned.Commands.CommandExit/exit)
[12/18/2022 4:28:55 PM] [Info] [registered] /god (Rocket.Unturned.Commands.CommandGod/god)
[12/18/2022 4:28:55 PM] [Info] [registered] /heal (Rocket.Unturned.Commands.CommandHeal/heal)
[12/18/2022 4:28:55 PM] [Info] [registered] /help (Rocket.Unturned.Commands.CommandHelp/help)
[12/18/2022 4:28:55 PM] [Info] [registered] /home (Rocket.Unturned.Commands.CommandHome/home)
[12/18/2022 4:28:55 PM] [Info] [registered] /i (Rocket.Unturned.Commands.CommandI/i)
[12/18/2022 4:28:55 PM] [Info] [registered] /item (Rocket.Unturned.Commands.CommandI/item)
[12/18/2022 4:28:55 PM] [Info] [registered] /investigate (Rocket.Unturned.Commands.CommandInvestigate/investigate)
[12/18/2022 4:28:55 PM] [Info] [registered] /p (Rocket.Unturned.Commands.CommandP/p)
[12/18/2022 4:28:55 PM] [Info] [registered] /permissions (Rocket.Unturned.Commands.CommandP/permissions)
[12/18/2022 4:28:55 PM] [Info] [registered] /rocket (Rocket.Unturned.Commands.CommandRocket/rocket)
[12/18/2022 4:28:55 PM] [Info] [registered] /tp (Rocket.Unturned.Commands.CommandTp/tp)
[12/18/2022 4:28:55 PM] [Info] [registered] /tphere (Rocket.Unturned.Commands.CommandTphere/tphere)
[12/18/2022 4:28:55 PM] [Info] [registered] /unadmin (Rocket.Unturned.Commands.CommandUnadmin/unadmin)
[12/18/2022 4:28:55 PM] [Info] [registered] /v (Rocket.Unturned.Commands.CommandV/v)
[12/18/2022 4:28:55 PM] [Info] [registered] /vanish (Rocket.Unturned.Commands.CommandVanish/vanish)
[12/18/2022 4:28:55 PM] [Info] Loading Feli.RocketMod.JoinLeaveMessages from C:\Program Files (x86)\Steam\steamapps\common\U3DS\Servers\MyServer\Rocket\Plugins\Feli.RocketMod.JoinLeaveMessages.dll
[12/18/2022 4:28:55 PM] [Info] Loading Feli.RocketMod.Teleporting from C:\Program Files (x86)\Steam\steamapps\common\U3DS\Servers\MyServer\Rocket\Plugins\Feli.RocketMod.Teleporting.dll
[12/18/2022 4:28:55 PM] [Info] Loading GarageLite from C:\Program Files (x86)\Steam\steamapps\common\U3DS\Servers\MyServer\Rocket\Plugins\GarageLite.dll
[12/18/2022 4:28:55 PM] [Info] Loading InfiniteEnergy from C:\Program Files (x86)\Steam\steamapps\common\U3DS\Servers\MyServer\Rocket\Plugins\InfiniteEnergy.dll
[12/18/2022 4:28:55 PM] [Info] Loading MoreHomes from C:\Program Files (x86)\Steam\steamapps\common\U3DS\Servers\MyServer\Rocket\Plugins\MoreHomes.dll
[12/18/2022 4:28:55 PM] [Info] Loading ReponseMod_HiddenName from C:\Program Files (x86)\Steam\steamapps\common\U3DS\Servers\MyServer\Rocket\Plugins\ReponseMod_HiddenName.dll
[12/18/2022 4:28:55 PM] [Info] Loading Teleportation from C:\Program Files (x86)\Steam\steamapps\common\U3DS\Servers\MyServer\Rocket\Plugins\Teleportation.dll
[12/18/2022 4:28:55 PM] [Info] Loading uEssentials from C:\Program Files (x86)\Steam\steamapps\common\U3DS\Servers\MyServer\Rocket\Plugins\uEssentials.dll
[12/18/2022 4:28:55 PM] [Error] Invalid or outdated plugin assembly: Assembly-CSharp-firstpass
[12/18/2022 4:28:56 PM] [Error] Invalid or outdated plugin assembly: Assembly-CSharp
[12/18/2022 4:28:56 PM] [Error] Invalid or outdated plugin assembly: Rocket.API
[12/18/2022 4:28:56 PM] [Error] Invalid or outdated plugin assembly: Rocket.Core
[12/18/2022 4:28:56 PM] [Error] Invalid or outdated plugin assembly: Rocket.Unturned
[12/18/2022 4:28:56 PM] [Error] Invalid or outdated plugin assembly: UnityEngine.CoreModule
[12/18/2022 4:28:56 PM] [Error] Invalid or outdated plugin assembly: UnityEngine
[12/18/2022 4:28:56 PM] [Error] Invalid or outdated plugin assembly: Newtonsoft.Json
[12/18/2022 4:28:56 PM] [Info] 
[loading] Feli.RocketMod.JoinLeaveMessages
[12/18/2022 4:28:56 PM] [Info] Feli.RocketMod.JoinLeaveMessages >> JoinLeaveMessages plugin v1.0.2 loaded !
[12/18/2022 4:28:56 PM] [Info] Feli.RocketMod.JoinLeaveMessages >> Do you want more cool plugins? Join now: https://discord.gg/4FF2548 !
[12/18/2022 4:28:56 PM] [Info] 
[loading] Feli.RocketMod.Teleporting
[12/18/2022 4:28:56 PM] [Info] [registered] /tpr (Feli.RocketMod.Teleporting.Commands.TpaCommand/tpr)
[12/18/2022 4:28:56 PM] [Info] Feli.RocketMod.Teleporting >> Teleporting plugin v1.6.4 loaded !
[12/18/2022 4:28:56 PM] [Info] Feli.RocketMod.Teleporting >> Do you want more cool plugins? Join now: https://discord.gg/4FF2548 !
[12/18/2022 4:28:56 PM] [Info] Feli.RocketMod.Teleporting >> Economy Provider: ExperienceEconomyProvider
[12/18/2022 4:28:56 PM] [Info] 
[loading] GarageLite
[12/18/2022 4:28:56 PM] [Info] [registered] /gadd (GarageLite.Code/gadd)
[12/18/2022 4:28:56 PM] [Info] [registered] /garageadd (GarageLite.Code/garageadd)
[12/18/2022 4:28:56 PM] [Info] [registered] /vadd (GarageLite.Code/vadd)
[12/18/2022 4:28:56 PM] [Info] [registered] /glist (GarageLite.Vlist/glist)
[12/18/2022 4:28:56 PM] [Info] [registered] /garagelist (GarageLite.Vlist/garagelist)
[12/18/2022 4:28:56 PM] [Info] [registered] /vlist (GarageLite.Vlist/vlist)
[12/18/2022 4:28:56 PM] [Info] [registered] /gretrieve (GarageLite.Vretrieve/gretrieve)
[12/18/2022 4:28:56 PM] [Info] [registered] /garageretrieve (GarageLite.Vretrieve/garageretrieve)
[12/18/2022 4:28:56 PM] [Info] [registered] /vretrieve (GarageLite.Vretrieve/vretrieve)
[12/18/2022 4:28:56 PM] [Warning] ++++++++++++++++++++++++++++++++++++++
[12/18/2022 4:28:56 PM] [Warning] [GarageLite] has been loaded!
[12/18/2022 4:28:56 PM] [Warning] Dev: MQS#7816
[12/18/2022 4:28:56 PM] [Warning] Join this Discord for Support: https://discord.gg/Ssbpd9cvgp
[12/18/2022 4:28:56 PM] [Warning] ++++++++++++++++++++++++++++++++++++++
[12/18/2022 4:28:56 PM] [Info] 
[loading] InfiniteEnergy
[12/18/2022 4:28:56 PM] [Error] Could not find dependency: 0Harmony, Version=2.1.1.0, Culture=neutral, PublicKeyToken=null
[12/18/2022 4:28:56 PM] [Error] Could not find dependency: 0Harmony, Version=2.1.1.0, Culture=neutral, PublicKeyToken=null
[12/18/2022 4:28:56 PM] [Info] 
[loading] ReponseMod_HiddenName
[12/18/2022 4:28:56 PM] [Info] 
[loading] Teleportation
[12/18/2022 4:28:56 PM] [Info] [registered] /tpa (RestoreMonarchy.Teleportation.Commands.TPACommand/tpa)
[12/18/2022 4:28:56 PM] [Info] Teleportation >> Teleportation 1.7.0.0 has been loaded!
[12/18/2022 4:28:56 PM] [Info] 
[loading] uEssentials
[12/18/2022 4:28:56 PM] [Error] Failed to load uEssentials, unloading now... :System.MissingMethodException: SDG.Unturned.ConsoleInput SDG.Unturned.CommandWindow.get_input()
  at Rocket.Core.Plugins.RocketPlugin.LoadPlugin () [0x00033] in <59a13feb721848c8b0cd173f6d0e820b>:0 
[12/18/2022 4:28:56 PM] [Info] 
[unloading] uEssentials
[12/18/2022 4:28:56 PM] [Error] Failed to unload uEssentials:System.MissingMethodException: SDG.Unturned.ConsoleInput SDG.Unturned.CommandWindow.get_input()
  at Rocket.Core.Plugins.RocketPlugin.UnloadPlugin (Rocket.API.PluginState state) [0x0003b] in <59a13feb721848c8b0cd173f6d0e820b>:0 
  at Rocket.Core.Plugins.RocketPlugin.LoadPlugin () [0x0005c] in <59a13feb721848c8b0cd173f6d0e820b>:0 
[12/18/2022 4:28:56 PM] [Info] This server will automatically save every 1800 seconds
[12/18/2022 4:28:56 PM] [Info] Failed to connect to Steam servers because k_EResultNoConnection, still retrying
[12/18/2022 4:28:56 PM] [Info] Failed to connect to Steam servers because k_EResultNoConnection, still retrying
[12/18/2022 4:28:56 PM] [Info] Failed to connect to Steam servers because k_EResultNoConnection, still retrying
[12/18/2022 4:28:56 PM] [Info] 
[unloading] Feli.RocketMod.JoinLeaveMessages
[12/18/2022 4:28:56 PM] [Info] Feli.RocketMod.JoinLeaveMessages >> JoinLeaveMessages plugin v1.0.2 unloaded !
[12/18/2022 4:28:56 PM] [Info] Feli.RocketMod.JoinLeaveMessages >> Do you want more cool plugins? Join now: https://discord.gg/4FF2548 !
[12/18/2022 4:28:56 PM] [Info] 
[unloading] GarageLite
[12/18/2022 4:28:56 PM] [Warning] ++++++++++++++++++++++++++++++++++++++
[12/18/2022 4:28:56 PM] [Warning] [GarageLite] has been unloaded! 
[12/18/2022 4:28:56 PM] [Warning] ++++++++++++++++++++++++++++++++++++++
[12/18/2022 4:28:56 PM] [Info] 
[unloading] Teleportation
[12/18/2022 4:28:56 PM] [Info] Teleportation >> Teleportation has been unloaded!
[12/18/2022 4:28:56 PM] [Info] 
[unloading] InfiniteEnergy
[12/18/2022 4:28:56 PM] [Info] 
[unloading] ReponseMod_HiddenName
[12/18/2022 4:28:56 PM] [Info] 
[unloading] uEssentials
[12/18/2022 4:28:56 PM] [Info] 
[unloading] Feli.RocketMod.Teleporting
