[12/10/2022 12:28:33 PM] [Info] [registered] /more (Rocket.Unturned.Commands.CommandMore/more)
[12/10/2022 12:28:33 PM] [Info] [registered] /admin (Rocket.Unturned.Commands.CommandAdmin/admin)
[12/10/2022 12:28:33 PM] [Info] [registered] /broadcast (Rocket.Unturned.Commands.CommandBroadcast/broadcast)
[12/10/2022 12:28:33 PM] [Info] [registered] /compass (Rocket.Unturned.Commands.CommandCompass/compass)
[12/10/2022 12:28:34 PM] [Info] [registered] /effect (Rocket.Unturned.Commands.CommandEffect/effect)
[12/10/2022 12:28:34 PM] [Info] [registered] /exit (Rocket.Unturned.Commands.CommandExit/exit)
[12/10/2022 12:28:34 PM] [Info] [registered] /god (Rocket.Unturned.Commands.CommandGod/god)
[12/10/2022 12:28:34 PM] [Info] [registered] /heal (Rocket.Unturned.Commands.CommandHeal/heal)
[12/10/2022 12:28:34 PM] [Info] [registered] /help (Rocket.Unturned.Commands.CommandHelp/help)
[12/10/2022 12:28:34 PM] [Info] [registered] /home (Rocket.Unturned.Commands.CommandHome/home)
[12/10/2022 12:28:34 PM] [Info] [registered] /i (Rocket.Unturned.Commands.CommandI/i)
[12/10/2022 12:28:34 PM] [Info] [registered] /item (Rocket.Unturned.Commands.CommandI/item)
[12/10/2022 12:28:34 PM] [Info] [registered] /investigate (Rocket.Unturned.Commands.CommandInvestigate/investigate)
[12/10/2022 12:28:34 PM] [Info] [registered] /p (Rocket.Unturned.Commands.CommandP/p)
[12/10/2022 12:28:34 PM] [Info] [registered] /permissions (Rocket.Unturned.Commands.CommandP/permissions)
[12/10/2022 12:28:34 PM] [Info] [registered] /rocket (Rocket.Unturned.Commands.CommandRocket/rocket)
[12/10/2022 12:28:34 PM] [Info] [registered] /tp (Rocket.Unturned.Commands.CommandTp/tp)
[12/10/2022 12:28:34 PM] [Info] [registered] /tphere (Rocket.Unturned.Commands.CommandTphere/tphere)
[12/10/2022 12:28:34 PM] [Info] [registered] /unadmin (Rocket.Unturned.Commands.CommandUnadmin/unadmin)
[12/10/2022 12:28:34 PM] [Info] [registered] /v (Rocket.Unturned.Commands.CommandV/v)
[12/10/2022 12:28:34 PM] [Info] [registered] /vanish (Rocket.Unturned.Commands.CommandVanish/vanish)
[12/10/2022 12:28:34 PM] [Info] Loading Kits from C:\Program Files (x86)\Steam\steamapps\common\U3DS\Servers\MyServer\Rocket\Plugins\Kits.dll
[12/10/2022 12:28:34 PM] [Info] Loading uEssentials from C:\Program Files (x86)\Steam\steamapps\common\U3DS\Servers\MyServer\Rocket\Plugins\uEssentials.dll
[12/10/2022 12:28:34 PM] [Info] 
[loading] Kits
[12/10/2022 12:28:34 PM] [Info] [registered] /kits (fr34kyn01535.Kits.CommandKits/kits)
[12/10/2022 12:28:34 PM] [Info] [registered] /kit (fr34kyn01535.Kits.CommandKit/kit)
[12/10/2022 12:28:34 PM] [Info] Kits >> Optional dependency Uconomy is not present.
[12/10/2022 12:28:34 PM] [Info] 
[loading] uEssentials
[12/10/2022 12:28:34 PM] [Error] Failed to load uEssentials, unloading now... :System.TypeLoadException: Could not resolve type with token 010000ed (from typeref, class/assembly SDG.Unturned.ConsoleInput, Assembly-CSharp-firstpass, Version=0.0.0.0, Culture=neutral, PublicKeyToken=null)
  at Rocket.Core.Plugins.RocketPlugin.LoadPlugin () [0x00033] in <59a13feb721848c8b0cd173f6d0e820b>:0 
[12/10/2022 12:28:34 PM] [Info] 
[unloading] uEssentials
[12/10/2022 12:28:34 PM] [Error] Failed to unload uEssentials:System.TypeLoadException: Could not resolve type with token 010000ed (from typeref, class/assembly SDG.Unturned.ConsoleInput, Assembly-CSharp-firstpass, Version=0.0.0.0, Culture=neutral, PublicKeyToken=null)
  at Rocket.Core.Plugins.RocketPlugin.UnloadPlugin (Rocket.API.PluginState state) [0x0003b] in <59a13feb721848c8b0cd173f6d0e820b>:0 
  at Rocket.Core.Plugins.RocketPlugin.LoadPlugin () [0x0005c] in <59a13feb721848c8b0cd173f6d0e820b>:0 
[12/10/2022 12:28:34 PM] [Info] This server will automatically save every 1800 seconds
[12/10/2022 12:28:34 PM] [Info] Steam servers ready!
[12/10/2022 12:28:34 PM] [Info] Workshop install folder: C:\Program Files (x86)\Steam\steamapps\common\U3DS/Servers/MyServer/Workshop/Steam
[12/10/2022 12:28:34 PM] [Info] 1 workshop item(s) requested
[12/10/2022 12:28:34 PM] [Info] Submitting workshop query for 1 item(s)...
[12/10/2022 12:28:34 PM] [Info] Workshop query yielded 1 result(s)
[12/10/2022 12:28:34 PM] [Info] This server's allowed IP for Workshop downloads: 73.253.101.49
[12/10/2022 12:28:34 PM] [Info] 2899517511 'LFO Mods' has 15 children
[12/10/2022 12:28:34 PM] [Info] 	1905768396
[12/10/2022 12:28:34 PM] [Info] 	1232252658
[12/10/2022 12:28:34 PM] [Info] 	2528363491
[12/10/2022 12:28:34 PM] [Info] 	2309977886
[12/10/2022 12:28:34 PM] [Info] 	2407744519
[12/10/2022 12:28:34 PM] [Info] 	2407742380
[12/10/2022 12:28:34 PM] [Info] 	1959614756
[12/10/2022 12:28:34 PM] [Info] 	1727733956
[12/10/2022 12:28:34 PM] [Info] 	2069342497
[12/10/2022 12:28:34 PM] [Info] 	2463099029
[12/10/2022 12:28:34 PM] [Info] 	2519307620
[12/10/2022 12:28:34 PM] [Info] 	1717095606
[12/10/2022 12:28:34 PM] [Info] 	2796081018
[12/10/2022 12:28:34 PM] [Info] 	2427849541
[12/10/2022 12:28:34 PM] [Info] 	2454681372
[12/10/2022 12:28:34 PM] [Info] Submitting workshop query for 15 item(s)...
[12/10/2022 12:28:36 PM] [Info] Workshop query yielded 15 result(s)
[12/10/2022 12:28:36 PM] [Info] This server's allowed IP for Workshop downloads: 73.253.101.49
[12/10/2022 12:28:36 PM] [Info] 1905768396 'California' queued for download
[12/10/2022 12:28:36 PM] [Info] 1232252658 'More Farming Mod' queued for download
[12/10/2022 12:28:36 PM] [Info] 2528363491 'Wind Vehicles' queued for download
[12/10/2022 12:28:36 PM] [Info] 2309977886 'Wind Cars 2.0' queued for download
[12/10/2022 12:28:36 PM] [Info] 2407744519 'Uncreated Vehicles' queued for download
[12/10/2022 12:28:36 PM] [Info] 2407742380 'Uncreated Clothes' queued for download
[12/10/2022 12:28:36 PM] [Info] 1959614756 'The Far East Conflict | Nordic Studios™ | Nordic Armory 3.0 [3.28+]' queued for download
[12/10/2022 12:28:36 PM] [Info] 1727733956 'Pento's Tactical Apparel' queued for download
[12/10/2022 12:28:36 PM] [Info] Authorized to download 2069342497 'Survivor's Expansion'
[12/10/2022 12:28:36 PM] [Info] 2069342497 'Survivor's Expansion' queued for download
[12/10/2022 12:28:36 PM] [Info] 2463099029 'A.C.M.S. Unturnov Armors | WIP version 1.1.2' queued for download
[12/10/2022 12:28:36 PM] [Info] 2519307620 'Medicals of Unturnov II | WIP version 1.0.1' queued for download
[12/10/2022 12:28:36 PM] [Info] 1717095606 'Creator Tools' queued for download
[12/10/2022 12:28:36 PM] [Info] 2796081018 'Nordic Compatable Arid' queued for download
[12/10/2022 12:28:36 PM] [Info] 2427849541 'Dark Valley' queued for download
[12/10/2022 12:28:36 PM] [Info] 2427849541 'Dark Valley' has 9 children
[12/10/2022 12:28:36 PM] [Info] 	1232252658 (already queued)
[12/10/2022 12:28:36 PM] [Info] 	1727733956 (already queued)
[12/10/2022 12:28:36 PM] [Info] 	1905768396 (already queued)
[12/10/2022 12:28:36 PM] [Info] 	1959614756 (already queued)
[12/10/2022 12:28:36 PM] [Info] 	1975500516
[12/10/2022 12:28:36 PM] [Info] 	2069342497 (already queued)
[12/10/2022 12:28:36 PM] [Info] 	2272965541
[12/10/2022 12:28:36 PM] [Info] 	2309977886 (already queued)
[12/10/2022 12:28:36 PM] [Info] 	2528363491 (already queued)
[12/10/2022 12:28:36 PM] [Info] 2454681372 'Raum's Lockers' queued for download
[12/10/2022 12:28:36 PM] [Info] Submitting workshop query for 2 item(s)...
[12/10/2022 12:28:36 PM] [Info] Workshop query yielded 2 result(s)
[12/10/2022 12:28:36 PM] [Info] This server's allowed IP for Workshop downloads: 73.253.101.49
[12/10/2022 12:28:36 PM] [Info] 1975500516 '[Official] France (Updated June 2021)' queued for download
[12/10/2022 12:28:36 PM] [Warning] Not authorized in the IP whitelist for 2272965541 'RageLess Network Lockers'
[12/10/2022 12:28:36 PM] [Info] 16 workshop item(s) to download...
[12/10/2022 12:29:38 PM] [Info] Workshop item found in cache: 1905768396
[12/10/2022 12:29:38 PM] [Info] Installing workshop item: 1905768396
[12/10/2022 12:29:38 PM] [Info] Installed workshop item: 1905768396
[12/10/2022 12:29:38 PM] [Info] Workshop item found in cache: 1232252658
[12/10/2022 12:29:38 PM] [Info] Installing workshop item: 1232252658
[12/10/2022 12:29:38 PM] [Info] Installed workshop item: 1232252658
[12/10/2022 12:29:38 PM] [Info] Workshop item found in cache: 2528363491
[12/10/2022 12:29:38 PM] [Info] Installing workshop item: 2528363491
[12/10/2022 12:29:38 PM] [Info] Installed workshop item: 2528363491
[12/10/2022 12:29:38 PM] [Info] Workshop item found in cache: 2309977886
[12/10/2022 12:29:38 PM] [Info] Installing workshop item: 2309977886
[12/10/2022 12:29:38 PM] [Info] Installed workshop item: 2309977886
[12/10/2022 12:29:38 PM] [Info] Workshop item found in cache: 2407744519
[12/10/2022 12:29:38 PM] [Info] Installing workshop item: 2407744519
[12/10/2022 12:29:38 PM] [Info] Installed workshop item: 2407744519
[12/10/2022 12:29:38 PM] [Info] Workshop item found in cache: 2407742380
[12/10/2022 12:29:38 PM] [Info] Installing workshop item: 2407742380
[12/10/2022 12:29:38 PM] [Info] Installed workshop item: 2407742380
[12/10/2022 12:29:38 PM] [Info] Workshop item found in cache: 1959614756
[12/10/2022 12:29:38 PM] [Info] Installing workshop item: 1959614756
[12/10/2022 12:29:38 PM] [Error] Exception has been thrown by the target of an invocation.
[12/10/2022 12:29:38 PM] [Error]   at System.Reflection.MonoCMethod.InternalInvoke (System.Object obj, System.Object[] parameters) [0x00014] in <695d1cc93cca45069c528c15c9fdd749>:0 
  at System.Reflection.MonoCMethod.DoInvoke (System.Object obj, System.Reflection.BindingFlags invokeAttr, System.Reflection.Binder binder, System.Object[] parameters, System.Globalization.CultureInfo culture) [0x0007a] in <695d1cc93cca45069c528c15c9fdd749>:0 
  at System.Reflection.MonoCMethod.Invoke (System.Reflection.BindingFlags invokeAttr, System.Reflection.Binder binder, System.Object[] parameters, System.Globalization.CultureInfo culture) [0x00000] in <695d1cc93cca45069c528c15c9fdd749>:0 
  at System.RuntimeType.CreateInstanceImpl (System.Reflection.BindingFlags bindingAttr, System.Reflection.Binder binder, System.Object[] args, System.Globalization.CultureInfo culture, System.Object[] activationAttributes, System.Threading.StackCrawlMark& stackMark) [0x00213] in <695d1cc93cca45069c528c15c9fdd749>:0 
  at System.Activator.CreateInstance (System.Type type, System.Reflection.BindingFlags bindingAttr, System.Reflection.Binder binder, System.Object[] args, System.Globalization.CultureInfo culture, System.Object[] activationAttributes) [0x00095] in <695d1cc93cca45069c528c15c9fdd749>:0 
  at System.Activator.CreateInstance (System.Type type, System.Object[] args) [0x00000] in <695d1cc93cca45069c528c15c9fdd749>:0 
  at SDG.Unturned.Assets.loadFile (SDG.Unturned.Assets+ScannedFileInfo file) [0x004f6] in <affe003bba9f44acb443d5523a93208c>:0 
[12/10/2022 12:29:38 PM] [Error] Missing effect gameobject
[12/10/2022 12:29:38 PM] [Error]   at SDG.Unturned.EffectAsset..ctor (SDG.Unturned.Bundle bundle, SDG.Unturned.Data data, SDG.Unturned.Local localization, System.UInt16 id) [0x00053] in <affe003bba9f44acb443d5523a93208c>:0 
  at (wrapper managed-to-native) System.Reflection.MonoCMethod.InternalInvoke(System.Reflection.MonoCMethod,object,object[],System.Exception&)
  at System.Reflection.MonoCMethod.InternalInvoke (System.Object obj, System.Object[] parameters) [0x00002] in <695d1cc93cca45069c528c15c9fdd749>:0 
[12/10/2022 12:29:38 PM] [Info] Installed workshop item: 1959614756
[12/10/2022 12:29:38 PM] [Info] Workshop item found in cache: 1727733956
[12/10/2022 12:29:38 PM] [Info] Installing workshop item: 1727733956
[12/10/2022 12:29:38 PM] [Info] Installed workshop item: 1727733956
[12/10/2022 12:29:38 PM] [Info] Workshop item found in cache: 2069342497
[12/10/2022 12:29:38 PM] [Info] Installing workshop item: 2069342497
[12/10/2022 12:29:38 PM] [Info] Installed workshop item: 2069342497
[12/10/2022 12:29:38 PM] [Info] Workshop item found in cache: 2463099029
[12/10/2022 12:29:38 PM] [Info] Installing workshop item: 2463099029
[12/10/2022 12:29:38 PM] [Info] Installed workshop item: 2463099029
[12/10/2022 12:29:38 PM] [Info] Workshop item found in cache: 2519307620
[12/10/2022 12:29:38 PM] [Info] Installing workshop item: 2519307620
[12/10/2022 12:29:38 PM] [Info] Installed workshop item: 2519307620
[12/10/2022 12:29:38 PM] [Info] Workshop item found in cache: 1717095606
[12/10/2022 12:29:38 PM] [Info] Installing workshop item: 1717095606
[12/10/2022 12:29:38 PM] [Info] Installed workshop item: 1717095606
[12/10/2022 12:29:38 PM] [Info] Workshop item found in cache: 2796081018
[12/10/2022 12:29:38 PM] [Info] Installing workshop item: 2796081018
[12/10/2022 12:29:38 PM] [Info] Installed workshop item: 2796081018
[12/10/2022 12:29:38 PM] [Info] Workshop item found in cache: 2427849541
[12/10/2022 12:29:38 PM] [Info] Installing workshop item: 2427849541
[12/10/2022 12:29:38 PM] [Info] Installed workshop item: 2427849541
[12/10/2022 12:29:38 PM] [Info] Workshop item found in cache: 2454681372
[12/10/2022 12:29:38 PM] [Info] Installing workshop item: 2454681372
[12/10/2022 12:29:38 PM] [Info] Installed workshop item: 2454681372
[12/10/2022 12:29:38 PM] [Info] Workshop item found in cache: 1975500516
[12/10/2022 12:29:38 PM] [Info] Installing workshop item: 1975500516
[12/10/2022 12:29:38 PM] [Info] Installed workshop item: 1975500516
[12/10/2022 12:29:38 PM] [Info] Monitoring workshop map 'Dark_Valley' (2427849541) for changes
[12/10/2022 12:29:38 PM] [Error] Navigation bounds count (12) does not match graph count (14) during server load
[12/10/2022 12:29:38 PM] [Info] Loading level: 8%
[12/10/2022 12:29:38 PM] [Error] Object with no asset in region 24, 31: 57041 8df109a1-f748-494f-9230-94a47c2f7c99
[12/10/2022 12:29:38 PM] [Error] Object with no asset in region 24, 31: 57041 8df109a1-f748-494f-9230-94a47c2f7c99
[12/10/2022 12:29:38 PM] [Error] Object with no asset in region 24, 31: 57041 8df109a1-f748-494f-9230-94a47c2f7c99
[12/10/2022 12:29:38 PM] [Error] Object with no asset in region 24, 31: 57041 8df109a1-f748-494f-9230-94a47c2f7c99
[12/10/2022 12:29:38 PM] [Error] Object with no asset in region 24, 31: 57041 8df109a1-f748-494f-9230-94a47c2f7c99
[12/10/2022 12:29:39 PM] [Error] Object with no asset in region 24, 31: 57041 8df109a1-f748-494f-9230-94a47c2f7c99
[12/10/2022 12:29:39 PM] [Error] Object with no asset in region 24, 31: 57041 8df109a1-f748-494f-9230-94a47c2f7c99
[12/10/2022 12:29:39 PM] [Error] Object with no asset in region 24, 31: 57041 8df109a1-f748-494f-9230-94a47c2f7c99
[12/10/2022 12:29:39 PM] [Error] Object with no asset in region 24, 31: 57041 8df109a1-f748-494f-9230-94a47c2f7c99
[12/10/2022 12:29:39 PM] [Error] Object with no asset in region 24, 31: 57041 8df109a1-f748-494f-9230-94a47c2f7c99
[12/10/2022 12:29:39 PM] [Error] Object with no asset in region 24, 31: 57041 8df109a1-f748-494f-9230-94a47c2f7c99
[12/10/2022 12:29:39 PM] [Error] Object with no asset in region 24, 31: 57041 8df109a1-f748-494f-9230-94a47c2f7c99
[12/10/2022 12:29:39 PM] [Error] Object with no asset in region 24, 32: 57041 8df109a1-f748-494f-9230-94a47c2f7c99
[12/10/2022 12:29:39 PM] [Error] Object with no asset in region 24, 32: 57041 8df109a1-f748-494f-9230-94a47c2f7c99
[12/10/2022 12:29:39 PM] [Error] Object with no asset in region 24, 32: 57041 8df109a1-f748-494f-9230-94a47c2f7c99
[12/10/2022 12:29:39 PM] [Error] Object with no asset in region 24, 32: 57041 8df109a1-f748-494f-9230-94a47c2f7c99
[12/10/2022 12:29:39 PM] [Error] Object with no asset in region 24, 32: 57041 8df109a1-f748-494f-9230-94a47c2f7c99
[12/10/2022 12:29:39 PM] [Error] Object with no asset in region 24, 32: 57041 8df109a1-f748-494f-9230-94a47c2f7c99
[12/10/2022 12:29:39 PM] [Error] Object with no asset in region 24, 32: 57041 8df109a1-f748-494f-9230-94a47c2f7c99
[12/10/2022 12:29:39 PM] [Error] Object with no asset in region 25, 24: 30189 71ec574c-9800-4611-9eeb-0b7146d0035e
[12/10/2022 12:29:39 PM] [Error] Object with no asset in region 25, 24: 30189 71ec574c-9800-4611-9eeb-0b7146d0035e
[12/10/2022 12:29:39 PM] [Error] Object with no asset in region 25, 24: 57417 11ade410-d4e7-4e5f-96be-cdd517a45b96
[12/10/2022 12:29:39 PM] [Error] Object with no asset in region 25, 25: 30189 71ec574c-9800-4611-9eeb-0b7146d0035e
[12/10/2022 12:29:39 PM] [Error] Object with no asset in region 25, 25: 30189 71ec574c-9800-4611-9eeb-0b7146d0035e
[12/10/2022 12:29:39 PM] [Error] Object with no asset in region 25, 25: 30189 71ec574c-9800-4611-9eeb-0b7146d0035e
[12/10/2022 12:29:39 PM] [Error] Object with no asset in region 25, 25: 57417 11ade410-d4e7-4e5f-96be-cdd517a45b96
[12/10/2022 12:29:39 PM] [Error] Object with no asset in region 25, 25: 57417 11ade410-d4e7-4e5f-96be-cdd517a45b96
[12/10/2022 12:29:39 PM] [Error] Object with no asset in region 25, 25: 57417 11ade410-d4e7-4e5f-96be-cdd517a45b96
[12/10/2022 12:29:39 PM] [Error] Object with no asset in region 25, 25: 57417 11ade410-d4e7-4e5f-96be-cdd517a45b96
[12/10/2022 12:29:39 PM] [Error] Object with no asset in region 25, 27: 31521 2868eed1-17e9-4654-9e29-4889d2f2b08c
[12/10/2022 12:29:39 PM] [Error] Object with no asset in region 25, 31: 57041 8df109a1-f748-494f-9230-94a47c2f7c99
[12/10/2022 12:29:39 PM] [Error] Object with no asset in region 25, 31: 57041 8df109a1-f748-494f-9230-94a47c2f7c99
[12/10/2022 12:29:39 PM] [Error] Object with no asset in region 25, 31: 57041 8df109a1-f748-494f-9230-94a47c2f7c99
[12/10/2022 12:29:39 PM] [Error] Object with no asset in region 25, 31: 57041 8df109a1-f748-494f-9230-94a47c2f7c99
[12/10/2022 12:29:39 PM] [Error] Object with no asset in region 25, 31: 57041 8df109a1-f748-494f-9230-94a47c2f7c99
[12/10/2022 12:29:39 PM] [Error] Object with no asset in region 25, 31: 57041 8df109a1-f748-494f-9230-94a47c2f7c99
[12/10/2022 12:29:39 PM] [Error] Object with no asset in region 25, 31: 57041 8df109a1-f748-494f-9230-94a47c2f7c99
[12/10/2022 12:29:39 PM] [Error] Object with no asset in region 25, 31: 57041 8df109a1-f748-494f-9230-94a47c2f7c99
[12/10/2022 12:29:39 PM] [Error] Object with no asset in region 25, 31: 57041 8df109a1-f748-494f-9230-94a47c2f7c99
[12/10/2022 12:29:39 PM] [Error] Object with no asset in region 25, 31: 57041 8df109a1-f748-494f-9230-94a47c2f7c99
[12/10/2022 12:29:39 PM] [Error] Object with no asset in region 25, 31: 57041 8df109a1-f748-494f-9230-94a47c2f7c99
[12/10/2022 12:29:39 PM] [Error] Object with no asset in region 25, 31: 57041 8df109a1-f748-494f-9230-94a47c2f7c99
[12/10/2022 12:29:39 PM] [Error] Object with no asset in region 25, 31: 57041 8df109a1-f748-494f-9230-94a47c2f7c99
[12/10/2022 12:29:39 PM] [Error] Object with no asset in region 25, 31: 57041 8df109a1-f748-494f-9230-94a47c2f7c99
[12/10/2022 12:29:39 PM] [Error] Object with no asset in region 25, 31: 57041 8df109a1-f748-494f-9230-94a47c2f7c99
[12/10/2022 12:29:39 PM] [Error] Object with no asset in region 25, 31: 57041 8df109a1-f748-494f-9230-94a47c2f7c99
[12/10/2022 12:29:39 PM] [Error] Object with no asset in region 25, 31: 57041 8df109a1-f748-494f-9230-94a47c2f7c99
[12/10/2022 12:29:39 PM] [Error] Object with no asset in region 25, 31: 57041 8df109a1-f748-494f-9230-94a47c2f7c99
[12/10/2022 12:29:39 PM] [Error] Object with no asset in region 25, 31: 57041 8df109a1-f748-494f-9230-94a47c2f7c99
[12/10/2022 12:29:39 PM] [Error] Object with no asset in region 30, 31: 57418 0393db6c-dba0-4c6c-b624-3c3fceed76e8
[12/10/2022 12:29:39 PM] [Error] Object with no asset in region 30, 36: 57330 82c9a6f8-c852-4485-9a7c-770b5e167eb2
[12/10/2022 12:29:39 PM] [Error] Object with no asset in region 30, 36: 57330 82c9a6f8-c852-4485-9a7c-770b5e167eb2
[12/10/2022 12:29:39 PM] [Error] Object with no asset in region 31, 31: 30181 9139fa6d-8191-412c-b528-c2708937d3dd
[12/10/2022 12:29:39 PM] [Error] Object with no asset in region 31, 31: 30181 9139fa6d-8191-412c-b528-c2708937d3dd
[12/10/2022 12:29:39 PM] [Error] Object with no asset in region 32, 25: 57106 32fec7a2-25aa-4a5d-bea2-c6178afd64a3
[12/10/2022 12:29:39 PM] [Error] Object with no asset in region 32, 26: 57330 82c9a6f8-c852-4485-9a7c-770b5e167eb2
[12/10/2022 12:29:39 PM] [Error] Object with no asset in region 32, 27: 57330 82c9a6f8-c852-4485-9a7c-770b5e167eb2
[12/10/2022 12:29:39 PM] [Error] Object with no asset in region 32, 35: 57405 5ee5d3d6-9b3c-4b8f-a087-592ca586e583
[12/10/2022 12:29:39 PM] [Error] Object with no asset in region 32, 35: 57177 ce6a33c7-1469-4db4-af20-1c82f2f8ab74
[12/10/2022 12:29:39 PM] [Error] Object with no asset in region 34, 38: 45738 991654c4-c6f1-4ef5-ae40-5224d231796e
[12/10/2022 12:29:39 PM] [Error] Object with no asset in region 34, 38: 45740 338c3eff-07d0-44f3-ba73-cdc9a617abb6
[12/10/2022 12:29:39 PM] [Error] Object with no asset in region 34, 38: 30200 77b52027-c985-408a-b606-dd33cf4d5e6e
[12/10/2022 12:29:39 PM] [Error] Object with no asset in region 34, 38: 45739 e5c560ff-6848-4eab-bd57-b30fe11df489
[12/10/2022 12:29:39 PM] [Error] Object with no asset in region 34, 38: 30200 77b52027-c985-408a-b606-dd33cf4d5e6e
[12/10/2022 12:29:39 PM] [Error] Object with no asset in region 34, 38: 30200 77b52027-c985-408a-b606-dd33cf4d5e6e
[12/10/2022 12:29:39 PM] [Error] Object with no asset in region 34, 38: 30200 77b52027-c985-408a-b606-dd33cf4d5e6e
[12/10/2022 12:29:39 PM] [Error] Object with no asset in region 34, 38: 30200 77b52027-c985-408a-b606-dd33cf4d5e6e
[12/10/2022 12:29:39 PM] [Error] Object with no asset in region 34, 38: 30200 77b52027-c985-408a-b606-dd33cf4d5e6e
[12/10/2022 12:29:39 PM] [Error] Object with no asset in region 34, 38: 30200 77b52027-c985-408a-b606-dd33cf4d5e6e
[12/10/2022 12:29:39 PM] [Error] Object with no asset in region 34, 38: 57410 6770f810-f462-42fb-997b-5add7b915146
[12/10/2022 12:29:39 PM] [Error] Object with no asset in region 36, 28: 57421 6fa407f6-b4d1-4c50-9857-2e7af9c5156a
[12/10/2022 12:29:39 PM] [Error] Object with no asset in region 37, 26: 57106 32fec7a2-25aa-4a5d-bea2-c6178afd64a3
[12/10/2022 12:29:39 PM] [Error] Object with no asset in region 38, 32: 57122 4cb9a98c-64fa-4cdc-92d0-3fe3647dd33a
[12/10/2022 12:29:39 PM] [Error] Object with no asset in region 38, 32: 57122 4cb9a98c-64fa-4cdc-92d0-3fe3647dd33a
[12/10/2022 12:29:39 PM] [Error] Object with no asset in region 38, 32: 57177 ce6a33c7-1469-4db4-af20-1c82f2f8ab74
[12/10/2022 12:29:39 PM] [Error] Object with no asset in region 38, 32: 57105 22966d67-8661-481b-995f-190b4bbdb761
[12/10/2022 12:29:39 PM] [Error] Object with no asset in region 38, 33: 57122 4cb9a98c-64fa-4cdc-92d0-3fe3647dd33a
[12/10/2022 12:29:39 PM] [Error] Object with no asset in region 38, 33: 57122 4cb9a98c-64fa-4cdc-92d0-3fe3647dd33a
[12/10/2022 12:29:39 PM] [Error] Object with no asset in region 38, 33: 57122 4cb9a98c-64fa-4cdc-92d0-3fe3647dd33a
[12/10/2022 12:29:39 PM] [Error] Object with no asset in region 38, 33: 57122 4cb9a98c-64fa-4cdc-92d0-3fe3647dd33a
[12/10/2022 12:29:39 PM] [Error] Object with no asset in region 38, 33: 57122 4cb9a98c-64fa-4cdc-92d0-3fe3647dd33a
[12/10/2022 12:29:39 PM] [Error] Object with no asset in region 38, 33: 57122 4cb9a98c-64fa-4cdc-92d0-3fe3647dd33a
[12/10/2022 12:29:39 PM] [Error] Object with no asset in region 38, 33: 57122 4cb9a98c-64fa-4cdc-92d0-3fe3647dd33a
[12/10/2022 12:29:39 PM] [Error] Object with no asset in region 38, 33: 57177 ce6a33c7-1469-4db4-af20-1c82f2f8ab74
[12/10/2022 12:29:39 PM] [Error] Object with no asset in region 38, 33: 57330 82c9a6f8-c852-4485-9a7c-770b5e167eb2
[12/10/2022 12:29:39 PM] [Error] Object with no asset in region 38, 33: 57330 82c9a6f8-c852-4485-9a7c-770b5e167eb2
[12/10/2022 12:29:39 PM] [Error] Object with no asset in region 38, 33: 57404 ec4b7e5e-0cf7-4973-9d93-9d473a4460fc
[12/10/2022 12:29:39 PM] [Error] Object with no asset in region 38, 33: 57404 ec4b7e5e-0cf7-4973-9d93-9d473a4460fc
[12/10/2022 12:29:39 PM] [Error] Object with no asset in region 38, 33: 57409 07ec4513-54c4-47d0-8035-82a7b14512b1
[12/10/2022 12:29:39 PM] [Error] Object with no asset in region 38, 38: 57420 8e8ef743-fc29-4344-82f6-98dc39ba6ba0
[12/10/2022 12:29:39 PM] [Info] Loading level: 16%
[12/10/2022 12:29:39 PM] [Info] Loading level: 25%
[12/10/2022 12:29:40 PM] [Info] Loading level: 33%
[12/10/2022 12:29:40 PM] [Info] Loading level: 41%
[12/10/2022 12:29:40 PM] [Info] Loading level: 50%
[12/10/2022 12:29:40 PM] [Info] Loading level: 58%
[12/10/2022 12:29:40 PM] [Info] Loading level: 66%
[12/10/2022 12:29:40 PM] [Info] Loading level: 75%
[12/10/2022 12:29:40 PM] [Info] Loading level: 83%
[12/10/2022 12:29:40 PM] [Info] Loading level: 91%
[12/10/2022 12:29:54 PM] [Info] Loading level: 100%
[12/10/2022 12:29:54 PM] [Info] Connecting: PlayerID: 76561199035738472 Name: Delta-97 Character: Red__Bear
[12/10/2022 12:29:59 PM] [Info] [Area] Red__Bear [Delta-97]: "/ckit USMC"
[12/10/2022 12:30:03 PM] [Info] [Group] Red__Bear [Delta-97]: "/kits"
[12/10/2022 12:30:17 PM] [Info] [Group] Red__Bear [Delta-97]: "/kit brute"
[12/10/2022 12:30:21 PM] [Info] [Group] Red__Bear [Delta-97]: "/kit Brute"
[12/10/2022 12:30:25 PM] [Info] [Group] Red__Bear [Delta-97]: "/kit survival"
[12/10/2022 12:30:35 PM] [Info] Disconnecting: PlayerID: 76561199035738472 Name: Delta-97 Character: Red__Bear
[12/10/2022 12:30:40 PM] [Info] 
[unloading] Kits
