[1/18/2023 4:27:32 PM] [Info] Steam servers ready!
[1/18/2023 4:27:32 PM] [Info] Workshop install folder: C:\Program Files (x86)\Steam\steamapps\common\U3DS/Servers/LFO/Workshop/Steam
[1/18/2023 4:27:32 PM] [Info] 2 workshop item(s) requested
[1/18/2023 4:27:32 PM] [Info] Submitting workshop query for 2 item(s)...
[1/18/2023 4:27:32 PM] [Info] Workshop query yielded 2 result(s)
[1/18/2023 4:27:32 PM] [Info] This server's allowed IP for Workshop downloads: 73.253.101.49
[1/18/2023 4:27:32 PM] [Info] 2899517511 'LFO Mods' has 9 children
[1/18/2023 4:27:32 PM] [Info] 	1232252658
[1/18/2023 4:27:32 PM] [Info] 	2069342497
[1/18/2023 4:27:32 PM] [Info] 	1717095606
[1/18/2023 4:27:32 PM] [Info] 	1909152337
[1/18/2023 4:27:32 PM] [Info] 	2480988643
[1/18/2023 4:27:32 PM] [Info] 	2683620106 (already queued)
[1/18/2023 4:27:32 PM] [Info] 	2133808330
[1/18/2023 4:27:32 PM] [Info] 	1727733956
[1/18/2023 4:27:32 PM] [Info] 	2363811642
[1/18/2023 4:27:32 PM] [Info] 2683620106 'Arid' queued for download
[1/18/2023 4:27:32 PM] [Info] Submitting workshop query for 8 item(s)...
[1/18/2023 4:27:33 PM] [Info] Workshop query yielded 8 result(s)
[1/18/2023 4:27:33 PM] [Info] This server's allowed IP for Workshop downloads: 73.253.101.49
[1/18/2023 4:27:33 PM] [Info] 1232252658 'More Farming Mod' queued for download
[1/18/2023 4:28:14 PM] [Info] Authorized to download 2069342497 'Survivor's Expansion'
[1/18/2023 4:28:14 PM] [Info] 2069342497 'Survivor's Expansion' queued for download
[1/18/2023 4:28:14 PM] [Info] 1717095606 'Creator Tools' queued for download
[1/18/2023 4:28:14 PM] [Info] 1909152337 'California Assets' queued for download
[1/18/2023 4:28:14 PM] [Info] 2480988643 'LFO Washington' queued for download
[1/18/2023 4:28:14 PM] [Info] 2133808330 'Music Remaster 3.0' queued for download
[1/18/2023 4:28:14 PM] [Info] 1727733956 'Pento's Tactical Apparel' queued for download
[1/18/2023 4:28:14 PM] [Info] 2363811642 'Uncreated Armory 2021 | The Uncreated Project™' queued for download
[1/18/2023 4:28:14 PM] [Info] 9 workshop item(s) to download...
[1/18/2023 4:28:14 PM] [Info] Workshop item found in cache: 2683620106
[1/18/2023 4:28:14 PM] [Info] Installing workshop item: 2683620106
[1/18/2023 4:28:14 PM] [Info] Installed workshop item: 2683620106
[1/18/2023 4:28:14 PM] [Info] Workshop item found in cache: 1232252658
[1/18/2023 4:28:14 PM] [Info] Installing workshop item: 1232252658
[1/18/2023 4:28:14 PM] [Info] Installed workshop item: 1232252658
[1/18/2023 4:28:14 PM] [Info] Workshop item found in cache: 2069342497
[1/18/2023 4:28:14 PM] [Info] Installing workshop item: 2069342497
[1/18/2023 4:28:14 PM] [Info] Installed workshop item: 2069342497
[1/18/2023 4:28:14 PM] [Info] Workshop item found in cache: 1717095606
[1/18/2023 4:28:14 PM] [Info] Installing workshop item: 1717095606
[1/18/2023 4:28:14 PM] [Info] Installed workshop item: 1717095606
[1/18/2023 4:28:14 PM] [Info] Workshop item found in cache: 1909152337
[1/18/2023 4:28:14 PM] [Info] Installing workshop item: 1909152337
[1/18/2023 4:28:14 PM] [Info] Installed workshop item: 1909152337
[1/18/2023 4:28:14 PM] [Info] Workshop item found in cache: 2480988643
[1/18/2023 4:28:14 PM] [Info] Installing workshop item: 2480988643
[1/18/2023 4:28:14 PM] [Info] Installed workshop item: 2480988643
[1/18/2023 4:28:14 PM] [Info] Workshop item found in cache: 2133808330
[1/18/2023 4:28:14 PM] [Info] Installing workshop item: 2133808330
[1/18/2023 4:28:14 PM] [Info] Installed workshop item: 2133808330
[1/18/2023 4:28:14 PM] [Info] Workshop item found in cache: 1727733956
[1/18/2023 4:28:14 PM] [Info] Installing workshop item: 1727733956
[1/18/2023 4:28:14 PM] [Info] Installed workshop item: 1727733956
[1/18/2023 4:28:14 PM] [Info] Workshop item found in cache: 2363811642
[1/18/2023 4:28:14 PM] [Info] Installing workshop item: 2363811642
[1/18/2023 4:28:14 PM] [Info] Installed workshop item: 2363811642
[1/18/2023 4:28:14 PM] [Info] Skipping level config override Items.Quality_Full_Chance because server value (1) is not the default (0.1)
[1/18/2023 4:28:14 PM] [Info] Level overrides config Items.Quality_Multiplier: 1 (Default: 1)
[1/18/2023 4:28:14 PM] [Info] Skipping level config override Items.Gun_Bullets_Full_Chance because server value (1) is not the default (0.05)
[1/18/2023 4:28:14 PM] [Info] Skipping level config override Items.Gun_Bullets_Multiplier because server value (1) is not the default (0.25)
[1/18/2023 4:28:14 PM] [Info] Skipping level config override Items.Magazine_Bullets_Full_Chance because server value (1) is not the default (0.05)
[1/18/2023 4:28:14 PM] [Info] Skipping level config override Items.Magazine_Bullets_Multiplier because server value (1) is not the default (0.5)
[1/18/2023 4:28:14 PM] [Info] Skipping level config override Items.Crate_Bullets_Full_Chance because server value (1) is not the default (0.05)
[1/18/2023 4:28:14 PM] [Info] Level overrides config Items.Crate_Bullets_Multiplier: 1 (Default: 1)
[1/18/2023 4:28:14 PM] [Info] Level overrides config Items.Despawn_Dropped_Time: 1080 (Default: 600)
[1/18/2023 4:28:14 PM] [Info] Level overrides config Items.Despawn_Natural_Time: 1080 (Default: 900)
[1/18/2023 4:28:14 PM] [Info] Level overrides config Items.Respawn_Time: 80 (Default: 100)
[1/18/2023 4:28:14 PM] [Info] Level overrides config Players.Health_Default: 100 (Default: 100)
[1/18/2023 4:28:14 PM] [Info] Level overrides config Players.Food_Default: 100 (Default: 100)
[1/18/2023 4:28:14 PM] [Info] Level overrides config Players.Water_Default: 100 (Default: 100)
[1/18/2023 4:28:14 PM] [Info] Level overrides config Players.Virus_Default: 100 (Default: 100)
[1/18/2023 4:28:14 PM] [Info] Level overrides config Players.Health_Regen_Min_Food: 70 (Default: 90)
[1/18/2023 4:28:14 PM] [Info] Level overrides config Players.Health_Regen_Min_Water: 70 (Default: 90)
[1/18/2023 4:28:14 PM] [Info] Level overrides config Players.Health_Regen_Ticks: 45 (Default: 60)
[1/18/2023 4:28:14 PM] [Info] Level overrides config Players.Food_Use_Ticks: 1400 (Default: 300)
[1/18/2023 4:28:14 PM] [Info] Level overrides config Players.Food_Damage_Ticks: 5 (Default: 15)
[1/18/2023 4:28:14 PM] [Info] Level overrides config Players.Water_Use_Ticks: 1200 (Default: 270)
[1/18/2023 4:28:14 PM] [Info] Level overrides config Players.Water_Damage_Ticks: 5 (Default: 20)
[1/18/2023 4:28:14 PM] [Info] Skipping level config override Players.Virus_Infect because server value (90) is not the default (50)
[1/18/2023 4:28:14 PM] [Info] Level overrides config Players.Virus_Use_Ticks: 60 (Default: 125)
[1/18/2023 4:28:14 PM] [Info] Level overrides config Players.Virus_Damage_Ticks: 1 (Default: 25)
[1/18/2023 4:28:14 PM] [Info] Skipping level config override Players.Detect_Radius_Multiplier because server value (5) is not the default (1)
[1/18/2023 4:28:14 PM] [Info] Skipping level config override Players.Ray_Aggressor_Distance because server value (30) is not the default (8)
[1/18/2023 4:28:14 PM] [Info] Level overrides config Players.Bleed_Damage_Ticks: 21 (Default: 10)
[1/18/2023 4:28:14 PM] [Info] Level overrides config Players.Can_Stop_Bleeding: True (Default: True)
[1/18/2023 4:28:14 PM] [Info] Level overrides config Players.Experience_Multiplier: 0 (Default: 1)
[1/18/2023 4:28:14 PM] [Info] Skipping level config override Players.Lose_Skills_PvP because server value (1) is not the default (0.75)
[1/18/2023 4:28:14 PM] [Info] Skipping level config override Players.Lose_Skills_PvE because server value (1) is not the default (0.75)
[1/18/2023 4:28:14 PM] [Error] Failed to find mode config for level override: Platers
[1/18/2023 4:28:14 PM] [Error] Failed to find mode config for level override: Platers
[1/18/2023 4:28:14 PM] [Info] Skipping level config override Zombies.Slow_Movement because server value (True) is not the default (False)
[1/18/2023 4:28:14 PM] [Info] Skipping level config override Zombies.Acid_Chance because server value (0) is not the default (0.025)
[1/18/2023 4:28:14 PM] [Info] Skipping level config override Zombies.Loot_Chance because server value (1) is not the default (0.5)
[1/18/2023 4:28:14 PM] [Info] Level overrides config Zombies.Min_Mega_Drops: 5 (Default: 5)
[1/18/2023 4:28:14 PM] [Info] Skipping level config override Zombies.Max_Mega_Drops because server value (10) is not the default (5)
[1/18/2023 4:28:14 PM] [Info] Skipping level config override Zombies.Min_Boss_Drops because server value (5) is not the default (8)
[1/18/2023 4:28:14 PM] [Info] Level overrides config Zombies.Max_Boss_Drops: 15 (Default: 10)
[1/18/2023 4:28:14 PM] [Info] Skipping level config override Zombies.Respawn_Day_Time because server value (600) is not the default (360)
[1/18/2023 4:28:14 PM] [Info] Level overrides config Zombies.Respawn_Night_Time: 180 (Default: 30)
[1/18/2023 4:28:14 PM] [Info] Level overrides config Gameplay.Chart: False (Default: False)
[1/18/2023 4:28:14 PM] [Info] Level overrides config Gameplay.Satellite: False (Default: False)
[1/18/2023 4:28:14 PM] [Info] Level overrides config Gameplay.Compass: True (Default: False)
[1/18/2023 4:28:14 PM] [Info] Level overrides config Gameplay.Ballistics: True (Default: True)
[1/18/2023 4:28:14 PM] [Info] Level overrides config Gameplay.Group_Map: True (Default: True)
[1/18/2023 4:28:14 PM] [Info] Skipping level config override Gameplay.Timer_Home because server value (10) is not the default (30)
[1/18/2023 4:28:14 PM] [Info] Skipping level config override Events.Airdrop_Frequency_Min because server value (0) is not the default (0.8)
[1/18/2023 4:28:14 PM] [Info] Skipping level config override Events.Airdrop_Frequency_Max because server value (5) is not the default (6.5)
[1/18/2023 4:28:14 PM] [Info] Skipping level config override Events.Airdrop_Speed because server value (1) is not the default (128)
[1/18/2023 4:28:14 PM] [Info] Skipping level config override Events.Airdrop_Force because server value (1) is not the default (9.5)
[1/18/2023 4:28:14 PM] [Info] Skipping level config override Vehicles.Min_Battery_Charge because server value (1) is not the default (0.5)
[1/18/2023 4:28:14 PM] [Info] Skipping level config override Vehicles.Max_Battery_Charge because server value (1) is not the default (0.75)
[1/18/2023 4:28:14 PM] [Info] Skipping level config override Vehicles.Has_Battery_Chance because server value (1) is not the default (0.8)
[1/18/2023 4:28:14 PM] [Info] Skipping level config override Vehicles.Max_Instances_Large because server value (60) is not the default (32)
[1/18/2023 4:28:14 PM] [Info] Skipping level config override Vehicles.Decay_Time because server value (0) is not the default (604800)
[1/18/2023 4:28:14 PM] [Info] Skipping level config override Vehicles.Decay_Damage_Per_Second because server value (0) is not the default (0.1)
[1/18/2023 4:28:14 PM] [Info] Skipping level config override Barricades.Armor_Lowtier_Multiplier because server value (100) is not the default (1)
[1/18/2023 4:28:14 PM] [Info] Skipping level config override Barricades.Armor_Hightier_Multiplier because server value (100) is not the default (0.5)
[1/18/2023 4:28:14 PM] [Info] Skipping level config override Structures.Armor_Lowtier_Multiplier because server value (0.01) is not the default (1)
[1/18/2023 4:28:14 PM] [Info] Skipping level config override Structures.Armor_Hightier_Multiplier because server value (0.01) is not the default (0.5)
[1/18/2023 4:28:14 PM] [Info] Skipping level config override Barricades.Gun_Lowcal_Damage_Multiplier because server value (0.01) is not the default (1)
[1/18/2023 4:28:14 PM] [Info] Skipping level config override Barricades.Gun_Highcal_Damage_Multiplier because server value (0.01) is not the default (1)
[1/18/2023 4:28:14 PM] [Info] Skipping level config override Structures.Gun_Lowcal_Damage_Multiplier because server value (0.01) is not the default (1)
[1/18/2023 4:28:14 PM] [Info] Skipping level config override Structures.Gun_Highcal_Damage_Multiplier because server value (0.01) is not the default (1)
[1/18/2023 4:28:14 PM] [Info] Skipping level config override Barricades.Decay_Time because server value (0) is not the default (604800)
[1/18/2023 4:28:14 PM] [Info] Skipping level config override Structures.Decay_Time because server value (0) is not the default (604800)
[1/18/2023 4:28:14 PM] [Info] Level overrides config Barricades.Allow_Item_Placement_On_Vehicle: True (Default: True)
[1/18/2023 4:28:14 PM] [Info] Level overrides config Barricades.Allow_Trap_Placement_On_Vehicle: True (Default: True)
[1/18/2023 4:28:14 PM] [Info] Monitoring workshop map 'LFO Washington' (2480988643) for changes
[1/18/2023 4:28:14 PM] [Info] Loading level: 8%
[1/18/2023 4:28:16 PM] [Info] Loading level: 16%
[1/18/2023 4:28:16 PM] [Info] Loading level: 25%
[1/18/2023 4:28:16 PM] [Info] Loading level: 33%
[1/18/2023 4:28:16 PM] [Info] Loading level: 41%
[1/18/2023 4:28:16 PM] [Info] Loading level: 50%
[1/18/2023 4:28:16 PM] [Info] Loading level: 58%
[1/18/2023 4:28:16 PM] [Info] Loading level: 66%
[1/18/2023 4:28:16 PM] [Info] Loading level: 75%
[1/18/2023 4:28:16 PM] [Info] Loading level: 83%
[1/18/2023 4:28:16 PM] [Info] Loading level: 91%
[1/18/2023 4:28:16 PM] [Info] Loading level: 100%
[1/18/2023 6:06:49 PM] [Info] BattlEye Server: Player #0 Delta.97 (73.253.101.49:61307) connected
[1/18/2023 6:06:49 PM] [Info] BattlEye Server: Player #0 Delta.97 - BE GUID: f4abbf8aa333c3b24b5656c70080f342
[1/18/2023 6:06:49 PM] [Info] Connecting: PlayerID: 76561199035738472 Name: Delta.97 Character: Delta.97
[1/18/2023 6:06:49 PM] [Info] BattlEye Server: Connected to BE Master
[1/18/2023 6:07:14 PM] [Info] Disconnecting: PlayerID: 76561199035738472 Name: Delta.97 Character: Delta.97
[1/18/2023 6:09:36 PM] [Info] BattlEye Server: Player #0 Delta.97 disconnected
[1/18/2023 6:09:36 PM] [Info] BattlEye Server: Player #0 Delta.97 (73.253.101.49:65193) connected
[1/18/2023 6:09:36 PM] [Info] BattlEye Server: Player #0 Delta.97 - BE GUID: f4abbf8aa333c3b24b5656c70080f342
[1/18/2023 6:09:43 PM] [Info] Connecting: PlayerID: 76561199035738472 Name: Delta.97 Character: Delta.97
[1/18/2023 6:09:43 PM] [Info] [Group] Delta.97 [Delta.97]: "/day"
[1/18/2023 6:09:43 PM] [Info] Successfully set time to day!
[1/18/2023 6:09:47 PM] [Info] [Group] Delta.97 [Delta.97]: "/weather clear"
[1/18/2023 6:09:47 PM] [Error] Failed to find weather called clear.
[1/18/2023 6:09:56 PM] [Info] [Group] Delta.97 [Delta.97]: "/weather none"
[1/18/2023 6:09:56 PM] [Info] Successfully set weather to none!
[1/18/2023 6:10:16 PM] [Info] [Group] Delta.97 [Delta.97]: "/attachment holo"
[1/18/2023 6:10:26 PM] [Info] [Group] Delta.97 [Delta.97]: "/i hk417"
[1/18/2023 6:10:39 PM] [Info] [Group] Delta.97 [Delta.97]: "/attachment holo"
[1/18/2023 6:10:51 PM] [Info] [Group] Delta.97 [Delta.97]: "/attachment pointer"
[1/18/2023 6:11:00 PM] [Info] [Group] Delta.97 [Delta.97]: "/attachment "pistol com""
[1/18/2023 6:11:06 PM] [Info] [Group] Delta.97 [Delta.97]: "/attachment 31470"
[1/18/2023 6:11:12 PM] [Info] [Area] Delta.97 [Delta.97]: "/attachment 40rnd"
[1/18/2023 6:11:24 PM] [Info] [Group] Delta.97 [Delta.97]: "/attachment adapt"
[1/18/2023 6:12:10 PM] [Info] [Group] Delta.97 [Delta.97]: "/i mg3"
[1/18/2023 6:12:21 PM] [Info] [Group] Delta.97 [Delta.97]: "/attachment 31470"
[1/18/2023 6:12:27 PM] [Info] [Group] Delta.97 [Delta.97]: "/attachment adapt"
[1/18/2023 6:12:32 PM] [Info] [Group] Delta.97 [Delta.97]: "/attachment "45 sup""
[1/18/2023 6:12:41 PM] [Info] [Group] Delta.97 [Delta.97]: "/attachment holo"
[1/18/2023 6:12:56 PM] [Info] [Group] Delta.97 [Delta.97]: "/attachment fury"
[1/18/2023 6:13:02 PM] [Info] [Group] Delta.97 [Delta.97]: "/unlimitedammo"
[1/18/2023 6:13:17 PM] [Info] [Group] Delta.97 [Delta.97]: "/attach m349"
[1/18/2023 6:13:20 PM] [Info] [Area] Delta.97 [Delta.97]: "/attach m249"
[1/18/2023 6:13:51 PM] [Info] [Group] Delta.97 [Delta.97]: "/i 363"
[1/18/2023 6:13:57 PM] [Info] [Group] Delta.97 [Delta.97]: "/attach stanag"
[1/18/2023 6:14:03 PM] [Info] [Group] Delta.97 [Delta.97]: "/attachment stanag"
[1/18/2023 6:14:10 PM] [Info] [Group] Delta.97 [Delta.97]: "/attachment stanag"
[1/18/2023 6:14:21 PM] [Info] [Group] Delta.97 [Delta.97]: "/attachment rpk"
[1/18/2023 6:14:26 PM] [Info] [Area] Delta.97 [Delta.97]: "/attachment 45rnd"
[1/18/2023 6:14:30 PM] [Info] [Group] Delta.97 [Delta.97]: "/attach m240"
[1/18/2023 6:14:34 PM] [Info] [Area] Delta.97 [Delta.97]: "/attachment m240"
[1/18/2023 6:14:43 PM] [Info] [Group] Delta.97 [Delta.97]: "/i "mg3 dr""
[1/18/2023 6:15:35 PM] [Info] [Group] Delta.97 [Delta.97]: "/i mac"
[1/18/2023 6:15:41 PM] [Info] [Group] Delta.97 [Delta.97]: "/i adapt"
[1/18/2023 6:15:53 PM] [Info] [Group] Delta.97 [Delta.97]: "/i benelli"
[1/18/2023 6:17:41 PM] [Info] [Group] Delta.97 [Delta.97]: "/i luger"
[1/18/2023 6:17:49 PM] [Info] [Group] Delta.97 [Delta.97]: "/attachment 1443"
[1/18/2023 6:17:54 PM] [Info] [Group] Delta.97 [Delta.97]: "/attachment 31470"
[1/18/2023 6:18:02 PM] [Info] [Group] Delta.97 [Delta.97]: "/attachment "pistol holo""
[1/18/2023 6:18:10 PM] [Info] [Group] Delta.97 [Delta.97]: "/setfiremode auto"
[1/18/2023 6:18:18 PM] [Info] [Group] Delta.97 [Delta.97]: "/attachment "45 sup""
[1/18/2023 6:18:20 PM] [Info] Delta.97 [Delta.97] was blown up by Delta.97 [Delta.97] with an explosive bullet!
[1/18/2023 6:18:25 PM] [Info] [Group] Delta.97 [Delta.97]: "/teleport wp"
[1/18/2023 6:18:25 PM] [Info] Successfully teleported Delta.97 to waypoint!
[1/18/2023 6:18:39 PM] [Info] [Group] Delta.97 [Delta.97]: "/give 1142"
[1/18/2023 6:18:39 PM] [Error] Failed to find any item called 1142.
[1/18/2023 6:18:42 PM] [Info] [Area] Delta.97 [Delta.97]: "/give 1146"
[1/18/2023 6:18:42 PM] [Info] Successfully gave Delta.97 1146 x1!
[1/18/2023 6:18:49 PM] [Info] [Group] Delta.97 [Delta.97]: "/i 1176"
[1/18/2023 6:18:55 PM] [Info] [Group] Delta.97 [Delta.97]: "/teleport wp"
[1/18/2023 6:18:55 PM] [Info] Successfully teleported Delta.97 to waypoint!
[1/18/2023 6:18:58 PM] [Info] [Group] Delta.97 [Delta.97]: "/god"
[1/18/2023 6:19:06 PM] [Info] [Group] Delta.97 [Delta.97]: "/i "big ru""
[1/18/2023 6:19:37 PM] [Info] [Group] Delta.97 [Delta.97]: "/i aa-12"
[1/18/2023 6:19:44 PM] [Info] [Group] Delta.97 [Delta.97]: "/i adapt"
[1/18/2023 6:19:46 PM] [Info] [Group] Delta.97 [Delta.97]: "/i 31470"
[1/18/2023 6:19:54 PM] [Info] [Group] Delta.97 [Delta.97]: "/attachment "45 sup""
[1/18/2023 6:20:08 PM] [Info] [Group] Delta.97 [Delta.97]: "/i "aa-12 drumm slu""
[1/18/2023 6:20:10 PM] [Info] [World] Delta.97 [Delta.97]: "/i "aa-12 drum slu""
[1/18/2023 6:20:14 PM] [Info] [Area] Delta.97 [Delta.97]: "/i "aa-12 drum""
[1/18/2023 6:20:18 PM] [Info] [Area] Delta.97 [Delta.97]: "/i "aa-12 drum" 5"
[1/18/2023 6:20:28 PM] [Info] [Group] Delta.97 [Delta.97]: "/attachment holo"
[1/18/2023 6:21:09 PM] [Info] [Group] Delta.97 [Delta.97]: "/i bru"
[1/18/2023 6:21:15 PM] [Info] [Group] Delta.97 [Delta.97]: "/setfiremode auto"
[1/18/2023 6:22:19 PM] [Info] [Group] Delta.97 [Delta.97]: "/i 351"
[1/18/2023 6:22:22 PM] [Info] [Area] Delta.97 [Delta.97]: "/i 352"
[1/18/2023 6:22:29 PM] [Info] [Group] Delta.97 [Delta.97]: "/attachment name"
[1/18/2023 6:22:43 PM] [Info] [Group] Delta.97 [Delta.97]: "/i 4103"
[1/18/2023 6:23:18 PM] [Info] [Group] Delta.97 [Delta.97]: "/teleport wp"
[1/18/2023 6:23:18 PM] [Info] Successfully teleported Delta.97 to waypoint!
[1/18/2023 6:23:48 PM] [Info] [Group] Delta.97 [Delta.97]: "/i 350"
[1/18/2023 6:24:46 PM] [Info] [Group] Delta.97 [Delta.97]: "/attachment 4103"
[1/18/2023 6:25:22 PM] [Info] [Group] Delta.97 [Delta.97]: "/attachment 1443"
[1/18/2023 6:27:02 PM] [Error] Failed to respawn an item with ID 31368 from type Guns_America [16]
[1/18/2023 6:27:57 PM] [Info] [Group] Delta.97 [Delta.97]: "/i c99"
[1/18/2023 6:28:01 PM] [Info] [Group] Delta.97 [Delta.97]: "/attachment adapt"
[1/18/2023 6:28:06 PM] [Info] [Group] Delta.97 [Delta.97]: "/attachment 31470"
[1/18/2023 6:28:11 PM] [Info] [Group] Delta.97 [Delta.97]: "/attachment 1443"
[1/18/2023 6:28:23 PM] [Info] [Group] Delta.97 [Delta.97]: "/attachment "pistol sup""
[1/18/2023 6:28:35 PM] [Info] [Group] Delta.97 [Delta.97]: "/i "pistol holo""
[1/18/2023 6:28:55 PM] [Info] [Group] Delta.97 [Delta.97]: "/attachment assault"
[1/18/2023 6:29:54 PM] [Info] [Group] Delta.97 [Delta.97]: "/i kedr"
[1/18/2023 6:30:00 PM] [Info] [Group] Delta.97 [Delta.97]: "/attachment 31470"
[1/18/2023 6:30:07 PM] [Info] [Group] Delta.97 [Delta.97]: "/attachment 1443"
[1/18/2023 6:30:12 PM] [Info] [Group] Delta.97 [Delta.97]: "/attachment adapt"
[1/18/2023 6:30:18 PM] [Info] [Group] Delta.97 [Delta.97]: "/atatchment "pistol sup""
[1/18/2023 6:30:23 PM] [Info] [Area] Delta.97 [Delta.97]: "/attachment "pistol sup""
[1/18/2023 6:32:58 PM] [Info] [Group] Delta.97 [Delta.97]: "/i mgl"
[1/18/2023 6:33:05 PM] [Info] [Group] Delta.97 [Delta.97]: "s/etfiremode auto"
[1/18/2023 6:33:08 PM] [Info] [World] Delta.97 [Delta.97]: "/setfiremode auto"
[1/18/2023 6:33:20 PM] [Info] [Group] Delta.97 [Delta.97]: "/attachment rubber"
[1/18/2023 6:33:44 PM] [Info] [Group] Delta.97 [Delta.97]: "/attachment 1443"
[1/18/2023 6:33:53 PM] [Info] [Group] Delta.97 [Delta.97]: "/attachment adapt"
[1/18/2023 6:34:06 PM] [Info] [Group] Delta.97 [Delta.97]: "/attachment 31470"
[1/18/2023 6:34:13 PM] [Info] [Group] Delta.97 [Delta.97]: "/attachment "45 sup""
[1/18/2023 6:35:31 PM] [Info] [Group] Delta.97 [Delta.97]: "/i "shell ied""
[1/18/2023 6:35:35 PM] [Info] [Area] Delta.97 [Delta.97]: "/i "ry shell ied""
[1/18/2023 6:36:29 PM] [Error] Failed to respawn an item with ID 31458 from type Police [0]
[1/18/2023 6:36:40 PM] [Info] [Group] Delta.97 [Delta.97]: "/attachment warhead"
[1/18/2023 6:36:49 PM] [Info] [Group] Delta.97 [Delta.97]: "/teleport wp"
[1/18/2023 6:36:49 PM] [Info] Successfully teleported Delta.97 to waypoint!
[1/18/2023 6:37:47 PM] [Info] [Group] Delta.97 [Delta.97]: "/attachment "pistol hol""
[1/18/2023 6:38:13 PM] [Info] [Group] Delta.97 [Delta.97]: "/teleport wp"
[1/18/2023 6:38:13 PM] [Info] Successfully teleported Delta.97 to waypoint!
[1/18/2023 6:38:28 PM] [Info] BattlEye Server: Player #1 Cheese Boi (173.3.120.91:55525) connected
[1/18/2023 6:38:28 PM] [Info] BattlEye Server: Player #1 Cheese Boi - BE GUID: 2b512fb04534f10758ddfe662a41a811
[1/18/2023 6:38:34 PM] [Info] Connecting: PlayerID: 76561199129498897 Name: Cheese Boi Character: delta.89
[1/18/2023 6:38:34 PM] [Info] [Group] Delta.97 [Delta.97]: "/teleport wp"
[1/18/2023 6:38:34 PM] [Info] Successfully teleported Delta.97 to waypoint!
[1/18/2023 6:38:47 PM] [Info] [World] delta.89 [Cheese Boi]: "/i "gps""
[1/18/2023 6:38:50 PM] [Info] [Group] Delta.97 [Delta.97]: "/teleport safe"
[1/18/2023 6:38:50 PM] [Info] Successfully teleported Delta.97 to Location!
[1/18/2023 6:38:59 PM] [Info] [World] delta.89 [Cheese Boi]: "/teleport wp"
[1/18/2023 6:38:59 PM] [Info] Successfully teleported Cheese Boi to waypoint!
[1/18/2023 6:39:02 PM] [Info] [Group] Delta.97 [Delta.97]: "/teleport wp"
[1/18/2023 6:39:02 PM] [Info] Successfully teleported Delta.97 to waypoint!
[1/18/2023 6:39:36 PM] [Info] [World] delta.89 [Cheese Boi]: "/tp red"
[1/18/2023 6:39:39 PM] [Info] [World] delta.89 [Cheese Boi]: "/tp 97"
[1/18/2023 6:41:08 PM] [Info] [Group] Delta.97 [Delta.97]: "/teleport safe"
[1/18/2023 6:41:08 PM] [Info] Successfully teleported Delta.97 to Location!
[1/18/2023 6:41:09 PM] [Info] [Group] Delta.97 [Delta.97]: "/tpall"
[1/18/2023 6:41:10 PM] [Info] [World] delta.89 [Cheese Boi]: "/i "gps""
[1/18/2023 6:41:13 PM] [Info] [Group] Delta.97 [Delta.97]: "/tphere james"
[1/18/2023 6:41:15 PM] [Info] [Group] Delta.97 [Delta.97]: "/tphere 8"
[1/18/2023 6:41:58 PM] [Info] [World] delta.89 [Cheese Boi]: "/day"
[1/18/2023 6:41:58 PM] [Info] Successfully set time to day!
[1/18/2023 6:42:30 PM] [Info] [Group] Delta.97 [Delta.97]: "/teleport range"
[1/18/2023 6:42:30 PM] [Error] Unable to teleport Delta.97 because Location was obstructed.
[1/18/2023 6:42:39 PM] [Info] [Group] Delta.97 [Delta.97]: "/teleport shoot"
[1/18/2023 6:42:39 PM] [Error] Failed to find anyone or anywhere called shoot.
[1/18/2023 6:43:17 PM] [Info] [World] delta.89 [Cheese Boi]: "/teleport wp"
[1/18/2023 6:43:17 PM] [Info] [Group] Delta.97 [Delta.97]: "/teleport wp"
[1/18/2023 6:43:18 PM] [Info] Successfully teleported Cheese Boi to waypoint!
[1/18/2023 6:44:20 PM] [Info] Successfully teleported Delta.97 to waypoint!
[1/18/2023 6:44:20 PM] [Info] [World] delta.89 [Cheese Boi]: "/tp 97"
[1/18/2023 6:44:22 PM] [Info] [Group] Delta.97 [Delta.97]: "/attachment explosive"
[1/18/2023 6:44:34 PM] [Info] [World] delta.89 [Cheese Boi]: "/heal"
[1/18/2023 6:44:40 PM] [Info] [Group] Delta.97 [Delta.97]: "/attachment "fragmenta""
[1/18/2023 6:44:45 PM] [Info] delta.89 [Cheese Boi] was mauled by a zombie!
[1/18/2023 6:45:26 PM] [Info] [World] delta.89 [Cheese Boi]: "/heal"
[1/18/2023 6:45:44 PM] [Info] [World] delta.89 [Cheese Boi]: "/i "m4a1""
[1/18/2023 6:45:52 PM] [Info] [Group] Delta.97 [Delta.97]: "/attachment "mgl he""
[1/18/2023 6:45:59 PM] [Info] [World] delta.89 [Cheese Boi]: "/i "m4a1""
[1/18/2023 6:46:17 PM] [Info] [World] delta.89 [Cheese Boi]: "/heal"
[1/18/2023 6:46:24 PM] [Info] [World] delta.89 [Cheese Boi]: "/i "m2""
[1/18/2023 6:46:38 PM] [Info] [World] delta.89 [Cheese Boi]: "/i "m240""
[1/18/2023 6:46:40 PM] [Info] [Group] Delta.97 [Delta.97]: "/jumn"
[1/18/2023 6:46:42 PM] [Info] [Area] Delta.97 [Delta.97]: "/jump"
[1/18/2023 6:47:32 PM] [Info] [World] delta.89 [Cheese Boi]: "/i "m240""
[1/18/2023 6:47:34 PM] [Info] [Group] Delta.97 [Delta.97]: "/teleport wp"
[1/18/2023 6:47:34 PM] [Info] Successfully teleported Delta.97 to waypoint!
[1/18/2023 6:47:53 PM] [Info] [World] delta.89 [Cheese Boi]: "/heal"
[1/18/2023 6:47:55 PM] [Info] [World] delta.89 [Cheese Boi]: "/i "m240""
[1/18/2023 6:48:29 PM] [Info] [World] delta.89 [Cheese Boi]: "/i "m200""
[1/18/2023 6:48:34 PM] [Info] [World] delta.89 [Cheese Boi]: "/i "acog""
[1/18/2023 6:48:35 PM] [Info] [Group] Delta.97 [Delta.97]: "/attachment "mgl he""
[1/18/2023 6:48:49 PM] [Info] [Group] Delta.97 [Delta.97]: "/attachment "mgl he""
[1/18/2023 6:48:55 PM] [Info] delta.89 [Cheese Boi] was blown up by Delta.97 [Delta.97] with an explosive bullet!
[1/18/2023 6:49:00 PM] [Info] [World] delta.89 [Cheese Boi]: "/back\"
[1/18/2023 6:49:06 PM] [Info] [World] delta.89 [Cheese Boi]: "/i "gps""
[1/18/2023 6:49:22 PM] [Info] [World] delta.89 [Cheese Boi]: "/teleport wp"
[1/18/2023 6:49:22 PM] [Info] Successfully teleported Cheese Boi to waypoint!
[1/18/2023 6:49:30 PM] [Info] [Group] Delta.97 [Delta.97]: "/tp james"
[1/18/2023 6:49:32 PM] [Info] [World] delta.89 [Cheese Boi]: "/i "m200""
[1/18/2023 6:49:33 PM] [Info] [Group] Delta.97 [Delta.97]: "/tp 8"
[1/18/2023 6:49:38 PM] [Info] [World] delta.89 [Cheese Boi]: "/i "acog""
[1/18/2023 6:50:08 PM] [Info] [Area] Delta.97 [Delta.97]: "/attachment "mgl he""
[1/18/2023 6:50:16 PM] [Info] [World] delta.89 [Cheese Boi]: "/i "m200 mag" 4"
[1/18/2023 6:50:33 PM] [Info] [World] delta.89 [Cheese Boi]: "/heal"
[1/18/2023 6:50:35 PM] [Info] [World] delta.89 [Cheese Boi]: "/heal"
[1/18/2023 6:50:38 PM] [Info] [World] delta.89 [Cheese Boi]: "/heal"
[1/18/2023 6:50:43 PM] [Info] [World] delta.89 [Cheese Boi]: "/heal"
[1/18/2023 6:51:01 PM] [Info] [World] delta.89 [Cheese Boi]: "/heal"
[1/18/2023 6:51:02 PM] [Info] delta.89 [Cheese Boi] was blown up by Delta.97 [Delta.97] with an explosive bullet!
[1/18/2023 6:51:34 PM] [Info] [World] delta.89 [Cheese Boi]: "/tp 97"
[1/18/2023 6:51:39 PM] [Info] [World] delta.89 [Cheese Boi]: "/heal"
[1/18/2023 6:51:45 PM] [Info] [World] delta.89 [Cheese Boi]: "/i "m200?"
[1/18/2023 6:51:50 PM] [Info] [World] delta.89 [Cheese Boi]: "/i "m200""
[1/18/2023 6:51:56 PM] [Info] [World] delta.89 [Cheese Boi]: "/i "m200 mag" 5"
[1/18/2023 6:52:01 PM] [Info] [World] delta.89 [Cheese Boi]: "/i "acog""
[1/18/2023 6:53:06 PM] [Info] delta.89 [Cheese Boi] was blown up by Delta.97 [Delta.97] with an explosive bullet!
[1/18/2023 6:53:51 PM] [Info] Disconnecting: PlayerID: 76561199129498897 Name: Cheese Boi Character: delta.89
[1/18/2023 6:53:51 PM] [Info] BattlEye Server: Player #1 Cheese Boi disconnected
[1/18/2023 6:53:55 PM] [Info] [Group] Delta.97 [Delta.97]: "/i cobra"
[1/18/2023 6:54:09 PM] [Info] [Group] Delta.97 [Delta.97]: "/i ppsh"
[1/18/2023 6:54:23 PM] [Info] [Group] Delta.97 [Delta.97]: "/attachment "mgl he""
[1/18/2023 6:54:34 PM] [Info] [Group] Delta.97 [Delta.97]: "/attachment 350"
[1/18/2023 6:54:45 PM] [Info] [Group] Delta.97 [Delta.97]: "/attachment 31470"
[1/18/2023 6:54:50 PM] [Info] [Area] Delta.97 [Delta.97]: "/attachment adapt"
[1/18/2023 6:55:03 PM] [Info] [Group] Delta.97 [Delta.97]: "/attachment "bee sup""
[1/18/2023 6:55:08 PM] [Info] [Area] Delta.97 [Delta.97]: "/attachment "bee bar""
[1/18/2023 6:56:11 PM] [Info] [Area] Delta.97 [Delta.97]: "/i "nemesis proto""
[1/18/2023 6:56:17 PM] [Info] [Group] Delta.97 [Delta.97]: "/attachment adapt"
[1/18/2023 6:56:25 PM] [Info] [Area] Delta.97 [Delta.97]: "/attachment "mgl he""
[1/18/2023 6:56:29 PM] [Info] [Group] Delta.97 [Delta.97]: "/setfiremode auto"
[1/18/2023 6:57:56 PM] [Info] [Group] Delta.97 [Delta.97]: "/i 117"
[1/18/2023 6:58:06 PM] [Info] [Group] Delta.97 [Delta.97]: "/i 363"
[1/18/2023 6:58:28 PM] [Info] [Group] Delta.97 [Delta.97]: "/attachment 117"
[1/18/2023 6:58:40 PM] [Info] [Group] Delta.97 [Delta.97]: "/i 117"
[1/18/2023 6:59:16 PM] [Info] Disconnecting: PlayerID: 76561199035738472 Name: Delta.97 Character: Delta.97
[1/18/2023 6:59:16 PM] [Info] BattlEye Server: Player #0 Delta.97 disconnected
[1/18/2023 7:59:03 PM] [Error] Failed to respawn an item with ID 31458 from type Guns_America [16]
[1/18/2023 8:44:23 PM] [Error] Failed to respawn an item with ID 31368 from type Guns_America [16]
[1/18/2023 8:58:23 PM] [Error] Failed to respawn an item with ID 31368 from type Police [0]
[1/18/2023 9:26:32 PM] [Error] Failed to respawn an item with ID 31368 from type Police [0]
[1/18/2023 9:40:59 PM] [Info] 
[unloading] MoreHomes
