[5/5/2023 9:18:54 PM] [Info] [registered] /more (Rocket.Unturned.Commands.CommandMore/more)
[5/5/2023 9:18:54 PM] [Info] [registered] /admin (Rocket.Unturned.Commands.CommandAdmin/admin)
[5/5/2023 9:18:54 PM] [Info] [registered] /broadcast (Rocket.Unturned.Commands.CommandBroadcast/broadcast)
[5/5/2023 9:18:54 PM] [Info] [registered] /compass (Rocket.Unturned.Commands.CommandCompass/compass)
[5/5/2023 9:18:54 PM] [Info] [registered] /effect (Rocket.Unturned.Commands.CommandEffect/effect)
[5/5/2023 9:18:54 PM] [Info] [registered] /exit (Rocket.Unturned.Commands.CommandExit/exit)
[5/5/2023 9:18:54 PM] [Info] [registered] /god (Rocket.Unturned.Commands.CommandGod/god)
[5/5/2023 9:18:54 PM] [Info] [registered] /heal (Rocket.Unturned.Commands.CommandHeal/heal)
[5/5/2023 9:18:54 PM] [Info] [registered] /help (Rocket.Unturned.Commands.CommandHelp/help)
[5/5/2023 9:18:54 PM] [Info] [registered] /i (Rocket.Unturned.Commands.CommandI/i)
[5/5/2023 9:18:54 PM] [Info] [registered] /item (Rocket.Unturned.Commands.CommandI/item)
[5/5/2023 9:18:54 PM] [Info] [registered] /investigate (Rocket.Unturned.Commands.CommandInvestigate/investigate)
[5/5/2023 9:18:54 PM] [Info] [registered] /p (Rocket.Unturned.Commands.CommandP/p)
[5/5/2023 9:18:54 PM] [Info] [registered] /permissions (Rocket.Unturned.Commands.CommandP/permissions)
[5/5/2023 9:18:54 PM] [Info] [registered] /rocket (Rocket.Unturned.Commands.CommandRocket/rocket)
[5/5/2023 9:18:54 PM] [Info] [registered] /tp (Rocket.Unturned.Commands.CommandTp/tp)
[5/5/2023 9:18:54 PM] [Info] [registered] /tphere (Rocket.Unturned.Commands.CommandTphere/tphere)
[5/5/2023 9:18:54 PM] [Info] [registered] /unadmin (Rocket.Unturned.Commands.CommandUnadmin/unadmin)
[5/5/2023 9:18:54 PM] [Info] [registered] /v (Rocket.Unturned.Commands.CommandV/v)
[5/5/2023 9:18:54 PM] [Info] [registered] /vanish (Rocket.Unturned.Commands.CommandVanish/vanish)
[5/5/2023 9:18:54 PM] [Error] Invalid or outdated plugin assembly: 0Harmony
[5/5/2023 9:18:54 PM] [Info] Loading EasyAmmo from D:\Steam\steamapps\common\U3DS\Servers\LFO\Rocket\Plugins\EasyAmmo.dll
[5/5/2023 9:18:54 PM] [Info] Loading InfiniteEnergy from D:\Steam\steamapps\common\U3DS\Servers\LFO\Rocket\Plugins\InfiniteEnergy.dll
[5/5/2023 9:18:54 PM] [Info] Loading MoreHomes from D:\Steam\steamapps\common\U3DS\Servers\LFO\Rocket\Plugins\MoreHomes.dll
[5/5/2023 9:18:54 PM] [Info] Loading ReponseMod_HiddenName from D:\Steam\steamapps\common\U3DS\Servers\LFO\Rocket\Plugins\ReponseMod_HiddenName.dll
[5/5/2023 9:18:54 PM] [Info] Loading ShimmysAdminTools from D:\Steam\steamapps\common\U3DS\Servers\LFO\Rocket\Plugins\ShimmysAdminTools.dll
[5/5/2023 9:19:04 PM] [Info] 
[loading] EasyAmmo
[5/5/2023 9:19:04 PM] [Info] [registered] /ammo (EasyAmmoRocketMod.CommandAmmo/ammo)
[5/5/2023 9:19:04 PM] [Info] [registered] /clearmag (EasyAmmoRocketMod.CommandClearMag/clearmag)
[5/5/2023 9:19:04 PM] [Info] [registered] /clearm (EasyAmmoRocketMod.CommandClearMag/clearm)
[5/5/2023 9:19:04 PM] [Info] [registered] /cm (EasyAmmoRocketMod.CommandClearMag/cm)
[5/5/2023 9:19:04 PM] [Info] [registered] /clonei (EasyAmmoRocketMod.CommandCloneItem/clonei)
[5/5/2023 9:19:04 PM] [Info] [registered] /dropammo (EasyAmmoRocketMod.CommandDropAmmo/dropammo)
[5/5/2023 9:19:04 PM] [Info] [registered] /dammo (EasyAmmoRocketMod.CommandDropAmmo/dammo)
[5/5/2023 9:19:04 PM] [Info] [registered] /da (EasyAmmoRocketMod.CommandDropAmmo/da)
[5/5/2023 9:19:04 PM] [Info] [registered] /dropa (EasyAmmoRocketMod.CommandDropAmmo/dropa)
[5/5/2023 9:19:04 PM] [Warning] --------------EasyAmmo--------------
[5/5/2023 9:19:04 PM] [Info] EasyAmmo >> EasyAmmo loaded!
[5/5/2023 9:19:04 PM] [Info] EasyAmmo >> ClipLimitEnabled : True
[5/5/2023 9:19:04 PM] [Info] EasyAmmo >> ClipLimit : 10
[5/5/2023 9:19:04 PM] [Info] EasyAmmo >> UconomySupportEnabled : False
[5/5/2023 9:19:04 PM] [Info] EasyAmmo >> BulletCostMultiplier : 1
[5/5/2023 9:19:04 PM] [Info] EasyAmmo >> ScaleCostByWeaponDamage : True
[5/5/2023 9:19:04 PM] [Info] EasyAmmo >> WeaponDamageCostMultiplier : 2
[5/5/2023 9:19:04 PM] [Warning] ------------------------------------
[5/5/2023 9:19:04 PM] [Info] 
[loading] InfiniteEnergy
[5/5/2023 9:19:04 PM] [Info] 
[loading] MoreHomes
[5/5/2023 9:19:04 PM] [Info] [registered] /home (RestoreMonarchy.MoreHomes.Commands.HomeCommand/home)
[5/5/2023 9:19:04 PM] [Info] [registered] /homes (RestoreMonarchy.MoreHomes.Commands.HomesCommand/homes)
[5/5/2023 9:19:04 PM] [Info] [registered] /destroyhome (RestoreMonarchy.MoreHomes.Commands.DestroyHomeCommand/destroyhome)
[5/5/2023 9:19:04 PM] [Info] [registered] /renamehome (RestoreMonarchy.MoreHomes.Commands.RenameHomeCommand/renamehome)
[5/5/2023 9:19:04 PM] [Info] [registered] /restorehomes (RestoreMonarchy.MoreHomes.Commands.RestoreHomesCommand/restorehomes)
[5/5/2023 9:19:04 PM] [Error] Failed to load MoreHomes, unloading now... :HarmonyLib.HarmonyException: Patching exception in method System.Void SDG.Unturned.BarricadeManager::askClaimBed(Steamworks.CSteamID steamID, System.Byte x, System.Byte y, System.UInt16 plant, System.UInt16 index) ---> System.Reflection.TargetInvocationException: Exception has been thrown by the target of an invocation. ---> System.ArgumentException: Label #2 is not marked in method `DMD<DMD<askClaimBed_Patch1>?-574419456::askClaimBed_Patch1>'
  at System.Reflection.Emit.ILGenerator.label_fixup (System.Reflection.MethodBase mb) [0x00053] in <695d1cc93cca45069c528c15c9fdd749>:0 
  at System.Reflection.Emit.DynamicMethod.CreateDynMethod () [0x0004a] in <695d1cc93cca45069c528c15c9fdd749>:0 
  at (wrapper managed-to-native) System.Reflection.MonoMethod.InternalInvoke(System.Reflection.MonoMethod,object,object[],System.Exception&)
  at System.Reflection.MonoMethod.Invoke (System.Object obj, System.Reflection.BindingFlags invokeAttr, System.Reflection.Binder binder, System.Object[] parameters, System.Globalization.CultureInfo culture) [0x00032] in <695d1cc93cca45069c528c15c9fdd749>:0 
   --- End of inner exception stack trace ---
  at System.Reflection.MonoMethod.Invoke (System.Object obj, System.Reflection.BindingFlags invokeAttr, System.Reflection.Binder binder, System.Object[] parameters, System.Globalization.CultureInfo culture) [0x00048] in <695d1cc93cca45069c528c15c9fdd749>:0 
  at System.Reflection.MethodBase.Invoke (System.Object obj, System.Object[] parameters) [0x00000] in <695d1cc93cca45069c528c15c9fdd749>:0 
  at MonoMod.RuntimeDetour.Platforms.DetourRuntimeMonoPlatform.GetMethodHandle (System.Reflection.MethodBase method) [0x00011] in <e1f1ac2cbe0f4a33bf2c833b6962b66e>:0 
  at MonoMod.RuntimeDetour.Platforms.DetourRuntimeILPlatform.Pin (System.Reflection.MethodBase method) [0x00041] in <e1f1ac2cbe0f4a33bf2c833b6962b66e>:0 
  at MonoMod.RuntimeDetour.DetourHelper.Pin[T] (T method) [0x00005] in <e1f1ac2cbe0f4a33bf2c833b6962b66e>:0 
  at HarmonyLib.MethodPatcher.CreateReplacement (System.Collections.Generic.Dictionary`2[System.Int32,HarmonyLib.CodeInstruction]& finalInstructions) [0x00593] in <e1f1ac2cbe0f4a33bf2c833b6962b66e>:0 
  at HarmonyLib.PatchFunctions.UpdateWrapper (System.Reflection.MethodBase original, HarmonyLib.PatchInfo patchInfo) [0x00057] in <e1f1ac2cbe0f4a33bf2c833b6962b66e>:0 
  at HarmonyLib.PatchClassProcessor.ProcessPatchJob (HarmonyLib.PatchJobs`1+Job[T] job) [0x0015d] in <e1f1ac2cbe0f4a33bf2c833b6962b66e>:0 
   --- End of inner exception stack trace ---
  at HarmonyLib.PatchClassProcessor.ReportException (System.Exception exception, System.Reflection.MethodBase original) [0x0010f] in <e1f1ac2cbe0f4a33bf2c833b6962b66e>:0 
  at HarmonyLib.PatchClassProcessor.Patch () [0x00084] in <e1f1ac2cbe0f4a33bf2c833b6962b66e>:0 
  at HarmonyLib.Harmony.<PatchAll>b__10_0 (System.Type type) [0x00007] in <e1f1ac2cbe0f4a33bf2c833b6962b66e>:0 
  at HarmonyLib.CollectionExtensions.Do[T] (System.Collections.Generic.IEnumerable`1[T] sequence, System.Action`1[T] action) [0x00014] in <e1f1ac2cbe0f4a33bf2c833b6962b66e>:0 
  at HarmonyLib.Harmony.PatchAll (System.Reflection.Assembly assembly) [0x00006] in <e1f1ac2cbe0f4a33bf2c833b6962b66e>:0 
  at RestoreMonarchy.MoreHomes.MoreHomesPlugin.Load () [0x00051] in <e5c2e549de2949b58e9408a3fb4c7b37>:0 
  at Rocket.Core.Plugins.RocketPlugin.LoadPlugin () [0x00033] in <59a13feb721848c8b0cd173f6d0e820b>:0 
[5/5/2023 9:19:04 PM] [Info] 
[unloading] MoreHomes
[5/5/2023 9:19:04 PM] [Info] MoreHomes >> MoreHomes has been unloaded!
[5/5/2023 9:19:04 PM] [Info] 
[loading] ReponseMod_HiddenName
[5/5/2023 9:19:04 PM] [Info] ShimmysAdminTools >> Loading ShimmysAdminTools v1.7.2.0 by ShimmyMySherbet
[5/5/2023 9:19:04 PM] [Info] 
[loading] ShimmysAdminTools
[5/5/2023 9:19:04 PM] [Info] [registered] /alertzombies (ShimmysAdminTools.Commands.AlertZombiesCommand/AlertZombies)
[5/5/2023 9:19:04 PM] [Info] [registered] /afly (ShimmysAdminTools.Commands.AFlyCommand/AFly)
[5/5/2023 9:19:04 PM] [Info] [registered] /aflyspeedpermit (ShimmysAdminTools.Commands.AFlySpeedPermitCommand/AFlySpeedPermit)
[5/5/2023 9:19:04 PM] [Info] [registered] /ascend (ShimmysAdminTools.Commands.AscendCommand/Ascend)
[5/5/2023 9:19:04 PM] [Info] [registered] /checkowner (ShimmysAdminTools.Commands.CheckOwnerCommand/CheckOwner)
[5/5/2023 9:19:04 PM] [Info] [registered] /ck (ShimmysAdminTools.Commands.CheckOwnerCommand/ck)
[5/5/2023 9:19:04 PM] [Info] [registered] /clearinv (ShimmysAdminTools.Commands.ClearInventoryCommand/ClearInv)
[5/5/2023 9:19:04 PM] [Info] [registered] /ci (ShimmysAdminTools.Commands.ClearInventoryCommand/ci)
[5/5/2023 9:19:04 PM] [Info] [registered] /commandspy (ShimmysAdminTools.Commands.CommandSpyCommand/CommandSpy)
[5/5/2023 9:19:04 PM] [Info] [registered] /descend (ShimmysAdminTools.Commands.DescendCommand/Descend)
[5/5/2023 9:19:04 PM] [Info] [registered] /forceequip (ShimmysAdminTools.Commands.ForceEquipCommand/ForceEquip)
[5/5/2023 9:19:04 PM] [Info] [registered] /reviveresources (ShimmysAdminTools.Commands.ReviveResourcesCommand/ReviveResources)
[5/5/2023 9:19:04 PM] [Info] [registered] /destroyresources (ShimmysAdminTools.Commands.DestroyResourcesCommand/DestroyResources)
[5/5/2023 9:19:04 PM] [Info] [registered] /disablevehicleaccess (ShimmysAdminTools.Commands.DisableVehicleAccess/DisableVehicleAccess)
[5/5/2023 9:19:04 PM] [Info] [registered] /enablevehicleaccess (ShimmysAdminTools.Commands.DisableVehicleAccess/EnableVehicleAccess)
[5/5/2023 9:19:04 PM] [Info] [registered] /dva (ShimmysAdminTools.Commands.DisableVehicleAccess/DVA)
[5/5/2023 9:19:04 PM] [Info] [registered] /eva (ShimmysAdminTools.Commands.DisableVehicleAccess/EVA)
[5/5/2023 9:19:04 PM] [Info] [registered] /aflyvspeed (ShimmysAdminTools.Commands.AFlyVSpeedCommand/AFlyVSpeed)
[5/5/2023 9:19:04 PM] [Info] [registered] /aflyspeed (ShimmysAdminTools.Commands.AFlySpeedCommand/AFlySpeed)
[5/5/2023 9:19:04 PM] [Info] [registered] /execall (ShimmysAdminTools.Commands.ExecAllCommand/execall)
[5/5/2023 9:19:04 PM] [Info] [registered] /exec (ShimmysAdminTools.Commands.ExecCommand/exec)
[5/5/2023 9:19:04 PM] [Info] [registered] /findbase (ShimmysAdminTools.Commands.FindBaseCommand/FindBase)
[5/5/2023 9:19:04 PM] [Info] [registered] /firework (ShimmysAdminTools.Commands.FireworkCommand/Firework)
[5/5/2023 9:19:04 PM] [Info] [registered] /forcedismount (ShimmysAdminTools.Commands.ForceDemountCommand/ForceDismount)
[5/5/2023 9:19:04 PM] [Info] [registered] /forcesave (ShimmysAdminTools.Commands.ForceSaveCommand/ForceSave)
[5/5/2023 9:19:04 PM] [Info] [registered] /ftp (ShimmysAdminTools.Commands.ForceTPCommand/FTP)
[5/5/2023 9:19:04 PM] [Info] [registered] /gotobed (ShimmysAdminTools.Commands.GotoBedCommand/gotobed)
[5/5/2023 9:19:04 PM] [Info] [registered] /tpbed (ShimmysAdminTools.Commands.GotoBedCommand/tpbed)
[5/5/2023 9:19:04 PM] [Info] [registered] /gotomarker (ShimmysAdminTools.Commands.GotoMarker/GotoMarker)
[5/5/2023 9:19:04 PM] [Info] [registered] /setjump (ShimmysAdminTools.Commands.JumpHeightCommand/SetJump)
[5/5/2023 9:19:04 PM] [Info] [registered] /kickall (ShimmysAdminTools.Commands.KickAllCommand/KickAll)
[5/5/2023 9:19:04 PM] [Info] [registered] /launchbushes (ShimmysAdminTools.Commands.LaunchBushesCommand/LaunchBushes)
[5/5/2023 9:19:04 PM] [Info] [registered] /mapjump (ShimmysAdminTools.Commands.MapJumpCommand/MapJump)
[5/5/2023 9:19:04 PM] [Info] [registered] /mapjumping (ShimmysAdminTools.Commands.MapJumpCommand/MapJumping)
[5/5/2023 9:19:04 PM] [Info] [registered] /marker (ShimmysAdminTools.Commands.MarkerCommand/Marker)
[5/5/2023 9:19:04 PM] [Info] [registered] /noclip (ShimmysAdminTools.Commands.NoClipCommand/NoClip)
[5/5/2023 9:19:04 PM] [Info] [registered] /nodrain (ShimmysAdminTools.Commands.NoDrainCommand/NoDrain)
[5/5/2023 9:19:04 PM] [Info] [registered] /placeobject (ShimmysAdminTools.Commands.PlaceObjectCommand/PlaceObject)
[5/5/2023 9:19:04 PM] [Info] [registered] /pointtool (ShimmysAdminTools.Commands.PointToolCommand/PointTool)
[5/5/2023 9:19:04 PM] [Info] [registered] /pt (ShimmysAdminTools.Commands.PointToolCommand/pt)
[5/5/2023 9:19:04 PM] [Info] [registered] /repeat (ShimmysAdminTools.Commands.RepeatCommand/Repeat)
[5/5/2023 9:19:04 PM] [Info] [registered] /salvagetime (ShimmysAdminTools.Commands.SalvageTimeCommand/SalvageTime)
[5/5/2023 9:19:04 PM] [Info] [registered] /shimmysadmintools (ShimmysAdminTools.Commands.SATCommand/ShimmysAdminTools)
[5/5/2023 9:19:04 PM] [Info] [registered] /sat (ShimmysAdminTools.Commands.SATCommand/SAT)
[5/5/2023 9:19:04 PM] [Info] [registered] /seeinv (ShimmysAdminTools.Commands.SeeInventoryCommand/SeeInv)
[5/5/2023 9:19:04 PM] [Info] [registered] /setattachment (ShimmysAdminTools.Commands.SetAttachmentCommand/SetAttachment)
[5/5/2023 9:19:04 PM] [Info] [registered] /attachment (ShimmysAdminTools.Commands.SetAttachmentCommand/Attachment)
[5/5/2023 9:19:04 PM] [Info] [registered] /att (ShimmysAdminTools.Commands.SetAttachmentCommand/Att)
[5/5/2023 9:19:04 PM] [Info] [registered] /setfiremode (ShimmysAdminTools.Commands.SetFiremodeCommand/SetFiremode)
[5/5/2023 9:19:04 PM] [Info] [registered] /setgravity (ShimmysAdminTools.Commands.SetGravityCommand/SetGravity)
[5/5/2023 9:19:04 PM] [Info] [registered] /servergravity (ShimmysAdminTools.Commands.SetServerGravity/ServerGravity)
[5/5/2023 9:19:04 PM] [Info] [registered] /serverjump (ShimmysAdminTools.Commands.SetServerJump/ServerJump)
[5/5/2023 9:19:04 PM] [Info] [registered] /serverspeed (ShimmysAdminTools.Commands.SetServerSpeed/ServerSpeed)
[5/5/2023 9:19:04 PM] [Info] [registered] /setspeed (ShimmysAdminTools.Commands.SetSpeedCommand/SetSpeed)
[5/5/2023 9:19:04 PM] [Info] [registered] /simfire (ShimmysAdminTools.Commands.SimFireCommand/SimFire)
[5/5/2023 9:19:04 PM] [Info] [registered] /structureesp (ShimmysAdminTools.Commands.StructureESPCommand/StructureESP)
[5/5/2023 9:19:04 PM] [Info] [registered] /trail (ShimmysAdminTools.Commands.TrailCommand/Trail)
[5/5/2023 9:19:04 PM] [Info] [registered] /ttr (ShimmysAdminTools.Commands.TTCommand/TTR)
[5/5/2023 9:19:04 PM] [Info] [registered] /unlimitedammo (ShimmysAdminTools.Commands.UnlimitedAmmoCommand/UnlimitedAmmo)
[5/5/2023 9:19:04 PM] [Info] [registered] /unlockfiremodes (ShimmysAdminTools.Commands.UnlockFireModesCommand/UnlockFireModes)
[5/5/2023 9:19:04 PM] [Info] [registered] /wipeplayerbuildings (ShimmysAdminTools.Commands.WipePlayerBuildingsCommand/WipePlayerBuildings)
[5/5/2023 9:19:04 PM] [Info] [registered] /wpb (ShimmysAdminTools.Commands.WipePlayerBuildingsCommand/WPB)
[5/5/2023 9:19:04 PM] [Info] [registered] /boom (ShimmysAdminTools.Behaviors.BoomCommand/Boom)
[5/5/2023 9:19:04 PM] [Info] ShimmysAdminTools >> Checking for updates...
[5/5/2023 9:19:04 PM] [Info] ShimmysAdminTools >> ShimmysAdminTools loaded.
[5/5/2023 9:19:04 PM] [Info] This server will automatically save every 1800 seconds
[5/5/2023 9:19:04 PM] [Info] Steam servers ready!
[5/5/2023 9:19:04 PM] [Info] Workshop install folder: D:\Steam\steamapps\common\U3DS/Servers/LFO/Workshop/Steam
[5/5/2023 9:19:04 PM] [Info] 9 workshop item(s) requested
[5/5/2023 9:19:04 PM] [Info] Submitting workshop query for 9 item(s)...
[5/5/2023 9:19:04 PM] [Info] Workshop query yielded 9 result(s)
[5/5/2023 9:19:04 PM] [Info] This server's allowed IP for Workshop downloads: 73.253.101.49
[5/5/2023 9:19:04 PM] [Info] 1717095606 'Creator Tools' queued for download
[5/5/2023 9:19:04 PM] [Info] Authorized to download 2069342497 'Survivor's Expansion'
[5/5/2023 9:19:04 PM] [Info] 2069342497 'Survivor's Expansion' queued for download
[5/5/2023 9:19:04 PM] [Info] 1232252658 'More Farming Mod' queued for download
[5/5/2023 9:19:04 PM] [Info] 2839462324 'Uncreated Content' queued for download
[5/5/2023 9:19:04 PM] [Info] 2943585795 'Paul's Tactical Apparel (Version 1.9)' queued for download
[5/5/2023 9:19:04 PM] [Info] 2683620106 'Arid' queued for download
[5/5/2023 9:19:04 PM] [Info] 2971117980 'LFO Test Site' queued for download
[5/5/2023 9:19:04 PM] [Info] 2971117980 'LFO Test Site' has 7 children
[5/5/2023 9:19:04 PM] [Info] 	2683620106 (already queued)
[5/5/2023 9:19:04 PM] [Info] 	1717095606 (already queued)
[5/5/2023 9:19:04 PM] [Info] 	1232252658 (already queued)
[5/5/2023 9:19:04 PM] [Info] 	2943585795 (already queued)
[5/5/2023 9:19:04 PM] [Info] 	2069342497 (already queued)
[5/5/2023 9:19:04 PM] [Info] 	2839462324 (already queued)
[5/5/2023 9:19:04 PM] [Info] 	2480988643 (already queued)
[5/5/2023 9:19:04 PM] [Info] 2480988643 'LFO Washington' queued for download
[5/5/2023 9:19:04 PM] [Info] 2480988643 'LFO Washington' has 4 children
[5/5/2023 9:19:04 PM] [Info] 	2683620106 (already queued)
[5/5/2023 9:19:04 PM] [Info] 	2069342497 (already queued)
[5/5/2023 9:19:04 PM] [Info] 	1232252658 (already queued)
[5/5/2023 9:19:04 PM] [Info] 	1909152337
[5/5/2023 9:19:04 PM] [Info] 877777769 'Furniture Expansion' queued for download
[5/5/2023 9:19:04 PM] [Info] Submitting workshop query for 1 item(s)...
[5/5/2023 9:19:04 PM] [Info] Workshop query yielded 1 result(s)
[5/5/2023 9:19:04 PM] [Info] This server's allowed IP for Workshop downloads: 73.253.101.49
[5/5/2023 9:19:04 PM] [Info] 1909152337 'California Assets' queued for download
[5/5/2023 9:19:04 PM] [Info] 10 workshop item(s) to download...
[5/5/2023 9:20:46 PM] [Info] Workshop item found in cache: 1717095606
[5/5/2023 9:20:46 PM] [Info] Installing workshop item: 1717095606
[5/5/2023 9:20:46 PM] [Info] Installed workshop item: 1717095606
[5/5/2023 9:20:46 PM] [Info] Workshop item found in cache: 2069342497
[5/5/2023 9:20:46 PM] [Info] Installing workshop item: 2069342497
[5/5/2023 9:20:46 PM] [Info] Installed workshop item: 2069342497
[5/5/2023 9:20:46 PM] [Info] Workshop item found in cache: 1232252658
[5/5/2023 9:20:46 PM] [Info] Installing workshop item: 1232252658
[5/5/2023 9:20:46 PM] [Info] Installed workshop item: 1232252658
[5/5/2023 9:20:46 PM] [Info] Workshop item found in cache: 2839462324
[5/5/2023 9:20:46 PM] [Info] Installing workshop item: 2839462324
[5/5/2023 9:20:46 PM] [Error] Missing effect gameobject
[5/5/2023 9:20:46 PM] [Error]   at SDG.Unturned.EffectAsset.PopulateAsset (SDG.Unturned.Bundle bundle, SDG.Unturned.DatDictionary data, SDG.Unturned.Local localization) [0x00055] in <0233b1acfe4e414a83e1d826583f0dbc>:0 
  at SDG.Unturned.Assets.loadFile (SDG.Unturned.Assets+ScannedFileInfo file) [0x005a1] in <0233b1acfe4e414a83e1d826583f0dbc>:0 
[5/5/2023 9:20:46 PM] [Error] Missing effect gameobject
[5/5/2023 9:20:46 PM] [Error]   at SDG.Unturned.EffectAsset.PopulateAsset (SDG.Unturned.Bundle bundle, SDG.Unturned.DatDictionary data, SDG.Unturned.Local localization) [0x00055] in <0233b1acfe4e414a83e1d826583f0dbc>:0 
  at SDG.Unturned.Assets.loadFile (SDG.Unturned.Assets+ScannedFileInfo file) [0x005a1] in <0233b1acfe4e414a83e1d826583f0dbc>:0 
[5/5/2023 9:20:46 PM] [Error] Missing effect gameobject
[5/5/2023 9:20:46 PM] [Error]   at SDG.Unturned.EffectAsset.PopulateAsset (SDG.Unturned.Bundle bundle, SDG.Unturned.DatDictionary data, SDG.Unturned.Local localization) [0x00055] in <0233b1acfe4e414a83e1d826583f0dbc>:0 
  at SDG.Unturned.Assets.loadFile (SDG.Unturned.Assets+ScannedFileInfo file) [0x005a1] in <0233b1acfe4e414a83e1d826583f0dbc>:0 
[5/5/2023 9:20:46 PM] [Error] Missing effect gameobject
[5/5/2023 9:20:46 PM] [Error]   at SDG.Unturned.EffectAsset.PopulateAsset (SDG.Unturned.Bundle bundle, SDG.Unturned.DatDictionary data, SDG.Unturned.Local localization) [0x00055] in <0233b1acfe4e414a83e1d826583f0dbc>:0 
  at SDG.Unturned.Assets.loadFile (SDG.Unturned.Assets+ScannedFileInfo file) [0x005a1] in <0233b1acfe4e414a83e1d826583f0dbc>:0 
[5/5/2023 9:20:46 PM] [Error] Missing effect gameobject
[5/5/2023 9:20:46 PM] [Error]   at SDG.Unturned.EffectAsset.PopulateAsset (SDG.Unturned.Bundle bundle, SDG.Unturned.DatDictionary data, SDG.Unturned.Local localization) [0x00055] in <0233b1acfe4e414a83e1d826583f0dbc>:0 
  at SDG.Unturned.Assets.loadFile (SDG.Unturned.Assets+ScannedFileInfo file) [0x005a1] in <0233b1acfe4e414a83e1d826583f0dbc>:0 
[5/5/2023 9:20:46 PM] [Error] Missing effect gameobject
[5/5/2023 9:20:46 PM] [Error]   at SDG.Unturned.EffectAsset.PopulateAsset (SDG.Unturned.Bundle bundle, SDG.Unturned.DatDictionary data, SDG.Unturned.Local localization) [0x00055] in <0233b1acfe4e414a83e1d826583f0dbc>:0 
  at SDG.Unturned.Assets.loadFile (SDG.Unturned.Assets+ScannedFileInfo file) [0x005a1] in <0233b1acfe4e414a83e1d826583f0dbc>:0 
[5/5/2023 9:20:46 PM] [Error] Missing effect gameobject
[5/5/2023 9:20:46 PM] [Error]   at SDG.Unturned.EffectAsset.PopulateAsset (SDG.Unturned.Bundle bundle, SDG.Unturned.DatDictionary data, SDG.Unturned.Local localization) [0x00055] in <0233b1acfe4e414a83e1d826583f0dbc>:0 
  at SDG.Unturned.Assets.loadFile (SDG.Unturned.Assets+ScannedFileInfo file) [0x005a1] in <0233b1acfe4e414a83e1d826583f0dbc>:0 
[5/5/2023 9:20:46 PM] [Error] Missing effect gameobject
[5/5/2023 9:20:46 PM] [Error]   at SDG.Unturned.EffectAsset.PopulateAsset (SDG.Unturned.Bundle bundle, SDG.Unturned.DatDictionary data, SDG.Unturned.Local localization) [0x00055] in <0233b1acfe4e414a83e1d826583f0dbc>:0 
  at SDG.Unturned.Assets.loadFile (SDG.Unturned.Assets+ScannedFileInfo file) [0x005a1] in <0233b1acfe4e414a83e1d826583f0dbc>:0 
[5/5/2023 9:20:46 PM] [Info] Installed workshop item: 2839462324
[5/5/2023 9:20:46 PM] [Info] Workshop item found in cache: 2943585795
[5/5/2023 9:20:46 PM] [Info] Installing workshop item: 2943585795
[5/5/2023 9:20:46 PM] [Info] Installed workshop item: 2943585795
[5/5/2023 9:20:46 PM] [Info] Workshop item found in cache: 2683620106
[5/5/2023 9:20:46 PM] [Info] Installing workshop item: 2683620106
[5/5/2023 9:20:46 PM] [Info] Installed workshop item: 2683620106
[5/5/2023 9:20:46 PM] [Info] Workshop item found in cache: 2971117980
[5/5/2023 9:20:46 PM] [Info] Installing workshop item: 2971117980
[5/5/2023 9:20:46 PM] [Info] Installed workshop item: 2971117980
[5/5/2023 9:20:46 PM] [Info] Workshop item found in cache: 2480988643
[5/5/2023 9:20:46 PM] [Info] Installing workshop item: 2480988643
[5/5/2023 9:20:46 PM] [Info] Installed workshop item: 2480988643
[5/5/2023 9:20:46 PM] [Info] Workshop item found in cache: 877777769
[5/5/2023 9:20:46 PM] [Info] Installing workshop item: 877777769
[5/5/2023 9:20:46 PM] [Info] Installed workshop item: 877777769
[5/5/2023 9:20:46 PM] [Info] Workshop item found in cache: 1909152337
[5/5/2023 9:20:46 PM] [Info] Installing workshop item: 1909152337
[5/5/2023 9:20:46 PM] [Info] Installed workshop item: 1909152337
[5/5/2023 9:20:46 PM] [Info] Level overrides config Items.Quality_Full_Chance: 0 (Default: 0.1)
[5/5/2023 9:20:46 PM] [Info] Level overrides config Items.Quality_Multiplier: 1 (Default: 1)
[5/5/2023 9:20:46 PM] [Info] Level overrides config Items.Gun_Bullets_Full_Chance: 0 (Default: 0.1)
[5/5/2023 9:20:46 PM] [Info] Level overrides config Items.Gun_Bullets_Multiplier: 0 (Default: 1)
[5/5/2023 9:20:46 PM] [Info] Level overrides config Items.Magazine_Bullets_Full_Chance: 1 (Default: 0.1)
[5/5/2023 9:20:46 PM] [Info] Level overrides config Items.Magazine_Bullets_Multiplier: 1 (Default: 1)
[5/5/2023 9:20:46 PM] [Info] Level overrides config Items.Crate_Bullets_Full_Chance: 1 (Default: 0.1)
[5/5/2023 9:20:46 PM] [Info] Level overrides config Items.Crate_Bullets_Multiplier: 1 (Default: 1)
[5/5/2023 9:20:46 PM] [Info] Level overrides config Items.Despawn_Dropped_Time: 1080 (Default: 600)
[5/5/2023 9:20:46 PM] [Info] Level overrides config Items.Despawn_Natural_Time: 1080 (Default: 900)
[5/5/2023 9:20:46 PM] [Info] Level overrides config Items.Respawn_Time: 80 (Default: 50)
[5/5/2023 9:20:46 PM] [Info] Level overrides config Players.Health_Default: 100 (Default: 100)
[5/5/2023 9:20:46 PM] [Info] Level overrides config Players.Food_Default: 100 (Default: 100)
[5/5/2023 9:20:46 PM] [Info] Level overrides config Players.Water_Default: 100 (Default: 100)
[5/5/2023 9:20:46 PM] [Info] Level overrides config Players.Virus_Default: 100 (Default: 100)
[5/5/2023 9:20:46 PM] [Info] Level overrides config Players.Health_Regen_Min_Food: 70 (Default: 90)
[5/5/2023 9:20:46 PM] [Info] Level overrides config Players.Health_Regen_Min_Water: 70 (Default: 90)
[5/5/2023 9:20:46 PM] [Info] Level overrides config Players.Health_Regen_Ticks: 45 (Default: 60)
[5/5/2023 9:20:46 PM] [Info] Level overrides config Players.Food_Use_Ticks: 1400 (Default: 350)
[5/5/2023 9:20:46 PM] [Info] Level overrides config Players.Food_Damage_Ticks: 5 (Default: 15)
[5/5/2023 9:20:46 PM] [Info] Level overrides config Players.Water_Use_Ticks: 1200 (Default: 320)
[5/5/2023 9:20:46 PM] [Info] Level overrides config Players.Water_Damage_Ticks: 5 (Default: 20)
[5/5/2023 9:20:46 PM] [Info] Level overrides config Players.Virus_Infect: 0 (Default: 50)
[5/5/2023 9:20:46 PM] [Info] Level overrides config Players.Virus_Use_Ticks: 60 (Default: 125)
[5/5/2023 9:20:46 PM] [Info] Level overrides config Players.Virus_Damage_Ticks: 1 (Default: 25)
[5/5/2023 9:20:46 PM] [Info] Level overrides config Players.Detect_Radius_Multiplier: 0.9 (Default: 0.5)
[5/5/2023 9:20:46 PM] [Info] Level overrides config Players.Ray_Aggressor_Distance: 12 (Default: 8)
[5/5/2023 9:20:46 PM] [Info] Level overrides config Players.Bleed_Damage_Ticks: 21 (Default: 10)
[5/5/2023 9:20:46 PM] [Info] Level overrides config Players.Can_Stop_Bleeding: True (Default: True)
[5/5/2023 9:20:46 PM] [Info] Level overrides config Players.Experience_Multiplier: 0 (Default: 1.5)
[5/5/2023 9:20:46 PM] [Info] Skipping level config override Players.Lose_Skills_PvP because server value (1) is not the default (0.75)
[5/5/2023 9:20:46 PM] [Info] Skipping level config override Players.Lose_Skills_PvE because server value (1) is not the default (0.75)
[5/5/2023 9:20:46 PM] [Error] Failed to find mode config for level override: Platers
[5/5/2023 9:20:46 PM] [Error] Failed to find mode config for level override: Platers
[5/5/2023 9:20:46 PM] [Info] Level overrides config Zombies.Slow_Movement: False (Default: True)
[5/5/2023 9:20:46 PM] [Info] Level overrides config Zombies.Acid_Chance: 0 (Default: 0)
[5/5/2023 9:20:46 PM] [Info] Level overrides config Zombies.Loot_Chance: 0.7 (Default: 0.55)
[5/5/2023 9:20:46 PM] [Info] Level overrides config Zombies.Min_Mega_Drops: 5 (Default: 5)
[5/5/2023 9:20:46 PM] [Info] Level overrides config Zombies.Max_Mega_Drops: 10 (Default: 5)
[5/5/2023 9:20:46 PM] [Info] Level overrides config Zombies.Min_Boss_Drops: 10 (Default: 8)
[5/5/2023 9:20:46 PM] [Info] Level overrides config Zombies.Max_Boss_Drops: 15 (Default: 10)
[5/5/2023 9:20:46 PM] [Info] Level overrides config Zombies.Respawn_Day_Time: 360 (Default: 360)
[5/5/2023 9:20:46 PM] [Info] Level overrides config Zombies.Respawn_Night_Time: 180 (Default: 30)
[5/5/2023 9:20:46 PM] [Info] Skipping level config override Gameplay.Chart because server value (False) is not the default (True)
[5/5/2023 9:20:46 PM] [Info] Skipping level config override Gameplay.Satellite because server value (True) is not the default (False)
[5/5/2023 9:20:46 PM] [Info] Skipping level config override Gameplay.Compass because server value (True) is not the default (False)
[5/5/2023 9:20:46 PM] [Info] Skipping level config override Gameplay.Ballistics because server value (True) is not the default (False)
[5/5/2023 9:20:46 PM] [Info] Skipping level config override Gameplay.Group_Map because server value (False) is not the default (True)
[5/5/2023 9:20:46 PM] [Info] Level overrides config Gameplay.Timer_Home: 15 (Default: 30)
[5/5/2023 9:20:46 PM] [Info] Level overrides config Events.Airdrop_Frequency_Min: 1.8 (Default: 0.8)
[5/5/2023 9:20:46 PM] [Info] Level overrides config Events.Airdrop_Frequency_Max: 3.5 (Default: 6.5)
[5/5/2023 9:20:46 PM] [Info] Level overrides config Events.Airdrop_Speed: 70 (Default: 128)
[5/5/2023 9:20:46 PM] [Info] Level overrides config Events.Airdrop_Force: 11.95 (Default: 9.5)
[5/5/2023 9:20:46 PM] [Info] Level overrides config Vehicles.Min_Battery_Charge: 1 (Default: 0.8)
[5/5/2023 9:20:46 PM] [Info] Level overrides config Vehicles.Max_Battery_Charge: 1 (Default: 1)
[5/5/2023 9:20:46 PM] [Info] Level overrides config Vehicles.Has_Battery_Chance: 1 (Default: 1)
[5/5/2023 9:20:46 PM] [Info] Level overrides config Vehicles.Max_Instances_Large: 64 (Default: 32)
[5/5/2023 9:20:46 PM] [Info] Level overrides config Vehicles.Decay_Time: 0 (Default: 604800)
[5/5/2023 9:20:46 PM] [Info] Level overrides config Vehicles.Decay_Damage_Per_Second: 200 (Default: 0.1)
[5/5/2023 9:20:46 PM] [Info] Level overrides config Barricades.Armor_Lowtier_Multiplier: 1 (Default: 1)
[5/5/2023 9:20:46 PM] [Info] Level overrides config Barricades.Armor_Hightier_Multiplier: 1 (Default: 0.5)
[5/5/2023 9:20:46 PM] [Info] Level overrides config Structures.Armor_Lowtier_Multiplier: 1 (Default: 1)
[5/5/2023 9:20:46 PM] [Info] Level overrides config Structures.Armor_Hightier_Multiplier: 1 (Default: 0.5)
[5/5/2023 9:20:46 PM] [Info] Level overrides config Barricades.Gun_Lowcal_Damage_Multiplier: 1 (Default: 1)
[5/5/2023 9:20:46 PM] [Info] Level overrides config Barricades.Gun_Highcal_Damage_Multiplier: 1 (Default: 1)
[5/5/2023 9:20:46 PM] [Info] Level overrides config Structures.Gun_Lowcal_Damage_Multiplier: 1 (Default: 1)
[5/5/2023 9:20:46 PM] [Info] Level overrides config Structures.Gun_Highcal_Damage_Multiplier: 1 (Default: 1)
[5/5/2023 9:20:46 PM] [Info] Level overrides config Barricades.Decay_Time: 432000 (Default: 604800)
[5/5/2023 9:20:46 PM] [Info] Level overrides config Structures.Decay_Time: 432000 (Default: 604800)
[5/5/2023 9:20:46 PM] [Info] Level overrides config Barricades.Allow_Item_Placement_On_Vehicle: True (Default: True)
[5/5/2023 9:20:46 PM] [Info] Level overrides config Barricades.Allow_Trap_Placement_On_Vehicle: True (Default: True)
[5/5/2023 9:20:46 PM] [Info] Monitoring workshop map 'LFO Test Site' (2971117980) for changes
[5/5/2023 9:20:46 PM] [Info] Loading level: 8%
[5/5/2023 9:20:47 PM] [Info] Loading level: 16%
[5/5/2023 9:20:47 PM] [Info] Loading level: 25%
[5/5/2023 9:20:47 PM] [Info] Loading level: 33%
[5/5/2023 9:20:48 PM] [Info] Loading level: 41%
[5/5/2023 9:20:48 PM] [Info] Loading level: 50%
[5/5/2023 9:20:48 PM] [Info] Loading level: 58%
[5/5/2023 9:20:48 PM] [Info] Loading level: 66%
[5/5/2023 9:20:48 PM] [Info] Loading level: 75%
[5/5/2023 9:20:48 PM] [Info] Loading level: 83%
[5/5/2023 9:20:48 PM] [Info] Loading level: 91%
[5/5/2023 9:20:48 PM] [Info] Loading level: 100%
[5/5/2023 9:21:25 PM] [Info] BattlEye Server: Player #0 Shake (73.253.101.49:64777) connected
[5/5/2023 9:21:25 PM] [Info] BattlEye Server: Player #0 Shake - BE GUID: f4abbf8aa333c3b24b5656c70080f342
[5/5/2023 9:21:28 PM] [Info] Connecting: PlayerID: 76561199035738472 Name: Shake Character: Shake
[5/5/2023 9:21:28 PM] [Info] BattlEye Server: Connected to BE Master
[5/5/2023 9:23:30 PM] [Info] [Group] Shake [Shake]: "/i sterile 5"
[5/5/2023 9:25:55 PM] [Info] Giving Shake item 59171:5
[5/5/2023 9:25:55 PM] [Info] BattlEye Server: Player #1 Lefty (73.253.101.49:61628) connected
[5/5/2023 9:25:55 PM] [Info] BattlEye Server: Player #1 Lefty - BE GUID: a00d38540a8b3a4cf0f1398b9cbb4e90
[5/5/2023 9:26:07 PM] [Error] Unable to find spawn table for resolve with id 0
[5/5/2023 9:26:07 PM] [Error] Unable to find spawn table for resolve with id 0
[5/5/2023 9:26:07 PM] [Error] Unable to find spawn table for resolve with id 0
[5/5/2023 9:26:07 PM] [Error] Unable to find spawn table for resolve with id 0
[5/5/2023 9:26:07 PM] [Error] Unable to find spawn table for resolve with id 0
[5/5/2023 9:26:07 PM] [Info] Connecting: PlayerID: 76561199231429556 Name: Lefty Character: Lefty
[5/5/2023 9:26:07 PM] [Info] [Group] Shake [Shake]: "/tp left"
[5/5/2023 9:27:25 PM] [Info] Shake teleported to Lefty
[5/5/2023 9:27:25 PM] [Info] Shake moved x:-300.0625 y:157.2669(+39.09719) z:625.7969 in the last second (0.09999084)
[5/5/2023 9:27:47 PM] [Info] Lefty moved x:-300.0625 y:157.2669(+39.09718) z:625.7969 in the last second (0.09999084)
[5/5/2023 9:29:18 PM] [Info] [Group] Shake [Shake]: "/i pvs"
[5/5/2023 9:29:20 PM] [Info] Giving Shake item 20274:1
[5/5/2023 9:29:20 PM] [Info] [World] Shake [Shake]: "/i pvs"
[5/5/2023 9:29:50 PM] [Info] Giving Shake item 20274:1
[5/5/2023 9:29:50 PM] [Info] Shake [Shake] was shot in the head by Lefty [Lefty]!
[5/5/2023 9:29:55 PM] [Info] [Group] Shake [Shake]: "/home"
[5/5/2023 9:30:01 PM] [Info] [Group] Shake [Shake]: "/teleport wp"
[5/5/2023 9:30:05 PM] [Info] Successfully teleported Shake to waypoint!
[5/5/2023 9:30:05 PM] [Info] Shake moved x:-298.4073 y:157.2669(+39.0972) z:625.152 in the last second (0.1000061)
[5/5/2023 9:30:15 PM] [Info] Lefty [Lefty] was shot in the arm by Shake [Shake]!
[5/5/2023 9:30:19 PM] [Info] [Group] Shake [Shake]: "/admin left"
[5/5/2023 9:30:21 PM] [Info] [Group] Shake [Shake]: "/heal"
[5/5/2023 9:31:26 PM] [Info] [World] Lefty [Lefty]: "/ammo"
[5/5/2023 9:31:38 PM] [Info] [World] Lefty [Lefty]: "/i ammo"
[5/5/2023 9:31:47 PM] [Info] Giving Lefty item 38398:1
[5/5/2023 9:31:47 PM] [Info] [Group] Shake [Shake]: "/heal"
[5/5/2023 9:31:53 PM] [Info] [World] Lefty [Lefty]: "/i car"
[5/5/2023 9:32:07 PM] [Info] Giving Lefty item 329:1
[5/5/2023 9:32:07 PM] [Info] [World] Lefty [Lefty]: "/i jeep"
[5/5/2023 9:32:16 PM] [Info] [World] Lefty [Lefty]: "/v car"
[5/5/2023 9:32:45 PM] [Info] Giving Lefty vehicle 75
[5/5/2023 9:32:45 PM] [Info] [Group] Shake [Shake]: "/v appache"
[5/5/2023 9:32:51 PM] [Info] [Group] Shake [Shake]: "/v mi-28"
[5/5/2023 9:32:56 PM] [Info] Giving Shake vehicle 38323
[5/5/2023 9:32:56 PM] [Info] [Group] Shake [Shake]: "/ammo"
[5/5/2023 9:33:01 PM] [Info] [Group] Shake [Shake]: "/i alice"
[5/5/2023 9:33:04 PM] [Info] Giving Shake item 253:1
[5/5/2023 9:33:04 PM] [Info] Shake [Shake] was blown up by a vehicle!
[5/5/2023 9:33:22 PM] [Info] [Group] Shake [Shake]: "/i 20336"
[5/5/2023 9:33:22 PM] [Info] Giving Shake item 20336:1
[5/5/2023 9:33:26 PM] [Info] [Group] Shake [Shake]: "/v mi-28"
[5/5/2023 9:33:32 PM] [Info] Giving Shake vehicle 38323
[5/5/2023 9:33:32 PM] [Info] [Area] Shake [Shake]: "/ammo 3"
[5/5/2023 9:34:21 PM] [Info] [Area] Lefty [Lefty]: "/v helicopter"
[5/5/2023 9:34:28 PM] [Info] Giving Lefty vehicle 106
[5/5/2023 9:34:28 PM] [Info] Lefty [Lefty] bled to death!
[5/5/2023 9:34:41 PM] [Info] [World] Lefty [Lefty]: "/v helicopter"
[5/5/2023 9:34:47 PM] [Info] Giving Lefty vehicle 106
[5/5/2023 9:34:47 PM] [Info] Lefty [Lefty] was blown up by ? [?] with a missile!
[5/5/2023 9:35:12 PM] [Info] [World] Lefty [Lefty]: "/v helicopter"
[5/5/2023 9:35:25 PM] [Info] Giving Lefty vehicle 106
[5/5/2023 9:35:25 PM] [Info] [World] Lefty [Lefty]: "/v hh/6"
[5/5/2023 9:35:42 PM] [Info] Lefty [Lefty] was blown up by ? [?] with a missile!
[5/5/2023 9:36:03 PM] [Info] Lefty moved x:-267.5625 y:135.6132(+17.44793) z:-9.75 in the last second (0.1078186)
[5/5/2023 9:36:13 PM] [Info] [World] Lefty [Lefty]: "/v hh-6"
[5/5/2023 9:36:30 PM] [Info] Giving Lefty vehicle 59026
[5/5/2023 9:36:30 PM] [Info] Shake [Shake] was blown up by a vehicle!
[5/5/2023 9:37:12 PM] [Info] [Group] Shake [Shake]: "/day"
[5/5/2023 9:37:14 PM] [Info] Successfully set time to day!
[5/5/2023 9:37:14 PM] [Info] Lefty moved x:-241.6053 y:161.7868(+17.01454) z:48.01099 in the last second (0.0688324)
[5/5/2023 9:37:15 PM] [Info] Lefty moved x:-218.6882 y:179.8364(+18.04965) z:62.69469 in the last second (0.1230621)
[5/5/2023 9:37:23 PM] [Info] [Group] Shake [Shake]: "/ammo 3"
[5/5/2023 9:37:27 PM] [Info] Lefty [Lefty] was blown up by a vehicle!
[5/5/2023 9:38:01 PM] [Info] [Area] Lefty [Lefty]: "/v helicopter"
[5/5/2023 9:38:34 PM] [Info] Giving Lefty vehicle 106
[5/5/2023 9:38:34 PM] [Info] Shake moved x:-77.23531 y:222.1026(+15.12009) z:16.86333 in the last second (106.0063)
[5/5/2023 9:38:51 PM] [Info] [Area] Shake [Shake]: "/ammo 3"
[5/5/2023 9:39:16 PM] [Info] Lefty [Lefty] was blown up by ? [?] with a missile!
[5/5/2023 9:39:33 PM] [Info] Shake [Shake] was blown up by a vehicle!
[5/5/2023 9:39:43 PM] [Info] [Group] Shake [Shake]: "/tp left"
[5/5/2023 9:39:44 PM] [Info] Shake teleported to Lefty
[5/5/2023 9:39:44 PM] [Info] Shake moved x:-240.738 y:131.612(+15.69873) z:-22.13589 in the last second (0.1476593)
[5/5/2023 9:39:45 PM] [Info] [Area] Lefty [Lefty]: "/v car"
[5/5/2023 9:39:57 PM] [Info] Giving Lefty vehicle 75
[5/5/2023 9:39:57 PM] [Info] [Group] Shake [Shake]: "/v "yellow race""
[5/5/2023 9:40:13 PM] [Info] Giving Shake vehicle 84
[5/5/2023 9:40:13 PM] [Info] [Group] Shake [Shake]: "/v 38300"
[5/5/2023 9:41:22 PM] [Info] Giving Shake vehicle 38300
[5/5/2023 9:41:22 PM] [Info] [Group] Shake [Shake]: "/ammo"
[5/5/2023 9:41:34 PM] [Info] Lefty [Lefty] was blown up by a vehicle!
[5/5/2023 9:41:49 PM] [Info] [World] Lefty [Lefty]: "/i hh-6"
[5/5/2023 9:41:50 PM] [Info] [Group] Shake [Shake]: "/tphere left"
[5/5/2023 9:41:59 PM] [Info] Lefty was teleported to Shake
[5/5/2023 9:41:59 PM] [Info] [World] Lefty [Lefty]: "/v hh-6"
[5/5/2023 9:42:12 PM] [Info] Giving Lefty vehicle 59026
[5/5/2023 9:42:12 PM] [Info] Lefty [Lefty] was blown up by a vehicle!
[5/5/2023 9:42:22 PM] [Info] [Group] Shake [Shake]: "/ammo"
[5/5/2023 9:43:02 PM] [Info] [Group] Shake [Shake]: "/i nemesis"
[5/5/2023 9:43:38 PM] [Info] Giving Shake item 59392:1
[5/5/2023 9:43:38 PM] [Info] [World] Lefty [Lefty]: "/v hh-6"
[5/5/2023 9:44:09 PM] [Info] Giving Lefty vehicle 59026
[5/5/2023 9:44:09 PM] [Info] Lefty [Lefty] was shot in the head by Shake [Shake]!
[5/5/2023 9:45:15 PM] [Info] Lefty [Lefty] was roadkilled by Shake [Shake]!
[5/5/2023 9:45:41 PM] [Info] [World] Lefty [Lefty]: "/v hh-6"
[5/5/2023 9:45:52 PM] [Info] Giving Lefty vehicle 59026
[5/5/2023 9:45:52 PM] [Info] [World] Lefty [Lefty]: "/v hh-6"
[5/5/2023 9:45:58 PM] [Info] Giving Lefty vehicle 59026
[5/5/2023 9:45:58 PM] [Info] [World] Lefty [Lefty]: "/v hh-6"
[5/5/2023 9:46:06 PM] [Info] Giving Lefty vehicle 59026
[5/5/2023 9:46:06 PM] [Info] [Group] Shake [Shake]: "/god"
[5/5/2023 9:47:08 PM] [Info] Shake enabled Godmode
[5/5/2023 9:47:08 PM] [Info] [Group] Shake [Shake]: "/ammo"
[5/5/2023 9:47:18 PM] [Info] Lefty [Lefty] was shot in the torso by Shake [Shake]!
[5/5/2023 9:47:51 PM] [Info] [Group] Shake [Shake]: "/ammo"
[5/5/2023 9:48:20 PM] [Info] [Group] Shake [Shake]: "/god"
[5/5/2023 9:48:24 PM] [Info] Shake disabled Godmode
[5/5/2023 9:48:24 PM] [Info] Shake [Shake] was shot in the torso by Lefty [Lefty]!
[5/5/2023 9:48:27 PM] [Info] Shake moved x:-265.3298 y:136.3836(+18.2139) z:-7.289706 in the last second (1.627014)
[5/5/2023 9:48:32 PM] [Info] [Group] Shake [Shake]: "/pointtool jump"
[5/5/2023 9:48:33 PM] [Info] ShimmysAdminTools >> [PointTool:Jump] (Shake:76561199035738472) to (-260.0, 414.2, 9.9)
[5/5/2023 9:48:34 PM] [Info] Shake moved x:-260.0156 y:413.5603(+282.1943) z:9.914063 in the last second (0.1000061)
[5/5/2023 9:48:35 PM] [Info] [Group] Shake [Shake]: "/tphere left"
[5/5/2023 9:48:36 PM] [Info] Lefty was teleported to Shake
[5/5/2023 9:48:36 PM] [Info] Lefty moved x:-260.0156 y:413.5603(+295.3906) z:9.914063 in the last second (0.1000061)
[5/5/2023 9:48:47 PM] [Info] Lefty [Lefty] was shot in the head by Shake [Shake]!
[5/5/2023 9:48:53 PM] [Info] [Group] Shake [Shake]: "/heal"
[5/5/2023 9:48:56 PM] [Info] Saving server
[5/5/2023 9:49:06 PM] [Info] [World] Lefty [Lefty]: "/i ammo"
[5/5/2023 9:49:11 PM] [Info] Giving Lefty item 38398:1
[5/5/2023 9:49:11 PM] [Info] [World] Lefty [Lefty]: "/i ammo"
[5/5/2023 9:49:16 PM] [Info] Giving Lefty item 38398:1
[5/5/2023 9:49:16 PM] [Info] [World] Lefty [Lefty]: "/i ammo"
[5/5/2023 9:49:19 PM] [Info] Giving Lefty item 38398:1
[5/5/2023 9:49:19 PM] [Info] [World] Lefty [Lefty]: "/i ammo"
[5/5/2023 9:50:46 PM] [Info] Giving Lefty item 38398:1
[5/5/2023 9:50:46 PM] [Info] [Group] Lefty [Lefty]: "/ammo"
[5/5/2023 9:51:13 PM] [Info] [World] Lefty [Lefty]: "/ammo"
[5/5/2023 9:51:22 PM] [Info] [Group] Shake [Shake]: "/i hell's"
[5/5/2023 9:51:31 PM] [Info] Giving Shake item 1364:1
[5/5/2023 9:51:31 PM] [Info] [Group] Shake [Shake]: "/attachment adapt"
[5/5/2023 9:51:39 PM] [Info] [Group] Shake [Shake]: "/attachment 31470"
[5/5/2023 9:51:41 PM] [Info] [World] Lefty [Lefty]: "/i nemisis"
[5/5/2023 9:51:47 PM] [Info] [Group] Shake [Shake]: "/attachment dot"
[5/5/2023 9:51:56 PM] [Info] [Group] Shake [Shake]: "/attachment "pistol holo""
[5/5/2023 9:52:01 PM] [Info] [World] Lefty [Lefty]: "/ammo"
[5/5/2023 9:52:02 PM] [Info] [Area] Shake [Shake]: "/attachment "holo""
[5/5/2023 9:52:10 PM] [Info] [Group] Shake [Shake]: "/attachment acog"
[5/5/2023 9:52:29 PM] [Info] [Group] Shake [Shake]: "/unlimitedammo"
[5/5/2023 9:52:33 PM] [Info] [World] Lefty [Lefty]: "/i nemesis"
[5/5/2023 9:52:37 PM] [Info] Giving Lefty item 59392:1
[5/5/2023 9:52:37 PM] [Info] [Group] Shake [Shake]: "/attachment "pistol dot""
[5/5/2023 9:52:53 PM] [Info] Lefty [Lefty] was shot in the head by Shake [Shake]!
[5/5/2023 9:53:08 PM] [Info] ShimmysAdminTools >> [PointTool:Jump] (Shake:76561199035738472) to (44.5, 413.5, 185.7)
[5/5/2023 9:53:09 PM] [Info] ShimmysAdminTools >> [PointTool:Jump] (Shake:76561199035738472) to (76.4, 413.5, 185.7)
[5/5/2023 9:53:10 PM] [Info] ShimmysAdminTools >> [PointTool:Jump] (Shake:76561199035738472) to (91.9, 413.5, 185.8)
[5/5/2023 9:53:11 PM] [Info] ShimmysAdminTools >> [PointTool:Jump] (Shake:76561199035738472) to (97.5, 413.5, 185.4)
[5/5/2023 9:53:11 PM] [Info] ShimmysAdminTools >> [PointTool:Jump] (Shake:76561199035738472) to (124.0, 413.5, 183.7)
[5/5/2023 9:53:12 PM] [Info] ShimmysAdminTools >> [PointTool:Jump] (Shake:76561199035738472) to (133.1, 413.5, 183.7)
[5/5/2023 9:53:12 PM] [Info] ShimmysAdminTools >> [PointTool:Jump] (Shake:76561199035738472) to (149.7, 413.5, 183.7)
[5/5/2023 9:54:16 PM] [Info] [World] Lefty [Lefty]: "/ammo"
[5/5/2023 9:54:57 PM] [Info] Shake [Shake] was shot in the head by Lefty [Lefty]!
[5/5/2023 9:55:08 PM] [Info] Lefty [Lefty] bled to death!
[5/5/2023 9:55:30 PM] [Info] [World] Lefty [Lefty]: "/ammo"
[5/5/2023 9:55:36 PM] [Info] Shake [Shake] was shot in the head by Lefty [Lefty]!
[5/5/2023 9:55:38 PM] [Info] Shake moved x:-267.061 y:135.3783(+17.03297) z:-8.580997 in the last second (0.1078796)
[5/5/2023 9:55:58 PM] [Info] [Group] Shake [Shake]: "/v mi-28"
[5/5/2023 9:56:02 PM] [Info] Giving Shake vehicle 38323
[5/5/2023 9:56:02 PM] [Info] [Group] Shake [Shake]: "/ammo"
[5/5/2023 9:56:20 PM] [Info] [World] Lefty [Lefty]: "/car"
[5/5/2023 9:56:28 PM] [Info] [World] Lefty [Lefty]: "/v car"
[5/5/2023 9:56:30 PM] [Info] Giving Lefty vehicle 75
[5/5/2023 9:56:30 PM] [Info] Lefty [Lefty] was blown up by ? [?] with a missile!
[5/5/2023 9:56:34 PM] [Info] Lefty [Lefty] was blown up by ? [?] with a missile!
[5/5/2023 9:56:56 PM] [Info] Shake [Shake] was blown up by a vehicle!
[5/5/2023 9:57:51 PM] [Info] [Group] Shake [Shake]: "/heal"
[5/5/2023 9:58:21 PM] [Info] Lefty [Lefty] was shot in the head by Shake [Shake]!
[5/5/2023 9:58:25 PM] [Info] Disconnecting: PlayerID: 76561199231429556 Name: Lefty Character: Lefty
[5/5/2023 9:59:36 PM] [Info] BattlEye Server: Player #1 Lefty disconnected
[5/5/2023 9:59:36 PM] [Info] ShimmysAdminTools >> [PointTool:Jump] (Shake:76561199035738472) to (477.0, 119.7, 170.4)
[5/5/2023 9:59:39 PM] [Info] ShimmysAdminTools >> [PointTool:Jump] (Shake:76561199035738472) to (475.8, 120.3, 171.1)
[5/5/2023 9:59:40 PM] [Info] ShimmysAdminTools >> [PointTool:Jump] (Shake:76561199035738472) to (476.6, 120.1, 170.6)
[5/5/2023 9:59:41 PM] [Info] ShimmysAdminTools >> [PointTool:Jump] (Shake:76561199035738472) to (476.7, 122.2, 170.7)
[5/5/2023 9:59:42 PM] [Info] ShimmysAdminTools >> [PointTool:Jump] (Shake:76561199035738472) to (477.6, 121.9, 172.5)
[5/5/2023 9:59:46 PM] [Info] ShimmysAdminTools >> [PointTool:Jump] (Shake:76561199035738472) to (476.7, 119.8, 171.8)
[5/5/2023 10:00:09 PM] [Info] [Group] Shake [Shake]: "/experience 10000"
[5/5/2023 10:00:27 PM] [Info] Successfully gave Shake +10000 experience!
[5/5/2023 10:00:27 PM] [Info] ShimmysAdminTools >> [PointTool:Jump] (Shake:76561199035738472) to (462.1, 124.6, 176.9)
[5/5/2023 10:00:38 PM] [Info] Shake moved x:79.28125 y:145.336(+27.16629) z:-701.6016 in the last second (0.1000061)
[5/5/2023 10:00:52 PM] [Info] ShimmysAdminTools >> [PointTool:Jump] (Shake:76561199035738472) to (73.0, 147.7, -707.9)
[5/5/2023 10:00:53 PM] [Info] ShimmysAdminTools >> [PointTool:Jump] (Shake:76561199035738472) to (68.9, 149.4, -713.9)
[5/5/2023 10:01:08 PM] [Info] Shake [Shake] was blown up by Shake [Shake] with a remote detonator!
[5/5/2023 10:01:16 PM] [Info] Shake moved x:76.73855 y:145.336(+27.15915) z:-702.9397 in the last second (0.1000214)
[5/5/2023 10:01:42 PM] [Info] [Group] Shake [Shake]: "/god"
[5/5/2023 10:01:42 PM] [Info] Shake enabled Godmode
[5/5/2023 10:02:37 PM] [Info] [Group] Shake [Shake]: "/i mg3"
[5/5/2023 10:02:49 PM] [Info] Giving Shake item 38410:1
[5/5/2023 10:02:49 PM] [Info] [Group] Shake [Shake]: "/attachment "grenade""
[5/5/2023 10:02:54 PM] [Info] [World] Shake [Shake]: "/attachment "mgl grenade""
[5/5/2023 10:03:00 PM] [Info] [Group] Shake [Shake]: "/attachment "gl he""
[5/5/2023 10:03:05 PM] [Info] ShimmysAdminTools >> [PointTool:Jump] (Shake:76561199035738472) to (139.4, 125.7, -715.8)
[5/5/2023 10:03:06 PM] [Info] ShimmysAdminTools >> [PointTool:Jump] (Shake:76561199035738472) to (135.0, 131.5, -718.0)
[5/5/2023 10:03:07 PM] [Info] ShimmysAdminTools >> [PointTool:Jump] (Shake:76561199035738472) to (131.8, 131.5, -721.6)
[5/5/2023 10:03:07 PM] [Info] ShimmysAdminTools >> [PointTool:Jump] (Shake:76561199035738472) to (126.7, 127.5, -725.4)
[5/5/2023 10:03:09 PM] [Info] ShimmysAdminTools >> [PointTool:Jump] (Shake:76561199035738472) to (107.0, 128.7, -738.1)
[5/5/2023 10:03:10 PM] [Info] ShimmysAdminTools >> [PointTool:Jump] (Shake:76561199035738472) to (105.5, 129.2, -738.4)
[5/5/2023 10:03:13 PM] [Info] ShimmysAdminTools >> [PointTool:Jump] (Shake:76561199035738472) to (-92.8, 369.5, -556.8)
[5/5/2023 10:03:13 PM] [Info] ShimmysAdminTools >> [PointTool:Jump] (Shake:76561199035738472) to (-522.4, 370.4, -142.1)
[5/5/2023 10:03:14 PM] [Info] Shake moved x:-524.8687 y:360.5383(+247.4258) z:-139.4668 in the last second (226.0478)
[5/5/2023 10:03:15 PM] [Info] ShimmysAdminTools >> [PointTool:Jump] (Shake:76561199035738472) to (-524.8, 344.9, -136.8)
[5/5/2023 10:03:29 PM] [Info] [Group] Shake [Shake]: "/heal"
[5/5/2023 10:03:30 PM] [Info] Shake moved x:-523.8484 y:148.713(+15.10942) z:-119.2184 in the last second (16.48846)
[5/5/2023 10:03:43 PM] [Info] [Group] Shake [Shake]: "/heal"
[5/5/2023 10:03:45 PM] [Info] Shake moved x:-576.2793 y:154.6858(+22.76678) z:-11.23514 in the last second (9.067413)
[5/5/2023 10:04:15 PM] [Info] Shake moved x:-523.8477 y:177.2344(+21.01205) z:-402.3589 in the last second (17.10291)
[5/5/2023 10:04:17 PM] [Info] Shake moved x:-523.8516 y:196.525(+21.00203) z:-489.5995 in the last second (7.526489)
[5/5/2023 10:04:19 PM] [Info] Shake moved x:-523.8499 y:225.105(+16.52307) z:-554.8303 in the last second (17.93846)
[5/5/2023 10:04:31 PM] [Info] Shake moved x:-523.8574 y:229.5017(+21.23351) z:-533.5546 in the last second (20.60989)
[5/5/2023 10:04:43 PM] [Info] Shake moved x:-670.9353 y:214.0392(+18.97029) z:-442.4482 in the last second (7.083145)
[5/5/2023 10:04:55 PM] [Info] ShimmysAdminTools >> [PointTool:Jump] (Shake:76561199035738472) to (-1021.7, 115.6, -541.6)
[5/5/2023 10:05:24 PM] [Info] ShimmysAdminTools >> [PointTool:Jump] (Shake:76561199035738472) to (-308.4, -1024.0, -781.2)
[5/5/2023 10:05:24 PM] [Info] Shake moved x:-310.5623 y:-1022.78(+1534.576) z:-780.7388 in the last second (1022.78)
[5/5/2023 10:05:27 PM] [Info] ShimmysAdminTools >> [PointTool:Jump] (Shake:76561199035738472) to (-316.2, -1016.0, -780.7)
[5/5/2023 10:05:41 PM] [Info] ShimmysAdminTools >> [PointTool:Jump] (Shake:76561199035738472) to (-522.4, -600.6, -420.0)
[5/5/2023 10:05:41 PM] [Info] ShimmysAdminTools >> [PointTool:Jump] (Shake:76561199035738472) to (-974.9, -435.4, 382.2)
[5/5/2023 10:05:42 PM] [Info] Shake moved x:-976.0925 y:-434.0467(+569.317) z:383.7838 in the last second (434.0467)
[5/5/2023 10:05:42 PM] [Info] ShimmysAdminTools >> [PointTool:Jump] (Shake:76561199035738472) to (-972.9, -425.9, 383.2)
[5/5/2023 10:05:42 PM] [Info] ShimmysAdminTools >> [PointTool:Jump] (Shake:76561199035738472) to (-523.4, 76.4, 163.9)
[5/5/2023 10:05:42 PM] [Info] ShimmysAdminTools >> [PointTool:Jump] (Shake:76561199035738472) to (-590.0, 414.0, -165.4)
[5/5/2023 10:05:43 PM] [Info] Shake moved x:-590.3189 y:413.5603(+847.6069) z:-166.1416 in the last second (0.1000061)
[5/5/2023 10:05:44 PM] [Info] ShimmysAdminTools >> [PointTool:Jump] (Shake:76561199035738472) to (-578.5, 413.5, -168.0)
[5/5/2023 10:05:45 PM] [Info] ShimmysAdminTools >> [PointTool:Jump] (Shake:76561199035738472) to (-573.3, 413.5, -166.0)
[5/5/2023 10:05:45 PM] [Info] ShimmysAdminTools >> [PointTool:Jump] (Shake:76561199035738472) to (-523.4, 415.3, -141.7)
[5/5/2023 10:05:46 PM] [Info] ShimmysAdminTools >> [PointTool:Jump] (Shake:76561199035738472) to (-513.9, 413.5, -139.2)
[5/5/2023 10:05:46 PM] [Info] ShimmysAdminTools >> [PointTool:Jump] (Shake:76561199035738472) to (541.9, 416.5, -176.0)
[5/5/2023 10:05:47 PM] [Info] ShimmysAdminTools >> [PointTool:Jump] (Shake:76561199035738472) to (560.4, 413.5, -171.1)
[5/5/2023 10:05:47 PM] [Info] ShimmysAdminTools >> [PointTool:Jump] (Shake:76561199035738472) to (3427.7, 415.3, 382.2)
[5/5/2023 10:05:59 PM] [Info] Disconnecting: PlayerID: 76561199035738472 Name: Shake Character: Shake
[5/5/2023 10:05:59 PM] [Info] BattlEye Server: Player #0 Shake disconnected
[5/5/2023 10:18:56 PM] [Info] Saving server
[5/5/2023 10:48:56 PM] [Info] Saving server
[5/5/2023 11:18:56 PM] [Info] Saving server
[5/5/2023 11:48:56 PM] [Info] Saving server
[5/6/2023 12:18:56 AM] [Info] Saving server
[5/6/2023 12:48:56 AM] [Info] Saving server
[5/6/2023 1:18:56 AM] [Info] Saving server
[5/6/2023 1:48:56 AM] [Info] Saving server
[5/6/2023 2:18:56 AM] [Info] Saving server
[5/6/2023 2:48:56 AM] [Info] Saving server
[5/6/2023 3:18:56 AM] [Info] Saving server
[5/6/2023 3:48:56 AM] [Info] Saving server
[5/6/2023 4:18:56 AM] [Info] Saving server
[5/6/2023 4:48:56 AM] [Info] Saving server
[5/6/2023 5:18:56 AM] [Info] Saving server
[5/6/2023 5:48:56 AM] [Info] Saving server
[5/6/2023 6:18:56 AM] [Info] Saving server
[5/6/2023 6:48:56 AM] [Info] Saving server
[5/6/2023 7:18:56 AM] [Info] Saving server
[5/6/2023 7:48:56 AM] [Info] Saving server
[5/6/2023 8:18:56 AM] [Info] Saving server
[5/6/2023 8:48:56 AM] [Info] Saving server
[5/6/2023 9:18:56 AM] [Info] Saving server
[5/6/2023 9:48:56 AM] [Info] Saving server
[5/6/2023 10:18:56 AM] [Info] Saving server
[5/6/2023 10:48:56 AM] [Info] Saving server
[5/6/2023 11:18:56 AM] [Info] Saving server
[5/6/2023 11:48:56 AM] [Info] Saving server
[5/6/2023 12:18:56 PM] [Info] Saving server
[5/6/2023 12:48:56 PM] [Info] Saving server
[5/6/2023 1:18:57 PM] [Info] Saving server
[5/6/2023 1:48:57 PM] [Info] Saving server
[5/6/2023 2:18:57 PM] [Info] Saving server
[5/6/2023 2:48:57 PM] [Info] Saving server
[5/6/2023 3:18:57 PM] [Info] Saving server
[5/6/2023 3:48:57 PM] [Info] Saving server
[5/6/2023 4:18:57 PM] [Info] Saving server
[5/6/2023 4:48:57 PM] [Info] Saving server
[5/6/2023 5:18:57 PM] [Info] Saving server
[5/6/2023 5:48:57 PM] [Info] Saving server
[5/6/2023 6:18:57 PM] [Info] Saving server
[5/6/2023 6:48:57 PM] [Info] Saving server
[5/6/2023 7:18:57 PM] [Info] Saving server
[5/6/2023 7:48:57 PM] [Info] Saving server
[5/6/2023 8:18:57 PM] [Info] Saving server
[5/6/2023 8:48:57 PM] [Info] Saving server
[5/6/2023 9:18:57 PM] [Info] Saving server
[5/6/2023 9:48:57 PM] [Info] Saving server
[5/6/2023 9:56:22 PM] [Info] BattlEye Server: Failed to receive from BE Master (10054)
[5/6/2023 9:56:22 PM] [Info] BattlEye Server: Disconnected from BE Master
[5/6/2023 9:56:23 PM] [Info] Lost connection to Steam servers because k_EResultNoConnection
[5/6/2023 9:56:42 PM] [Info] Failed to connect to Steam servers because k_EResultNoConnection, still retrying
[5/6/2023 9:56:57 PM] [Info] Failed to connect to Steam servers because k_EResultNoConnection, still retrying
[5/6/2023 9:57:21 PM] [Info] Failed to connect to Steam servers because k_EResultNoConnection, still retrying
[5/6/2023 9:58:07 PM] [Info] Failed to connect to Steam servers because k_EResultNoConnection, still retrying
[5/6/2023 9:59:03 PM] [Info] Failed to connect to Steam servers because k_EResultNoConnection, still retrying
[5/6/2023 10:03:15 PM] [Info] Failed to connect to Steam servers because k_EResultNoConnection, still retrying
[5/6/2023 10:10:10 PM] [Info] Failed to connect to Steam servers because k_EResultNoConnection, still retrying
[5/6/2023 10:12:56 PM] [Info] Failed to connect to Steam servers because k_EResultNoConnection, still retrying
[5/6/2023 10:18:07 PM] [Info] Failed to connect to Steam servers because k_EResultNoConnection, still retrying
[5/6/2023 10:18:57 PM] [Info] Saving server
[5/6/2023 10:25:19 PM] [Info] Failed to connect to Steam servers because k_EResultNoConnection, still retrying
[5/6/2023 10:31:37 PM] [Info] Failed to connect to Steam servers because k_EResultNoConnection, still retrying
[5/6/2023 10:38:33 PM] [Info] Failed to connect to Steam servers because k_EResultNoConnection, still retrying
[5/6/2023 10:47:40 PM] [Info] Failed to connect to Steam servers because k_EResultNoConnection, still retrying
[5/6/2023 10:48:57 PM] [Info] Saving server
[5/6/2023 11:09:57 PM] [Info] Failed to connect to Steam servers because k_EResultNoConnection, still retrying
[5/6/2023 11:18:57 PM] [Info] Saving server
[5/6/2023 11:31:05 PM] [Info] Failed to connect to Steam servers because k_EResultNoConnection, still retrying
[5/6/2023 11:48:57 PM] [Info] Saving server
[5/6/2023 11:51:14 PM] [Info] Failed to connect to Steam servers because k_EResultNoConnection, still retrying
[5/6/2023 11:59:56 PM] [Info] Failed to connect to Steam servers because k_EResultNoConnection, still retrying
[5/7/2023 12:16:38 AM] [Info] Failed to connect to Steam servers because k_EResultNoConnection, still retrying
[5/7/2023 12:18:57 AM] [Info] Saving server
[5/7/2023 12:26:44 AM] [Info] Failed to connect to Steam servers because k_EResultNoConnection, still retrying
[5/7/2023 12:42:27 AM] [Info] Failed to connect to Steam servers because k_EResultNoConnection, still retrying
[5/7/2023 12:48:57 AM] [Info] Saving server
[5/7/2023 12:56:31 AM] [Info] Failed to connect to Steam servers because k_EResultNoConnection, still retrying
[5/7/2023 1:10:05 AM] [Info] Failed to connect to Steam servers because k_EResultNoConnection, still retrying
[5/7/2023 1:18:57 AM] [Info] Saving server
[5/7/2023 1:27:16 AM] [Info] Failed to connect to Steam servers because k_EResultNoConnection, still retrying
[5/7/2023 1:37:01 AM] [Info] Failed to connect to Steam servers because k_EResultNoConnection, still retrying
[5/7/2023 1:48:57 AM] [Info] Saving server
[5/7/2023 1:56:36 AM] [Info] Failed to connect to Steam servers because k_EResultNoConnection, still retrying
[5/7/2023 2:17:41 AM] [Info] Failed to connect to Steam servers because k_EResultNoConnection, still retrying
[5/7/2023 2:18:57 AM] [Info] Saving server
[5/7/2023 2:34:12 AM] [Info] Failed to connect to Steam servers because k_EResultNoConnection, still retrying
[5/7/2023 2:48:57 AM] [Info] Saving server
[5/7/2023 2:51:53 AM] [Info] Failed to connect to Steam servers because k_EResultNoConnection, still retrying
[5/7/2023 3:07:02 AM] [Info] Failed to connect to Steam servers because k_EResultNoConnection, still retrying
[5/7/2023 3:18:57 AM] [Info] Saving server
[5/7/2023 3:20:28 AM] [Info] Failed to connect to Steam servers because k_EResultNoConnection, still retrying
[5/7/2023 3:33:30 AM] [Info] Failed to connect to Steam servers because k_EResultNoConnection, still retrying
[5/7/2023 3:43:41 AM] [Info] Failed to connect to Steam servers because k_EResultNoConnection, still retrying
[5/7/2023 3:48:57 AM] [Info] Saving server
[5/7/2023 4:03:20 AM] [Info] Failed to connect to Steam servers because k_EResultNoConnection, still retrying
[5/7/2023 4:14:52 AM] [Info] Failed to connect to Steam servers because k_EResultNoConnection, still retrying
[5/7/2023 4:18:57 AM] [Info] Saving server
[5/7/2023 4:22:32 AM] [Info] Failed to connect to Steam servers because k_EResultNoConnection, still retrying
[5/7/2023 4:30:19 AM] [Info] Failed to connect to Steam servers because k_EResultNoConnection, still retrying
[5/7/2023 4:47:38 AM] [Info] Failed to connect to Steam servers because k_EResultNoConnection, still retrying
[5/7/2023 4:48:57 AM] [Info] Saving server
[5/7/2023 4:57:54 AM] [Info] Failed to connect to Steam servers because k_EResultNoConnection, still retrying
[5/7/2023 5:11:36 AM] [Info] Failed to connect to Steam servers because k_EResultNoConnection, still retrying
[5/7/2023 5:18:57 AM] [Info] Saving server
[5/7/2023 5:20:55 AM] [Info] Failed to connect to Steam servers because k_EResultNoConnection, still retrying
[5/7/2023 5:33:53 AM] [Info] Failed to connect to Steam servers because k_EResultNoConnection, still retrying
[5/7/2023 5:41:33 AM] [Info] Failed to connect to Steam servers because k_EResultNoConnection, still retrying
[5/7/2023 5:48:57 AM] [Info] Saving server
[5/7/2023 6:03:56 AM] [Info] Failed to connect to Steam servers because k_EResultNoConnection, still retrying
[5/7/2023 6:11:53 AM] [Info] Failed to connect to Steam servers because k_EResultNoConnection, still retrying
[5/7/2023 6:18:57 AM] [Info] Saving server
[5/7/2023 6:29:17 AM] [Info] Failed to connect to Steam servers because k_EResultNoConnection, still retrying
[5/7/2023 6:38:57 AM] [Info] Failed to connect to Steam servers because k_EResultNoConnection, still retrying
[5/7/2023 6:48:50 AM] [Info] Failed to connect to Steam servers because k_EResultNoConnection, still retrying
[5/7/2023 6:48:57 AM] [Info] Saving server
[5/7/2023 7:00:47 AM] [Info] Failed to connect to Steam servers because k_EResultNoConnection, still retrying
[5/7/2023 7:10:58 AM] [Info] Failed to connect to Steam servers because k_EResultNoConnection, still retrying
[5/7/2023 7:18:57 AM] [Info] Saving server
[5/7/2023 7:25:16 AM] [Info] Failed to connect to Steam servers because k_EResultNoConnection, still retrying
[5/7/2023 7:34:53 AM] [Info] Failed to connect to Steam servers because k_EResultNoConnection, still retrying
[5/7/2023 7:48:57 AM] [Info] Saving server
[5/7/2023 7:52:15 AM] [Info] Failed to connect to Steam servers because k_EResultNoConnection, still retrying
[5/7/2023 8:04:14 AM] [Info] Failed to connect to Steam servers because k_EResultNoConnection, still retrying
[5/7/2023 8:18:57 AM] [Info] Saving server
[5/7/2023 8:20:57 AM] [Info] Failed to connect to Steam servers because k_EResultNoConnection, still retrying
[5/7/2023 8:29:11 AM] [Info] Failed to connect to Steam servers because k_EResultNoConnection, still retrying
[5/7/2023 8:48:57 AM] [Info] Saving server
[5/7/2023 8:49:13 AM] [Info] Failed to connect to Steam servers because k_EResultNoConnection, still retrying
[5/7/2023 9:10:39 AM] [Info] Failed to connect to Steam servers because k_EResultNoConnection, still retrying
[5/7/2023 9:18:57 AM] [Info] Saving server
[5/7/2023 9:32:53 AM] [Info] Failed to connect to Steam servers because k_EResultNoConnection, still retrying
[5/7/2023 9:48:41 AM] [Info] Failed to connect to Steam servers because k_EResultNoConnection, still retrying
[5/7/2023 9:48:57 AM] [Info] Saving server
[5/7/2023 9:59:41 AM] [Info] Failed to connect to Steam servers because k_EResultNoConnection, still retrying
[5/7/2023 9:59:49 AM] [Info] Failed to connect to Steam servers because k_EResultNoConnection, still retrying
[5/7/2023 9:59:56 AM] [Info] Failed to connect to Steam servers because k_EResultNoConnection, still retrying
[5/7/2023 10:00:17 AM] [Info] Failed to connect to Steam servers because k_EResultNoConnection, still retrying
[5/7/2023 10:01:18 AM] [Info] Failed to connect to Steam servers because k_EResultNoConnection, still retrying
[5/7/2023 10:02:00 AM] [Info] Failed to connect to Steam servers because k_EResultNoConnection, still retrying
[5/7/2023 10:08:07 AM] [Info] Failed to connect to Steam servers because k_EResultNoConnection, still retrying
[5/7/2023 10:11:21 AM] [Info] Failed to connect to Steam servers because k_EResultNoConnection, still retrying
[5/7/2023 10:15:02 AM] [Info] Failed to connect to Steam servers because k_EResultNoConnection, still retrying
[5/7/2023 10:18:57 AM] [Info] Saving server
[5/7/2023 10:29:47 AM] [Info] Failed to connect to Steam servers because k_EResultNoConnection, still retrying
[5/7/2023 10:44:32 AM] [Info] Failed to connect to Steam servers because k_EResultNoConnection, still retrying
[5/7/2023 10:48:57 AM] [Info] Saving server
[5/7/2023 10:51:04 AM] [Info] Failed to connect to Steam servers because k_EResultNoConnection, still retrying
[5/7/2023 11:00:24 AM] [Info] Failed to connect to Steam servers because k_EResultNoConnection, still retrying
[5/7/2023 11:18:57 AM] [Info] Saving server
[5/7/2023 11:20:25 AM] [Info] Failed to connect to Steam servers because k_EResultNoConnection, still retrying
[5/7/2023 11:35:13 AM] [Info] Failed to connect to Steam servers because k_EResultNoConnection, still retrying
[5/7/2023 11:48:57 AM] [Info] Saving server
[5/7/2023 11:50:16 AM] [Info] Failed to connect to Steam servers because k_EResultNoConnection, still retrying
[5/7/2023 11:58:46 AM] [Info] Failed to connect to Steam servers because k_EResultNoConnection, still retrying
[5/7/2023 12:18:57 PM] [Info] Saving server
[5/7/2023 12:19:07 PM] [Info] Failed to connect to Steam servers because k_EResultNoConnection, still retrying
[5/7/2023 12:37:17 PM] [Info] Failed to connect to Steam servers because k_EResultNoConnection, still retrying
[5/7/2023 12:48:57 PM] [Info] Saving server
[5/7/2023 12:57:13 PM] [Info] Failed to connect to Steam servers because k_EResultNoConnection, still retrying
[5/7/2023 1:12:30 PM] [Info] Failed to connect to Steam servers because k_EResultNoConnection, still retrying
[5/7/2023 1:18:57 PM] [Info] Saving server
[5/7/2023 1:25:11 PM] [Info] Failed to connect to Steam servers because k_EResultNoConnection, still retrying
[5/7/2023 1:47:16 PM] [Info] Failed to connect to Steam servers because k_EResultNoConnection, still retrying
[5/7/2023 1:48:57 PM] [Info] Saving server
[5/7/2023 2:03:14 PM] [Info] Failed to connect to Steam servers because k_EResultNoConnection, still retrying
[5/7/2023 2:18:37 PM] [Info] Failed to connect to Steam servers because k_EResultNoConnection, still retrying
[5/7/2023 2:18:57 PM] [Info] Saving server
[5/7/2023 2:33:26 PM] [Info] Failed to connect to Steam servers because k_EResultNoConnection, still retrying
[5/7/2023 2:44:17 PM] [Info] Failed to connect to Steam servers because k_EResultNoConnection, still retrying
[5/7/2023 2:48:57 PM] [Info] Saving server
[5/7/2023 2:54:02 PM] [Info] Failed to connect to Steam servers because k_EResultNoConnection, still retrying
[5/7/2023 3:06:10 PM] [Info] Failed to connect to Steam servers because k_EResultNoConnection, still retrying
[5/7/2023 3:15:28 PM] [Info] Failed to connect to Steam servers because k_EResultNoConnection, still retrying
[5/7/2023 3:18:57 PM] [Info] Saving server
[5/7/2023 3:34:39 PM] [Info] Failed to connect to Steam servers because k_EResultNoConnection, still retrying
[5/7/2023 3:48:57 PM] [Info] Saving server
[5/7/2023 3:55:00 PM] [Info] Failed to connect to Steam servers because k_EResultNoConnection, still retrying
[5/7/2023 4:15:09 PM] [Info] Failed to connect to Steam servers because k_EResultNoConnection, still retrying
[5/7/2023 4:18:57 PM] [Info] Saving server
[5/7/2023 4:36:32 PM] [Info] Failed to connect to Steam servers because k_EResultNoConnection, still retrying
[5/7/2023 4:47:58 PM] [Info] Failed to connect to Steam servers because k_EResultNoConnection, still retrying
[5/7/2023 4:48:57 PM] [Info] Saving server
[5/7/2023 5:03:45 PM] [Info] Failed to connect to Steam servers because k_EResultNoConnection, still retrying
[5/7/2023 5:18:57 PM] [Info] Saving server
[5/7/2023 5:19:44 PM] [Info] Failed to connect to Steam servers because k_EResultNoConnection, still retrying
[5/7/2023 5:29:09 PM] [Info] Failed to connect to Steam servers because k_EResultNoConnection, still retrying
[5/7/2023 5:48:56 PM] [Info] Failed to connect to Steam servers because k_EResultNoConnection, still retrying
[5/7/2023 5:48:57 PM] [Info] Saving server
[5/7/2023 6:04:07 PM] [Info] Failed to connect to Steam servers because k_EResultNoConnection, still retrying
[5/7/2023 6:18:57 PM] [Info] Saving server
[5/7/2023 6:48:57 PM] [Info] Saving server
[5/7/2023 7:18:57 PM] [Info] Saving server
[5/7/2023 7:32:47 PM] [Info] Lost connection to Steam servers because k_EResultNoConnection
[5/7/2023 7:48:57 PM] [Info] Saving server
[5/7/2023 8:18:57 PM] [Info] Saving server
[5/7/2023 8:48:57 PM] [Info] Saving server
[5/7/2023 9:18:57 PM] [Info] Saving server
[5/7/2023 9:48:57 PM] [Info] Saving server
[5/7/2023 10:00:26 PM] [Info] Lost connection to Steam servers because k_EResultNoConnection
[5/7/2023 10:00:47 PM] [Info] Failed to connect to Steam servers because k_EResultNoConnection, still retrying
[5/7/2023 10:01:07 PM] [Info] Failed to connect to Steam servers because k_EResultNoConnection, still retrying
[5/7/2023 10:01:48 PM] [Info] Failed to connect to Steam servers because k_EResultNoConnection, still retrying
[5/7/2023 10:02:37 PM] [Info] Failed to connect to Steam servers because k_EResultNoConnection, still retrying
[5/7/2023 10:03:18 PM] [Info] Failed to connect to Steam servers because k_EResultNoConnection, still retrying
[5/7/2023 10:09:38 PM] [Info] Failed to connect to Steam servers because k_EResultNoConnection, still retrying
[5/7/2023 10:16:52 PM] [Info] Failed to connect to Steam servers because k_EResultNoConnection, still retrying
[5/7/2023 10:18:57 PM] [Info] Saving server
[5/7/2023 10:22:40 PM] [Info] Failed to connect to Steam servers because k_EResultNoConnection, still retrying
[5/7/2023 10:31:38 PM] [Info] Failed to connect to Steam servers because k_EResultNoConnection, still retrying
[5/7/2023 10:45:00 PM] [Info] Failed to connect to Steam servers because k_EResultNoConnection, still retrying
[5/7/2023 10:48:57 PM] [Info] Saving server
[5/7/2023 10:55:49 PM] [Info] Failed to connect to Steam servers because k_EResultNoConnection, still retrying
[5/7/2023 11:06:07 PM] [Info] Failed to connect to Steam servers because k_EResultNoConnection, still retrying
[5/7/2023 11:18:57 PM] [Info] Saving server
[5/7/2023 11:22:38 PM] [Info] Failed to connect to Steam servers because k_EResultNoConnection, still retrying
[5/7/2023 11:41:57 PM] [Info] Failed to connect to Steam servers because k_EResultNoConnection, still retrying
[5/7/2023 11:48:57 PM] [Info] Saving server
[5/7/2023 11:59:24 PM] [Info] Failed to connect to Steam servers because k_EResultNoConnection, still retrying
[5/8/2023 12:18:33 AM] [Info] Failed to connect to Steam servers because k_EResultNoConnection, still retrying
[5/8/2023 12:18:57 AM] [Info] Saving server
[5/8/2023 12:39:07 AM] [Info] Failed to connect to Steam servers because k_EResultNoConnection, still retrying
[5/8/2023 12:48:57 AM] [Info] Saving server
[5/8/2023 12:58:41 AM] [Info] Failed to connect to Steam servers because k_EResultNoConnection, still retrying
[5/8/2023 1:18:06 AM] [Info] Failed to connect to Steam servers because k_EResultNoConnection, still retrying
[5/8/2023 1:18:57 AM] [Info] Saving server
[5/8/2023 1:32:39 AM] [Info] Failed to connect to Steam servers because k_EResultNoConnection, still retrying
[5/8/2023 1:48:57 AM] [Info] Saving server
[5/8/2023 2:18:57 AM] [Info] Saving server
[5/8/2023 2:48:57 AM] [Info] Saving server
[5/8/2023 3:18:57 AM] [Info] Saving server
[5/8/2023 3:48:57 AM] [Info] Saving server
[5/8/2023 4:18:57 AM] [Info] Saving server
[5/8/2023 4:48:57 AM] [Info] Saving server
[5/8/2023 5:18:57 AM] [Info] Saving server
[5/8/2023 5:37:14 AM] [Info] Lost connection to Steam servers because k_EResultNoConnection
[5/8/2023 5:37:40 AM] [Info] Failed to connect to Steam servers because k_EResultNoConnection, still retrying
[5/8/2023 5:38:00 AM] [Info] Failed to connect to Steam servers because k_EResultNoConnection, still retrying
[5/8/2023 5:38:13 AM] [Info] Failed to connect to Steam servers because k_EResultNoConnection, still retrying
[5/8/2023 5:38:25 AM] [Info] Failed to connect to Steam servers because k_EResultNoConnection, still retrying
[5/8/2023 5:38:58 AM] [Info] Failed to connect to Steam servers because k_EResultNoConnection, still retrying
[5/8/2023 5:40:05 AM] [Info] Failed to connect to Steam servers because k_EResultNoConnection, still retrying
[5/8/2023 5:41:15 AM] [Info] Failed to connect to Steam servers because k_EResultNoConnection, still retrying
[5/8/2023 5:48:57 AM] [Info] Saving server
[5/8/2023 6:18:57 AM] [Info] Saving server
[5/8/2023 6:36:11 AM] [Info] Lost connection to Steam servers because k_EResultOK
[5/9/2023 5:32:12 PM] [Info] Saving server
[5/9/2023 5:32:13 PM] [Info] Failed to connect to Steam servers because k_EResultNoConnection, still retrying
[5/9/2023 5:32:37 PM] [Info] Failed to connect to Steam servers because k_EResultNoConnection, still retrying
[5/9/2023 6:02:12 PM] [Info] Saving server
[5/9/2023 6:03:57 PM] [Info] Lost connection to Steam servers because k_EResultNoConnection
[5/9/2023 6:04:44 PM] [Info] Failed to connect to Steam servers because k_EResultNoConnection, still retrying
[5/10/2023 7:15:13 AM] [Info] Saving server
[5/10/2023 7:15:17 AM] [Info] Failed to connect to Steam servers because k_EResultNoConnection, still retrying
[5/10/2023 7:15:47 AM] [Info] Lost connection to Steam servers because k_EResultNoConnection
[5/10/2023 7:22:29 AM] [Info] 
[unloading] MoreHomes
