[12/16/2022 11:47:58 PM] [Info] [registered] /more (Rocket.Unturned.Commands.CommandMore/more)
[12/16/2022 11:47:58 PM] [Info] [registered] /admin (Rocket.Unturned.Commands.CommandAdmin/admin)
[12/16/2022 11:47:58 PM] [Info] [registered] /broadcast (Rocket.Unturned.Commands.CommandBroadcast/broadcast)
[12/16/2022 11:47:58 PM] [Info] [registered] /compass (Rocket.Unturned.Commands.CommandCompass/compass)
[12/16/2022 11:48:02 PM] [Info] [registered] /effect (Rocket.Unturned.Commands.CommandEffect/effect)
[12/16/2022 11:48:02 PM] [Info] [registered] /exit (Rocket.Unturned.Commands.CommandExit/exit)
[12/16/2022 11:48:02 PM] [Info] [registered] /god (Rocket.Unturned.Commands.CommandGod/god)
[12/16/2022 11:48:02 PM] [Info] [registered] /heal (Rocket.Unturned.Commands.CommandHeal/heal)
[12/16/2022 11:48:02 PM] [Info] [registered] /help (Rocket.Unturned.Commands.CommandHelp/help)
[12/16/2022 11:48:02 PM] [Info] [registered] /home (Rocket.Unturned.Commands.CommandHome/home)
[12/16/2022 11:48:02 PM] [Info] [registered] /i (Rocket.Unturned.Commands.CommandI/i)
[12/16/2022 11:48:02 PM] [Info] [registered] /item (Rocket.Unturned.Commands.CommandI/item)
[12/16/2022 11:48:02 PM] [Info] [registered] /investigate (Rocket.Unturned.Commands.CommandInvestigate/investigate)
[12/16/2022 11:48:02 PM] [Info] [registered] /p (Rocket.Unturned.Commands.CommandP/p)
[12/16/2022 11:48:02 PM] [Info] [registered] /permissions (Rocket.Unturned.Commands.CommandP/permissions)
[12/16/2022 11:48:02 PM] [Info] [registered] /rocket (Rocket.Unturned.Commands.CommandRocket/rocket)
[12/16/2022 11:48:02 PM] [Info] [registered] /tp (Rocket.Unturned.Commands.CommandTp/tp)
[12/16/2022 11:48:02 PM] [Info] [registered] /tphere (Rocket.Unturned.Commands.CommandTphere/tphere)
[12/16/2022 11:48:02 PM] [Info] [registered] /unadmin (Rocket.Unturned.Commands.CommandUnadmin/unadmin)
[12/16/2022 11:48:02 PM] [Info] [registered] /v (Rocket.Unturned.Commands.CommandV/v)
[12/16/2022 11:48:02 PM] [Info] [registered] /vanish (Rocket.Unturned.Commands.CommandVanish/vanish)
[12/16/2022 11:48:02 PM] [Info] Loading Feli.RocketMod.JoinLeaveMessages from C:\Program Files (x86)\Steam\steamapps\common\U3DS\Servers\MyServer\Rocket\Plugins\Feli.RocketMod.JoinLeaveMessages.dll
[12/16/2022 11:48:02 PM] [Info] Loading Feli.RocketMod.Teleporting from C:\Program Files (x86)\Steam\steamapps\common\U3DS\Servers\MyServer\Rocket\Plugins\Feli.RocketMod.Teleporting.dll
[12/16/2022 11:48:02 PM] [Info] Loading GarageLite from C:\Program Files (x86)\Steam\steamapps\common\U3DS\Servers\MyServer\Rocket\Plugins\GarageLite.dll
[12/16/2022 11:48:02 PM] [Info] Loading InfiniteEnergy from C:\Program Files (x86)\Steam\steamapps\common\U3DS\Servers\MyServer\Rocket\Plugins\InfiniteEnergy.dll
[12/16/2022 11:48:02 PM] [Info] Loading MoreHomes from C:\Program Files (x86)\Steam\steamapps\common\U3DS\Servers\MyServer\Rocket\Plugins\MoreHomes.dll
[12/16/2022 11:48:02 PM] [Info] Loading ReponseMod_HiddenName from C:\Program Files (x86)\Steam\steamapps\common\U3DS\Servers\MyServer\Rocket\Plugins\ReponseMod_HiddenName.dll
[12/16/2022 11:48:02 PM] [Info] Loading Teleportation from C:\Program Files (x86)\Steam\steamapps\common\U3DS\Servers\MyServer\Rocket\Plugins\Teleportation.dll
[12/16/2022 11:48:02 PM] [Info] Loading uEssentials from C:\Program Files (x86)\Steam\steamapps\common\U3DS\Servers\MyServer\Rocket\Plugins\uEssentials.dll
[12/16/2022 11:48:02 PM] [Error] Invalid or outdated plugin assembly: Assembly-CSharp-firstpass
[12/16/2022 11:48:02 PM] [Error] Invalid or outdated plugin assembly: Assembly-CSharp
[12/16/2022 11:48:02 PM] [Error] Invalid or outdated plugin assembly: Rocket.API
[12/16/2022 11:48:02 PM] [Error] Invalid or outdated plugin assembly: Rocket.Core
[12/16/2022 11:48:02 PM] [Error] Invalid or outdated plugin assembly: Rocket.Unturned
[12/16/2022 11:48:02 PM] [Error] Invalid or outdated plugin assembly: UnityEngine.CoreModule
[12/16/2022 11:48:02 PM] [Error] Invalid or outdated plugin assembly: UnityEngine
[12/16/2022 11:48:02 PM] [Error] Invalid or outdated plugin assembly: Newtonsoft.Json
[12/16/2022 11:48:02 PM] [Info] 
[loading] Feli.RocketMod.JoinLeaveMessages
[12/16/2022 11:48:02 PM] [Info] Feli.RocketMod.JoinLeaveMessages >> JoinLeaveMessages plugin v1.0.2 loaded !
[12/16/2022 11:48:02 PM] [Info] Feli.RocketMod.JoinLeaveMessages >> Do you want more cool plugins? Join now: https://discord.gg/4FF2548 !
[12/16/2022 11:48:02 PM] [Info] 
[loading] Feli.RocketMod.Teleporting
[12/16/2022 11:48:02 PM] [Info] [registered] /tpa (Feli.RocketMod.Teleporting.Commands.TpaCommand/tpa)
[12/16/2022 11:48:02 PM] [Info] [registered] /tpr (Feli.RocketMod.Teleporting.Commands.TpaCommand/tpr)
[12/16/2022 11:48:02 PM] [Info] Feli.RocketMod.Teleporting >> Teleporting plugin v1.6.4 loaded !
[12/16/2022 11:48:02 PM] [Info] Feli.RocketMod.Teleporting >> Do you want more cool plugins? Join now: https://discord.gg/4FF2548 !
[12/16/2022 11:48:02 PM] [Info] Feli.RocketMod.Teleporting >> Economy Provider: ExperienceEconomyProvider
[12/16/2022 11:48:02 PM] [Info] 
[loading] GarageLite
[12/16/2022 11:48:02 PM] [Info] [registered] /gadd (GarageLite.Code/gadd)
[12/16/2022 11:48:02 PM] [Info] [registered] /garageadd (GarageLite.Code/garageadd)
[12/16/2022 11:48:02 PM] [Info] [registered] /vadd (GarageLite.Code/vadd)
[12/16/2022 11:48:02 PM] [Info] [registered] /glist (GarageLite.Vlist/glist)
[12/16/2022 11:48:02 PM] [Info] [registered] /garagelist (GarageLite.Vlist/garagelist)
[12/16/2022 11:48:02 PM] [Info] [registered] /vlist (GarageLite.Vlist/vlist)
[12/16/2022 11:48:02 PM] [Info] [registered] /gretrieve (GarageLite.Vretrieve/gretrieve)
[12/16/2022 11:48:02 PM] [Info] [registered] /garageretrieve (GarageLite.Vretrieve/garageretrieve)
[12/16/2022 11:48:02 PM] [Info] [registered] /vretrieve (GarageLite.Vretrieve/vretrieve)
[12/16/2022 11:48:02 PM] [Warning] ++++++++++++++++++++++++++++++++++++++
[12/16/2022 11:48:02 PM] [Warning] [GarageLite] has been loaded!
[12/16/2022 11:48:02 PM] [Warning] Dev: MQS#7816
[12/16/2022 11:48:02 PM] [Warning] Join this Discord for Support: https://discord.gg/Ssbpd9cvgp
[12/16/2022 11:48:02 PM] [Warning] ++++++++++++++++++++++++++++++++++++++
[12/16/2022 11:48:02 PM] [Info] 
[loading] InfiniteEnergy
[12/16/2022 11:48:02 PM] [Error] Could not find dependency: 0Harmony, Version=2.1.1.0, Culture=neutral, PublicKeyToken=null
[12/16/2022 11:48:02 PM] [Error] Could not find dependency: 0Harmony, Version=2.1.1.0, Culture=neutral, PublicKeyToken=null
[12/16/2022 11:48:02 PM] [Info] 
[loading] ReponseMod_HiddenName
[12/16/2022 11:48:02 PM] [Info] 
[loading] Teleportation
[12/16/2022 11:48:02 PM] [Info] Other mapping to: Feli.RocketMod.Teleporting.Commands.TpaCommand/tpa / RestoreMonarchy.Teleportation.Commands.TPACommand/tpa
[12/16/2022 11:48:02 PM] [Info] [registered] /tpa (RestoreMonarchy.Teleportation.Commands.TPACommand/tpa)
[12/16/2022 11:48:02 PM] [Info] Teleportation >> Teleportation 1.7.0.0 has been loaded!
[12/16/2022 11:48:02 PM] [Info] 
[loading] uEssentials
[12/16/2022 11:48:02 PM] [Error] Failed to load uEssentials, unloading now... :System.MissingMethodException: SDG.Unturned.ConsoleInput SDG.Unturned.CommandWindow.get_input()
  at Rocket.Core.Plugins.RocketPlugin.LoadPlugin () [0x00033] in <59a13feb721848c8b0cd173f6d0e820b>:0 
[12/16/2022 11:48:02 PM] [Info] 
[unloading] uEssentials
[12/16/2022 11:48:02 PM] [Error] Failed to unload uEssentials:System.MissingMethodException: SDG.Unturned.ConsoleInput SDG.Unturned.CommandWindow.get_input()
  at Rocket.Core.Plugins.RocketPlugin.UnloadPlugin (Rocket.API.PluginState state) [0x0003b] in <59a13feb721848c8b0cd173f6d0e820b>:0 
  at Rocket.Core.Plugins.RocketPlugin.LoadPlugin () [0x0005c] in <59a13feb721848c8b0cd173f6d0e820b>:0 
[12/16/2022 11:48:02 PM] [Info] This server will automatically save every 1800 seconds
[12/16/2022 11:48:02 PM] [Info] Steam servers ready!
[12/16/2022 11:48:02 PM] [Info] Workshop install folder: C:\Program Files (x86)\Steam\steamapps\common\U3DS/Servers/MyServer/Workshop/Steam
[12/16/2022 11:48:02 PM] [Info] 1 workshop item(s) requested
[12/16/2022 11:48:02 PM] [Info] Submitting workshop query for 1 item(s)...
[12/16/2022 11:48:02 PM] [Info] Workshop query yielded 1 result(s)
[12/16/2022 11:48:02 PM] [Info] This server's allowed IP for Workshop downloads: 73.253.101.49
[12/16/2022 11:48:02 PM] [Info] 2898548949 'A6 Polaris' queued for download
[12/16/2022 11:48:02 PM] [Info] 1 workshop item(s) to download...
[12/16/2022 11:48:02 PM] [Info] Workshop item found in cache: 2898548949
[12/16/2022 11:48:02 PM] [Info] Installing workshop item: 2898548949
[12/16/2022 11:48:14 PM] [Info] Installed workshop item: 2898548949
[12/16/2022 11:48:14 PM] [Info] Skipping level config override Animals.Max_Instances_Medium because server value (50) is not the default (16)
[12/16/2022 11:48:14 PM] [Info] Skipping level config override Items.Quality_Full_Chance because server value (1) is not the default (0.1)
[12/16/2022 11:48:14 PM] [Info] Level overrides config Barricades.Allow_Item_Placement_On_Vehicle: False (Default: True)
[12/16/2022 11:48:14 PM] [Info] Level overrides config Barricades.Allow_Trap_Placement_On_Vehicle: False (Default: True)
[12/16/2022 11:48:14 PM] [Info] Skipping level config override Barricades.Gun_Lowcal_Damage_Multiplier because server value (0.5) is not the default (1)
[12/16/2022 11:48:14 PM] [Info] Skipping level config override Barricades.Gun_Highcal_Damage_Multiplier because server value (2) is not the default (1)
[12/16/2022 11:48:14 PM] [Info] Level overrides config Barricades.Armor_Lowtier_Multiplier: 1 (Default: 1)
[12/16/2022 11:48:14 PM] [Info] Level overrides config Barricades.Armor_Hightier_Multiplier: 1 (Default: 0.5)
[12/16/2022 11:48:14 PM] [Info] Skipping level config override Structures.Gun_Lowcal_Damage_Multiplier because server value (0.5) is not the default (1)
[12/16/2022 11:48:14 PM] [Info] Skipping level config override Structures.Gun_Highcal_Damage_Multiplier because server value (2) is not the default (1)
[12/16/2022 11:48:14 PM] [Info] Level overrides config Structures.Armor_Lowtier_Multiplier: 1 (Default: 1)
[12/16/2022 11:48:14 PM] [Info] Level overrides config Structures.Armor_Hightier_Multiplier: 1 (Default: 0.5)
[12/16/2022 11:48:14 PM] [Info] Skipping level config override Structures.Melee_Damage_Multiplier because server value (0.5) is not the default (1)
[12/16/2022 11:48:14 PM] [Info] Skipping level config override Structures.Melee_Repair_Multiplier because server value (2) is not the default (1)
[12/16/2022 11:48:14 PM] [Info] Skipping level config override Events.Airdrop_Speed because server value (0) is not the default (128)
[12/16/2022 11:48:14 PM] [Info] Skipping level config override Events.Airdrop_Force because server value (0) is not the default (9.5)
[12/16/2022 11:48:14 PM] [Info] Skipping level config override Vehicles.Gun_Lowcal_Damage_Multiplier because server value (0.5) is not the default (1)
[12/16/2022 11:48:14 PM] [Info] Skipping level config override Vehicles.Melee_Damage_Multiplier because server value (0.5) is not the default (1)
[12/16/2022 11:48:14 PM] [Info] Skipping level config override Vehicles.Min_Battery_Charge because server value (1) is not the default (0.5)
[12/16/2022 11:48:14 PM] [Info] Skipping level config override Vehicles.Max_Battery_Charge because server value (1) is not the default (0.75)
[12/16/2022 11:48:14 PM] [Info] Skipping level config override Vehicles.Has_Battery_Chance because server value (1) is not the default (0.8)
[12/16/2022 11:48:14 PM] [Info] Skipping level config override Vehicles.Max_Instances_Medium because server value (40) is not the default (16)
[12/16/2022 11:48:14 PM] [Info] Level overrides config Vehicles.Armor_Multiplier: 0.375 (Default: 1)
[12/16/2022 11:48:14 PM] [Info] Level overrides config Players.Experience_Multiplier: 1 (Default: 1)
[12/16/2022 11:48:14 PM] [Info] Skipping level config override Players.Lose_Skills_PvP because server value (1) is not the default (0.75)
[12/16/2022 11:48:14 PM] [Info] Skipping level config override Players.Lose_Skills_PvE because server value (1) is not the default (0.75)
[12/16/2022 11:48:14 PM] [Info] Skipping level config override Players.Virus_Infect because server value (90) is not the default (50)
[12/16/2022 11:48:14 PM] [Info] Level overrides config Zombies.Armor_Multiplier: 1 (Default: 1)
[12/16/2022 11:48:14 PM] [Info] Skipping level config override Zombies.Full_Moon_Experience_Multiplier because server value (5) is not the default (2)
[12/16/2022 11:48:14 PM] [Info] Skipping level config override Zombies.Spawn_Chance because server value (1) is not the default (0.25)
[12/16/2022 11:48:14 PM] [Info] Skipping level config override Zombies.Min_Mega_Drops because server value (10) is not the default (5)
[12/16/2022 11:48:14 PM] [Info] Skipping level config override Zombies.Max_Mega_Drops because server value (20) is not the default (5)
[12/16/2022 11:48:14 PM] [Info] Skipping level config override Zombies.Min_Boss_Drops because server value (30) is not the default (8)
[12/16/2022 11:48:14 PM] [Info] Skipping level config override Zombies.Max_Boss_Drops because server value (50) is not the default (10)
[12/16/2022 11:48:14 PM] [Info] Skipping level config override Zombies.Loot_Chance because server value (1) is not the default (0.5)
[12/16/2022 11:48:14 PM] [Info] Level overrides config Gameplay.Chart: True (Default: False)
[12/16/2022 11:48:14 PM] [Info] Monitoring workshop map 'A6 Polaris' (2898548949) for changes
[12/16/2022 11:48:14 PM] [Info] Loading level: 8%
[12/16/2022 11:48:17 PM] [Info] Loading level: 16%
[12/16/2022 11:48:17 PM] [Info] Loading level: 25%
[12/16/2022 11:48:17 PM] [Info] Loading level: 33%
[12/16/2022 11:48:17 PM] [Info] Loading level: 41%
[12/16/2022 11:48:17 PM] [Info] Loading level: 50%
[12/16/2022 11:48:17 PM] [Info] Loading level: 58%
[12/16/2022 11:48:17 PM] [Info] Loading level: 66%
[12/16/2022 11:48:17 PM] [Info] Loading level: 75%
[12/16/2022 11:48:17 PM] [Info] Loading level: 83%
[12/16/2022 11:48:17 PM] [Info] Loading level: 91%
[12/16/2022 11:48:17 PM] [Info] Loading level: 100%
[12/16/2022 11:48:30 PM] [Info] Connecting: PlayerID: 76561199074224396 Name: JACK THE RIPPER Character: reaper
[12/16/2022 11:48:30 PM] [Error] Could not find dependency: System.Net.Http, Version=4.0.0.0, Culture=neutral, PublicKeyToken=b03f5f7f11d50a3a
[12/16/2022 11:48:30 PM] [Error] Could not find dependency: System.Net.Http, Version=4.0.0.0, Culture=neutral, PublicKeyToken=b03f5f7f11d50a3a
[12/16/2022 11:48:44 PM] [Error] Feli.RocketMod.JoinLeaveMessages >> There was an error during the player join -> Exception in Feli.RocketMod.JoinLeaveMessages: System.BadImageFormatException: Could not resolve field token 0x0400000a, due to: Could not load type of field 'Feli.RocketMod.JoinLeaveMessages.Helpers.IpGeolocationHelper+<GetCountryFromIp>d__0:<client>5__2' (3) due to: Could not load file or assembly 'System.Net.Http, Version=4.0.0.0, Culture=neutral, PublicKeyToken=b03f5f7f11d50a3a' or one of its dependencies. assembly:System.Net.Http, Version=4.0.0.0, Culture=neutral, PublicKeyToken=b03f5f7f11d50a3a type:<unknown type> member:(null) signature:<none> assembly:C:\Program Files (x86)\Steam\steamapps\common\U3DS\Servers\MyServer\Rocket\Plugins\Feli.RocketMod.JoinLeaveMessages.dll type:<GetCountryFromIp>d__0 member:(null) signature:<none>
File name: 'Feli.RocketMod.JoinLeaveMessages'
  at Feli.RocketMod.JoinLeaveMessages.Plugin+<>c__DisplayClass3_0+<<OnPlayerConnected>b__0>d.MoveNext () [0x00053] in <1945374a95f44307b8d70b38b6f38669>:0 
[12/16/2022 11:48:44 PM] [Info] Connecting: PlayerID: 76561199035738472 Name: Red__Bear Character: Red__Bear
[12/16/2022 11:48:44 PM] [Error] Feli.RocketMod.JoinLeaveMessages >> There was an error during the player join -> Exception in Feli.RocketMod.JoinLeaveMessages: System.TypeLoadException: Failure has occurred while loading a type.
  at Feli.RocketMod.JoinLeaveMessages.Plugin+<>c__DisplayClass3_0+<<OnPlayerConnected>b__0>d.MoveNext () [0x00053] in <1945374a95f44307b8d70b38b6f38669>:0 
[12/16/2022 11:48:58 PM] [Info] [Group] Red__Bear [Red__Bear]: "/tpa reaper"
[12/16/2022 11:48:58 PM] [Info] [World] reaper [JACK THE RIPPER]: "/tp red"
[12/16/2022 11:49:40 PM] [Info] [Group] Red__Bear [Red__Bear]: "/home"
[12/16/2022 11:50:42 PM] [Info] [World] reaper [JACK THE RIPPER]: "nop"
[12/16/2022 11:52:33 PM] [Info] [World] reaper [JACK THE RIPPER]: "who"
[12/16/2022 11:52:42 PM] [Info] reaper moved x:-73.92188 y:54.42304(+28.26378) z:-180.7266 in the last second (0.09999847)
[12/16/2022 11:55:59 PM] [Info] [World] reaper [JACK THE RIPPER]: "where do i get inside"
[12/16/2022 11:56:17 PM] [Info] [World] reaper [JACK THE RIPPER]: "deadzone"
[12/16/2022 11:56:21 PM] [Info] [World] reaper [JACK THE RIPPER]: "am dead"
[12/16/2022 11:56:32 PM] [Info] reaper [JACK THE RIPPER] starved to death!
[12/16/2022 11:56:40 PM] [Info] [World] reaper [JACK THE RIPPER]: "/home"
[12/16/2022 11:57:34 PM] [Info] reaper moved x:-74.91911 y:54.42305(+28.25896) z:-179.1684 in the last second (0.1000023)
[12/16/2022 11:57:41 PM] [Info] [World] reaper [JACK THE RIPPER]: "wtf"
[12/16/2022 11:57:47 PM] [Info] [World] reaper [JACK THE RIPPER]: "red i lost every thing'"
[12/16/2022 11:58:24 PM] [Info] reaper [JACK THE RIPPER] was mauled by a zombie!
[12/16/2022 11:58:30 PM] [Info] [World] reaper [JACK THE RIPPER]: "deadzone"
[12/16/2022 11:58:41 PM] [Info] [World] reaper [JACK THE RIPPER]: "i lost all my loot and gasmask"
[12/16/2022 11:58:43 PM] [Info] [World] reaper [JACK THE RIPPER]: "blow"
[12/16/2022 11:58:57 PM] [Info] [World] reaper [JACK THE RIPPER]: "yes"
[12/17/2022 12:00:09 AM] [Info] [World] reaper [JACK THE RIPPER]: "you die too?"
[12/17/2022 12:00:12 AM] [Info] reaper moved x:-74.59688 y:54.42305(+28.26929) z:-179.5574 in the last second (0.1000023)
[12/17/2022 12:00:24 AM] [Info] [World] reaper [JACK THE RIPPER]: "we need an new gasmask mode"
[12/17/2022 12:00:26 AM] [Info] Successfully admined Red__Bear
[12/17/2022 12:00:38 AM] [Info] [Group] Red__Bear [Red__Bear]: "/god"
[12/17/2022 12:00:39 AM] [Info] Red__Bear enabled Godmode
[12/17/2022 12:00:39 AM] [Info] [World] reaper [JACK THE RIPPER]: "red time to vote"
[12/17/2022 12:00:45 AM] [Info] [World] reaper [JACK THE RIPPER]: "do we use admen power on this"
[12/17/2022 12:01:24 AM] [Info] [Group] Red__Bear [Red__Bear]: "/tp reaper"
[12/17/2022 12:01:27 AM] [Info] Red__Bear teleported to reaper
[12/17/2022 12:01:27 AM] [Info] [World] reaper [JACK THE RIPPER]: "my gun is"
[12/17/2022 12:02:19 AM] [Info] [World] reaper [JACK THE RIPPER]: "what happed to my sinper"
[12/17/2022 12:02:31 AM] [Info] [World] reaper [JACK THE RIPPER]: "the green one"
[12/17/2022 12:02:39 AM] [Info] [World] reaper [JACK THE RIPPER]: "noooooooooooooo"
[12/17/2022 12:02:40 AM] [Info] [Group] Red__Bear [Red__Bear]: "/teleport wp"
[12/17/2022 12:02:41 AM] [Info] Successfully teleported Red__Bear to waypoint!
[12/17/2022 12:02:41 AM] [Info] Red__Bear moved x:-787.0234 y:72.66586(+35.95034) z:-155.7813 in the last second (0.127655)
[12/17/2022 12:03:08 AM] [Info] [Group] Red__Bear [Red__Bear]: "/tp reaper"
[12/17/2022 12:03:08 AM] [Info] Red__Bear teleported to reaper
[12/17/2022 12:03:25 AM] [Info] [Group] Red__Bear [Red__Bear]: "/home"
[12/17/2022 12:03:29 AM] [Info] [Group] Red__Bear [Red__Bear]: "/unadmin red"
[12/17/2022 12:04:05 AM] [Info] Successfully admined Red__Bear
[12/17/2022 12:04:18 AM] [Info] [World] reaper [JACK THE RIPPER]: "wtf"
[12/17/2022 12:04:31 AM] [Info] [Group] Red__Bear [Red__Bear]: "/teleport wp"
[12/17/2022 12:04:31 AM] [Info] Successfully teleported Red__Bear to waypoint!
[12/17/2022 12:04:32 AM] [Info] Red__Bear moved x:-826.875 y:61.79232(+28.09354) z:-550.6484 in the last second (0.1035957)
[12/17/2022 12:04:34 AM] [Info] [Group] Red__Bear [Red__Bear]: "/unadmin red"
[12/17/2022 12:04:43 AM] [Info] [World] reaper [JACK THE RIPPER]: "to many zombie"
[12/17/2022 12:04:49 AM] [Info] [World] reaper [JACK THE RIPPER]: "i close to my loot"
[12/17/2022 12:06:46 AM] [Info] [World] reaper [JACK THE RIPPER]: "/home"
[12/17/2022 12:07:54 AM] [Info] [World] reaper [JACK THE RIPPER]: "good news"
[12/17/2022 12:08:11 AM] [Info] [World] reaper [JACK THE RIPPER]: "i got one thing from dead zone"
[12/17/2022 12:09:23 AM] [Info] [World] reaper [JACK THE RIPPER]: "red where are you"
[12/17/2022 12:09:34 AM] [Info] [World] reaper [JACK THE RIPPER]: "i have something"
[12/17/2022 12:09:44 AM] [Info] [World] reaper [JACK THE RIPPER]: "you might what"
[12/17/2022 12:09:52 AM] [Info] [World] reaper [JACK THE RIPPER]: "m349"
[12/17/2022 12:10:01 AM] [Info] [World] reaper [JACK THE RIPPER]: "dam"
[12/17/2022 12:10:12 AM] [Info] [World] reaper [JACK THE RIPPER]: "am getting off now"
[12/17/2022 12:10:24 AM] [Info] [World] reaper [JACK THE RIPPER]: "it 11:10 over at chicago"
[12/17/2022 12:10:32 AM] [Info] [World] reaper [JACK THE RIPPER]: "good night red"
[12/17/2022 12:11:34 AM] [Info] Disconnecting: PlayerID: 76561199074224396 Name: JACK THE RIPPER Character: reaper
[12/17/2022 12:18:02 AM] [Info] Saving server
[12/17/2022 12:23:05 AM] [Info] Successfully admined Red__Bear
[12/17/2022 12:23:08 AM] [Info] [Group] Red__Bear [Red__Bear]: "/tp mine"
[12/17/2022 12:23:14 AM] [Info] [Group] Red__Bear [Red__Bear]: "/teleport wp"
[12/17/2022 12:23:14 AM] [Info] Successfully teleported Red__Bear to waypoint!
[12/17/2022 12:23:14 AM] [Info] Red__Bear moved x:750.7891 y:154.5185(+128.5609) z:508.9766 in the last second (0.240921)
[12/17/2022 12:23:36 AM] [Info] [Group] Red__Bear [Red__Bear]: "/home"
[12/17/2022 12:23:39 AM] [Info] [Group] Red__Bear [Red__Bear]: "/unadmin red"
[12/17/2022 12:26:56 AM] [Info] Red__Bear moved x:474.9103 y:63.62183(+37.47558) z:511.4096 in the last second (0.1041183)
[12/17/2022 12:32:05 AM] [Info] [Group] Red__Bear [Red__Bear]: "/home"
[12/17/2022 12:32:10 AM] [Info] Successfully admined Red__Bear
[12/17/2022 12:32:17 AM] [Info] [Group] Red__Bear [Red__Bear]: "/teleport wp"
[12/17/2022 12:32:17 AM] [Info] Successfully teleported Red__Bear to waypoint!
[12/17/2022 12:32:18 AM] [Info] Red__Bear moved x:403.0156 y:47.61908(+17.73356) z:-284.3828 in the last second (0.1052856)
[12/17/2022 12:33:52 AM] [Info] [Group] Red__Bear [Red__Bear]: "/weather none"
[12/17/2022 12:34:27 AM] [Info] Successfully set weather to none!
[12/17/2022 12:34:27 AM] [Info] [Group] Red__Bear [Red__Bear]: "/teleport wp"
[12/17/2022 12:34:27 AM] [Info] Successfully teleported Red__Bear to waypoint!
[12/17/2022 12:35:16 AM] [Info] [Group] Red__Bear [Red__Bear]: "/unadmin red"
[12/17/2022 12:38:26 AM] [Info] [Group] Red__Bear [Red__Bear]: "/home"
[12/17/2022 12:40:11 AM] [Info] Disconnecting: PlayerID: 76561199035738472 Name: Red__Bear Character: Red__Bear
[12/17/2022 12:42:19 AM] [Info] 
[unloading] Feli.RocketMod.JoinLeaveMessages
