[2/11/2023 12:20:30 PM] [Info] Steam servers ready!
[2/11/2023 12:20:30 PM] [Info] Workshop install folder: C:\Program Files (x86)\Steam\steamapps\common\U3DS/Servers/LFO/Workshop/Steam
[2/11/2023 12:20:30 PM] [Info] 8 workshop item(s) requested
[2/11/2023 12:20:30 PM] [Info] Submitting workshop query for 8 item(s)...
[2/11/2023 12:20:30 PM] [Info] Workshop query yielded 8 result(s)
[2/11/2023 12:20:30 PM] [Info] This server's allowed IP for Workshop downloads: 73.253.101.49
[2/11/2023 12:20:38 PM] [Info] 877777769 'Furniture Expansion' queued for download
[2/11/2023 12:20:38 PM] [Info] 1717095606 'Creator Tools' queued for download
[2/11/2023 12:20:38 PM] [Info] Authorized to download 2069342497 'Survivor's Expansion'
[2/11/2023 12:20:38 PM] [Info] 2069342497 'Survivor's Expansion' queued for download
[2/11/2023 12:20:38 PM] [Info] 2133808330 'Music Remaster 3.0' queued for download
[2/11/2023 12:20:38 PM] [Info] 1232252658 'More Farming Mod' queued for download
[2/11/2023 12:20:38 PM] [Info] 1909152337 'California Assets' queued for download
[2/11/2023 12:20:38 PM] [Info] Authorized to download 2802239233 'UDarkRP Vehicles'
[2/11/2023 12:20:38 PM] [Info] 2802239233 'UDarkRP Vehicles' queued for download
[2/11/2023 12:20:38 PM] [Info] 2683620106 'Arid' queued for download
[2/11/2023 12:20:38 PM] [Info] 8 workshop item(s) to download...
[2/11/2023 12:20:38 PM] [Info] Downloading workshop item: 877777769
[2/11/2023 12:20:38 PM] [Info] Successfully downloaded workshop item: 877777769
[2/11/2023 12:20:38 PM] [Info] Installing workshop item: 877777769
[2/11/2023 12:20:40 PM] [Info] Installed workshop item: 877777769
[2/11/2023 12:20:40 PM] [Info] Downloading workshop item: 1717095606
[2/11/2023 12:20:40 PM] [Info] Successfully downloaded workshop item: 1717095606
[2/11/2023 12:20:40 PM] [Info] Installing workshop item: 1717095606
[2/11/2023 12:20:44 PM] [Info] Installed workshop item: 1717095606
[2/11/2023 12:20:44 PM] [Info] Downloading workshop item: 2069342497
[2/11/2023 12:20:44 PM] [Info] Successfully downloaded workshop item: 2069342497
[2/11/2023 12:20:44 PM] [Info] Installing workshop item: 2069342497
[2/11/2023 12:21:57 PM] [Info] Installed workshop item: 2069342497
[2/11/2023 12:21:57 PM] [Info] Downloading workshop item: 2133808330
[2/11/2023 12:21:57 PM] [Info] Successfully downloaded workshop item: 2133808330
[2/11/2023 12:21:57 PM] [Info] Installing workshop item: 2133808330
[2/11/2023 12:23:06 PM] [Info] Installed workshop item: 2133808330
[2/11/2023 12:23:06 PM] [Info] Downloading workshop item: 1232252658
[2/11/2023 12:23:06 PM] [Info] Successfully downloaded workshop item: 1232252658
[2/11/2023 12:23:06 PM] [Info] Installing workshop item: 1232252658
[2/11/2023 12:23:44 PM] [Info] Installed workshop item: 1232252658
[2/11/2023 12:23:44 PM] [Info] Downloading workshop item: 1909152337
[2/11/2023 12:23:44 PM] [Info] Successfully downloaded workshop item: 1909152337
[2/11/2023 12:23:44 PM] [Info] Installing workshop item: 1909152337
[2/11/2023 12:23:54 PM] [Info] Installed workshop item: 1909152337
[2/11/2023 12:23:54 PM] [Info] Downloading workshop item: 2802239233
[2/11/2023 12:23:54 PM] [Info] Successfully downloaded workshop item: 2802239233
[2/11/2023 12:23:54 PM] [Info] Installing workshop item: 2802239233
[2/11/2023 12:26:19 PM] [Info] Installed workshop item: 2802239233
[2/11/2023 12:26:19 PM] [Info] Downloading workshop item: 2683620106
[2/11/2023 12:26:19 PM] [Info] Successfully downloaded workshop item: 2683620106
[2/11/2023 12:26:19 PM] [Info] Installing workshop item: 2683620106
[2/11/2023 12:26:39 PM] [Info] Installed workshop item: 2683620106
[2/11/2023 12:26:39 PM] [Info] Loading level: 8%
[2/11/2023 12:26:40 PM] [Info] Loading level: 16%
[2/11/2023 12:26:42 PM] [Info] Loading level: 25%
[2/11/2023 12:26:42 PM] [Info] Loading level: 33%
[2/11/2023 12:26:42 PM] [Info] Loading level: 41%
[2/11/2023 12:26:42 PM] [Info] Loading level: 50%
[2/11/2023 12:26:42 PM] [Info] Loading level: 58%
[2/11/2023 12:26:42 PM] [Info] Loading level: 66%
[2/11/2023 12:26:42 PM] [Info] Loading level: 75%
[2/11/2023 12:26:42 PM] [Info] Loading level: 83%
[2/11/2023 12:26:43 PM] [Info] Loading level: 91%
[2/11/2023 12:26:43 PM] [Info] Loading level: 100%
[2/11/2023 12:27:32 PM] [Info] 
[unloading] ReponseMod_HiddenName
