[12/19/2022 4:06:01 PM] [Info] [registered] /more (Rocket.Unturned.Commands.CommandMore/more)
[12/19/2022 4:06:01 PM] [Info] [registered] /admin (Rocket.Unturned.Commands.CommandAdmin/admin)
[12/19/2022 4:06:01 PM] [Info] [registered] /broadcast (Rocket.Unturned.Commands.CommandBroadcast/broadcast)
[12/19/2022 4:06:01 PM] [Info] [registered] /compass (Rocket.Unturned.Commands.CommandCompass/compass)
[12/19/2022 4:06:01 PM] [Info] [registered] /effect (Rocket.Unturned.Commands.CommandEffect/effect)
[12/19/2022 4:06:01 PM] [Info] [registered] /exit (Rocket.Unturned.Commands.CommandExit/exit)
[12/19/2022 4:06:01 PM] [Info] [registered] /god (Rocket.Unturned.Commands.CommandGod/god)
[12/19/2022 4:06:01 PM] [Info] [registered] /heal (Rocket.Unturned.Commands.CommandHeal/heal)
[12/19/2022 4:06:01 PM] [Info] [registered] /help (Rocket.Unturned.Commands.CommandHelp/help)
[12/19/2022 4:06:01 PM] [Info] [registered] /home (Rocket.Unturned.Commands.CommandHome/home)
[12/19/2022 4:06:01 PM] [Info] [registered] /i (Rocket.Unturned.Commands.CommandI/i)
[12/19/2022 4:06:01 PM] [Info] [registered] /item (Rocket.Unturned.Commands.CommandI/item)
[12/19/2022 4:06:01 PM] [Info] [registered] /investigate (Rocket.Unturned.Commands.CommandInvestigate/investigate)
[12/19/2022 4:06:01 PM] [Info] [registered] /p (Rocket.Unturned.Commands.CommandP/p)
[12/19/2022 4:06:01 PM] [Info] [registered] /permissions (Rocket.Unturned.Commands.CommandP/permissions)
[12/19/2022 4:06:01 PM] [Info] [registered] /rocket (Rocket.Unturned.Commands.CommandRocket/rocket)
[12/19/2022 4:06:01 PM] [Info] [registered] /tp (Rocket.Unturned.Commands.CommandTp/tp)
[12/19/2022 4:06:01 PM] [Info] [registered] /tphere (Rocket.Unturned.Commands.CommandTphere/tphere)
[12/19/2022 4:06:01 PM] [Info] [registered] /unadmin (Rocket.Unturned.Commands.CommandUnadmin/unadmin)
[12/19/2022 4:06:01 PM] [Info] [registered] /v (Rocket.Unturned.Commands.CommandV/v)
[12/19/2022 4:06:01 PM] [Info] [registered] /vanish (Rocket.Unturned.Commands.CommandVanish/vanish)
[12/19/2022 4:06:01 PM] [Info] Loading BuilderMode from C:\Program Files (x86)\Steam\steamapps\common\U3DS\Servers\MyServer\Rocket\Plugins\BuilderMode.dll
[12/19/2022 4:06:01 PM] [Info] Loading Feli.RocketMod.JoinLeaveMessages from C:\Program Files (x86)\Steam\steamapps\common\U3DS\Servers\MyServer\Rocket\Plugins\Feli.RocketMod.JoinLeaveMessages.dll
[12/19/2022 4:06:01 PM] [Info] Loading Feli.RocketMod.Teleporting from C:\Program Files (x86)\Steam\steamapps\common\U3DS\Servers\MyServer\Rocket\Plugins\Feli.RocketMod.Teleporting.dll
[12/19/2022 4:06:01 PM] [Info] Loading GarageLite from C:\Program Files (x86)\Steam\steamapps\common\U3DS\Servers\MyServer\Rocket\Plugins\GarageLite.dll
[12/19/2022 4:06:01 PM] [Info] Loading InfiniteEnergy from C:\Program Files (x86)\Steam\steamapps\common\U3DS\Servers\MyServer\Rocket\Plugins\InfiniteEnergy.dll
[12/19/2022 4:06:01 PM] [Info] Loading MoreHomes from C:\Program Files (x86)\Steam\steamapps\common\U3DS\Servers\MyServer\Rocket\Plugins\MoreHomes.dll
[12/19/2022 4:06:01 PM] [Info] Loading ReponseMod_HiddenName from C:\Program Files (x86)\Steam\steamapps\common\U3DS\Servers\MyServer\Rocket\Plugins\ReponseMod_HiddenName.dll
[12/19/2022 4:06:01 PM] [Info] Loading Teleportation from C:\Program Files (x86)\Steam\steamapps\common\U3DS\Servers\MyServer\Rocket\Plugins\Teleportation.dll
[12/19/2022 4:06:02 PM] [Info] Loading uEssentials from C:\Program Files (x86)\Steam\steamapps\common\U3DS\Servers\MyServer\Rocket\Plugins\uEssentials.dll
[12/19/2022 4:06:02 PM] [Info] Loading Warps from C:\Program Files (x86)\Steam\steamapps\common\U3DS\Servers\MyServer\Rocket\Plugins\Warps.dll
[12/19/2022 4:06:02 PM] [Error] Invalid or outdated plugin assembly: Assembly-CSharp-firstpass
[12/19/2022 4:06:02 PM] [Error] Invalid or outdated plugin assembly: Assembly-CSharp
[12/19/2022 4:06:02 PM] [Error] Invalid or outdated plugin assembly: Rocket.API
[12/19/2022 4:06:02 PM] [Error] Invalid or outdated plugin assembly: Rocket.Core
[12/19/2022 4:06:02 PM] [Error] Invalid or outdated plugin assembly: Rocket.Unturned
[12/19/2022 4:06:02 PM] [Error] Invalid or outdated plugin assembly: UnityEngine.CoreModule
[12/19/2022 4:06:02 PM] [Error] Invalid or outdated plugin assembly: UnityEngine
[12/19/2022 4:06:02 PM] [Error] Invalid or outdated plugin assembly: Newtonsoft.Json
[12/19/2022 4:06:02 PM] [Info] 
[loading] BuilderMode
[12/19/2022 4:06:02 PM] [Info] [registered] /builder (Tortellio.BuilderMode.Commands.CommandBuilder/builder)
[12/19/2022 4:06:02 PM] [Info] [registered] /b (Tortellio.BuilderMode.Commands.CommandBuilder/b)
[12/19/2022 4:06:02 PM] [Info] [registered] /checkbuilder (Tortellio.BuilderMode.Commands.CommandCheckBuilder/checkbuilder)
[12/19/2022 4:06:02 PM] [Info] [registered] /cb (Tortellio.BuilderMode.Commands.CommandCheckBuilder/cb)
[12/19/2022 4:06:02 PM] [Info] BuilderMode >> BuilderMode has been loaded!
[12/19/2022 4:06:02 PM] [Info] BuilderMode >> BuilderMode 1.0.1
[12/19/2022 4:06:02 PM] [Info] BuilderMode >> Made by Tortellio
[12/19/2022 4:06:02 PM] [Info] 
[loading] Feli.RocketMod.JoinLeaveMessages
[12/19/2022 4:06:02 PM] [Info] Feli.RocketMod.JoinLeaveMessages >> JoinLeaveMessages plugin v1.0.2 loaded !
[12/19/2022 4:06:02 PM] [Info] Feli.RocketMod.JoinLeaveMessages >> Do you want more cool plugins? Join now: https://discord.gg/4FF2548 !
[12/19/2022 4:06:02 PM] [Info] 
[loading] Feli.RocketMod.Teleporting
[12/19/2022 4:06:02 PM] [Info] [registered] /tpr (Feli.RocketMod.Teleporting.Commands.TpaCommand/tpr)
[12/19/2022 4:06:02 PM] [Info] Feli.RocketMod.Teleporting >> Teleporting plugin v1.6.4 loaded !
[12/19/2022 4:06:02 PM] [Info] Feli.RocketMod.Teleporting >> Do you want more cool plugins? Join now: https://discord.gg/4FF2548 !
[12/19/2022 4:06:02 PM] [Info] Feli.RocketMod.Teleporting >> Economy Provider: ExperienceEconomyProvider
[12/19/2022 4:06:02 PM] [Info] 
[loading] GarageLite
[12/19/2022 4:06:02 PM] [Info] [registered] /gadd (GarageLite.Code/gadd)
[12/19/2022 4:06:02 PM] [Info] [registered] /garageadd (GarageLite.Code/garageadd)
[12/19/2022 4:06:02 PM] [Info] [registered] /vadd (GarageLite.Code/vadd)
[12/19/2022 4:06:02 PM] [Info] [registered] /glist (GarageLite.Vlist/glist)
[12/19/2022 4:06:02 PM] [Info] [registered] /garagelist (GarageLite.Vlist/garagelist)
[12/19/2022 4:06:02 PM] [Info] [registered] /vlist (GarageLite.Vlist/vlist)
[12/19/2022 4:06:02 PM] [Info] [registered] /gretrieve (GarageLite.Vretrieve/gretrieve)
[12/19/2022 4:06:02 PM] [Info] [registered] /garageretrieve (GarageLite.Vretrieve/garageretrieve)
[12/19/2022 4:06:02 PM] [Info] [registered] /vretrieve (GarageLite.Vretrieve/vretrieve)
[12/19/2022 4:06:02 PM] [Warning] ++++++++++++++++++++++++++++++++++++++
[12/19/2022 4:06:02 PM] [Warning] [GarageLite] has been loaded!
[12/19/2022 4:06:02 PM] [Warning] Dev: MQS#7816
[12/19/2022 4:06:02 PM] [Warning] Join this Discord for Support: https://discord.gg/Ssbpd9cvgp
[12/19/2022 4:06:02 PM] [Warning] ++++++++++++++++++++++++++++++++++++++
[12/19/2022 4:06:02 PM] [Info] 
[loading] InfiniteEnergy
[12/19/2022 4:06:02 PM] [Error] Could not find dependency: 0Harmony, Version=2.1.1.0, Culture=neutral, PublicKeyToken=null
[12/19/2022 4:06:02 PM] [Error] Could not find dependency: 0Harmony, Version=2.1.1.0, Culture=neutral, PublicKeyToken=null
[12/19/2022 4:06:02 PM] [Info] 
[loading] ReponseMod_HiddenName
[12/19/2022 4:06:02 PM] [Info] 
[loading] Teleportation
[12/19/2022 4:06:02 PM] [Info] [registered] /tpa (RestoreMonarchy.Teleportation.Commands.TPACommand/tpa)
[12/19/2022 4:06:03 PM] [Info] Teleportation >> Teleportation 1.7.0.0 has been loaded!
[12/19/2022 4:06:03 PM] [Info] 
[loading] uEssentials
[12/19/2022 4:06:03 PM] [Error] Failed to load uEssentials, unloading now... :System.MissingMethodException: SDG.Unturned.ConsoleInput SDG.Unturned.CommandWindow.get_input()
  at Rocket.Core.Plugins.RocketPlugin.LoadPlugin () [0x00033] in <59a13feb721848c8b0cd173f6d0e820b>:0 
[12/19/2022 4:06:03 PM] [Info] 
[unloading] uEssentials
[12/19/2022 4:06:03 PM] [Error] Failed to unload uEssentials:System.MissingMethodException: SDG.Unturned.ConsoleInput SDG.Unturned.CommandWindow.get_input()
  at Rocket.Core.Plugins.RocketPlugin.UnloadPlugin (Rocket.API.PluginState state) [0x0003b] in <59a13feb721848c8b0cd173f6d0e820b>:0 
  at Rocket.Core.Plugins.RocketPlugin.LoadPlugin () [0x0005c] in <59a13feb721848c8b0cd173f6d0e820b>:0 
[12/19/2022 4:06:03 PM] [Info] 
[loading] Warps
[12/19/2022 4:06:03 PM] [Info] [registered] /delwarp (Warps.CommandDelWarp/delwarp)
[12/19/2022 4:06:03 PM] [Info] [registered] /setwarp (Warps.CommandSetWarp/setwarp)
[12/19/2022 4:06:03 PM] [Info] [registered] /warp (Warps.CommandWarp/warp)
[12/19/2022 4:06:03 PM] [Info] [registered] /warps (Warps.CommandWarps/warps)
[12/19/2022 4:06:03 PM] [Info] [registered] /delwarpall (Warps.CommandDelWarpAll/delwarpall)
[12/19/2022 4:06:03 PM] [Info] UnityEngine.CoreModule >> Adding UnturnedPlayerComponent: WarpsPlayerComponent
[12/19/2022 4:06:03 PM] [Info] This server will automatically save every 1800 seconds
[12/19/2022 4:06:03 PM] [Info] Steam servers ready!
[12/19/2022 4:06:03 PM] [Info] Workshop install folder: C:\Program Files (x86)\Steam\steamapps\common\U3DS/Servers/MyServer/Workshop/Steam
[12/19/2022 4:06:03 PM] [Info] 3 workshop item(s) requested
[12/19/2022 4:06:03 PM] [Info] Submitting workshop query for 3 item(s)...
[12/19/2022 4:06:03 PM] [Info] Workshop query yielded 3 result(s)
[12/19/2022 4:06:03 PM] [Info] This server's allowed IP for Workshop downloads: 73.253.101.49
[12/19/2022 4:06:03 PM] [Info] 2898548949 'A6 Polaris' queued for download
[12/19/2022 4:06:03 PM] [Info] 1717095606 'Creator Tools' queued for download
[12/19/2022 4:06:03 PM] [Info] 2796081018 'Nordic Compatable Arid' queued for download
[12/19/2022 4:06:03 PM] [Info] 3 workshop item(s) to download...
[12/19/2022 4:06:03 PM] [Info] Workshop item found in cache: 2898548949
[12/19/2022 4:06:03 PM] [Info] Installing workshop item: 2898548949
[12/19/2022 4:06:49 PM] [Info] Installed workshop item: 2898548949
[12/19/2022 4:06:49 PM] [Info] Workshop item found in cache: 1717095606
[12/19/2022 4:06:49 PM] [Info] Installing workshop item: 1717095606
[12/19/2022 4:06:49 PM] [Info] Installed workshop item: 1717095606
[12/19/2022 4:06:49 PM] [Info] Workshop item found in cache: 2796081018
[12/19/2022 4:06:49 PM] [Info] Installing workshop item: 2796081018
[12/19/2022 4:06:49 PM] [Info] Installed workshop item: 2796081018
[12/19/2022 4:06:49 PM] [Info] Skipping level config override Animals.Max_Instances_Medium because server value (50) is not the default (16)
[12/19/2022 4:06:49 PM] [Info] Skipping level config override Items.Quality_Full_Chance because server value (1) is not the default (0.1)
[12/19/2022 4:06:49 PM] [Info] Level overrides config Barricades.Allow_Item_Placement_On_Vehicle: False (Default: True)
[12/19/2022 4:06:49 PM] [Info] Level overrides config Barricades.Allow_Trap_Placement_On_Vehicle: False (Default: True)
[12/19/2022 4:06:49 PM] [Info] Skipping level config override Barricades.Gun_Lowcal_Damage_Multiplier because server value (5) is not the default (1)
[12/19/2022 4:06:49 PM] [Info] Skipping level config override Barricades.Gun_Highcal_Damage_Multiplier because server value (5) is not the default (1)
[12/19/2022 4:06:49 PM] [Info] Skipping level config override Barricades.Armor_Lowtier_Multiplier because server value (5) is not the default (1)
[12/19/2022 4:06:49 PM] [Info] Skipping level config override Barricades.Armor_Hightier_Multiplier because server value (5) is not the default (0.5)
[12/19/2022 4:06:49 PM] [Info] Skipping level config override Structures.Gun_Lowcal_Damage_Multiplier because server value (5) is not the default (1)
[12/19/2022 4:06:49 PM] [Info] Skipping level config override Structures.Gun_Highcal_Damage_Multiplier because server value (5) is not the default (1)
[12/19/2022 4:06:49 PM] [Info] Skipping level config override Structures.Armor_Lowtier_Multiplier because server value (5) is not the default (1)
[12/19/2022 4:06:49 PM] [Info] Skipping level config override Structures.Armor_Hightier_Multiplier because server value (5) is not the default (0.5)
[12/19/2022 4:06:49 PM] [Info] Skipping level config override Structures.Melee_Damage_Multiplier because server value (5) is not the default (1)
[12/19/2022 4:06:49 PM] [Info] Skipping level config override Structures.Melee_Repair_Multiplier because server value (5) is not the default (1)
[12/19/2022 4:06:49 PM] [Info] Skipping level config override Events.Airdrop_Speed because server value (1) is not the default (128)
[12/19/2022 4:06:49 PM] [Info] Skipping level config override Events.Airdrop_Force because server value (1) is not the default (9.5)
[12/19/2022 4:06:49 PM] [Info] Skipping level config override Vehicles.Gun_Lowcal_Damage_Multiplier because server value (0.5) is not the default (1)
[12/19/2022 4:06:49 PM] [Info] Skipping level config override Vehicles.Melee_Damage_Multiplier because server value (0.5) is not the default (1)
[12/19/2022 4:06:49 PM] [Info] Skipping level config override Vehicles.Min_Battery_Charge because server value (1) is not the default (0.5)
[12/19/2022 4:06:49 PM] [Info] Skipping level config override Vehicles.Max_Battery_Charge because server value (1) is not the default (0.75)
[12/19/2022 4:06:49 PM] [Info] Skipping level config override Vehicles.Has_Battery_Chance because server value (1) is not the default (0.8)
[12/19/2022 4:06:49 PM] [Info] Skipping level config override Vehicles.Max_Instances_Medium because server value (40) is not the default (16)
[12/19/2022 4:06:49 PM] [Info] Level overrides config Vehicles.Armor_Multiplier: 0.375 (Default: 1)
[12/19/2022 4:06:49 PM] [Info] Level overrides config Players.Experience_Multiplier: 1 (Default: 1)
[12/19/2022 4:06:49 PM] [Info] Skipping level config override Players.Lose_Skills_PvP because server value (1) is not the default (0.75)
[12/19/2022 4:06:49 PM] [Info] Skipping level config override Players.Lose_Skills_PvE because server value (1) is not the default (0.75)
[12/19/2022 4:06:49 PM] [Info] Skipping level config override Players.Virus_Infect because server value (90) is not the default (50)
[12/19/2022 4:06:49 PM] [Info] Level overrides config Zombies.Armor_Multiplier: 1 (Default: 1)
[12/19/2022 4:06:49 PM] [Info] Skipping level config override Zombies.Full_Moon_Experience_Multiplier because server value (5) is not the default (2)
[12/19/2022 4:06:49 PM] [Info] Skipping level config override Zombies.Spawn_Chance because server value (1) is not the default (0.25)
[12/19/2022 4:06:49 PM] [Info] Level overrides config Zombies.Min_Mega_Drops: 1 (Default: 5)
[12/19/2022 4:06:49 PM] [Info] Skipping level config override Zombies.Max_Mega_Drops because server value (10) is not the default (5)
[12/19/2022 4:06:49 PM] [Info] Skipping level config override Zombies.Min_Boss_Drops because server value (5) is not the default (8)
[12/19/2022 4:06:49 PM] [Info] Level overrides config Zombies.Max_Boss_Drops: 1 (Default: 10)
[12/19/2022 4:06:49 PM] [Info] Skipping level config override Zombies.Loot_Chance because server value (1) is not the default (0.5)
[12/19/2022 4:06:49 PM] [Info] Level overrides config Gameplay.Chart: True (Default: False)
[12/19/2022 4:06:49 PM] [Info] Monitoring workshop map 'A6 Polaris' (2898548949) for changes
[12/19/2022 4:06:49 PM] [Info] Loading level: 8%
[12/19/2022 4:06:54 PM] [Info] Loading level: 16%
[12/19/2022 4:06:55 PM] [Info] Loading level: 25%
[12/19/2022 4:06:55 PM] [Info] Loading level: 33%
[12/19/2022 4:06:55 PM] [Info] Loading level: 41%
[12/19/2022 4:06:55 PM] [Info] Loading level: 50%
[12/19/2022 4:06:55 PM] [Info] Loading level: 58%
[12/19/2022 4:06:55 PM] [Info] Loading level: 66%
[12/19/2022 4:06:55 PM] [Info] Loading level: 75%
[12/19/2022 4:06:55 PM] [Info] Loading level: 83%
[12/19/2022 4:06:55 PM] [Info] Loading level: 91%
[12/19/2022 4:06:55 PM] [Info] Loading level: 100%
[12/19/2022 4:07:40 PM] [Info] BattlEye Server: Player #0 JACK THE RIPPER (108.90.241.159:58557) connected
[12/19/2022 4:07:40 PM] [Info] BattlEye Server: Player #0 JACK THE RIPPER - BE GUID: 0b39942d7d9a57c3719c1f802044c592
[12/19/2022 4:07:40 PM] [Info] Connecting: PlayerID: 76561199074224396 Name: JACK THE RIPPER Character: reaper
[12/19/2022 4:07:40 PM] [Error] Could not find dependency: System.Net.Http, Version=4.0.0.0, Culture=neutral, PublicKeyToken=b03f5f7f11d50a3a
[12/19/2022 4:07:40 PM] [Error] Could not find dependency: System.Net.Http, Version=4.0.0.0, Culture=neutral, PublicKeyToken=b03f5f7f11d50a3a
[12/19/2022 4:07:41 PM] [Error] Feli.RocketMod.JoinLeaveMessages >> There was an error during the player join -> Exception in Feli.RocketMod.JoinLeaveMessages: System.BadImageFormatException: Could not resolve field token 0x0400000a, due to: Could not load type of field 'Feli.RocketMod.JoinLeaveMessages.Helpers.IpGeolocationHelper+<GetCountryFromIp>d__0:<client>5__2' (3) due to: Could not load file or assembly 'System.Net.Http, Version=4.0.0.0, Culture=neutral, PublicKeyToken=b03f5f7f11d50a3a' or one of its dependencies. assembly:System.Net.Http, Version=4.0.0.0, Culture=neutral, PublicKeyToken=b03f5f7f11d50a3a type:<unknown type> member:(null) signature:<none> assembly:C:\Program Files (x86)\Steam\steamapps\common\U3DS\Servers\MyServer\Rocket\Plugins\Feli.RocketMod.JoinLeaveMessages.dll type:<GetCountryFromIp>d__0 member:(null) signature:<none>
File name: 'Feli.RocketMod.JoinLeaveMessages'
  at Feli.RocketMod.JoinLeaveMessages.Plugin+<>c__DisplayClass3_0+<<OnPlayerConnected>b__0>d.MoveNext () [0x00053] in <1945374a95f44307b8d70b38b6f38669>:0 
[12/19/2022 4:07:41 PM] [Info] BattlEye Server: Connected to BE Master
[12/19/2022 4:07:57 PM] [Info] [World] reaper [JACK THE RIPPER]: "/warps"
[12/19/2022 4:08:04 PM] [Info] [World] reaper [JACK THE RIPPER]: "/warp haze"
[12/19/2022 4:08:10 PM] [Info] [World] reaper [JACK THE RIPPER]: "/warp haze"
[12/19/2022 4:08:18 PM] [Info] Invalid parameter
[12/19/2022 4:08:25 PM] [Info] BattlEye Server: Player #1 Red__Bear (73.253.101.49:60927) connected
[12/19/2022 4:08:25 PM] [Info] BattlEye Server: Player #1 Red__Bear - BE GUID: f4abbf8aa333c3b24b5656c70080f342
[12/19/2022 4:08:25 PM] [Info] Connecting: PlayerID: 76561199035738472 Name: Red__Bear Character: [Sheriff] Red__Bear
[12/19/2022 4:08:25 PM] [Error] Feli.RocketMod.JoinLeaveMessages >> There was an error during the player join -> Exception in Feli.RocketMod.JoinLeaveMessages: System.TypeLoadException: Failure has occurred while loading a type.
  at Feli.RocketMod.JoinLeaveMessages.Plugin+<>c__DisplayClass3_0+<<OnPlayerConnected>b__0>d.MoveNext () [0x00053] in <1945374a95f44307b8d70b38b6f38669>:0 
[12/19/2022 4:08:44 PM] [Info] [World] reaper [JACK THE RIPPER]: "/warp haze"
[12/19/2022 4:09:00 PM] [Info] [World] reaper [JACK THE RIPPER]: "/warp haze"
[12/19/2022 4:09:12 PM] [Info] [Group] [Sheriff] Red__Bear [Red__Bear]: "/warps"
[12/19/2022 4:09:22 PM] [Info] [Group] [Sheriff] Red__Bear [Red__Bear]: "/teleport safe"
[12/19/2022 4:09:33 PM] [Info] Successfully teleported Red__Bear to Location!
[12/19/2022 4:09:33 PM] [Info] [Group] [Sheriff] Red__Bear [Red__Bear]: "/tp safe"
[12/19/2022 4:09:40 PM] [Info] [Sheriff] Red__Bear teleported to Safezone
[12/19/2022 4:09:40 PM] [Info] [Group] [Sheriff] Red__Bear [Red__Bear]: "/setwarp safezone"
[12/19/2022 4:09:40 PM] [Error] An error occured while executing setwarp [safezone]: System.MissingMethodException: Steamworks.CSteamID Rocket.Unturned.Player.UnturnedPlayer.get_CSteamID()
  at Rocket.Core.Commands.RocketCommandManager+RegisteredRocketCommand.Execute (Rocket.API.IRocketPlayer caller, System.String[] command) [0x00000] in <59a13feb721848c8b0cd173f6d0e820b>:0 
  at Rocket.Core.Commands.RocketCommandManager.Execute (Rocket.API.IRocketPlayer player, System.String command) [0x00176] in <59a13feb721848c8b0cd173f6d0e820b>:0 
[12/19/2022 4:09:46 PM] [Info] [Group] [Sheriff] Red__Bear [Red__Bear]: "/setwarp safezone"
[12/19/2022 4:10:01 PM] [Error] An error occured while executing setwarp [safezone]: System.MissingMethodException: Steamworks.CSteamID Rocket.Unturned.Player.UnturnedPlayer.get_CSteamID()
  at Rocket.Core.Commands.RocketCommandManager+RegisteredRocketCommand.Execute (Rocket.API.IRocketPlayer caller, System.String[] command) [0x00000] in <59a13feb721848c8b0cd173f6d0e820b>:0 
  at Rocket.Core.Commands.RocketCommandManager.Execute (Rocket.API.IRocketPlayer player, System.String command) [0x00176] in <59a13feb721848c8b0cd173f6d0e820b>:0 
[12/19/2022 4:10:01 PM] [Info] [World] reaper [JACK THE RIPPER]: "can you do it"
[12/19/2022 4:10:09 PM] [Info] [Group] [Sheriff] Red__Bear [Red__Bear]: "/warp set safezone"
[12/19/2022 4:10:13 PM] [Error] An error occured while executing warp [set, safezone]: System.MissingMethodException: bool SDG.Unturned.SteamAdminlist.checkAdmin(Steamworks.CSteamID)
  at Rocket.Core.Commands.RocketCommandManager+RegisteredRocketCommand.Execute (Rocket.API.IRocketPlayer caller, System.String[] command) [0x00000] in <59a13feb721848c8b0cd173f6d0e820b>:0 
  at Rocket.Core.Commands.RocketCommandManager.Execute (Rocket.API.IRocketPlayer player, System.String command) [0x00176] in <59a13feb721848c8b0cd173f6d0e820b>:0 
[12/19/2022 4:10:13 PM] [Info] [World] reaper [JACK THE RIPPER]: "????4"
[12/19/2022 4:10:20 PM] [Info] [World] reaper [JACK THE RIPPER]: "/warp haze"
[12/19/2022 4:10:52 PM] [Info] [Group] [Sheriff] Red__Bear [Red__Bear]: "/setwarp sz"
[12/19/2022 4:10:54 PM] [Error] An error occured while executing setwarp [sz]: System.MissingMethodException: Steamworks.CSteamID Rocket.Unturned.Player.UnturnedPlayer.get_CSteamID()
  at Rocket.Core.Commands.RocketCommandManager+RegisteredRocketCommand.Execute (Rocket.API.IRocketPlayer caller, System.String[] command) [0x00000] in <59a13feb721848c8b0cd173f6d0e820b>:0 
  at Rocket.Core.Commands.RocketCommandManager.Execute (Rocket.API.IRocketPlayer player, System.String command) [0x00176] in <59a13feb721848c8b0cd173f6d0e820b>:0 
[12/19/2022 4:10:54 PM] [Info] [Group] [Sheriff] Red__Bear [Red__Bear]: "/warps"
[12/19/2022 4:10:59 PM] [Info] [Group] [Sheriff] Red__Bear [Red__Bear]: "/warp sz"
[12/19/2022 4:11:04 PM] [Error] An error occured while executing warp [sz]: System.MissingMethodException: bool SDG.Unturned.SteamAdminlist.checkAdmin(Steamworks.CSteamID)
  at Rocket.Core.Commands.RocketCommandManager+RegisteredRocketCommand.Execute (Rocket.API.IRocketPlayer caller, System.String[] command) [0x00000] in <59a13feb721848c8b0cd173f6d0e820b>:0 
  at Rocket.Core.Commands.RocketCommandManager.Execute (Rocket.API.IRocketPlayer player, System.String command) [0x00176] in <59a13feb721848c8b0cd173f6d0e820b>:0 
[12/19/2022 4:11:04 PM] [Info] [Group] [Sheriff] Red__Bear [Red__Bear]: "/setwarp sz"
[12/19/2022 4:11:04 PM] [Error] An error occured while executing setwarp [sz]: System.MissingMethodException: Steamworks.CSteamID Rocket.Unturned.Player.UnturnedPlayer.get_CSteamID()
  at Rocket.Core.Commands.RocketCommandManager+RegisteredRocketCommand.Execute (Rocket.API.IRocketPlayer caller, System.String[] command) [0x00000] in <59a13feb721848c8b0cd173f6d0e820b>:0 
  at Rocket.Core.Commands.RocketCommandManager.Execute (Rocket.API.IRocketPlayer player, System.String command) [0x00176] in <59a13feb721848c8b0cd173f6d0e820b>:0 
[12/19/2022 4:11:53 PM] [Info] [Group] [Sheriff] Red__Bear [Red__Bear]: "/warphelp"
[12/19/2022 4:11:57 PM] [Info] [Group] [Sheriff] Red__Bear [Red__Bear]: "/warp help"
[12/19/2022 4:12:30 PM] [Error] An error occured while executing warp [help]: System.MissingMethodException: bool SDG.Unturned.SteamAdminlist.checkAdmin(Steamworks.CSteamID)
  at Rocket.Core.Commands.RocketCommandManager+RegisteredRocketCommand.Execute (Rocket.API.IRocketPlayer caller, System.String[] command) [0x00000] in <59a13feb721848c8b0cd173f6d0e820b>:0 
  at Rocket.Core.Commands.RocketCommandManager.Execute (Rocket.API.IRocketPlayer player, System.String command) [0x00176] in <59a13feb721848c8b0cd173f6d0e820b>:0 
[12/19/2022 4:12:30 PM] [Info] [World] reaper [JACK THE RIPPER]: "cant you not use trump warp system"
[12/19/2022 4:12:44 PM] [Info] [Group] [Sheriff] Red__Bear [Red__Bear]: "/tp reaper"
[12/19/2022 4:12:44 PM] [Info] [Sheriff] Red__Bear teleported to reaper
[12/19/2022 4:13:06 PM] [Info] [Group] [Sheriff] Red__Bear [Red__Bear]: "/god"
[12/19/2022 4:13:17 PM] [Info] [Sheriff] Red__Bear enabled Godmode
[12/19/2022 4:13:17 PM] [Info] [Group] [Sheriff] Red__Bear [Red__Bear]: "/p"
[12/19/2022 4:13:20 PM] [Info] [World] reaper [JACK THE RIPPER]: "yes red"
[12/19/2022 4:13:28 PM] [Info] [World] reaper [JACK THE RIPPER]: "i cant hear you"
[12/19/2022 4:13:32 PM] [Info] [Area] reaper [JACK THE RIPPER]: "are you mute'"
[12/19/2022 4:13:41 PM] [Info] [Group] [Sheriff] Red__Bear [Red__Bear]: "/g add"
[12/19/2022 4:13:42 PM] [Info] [World] reaper [JACK THE RIPPER]: "now i can"
[12/19/2022 4:13:43 PM] [Info] [Group] [Sheriff] Red__Bear [Red__Bear]: "/gg"
[12/19/2022 4:13:45 PM] [Info] [Group] [Sheriff] Red__Bear [Red__Bear]: "/gadd"
[12/19/2022 4:13:47 PM] [Error] An error occured while executing gadd []: System.MissingMethodException: Steamworks.CSteamID Rocket.Unturned.Player.UnturnedPlayer.get_CSteamID()
  at Rocket.Core.Commands.RocketCommandManager+RegisteredRocketCommand.Execute (Rocket.API.IRocketPlayer caller, System.String[] command) [0x00000] in <59a13feb721848c8b0cd173f6d0e820b>:0 
  at Rocket.Core.Commands.RocketCommandManager.Execute (Rocket.API.IRocketPlayer player, System.String command) [0x00176] in <59a13feb721848c8b0cd173f6d0e820b>:0 
[12/19/2022 4:13:47 PM] [Info] [Group] [Sheriff] Red__Bear [Red__Bear]: "/glist"
[12/19/2022 4:13:54 PM] [Info] [Group] [Sheriff] Red__Bear [Red__Bear]: "/garageadd"
[12/19/2022 4:13:57 PM] [Error] An error occured while executing garageadd []: System.MissingMethodException: Steamworks.CSteamID Rocket.Unturned.Player.UnturnedPlayer.get_CSteamID()
  at Rocket.Core.Commands.RocketCommandManager+RegisteredRocketCommand.Execute (Rocket.API.IRocketPlayer caller, System.String[] command) [0x00000] in <59a13feb721848c8b0cd173f6d0e820b>:0 
  at Rocket.Core.Commands.RocketCommandManager.Execute (Rocket.API.IRocketPlayer player, System.String command) [0x00176] in <59a13feb721848c8b0cd173f6d0e820b>:0 
[12/19/2022 4:13:57 PM] [Info] [World] reaper [JACK THE RIPPER]: "wait are you talking"
[12/19/2022 4:13:57 PM] [Info] [Group] [Sheriff] Red__Bear [Red__Bear]: "/gadd"
[12/19/2022 4:13:57 PM] [Error] An error occured while executing gadd []: System.MissingMethodException: Steamworks.CSteamID Rocket.Unturned.Player.UnturnedPlayer.get_CSteamID()
  at Rocket.Core.Commands.RocketCommandManager+RegisteredRocketCommand.Execute (Rocket.API.IRocketPlayer caller, System.String[] command) [0x00000] in <59a13feb721848c8b0cd173f6d0e820b>:0 
  at Rocket.Core.Commands.RocketCommandManager.Execute (Rocket.API.IRocketPlayer player, System.String command) [0x00176] in <59a13feb721848c8b0cd173f6d0e820b>:0 
[12/19/2022 4:14:02 PM] [Info] [World] reaper [JACK THE RIPPER]: "oh"
[12/19/2022 4:14:07 PM] [Info] [World] reaper [JACK THE RIPPER]: "yes"
[12/19/2022 4:14:10 PM] [Info] [Group] [Sheriff] Red__Bear [Red__Bear]: "/v hh-6"
[12/19/2022 4:14:21 PM] [Info] Giving [Sheriff] Red__Bear vehicle 59026
[12/19/2022 4:14:21 PM] [Info] [Group] [Sheriff] Red__Bear [Red__Bear]: "/garageadd heli"
[12/19/2022 4:14:21 PM] [Error] An error occured while executing garageadd [heli]: System.MissingMethodException: Steamworks.CSteamID Rocket.Unturned.Player.UnturnedPlayer.get_CSteamID()
  at Rocket.Core.Commands.RocketCommandManager+RegisteredRocketCommand.Execute (Rocket.API.IRocketPlayer caller, System.String[] command) [0x00000] in <59a13feb721848c8b0cd173f6d0e820b>:0 
  at Rocket.Core.Commands.RocketCommandManager.Execute (Rocket.API.IRocketPlayer player, System.String command) [0x00176] in <59a13feb721848c8b0cd173f6d0e820b>:0 
[12/19/2022 4:14:28 PM] [Info] [Group] [Sheriff] Red__Bear [Red__Bear]: "/ga heli"
[12/19/2022 4:14:32 PM] [Info] [Group] [Sheriff] Red__Bear [Red__Bear]: "/garagea heli"
[12/19/2022 4:14:39 PM] [Info] [Group] [Sheriff] Red__Bear [Red__Bear]: "/garage add heli"
[12/19/2022 4:14:58 PM] [Info] [Group] [Sheriff] Red__Bear [Red__Bear]: "/garagelist"
[12/19/2022 4:15:02 PM] [Info] [Group] [Sheriff] Red__Bear [Red__Bear]: "/garageretrive"
[12/19/2022 4:15:05 PM] [Info] [Group] [Sheriff] Red__Bear [Red__Bear]: "/garageadd"
[12/19/2022 4:15:10 PM] [Error] An error occured while executing garageadd []: System.MissingMethodException: Steamworks.CSteamID Rocket.Unturned.Player.UnturnedPlayer.get_CSteamID()
  at Rocket.Core.Commands.RocketCommandManager+RegisteredRocketCommand.Execute (Rocket.API.IRocketPlayer caller, System.String[] command) [0x00000] in <59a13feb721848c8b0cd173f6d0e820b>:0 
  at Rocket.Core.Commands.RocketCommandManager.Execute (Rocket.API.IRocketPlayer player, System.String command) [0x00176] in <59a13feb721848c8b0cd173f6d0e820b>:0 
[12/19/2022 4:15:10 PM] [Info] [Group] [Sheriff] Red__Bear [Red__Bear]: "/garageadd"
[12/19/2022 4:15:10 PM] [Error] An error occured while executing garageadd []: System.MissingMethodException: Steamworks.CSteamID Rocket.Unturned.Player.UnturnedPlayer.get_CSteamID()
  at Rocket.Core.Commands.RocketCommandManager+RegisteredRocketCommand.Execute (Rocket.API.IRocketPlayer caller, System.String[] command) [0x00000] in <59a13feb721848c8b0cd173f6d0e820b>:0 
  at Rocket.Core.Commands.RocketCommandManager.Execute (Rocket.API.IRocketPlayer player, System.String command) [0x00176] in <59a13feb721848c8b0cd173f6d0e820b>:0 
[12/19/2022 4:15:15 PM] [Info] [Group] [Sheriff] Red__Bear [Red__Bear]: "/garageadd hh-6"
[12/19/2022 4:15:42 PM] [Error] An error occured while executing garageadd [hh-6]: System.MissingMethodException: Steamworks.CSteamID Rocket.Unturned.Player.UnturnedPlayer.get_CSteamID()
  at Rocket.Core.Commands.RocketCommandManager+RegisteredRocketCommand.Execute (Rocket.API.IRocketPlayer caller, System.String[] command) [0x00000] in <59a13feb721848c8b0cd173f6d0e820b>:0 
  at Rocket.Core.Commands.RocketCommandManager.Execute (Rocket.API.IRocketPlayer player, System.String command) [0x00176] in <59a13feb721848c8b0cd173f6d0e820b>:0 
[12/19/2022 4:15:42 PM] [Info] [Group] [Sheriff] Red__Bear [Red__Bear]: "/garageadd"
[12/19/2022 4:15:42 PM] [Error] An error occured while executing garageadd []: System.MissingMethodException: Steamworks.CSteamID Rocket.Unturned.Player.UnturnedPlayer.get_CSteamID()
  at Rocket.Core.Commands.RocketCommandManager+RegisteredRocketCommand.Execute (Rocket.API.IRocketPlayer caller, System.String[] command) [0x00000] in <59a13feb721848c8b0cd173f6d0e820b>:0 
  at Rocket.Core.Commands.RocketCommandManager.Execute (Rocket.API.IRocketPlayer player, System.String command) [0x00176] in <59a13feb721848c8b0cd173f6d0e820b>:0 
[12/19/2022 4:15:44 PM] [Info] [Group] [Sheriff] Red__Bear [Red__Bear]: "/garageadd"
[12/19/2022 4:15:45 PM] [Error] An error occured while executing garageadd []: System.MissingMethodException: Steamworks.CSteamID Rocket.Unturned.Player.UnturnedPlayer.get_CSteamID()
  at Rocket.Core.Commands.RocketCommandManager+RegisteredRocketCommand.Execute (Rocket.API.IRocketPlayer caller, System.String[] command) [0x00000] in <59a13feb721848c8b0cd173f6d0e820b>:0 
  at Rocket.Core.Commands.RocketCommandManager.Execute (Rocket.API.IRocketPlayer player, System.String command) [0x00176] in <59a13feb721848c8b0cd173f6d0e820b>:0 
[12/19/2022 4:15:45 PM] [Info] [Group] [Sheriff] Red__Bear [Red__Bear]: "/garageadd"
[12/19/2022 4:15:45 PM] [Error] An error occured while executing garageadd []: System.MissingMethodException: Steamworks.CSteamID Rocket.Unturned.Player.UnturnedPlayer.get_CSteamID()
  at Rocket.Core.Commands.RocketCommandManager+RegisteredRocketCommand.Execute (Rocket.API.IRocketPlayer caller, System.String[] command) [0x00000] in <59a13feb721848c8b0cd173f6d0e820b>:0 
  at Rocket.Core.Commands.RocketCommandManager.Execute (Rocket.API.IRocketPlayer player, System.String command) [0x00176] in <59a13feb721848c8b0cd173f6d0e820b>:0 
[12/19/2022 4:15:49 PM] [Info] [Group] [Sheriff] Red__Bear [Red__Bear]: "/garageadd hh-6"
[12/19/2022 4:15:54 PM] [Error] An error occured while executing garageadd [hh-6]: System.MissingMethodException: Steamworks.CSteamID Rocket.Unturned.Player.UnturnedPlayer.get_CSteamID()
  at Rocket.Core.Commands.RocketCommandManager+RegisteredRocketCommand.Execute (Rocket.API.IRocketPlayer caller, System.String[] command) [0x00000] in <59a13feb721848c8b0cd173f6d0e820b>:0 
  at Rocket.Core.Commands.RocketCommandManager.Execute (Rocket.API.IRocketPlayer player, System.String command) [0x00176] in <59a13feb721848c8b0cd173f6d0e820b>:0 
[12/19/2022 4:15:54 PM] [Info] [Group] [Sheriff] Red__Bear [Red__Bear]: "/garageadd heli"
[12/19/2022 4:15:54 PM] [Error] An error occured while executing garageadd [heli]: System.MissingMethodException: Steamworks.CSteamID Rocket.Unturned.Player.UnturnedPlayer.get_CSteamID()
  at Rocket.Core.Commands.RocketCommandManager+RegisteredRocketCommand.Execute (Rocket.API.IRocketPlayer caller, System.String[] command) [0x00000] in <59a13feb721848c8b0cd173f6d0e820b>:0 
  at Rocket.Core.Commands.RocketCommandManager.Execute (Rocket.API.IRocketPlayer player, System.String command) [0x00176] in <59a13feb721848c8b0cd173f6d0e820b>:0 
[12/19/2022 4:16:34 PM] [Info] [Group] [Sheriff] Red__Bear [Red__Bear]: "/i dragon"
[12/19/2022 4:17:06 PM] [Info] Giving [Sheriff] Red__Bear item 132:1
[12/19/2022 4:17:06 PM] [Info] [Group] [Sheriff] Red__Bear [Red__Bear]: "/builder"
[12/19/2022 4:17:09 PM] [Info] Broadcast: [Sheriff] Red__Bear exit builder mode.
[12/19/2022 4:17:09 PM] [Info] [Area] [Sheriff] Red__Bear [Red__Bear]: "/builder"
[12/19/2022 4:17:09 PM] [Info] Broadcast: [Sheriff] Red__Bear exit builder mode.
[12/19/2022 4:17:30 PM] [Info] [Group] [Sheriff] Red__Bear [Red__Bear]: "/builder enter"
[12/19/2022 4:17:30 PM] [Info] Broadcast: [Sheriff] Red__Bear exit builder mode.
[12/19/2022 4:17:34 PM] [Info] [Area] [Sheriff] Red__Bear [Red__Bear]: "/builder enter"
[12/19/2022 4:17:34 PM] [Info] Broadcast: [Sheriff] Red__Bear exit builder mode.
[12/19/2022 4:17:49 PM] [Info] [Group] [Sheriff] Red__Bear [Red__Bear]: "/builderenter"
[12/19/2022 4:17:57 PM] [Info] [Group] [Sheriff] Red__Bear [Red__Bear]: "/b a"
[12/19/2022 4:17:57 PM] [Info] Broadcast: [Sheriff] Red__Bear exit builder mode.
[12/19/2022 4:18:00 PM] [Info] [Group] [Sheriff] Red__Bear [Red__Bear]: "/b e"
[12/19/2022 4:18:00 PM] [Info] Broadcast: [Sheriff] Red__Bear exit builder mode.
[12/19/2022 4:18:16 PM] [Info] [Group] [Sheriff] Red__Bear [Red__Bear]: "/cb"
[12/19/2022 4:18:20 PM] [Info] [Group] [Sheriff] Red__Bear [Red__Bear]: "/cb red"
[12/19/2022 4:18:30 PM] [Info] Broadcast: [Sheriff] Red__Bear has confirmed that [Sheriff] Red__Bear has builder role.
[12/19/2022 4:18:30 PM] [Info] [Group] [Sheriff] Red__Bear [Red__Bear]: "/b enter"
[12/19/2022 4:18:30 PM] [Info] Broadcast: [Sheriff] Red__Bear exit builder mode.
[12/19/2022 4:18:33 PM] [Info] [Group] [Sheriff] Red__Bear [Red__Bear]: "/b exit"
[12/19/2022 4:18:33 PM] [Info] Broadcast: [Sheriff] Red__Bear exit builder mode.
[12/19/2022 4:18:36 PM] [Info] [Group] [Sheriff] Red__Bear [Red__Bear]: "/b"
[12/19/2022 4:18:36 PM] [Info] Broadcast: [Sheriff] Red__Bear exit builder mode.
[12/19/2022 4:18:40 PM] [Info] [Group] [Sheriff] Red__Bear [Red__Bear]: "/i crate"
[12/19/2022 4:18:44 PM] [Info] Giving [Sheriff] Red__Bear item 368:1
[12/19/2022 4:18:44 PM] [Info] [Group] [Sheriff] Red__Bear [Red__Bear]: "/b"
[12/19/2022 4:18:44 PM] [Info] Broadcast: [Sheriff] Red__Bear exit builder mode.
[12/19/2022 4:18:46 PM] [Info] [Group] [Sheriff] Red__Bear [Red__Bear]: "/b"
[12/19/2022 4:18:46 PM] [Info] Broadcast: [Sheriff] Red__Bear exit builder mode.
[12/19/2022 4:19:54 PM] [Info] [World] reaper [JACK THE RIPPER]: "ok now you can do it"
[12/19/2022 4:20:01 PM] [Info] [Group] [Sheriff] Red__Bear [Red__Bear]: "/kick reaper restart"
[12/19/2022 4:20:04 PM] [Info] BattlEye Server: Player #0 JACK THE RIPPER disconnected
[12/19/2022 4:20:04 PM] [Info] Successfully kicked JACK THE RIPPER!
[12/19/2022 4:20:04 PM] [Info] Disconnecting: PlayerID: 76561199035738472 Name: Red__Bear Character: [Sheriff] Red__Bear
[12/19/2022 4:20:04 PM] [Info] BattlEye Server: Player #1 Red__Bear disconnected
[12/19/2022 4:20:10 PM] [Info] 
[unloading] InfiniteEnergy
