[2023-04-25 09:25:34 INF][OpenMod.Runtime.Runtime] OpenMod v3.3.14+360d496e.360d496e02a9bad4f27008f6af2a69b5ebbda9a8 is starting...
[2023-04-25 09:25:34 WRN][OpenMod.Unturned.RocketMod.RocketModIntegration] Economy system was set to RocketMod_Uconomy but Uconomy is not installed. Defaulting to Separate
[2023-04-25 09:25:35 INF][OpenMod.Runtime.OpenModHostedService] Initializing for host: OpenMod for Unturned v3.3.14+360d496e.360d496e02a9bad4f27008f6af2a69b5ebbda9a8
[2023-04-25 09:25:35 INF][OpenMod.Unturned.OpenModUnturnedHost] OpenMod for Unturned v3.3.14+360d496e.360d496e02a9bad4f27008f6af2a69b5ebbda9a8 is initializing...
[2023-04-25 09:25:35 INF][OpenMod.Unturned.RocketMod.RocketModIntegration] RocketMod is installed, enabling RocketMod integration
[2023-04-25 09:25:35 INF][OpenMod.Unturned.OpenModUnturnedHost] OpenMod for Unturned is ready
[2023-04-25 09:25:35 INF][OpenMod.Runtime.OpenModHostedService] Loading plugins...
[2023-04-25 09:25:35 INF][OpenMod.Runtime.OpenModHostedService] > 0 plugins loaded
[2023-04-25 09:25:35 INF][OpenMod.Core.Jobs.JobScheduler] Scheduling job "OpenMod Auto Update" with schedule "0 0 * * 0"
[2023-04-25 09:25:36 INF][SDG.Unturned] Rocket Unturned v4.9.3.15 for Unturned v3.23.6.1
[2023-04-25 09:25:36 INF][SDG.Unturned] Mounting core: 0%
[2023-04-25 09:25:36 INF][SDG.Unturned] Mounting core: 1%
[2023-04-25 09:25:37 INF][SDG.Unturned] Mounting core: 2%
[2023-04-25 09:25:37 INF][SDG.Unturned] Mounting core: 3%
[2023-04-25 09:25:38 INF][SDG.Unturned] Mounting core: 4%
[2023-04-25 09:25:38 INF][SDG.Unturned] Mounting core: 5%
[2023-04-25 09:25:38 INF][SDG.Unturned] Mounting core: 6%
[2023-04-25 09:25:38 INF][SDG.Unturned] Mounting core: 7%
[2023-04-25 09:25:39 INF][SDG.Unturned] Mounting core: 8%
[2023-04-25 09:25:39 INF][SDG.Unturned] Mounting core: 9%
[2023-04-25 09:25:40 INF][SDG.Unturned] Mounting core: 10%
[2023-04-25 09:25:40 INF][SDG.Unturned] Mounting core: 11%
[2023-04-25 09:25:41 INF][SDG.Unturned] Mounting core: 12%
[2023-04-25 09:25:41 INF][SDG.Unturned] Mounting core: 13%
[2023-04-25 09:25:41 INF][SDG.Unturned] Mounting core: 14%
[2023-04-25 09:25:41 INF][SDG.Unturned] Mounting core: 15%
[2023-04-25 09:25:42 INF][SDG.Unturned] Mounting core: 16%
[2023-04-25 09:25:42 INF][SDG.Unturned] Mounting core: 17%
[2023-04-25 09:25:42 INF][SDG.Unturned] Mounting core: 18%
[2023-04-25 09:25:42 INF][SDG.Unturned] Mounting core: 19%
[2023-04-25 09:25:42 INF][SDG.Unturned] Mounting core: 20%
[2023-04-25 09:25:42 INF][SDG.Unturned] Mounting core: 21%
[2023-04-25 09:25:42 INF][SDG.Unturned] Mounting core: 22%
[2023-04-25 09:25:42 INF][SDG.Unturned] Mounting core: 23%
[2023-04-25 09:25:43 INF][SDG.Unturned] Mounting core: 24%
[2023-04-25 09:25:43 INF][SDG.Unturned] Mounting core: 25%
[2023-04-25 09:25:43 INF][SDG.Unturned] Mounting core: 26%
[2023-04-25 09:25:43 INF][SDG.Unturned] Mounting core: 27%
[2023-04-25 09:25:43 INF][SDG.Unturned] Mounting core: 28%
[2023-04-25 09:25:43 INF][SDG.Unturned] Mounting core: 29%
[2023-04-25 09:25:43 INF][SDG.Unturned] Mounting core: 30%
[2023-04-25 09:25:43 INF][SDG.Unturned] Mounting core: 31%
[2023-04-25 09:25:44 INF][SDG.Unturned] Mounting core: 32%
[2023-04-25 09:25:44 INF][SDG.Unturned] Mounting core: 33%
[2023-04-25 09:25:44 INF][SDG.Unturned] Mounting core: 34%
[2023-04-25 09:25:44 INF][SDG.Unturned] Mounting core: 35%
[2023-04-25 09:25:44 INF][SDG.Unturned] Mounting core: 36%
[2023-04-25 09:25:44 INF][SDG.Unturned] Mounting core: 37%
[2023-04-25 09:25:45 INF][SDG.Unturned] Mounting core: 38%
[2023-04-25 09:25:45 INF][SDG.Unturned] Mounting core: 39%
[2023-04-25 09:25:45 INF][SDG.Unturned] Mounting core: 40%
[2023-04-25 09:25:45 INF][SDG.Unturned] Mounting core: 41%
[2023-04-25 09:25:45 INF][SDG.Unturned] Mounting core: 42%
[2023-04-25 09:25:46 INF][SDG.Unturned] Mounting core: 43%
[2023-04-25 09:25:46 INF][SDG.Unturned] Mounting core: 44%
[2023-04-25 09:25:46 INF][SDG.Unturned] Mounting core: 45%
[2023-04-25 09:25:46 INF][SDG.Unturned] Mounting core: 46%
[2023-04-25 09:25:47 INF][SDG.Unturned] Mounting core: 47%
[2023-04-25 09:25:47 INF][SDG.Unturned] Mounting core: 48%
[2023-04-25 09:25:47 INF][SDG.Unturned] Mounting core: 49%
[2023-04-25 09:25:47 INF][SDG.Unturned] Mounting core: 50%
[2023-04-25 09:25:47 INF][SDG.Unturned] Mounting core: 51%
[2023-04-25 09:25:47 INF][SDG.Unturned] Mounting core: 52%
[2023-04-25 09:25:47 INF][SDG.Unturned] Mounting core: 53%
[2023-04-25 09:25:48 INF][SDG.Unturned] Mounting core: 54%
[2023-04-25 09:25:48 INF][SDG.Unturned] Mounting core: 55%
[2023-04-25 09:25:48 INF][SDG.Unturned] Mounting core: 56%
[2023-04-25 09:25:48 INF][SDG.Unturned] Mounting core: 57%
[2023-04-25 09:25:48 INF][SDG.Unturned] Mounting core: 58%
[2023-04-25 09:25:49 INF][SDG.Unturned] Mounting core: 59%
[2023-04-25 09:25:49 INF][SDG.Unturned] Mounting core: 60%
[2023-04-25 09:25:49 INF][SDG.Unturned] Mounting core: 61%
[2023-04-25 09:25:49 INF][SDG.Unturned] Mounting core: 62%
[2023-04-25 09:25:49 INF][SDG.Unturned] Mounting core: 63%
[2023-04-25 09:25:49 INF][SDG.Unturned] Mounting core: 64%
[2023-04-25 09:25:49 INF][SDG.Unturned] Mounting core: 65%
[2023-04-25 09:25:49 INF][SDG.Unturned] Mounting core: 66%
[2023-04-25 09:25:50 INF][SDG.Unturned] Mounting core: 67%
[2023-04-25 09:25:50 INF][SDG.Unturned] Mounting core: 68%
[2023-04-25 09:25:50 INF][SDG.Unturned] Mounting core: 69%
[2023-04-25 09:25:50 INF][SDG.Unturned] Mounting core: 70%
[2023-04-25 09:25:50 INF][SDG.Unturned] Mounting core: 71%
[2023-04-25 09:25:50 INF][SDG.Unturned] Mounting core: 72%
[2023-04-25 09:25:51 INF][SDG.Unturned] Mounting core: 73%
[2023-04-25 09:25:51 INF][SDG.Unturned] Mounting core: 74%
[2023-04-25 09:25:51 INF][SDG.Unturned] Mounting core: 75%
[2023-04-25 09:25:51 INF][SDG.Unturned] Mounting core: 76%
[2023-04-25 09:25:51 INF][SDG.Unturned] Mounting core: 77%
[2023-04-25 09:25:51 INF][SDG.Unturned] Mounting core: 78%
[2023-04-25 09:25:51 INF][SDG.Unturned] Mounting core: 79%
[2023-04-25 09:25:51 INF][SDG.Unturned] Mounting core: 80%
[2023-04-25 09:25:51 INF][SDG.Unturned] Mounting core: 81%
[2023-04-25 09:25:52 INF][SDG.Unturned] Mounting core: 82%
[2023-04-25 09:25:52 INF][SDG.Unturned] Mounting core: 83%
[2023-04-25 09:25:52 INF][SDG.Unturned] Mounting core: 84%
[2023-04-25 09:25:52 INF][SDG.Unturned] Mounting core: 85%
[2023-04-25 09:25:52 INF][SDG.Unturned] Mounting core: 86%
[2023-04-25 09:25:52 INF][SDG.Unturned] Mounting core: 87%
[2023-04-25 09:25:52 INF][SDG.Unturned] Mounting core: 88%
[2023-04-25 09:25:52 INF][SDG.Unturned] Mounting core: 89%
[2023-04-25 09:25:53 INF][SDG.Unturned] Mounting core: 90%
[2023-04-25 09:25:54 INF][SDG.Unturned] Found general assets: 177
[2023-04-25 09:25:54 INF][SDG.Unturned] Preloading general assets: 2/177
[2023-04-25 09:25:54 INF][SDG.Unturned] Preloading general assets: 27/177
[2023-04-25 09:25:55 INF][SDG.Unturned] Preloading general assets: 52/177
[2023-04-25 09:25:55 INF][SDG.Unturned] Preloading general assets: 77/177
[2023-04-25 09:25:56 INF][SDG.Unturned] Preloading general assets: 102/177
[2023-04-25 09:25:56 INF][SDG.Unturned] Preloading general assets: 127/177
[2023-04-25 09:25:56 INF][SDG.Unturned] Preloading general assets: 152/177
[2023-04-25 09:25:56 INF][SDG.Unturned] Preloading general assets: 177/177
[2023-04-25 09:26:00 INF][SDG.Unturned] Found item assets: 1853
[2023-04-25 09:26:00 INF][SDG.Unturned] Preloading item assets: 3/1853
[2023-04-25 09:26:00 INF][SDG.Unturned] Preloading item assets: 28/1853
[2023-04-25 09:26:01 INF][SDG.Unturned] Preloading item assets: 53/1853
[2023-04-25 09:26:01 INF][SDG.Unturned] Preloading item assets: 78/1853
[2023-04-25 09:26:02 INF][SDG.Unturned] Preloading item assets: 103/1853
[2023-04-25 09:26:02 INF][SDG.Unturned] Preloading item assets: 128/1853
[2023-04-25 09:26:02 INF][SDG.Unturned] Preloading item assets: 153/1853
[2023-04-25 09:26:03 INF][SDG.Unturned] Preloading item assets: 178/1853
[2023-04-25 09:26:03 INF][SDG.Unturned] Preloading item assets: 203/1853
[2023-04-25 09:26:04 INF][SDG.Unturned] Preloading item assets: 228/1853
[2023-04-25 09:26:04 INF][SDG.Unturned] Preloading item assets: 253/1853
[2023-04-25 09:26:04 INF][SDG.Unturned] Preloading item assets: 278/1853
[2023-04-25 09:26:05 INF][SDG.Unturned] Preloading item assets: 303/1853
[2023-04-25 09:26:05 INF][SDG.Unturned] Preloading item assets: 328/1853
[2023-04-25 09:26:05 INF][SDG.Unturned] Preloading item assets: 353/1853
[2023-04-25 09:26:06 INF][SDG.Unturned] Preloading item assets: 378/1853
[2023-04-25 09:26:06 INF][SDG.Unturned] Preloading item assets: 403/1853
[2023-04-25 09:26:06 INF][SDG.Unturned] Preloading item assets: 428/1853
[2023-04-25 09:26:06 INF][SDG.Unturned] Preloading item assets: 453/1853
[2023-04-25 09:26:06 INF][SDG.Unturned] Preloading item assets: 478/1853
[2023-04-25 09:26:07 INF][SDG.Unturned] Preloading item assets: 503/1853
[2023-04-25 09:26:07 INF][SDG.Unturned] Preloading item assets: 528/1853
[2023-04-25 09:26:07 INF][SDG.Unturned] Preloading item assets: 553/1853
[2023-04-25 09:26:08 INF][SDG.Unturned] Preloading item assets: 578/1853
[2023-04-25 09:26:08 INF][SDG.Unturned] Preloading item assets: 603/1853
[2023-04-25 09:26:08 INF][SDG.Unturned] Preloading item assets: 628/1853
[2023-04-25 09:26:08 INF][SDG.Unturned] Preloading item assets: 653/1853
[2023-04-25 09:26:09 INF][SDG.Unturned] Preloading item assets: 678/1853
[2023-04-25 09:26:09 INF][SDG.Unturned] Preloading item assets: 703/1853
[2023-04-25 09:26:09 INF][SDG.Unturned] Preloading item assets: 728/1853
[2023-04-25 09:26:09 INF][SDG.Unturned] Preloading item assets: 753/1853
[2023-04-25 09:26:10 INF][SDG.Unturned] Preloading item assets: 778/1853
[2023-04-25 09:26:10 INF][SDG.Unturned] Preloading item assets: 803/1853
[2023-04-25 09:26:10 INF][SDG.Unturned] Preloading item assets: 828/1853
[2023-04-25 09:26:10 INF][SDG.Unturned] Preloading item assets: 853/1853
[2023-04-25 09:26:10 INF][SDG.Unturned] Preloading item assets: 878/1853
[2023-04-25 09:26:11 INF][SDG.Unturned] Preloading item assets: 903/1853
[2023-04-25 09:26:11 INF][SDG.Unturned] Preloading item assets: 928/1853
[2023-04-25 09:26:11 INF][SDG.Unturned] Preloading item assets: 953/1853
[2023-04-25 09:26:11 INF][SDG.Unturned] Preloading item assets: 978/1853
[2023-04-25 09:26:12 INF][SDG.Unturned] Preloading item assets: 1003/1853
[2023-04-25 09:26:12 INF][SDG.Unturned] Preloading item assets: 1028/1853
[2023-04-25 09:26:12 INF][SDG.Unturned] Preloading item assets: 1053/1853
[2023-04-25 09:26:13 INF][SDG.Unturned] Preloading item assets: 1078/1853
[2023-04-25 09:26:13 INF][SDG.Unturned] Preloading item assets: 1103/1853
[2023-04-25 09:26:14 INF][SDG.Unturned] Preloading item assets: 1128/1853
[2023-04-25 09:26:14 INF][SDG.Unturned] Preloading item assets: 1153/1853
[2023-04-25 09:26:14 INF][SDG.Unturned] Preloading item assets: 1178/1853
[2023-04-25 09:26:14 INF][SDG.Unturned] Preloading item assets: 1203/1853
[2023-04-25 09:26:14 INF][SDG.Unturned] Preloading item assets: 1228/1853
[2023-04-25 09:26:14 INF][SDG.Unturned] Preloading item assets: 1253/1853
[2023-04-25 09:26:15 INF][SDG.Unturned] Preloading item assets: 1278/1853
[2023-04-25 09:26:15 INF][SDG.Unturned] Preloading item assets: 1303/1853
[2023-04-25 09:26:15 INF][SDG.Unturned] Preloading item assets: 1328/1853
[2023-04-25 09:26:15 INF][SDG.Unturned] Preloading item assets: 1353/1853
[2023-04-25 09:26:15 INF][SDG.Unturned] Preloading item assets: 1378/1853
[2023-04-25 09:26:16 INF][SDG.Unturned] Preloading item assets: 1403/1853
[2023-04-25 09:26:16 INF][SDG.Unturned] Preloading item assets: 1428/1853
[2023-04-25 09:26:16 INF][SDG.Unturned] Preloading item assets: 1453/1853
[2023-04-25 09:26:16 INF][SDG.Unturned] Preloading item assets: 1478/1853
[2023-04-25 09:26:17 INF][SDG.Unturned] Preloading item assets: 1503/1853
[2023-04-25 09:26:17 INF][SDG.Unturned] Preloading item assets: 1528/1853
[2023-04-25 09:26:17 INF][SDG.Unturned] Preloading item assets: 1553/1853
[2023-04-25 09:26:17 INF][SDG.Unturned] Preloading item assets: 1578/1853
[2023-04-25 09:26:17 INF][SDG.Unturned] Preloading item assets: 1603/1853
[2023-04-25 09:26:18 INF][SDG.Unturned] Preloading item assets: 1628/1853
[2023-04-25 09:26:18 INF][SDG.Unturned] Preloading item assets: 1653/1853
[2023-04-25 09:26:19 INF][SDG.Unturned] Preloading item assets: 1678/1853
[2023-04-25 09:26:19 INF][SDG.Unturned] Preloading item assets: 1703/1853
[2023-04-25 09:26:19 INF][SDG.Unturned] Preloading item assets: 1728/1853
[2023-04-25 09:26:19 INF][SDG.Unturned] Preloading item assets: 1753/1853
[2023-04-25 09:26:20 INF][SDG.Unturned] Preloading item assets: 1778/1853
[2023-04-25 09:26:20 INF][SDG.Unturned] Preloading item assets: 1803/1853
[2023-04-25 09:26:20 INF][SDG.Unturned] Preloading item assets: 1828/1853
[2023-04-25 09:26:21 INF][SDG.Unturned] Preloading item assets: 1853/1853
[2023-04-25 09:26:21 INF][SDG.Unturned] Found effect assets: 161
[2023-04-25 09:26:21 INF][SDG.Unturned] Preloading effect assets: 11/161
[2023-04-25 09:26:21 INF][SDG.Unturned] Preloading effect assets: 36/161
[2023-04-25 09:26:21 INF][SDG.Unturned] Preloading effect assets: 61/161
[2023-04-25 09:26:21 INF][SDG.Unturned] Preloading effect assets: 86/161
[2023-04-25 09:26:22 INF][SDG.Unturned] Preloading effect assets: 111/161
[2023-04-25 09:26:22 INF][SDG.Unturned] Preloading effect assets: 136/161
[2023-04-25 09:26:22 INF][SDG.Unturned] Preloading effect assets: 161/161
[2023-04-25 09:26:24 INF][SDG.Unturned] Found object assets: 1151
[2023-04-25 09:26:24 INF][SDG.Unturned] Preloading object assets: 1/1151
[2023-04-25 09:26:24 INF][SDG.Unturned] Preloading object assets: 26/1151
[2023-04-25 09:26:25 INF][SDG.Unturned] Preloading object assets: 51/1151
[2023-04-25 09:26:25 INF][SDG.Unturned] Preloading object assets: 76/1151
[2023-04-25 09:26:25 INF][SDG.Unturned] Preloading object assets: 101/1151
[2023-04-25 09:26:25 INF][SDG.Unturned] Preloading object assets: 126/1151
[2023-04-25 09:26:26 INF][SDG.Unturned] Preloading object assets: 151/1151
[2023-04-25 09:26:26 INF][SDG.Unturned] Preloading object assets: 176/1151
[2023-04-25 09:26:26 INF][SDG.Unturned] Preloading object assets: 201/1151
[2023-04-25 09:26:27 INF][SDG.Unturned] Preloading object assets: 226/1151
[2023-04-25 09:26:27 INF][SDG.Unturned] Preloading object assets: 251/1151
[2023-04-25 09:26:27 INF][SDG.Unturned] Preloading object assets: 276/1151
[2023-04-25 09:26:27 INF][SDG.Unturned] Preloading object assets: 301/1151
[2023-04-25 09:26:28 INF][SDG.Unturned] Preloading object assets: 326/1151
[2023-04-25 09:26:28 INF][SDG.Unturned] Preloading object assets: 351/1151
[2023-04-25 09:26:28 INF][SDG.Unturned] Preloading object assets: 376/1151
[2023-04-25 09:26:28 INF][SDG.Unturned] Preloading object assets: 401/1151
[2023-04-25 09:26:29 INF][SDG.Unturned] Preloading object assets: 426/1151
[2023-04-25 09:26:29 INF][SDG.Unturned] Preloading object assets: 451/1151
[2023-04-25 09:26:29 INF][SDG.Unturned] Preloading object assets: 476/1151
[2023-04-25 09:26:29 INF][SDG.Unturned] Preloading object assets: 501/1151
[2023-04-25 09:26:30 INF][SDG.Unturned] Preloading object assets: 526/1151
[2023-04-25 09:26:30 INF][SDG.Unturned] Preloading object assets: 551/1151
[2023-04-25 09:26:30 INF][SDG.Unturned] Preloading object assets: 576/1151
[2023-04-25 09:26:31 INF][SDG.Unturned] Preloading object assets: 601/1151
[2023-04-25 09:26:31 INF][SDG.Unturned] Preloading object assets: 626/1151
[2023-04-25 09:26:31 INF][SDG.Unturned] Preloading object assets: 651/1151
[2023-04-25 09:26:31 INF][SDG.Unturned] Preloading object assets: 676/1151
[2023-04-25 09:26:32 INF][SDG.Unturned] Preloading object assets: 701/1151
[2023-04-25 09:26:32 INF][SDG.Unturned] Preloading object assets: 726/1151
[2023-04-25 09:26:32 INF][SDG.Unturned] Preloading object assets: 751/1151
[2023-04-25 09:26:32 INF][SDG.Unturned] Preloading object assets: 776/1151
[2023-04-25 09:26:33 INF][SDG.Unturned] Preloading object assets: 801/1151
[2023-04-25 09:26:33 INF][SDG.Unturned] Preloading object assets: 826/1151
[2023-04-25 09:26:33 INF][SDG.Unturned] Preloading object assets: 851/1151
[2023-04-25 09:26:33 INF][SDG.Unturned] Preloading object assets: 876/1151
[2023-04-25 09:26:34 INF][SDG.Unturned] Preloading object assets: 901/1151
[2023-04-25 09:26:34 INF][SDG.Unturned] Preloading object assets: 926/1151
[2023-04-25 09:26:34 INF][SDG.Unturned] Preloading object assets: 951/1151
[2023-04-25 09:26:34 INF][SDG.Unturned] Preloading object assets: 976/1151
[2023-04-25 09:26:35 INF][SDG.Unturned] Preloading object assets: 1001/1151
[2023-04-25 09:26:35 INF][SDG.Unturned] Preloading object assets: 1026/1151
[2023-04-25 09:26:35 INF][SDG.Unturned] Preloading object assets: 1051/1151
[2023-04-25 09:26:36 INF][SDG.Unturned] Preloading object assets: 1076/1151
[2023-04-25 09:26:36 INF][SDG.Unturned] Preloading object assets: 1101/1151
[2023-04-25 09:26:36 INF][SDG.Unturned] Preloading object assets: 1126/1151
[2023-04-25 09:26:37 INF][SDG.Unturned] Preloading object assets: 1151/1151
[2023-04-25 09:26:37 INF][SDG.Unturned] Found resource assets: 49
[2023-04-25 09:26:37 INF][SDG.Unturned] Preloading resource assets: 24/49
[2023-04-25 09:26:38 INF][SDG.Unturned] Preloading resource assets: 49/49
[2023-04-25 09:26:38 INF][SDG.Unturned] Found vehicle assets: 189
[2023-04-25 09:26:38 INF][SDG.Unturned] Preloading vehicle assets: 14/189
[2023-04-25 09:26:38 INF][SDG.Unturned] Preloading vehicle assets: 39/189
[2023-04-25 09:26:38 INF][SDG.Unturned] Preloading vehicle assets: 64/189
[2023-04-25 09:26:39 INF][SDG.Unturned] Preloading vehicle assets: 89/189
[2023-04-25 09:26:39 INF][SDG.Unturned] Preloading vehicle assets: 114/189
[2023-04-25 09:26:39 INF][SDG.Unturned] Preloading vehicle assets: 139/189
[2023-04-25 09:26:39 INF][SDG.Unturned] Preloading vehicle assets: 164/189
[2023-04-25 09:26:40 INF][SDG.Unturned] Preloading vehicle assets: 189/189
[2023-04-25 09:26:40 INF][SDG.Unturned] Found animal assets: 7
[2023-04-25 09:26:40 INF][SDG.Unturned] Preloading animal assets: 7/7
[2023-04-25 09:26:40 INF][SDG.Unturned] Found mythic assets: 50
[2023-04-25 09:26:40 INF][SDG.Unturned] Preloading mythic assets: 25/50
[2023-04-25 09:26:40 INF][SDG.Unturned] Preloading mythic assets: 50/50
[2023-04-25 09:26:41 INF][SDG.Unturned] Found skin assets: 492
[2023-04-25 09:26:41 INF][SDG.Unturned] Preloading skin assets: 17/492
[2023-04-25 09:26:41 INF][SDG.Unturned] Preloading skin assets: 42/492
[2023-04-25 09:26:41 INF][SDG.Unturned] Preloading skin assets: 67/492
[2023-04-25 09:26:41 INF][SDG.Unturned] Preloading skin assets: 92/492
[2023-04-25 09:26:42 INF][SDG.Unturned] Preloading skin assets: 117/492
[2023-04-25 09:26:42 INF][SDG.Unturned] Preloading skin assets: 142/492
[2023-04-25 09:26:42 INF][SDG.Unturned] Preloading skin assets: 167/492
[2023-04-25 09:26:42 INF][SDG.Unturned] Preloading skin assets: 192/492
[2023-04-25 09:26:42 INF][SDG.Unturned] Preloading skin assets: 217/492
[2023-04-25 09:26:43 INF][SDG.Unturned] Preloading skin assets: 242/492
[2023-04-25 09:26:43 INF][SDG.Unturned] Preloading skin assets: 267/492
[2023-04-25 09:26:43 INF][SDG.Unturned] Preloading skin assets: 292/492
[2023-04-25 09:26:43 INF][SDG.Unturned] Preloading skin assets: 317/492
[2023-04-25 09:26:43 INF][SDG.Unturned] Preloading skin assets: 342/492
[2023-04-25 09:26:44 INF][SDG.Unturned] Preloading skin assets: 367/492
[2023-04-25 09:26:44 INF][SDG.Unturned] Preloading skin assets: 392/492
[2023-04-25 09:26:44 INF][SDG.Unturned] Preloading skin assets: 417/492
[2023-04-25 09:26:44 INF][SDG.Unturned] Preloading skin assets: 442/492
[2023-04-25 09:26:44 INF][SDG.Unturned] Preloading skin assets: 467/492
[2023-04-25 09:26:44 INF][SDG.Unturned] Preloading skin assets: 492/492
[2023-04-25 09:26:45 INF][SDG.Unturned] Found spawn table assets: 824
[2023-04-25 09:26:45 INF][SDG.Unturned] Preloading spawn table assets: 24/824
[2023-04-25 09:26:45 INF][SDG.Unturned] Preloading spawn table assets: 49/824
[2023-04-25 09:26:46 INF][SDG.Unturned] Preloading spawn table assets: 74/824
[2023-04-25 09:26:46 INF][SDG.Unturned] Preloading spawn table assets: 99/824
[2023-04-25 09:26:46 INF][SDG.Unturned] Preloading spawn table assets: 124/824
[2023-04-25 09:26:46 INF][SDG.Unturned] Preloading spawn table assets: 149/824
[2023-04-25 09:26:46 INF][SDG.Unturned] Preloading spawn table assets: 174/824
[2023-04-25 09:26:46 INF][SDG.Unturned] Preloading spawn table assets: 199/824
[2023-04-25 09:26:46 INF][SDG.Unturned] Preloading spawn table assets: 224/824
[2023-04-25 09:26:47 INF][SDG.Unturned] Preloading spawn table assets: 249/824
[2023-04-25 09:26:47 INF][SDG.Unturned] Preloading spawn table assets: 274/824
[2023-04-25 09:26:47 INF][SDG.Unturned] Preloading spawn table assets: 299/824
[2023-04-25 09:26:47 INF][SDG.Unturned] Preloading spawn table assets: 324/824
[2023-04-25 09:26:47 INF][SDG.Unturned] Preloading spawn table assets: 349/824
[2023-04-25 09:26:47 INF][SDG.Unturned] Preloading spawn table assets: 374/824
[2023-04-25 09:26:47 INF][SDG.Unturned] Preloading spawn table assets: 399/824
[2023-04-25 09:26:47 INF][SDG.Unturned] Preloading spawn table assets: 424/824
[2023-04-25 09:26:48 INF][SDG.Unturned] Preloading spawn table assets: 449/824
[2023-04-25 09:26:48 INF][SDG.Unturned] Preloading spawn table assets: 474/824
[2023-04-25 09:26:48 INF][SDG.Unturned] Preloading spawn table assets: 499/824
[2023-04-25 09:26:48 INF][SDG.Unturned] Preloading spawn table assets: 524/824
[2023-04-25 09:26:48 INF][SDG.Unturned] Preloading spawn table assets: 549/824
[2023-04-25 09:26:48 INF][SDG.Unturned] Preloading spawn table assets: 574/824
[2023-04-25 09:26:48 INF][SDG.Unturned] Preloading spawn table assets: 599/824
[2023-04-25 09:26:48 INF][SDG.Unturned] Preloading spawn table assets: 624/824
[2023-04-25 09:26:49 INF][SDG.Unturned] Preloading spawn table assets: 649/824
[2023-04-25 09:26:49 INF][SDG.Unturned] Preloading spawn table assets: 674/824
[2023-04-25 09:26:49 INF][SDG.Unturned] Preloading spawn table assets: 699/824
[2023-04-25 09:26:49 INF][SDG.Unturned] Preloading spawn table assets: 724/824
[2023-04-25 09:26:49 INF][SDG.Unturned] Preloading spawn table assets: 749/824
[2023-04-25 09:26:49 INF][SDG.Unturned] Preloading spawn table assets: 774/824
[2023-04-25 09:26:49 INF][SDG.Unturned] Preloading spawn table assets: 799/824
[2023-04-25 09:26:49 INF][SDG.Unturned] Preloading spawn table assets: 824/824
[2023-04-25 09:26:50 INF][SDG.Unturned] Found NPC assets: 214
[2023-04-25 09:26:50 INF][SDG.Unturned] Preloading NPC assets: 14/214
[2023-04-25 09:26:50 INF][SDG.Unturned] Preloading NPC assets: 39/214
[2023-04-25 09:26:51 INF][SDG.Unturned] Preloading NPC assets: 64/214
[2023-04-25 09:26:51 INF][SDG.Unturned] Preloading NPC assets: 89/214
[2023-04-25 09:26:51 INF][SDG.Unturned] Preloading NPC assets: 114/214
[2023-04-25 09:26:52 INF][SDG.Unturned] Preloading NPC assets: 139/214
[2023-04-25 09:26:52 INF][SDG.Unturned] Preloading NPC assets: 164/214
[2023-04-25 09:26:52 INF][SDG.Unturned] Preloading NPC assets: 189/214
[2023-04-25 09:26:53 INF][SDG.Unturned] Preloading NPC assets: 214/214
[2023-04-25 09:26:53 INF][SDG.Unturned] Found shared workshop assets: 0
[2023-04-25 09:26:53 INF][SDG.Unturned] Found server workshop assets: 0
[2023-04-25 09:26:53 INF][SDG.Unturned] Found server assets: 0
[2023-04-25 09:26:53 INF][SDG.Unturned] Found Alpha Valley assets: 0
[2023-04-25 09:26:53 INF][SDG.Unturned] Found Destruction assets: 0
[2023-04-25 09:26:53 INF][SDG.Unturned] Found Germany assets: 0
[2023-04-25 09:26:53 INF][SDG.Unturned] Found Monolith assets: 0
[2023-04-25 09:26:53 INF][SDG.Unturned] Found Paintball Arena assets: 0
[2023-04-25 09:26:53 INF][SDG.Unturned] Found PEI assets: 0
[2023-04-25 09:26:54 INF][SDG.Unturned] Found Russia assets: 0
[2023-04-25 09:26:54 INF][SDG.Unturned] Found Washington assets: 0
[2023-04-25 09:26:54 INF][SDG.Unturned] Found Yukon assets: 0
[2023-04-25 09:26:54 INF][SDG.Unturned] Cleaning up...
[2023-04-25 09:26:54 INF][SDG.Unturned] Linking blueprints...
[2023-04-25 09:26:54 INF][SDG.Unturned] Linking spawns...
[2023-04-25 09:26:54 INF][SDG.Unturned] Loading miscellaneous...
[2023-04-25 09:26:56 INF][SDG.Unturned] Waiting for Steam servers...
[2023-04-25 09:26:57 INF][RocketMod] [registered] /rflush (Rocket.Core.Commands.CommandRFlush/rflush)
[2023-04-25 09:26:57 INF][RocketMod] [registered] /rkick (Rocket.Core.Commands.CommandRKick/rkick)
[2023-04-25 09:26:57 INF][RocketMod] [registered] /rwho (Rocket.Core.Commands.CommandRWho/rwho)
[2023-04-25 09:26:57 INF][RocketMod] [registered] /admin (Rocket.Unturned.Commands.UnturnedCommands/admin)
[2023-04-25 09:26:57 INF][RocketMod] [registered] /admins (Rocket.Unturned.Commands.UnturnedCommands/admins)
[2023-04-25 09:26:57 INF][RocketMod] [registered] /airdrop (Rocket.Unturned.Commands.UnturnedCommands/airdrop)
[2023-04-25 09:26:57 INF][RocketMod] [registered] /animal (Rocket.Unturned.Commands.UnturnedCommands/animal)
[2023-04-25 09:26:57 INF][RocketMod] [registered] /ban (Rocket.Unturned.Commands.UnturnedCommands/ban)
[2023-04-25 09:26:57 INF][RocketMod] [registered] /bans (Rocket.Unturned.Commands.UnturnedCommands/bans)
[2023-04-25 09:26:57 INF][RocketMod] [registered] /bind (Rocket.Unturned.Commands.UnturnedCommands/bind)
[2023-04-25 09:26:57 INF][RocketMod] [registered] /chatrate (Rocket.Unturned.Commands.UnturnedCommands/chatrate)
[2023-04-25 09:26:57 INF][RocketMod] [registered] /cheats (Rocket.Unturned.Commands.UnturnedCommands/cheats)
[2023-04-25 09:26:57 INF][RocketMod] [registered] /cycle (Rocket.Unturned.Commands.UnturnedCommands/cycle)
[2023-04-25 09:26:57 INF][RocketMod] [registered] /day (Rocket.Unturned.Commands.UnturnedCommands/day)
[2023-04-25 09:26:57 INF][RocketMod] [registered] /debug (Rocket.Unturned.Commands.UnturnedCommands/debug)
[2023-04-25 09:26:57 INF][RocketMod] [registered] /effectui (Rocket.Unturned.Commands.UnturnedCommands/effectui)
[2023-04-25 09:26:57 INF][RocketMod] [registered] /experience (Rocket.Unturned.Commands.UnturnedCommands/experience)
[2023-04-25 09:26:57 INF][RocketMod] [registered] /filter (Rocket.Unturned.Commands.UnturnedCommands/filter)
[2023-04-25 09:26:57 INF][RocketMod] [registered] /flag (Rocket.Unturned.Commands.UnturnedCommands/flag)
[2023-04-25 09:26:57 INF][RocketMod] [registered] /gamemode (Rocket.Unturned.Commands.UnturnedCommands/gamemode)
[2023-04-25 09:26:57 INF][RocketMod] [registered] /give (Rocket.Unturned.Commands.UnturnedCommands/give)
[2023-04-25 09:26:57 INF][RocketMod] [registered] /gold (Rocket.Unturned.Commands.UnturnedCommands/gold)
[2023-04-25 09:26:57 INF][RocketMod] [registered] /gslt (Rocket.Unturned.Commands.UnturnedCommands/gslt)
[2023-04-25 09:26:57 INF][RocketMod] [registered] /help (Rocket.Unturned.Commands.UnturnedCommands/help)
[2023-04-25 09:26:57 INF][RocketMod] [registered] /hide_admins (Rocket.Unturned.Commands.UnturnedCommands/hide_admins)
[2023-04-25 09:26:57 INF][RocketMod] [registered] /kick (Rocket.Unturned.Commands.UnturnedCommands/kick)
[2023-04-25 09:26:57 INF][RocketMod] [registered] /kill (Rocket.Unturned.Commands.UnturnedCommands/kill)
[2023-04-25 09:26:57 INF][RocketMod] [registered] /loadout (Rocket.Unturned.Commands.UnturnedCommands/loadout)
[2023-04-25 09:26:57 INF][RocketMod] [registered] /log (Rocket.Unturned.Commands.UnturnedCommands/log)
[2023-04-25 09:26:57 INF][RocketMod] [registered] /logmemoryusage (Rocket.Unturned.Commands.UnturnedCommands/logmemoryusage)
[2023-04-25 09:26:57 INF][RocketMod] [registered] /map (Rocket.Unturned.Commands.UnturnedCommands/map)
[2023-04-25 09:26:57 INF][RocketMod] [registered] /maxplayers (Rocket.Unturned.Commands.UnturnedCommands/maxplayers)
[2023-04-25 09:26:57 INF][RocketMod] [registered] /mode (Rocket.Unturned.Commands.UnturnedCommands/mode)
[2023-04-25 09:26:57 INF][RocketMod] [registered] /modules (Rocket.Unturned.Commands.UnturnedCommands/modules)
[2023-04-25 09:26:57 INF][RocketMod] [registered] /name (Rocket.Unturned.Commands.UnturnedCommands/name)
[2023-04-25 09:26:57 INF][RocketMod] [registered] /night (Rocket.Unturned.Commands.UnturnedCommands/night)
[2023-04-25 09:26:57 INF][RocketMod] [registered] /npcevent (Rocket.Unturned.Commands.UnturnedCommands/npcevent)
[2023-04-25 09:26:57 INF][RocketMod] [registered] /owner (Rocket.Unturned.Commands.UnturnedCommands/owner)
[2023-04-25 09:26:57 INF][RocketMod] [registered] /password (Rocket.Unturned.Commands.UnturnedCommands/password)
[2023-04-25 09:26:57 INF][RocketMod] [registered] /permit (Rocket.Unturned.Commands.UnturnedCommands/permit)
[2023-04-25 09:26:57 INF][RocketMod] [registered] /permits (Rocket.Unturned.Commands.UnturnedCommands/permits)
[2023-04-25 09:26:57 INF][RocketMod] [registered] /perspective (Rocket.Unturned.Commands.UnturnedCommands/perspective)
[2023-04-25 09:26:57 INF][RocketMod] [registered] /players (Rocket.Unturned.Commands.UnturnedCommands/players)
[2023-04-25 09:26:57 INF][RocketMod] [registered] /port (Rocket.Unturned.Commands.UnturnedCommands/port)
[2023-04-25 09:26:57 INF][RocketMod] [registered] /pve (Rocket.Unturned.Commands.UnturnedCommands/pve)
[2023-04-25 09:26:57 INF][RocketMod] [registered] /quest (Rocket.Unturned.Commands.UnturnedCommands/quest)
[2023-04-25 09:26:57 INF][RocketMod] [registered] /queue_size (Rocket.Unturned.Commands.UnturnedCommands/queue_size)
[2023-04-25 09:26:57 INF][RocketMod] [registered] /reload (Rocket.Unturned.Commands.UnturnedCommands/reload)
[2023-04-25 09:26:57 INF][RocketMod] [registered] /reputation (Rocket.Unturned.Commands.UnturnedCommands/reputation)
[2023-04-25 09:26:57 INF][RocketMod] [registered] /resetconfig (Rocket.Unturned.Commands.UnturnedCommands/resetconfig)
[2023-04-25 09:26:57 INF][RocketMod] [registered] /save (Rocket.Unturned.Commands.UnturnedCommands/save)
[2023-04-25 09:26:57 INF][RocketMod] [registered] /say (Rocket.Unturned.Commands.UnturnedCommands/say)
[2023-04-25 09:26:57 INF][RocketMod] [registered] /scheduledshutdowninfo (Rocket.Unturned.Commands.UnturnedCommands/scheduledshutdowninfo)
[2023-04-25 09:26:57 INF][RocketMod] [registered] /setnpcspawn (Rocket.Unturned.Commands.UnturnedCommands/setnpcspawn)
[2023-04-25 09:26:57 INF][RocketMod] [registered] /shutdown (Rocket.Unturned.Commands.UnturnedCommands/shutdown)
[2023-04-25 09:26:57 INF][RocketMod] [registered] /slay (Rocket.Unturned.Commands.UnturnedCommands/slay)
[2023-04-25 09:26:57 INF][RocketMod] [registered] /spy (Rocket.Unturned.Commands.UnturnedCommands/spy)
[2023-04-25 09:26:57 INF][RocketMod] [registered] /sync (Rocket.Unturned.Commands.UnturnedCommands/sync)
[2023-04-25 09:26:57 INF][RocketMod] [registered] /teleport (Rocket.Unturned.Commands.UnturnedCommands/teleport)
[2023-04-25 09:26:57 INF][RocketMod] [registered] /time (Rocket.Unturned.Commands.UnturnedCommands/time)
[2023-04-25 09:26:57 INF][RocketMod] [registered] /timeout (Rocket.Unturned.Commands.UnturnedCommands/timeout)
[2023-04-25 09:26:57 INF][RocketMod] [registered] /unadmin (Rocket.Unturned.Commands.UnturnedCommands/unadmin)
[2023-04-25 09:26:57 INF][RocketMod] [registered] /unban (Rocket.Unturned.Commands.UnturnedCommands/unban)
[2023-04-25 09:26:57 INF][RocketMod] [registered] /unlocknpcachievement (Rocket.Unturned.Commands.UnturnedCommands/unlocknpcachievement)
[2023-04-25 09:26:57 INF][RocketMod] [registered] /unpermit (Rocket.Unturned.Commands.UnturnedCommands/unpermit)
[2023-04-25 09:26:57 INF][RocketMod] [registered] /vehicle (Rocket.Unturned.Commands.UnturnedCommands/vehicle)
[2023-04-25 09:26:57 INF][RocketMod] [registered] /votify (Rocket.Unturned.Commands.UnturnedCommands/votify)
[2023-04-25 09:26:57 INF][RocketMod] [registered] /weather (Rocket.Unturned.Commands.UnturnedCommands/weather)
[2023-04-25 09:26:57 INF][RocketMod] [registered] /welcome (Rocket.Unturned.Commands.UnturnedCommands/welcome)
[2023-04-25 09:26:57 INF][RocketMod] [registered] /whitelisted (Rocket.Unturned.Commands.UnturnedCommands/whitelisted)
[2023-04-25 09:26:57 INF][RocketMod] [registered] /more (Rocket.Unturned.Commands.CommandMore/more)
[2023-04-25 09:26:57 INF][RocketMod] Other mapping to: Rocket.Unturned.Commands.UnturnedCommands/admin / Rocket.Unturned.Commands.CommandAdmin/admin
[2023-04-25 09:26:57 INF][RocketMod] [registered] /admin (Rocket.Unturned.Commands.CommandAdmin/admin)
[2023-04-25 09:26:57 INF][RocketMod] [registered] /broadcast (Rocket.Unturned.Commands.CommandBroadcast/broadcast)
[2023-04-25 09:26:57 INF][RocketMod] [registered] /compass (Rocket.Unturned.Commands.CommandCompass/compass)
[2023-04-25 09:26:57 INF][RocketMod] [registered] /effect (Rocket.Unturned.Commands.CommandEffect/effect)
[2023-04-25 09:26:57 INF][RocketMod] [registered] /exit (Rocket.Unturned.Commands.CommandExit/exit)
[2023-04-25 09:26:57 INF][RocketMod] [registered] /god (Rocket.Unturned.Commands.CommandGod/god)
[2023-04-25 09:26:57 INF][RocketMod] [registered] /heal (Rocket.Unturned.Commands.CommandHeal/heal)
[2023-04-25 09:26:57 INF][RocketMod] Other mapping to: Rocket.Unturned.Commands.UnturnedCommands/help / Rocket.Unturned.Commands.CommandHelp/help
[2023-04-25 09:26:57 INF][RocketMod] [registered] /help (Rocket.Unturned.Commands.CommandHelp/help)
[2023-04-25 09:26:57 INF][RocketMod] [registered] /home (Rocket.Unturned.Commands.CommandHome/home)
[2023-04-25 09:26:57 INF][RocketMod] [registered] /i (Rocket.Unturned.Commands.CommandI/i)
[2023-04-25 09:26:57 INF][RocketMod] [registered] /item (Rocket.Unturned.Commands.CommandI/item)
[2023-04-25 09:26:57 INF][RocketMod] [registered] /investigate (Rocket.Unturned.Commands.CommandInvestigate/investigate)
[2023-04-25 09:26:57 INF][RocketMod] [registered] /p (Rocket.Unturned.Commands.CommandP/p)
[2023-04-25 09:26:57 INF][RocketMod] [registered] /permissions (Rocket.Unturned.Commands.CommandP/permissions)
[2023-04-25 09:26:57 INF][RocketMod] [registered] /rocket (Rocket.Unturned.Commands.CommandRocket/rocket)
[2023-04-25 09:26:57 INF][RocketMod] [registered] /tp (Rocket.Unturned.Commands.CommandTp/tp)
[2023-04-25 09:26:57 INF][RocketMod] [registered] /tphere (Rocket.Unturned.Commands.CommandTphere/tphere)
[2023-04-25 09:26:57 INF][RocketMod] Other mapping to: Rocket.Unturned.Commands.UnturnedCommands/unadmin / Rocket.Unturned.Commands.CommandUnadmin/unadmin
[2023-04-25 09:26:57 INF][RocketMod] [registered] /unadmin (Rocket.Unturned.Commands.CommandUnadmin/unadmin)
[2023-04-25 09:26:57 INF][RocketMod] [registered] /v (Rocket.Unturned.Commands.CommandV/v)
[2023-04-25 09:26:57 INF][RocketMod] [registered] /vanish (Rocket.Unturned.Commands.CommandVanish/vanish)
[2023-04-25 09:26:57 INF][OpenMod.Unturned.RocketMod.RocketModIntegration] RocketMod is ready
[2023-04-25 09:26:57 INF][OpenMod.Unturned.RocketMod.RocketModIntegration] RocketMod plugins have been loaded
[2023-04-25 09:26:57 INF][RocketMod] This server will automatically save every 1800 seconds
[2023-04-25 09:26:58 INF][SDG.Unturned] Steam servers ready!
[2023-04-25 09:26:58 INF][SDG.Unturned] Workshop install folder: D:\Steam\steamapps\common\U3DS/Servers/LetsFindOut/Workshop/Steam
[2023-04-25 09:26:58 INF][SDG.Unturned] 0 workshop item(s) requested
[2023-04-25 09:26:59 INF][SDG.Unturned] Loading level: 8%
[2023-04-25 09:27:00 INF][SDG.Unturned] Loading level: 16%
[2023-04-25 09:27:00 INF][SDG.Unturned] Loading level: 25%
[2023-04-25 09:27:00 INF][SDG.Unturned] Loading level: 33%
[2023-04-25 09:27:00 INF][SDG.Unturned] Loading level: 41%
[2023-04-25 09:27:00 INF][SDG.Unturned] Loading level: 50%
[2023-04-25 09:27:00 INF][SDG.Unturned] Loading level: 58%
[2023-04-25 09:27:00 INF][SDG.Unturned] Loading level: 66%
[2023-04-25 09:27:00 INF][SDG.Unturned] Loading level: 75%
[2023-04-25 09:27:00 INF][SDG.Unturned] Loading level: 83%
[2023-04-25 09:27:00 INF][SDG.Unturned] Loading level: 91%
[2023-04-25 09:27:00 INF][SDG.Unturned] Loading level: 100%
[2023-04-25 09:27:04 WRN][SDG.Unturned] Steam Game Server Login Token (GSLT) not set
[2023-04-25 09:27:04 WRN][SDG.Unturned] Without a login token the server:
[2023-04-25 09:27:04 WRN][SDG.Unturned] - Is not visible in Internet server list
[2023-04-25 09:27:04 WRN][SDG.Unturned] - Cannot be joined over the Internet
[2023-04-25 09:27:04 WRN][SDG.Unturned] See this link for guide and more information:
[2023-04-25 09:27:04 WRN][SDG.Unturned] https://docs.smartlydressedgames.com/en/stable/servers/game-server-login-tokens.html
[2023-04-25 09:27:45 INF][OpenMod.Core.Commands.CommandExecutor] Actor console/Console has executed command "shutdown"
[2023-04-25 09:27:45 INF][OpenMod.Core.Console.ConsoleActor] Shutting down...
[2023-04-25 09:27:47 INF][OpenMod.Runtime.Runtime] OpenMod is shutting down...
[2023-04-25 09:27:47 INF][OpenMod.Core.Plugins.PluginActivator] Unloading all plugins...
[2023-04-25 09:27:47 INF][OpenMod.Core.Plugins.PluginActivator] > 0 plugins unloaded
