[2023-03-25 08:32:26 INF][OpenMod.Runtime.Runtime] OpenMod v3.3.9+e4666b18.e4666b187fdf435e52c676c2d79f03448d384495 is starting...
[2023-03-25 08:32:41 INF][OpenMod.Core.Permissions.PermissionRolesDataStore] Permissions have been reloaded
[2023-03-25 08:32:41 INF][OpenMod.Runtime.OpenModHostedService] Initializing for host: OpenMod for Unturned v3.3.9+e4666b18.e4666b187fdf435e52c676c2d79f03448d384495
[2023-03-25 08:32:41 INF][OpenMod.Unturned.OpenModUnturnedHost] OpenMod for Unturned v3.3.9+e4666b18.e4666b187fdf435e52c676c2d79f03448d384495 is initializing...
[2023-03-25 08:32:41 INF][OpenMod.Unturned.RocketMod.RocketModIntegration] RocketMod is installed, enabling RocketMod integration
[2023-03-25 08:32:42 INF][OpenMod.Unturned.OpenModUnturnedHost] OpenMod for Unturned is ready
[2023-03-25 08:32:42 INF][OpenMod.Runtime.OpenModHostedService] Loading plugins...
[2023-03-25 08:32:42 INF][OpenMod.Runtime.OpenModHostedService] > 0 plugins loaded
[2023-03-25 08:32:42 INF][OpenMod.Core.Jobs.JobScheduler] Scheduling job "OpenMod Auto Update" with schedule "0 0 * * 0"
[2023-03-25 08:32:42 INF][SDG.Unturned] Rocket Unturned v4.9.3.14 for Unturned v3.23.4.0
[2023-03-25 08:32:42 INF][SDG.Unturned] Mounting core: 0%
[2023-03-25 08:32:42 INF][SDG.Unturned] Mounting core: 1%
[2023-03-25 08:32:42 INF][SDG.Unturned] Mounting core: 2%
[2023-03-25 08:32:43 INF][SDG.Unturned] Mounting core: 3%
[2023-03-25 08:32:43 INF][SDG.Unturned] Mounting core: 4%
[2023-03-25 08:32:43 INF][SDG.Unturned] Mounting core: 5%
[2023-03-25 08:32:43 INF][SDG.Unturned] Mounting core: 6%
[2023-03-25 08:32:44 INF][SDG.Unturned] Mounting core: 7%
[2023-03-25 08:32:44 INF][SDG.Unturned] Mounting core: 8%
[2023-03-25 08:32:45 INF][SDG.Unturned] Mounting core: 9%
[2023-03-25 08:32:45 INF][SDG.Unturned] Mounting core: 10%
[2023-03-25 08:32:46 INF][SDG.Unturned] Mounting core: 11%
[2023-03-25 08:32:46 INF][SDG.Unturned] Mounting core: 12%
[2023-03-25 08:32:46 INF][SDG.Unturned] Mounting core: 13%
[2023-03-25 08:32:46 INF][SDG.Unturned] Mounting core: 14%
[2023-03-25 08:32:46 INF][SDG.Unturned] Mounting core: 15%
[2023-03-25 08:32:46 INF][SDG.Unturned] Mounting core: 16%
[2023-03-25 08:32:46 INF][SDG.Unturned] Mounting core: 17%
[2023-03-25 08:32:46 INF][SDG.Unturned] Mounting core: 18%
[2023-03-25 08:32:47 INF][SDG.Unturned] Mounting core: 19%
[2023-03-25 08:32:47 INF][SDG.Unturned] Mounting core: 20%
[2023-03-25 08:32:47 INF][SDG.Unturned] Mounting core: 21%
[2023-03-25 08:32:47 INF][SDG.Unturned] Mounting core: 22%
[2023-03-25 08:32:47 INF][SDG.Unturned] Mounting core: 23%
[2023-03-25 08:32:47 INF][SDG.Unturned] Mounting core: 24%
[2023-03-25 08:32:47 INF][SDG.Unturned] Mounting core: 25%
[2023-03-25 08:32:47 INF][SDG.Unturned] Mounting core: 26%
[2023-03-25 08:32:47 INF][SDG.Unturned] Mounting core: 27%
[2023-03-25 08:32:47 INF][SDG.Unturned] Mounting core: 28%
[2023-03-25 08:32:47 INF][SDG.Unturned] Mounting core: 29%
[2023-03-25 08:32:47 INF][SDG.Unturned] Mounting core: 30%
[2023-03-25 08:32:48 INF][SDG.Unturned] Mounting core: 31%
[2023-03-25 08:32:48 INF][SDG.Unturned] Mounting core: 32%
[2023-03-25 08:32:48 INF][SDG.Unturned] Mounting core: 33%
[2023-03-25 08:32:48 INF][SDG.Unturned] Mounting core: 34%
[2023-03-25 08:32:48 INF][SDG.Unturned] Mounting core: 35%
[2023-03-25 08:32:48 INF][SDG.Unturned] Mounting core: 36%
[2023-03-25 08:32:48 INF][SDG.Unturned] Mounting core: 37%
[2023-03-25 08:32:48 INF][SDG.Unturned] Mounting core: 38%
[2023-03-25 08:32:48 INF][SDG.Unturned] Mounting core: 39%
[2023-03-25 08:32:48 INF][SDG.Unturned] Mounting core: 40%
[2023-03-25 08:32:48 INF][SDG.Unturned] Mounting core: 41%
[2023-03-25 08:32:48 INF][SDG.Unturned] Mounting core: 42%
[2023-03-25 08:32:48 INF][SDG.Unturned] Mounting core: 43%
[2023-03-25 08:32:49 INF][SDG.Unturned] Mounting core: 44%
[2023-03-25 08:32:49 INF][SDG.Unturned] Mounting core: 45%
[2023-03-25 08:32:49 INF][SDG.Unturned] Mounting core: 46%
[2023-03-25 08:32:49 INF][SDG.Unturned] Mounting core: 47%
[2023-03-25 08:32:49 INF][SDG.Unturned] Mounting core: 48%
[2023-03-25 08:32:49 INF][SDG.Unturned] Mounting core: 49%
[2023-03-25 08:32:49 INF][SDG.Unturned] Mounting core: 50%
[2023-03-25 08:32:49 INF][SDG.Unturned] Mounting core: 51%
[2023-03-25 08:32:49 INF][SDG.Unturned] Mounting core: 52%
[2023-03-25 08:32:49 INF][SDG.Unturned] Mounting core: 53%
[2023-03-25 08:32:50 INF][SDG.Unturned] Mounting core: 54%
[2023-03-25 08:32:50 INF][SDG.Unturned] Mounting core: 55%
[2023-03-25 08:32:50 INF][SDG.Unturned] Mounting core: 56%
[2023-03-25 08:32:50 INF][SDG.Unturned] Mounting core: 57%
[2023-03-25 08:32:50 INF][SDG.Unturned] Mounting core: 58%
[2023-03-25 08:32:50 INF][SDG.Unturned] Mounting core: 59%
[2023-03-25 08:32:50 INF][SDG.Unturned] Mounting core: 60%
[2023-03-25 08:32:50 INF][SDG.Unturned] Mounting core: 61%
[2023-03-25 08:32:50 INF][SDG.Unturned] Mounting core: 62%
[2023-03-25 08:32:50 INF][SDG.Unturned] Mounting core: 63%
[2023-03-25 08:32:50 INF][SDG.Unturned] Mounting core: 64%
[2023-03-25 08:32:50 INF][SDG.Unturned] Mounting core: 65%
[2023-03-25 08:32:50 INF][SDG.Unturned] Mounting core: 66%
[2023-03-25 08:32:51 INF][SDG.Unturned] Mounting core: 67%
[2023-03-25 08:32:51 INF][SDG.Unturned] Mounting core: 68%
[2023-03-25 08:32:51 INF][SDG.Unturned] Mounting core: 69%
[2023-03-25 08:32:51 INF][SDG.Unturned] Mounting core: 70%
[2023-03-25 08:32:51 INF][SDG.Unturned] Mounting core: 71%
[2023-03-25 08:32:51 INF][SDG.Unturned] Mounting core: 72%
[2023-03-25 08:32:51 INF][SDG.Unturned] Mounting core: 73%
[2023-03-25 08:32:51 INF][SDG.Unturned] Mounting core: 74%
[2023-03-25 08:32:51 INF][SDG.Unturned] Mounting core: 75%
[2023-03-25 08:32:51 INF][SDG.Unturned] Mounting core: 76%
[2023-03-25 08:32:51 INF][SDG.Unturned] Mounting core: 77%
[2023-03-25 08:32:52 INF][SDG.Unturned] Mounting core: 78%
[2023-03-25 08:32:52 INF][SDG.Unturned] Mounting core: 79%
[2023-03-25 08:32:52 INF][SDG.Unturned] Mounting core: 80%
[2023-03-25 08:32:52 INF][SDG.Unturned] Mounting core: 81%
[2023-03-25 08:32:52 INF][SDG.Unturned] Mounting core: 82%
[2023-03-25 08:32:52 INF][SDG.Unturned] Mounting core: 83%
[2023-03-25 08:32:52 INF][SDG.Unturned] Mounting core: 84%
[2023-03-25 08:32:52 INF][SDG.Unturned] Mounting core: 85%
[2023-03-25 08:32:52 INF][SDG.Unturned] Mounting core: 86%
[2023-03-25 08:32:52 INF][SDG.Unturned] Mounting core: 87%
[2023-03-25 08:32:52 INF][SDG.Unturned] Mounting core: 88%
[2023-03-25 08:32:52 INF][SDG.Unturned] Mounting core: 89%
[2023-03-25 08:32:53 INF][SDG.Unturned] Mounting core: 90%
[2023-03-25 08:32:54 INF][SDG.Unturned] Found general assets: 177
[2023-03-25 08:32:54 INF][SDG.Unturned] Preloading general assets: 2/177
[2023-03-25 08:32:54 INF][SDG.Unturned] Preloading general assets: 27/177
[2023-03-25 08:32:54 INF][SDG.Unturned] Preloading general assets: 52/177
[2023-03-25 08:32:54 INF][SDG.Unturned] Preloading general assets: 77/177
[2023-03-25 08:32:54 INF][SDG.Unturned] Preloading general assets: 102/177
[2023-03-25 08:32:55 INF][SDG.Unturned] Preloading general assets: 127/177
[2023-03-25 08:32:55 INF][SDG.Unturned] Preloading general assets: 152/177
[2023-03-25 08:32:55 INF][SDG.Unturned] Preloading general assets: 177/177
[2023-03-25 08:32:56 INF][SDG.Unturned] Found item assets: 1853
[2023-03-25 08:32:56 INF][SDG.Unturned] Preloading item assets: 3/1853
[2023-03-25 08:32:56 INF][SDG.Unturned] Preloading item assets: 28/1853
[2023-03-25 08:32:56 INF][SDG.Unturned] Preloading item assets: 53/1853
[2023-03-25 08:32:56 INF][SDG.Unturned] Preloading item assets: 78/1853
[2023-03-25 08:32:56 INF][SDG.Unturned] Preloading item assets: 103/1853
[2023-03-25 08:32:56 INF][SDG.Unturned] Preloading item assets: 128/1853
[2023-03-25 08:32:56 INF][SDG.Unturned] Preloading item assets: 153/1853
[2023-03-25 08:32:56 INF][SDG.Unturned] Preloading item assets: 178/1853
[2023-03-25 08:32:57 INF][SDG.Unturned] Preloading item assets: 203/1853
[2023-03-25 08:32:57 INF][SDG.Unturned] Preloading item assets: 228/1853
[2023-03-25 08:32:57 INF][SDG.Unturned] Preloading item assets: 253/1853
[2023-03-25 08:32:57 INF][SDG.Unturned] Preloading item assets: 278/1853
[2023-03-25 08:32:57 INF][SDG.Unturned] Preloading item assets: 303/1853
[2023-03-25 08:32:57 INF][SDG.Unturned] Preloading item assets: 328/1853
[2023-03-25 08:32:57 INF][SDG.Unturned] Preloading item assets: 353/1853
[2023-03-25 08:32:57 INF][SDG.Unturned] Preloading item assets: 378/1853
[2023-03-25 08:32:57 INF][SDG.Unturned] Preloading item assets: 403/1853
[2023-03-25 08:32:57 INF][SDG.Unturned] Preloading item assets: 428/1853
[2023-03-25 08:32:57 INF][SDG.Unturned] Preloading item assets: 453/1853
[2023-03-25 08:32:57 INF][SDG.Unturned] Preloading item assets: 478/1853
[2023-03-25 08:32:57 INF][SDG.Unturned] Preloading item assets: 503/1853
[2023-03-25 08:32:57 INF][SDG.Unturned] Preloading item assets: 528/1853
[2023-03-25 08:32:57 INF][SDG.Unturned] Preloading item assets: 553/1853
[2023-03-25 08:32:57 INF][SDG.Unturned] Preloading item assets: 578/1853
[2023-03-25 08:32:58 INF][SDG.Unturned] Preloading item assets: 603/1853
[2023-03-25 08:32:58 INF][SDG.Unturned] Preloading item assets: 628/1853
[2023-03-25 08:32:58 INF][SDG.Unturned] Preloading item assets: 653/1853
[2023-03-25 08:32:58 INF][SDG.Unturned] Preloading item assets: 678/1853
[2023-03-25 08:32:58 INF][SDG.Unturned] Preloading item assets: 703/1853
[2023-03-25 08:32:58 INF][SDG.Unturned] Preloading item assets: 728/1853
[2023-03-25 08:32:58 INF][SDG.Unturned] Preloading item assets: 753/1853
[2023-03-25 08:32:58 INF][SDG.Unturned] Preloading item assets: 778/1853
[2023-03-25 08:32:58 INF][SDG.Unturned] Preloading item assets: 803/1853
[2023-03-25 08:32:58 INF][SDG.Unturned] Preloading item assets: 828/1853
[2023-03-25 08:32:58 INF][SDG.Unturned] Preloading item assets: 853/1853
[2023-03-25 08:32:58 INF][SDG.Unturned] Preloading item assets: 878/1853
[2023-03-25 08:32:58 INF][SDG.Unturned] Preloading item assets: 903/1853
[2023-03-25 08:32:58 INF][SDG.Unturned] Preloading item assets: 928/1853
[2023-03-25 08:32:58 INF][SDG.Unturned] Preloading item assets: 953/1853
[2023-03-25 08:32:58 INF][SDG.Unturned] Preloading item assets: 978/1853
[2023-03-25 08:32:58 INF][SDG.Unturned] Preloading item assets: 1003/1853
[2023-03-25 08:32:59 INF][SDG.Unturned] Preloading item assets: 1028/1853
[2023-03-25 08:32:59 INF][SDG.Unturned] Preloading item assets: 1053/1853
[2023-03-25 08:32:59 INF][SDG.Unturned] Preloading item assets: 1078/1853
[2023-03-25 08:32:59 INF][SDG.Unturned] Preloading item assets: 1103/1853
[2023-03-25 08:32:59 INF][SDG.Unturned] Preloading item assets: 1128/1853
[2023-03-25 08:32:59 INF][SDG.Unturned] Preloading item assets: 1153/1853
[2023-03-25 08:32:59 INF][SDG.Unturned] Preloading item assets: 1178/1853
[2023-03-25 08:32:59 INF][SDG.Unturned] Preloading item assets: 1203/1853
[2023-03-25 08:32:59 INF][SDG.Unturned] Preloading item assets: 1228/1853
[2023-03-25 08:32:59 INF][SDG.Unturned] Preloading item assets: 1253/1853
[2023-03-25 08:32:59 INF][SDG.Unturned] Preloading item assets: 1278/1853
[2023-03-25 08:32:59 INF][SDG.Unturned] Preloading item assets: 1303/1853
[2023-03-25 08:33:00 INF][SDG.Unturned] Preloading item assets: 1328/1853
[2023-03-25 08:33:00 INF][SDG.Unturned] Preloading item assets: 1353/1853
[2023-03-25 08:33:00 INF][SDG.Unturned] Preloading item assets: 1378/1853
[2023-03-25 08:33:00 INF][SDG.Unturned] Preloading item assets: 1403/1853
[2023-03-25 08:33:00 INF][SDG.Unturned] Preloading item assets: 1428/1853
[2023-03-25 08:33:00 INF][SDG.Unturned] Preloading item assets: 1453/1853
[2023-03-25 08:33:00 INF][SDG.Unturned] Preloading item assets: 1478/1853
[2023-03-25 08:33:00 INF][SDG.Unturned] Preloading item assets: 1503/1853
[2023-03-25 08:33:00 INF][SDG.Unturned] Preloading item assets: 1528/1853
[2023-03-25 08:33:00 INF][SDG.Unturned] Preloading item assets: 1553/1853
[2023-03-25 08:33:00 INF][SDG.Unturned] Preloading item assets: 1578/1853
[2023-03-25 08:33:00 INF][SDG.Unturned] Preloading item assets: 1603/1853
[2023-03-25 08:33:00 INF][SDG.Unturned] Preloading item assets: 1628/1853
[2023-03-25 08:33:00 INF][SDG.Unturned] Preloading item assets: 1653/1853
[2023-03-25 08:33:00 INF][SDG.Unturned] Preloading item assets: 1678/1853
[2023-03-25 08:33:00 INF][SDG.Unturned] Preloading item assets: 1703/1853
[2023-03-25 08:33:00 INF][SDG.Unturned] Preloading item assets: 1728/1853
[2023-03-25 08:33:00 INF][SDG.Unturned] Preloading item assets: 1753/1853
[2023-03-25 08:33:01 INF][SDG.Unturned] Preloading item assets: 1778/1853
[2023-03-25 08:33:01 INF][SDG.Unturned] Preloading item assets: 1803/1853
[2023-03-25 08:33:01 INF][SDG.Unturned] Preloading item assets: 1828/1853
[2023-03-25 08:33:01 INF][SDG.Unturned] Preloading item assets: 1853/1853
[2023-03-25 08:33:01 INF][SDG.Unturned] Found effect assets: 161
[2023-03-25 08:33:01 INF][SDG.Unturned] Preloading effect assets: 11/161
[2023-03-25 08:33:01 INF][SDG.Unturned] Preloading effect assets: 36/161
[2023-03-25 08:33:01 INF][SDG.Unturned] Preloading effect assets: 61/161
[2023-03-25 08:33:01 INF][SDG.Unturned] Preloading effect assets: 86/161
[2023-03-25 08:33:01 INF][SDG.Unturned] Preloading effect assets: 111/161
[2023-03-25 08:33:01 INF][SDG.Unturned] Preloading effect assets: 136/161
[2023-03-25 08:33:01 INF][SDG.Unturned] Preloading effect assets: 161/161
[2023-03-25 08:33:02 INF][SDG.Unturned] Found object assets: 1151
[2023-03-25 08:33:02 INF][SDG.Unturned] Preloading object assets: 1/1151
[2023-03-25 08:33:02 INF][SDG.Unturned] Preloading object assets: 26/1151
[2023-03-25 08:33:02 INF][SDG.Unturned] Preloading object assets: 51/1151
[2023-03-25 08:33:02 INF][SDG.Unturned] Preloading object assets: 76/1151
[2023-03-25 08:33:02 INF][SDG.Unturned] Preloading object assets: 101/1151
[2023-03-25 08:33:02 INF][SDG.Unturned] Preloading object assets: 126/1151
[2023-03-25 08:33:02 INF][SDG.Unturned] Preloading object assets: 151/1151
[2023-03-25 08:33:02 INF][SDG.Unturned] Preloading object assets: 176/1151
[2023-03-25 08:33:02 INF][SDG.Unturned] Preloading object assets: 201/1151
[2023-03-25 08:33:02 INF][SDG.Unturned] Preloading object assets: 226/1151
[2023-03-25 08:33:03 INF][SDG.Unturned] Preloading object assets: 251/1151
[2023-03-25 08:33:03 INF][SDG.Unturned] Preloading object assets: 276/1151
[2023-03-25 08:33:03 INF][SDG.Unturned] Preloading object assets: 301/1151
[2023-03-25 08:33:03 INF][SDG.Unturned] Preloading object assets: 326/1151
[2023-03-25 08:33:03 INF][SDG.Unturned] Preloading object assets: 351/1151
[2023-03-25 08:33:03 INF][SDG.Unturned] Preloading object assets: 376/1151
[2023-03-25 08:33:03 INF][SDG.Unturned] Preloading object assets: 401/1151
[2023-03-25 08:33:03 INF][SDG.Unturned] Preloading object assets: 426/1151
[2023-03-25 08:33:03 INF][SDG.Unturned] Preloading object assets: 451/1151
[2023-03-25 08:33:03 INF][SDG.Unturned] Preloading object assets: 476/1151
[2023-03-25 08:33:03 INF][SDG.Unturned] Preloading object assets: 501/1151
[2023-03-25 08:33:03 INF][SDG.Unturned] Preloading object assets: 526/1151
[2023-03-25 08:33:03 INF][SDG.Unturned] Preloading object assets: 551/1151
[2023-03-25 08:33:03 INF][SDG.Unturned] Preloading object assets: 576/1151
[2023-03-25 08:33:03 INF][SDG.Unturned] Preloading object assets: 601/1151
[2023-03-25 08:33:03 INF][SDG.Unturned] Preloading object assets: 626/1151
[2023-03-25 08:33:03 INF][SDG.Unturned] Preloading object assets: 651/1151
[2023-03-25 08:33:03 INF][SDG.Unturned] Preloading object assets: 676/1151
[2023-03-25 08:33:03 INF][SDG.Unturned] Preloading object assets: 701/1151
[2023-03-25 08:33:04 INF][SDG.Unturned] Preloading object assets: 726/1151
[2023-03-25 08:33:04 INF][SDG.Unturned] Preloading object assets: 751/1151
[2023-03-25 08:33:04 INF][SDG.Unturned] Preloading object assets: 776/1151
[2023-03-25 08:33:04 INF][SDG.Unturned] Preloading object assets: 801/1151
[2023-03-25 08:33:04 INF][SDG.Unturned] Preloading object assets: 826/1151
[2023-03-25 08:33:04 INF][SDG.Unturned] Preloading object assets: 851/1151
[2023-03-25 08:33:04 INF][SDG.Unturned] Preloading object assets: 876/1151
[2023-03-25 08:33:04 INF][SDG.Unturned] Preloading object assets: 901/1151
[2023-03-25 08:33:04 INF][SDG.Unturned] Preloading object assets: 926/1151
[2023-03-25 08:33:04 INF][SDG.Unturned] Preloading object assets: 951/1151
[2023-03-25 08:33:04 INF][SDG.Unturned] Preloading object assets: 976/1151
[2023-03-25 08:33:04 INF][SDG.Unturned] Preloading object assets: 1001/1151
[2023-03-25 08:33:04 INF][SDG.Unturned] Preloading object assets: 1026/1151
[2023-03-25 08:33:04 INF][SDG.Unturned] Preloading object assets: 1051/1151
[2023-03-25 08:33:04 INF][SDG.Unturned] Preloading object assets: 1076/1151
[2023-03-25 08:33:04 INF][SDG.Unturned] Preloading object assets: 1101/1151
[2023-03-25 08:33:04 INF][SDG.Unturned] Preloading object assets: 1126/1151
[2023-03-25 08:33:04 INF][SDG.Unturned] Preloading object assets: 1151/1151
[2023-03-25 08:33:04 INF][SDG.Unturned] Found resource assets: 49
[2023-03-25 08:33:05 INF][SDG.Unturned] Preloading resource assets: 24/49
[2023-03-25 08:33:05 INF][SDG.Unturned] Preloading resource assets: 49/49
[2023-03-25 08:33:05 INF][SDG.Unturned] Found vehicle assets: 189
[2023-03-25 08:33:05 INF][SDG.Unturned] Preloading vehicle assets: 14/189
[2023-03-25 08:33:05 INF][SDG.Unturned] Preloading vehicle assets: 39/189
[2023-03-25 08:33:05 INF][SDG.Unturned] Preloading vehicle assets: 64/189
[2023-03-25 08:33:05 INF][SDG.Unturned] Preloading vehicle assets: 89/189
[2023-03-25 08:33:05 INF][SDG.Unturned] Preloading vehicle assets: 114/189
[2023-03-25 08:33:05 INF][SDG.Unturned] Preloading vehicle assets: 139/189
[2023-03-25 08:33:05 INF][SDG.Unturned] Preloading vehicle assets: 164/189
[2023-03-25 08:33:05 INF][SDG.Unturned] Preloading vehicle assets: 189/189
[2023-03-25 08:33:05 INF][SDG.Unturned] Found animal assets: 7
[2023-03-25 08:33:05 INF][SDG.Unturned] Preloading animal assets: 7/7
[2023-03-25 08:33:05 INF][SDG.Unturned] Found mythic assets: 50
[2023-03-25 08:33:06 INF][SDG.Unturned] Preloading mythic assets: 25/50
[2023-03-25 08:33:06 INF][SDG.Unturned] Preloading mythic assets: 50/50
[2023-03-25 08:33:06 INF][SDG.Unturned] Found skin assets: 492
[2023-03-25 08:33:06 INF][SDG.Unturned] Preloading skin assets: 17/492
[2023-03-25 08:33:06 INF][SDG.Unturned] Preloading skin assets: 42/492
[2023-03-25 08:33:06 INF][SDG.Unturned] Preloading skin assets: 67/492
[2023-03-25 08:33:06 INF][SDG.Unturned] Preloading skin assets: 92/492
[2023-03-25 08:33:06 INF][SDG.Unturned] Preloading skin assets: 117/492
[2023-03-25 08:33:06 INF][SDG.Unturned] Preloading skin assets: 142/492
[2023-03-25 08:33:06 INF][SDG.Unturned] Preloading skin assets: 167/492
[2023-03-25 08:33:06 INF][SDG.Unturned] Preloading skin assets: 192/492
[2023-03-25 08:33:06 INF][SDG.Unturned] Preloading skin assets: 217/492
[2023-03-25 08:33:06 INF][SDG.Unturned] Preloading skin assets: 242/492
[2023-03-25 08:33:06 INF][SDG.Unturned] Preloading skin assets: 267/492
[2023-03-25 08:33:06 INF][SDG.Unturned] Preloading skin assets: 292/492
[2023-03-25 08:33:06 INF][SDG.Unturned] Preloading skin assets: 317/492
[2023-03-25 08:33:06 INF][SDG.Unturned] Preloading skin assets: 342/492
[2023-03-25 08:33:06 INF][SDG.Unturned] Preloading skin assets: 367/492
[2023-03-25 08:33:06 INF][SDG.Unturned] Preloading skin assets: 392/492
[2023-03-25 08:33:06 INF][SDG.Unturned] Preloading skin assets: 417/492
[2023-03-25 08:33:06 INF][SDG.Unturned] Preloading skin assets: 442/492
[2023-03-25 08:33:06 INF][SDG.Unturned] Preloading skin assets: 467/492
[2023-03-25 08:33:06 INF][SDG.Unturned] Preloading skin assets: 492/492
[2023-03-25 08:33:07 INF][SDG.Unturned] Found spawn table assets: 824
[2023-03-25 08:33:07 INF][SDG.Unturned] Preloading spawn table assets: 24/824
[2023-03-25 08:33:07 INF][SDG.Unturned] Preloading spawn table assets: 49/824
[2023-03-25 08:33:07 INF][SDG.Unturned] Preloading spawn table assets: 74/824
[2023-03-25 08:33:07 INF][SDG.Unturned] Preloading spawn table assets: 99/824
[2023-03-25 08:33:07 INF][SDG.Unturned] Preloading spawn table assets: 124/824
[2023-03-25 08:33:07 INF][SDG.Unturned] Preloading spawn table assets: 149/824
[2023-03-25 08:33:07 INF][SDG.Unturned] Preloading spawn table assets: 174/824
[2023-03-25 08:33:07 INF][SDG.Unturned] Preloading spawn table assets: 199/824
[2023-03-25 08:33:07 INF][SDG.Unturned] Preloading spawn table assets: 224/824
[2023-03-25 08:33:07 INF][SDG.Unturned] Preloading spawn table assets: 249/824
[2023-03-25 08:33:07 INF][SDG.Unturned] Preloading spawn table assets: 274/824
[2023-03-25 08:33:07 INF][SDG.Unturned] Preloading spawn table assets: 299/824
[2023-03-25 08:33:07 INF][SDG.Unturned] Preloading spawn table assets: 324/824
[2023-03-25 08:33:07 INF][SDG.Unturned] Preloading spawn table assets: 349/824
[2023-03-25 08:33:07 INF][SDG.Unturned] Preloading spawn table assets: 374/824
[2023-03-25 08:33:07 INF][SDG.Unturned] Preloading spawn table assets: 399/824
[2023-03-25 08:33:07 INF][SDG.Unturned] Preloading spawn table assets: 424/824
[2023-03-25 08:33:07 INF][SDG.Unturned] Preloading spawn table assets: 449/824
[2023-03-25 08:33:07 INF][SDG.Unturned] Preloading spawn table assets: 474/824
[2023-03-25 08:33:07 INF][SDG.Unturned] Preloading spawn table assets: 499/824
[2023-03-25 08:33:07 INF][SDG.Unturned] Preloading spawn table assets: 524/824
[2023-03-25 08:33:07 INF][SDG.Unturned] Preloading spawn table assets: 549/824
[2023-03-25 08:33:07 INF][SDG.Unturned] Preloading spawn table assets: 574/824
[2023-03-25 08:33:07 INF][SDG.Unturned] Preloading spawn table assets: 599/824
[2023-03-25 08:33:07 INF][SDG.Unturned] Preloading spawn table assets: 624/824
[2023-03-25 08:33:07 INF][SDG.Unturned] Preloading spawn table assets: 649/824
[2023-03-25 08:33:07 INF][SDG.Unturned] Preloading spawn table assets: 674/824
[2023-03-25 08:33:08 INF][SDG.Unturned] Preloading spawn table assets: 699/824
[2023-03-25 08:33:08 INF][SDG.Unturned] Preloading spawn table assets: 724/824
[2023-03-25 08:33:08 INF][SDG.Unturned] Preloading spawn table assets: 749/824
[2023-03-25 08:33:08 INF][SDG.Unturned] Preloading spawn table assets: 774/824
[2023-03-25 08:33:08 INF][SDG.Unturned] Preloading spawn table assets: 799/824
[2023-03-25 08:33:08 INF][SDG.Unturned] Preloading spawn table assets: 824/824
[2023-03-25 08:33:08 INF][SDG.Unturned] Found NPC assets: 214
[2023-03-25 08:33:08 INF][SDG.Unturned] Preloading NPC assets: 14/214
[2023-03-25 08:33:08 INF][SDG.Unturned] Preloading NPC assets: 39/214
[2023-03-25 08:33:08 INF][SDG.Unturned] Preloading NPC assets: 64/214
[2023-03-25 08:33:08 INF][SDG.Unturned] Preloading NPC assets: 89/214
[2023-03-25 08:33:08 INF][SDG.Unturned] Preloading NPC assets: 114/214
[2023-03-25 08:33:08 INF][SDG.Unturned] Preloading NPC assets: 139/214
[2023-03-25 08:33:08 INF][SDG.Unturned] Preloading NPC assets: 164/214
[2023-03-25 08:33:08 INF][SDG.Unturned] Preloading NPC assets: 189/214
[2023-03-25 08:33:08 INF][SDG.Unturned] Preloading NPC assets: 214/214
[2023-03-25 08:33:08 INF][SDG.Unturned] Found shared workshop assets: 0
[2023-03-25 08:33:08 INF][SDG.Unturned] Found server workshop assets: 0
[2023-03-25 08:33:08 INF][SDG.Unturned] Found server assets: 0
[2023-03-25 08:33:09 INF][SDG.Unturned] Found Alpha Valley assets: 0
[2023-03-25 08:33:09 INF][SDG.Unturned] Found Destruction assets: 0
[2023-03-25 08:33:09 INF][SDG.Unturned] Found Germany assets: 0
[2023-03-25 08:33:09 INF][SDG.Unturned] Found Monolith assets: 0
[2023-03-25 08:33:09 INF][SDG.Unturned] Found Paintball Arena assets: 0
[2023-03-25 08:33:09 INF][SDG.Unturned] Found PEI assets: 0
[2023-03-25 08:33:09 INF][SDG.Unturned] Found Russia assets: 0
[2023-03-25 08:33:09 INF][SDG.Unturned] Found Washington assets: 0
[2023-03-25 08:33:09 INF][SDG.Unturned] Found Yukon assets: 0
[2023-03-25 08:33:09 INF][SDG.Unturned] Cleaning up...
[2023-03-25 08:33:09 INF][SDG.Unturned] Linking blueprints...
[2023-03-25 08:33:09 INF][SDG.Unturned] Linking spawns...
[2023-03-25 08:33:09 INF][SDG.Unturned] Loading miscellaneous...
[2023-03-25 08:33:09 INF][SDG.Unturned] BattlEye Server: Initialized (v1.218)
[2023-03-25 08:33:10 INF][SDG.Unturned] Waiting for Steam servers...
[2023-03-25 08:33:10 INF][RocketMod] [registered] /rflush (Rocket.Core.Commands.CommandRFlush/rflush)
[2023-03-25 08:33:10 INF][RocketMod] [registered] /rkick (Rocket.Core.Commands.CommandRKick/rkick)
[2023-03-25 08:33:10 INF][RocketMod] [registered] /rwho (Rocket.Core.Commands.CommandRWho/rwho)
[2023-03-25 08:33:10 INF][RocketMod] [registered] /admins (Rocket.Unturned.Commands.UnturnedCommands/admins)
[2023-03-25 08:33:10 INF][RocketMod] [registered] /airdrop (Rocket.Unturned.Commands.UnturnedCommands/airdrop)
[2023-03-25 08:33:10 INF][RocketMod] [registered] /animal (Rocket.Unturned.Commands.UnturnedCommands/animal)
[2023-03-25 08:33:10 INF][RocketMod] [registered] /ban (Rocket.Unturned.Commands.UnturnedCommands/ban)
[2023-03-25 08:33:10 INF][RocketMod] [registered] /bans (Rocket.Unturned.Commands.UnturnedCommands/bans)
[2023-03-25 08:33:10 INF][RocketMod] [registered] /bind (Rocket.Unturned.Commands.UnturnedCommands/bind)
[2023-03-25 08:33:10 INF][RocketMod] [registered] /chatrate (Rocket.Unturned.Commands.UnturnedCommands/chatrate)
[2023-03-25 08:33:10 INF][RocketMod] [registered] /cheats (Rocket.Unturned.Commands.UnturnedCommands/cheats)
[2023-03-25 08:33:10 INF][RocketMod] [registered] /cycle (Rocket.Unturned.Commands.UnturnedCommands/cycle)
[2023-03-25 08:33:10 INF][RocketMod] [registered] /day (Rocket.Unturned.Commands.UnturnedCommands/day)
[2023-03-25 08:33:10 INF][RocketMod] [registered] /debug (Rocket.Unturned.Commands.UnturnedCommands/debug)
[2023-03-25 08:33:10 INF][RocketMod] [registered] /effectui (Rocket.Unturned.Commands.UnturnedCommands/effectui)
[2023-03-25 08:33:10 INF][RocketMod] [registered] /experience (Rocket.Unturned.Commands.UnturnedCommands/experience)
[2023-03-25 08:33:10 INF][RocketMod] [registered] /filter (Rocket.Unturned.Commands.UnturnedCommands/filter)
[2023-03-25 08:33:10 INF][RocketMod] [registered] /flag (Rocket.Unturned.Commands.UnturnedCommands/flag)
[2023-03-25 08:33:10 INF][RocketMod] [registered] /gamemode (Rocket.Unturned.Commands.UnturnedCommands/gamemode)
[2023-03-25 08:33:10 INF][RocketMod] [registered] /give (Rocket.Unturned.Commands.UnturnedCommands/give)
[2023-03-25 08:33:10 INF][RocketMod] [registered] /gold (Rocket.Unturned.Commands.UnturnedCommands/gold)
[2023-03-25 08:33:10 INF][RocketMod] [registered] /gslt (Rocket.Unturned.Commands.UnturnedCommands/gslt)
[2023-03-25 08:33:10 INF][RocketMod] [registered] /hide_admins (Rocket.Unturned.Commands.UnturnedCommands/hide_admins)
[2023-03-25 08:33:10 INF][RocketMod] [registered] /kick (Rocket.Unturned.Commands.UnturnedCommands/kick)
[2023-03-25 08:33:10 INF][RocketMod] [registered] /kill (Rocket.Unturned.Commands.UnturnedCommands/kill)
[2023-03-25 08:33:10 INF][RocketMod] [registered] /loadout (Rocket.Unturned.Commands.UnturnedCommands/loadout)
[2023-03-25 08:33:10 INF][RocketMod] [registered] /log (Rocket.Unturned.Commands.UnturnedCommands/log)
[2023-03-25 08:33:10 INF][RocketMod] [registered] /map (Rocket.Unturned.Commands.UnturnedCommands/map)
[2023-03-25 08:33:10 INF][RocketMod] [registered] /maxplayers (Rocket.Unturned.Commands.UnturnedCommands/maxplayers)
[2023-03-25 08:33:10 INF][RocketMod] [registered] /mode (Rocket.Unturned.Commands.UnturnedCommands/mode)
[2023-03-25 08:33:10 INF][RocketMod] [registered] /modules (Rocket.Unturned.Commands.UnturnedCommands/modules)
[2023-03-25 08:33:10 INF][RocketMod] [registered] /name (Rocket.Unturned.Commands.UnturnedCommands/name)
[2023-03-25 08:33:10 INF][RocketMod] [registered] /night (Rocket.Unturned.Commands.UnturnedCommands/night)
[2023-03-25 08:33:10 INF][RocketMod] [registered] /npcevent (Rocket.Unturned.Commands.UnturnedCommands/npcevent)
[2023-03-25 08:33:10 INF][RocketMod] [registered] /owner (Rocket.Unturned.Commands.UnturnedCommands/owner)
[2023-03-25 08:33:10 INF][RocketMod] [registered] /password (Rocket.Unturned.Commands.UnturnedCommands/password)
[2023-03-25 08:33:10 INF][RocketMod] [registered] /permit (Rocket.Unturned.Commands.UnturnedCommands/permit)
[2023-03-25 08:33:10 INF][RocketMod] [registered] /permits (Rocket.Unturned.Commands.UnturnedCommands/permits)
[2023-03-25 08:33:10 INF][RocketMod] [registered] /perspective (Rocket.Unturned.Commands.UnturnedCommands/perspective)
[2023-03-25 08:33:10 INF][RocketMod] [registered] /players (Rocket.Unturned.Commands.UnturnedCommands/players)
[2023-03-25 08:33:10 INF][RocketMod] [registered] /port (Rocket.Unturned.Commands.UnturnedCommands/port)
[2023-03-25 08:33:10 INF][RocketMod] [registered] /pve (Rocket.Unturned.Commands.UnturnedCommands/pve)
[2023-03-25 08:33:10 INF][RocketMod] [registered] /quest (Rocket.Unturned.Commands.UnturnedCommands/quest)
[2023-03-25 08:33:10 INF][RocketMod] [registered] /queue_size (Rocket.Unturned.Commands.UnturnedCommands/queue_size)
[2023-03-25 08:33:10 INF][RocketMod] [registered] /reload (Rocket.Unturned.Commands.UnturnedCommands/reload)
[2023-03-25 08:33:10 INF][RocketMod] [registered] /reputation (Rocket.Unturned.Commands.UnturnedCommands/reputation)
[2023-03-25 08:33:10 INF][RocketMod] [registered] /resetconfig (Rocket.Unturned.Commands.UnturnedCommands/resetconfig)
[2023-03-25 08:33:10 INF][RocketMod] [registered] /save (Rocket.Unturned.Commands.UnturnedCommands/save)
[2023-03-25 08:33:10 INF][RocketMod] [registered] /say (Rocket.Unturned.Commands.UnturnedCommands/say)
[2023-03-25 08:33:10 INF][RocketMod] [registered] /scheduledshutdowninfo (Rocket.Unturned.Commands.UnturnedCommands/scheduledshutdowninfo)
[2023-03-25 08:33:10 INF][RocketMod] [registered] /setnpcspawn (Rocket.Unturned.Commands.UnturnedCommands/setnpcspawn)
[2023-03-25 08:33:10 INF][RocketMod] [registered] /shutdown (Rocket.Unturned.Commands.UnturnedCommands/shutdown)
[2023-03-25 08:33:10 INF][RocketMod] [registered] /slay (Rocket.Unturned.Commands.UnturnedCommands/slay)
[2023-03-25 08:33:10 INF][RocketMod] [registered] /spy (Rocket.Unturned.Commands.UnturnedCommands/spy)
[2023-03-25 08:33:10 INF][RocketMod] [registered] /sync (Rocket.Unturned.Commands.UnturnedCommands/sync)
[2023-03-25 08:33:10 INF][RocketMod] [registered] /teleport (Rocket.Unturned.Commands.UnturnedCommands/teleport)
[2023-03-25 08:33:10 INF][RocketMod] [registered] /time (Rocket.Unturned.Commands.UnturnedCommands/time)
[2023-03-25 08:33:10 INF][RocketMod] [registered] /timeout (Rocket.Unturned.Commands.UnturnedCommands/timeout)
[2023-03-25 08:33:10 INF][RocketMod] [registered] /unban (Rocket.Unturned.Commands.UnturnedCommands/unban)
[2023-03-25 08:33:10 INF][RocketMod] [registered] /unlocknpcachievement (Rocket.Unturned.Commands.UnturnedCommands/unlocknpcachievement)
[2023-03-25 08:33:10 INF][RocketMod] [registered] /unpermit (Rocket.Unturned.Commands.UnturnedCommands/unpermit)
[2023-03-25 08:33:10 INF][RocketMod] [registered] /vehicle (Rocket.Unturned.Commands.UnturnedCommands/vehicle)
[2023-03-25 08:33:10 INF][RocketMod] [registered] /votify (Rocket.Unturned.Commands.UnturnedCommands/votify)
[2023-03-25 08:33:10 INF][RocketMod] [registered] /weather (Rocket.Unturned.Commands.UnturnedCommands/weather)
[2023-03-25 08:33:10 INF][RocketMod] [registered] /welcome (Rocket.Unturned.Commands.UnturnedCommands/welcome)
[2023-03-25 08:33:10 INF][RocketMod] [registered] /whitelisted (Rocket.Unturned.Commands.UnturnedCommands/whitelisted)
[2023-03-25 08:33:10 INF][RocketMod] [registered] /more (Rocket.Unturned.Commands.CommandMore/more)
[2023-03-25 08:33:10 INF][RocketMod] [registered] /admin (Rocket.Unturned.Commands.CommandAdmin/admin)
[2023-03-25 08:33:10 INF][RocketMod] [registered] /broadcast (Rocket.Unturned.Commands.CommandBroadcast/broadcast)
[2023-03-25 08:33:10 INF][RocketMod] [registered] /compass (Rocket.Unturned.Commands.CommandCompass/compass)
[2023-03-25 08:33:10 INF][RocketMod] [registered] /effect (Rocket.Unturned.Commands.CommandEffect/effect)
[2023-03-25 08:33:10 INF][RocketMod] [registered] /exit (Rocket.Unturned.Commands.CommandExit/exit)
[2023-03-25 08:33:10 INF][RocketMod] [registered] /god (Rocket.Unturned.Commands.CommandGod/god)
[2023-03-25 08:33:10 INF][RocketMod] [registered] /heal (Rocket.Unturned.Commands.CommandHeal/heal)
[2023-03-25 08:33:10 INF][RocketMod] [registered] /help (Rocket.Unturned.Commands.CommandHelp/help)
[2023-03-25 08:33:10 INF][RocketMod] [registered] /i (Rocket.Unturned.Commands.CommandI/i)
[2023-03-25 08:33:10 INF][RocketMod] [registered] /item (Rocket.Unturned.Commands.CommandI/item)
[2023-03-25 08:33:10 INF][RocketMod] [registered] /investigate (Rocket.Unturned.Commands.CommandInvestigate/investigate)
[2023-03-25 08:33:10 INF][RocketMod] [registered] /p (Rocket.Unturned.Commands.CommandP/p)
[2023-03-25 08:33:10 INF][RocketMod] [registered] /permissions (Rocket.Unturned.Commands.CommandP/permissions)
[2023-03-25 08:33:10 INF][RocketMod] [registered] /rocket (Rocket.Unturned.Commands.CommandRocket/rocket)
[2023-03-25 08:33:10 INF][RocketMod] [registered] /tp (Rocket.Unturned.Commands.CommandTp/tp)
[2023-03-25 08:33:10 INF][RocketMod] [registered] /tphere (Rocket.Unturned.Commands.CommandTphere/tphere)
[2023-03-25 08:33:10 INF][RocketMod] [registered] /unadmin (Rocket.Unturned.Commands.CommandUnadmin/unadmin)
[2023-03-25 08:33:10 INF][RocketMod] [registered] /v (Rocket.Unturned.Commands.CommandV/v)
[2023-03-25 08:33:10 INF][RocketMod] [registered] /vanish (Rocket.Unturned.Commands.CommandVanish/vanish)
[2023-03-25 08:33:10 INF][OpenMod.Unturned.RocketMod.RocketModIntegration] RocketMod is ready
[2023-03-25 08:33:10 INF][RocketMod] Loading InfiniteEnergy from C:\Program Files (x86)\Steam\steamapps\common\U3DS\Servers\LFO\Rocket\Plugins\InfiniteEnergy.dll
[2023-03-25 08:33:10 INF][RocketMod] Loading MoreHomes from C:\Program Files (x86)\Steam\steamapps\common\U3DS\Servers\LFO\Rocket\Plugins\MoreHomes.dll
[2023-03-25 08:33:10 INF][RocketMod] Loading ReponseMod_HiddenName from C:\Program Files (x86)\Steam\steamapps\common\U3DS\Servers\LFO\Rocket\Plugins\ReponseMod_HiddenName.dll
[2023-03-25 08:33:10 INF][RocketMod] Loading ShimmysAdminTools from C:\Program Files (x86)\Steam\steamapps\common\U3DS\Servers\LFO\Rocket\Plugins\ShimmysAdminTools.dll
[2023-03-25 08:33:10 INF][RocketMod] Loading Teleportation from C:\Program Files (x86)\Steam\steamapps\common\U3DS\Servers\LFO\Rocket\Plugins\Teleportation.dll
[2023-03-25 08:33:10 INF][RocketMod] Loading uEssentials from C:\Program Files (x86)\Steam\steamapps\common\U3DS\Servers\LFO\Rocket\Plugins\uEssentials.dll
[2023-03-25 08:33:10 INF][RocketMod] 
[loading] InfiniteEnergy
[2023-03-25 08:33:10 INF][RocketMod] 
[loading] MoreHomes
[2023-03-25 08:33:10 INF][RocketMod] [registered] /home (RestoreMonarchy.MoreHomes.Commands.HomeCommand/home)
[2023-03-25 08:33:10 INF][RocketMod] [registered] /homes (RestoreMonarchy.MoreHomes.Commands.HomesCommand/homes)
[2023-03-25 08:33:10 INF][RocketMod] [registered] /destroyhome (RestoreMonarchy.MoreHomes.Commands.DestroyHomeCommand/destroyhome)
[2023-03-25 08:33:10 INF][RocketMod] [registered] /renamehome (RestoreMonarchy.MoreHomes.Commands.RenameHomeCommand/renamehome)
[2023-03-25 08:33:10 INF][RocketMod] [registered] /restorehomes (RestoreMonarchy.MoreHomes.Commands.RestoreHomesCommand/restorehomes)
[2023-03-25 08:33:10 INF][RocketMod] MoreHomes >> MoreHomes 1.8.0.0 has been loaded!
[2023-03-25 08:33:10 INF][RocketMod] MoreHomes >> Brought to you by RestoreMonarchy.com
[2023-03-25 08:33:10 INF][RocketMod] 
[loading] ReponseMod_HiddenName
[2023-03-25 08:33:10 INF][RocketMod] ShimmysAdminTools >> Loading ShimmysAdminTools v1.6.0.0 by ShimmyMySherbet
[2023-03-25 08:33:10 INF][RocketMod] 
[loading] ShimmysAdminTools
[2023-03-25 08:33:10 INF][RocketMod] [registered] /alertzombies (ShimmysAdminTools.Commands.AlertZombiesCommand/AlertZombies)
[2023-03-25 08:33:10 INF][RocketMod] [registered] /afly (ShimmysAdminTools.Commands.AFlyCommand/AFly)
[2023-03-25 08:33:10 INF][RocketMod] [registered] /aflyspeedpermit (ShimmysAdminTools.Commands.AFlySpeedPermitCommand/AFlySpeedPermit)
[2023-03-25 08:33:10 INF][RocketMod] [registered] /ascend (ShimmysAdminTools.Commands.AscendCommand/Ascend)
[2023-03-25 08:33:10 INF][RocketMod] [registered] /checkowner (ShimmysAdminTools.Commands.CheckOwnerCommand/CheckOwner)
[2023-03-25 08:33:10 INF][RocketMod] [registered] /ck (ShimmysAdminTools.Commands.CheckOwnerCommand/ck)
[2023-03-25 08:33:10 INF][RocketMod] [registered] /clearinv (ShimmysAdminTools.Commands.ClearInventoryCommand/ClearInv)
[2023-03-25 08:33:10 INF][RocketMod] [registered] /ci (ShimmysAdminTools.Commands.ClearInventoryCommand/ci)
[2023-03-25 08:33:10 INF][RocketMod] [registered] /commandspy (ShimmysAdminTools.Commands.CommandSpyCommand/CommandSpy)
[2023-03-25 08:33:10 INF][RocketMod] [registered] /descend (ShimmysAdminTools.Commands.DescendCommand/Descend)
[2023-03-25 08:33:10 INF][RocketMod] [registered] /reviveresources (ShimmysAdminTools.Commands.ReviveResourcesCommand/ReviveResources)
[2023-03-25 08:33:10 INF][RocketMod] [registered] /destroyresources (ShimmysAdminTools.Commands.DestroyResourcesCommand/DestroyResources)
[2023-03-25 08:33:10 INF][RocketMod] [registered] /disablevehicleaccess (ShimmysAdminTools.Commands.DisableVehicleAccess/DisableVehicleAccess)
[2023-03-25 08:33:10 INF][RocketMod] [registered] /enablevehicleaccess (ShimmysAdminTools.Commands.DisableVehicleAccess/EnableVehicleAccess)
[2023-03-25 08:33:10 INF][RocketMod] [registered] /dva (ShimmysAdminTools.Commands.DisableVehicleAccess/DVA)
[2023-03-25 08:33:10 INF][RocketMod] [registered] /eva (ShimmysAdminTools.Commands.DisableVehicleAccess/EVA)
[2023-03-25 08:33:10 INF][RocketMod] [registered] /aflyvspeed (ShimmysAdminTools.Commands.AFlyVSpeedCommand/AFlyVSpeed)
[2023-03-25 08:33:10 INF][RocketMod] [registered] /aflyspeed (ShimmysAdminTools.Commands.AFlySpeedCommand/AFlySpeed)
[2023-03-25 08:33:10 INF][RocketMod] [registered] /execall (ShimmysAdminTools.Commands.ExecAllCommand/execall)
[2023-03-25 08:33:10 INF][RocketMod] [registered] /exec (ShimmysAdminTools.Commands.ExecCommand/exec)
[2023-03-25 08:33:10 INF][RocketMod] [registered] /findbase (ShimmysAdminTools.Commands.FindBaseCommand/FindBase)
[2023-03-25 08:33:10 INF][RocketMod] [registered] /firework (ShimmysAdminTools.Commands.FireworkCommand/Firework)
[2023-03-25 08:33:10 INF][RocketMod] [registered] /forcedismount (ShimmysAdminTools.Commands.ForceDemountCommand/ForceDismount)
[2023-03-25 08:33:10 INF][RocketMod] [registered] /forcesave (ShimmysAdminTools.Commands.ForceSaveCommand/ForceSave)
[2023-03-25 08:33:10 INF][RocketMod] [registered] /ftp (ShimmysAdminTools.Commands.ForceTPCommand/FTP)
[2023-03-25 08:33:10 INF][RocketMod] [registered] /gotobed (ShimmysAdminTools.Commands.GotoBedCommand/gotobed)
[2023-03-25 08:33:10 INF][RocketMod] [registered] /tpbed (ShimmysAdminTools.Commands.GotoBedCommand/tpbed)
[2023-03-25 08:33:10 INF][RocketMod] [registered] /gotomarker (ShimmysAdminTools.Commands.GotoMarker/GotoMarker)
[2023-03-25 08:33:10 INF][RocketMod] [registered] /setjump (ShimmysAdminTools.Commands.JumpHeightCommand/SetJump)
[2023-03-25 08:33:10 INF][RocketMod] [registered] /kickall (ShimmysAdminTools.Commands.KickAllCommand/KickAll)
[2023-03-25 08:33:10 INF][RocketMod] [registered] /launchbushes (ShimmysAdminTools.Commands.LaunchBushesCommand/LaunchBushes)
[2023-03-25 08:33:10 INF][RocketMod] [registered] /mapjump (ShimmysAdminTools.Commands.MapJumpCommand/MapJump)
[2023-03-25 08:33:10 INF][RocketMod] [registered] /mapjumping (ShimmysAdminTools.Commands.MapJumpCommand/MapJumping)
[2023-03-25 08:33:10 INF][RocketMod] [registered] /marker (ShimmysAdminTools.Commands.MarkerCommand/Marker)
[2023-03-25 08:33:10 INF][RocketMod] [registered] /noclip (ShimmysAdminTools.Commands.NoClipCommand/NoClip)
[2023-03-25 08:33:10 INF][RocketMod] [registered] /nodrain (ShimmysAdminTools.Commands.NoDrainCommand/NoDrain)
[2023-03-25 08:33:10 INF][RocketMod] [registered] /placeobject (ShimmysAdminTools.Commands.PlaceObjectCommand/PlaceObject)
[2023-03-25 08:33:10 INF][RocketMod] [registered] /pointtool (ShimmysAdminTools.Commands.PointToolCommand/PointTool)
[2023-03-25 08:33:10 INF][RocketMod] [registered] /pt (ShimmysAdminTools.Commands.PointToolCommand/pt)
[2023-03-25 08:33:10 INF][RocketMod] [registered] /repeat (ShimmysAdminTools.Commands.RepeatCommand/Repeat)
[2023-03-25 08:33:10 INF][RocketMod] [registered] /salvagetime (ShimmysAdminTools.Commands.SalvageTimeCommand/SalvageTime)
[2023-03-25 08:33:10 INF][RocketMod] [registered] /sat (ShimmysAdminTools.Commands.SATCommand/SAT)
[2023-03-25 08:33:10 INF][RocketMod] [registered] /seeinv (ShimmysAdminTools.Commands.SeeInventoryCommand/SeeInv)
[2023-03-25 08:33:10 INF][RocketMod] [registered] /setattachment (ShimmysAdminTools.Commands.SetAttachmentCommand/SetAttachment)
[2023-03-25 08:33:10 INF][RocketMod] [registered] /attachment (ShimmysAdminTools.Commands.SetAttachmentCommand/Attachment)
[2023-03-25 08:33:10 INF][RocketMod] [registered] /att (ShimmysAdminTools.Commands.SetAttachmentCommand/Att)
[2023-03-25 08:33:10 INF][RocketMod] [registered] /setfiremode (ShimmysAdminTools.Commands.SetFiremodeCommand/SetFiremode)
[2023-03-25 08:33:10 INF][RocketMod] [registered] /setgravity (ShimmysAdminTools.Commands.SetGravityCommand/SetGravity)
[2023-03-25 08:33:10 INF][RocketMod] [registered] /servergravity (ShimmysAdminTools.Commands.SetServerGravity/ServerGravity)
[2023-03-25 08:33:10 INF][RocketMod] [registered] /serverjump (ShimmysAdminTools.Commands.SetServerJump/ServerJump)
[2023-03-25 08:33:10 INF][RocketMod] [registered] /serverspeed (ShimmysAdminTools.Commands.SetServerSpeed/ServerSpeed)
[2023-03-25 08:33:10 INF][RocketMod] [registered] /setspeed (ShimmysAdminTools.Commands.SetSpeedCommand/SetSpeed)
[2023-03-25 08:33:10 INF][RocketMod] [registered] /simfire (ShimmysAdminTools.Commands.SimFireCommand/SimFire)
[2023-03-25 08:33:10 INF][RocketMod] [registered] /structureesp (ShimmysAdminTools.Commands.StructureESPCommand/StructureESP)
[2023-03-25 08:33:10 INF][RocketMod] [registered] /trail (ShimmysAdminTools.Commands.TrailCommand/Trail)
[2023-03-25 08:33:10 INF][RocketMod] [registered] /unlimitedammo (ShimmysAdminTools.Commands.UnlimitedAmmoCommand/UnlimitedAmmo)
[2023-03-25 08:33:10 INF][RocketMod] [registered] /unlockfiremodes (ShimmysAdminTools.Commands.UnlockFireModesCommand/UnlockFireModes)
[2023-03-25 08:33:10 INF][RocketMod] [registered] /wipeplayerbuildings (ShimmysAdminTools.Commands.WipePlayerBuildingsCommand/WipePlayerBuildings)
[2023-03-25 08:33:10 INF][RocketMod] [registered] /wpb (ShimmysAdminTools.Commands.WipePlayerBuildingsCommand/WPB)
[2023-03-25 08:33:10 INF][RocketMod] [registered] /boom (ShimmysAdminTools.Behaviors.BoomCommand/Boom)
[2023-03-25 08:33:10 INF][RocketMod] ShimmysAdminTools >> Checking for updates...
[2023-03-25 08:33:11 INF][RocketMod] ShimmysAdminTools >> ShimmysAdminTools loaded.
[2023-03-25 08:33:11 INF][RocketMod] 
[loading] Teleportation
[2023-03-25 08:33:11 INF][RocketMod] [registered] /tpa (RestoreMonarchy.Teleportation.Commands.TPACommand/tpa)
[2023-03-25 08:33:11 INF][RocketMod] Teleportation >> Teleportation 1.7.0.0 has been loaded!
[2023-03-25 08:33:11 INF][RocketMod] 
[loading] uEssentials
[2023-03-25 08:33:11 ERR][RocketMod] Failed to load uEssentials, unloading now... :System.TypeLoadException: Could not resolve type with token 010000ed (from typeref, class/assembly SDG.Unturned.ConsoleInput, Assembly-CSharp-firstpass, Version=0.0.0.0, Culture=neutral, PublicKeyToken=null)
  at Rocket.Core.Plugins.RocketPlugin.LoadPlugin () [0x00033] in <59a13feb721848c8b0cd173f6d0e820b>:0 
[2023-03-25 08:33:11 INF][RocketMod] 
[unloading] uEssentials
[2023-03-25 08:33:11 ERR][RocketMod] Failed to unload uEssentials:System.TypeLoadException: Could not resolve type with token 010000ed (from typeref, class/assembly SDG.Unturned.ConsoleInput, Assembly-CSharp-firstpass, Version=0.0.0.0, Culture=neutral, PublicKeyToken=null)
  at Rocket.Core.Plugins.RocketPlugin.UnloadPlugin (Rocket.API.PluginState state) [0x0003b] in <59a13feb721848c8b0cd173f6d0e820b>:0 
  at Rocket.Core.Plugins.RocketPlugin.LoadPlugin () [0x0005c] in <59a13feb721848c8b0cd173f6d0e820b>:0 
[2023-03-25 08:33:11 INF][OpenMod.Unturned.RocketMod.RocketModIntegration] RocketMod plugins have been loaded
[2023-03-25 08:33:11 INF][RocketMod] This server will automatically save every 1800 seconds
[2023-03-25 08:33:11 INF][SDG.Unturned] Failed to connect to Steam servers because k_EResultServiceUnavailable, still retrying
[2023-03-25 08:33:15 INF][SDG.Unturned] Steam servers ready!
[2023-03-25 08:33:15 INF][SDG.Unturned] Workshop install folder: C:\Program Files (x86)\Steam\steamapps\common\U3DS/Servers/LFO/Workshop/Steam
[2023-03-25 08:33:15 INF][SDG.Unturned] 9 workshop item(s) requested
[2023-03-25 08:33:15 INF][SDG.Unturned] Submitting workshop query for 9 item(s)...
[2023-03-25 08:33:16 INF][SDG.Unturned] Workshop query yielded 9 result(s)
[2023-03-25 08:33:16 INF][SDG.Unturned] This server's allowed IP for Workshop downloads: 73.253.101.49
[2023-03-25 08:33:16 INF][SDG.Unturned] 877777769 'Furniture Expansion' queued for download
[2023-03-25 08:33:16 INF][SDG.Unturned] 1717095606 'Creator Tools' queued for download
[2023-03-25 08:33:16 INF][SDG.Unturned] Authorized to download 2069342497 'Survivor's Expansion'
[2023-03-25 08:33:16 INF][SDG.Unturned] 2069342497 'Survivor's Expansion' queued for download
[2023-03-25 08:33:16 INF][SDG.Unturned] 2133808330 'Music Remaster 3.0' queued for download
[2023-03-25 08:33:16 INF][SDG.Unturned] 1232252658 'More Farming Mod' queued for download
[2023-03-25 08:33:16 INF][SDG.Unturned] 1909152337 'California Assets' queued for download
[2023-03-25 08:33:16 INF][SDG.Unturned] Authorized to download 2802239233 'UDarkRP Vehicles'
[2023-03-25 08:33:16 INF][SDG.Unturned] 2802239233 'UDarkRP Vehicles' queued for download
[2023-03-25 08:33:16 INF][SDG.Unturned] 2683620106 'Arid' queued for download
[2023-03-25 08:33:16 INF][SDG.Unturned] 2839462324 'Uncreated Content' queued for download
[2023-03-25 08:33:16 INF][SDG.Unturned] 9 workshop item(s) to download...
[2023-03-25 08:33:16 INF][SDG.Unturned] Workshop item found in cache: 877777769
[2023-03-25 08:33:16 INF][SDG.Unturned] Installing workshop item: 877777769
[2023-03-25 08:33:16 INF][SDG.Unturned] Installed workshop item: 877777769
[2023-03-25 08:33:16 INF][SDG.Unturned] Workshop item found in cache: 1717095606
[2023-03-25 08:33:16 INF][SDG.Unturned] Installing workshop item: 1717095606
[2023-03-25 08:33:16 INF][SDG.Unturned] Installed workshop item: 1717095606
[2023-03-25 08:33:16 INF][SDG.Unturned] Workshop item found in cache: 2069342497
[2023-03-25 08:33:16 INF][SDG.Unturned] Installing workshop item: 2069342497
[2023-03-25 08:33:17 INF][SDG.Unturned] Installed workshop item: 2069342497
[2023-03-25 08:33:17 INF][SDG.Unturned] Workshop item found in cache: 2133808330
[2023-03-25 08:33:17 INF][SDG.Unturned] Installing workshop item: 2133808330
[2023-03-25 08:33:29 INF][SDG.Unturned] Installed workshop item: 2133808330
[2023-03-25 08:33:29 INF][SDG.Unturned] Workshop item found in cache: 1232252658
[2023-03-25 08:33:29 INF][SDG.Unturned] Installing workshop item: 1232252658
[2023-03-25 08:33:42 INF][SDG.Unturned] Installed workshop item: 1232252658
[2023-03-25 08:33:42 INF][SDG.Unturned] Workshop item found in cache: 1909152337
[2023-03-25 08:33:42 INF][SDG.Unturned] Installing workshop item: 1909152337
[2023-03-25 08:33:46 INF][SDG.Unturned] Installed workshop item: 1909152337
[2023-03-25 08:33:46 INF][SDG.Unturned] Workshop item found in cache: 2802239233
[2023-03-25 08:33:46 INF][SDG.Unturned] Installing workshop item: 2802239233
[2023-03-25 08:33:47 INF][SDG.Unturned] Installed workshop item: 2802239233
[2023-03-25 08:33:47 INF][SDG.Unturned] Workshop item 2683620106 found in cache, but remote (3/24/2023 11:13:07 PM) is newer than local (3/16/2023 12:30:50 AM)
[2023-03-25 08:33:47 INF][SDG.Unturned] Downloading workshop item: 2683620106
[2023-03-25 08:34:25 INF][SDG.Unturned] Successfully downloaded workshop item: 2683620106
[2023-03-25 08:34:25 INF][SDG.Unturned] Installing workshop item: 2683620106
[2023-03-25 08:34:44 INF][SDG.Unturned] Installed workshop item: 2683620106
[2023-03-25 08:34:44 INF][SDG.Unturned] Workshop item found in cache: 2839462324
[2023-03-25 08:34:44 INF][SDG.Unturned] Installing workshop item: 2839462324
[2023-03-25 08:34:54 ERR][SDG.Unturned] Exception has been thrown by the target of an invocation.
[2023-03-25 08:34:54 ERR][SDG.Unturned]   at System.Reflection.MonoCMethod.InternalInvoke (System.Object obj, System.Object[] parameters) [0x00014] in <695d1cc93cca45069c528c15c9fdd749>:0 
  at System.Reflection.MonoCMethod.DoInvoke (System.Object obj, System.Reflection.BindingFlags invokeAttr, System.Reflection.Binder binder, System.Object[] parameters, System.Globalization.CultureInfo culture) [0x0007a] in <695d1cc93cca45069c528c15c9fdd749>:0 
  at System.Reflection.MonoCMethod.Invoke (System.Reflection.BindingFlags invokeAttr, System.Reflection.Binder binder, System.Object[] parameters, System.Globalization.CultureInfo culture) [0x00000] in <695d1cc93cca45069c528c15c9fdd749>:0 
  at System.RuntimeType.CreateInstanceImpl (System.Reflection.BindingFlags bindingAttr, System.Reflection.Binder binder, System.Object[] args, System.Globalization.CultureInfo culture, System.Object[] activationAttributes, System.Threading.StackCrawlMark& stackMark) [0x00213] in <695d1cc93cca45069c528c15c9fdd749>:0 
  at System.Activator.CreateInstance (System.Type type, System.Reflection.BindingFlags bindingAttr, System.Reflection.Binder binder, System.Object[] args, System.Globalization.CultureInfo culture, System.Object[] activationAttributes) [0x00095] in <695d1cc93cca45069c528c15c9fdd749>:0 
  at System.Activator.CreateInstance (System.Type type, System.Object[] args) [0x00000] in <695d1cc93cca45069c528c15c9fdd749>:0 
  at SDG.Unturned.Assets.loadFile (SDG.Unturned.Assets+ScannedFileInfo file) [0x0051e] in <dd047bbdb659430bbea6ac404d09c571>:0 
[2023-03-25 08:34:54 ERR][SDG.Unturned] Missing effect gameobject
[2023-03-25 08:34:54 ERR][SDG.Unturned]   at SDG.Unturned.EffectAsset..ctor (SDG.Unturned.Bundle bundle, SDG.Unturned.Data data, SDG.Unturned.Local localization, System.UInt16 id) [0x00053] in <dd047bbdb659430bbea6ac404d09c571>:0 
  at (wrapper managed-to-native) System.Reflection.MonoCMethod.InternalInvoke(System.Reflection.MonoCMethod,object,object[],System.Exception&)
  at System.Reflection.MonoCMethod.InternalInvoke (System.Object obj, System.Object[] parameters) [0x00002] in <695d1cc93cca45069c528c15c9fdd749>:0 
[2023-03-25 08:34:54 ERR][SDG.Unturned] Exception has been thrown by the target of an invocation.
[2023-03-25 08:34:54 ERR][SDG.Unturned]   at System.Reflection.MonoCMethod.InternalInvoke (System.Object obj, System.Object[] parameters) [0x00014] in <695d1cc93cca45069c528c15c9fdd749>:0 
  at System.Reflection.MonoCMethod.DoInvoke (System.Object obj, System.Reflection.BindingFlags invokeAttr, System.Reflection.Binder binder, System.Object[] parameters, System.Globalization.CultureInfo culture) [0x0007a] in <695d1cc93cca45069c528c15c9fdd749>:0 
  at System.Reflection.MonoCMethod.Invoke (System.Reflection.BindingFlags invokeAttr, System.Reflection.Binder binder, System.Object[] parameters, System.Globalization.CultureInfo culture) [0x00000] in <695d1cc93cca45069c528c15c9fdd749>:0 
  at System.RuntimeType.CreateInstanceImpl (System.Reflection.BindingFlags bindingAttr, System.Reflection.Binder binder, System.Object[] args, System.Globalization.CultureInfo culture, System.Object[] activationAttributes, System.Threading.StackCrawlMark& stackMark) [0x00213] in <695d1cc93cca45069c528c15c9fdd749>:0 
  at System.Activator.CreateInstance (System.Type type, System.Reflection.BindingFlags bindingAttr, System.Reflection.Binder binder, System.Object[] args, System.Globalization.CultureInfo culture, System.Object[] activationAttributes) [0x00095] in <695d1cc93cca45069c528c15c9fdd749>:0 
  at System.Activator.CreateInstance (System.Type type, System.Object[] args) [0x00000] in <695d1cc93cca45069c528c15c9fdd749>:0 
  at SDG.Unturned.Assets.loadFile (SDG.Unturned.Assets+ScannedFileInfo file) [0x0051e] in <dd047bbdb659430bbea6ac404d09c571>:0 
[2023-03-25 08:34:54 ERR][SDG.Unturned] Missing effect gameobject
[2023-03-25 08:34:54 ERR][SDG.Unturned]   at SDG.Unturned.EffectAsset..ctor (SDG.Unturned.Bundle bundle, SDG.Unturned.Data data, SDG.Unturned.Local localization, System.UInt16 id) [0x00053] in <dd047bbdb659430bbea6ac404d09c571>:0 
  at (wrapper managed-to-native) System.Reflection.MonoCMethod.InternalInvoke(System.Reflection.MonoCMethod,object,object[],System.Exception&)
  at System.Reflection.MonoCMethod.InternalInvoke (System.Object obj, System.Object[] parameters) [0x00002] in <695d1cc93cca45069c528c15c9fdd749>:0 
[2023-03-25 08:34:55 ERR][SDG.Unturned] Exception has been thrown by the target of an invocation.
[2023-03-25 08:34:55 ERR][SDG.Unturned]   at System.Reflection.MonoCMethod.InternalInvoke (System.Object obj, System.Object[] parameters) [0x00014] in <695d1cc93cca45069c528c15c9fdd749>:0 
  at System.Reflection.MonoCMethod.DoInvoke (System.Object obj, System.Reflection.BindingFlags invokeAttr, System.Reflection.Binder binder, System.Object[] parameters, System.Globalization.CultureInfo culture) [0x0007a] in <695d1cc93cca45069c528c15c9fdd749>:0 
  at System.Reflection.MonoCMethod.Invoke (System.Reflection.BindingFlags invokeAttr, System.Reflection.Binder binder, System.Object[] parameters, System.Globalization.CultureInfo culture) [0x00000] in <695d1cc93cca45069c528c15c9fdd749>:0 
  at System.RuntimeType.CreateInstanceImpl (System.Reflection.BindingFlags bindingAttr, System.Reflection.Binder binder, System.Object[] args, System.Globalization.CultureInfo culture, System.Object[] activationAttributes, System.Threading.StackCrawlMark& stackMark) [0x00213] in <695d1cc93cca45069c528c15c9fdd749>:0 
  at System.Activator.CreateInstance (System.Type type, System.Reflection.BindingFlags bindingAttr, System.Reflection.Binder binder, System.Object[] args, System.Globalization.CultureInfo culture, System.Object[] activationAttributes) [0x00095] in <695d1cc93cca45069c528c15c9fdd749>:0 
  at System.Activator.CreateInstance (System.Type type, System.Object[] args) [0x00000] in <695d1cc93cca45069c528c15c9fdd749>:0 
  at SDG.Unturned.Assets.loadFile (SDG.Unturned.Assets+ScannedFileInfo file) [0x0051e] in <dd047bbdb659430bbea6ac404d09c571>:0 
[2023-03-25 08:34:55 ERR][SDG.Unturned] Missing effect gameobject
[2023-03-25 08:34:55 ERR][SDG.Unturned]   at SDG.Unturned.EffectAsset..ctor (SDG.Unturned.Bundle bundle, SDG.Unturned.Data data, SDG.Unturned.Local localization, System.UInt16 id) [0x00053] in <dd047bbdb659430bbea6ac404d09c571>:0 
  at (wrapper managed-to-native) System.Reflection.MonoCMethod.InternalInvoke(System.Reflection.MonoCMethod,object,object[],System.Exception&)
  at System.Reflection.MonoCMethod.InternalInvoke (System.Object obj, System.Object[] parameters) [0x00002] in <695d1cc93cca45069c528c15c9fdd749>:0 
[2023-03-25 08:34:55 ERR][SDG.Unturned] Exception has been thrown by the target of an invocation.
[2023-03-25 08:34:55 ERR][SDG.Unturned]   at System.Reflection.MonoCMethod.InternalInvoke (System.Object obj, System.Object[] parameters) [0x00014] in <695d1cc93cca45069c528c15c9fdd749>:0 
  at System.Reflection.MonoCMethod.DoInvoke (System.Object obj, System.Reflection.BindingFlags invokeAttr, System.Reflection.Binder binder, System.Object[] parameters, System.Globalization.CultureInfo culture) [0x0007a] in <695d1cc93cca45069c528c15c9fdd749>:0 
  at System.Reflection.MonoCMethod.Invoke (System.Reflection.BindingFlags invokeAttr, System.Reflection.Binder binder, System.Object[] parameters, System.Globalization.CultureInfo culture) [0x00000] in <695d1cc93cca45069c528c15c9fdd749>:0 
  at System.RuntimeType.CreateInstanceImpl (System.Reflection.BindingFlags bindingAttr, System.Reflection.Binder binder, System.Object[] args, System.Globalization.CultureInfo culture, System.Object[] activationAttributes, System.Threading.StackCrawlMark& stackMark) [0x00213] in <695d1cc93cca45069c528c15c9fdd749>:0 
  at System.Activator.CreateInstance (System.Type type, System.Reflection.BindingFlags bindingAttr, System.Reflection.Binder binder, System.Object[] args, System.Globalization.CultureInfo culture, System.Object[] activationAttributes) [0x00095] in <695d1cc93cca45069c528c15c9fdd749>:0 
  at System.Activator.CreateInstance (System.Type type, System.Object[] args) [0x00000] in <695d1cc93cca45069c528c15c9fdd749>:0 
  at SDG.Unturned.Assets.loadFile (SDG.Unturned.Assets+ScannedFileInfo file) [0x0051e] in <dd047bbdb659430bbea6ac404d09c571>:0 
[2023-03-25 08:34:55 ERR][SDG.Unturned] Missing effect gameobject
[2023-03-25 08:34:55 ERR][SDG.Unturned]   at SDG.Unturned.EffectAsset..ctor (SDG.Unturned.Bundle bundle, SDG.Unturned.Data data, SDG.Unturned.Local localization, System.UInt16 id) [0x00053] in <dd047bbdb659430bbea6ac404d09c571>:0 
  at (wrapper managed-to-native) System.Reflection.MonoCMethod.InternalInvoke(System.Reflection.MonoCMethod,object,object[],System.Exception&)
  at System.Reflection.MonoCMethod.InternalInvoke (System.Object obj, System.Object[] parameters) [0x00002] in <695d1cc93cca45069c528c15c9fdd749>:0 
[2023-03-25 08:34:55 ERR][SDG.Unturned] Exception has been thrown by the target of an invocation.
[2023-03-25 08:34:55 ERR][SDG.Unturned]   at System.Reflection.MonoCMethod.InternalInvoke (System.Object obj, System.Object[] parameters) [0x00014] in <695d1cc93cca45069c528c15c9fdd749>:0 
  at System.Reflection.MonoCMethod.DoInvoke (System.Object obj, System.Reflection.BindingFlags invokeAttr, System.Reflection.Binder binder, System.Object[] parameters, System.Globalization.CultureInfo culture) [0x0007a] in <695d1cc93cca45069c528c15c9fdd749>:0 
  at System.Reflection.MonoCMethod.Invoke (System.Reflection.BindingFlags invokeAttr, System.Reflection.Binder binder, System.Object[] parameters, System.Globalization.CultureInfo culture) [0x00000] in <695d1cc93cca45069c528c15c9fdd749>:0 
  at System.RuntimeType.CreateInstanceImpl (System.Reflection.BindingFlags bindingAttr, System.Reflection.Binder binder, System.Object[] args, System.Globalization.CultureInfo culture, System.Object[] activationAttributes, System.Threading.StackCrawlMark& stackMark) [0x00213] in <695d1cc93cca45069c528c15c9fdd749>:0 
  at System.Activator.CreateInstance (System.Type type, System.Reflection.BindingFlags bindingAttr, System.Reflection.Binder binder, System.Object[] args, System.Globalization.CultureInfo culture, System.Object[] activationAttributes) [0x00095] in <695d1cc93cca45069c528c15c9fdd749>:0 
  at System.Activator.CreateInstance (System.Type type, System.Object[] args) [0x00000] in <695d1cc93cca45069c528c15c9fdd749>:0 
  at SDG.Unturned.Assets.loadFile (SDG.Unturned.Assets+ScannedFileInfo file) [0x0051e] in <dd047bbdb659430bbea6ac404d09c571>:0 
[2023-03-25 08:34:55 ERR][SDG.Unturned] Missing effect gameobject
[2023-03-25 08:34:55 ERR][SDG.Unturned]   at SDG.Unturned.EffectAsset..ctor (SDG.Unturned.Bundle bundle, SDG.Unturned.Data data, SDG.Unturned.Local localization, System.UInt16 id) [0x00053] in <dd047bbdb659430bbea6ac404d09c571>:0 
  at (wrapper managed-to-native) System.Reflection.MonoCMethod.InternalInvoke(System.Reflection.MonoCMethod,object,object[],System.Exception&)
  at System.Reflection.MonoCMethod.InternalInvoke (System.Object obj, System.Object[] parameters) [0x00002] in <695d1cc93cca45069c528c15c9fdd749>:0 
[2023-03-25 08:34:55 ERR][SDG.Unturned] Exception has been thrown by the target of an invocation.
[2023-03-25 08:34:55 ERR][SDG.Unturned]   at System.Reflection.MonoCMethod.InternalInvoke (System.Object obj, System.Object[] parameters) [0x00014] in <695d1cc93cca45069c528c15c9fdd749>:0 
  at System.Reflection.MonoCMethod.DoInvoke (System.Object obj, System.Reflection.BindingFlags invokeAttr, System.Reflection.Binder binder, System.Object[] parameters, System.Globalization.CultureInfo culture) [0x0007a] in <695d1cc93cca45069c528c15c9fdd749>:0 
  at System.Reflection.MonoCMethod.Invoke (System.Reflection.BindingFlags invokeAttr, System.Reflection.Binder binder, System.Object[] parameters, System.Globalization.CultureInfo culture) [0x00000] in <695d1cc93cca45069c528c15c9fdd749>:0 
  at System.RuntimeType.CreateInstanceImpl (System.Reflection.BindingFlags bindingAttr, System.Reflection.Binder binder, System.Object[] args, System.Globalization.CultureInfo culture, System.Object[] activationAttributes, System.Threading.StackCrawlMark& stackMark) [0x00213] in <695d1cc93cca45069c528c15c9fdd749>:0 
  at System.Activator.CreateInstance (System.Type type, System.Reflection.BindingFlags bindingAttr, System.Reflection.Binder binder, System.Object[] args, System.Globalization.CultureInfo culture, System.Object[] activationAttributes) [0x00095] in <695d1cc93cca45069c528c15c9fdd749>:0 
  at System.Activator.CreateInstance (System.Type type, System.Object[] args) [0x00000] in <695d1cc93cca45069c528c15c9fdd749>:0 
  at SDG.Unturned.Assets.loadFile (SDG.Unturned.Assets+ScannedFileInfo file) [0x0051e] in <dd047bbdb659430bbea6ac404d09c571>:0 
[2023-03-25 08:34:55 ERR][SDG.Unturned] Missing effect gameobject
[2023-03-25 08:34:55 ERR][SDG.Unturned]   at SDG.Unturned.EffectAsset..ctor (SDG.Unturned.Bundle bundle, SDG.Unturned.Data data, SDG.Unturned.Local localization, System.UInt16 id) [0x00053] in <dd047bbdb659430bbea6ac404d09c571>:0 
  at (wrapper managed-to-native) System.Reflection.MonoCMethod.InternalInvoke(System.Reflection.MonoCMethod,object,object[],System.Exception&)
  at System.Reflection.MonoCMethod.InternalInvoke (System.Object obj, System.Object[] parameters) [0x00002] in <695d1cc93cca45069c528c15c9fdd749>:0 
[2023-03-25 08:34:55 ERR][SDG.Unturned] Exception has been thrown by the target of an invocation.
[2023-03-25 08:34:55 ERR][SDG.Unturned]   at System.Reflection.MonoCMethod.InternalInvoke (System.Object obj, System.Object[] parameters) [0x00014] in <695d1cc93cca45069c528c15c9fdd749>:0 
  at System.Reflection.MonoCMethod.DoInvoke (System.Object obj, System.Reflection.BindingFlags invokeAttr, System.Reflection.Binder binder, System.Object[] parameters, System.Globalization.CultureInfo culture) [0x0007a] in <695d1cc93cca45069c528c15c9fdd749>:0 
  at System.Reflection.MonoCMethod.Invoke (System.Reflection.BindingFlags invokeAttr, System.Reflection.Binder binder, System.Object[] parameters, System.Globalization.CultureInfo culture) [0x00000] in <695d1cc93cca45069c528c15c9fdd749>:0 
  at System.RuntimeType.CreateInstanceImpl (System.Reflection.BindingFlags bindingAttr, System.Reflection.Binder binder, System.Object[] args, System.Globalization.CultureInfo culture, System.Object[] activationAttributes, System.Threading.StackCrawlMark& stackMark) [0x00213] in <695d1cc93cca45069c528c15c9fdd749>:0 
  at System.Activator.CreateInstance (System.Type type, System.Reflection.BindingFlags bindingAttr, System.Reflection.Binder binder, System.Object[] args, System.Globalization.CultureInfo culture, System.Object[] activationAttributes) [0x00095] in <695d1cc93cca45069c528c15c9fdd749>:0 
  at System.Activator.CreateInstance (System.Type type, System.Object[] args) [0x00000] in <695d1cc93cca45069c528c15c9fdd749>:0 
  at SDG.Unturned.Assets.loadFile (SDG.Unturned.Assets+ScannedFileInfo file) [0x0051e] in <dd047bbdb659430bbea6ac404d09c571>:0 
[2023-03-25 08:34:55 ERR][SDG.Unturned] Missing effect gameobject
[2023-03-25 08:34:55 ERR][SDG.Unturned]   at SDG.Unturned.EffectAsset..ctor (SDG.Unturned.Bundle bundle, SDG.Unturned.Data data, SDG.Unturned.Local localization, System.UInt16 id) [0x00053] in <dd047bbdb659430bbea6ac404d09c571>:0 
  at (wrapper managed-to-native) System.Reflection.MonoCMethod.InternalInvoke(System.Reflection.MonoCMethod,object,object[],System.Exception&)
  at System.Reflection.MonoCMethod.InternalInvoke (System.Object obj, System.Object[] parameters) [0x00002] in <695d1cc93cca45069c528c15c9fdd749>:0 
[2023-03-25 08:34:55 ERR][SDG.Unturned] Exception has been thrown by the target of an invocation.
[2023-03-25 08:34:55 ERR][SDG.Unturned]   at System.Reflection.MonoCMethod.InternalInvoke (System.Object obj, System.Object[] parameters) [0x00014] in <695d1cc93cca45069c528c15c9fdd749>:0 
  at System.Reflection.MonoCMethod.DoInvoke (System.Object obj, System.Reflection.BindingFlags invokeAttr, System.Reflection.Binder binder, System.Object[] parameters, System.Globalization.CultureInfo culture) [0x0007a] in <695d1cc93cca45069c528c15c9fdd749>:0 
  at System.Reflection.MonoCMethod.Invoke (System.Reflection.BindingFlags invokeAttr, System.Reflection.Binder binder, System.Object[] parameters, System.Globalization.CultureInfo culture) [0x00000] in <695d1cc93cca45069c528c15c9fdd749>:0 
  at System.RuntimeType.CreateInstanceImpl (System.Reflection.BindingFlags bindingAttr, System.Reflection.Binder binder, System.Object[] args, System.Globalization.CultureInfo culture, System.Object[] activationAttributes, System.Threading.StackCrawlMark& stackMark) [0x00213] in <695d1cc93cca45069c528c15c9fdd749>:0 
  at System.Activator.CreateInstance (System.Type type, System.Reflection.BindingFlags bindingAttr, System.Reflection.Binder binder, System.Object[] args, System.Globalization.CultureInfo culture, System.Object[] activationAttributes) [0x00095] in <695d1cc93cca45069c528c15c9fdd749>:0 
  at System.Activator.CreateInstance (System.Type type, System.Object[] args) [0x00000] in <695d1cc93cca45069c528c15c9fdd749>:0 
  at SDG.Unturned.Assets.loadFile (SDG.Unturned.Assets+ScannedFileInfo file) [0x0051e] in <dd047bbdb659430bbea6ac404d09c571>:0 
[2023-03-25 08:34:55 ERR][SDG.Unturned] Missing effect gameobject
[2023-03-25 08:34:55 ERR][SDG.Unturned]   at SDG.Unturned.EffectAsset..ctor (SDG.Unturned.Bundle bundle, SDG.Unturned.Data data, SDG.Unturned.Local localization, System.UInt16 id) [0x00053] in <dd047bbdb659430bbea6ac404d09c571>:0 
  at (wrapper managed-to-native) System.Reflection.MonoCMethod.InternalInvoke(System.Reflection.MonoCMethod,object,object[],System.Exception&)
  at System.Reflection.MonoCMethod.InternalInvoke (System.Object obj, System.Object[] parameters) [0x00002] in <695d1cc93cca45069c528c15c9fdd749>:0 
[2023-03-25 08:34:56 INF][SDG.Unturned] Installed workshop item: 2839462324
[2023-03-25 08:34:58 INF][SDG.Unturned] Loading level: 8%
[2023-03-25 08:35:00 INF][SDG.Unturned] Loading level: 16%
[2023-03-25 08:35:00 INF][SDG.Unturned] Loading level: 25%
[2023-03-25 08:35:01 INF][SDG.Unturned] Loading level: 33%
[2023-03-25 08:35:01 INF][SDG.Unturned] Loading level: 41%
[2023-03-25 08:35:01 INF][SDG.Unturned] Loading level: 50%
[2023-03-25 08:35:01 INF][SDG.Unturned] Loading level: 58%
[2023-03-25 08:35:01 INF][SDG.Unturned] Loading level: 66%
[2023-03-25 08:35:01 INF][SDG.Unturned] Loading level: 75%
[2023-03-25 08:35:01 INF][SDG.Unturned] Loading level: 83%
[2023-03-25 08:35:01 INF][SDG.Unturned] Loading level: 91%
[2023-03-25 08:35:01 INF][SDG.Unturned] Loading level: 100%
[2023-03-25 08:35:10 ERR][SDG.Unturned] Failed to generate an item with ID 31368 from type Military_High_Peaks [3]
[2023-03-25 08:35:10 ERR][SDG.Unturned] Failed to generate an item with ID 31368 from type Military_High_Peaks [3]
[2023-03-25 08:45:40 INF][SDG.Unturned] BattlEye Server: Player #0 Shake (10.16.17.81:65240) connected
[2023-03-25 08:45:40 INF][SDG.Unturned] BattlEye Server: Player #0 Shake - BE GUID: f4abbf8aa333c3b24b5656c70080f342
[2023-03-25 08:45:40 INF][SDG.Unturned] Connecting: PlayerID: 76561199035738472 Name: Shake Character: Shake
[2023-03-25 08:45:40 INF][SDG.Unturned] BattlEye Server: Connected to BE Master
[2023-03-25 08:55:10 ERR][SDG.Unturned] Failed to respawn an item with ID 31368 from type Military_High_Peaks [3]
[2023-03-25 09:03:11 INF][RocketMod] Saving server
[2023-03-25 09:03:11 INF][RocketMod] MoreHomes >> 3 player homes data has been saved!
[2023-03-25 09:20:13 ERR][SDG.Unturned] Failed to respawn an item with ID 31368 from type Military_High_Peaks [3]
[2023-03-25 09:25:36 INF][SDG.Unturned] [Group] Shake [Shake]: "/heal"
[2023-03-25 09:25:36 INF][OpenMod.Core.Commands.CommandExecutor] Actor player/Shake (76561199035738472) has executed command "heal"
[2023-03-25 09:27:05 INF][SDG.Unturned] [Group] Shake [Shake]: "/heal"
[2023-03-25 09:27:05 INF][OpenMod.Core.Commands.CommandExecutor] Actor player/Shake (76561199035738472) has executed command "heal"
[2023-03-25 09:27:13 INF][SDG.Unturned] Disconnecting: PlayerID: 76561199035738472 Name: Shake Character: Shake
[2023-03-25 09:27:13 INF][SDG.Unturned] BattlEye Server: Player #0 Shake disconnected
[2023-03-25 09:28:45 INF][SDG.Unturned] BattlEye Server: Player #0 Shake (10.16.17.81:54330) connected
[2023-03-25 09:28:45 INF][SDG.Unturned] BattlEye Server: Player #0 Shake - BE GUID: f4abbf8aa333c3b24b5656c70080f342
[2023-03-25 09:28:45 INF][SDG.Unturned] Connecting: PlayerID: 76561199035738472 Name: Shake Character: Shake
[2023-03-25 09:28:57 INF][SDG.Unturned] [Group] Shake [Shake]: "/i claim"
[2023-03-25 09:28:57 INF][OpenMod.Core.Commands.CommandExecutor] Actor player/Shake (76561199035738472) has executed command "i claim"
[2023-03-25 09:28:57 INF][RocketMod] Giving Shake item 1158:1
[2023-03-25 09:29:15 INF][SDG.Unturned] [Group] Shake [Shake]: "/i american"
[2023-03-25 09:29:15 INF][OpenMod.Core.Commands.CommandExecutor] Actor player/Shake (76561199035738472) has executed command "i american"
[2023-03-25 09:29:19 INF][SDG.Unturned] [Group] Shake [Shake]: "/i "us flag""
[2023-03-25 09:29:19 INF][OpenMod.Core.Commands.CommandExecutor] Actor player/Shake (76561199035738472) has executed command "i us flag"
[2023-03-25 09:29:23 INF][SDG.Unturned] [Group] Shake [Shake]: "/i chem"
[2023-03-25 09:29:23 INF][OpenMod.Core.Commands.CommandExecutor] Actor player/Shake (76561199035738472) has executed command "i chem"
[2023-03-25 09:29:23 INF][RocketMod] Giving Shake item 75:1
[2023-03-25 09:29:34 INF][SDG.Unturned] [Group] Shake [Shake]: "/i blowt"
[2023-03-25 09:29:34 INF][OpenMod.Core.Commands.CommandExecutor] Actor player/Shake (76561199035738472) has executed command "i blowt"
[2023-03-25 09:29:34 INF][RocketMod] Giving Shake item 76:1
[2023-03-25 09:29:36 INF][SDG.Unturned] [Group] Shake [Shake]: "/i claim"
[2023-03-25 09:29:36 INF][OpenMod.Core.Commands.CommandExecutor] Actor player/Shake (76561199035738472) has executed command "i claim"
[2023-03-25 09:29:36 INF][RocketMod] Giving Shake item 1158:1
[2023-03-25 09:29:48 INF][SDG.Unturned] [Group] Shake [Shake]: "/i "german f""
[2023-03-25 09:29:48 INF][OpenMod.Core.Commands.CommandExecutor] Actor player/Shake (76561199035738472) has executed command "i german f"
[2023-03-25 09:29:48 INF][RocketMod] Giving Shake item 9836:1
[2023-03-25 09:29:56 INF][SDG.Unturned] [Group] Shake [Shake]: "/i 9835"
[2023-03-25 09:29:56 INF][OpenMod.Core.Commands.CommandExecutor] Actor player/Shake (76561199035738472) has executed command "i 9835"
[2023-03-25 09:29:56 INF][RocketMod] Giving Shake item 9835:1
[2023-03-25 09:29:57 INF][SDG.Unturned] [Area] Shake [Shake]: "/i 9834"
[2023-03-25 09:29:57 INF][OpenMod.Core.Commands.CommandExecutor] Actor player/Shake (76561199035738472) has executed command "i 9834"
[2023-03-25 09:29:57 INF][RocketMod] Giving Shake item 9834:1
[2023-03-25 09:32:24 INF][SDG.Unturned] [Group] Shake [Shake]: "/i 59840"
[2023-03-25 09:32:24 INF][OpenMod.Core.Commands.CommandExecutor] Actor player/Shake (76561199035738472) has executed command "i 59840"
[2023-03-25 09:32:24 INF][RocketMod] Giving Shake item 59840:1
[2023-03-25 09:32:30 INF][SDG.Unturned] [Area] Shake [Shake]: "/i 59839"
[2023-03-25 09:32:30 INF][OpenMod.Core.Commands.CommandExecutor] Actor player/Shake (76561199035738472) has executed command "i 59839"
[2023-03-25 09:32:30 INF][RocketMod] Giving Shake item 59839:1
[2023-03-25 09:32:57 INF][SDG.Unturned] [Group] Shake [Shake]: "/i caske 6"
[2023-03-25 09:32:57 INF][OpenMod.Core.Commands.CommandExecutor] Actor player/Shake (76561199035738472) has executed command "i caske 6"
[2023-03-25 09:32:57 INF][RocketMod] Giving Shake item 59860:6
[2023-03-25 09:33:11 INF][RocketMod] Saving server
[2023-03-25 09:33:11 INF][RocketMod] MoreHomes >> 3 player homes data has been saved!
[2023-03-25 09:33:19 INF][SDG.Unturned] [Group] Shake [Shake]: "/i "holotech scope tan""
[2023-03-25 09:33:19 INF][OpenMod.Core.Commands.CommandExecutor] Actor player/Shake (76561199035738472) has executed command "i holotech scope tan"
[2023-03-25 09:33:25 INF][SDG.Unturned] [Area] Shake [Shake]: "/i "ch scope tan""
[2023-03-25 09:33:25 INF][OpenMod.Core.Commands.CommandExecutor] Actor player/Shake (76561199035738472) has executed command "i ch scope tan"
[2023-03-25 09:33:25 INF][RocketMod] Giving Shake item 59654:1
[2023-03-25 09:34:06 INF][SDG.Unturned] [Group] Shake [Shake]: "/attachment yer-100"
[2023-03-25 09:34:06 INF][OpenMod.Core.Commands.CommandExecutor] Actor player/Shake (76561199035738472) has executed command "attachment yer-100"
[2023-03-25 09:34:12 INF][SDG.Unturned] [Group] Shake [Shake]: "/attachment yer-100"
[2023-03-25 09:34:12 INF][OpenMod.Core.Commands.CommandExecutor] Actor player/Shake (76561199035738472) has executed command "attachment yer-100"
[2023-03-25 09:34:22 INF][SDG.Unturned] [World] Shake [Shake]: "/attachment yer-100"
[2023-03-25 09:34:22 INF][OpenMod.Core.Commands.CommandExecutor] Actor player/Shake (76561199035738472) has executed command "attachment yer-100"
[2023-03-25 09:35:50 INF][SDG.Unturned] [Group] Shake [Shake]: "/i 59321"
[2023-03-25 09:35:50 INF][OpenMod.Core.Commands.CommandExecutor] Actor player/Shake (76561199035738472) has executed command "i 59321"
[2023-03-25 09:35:50 INF][RocketMod] Giving Shake item 59321:1
[2023-03-25 09:35:52 INF][SDG.Unturned] [Group] Shake [Shake]: "/i ebr"
[2023-03-25 09:35:52 INF][OpenMod.Core.Commands.CommandExecutor] Actor player/Shake (76561199035738472) has executed command "i ebr"
[2023-03-25 09:35:52 INF][RocketMod] Giving Shake item 59857:1
[2023-03-25 09:35:59 INF][SDG.Unturned] [Group] Shake [Shake]: "/i "n ran""
[2023-03-25 09:35:59 INF][OpenMod.Core.Commands.CommandExecutor] Actor player/Shake (76561199035738472) has executed command "i n ran"
[2023-03-25 09:35:59 INF][RocketMod] Giving Shake item 59678:1
[2023-03-25 09:36:04 INF][SDG.Unturned] [Group] Shake [Shake]: "/attachment yer-100"
[2023-03-25 09:36:04 INF][OpenMod.Core.Commands.CommandExecutor] Actor player/Shake (76561199035738472) has executed command "attachment yer-100"
[2023-03-25 09:36:42 INF][SDG.Unturned] [Group] Shake [Shake]: "/i "dmr mag" 5"
[2023-03-25 09:36:42 INF][OpenMod.Core.Commands.CommandExecutor] Actor player/Shake (76561199035738472) has executed command "i dmr mag 5"
[2023-03-25 09:36:42 INF][RocketMod] Giving Shake item 59836:5
[2023-03-25 09:37:10 INF][SDG.Unturned] [Group] Shake [Shake]: "/i tx5"
[2023-03-25 09:37:10 INF][OpenMod.Core.Commands.CommandExecutor] Actor player/Shake (76561199035738472) has executed command "i tx5"
[2023-03-25 09:37:11 INF][SDG.Unturned] [World] Shake [Shake]: "/i tx4"
[2023-03-25 09:37:11 INF][OpenMod.Core.Commands.CommandExecutor] Actor player/Shake (76561199035738472) has executed command "i tx4"
[2023-03-25 09:37:11 INF][RocketMod] Giving Shake item 59927:1
[2023-03-25 09:37:19 INF][SDG.Unturned] [Group] Shake [Shake]: "/i pointer"
[2023-03-25 09:37:19 INF][OpenMod.Core.Commands.CommandExecutor] Actor player/Shake (76561199035738472) has executed command "i pointer"
[2023-03-25 09:37:19 INF][RocketMod] Giving Shake item 59495:1
[2023-03-25 09:37:23 INF][SDG.Unturned] [Group] Shake [Shake]: "/i ghost"
[2023-03-25 09:37:23 INF][OpenMod.Core.Commands.CommandExecutor] Actor player/Shake (76561199035738472) has executed command "i ghost"
[2023-03-25 09:37:23 INF][RocketMod] Giving Shake item 59986:1
[2023-03-25 09:37:51 INF][SDG.Unturned] [Group] Shake [Shake]: "/i "45 mag" 3"
[2023-03-25 09:37:51 INF][OpenMod.Core.Commands.CommandExecutor] Actor player/Shake (76561199035738472) has executed command "i 45 mag 3"
[2023-03-25 09:37:51 INF][RocketMod] Giving Shake item 59926:3
[2023-03-25 09:38:13 INF][SDG.Unturned] [Group] Shake [Shake]: "/i 59171"
[2023-03-25 09:38:13 INF][OpenMod.Core.Commands.CommandExecutor] Actor player/Shake (76561199035738472) has executed command "i 59171"
[2023-03-25 09:38:13 INF][RocketMod] Giving Shake item 59171:1
[2023-03-25 09:38:15 INF][SDG.Unturned] [Area] Shake [Shake]: "/i 59171 3"
[2023-03-25 09:38:15 INF][OpenMod.Core.Commands.CommandExecutor] Actor player/Shake (76561199035738472) has executed command "i 59171 3"
[2023-03-25 09:38:15 INF][RocketMod] Giving Shake item 59171:3
[2023-03-25 09:38:23 INF][SDG.Unturned] [Area] Shake [Shake]: "/i 59171 30"
[2023-03-25 09:38:23 INF][OpenMod.Core.Commands.CommandExecutor] Actor player/Shake (76561199035738472) has executed command "i 59171 30"
[2023-03-25 09:38:23 INF][RocketMod] Giving Shake item 59171:30
[2023-03-25 09:39:04 INF][SDG.Unturned] [Group] Shake [Shake]: "/attachment yer-100"
[2023-03-25 09:39:04 INF][OpenMod.Core.Commands.CommandExecutor] Actor player/Shake (76561199035738472) has executed command "attachment yer-100"
[2023-03-25 09:40:06 INF][SDG.Unturned] [Group] Shake [Shake]: "/i 59799 2"
[2023-03-25 09:40:06 INF][OpenMod.Core.Commands.CommandExecutor] Actor player/Shake (76561199035738472) has executed command "i 59799 2"
[2023-03-25 09:40:06 INF][RocketMod] Giving Shake item 59799:2
[2023-03-25 09:40:12 ERR][SDG.Unturned] Failed to respawn an item with ID 31368 from type Police_High_Peaks [1]
[2023-03-25 09:40:14 ERR][SDG.Unturned] Failed to respawn an item with ID 31368 from type Military_High_Peaks [3]
[2023-03-25 09:40:21 INF][SDG.Unturned] [Group] Shake [Shake]: "/i swift mag 5"
[2023-03-25 09:40:21 INF][OpenMod.Core.Commands.CommandExecutor] Actor player/Shake (76561199035738472) has executed command "i swift mag 5"
[2023-03-25 09:40:25 INF][SDG.Unturned] [Area] Shake [Shake]: "/i "swift mag" 5"
[2023-03-25 09:40:25 INF][OpenMod.Core.Commands.CommandExecutor] Actor player/Shake (76561199035738472) has executed command "i swift mag 5"
[2023-03-25 09:40:25 INF][RocketMod] Giving Shake item 59326:5
[2023-03-25 09:40:36 INF][SDG.Unturned] [Group] Shake [Shake]: "/i 16652"
[2023-03-25 09:40:36 INF][OpenMod.Core.Commands.CommandExecutor] Actor player/Shake (76561199035738472) has executed command "i 16652"
[2023-03-25 09:40:36 INF][RocketMod] Giving Shake item 16652:1
[2023-03-25 09:41:20 INF][SDG.Unturned] [Group] Shake [Shake]: "/attachment yer-10"
[2023-03-25 09:41:20 INF][OpenMod.Core.Commands.CommandExecutor] Actor player/Shake (76561199035738472) has executed command "attachment yer-10"
[2023-03-25 09:41:23 INF][SDG.Unturned] [Area] Shake [Shake]: "/attachment yer-10"
[2023-03-25 09:41:23 INF][OpenMod.Core.Commands.CommandExecutor] Actor player/Shake (76561199035738472) has executed command "attachment yer-10"
[2023-03-25 09:41:29 INF][SDG.Unturned] [Group] Shake [Shake]: "/i compen 2"
[2023-03-25 09:41:29 INF][OpenMod.Core.Commands.CommandExecutor] Actor player/Shake (76561199035738472) has executed command "i compen 2"
[2023-03-25 09:41:29 INF][RocketMod] Giving Shake item 59298:2
[2023-03-25 09:41:48 INF][SDG.Unturned] [Group] Shake [Shake]: "/i 16652"
[2023-03-25 09:41:48 INF][OpenMod.Core.Commands.CommandExecutor] Actor player/Shake (76561199035738472) has executed command "i 16652"
[2023-03-25 09:41:48 INF][RocketMod] Giving Shake item 16652:1
[2023-03-25 09:43:02 INF][SDG.Unturned] [Group] Shake [Shake]: "/i 59947 2"
[2023-03-25 09:43:02 INF][OpenMod.Core.Commands.CommandExecutor] Actor player/Shake (76561199035738472) has executed command "i 59947 2"
[2023-03-25 09:43:02 INF][RocketMod] Giving Shake item 59947:2
[2023-03-25 09:43:06 INF][SDG.Unturned] [Group] Shake [Shake]: "/attachment yer-10"
[2023-03-25 09:43:06 INF][OpenMod.Core.Commands.CommandExecutor] Actor player/Shake (76561199035738472) has executed command "attachment yer-10"
[2023-03-25 09:43:08 INF][SDG.Unturned] [World] Shake [Shake]: "/attachment yer-10"
[2023-03-25 09:43:08 INF][OpenMod.Core.Commands.CommandExecutor] Actor player/Shake (76561199035738472) has executed command "attachment yer-10"
[2023-03-25 09:43:11 INF][SDG.Unturned] [Group] Shake [Shake]: "/i compen 2"
[2023-03-25 09:43:11 INF][OpenMod.Core.Commands.CommandExecutor] Actor player/Shake (76561199035738472) has executed command "i compen 2"
[2023-03-25 09:43:11 INF][RocketMod] Giving Shake item 59298:2
[2023-03-25 09:43:34 INF][SDG.Unturned] [Group] Shake [Shake]: "/setfiremode auto"
[2023-03-25 09:43:34 INF][OpenMod.Core.Commands.CommandExecutor] Actor player/Shake (76561199035738472) has executed command "setfiremode auto"
[2023-03-25 09:43:48 INF][SDG.Unturned] [Group] Shake [Shake]: "/i "pistol ammu""
[2023-03-25 09:43:48 INF][OpenMod.Core.Commands.CommandExecutor] Actor player/Shake (76561199035738472) has executed command "i pistol ammu"
[2023-03-25 09:44:00 INF][SDG.Unturned] [Group] Shake [Shake]: "/i "pistol box""
[2023-03-25 09:44:00 INF][OpenMod.Core.Commands.CommandExecutor] Actor player/Shake (76561199035738472) has executed command "i pistol box"
[2023-03-25 09:44:08 INF][SDG.Unturned] [Group] Shake [Shake]: "/i "swift box" 2"
[2023-03-25 09:44:08 INF][OpenMod.Core.Commands.CommandExecutor] Actor player/Shake (76561199035738472) has executed command "i swift box 2"
[2023-03-25 09:44:08 INF][RocketMod] Giving Shake item 59798:2
[2023-03-25 09:44:20 INF][SDG.Unturned] [Group] Shake [Shake]: "/setfiremode auto"
[2023-03-25 09:44:20 INF][OpenMod.Core.Commands.CommandExecutor] Actor player/Shake (76561199035738472) has executed command "setfiremode auto"
[2023-03-25 09:46:31 INF][SDG.Unturned] [Group] Shake [Shake]: "/i "con vest""
[2023-03-25 09:46:31 INF][OpenMod.Core.Commands.CommandExecutor] Actor player/Shake (76561199035738472) has executed command "i con vest"
[2023-03-25 09:46:31 INF][RocketMod] Giving Shake item 59340:1
[2023-03-25 09:46:38 INF][SDG.Unturned] [Group] Shake [Shake]: "/i 59339"
[2023-03-25 09:46:38 INF][OpenMod.Core.Commands.CommandExecutor] Actor player/Shake (76561199035738472) has executed command "i 59339"
[2023-03-25 09:46:38 INF][RocketMod] Giving Shake item 59339:1
[2023-03-25 09:46:40 INF][SDG.Unturned] [Area] Shake [Shake]: "/i 59341"
[2023-03-25 09:46:40 INF][OpenMod.Core.Commands.CommandExecutor] Actor player/Shake (76561199035738472) has executed command "i 59341"
[2023-03-25 09:46:40 INF][RocketMod] Giving Shake item 59341:1
[2023-03-25 09:46:59 INF][SDG.Unturned] [Group] Shake [Shake]: "/i 59749"
[2023-03-25 09:46:59 INF][OpenMod.Core.Commands.CommandExecutor] Actor player/Shake (76561199035738472) has executed command "i 59749"
[2023-03-25 09:46:59 INF][RocketMod] Giving Shake item 59749:1
[2023-03-25 09:47:08 INF][SDG.Unturned] [Group] Shake [Shake]: "/i 59763"
[2023-03-25 09:47:08 INF][OpenMod.Core.Commands.CommandExecutor] Actor player/Shake (76561199035738472) has executed command "i 59763"
[2023-03-25 09:47:08 INF][RocketMod] Giving Shake item 59763:1
[2023-03-25 09:47:16 INF][SDG.Unturned] [Area] Shake [Shake]: "/i 59673"
[2023-03-25 09:47:16 INF][OpenMod.Core.Commands.CommandExecutor] Actor player/Shake (76561199035738472) has executed command "i 59673"
[2023-03-25 09:47:16 INF][RocketMod] Giving Shake item 59673:1
[2023-03-25 09:47:30 INF][SDG.Unturned] [Group] Shake [Shake]: "/i 59430"
[2023-03-25 09:47:30 INF][OpenMod.Core.Commands.CommandExecutor] Actor player/Shake (76561199035738472) has executed command "i 59430"
[2023-03-25 09:47:30 INF][RocketMod] Giving Shake item 59430:1
[2023-03-25 09:47:32 INF][SDG.Unturned] [Area] Shake [Shake]: "/i 59340"
[2023-03-25 09:47:32 INF][OpenMod.Core.Commands.CommandExecutor] Actor player/Shake (76561199035738472) has executed command "i 59340"
[2023-03-25 09:47:32 INF][RocketMod] Giving Shake item 59340:1
[2023-03-25 09:47:54 INF][SDG.Unturned] [Group] Shake [Shake]: "/i 59128"
[2023-03-25 09:47:54 INF][OpenMod.Core.Commands.CommandExecutor] Actor player/Shake (76561199035738472) has executed command "i 59128"
[2023-03-25 09:47:54 INF][RocketMod] Giving Shake item 59128:1
[2023-03-25 09:48:01 INF][SDG.Unturned] [Group] Shake [Shake]: "/i 59127"
[2023-03-25 09:48:01 INF][OpenMod.Core.Commands.CommandExecutor] Actor player/Shake (76561199035738472) has executed command "i 59127"
[2023-03-25 09:48:01 INF][RocketMod] Giving Shake item 59127:1
[2023-03-25 09:48:14 INF][SDG.Unturned] [Group] Shake [Shake]: "/i boonie"
[2023-03-25 09:48:14 INF][OpenMod.Core.Commands.CommandExecutor] Actor player/Shake (76561199035738472) has executed command "i boonie"
[2023-03-25 09:48:14 INF][RocketMod] Giving Shake item 59161:1
[2023-03-25 09:48:27 INF][SDG.Unturned] [Group] Shake [Shake]: "/i 59127"
[2023-03-25 09:48:27 INF][OpenMod.Core.Commands.CommandExecutor] Actor player/Shake (76561199035738472) has executed command "i 59127"
[2023-03-25 09:48:27 INF][RocketMod] Giving Shake item 59127:1
[2023-03-25 09:48:48 INF][SDG.Unturned] [Group] Shake [Shake]: "/i "ands mol""
[2023-03-25 09:48:48 INF][OpenMod.Core.Commands.CommandExecutor] Actor player/Shake (76561199035738472) has executed command "i ands mol"
[2023-03-25 09:48:48 INF][RocketMod] Giving Shake item 30718:1
[2023-03-25 09:49:06 INF][SDG.Unturned] [Group] Shake [Shake]: "/i "choco""
[2023-03-25 09:49:06 INF][OpenMod.Core.Commands.CommandExecutor] Actor player/Shake (76561199035738472) has executed command "i choco"
[2023-03-25 09:49:06 INF][RocketMod] Giving Shake item 59630:1
[2023-03-25 09:49:14 INF][SDG.Unturned] [Group] Shake [Shake]: "/i "late assau""
[2023-03-25 09:49:14 INF][OpenMod.Core.Commands.CommandExecutor] Actor player/Shake (76561199035738472) has executed command "i late assau"
[2023-03-25 09:49:14 INF][RocketMod] Giving Shake item 30991:1
[2023-03-25 09:49:23 INF][SDG.Unturned] [Area] Shake [Shake]: "/i "late assau""
[2023-03-25 09:49:23 INF][OpenMod.Core.Commands.CommandExecutor] Actor player/Shake (76561199035738472) has executed command "i late assau"
[2023-03-25 09:49:23 INF][RocketMod] Giving Shake item 30991:1
[2023-03-25 09:49:34 INF][SDG.Unturned] [Group] Shake [Shake]: "/i boonie"
[2023-03-25 09:49:34 INF][OpenMod.Core.Commands.CommandExecutor] Actor player/Shake (76561199035738472) has executed command "i boonie"
[2023-03-25 09:49:34 INF][RocketMod] Giving Shake item 59161:1
[2023-03-25 09:49:57 INF][SDG.Unturned] [Group] Shake [Shake]: "/i "ands mol""
[2023-03-25 09:49:57 INF][OpenMod.Core.Commands.CommandExecutor] Actor player/Shake (76561199035738472) has executed command "i ands mol"
[2023-03-25 09:49:57 INF][RocketMod] Giving Shake item 30718:1
[2023-03-25 09:51:05 INF][SDG.Unturned] [Group] Shake [Shake]: "/i 59672"
[2023-03-25 09:51:05 INF][OpenMod.Core.Commands.CommandExecutor] Actor player/Shake (76561199035738472) has executed command "i 59672"
[2023-03-25 09:51:05 INF][RocketMod] Giving Shake item 59672:1
[2023-03-25 09:51:17 INF][SDG.Unturned] [Group] Shake [Shake]: "/i 59671"
[2023-03-25 09:51:17 INF][OpenMod.Core.Commands.CommandExecutor] Actor player/Shake (76561199035738472) has executed command "i 59671"
[2023-03-25 09:51:17 INF][RocketMod] Giving Shake item 59671:1
[2023-03-25 09:51:39 INF][SDG.Unturned] [Group] Shake [Shake]: "/i 59117"
[2023-03-25 09:51:39 INF][OpenMod.Core.Commands.CommandExecutor] Actor player/Shake (76561199035738472) has executed command "i 59117"
[2023-03-25 09:51:39 INF][RocketMod] Giving Shake item 59117:1
[2023-03-25 09:52:07 INF][SDG.Unturned] [Group] Shake [Shake]: "/i pmc"
[2023-03-25 09:52:07 INF][OpenMod.Core.Commands.CommandExecutor] Actor player/Shake (76561199035738472) has executed command "i pmc"
[2023-03-25 09:52:07 INF][RocketMod] Giving Shake item 59337:1
[2023-03-25 09:52:25 INF][SDG.Unturned] [Group] Shake [Shake]: "/i 16652"
[2023-03-25 09:52:25 INF][OpenMod.Core.Commands.CommandExecutor] Actor player/Shake (76561199035738472) has executed command "i 16652"
[2023-03-25 09:52:25 INF][RocketMod] Giving Shake item 16652:1
[2023-03-25 09:56:38 INF][SDG.Unturned] [Group] Shake [Shake]: "/heal"
[2023-03-25 09:56:38 INF][OpenMod.Core.Commands.CommandExecutor] Actor player/Shake (76561199035738472) has executed command "heal"
[2023-03-25 09:56:40 INF][SDG.Unturned] Disconnecting: PlayerID: 76561199035738472 Name: Shake Character: Shake
[2023-03-25 09:56:40 INF][SDG.Unturned] BattlEye Server: Player #0 Shake disconnected
[2023-03-25 10:00:13 ERR][SDG.Unturned] Failed to respawn an item with ID 31368 from type Military_High_Peaks [3]
[2023-03-25 10:00:20 ERR][SDG.Unturned] Failed to respawn an item with ID 31368 from type Coalition_High_Peaks [29]
[2023-03-25 10:00:40 ERR][SDG.Unturned] Failed to respawn an item with ID 31368 from type Military_High_Peaks [3]
[2023-03-25 10:03:11 INF][RocketMod] Saving server
[2023-03-25 10:03:11 INF][RocketMod] MoreHomes >> 3 player homes data has been saved!
[2023-03-25 10:15:10 ERR][SDG.Unturned] Failed to respawn an item with ID 31368 from type Military_High_Peaks [3]
[2023-03-25 10:20:13 ERR][SDG.Unturned] Failed to respawn an item with ID 31368 from type Military_High_Peaks [3]
[2023-03-25 10:33:11 INF][RocketMod] Saving server
[2023-03-25 10:33:11 INF][RocketMod] MoreHomes >> 3 player homes data has been saved!
[2023-03-25 10:35:10 ERR][SDG.Unturned] Failed to respawn an item with ID 31368 from type Military_High_Peaks [3]
[2023-03-25 10:40:20 ERR][SDG.Unturned] Failed to respawn an item with ID 31368 from type Coalition_Low_Peaks [28]
[2023-03-25 11:03:11 INF][RocketMod] Saving server
[2023-03-25 11:03:11 INF][RocketMod] MoreHomes >> 3 player homes data has been saved!
[2023-03-25 11:15:10 ERR][SDG.Unturned] Failed to respawn an item with ID 31368 from type Military_High_Peaks [3]
[2023-03-25 11:18:48 INF][OpenMod.Core.Commands.CommandExecutor] Actor console/Console has executed command "shutdown"
[2023-03-25 11:18:48 INF][OpenMod.Core.Console.ConsoleActor] Shutting down...
[2023-03-25 11:18:49 INF][RocketMod] MoreHomes >> 3 player homes data has been saved!
[2023-03-25 11:18:49 INF][RocketMod] MoreHomes >> 3 player homes data has been saved!
[2023-03-25 11:18:50 INF][OpenMod.Runtime.Runtime] OpenMod is shutting down...
[2023-03-25 11:18:50 INF][OpenMod.Core.Plugins.PluginActivator] Unloading all plugins...
[2023-03-25 11:18:50 INF][OpenMod.Core.Plugins.PluginActivator] > 0 plugins unloaded
